<?xml version="1.0" encoding="UTF-8" ?>
<testsuite errors="0" failures="0" hostname="DESKTOP-AL6TQSJ" name="net.sf.freecol.AllTests" skipped="0" tests="430" time="21.31" timestamp="2018-04-28T03:58:56">
  <properties>
    <property name="file.encoding.pkg" value="sun.io" />
    <property name="env.PROMPT" value="$P$G" />
    <property name="java.home" value="C:\Program Files\Java\jdk1.8.0_91\jre" />
    <property name="java.awt.headless" value="true" />
    <property name="java.endorsed.dirs" value="C:\Program Files\Java\jdk1.8.0_91\jre\lib\endorsed" />
    <property name="env.USERNAME" value="user" />
    <property name="freecol.packaging.dir" value="C:\Users\user\Downloads\FreeCol-master\FreeCol/packaging" />
    <property name="sun.os.patch.level" value="" />
    <property name="test" value="AllTests" />
    <property name="java.vendor.url" value="http://java.oracle.com/" />
    <property name="env.COMPUTERNAME" value="DESKTOP-AL6TQSJ" />
    <property name="env.=C:" value="C:\Users\user\Downloads\FreeCol-master\FreeCol" />
    <property name="env.ProgramFiles(x86)" value="C:\Program Files (x86)" />
    <property name="java.version" value="1.8.0_91" />
    <property name="sun.stdout.encoding" value="cp437" />
    <property name="java.vendor.url.bug" value="http://bugreport.sun.com/bugreport/" />
    <property name="env.USERPROFILE" value="C:\Users\user" />
    <property name="ant.project.invoked-targets" value="testall" />
    <property name="env.SystemRoot" value="C:\WINDOWS" />
    <property name="user.name" value="user" />
    <property name="sun.io.unicode.encoding" value="UnicodeLittle" />
    <property name="sun.jnu.encoding" value="Cp1252" />
    <property name="java.runtime.name" value="Java(TM) SE Runtime Environment" />
    <property name="env.LOCALAPPDATA" value="C:\Users\user\AppData\Local" />
    <property name="isOsWindows" value="true" />
    <property name="java.specification.name" value="Java Platform API Specification" />
    <property name="user.timezone" value="" />
    <property name="env.RegionCode" value="NA" />
    <property name="user.script" value="" />
    <property name="path.separator" value=";" />
    <property name="env.PROCESSOR_IDENTIFIER" value="Intel64 Family 6 Model 61 Stepping 4, GenuineIntel" />
    <property name="env._JAVACMD" value="C:\Program Files\Java\jdk1.8.0_91\bin\java.exe" />
    <property name="file.encoding" value="Cp1252" />
    <property name="ant.project.default-target" value="package" />
    <property name="sun.java.command" value="org.apache.tools.ant.taskdefs.optional.junit.JUnitTestRunner net.sf.freecol.AllTests skipNonTests=false filtertrace=true haltOnError=false haltOnFailure=false formatter=org.apache.tools.ant.taskdefs.optional.junit.SummaryJUnitResultFormatter showoutput=false outputtoformatters=true logfailedtests=true threadid=0 logtestlistenerevents=false formatter=org.apache.tools.ant.taskdefs.optional.junit.XMLJUnitResultFormatter,C:\Users\user\Downloads\FreeCol-master\FreeCol\build\report\xml\TEST-net.sf.freecol.AllTests.xml crashfile=C:\Users\user\Downloads\FreeCol-master\FreeCol\junitvmwatcher4419395659720263155.properties propsfile=C:\Users\user\Downloads\FreeCol-master\FreeCol\junit854838604330016722.properties" />
    <property name="env.NUMBER_OF_PROCESSORS" value="4" />
    <property name="env.APPDATA" value="C:\Users\user\AppData\Roaming" />
    <property name="ant.file" value="C:\Users\user\Downloads\FreeCol-master\FreeCol\build.xml" />
    <property name="env.Platform" value="MCD" />
    <property name="ant.file.FreeCol" value="C:\Users\user\Downloads\FreeCol-master\FreeCol\build.xml" />
    <property name="env.FSHARPINSTALLDIR" value="C:\Program Files (x86)\Microsoft SDKs\F#\4.1\Framework\v4.0\" />
    <property name="java.io.tmpdir" value="C:\Users\user\AppData\Local\Temp\" />
    <property name="freecol.overview.file" value="C:\Users\user\Downloads\FreeCol-master\FreeCol/src/overview.html" />
    <property name="TODAY" value="April 27 2018" />
    <property name="user.language" value="en" />
    <property name="env.SystemDrive" value="C:" />
    <property name="line.separator" value="&#xd;&#xa;" />
    <property name="ant.file.type" value="file" />
    <property name="ant.file.type.FreeCol" value="file" />
    <property name="java.target.version" value="1.8" />
    <property name="java.vm.info" value="mixed mode" />
    <property name="sun.desktop" value="windows" />
    <property name="java.vm.specification.name" value="Java Virtual Machine Specification" />
    <property name="freecol.release.dir" value="C:\Users\user\Downloads\FreeCol-master\FreeCol/dist" />
    <property name="env.PATHEXT" value=".COM;.EXE;.BAT;.CMD;.VBS;.VBE;.JS;.JSE;.WSF;.WSH;.MSC;.CPL" />
    <property name="env.USERDOMAIN_ROAMINGPROFILE" value="DESKTOP-AL6TQSJ" />
    <property name="freecol.data.dir" value="C:\Users\user\Downloads\FreeCol-master\FreeCol/data" />
    <property name="env.LOGONSERVER" value="\\DESKTOP-AL6TQSJ" />
    <property name="java.awt.printerjob" value="sun.awt.windows.WPrinterJob" />
    <property name="env.PUBLIC" value="C:\Users\Public" />
    <property name="freecol.jar.file" value="C:\Users\user\Downloads\FreeCol-master\FreeCol/FreeCol.jar" />
    <property name="ant.version" value="Apache Ant(TM) version 1.9.11 compiled on March 23 2018" />
    <property name="env.USERDOMAIN" value="DESKTOP-AL6TQSJ" />
    <property name="freecol.metaserver.jar.file" value="C:\Users\user\Downloads\FreeCol-master\FreeCol/FreeCol-metaserver.jar" />
    <property name="env.VBOX_MSI_INSTALL_PATH" value="C:\Program Files\Oracle\VirtualBox\" />
    <property name="env.PROCESSOR_LEVEL" value="6" />
    <property name="env.windir" value="C:\WINDOWS" />
    <property name="env.CommonProgramFiles(x86)" value="C:\Program Files (x86)\Common Files" />
    <property name="miglayout-swing.jar" value="jars/miglayout-swing-4.2.jar" />
    <property name="os.name" value="Windows 10" />
    <property name="java.specification.vendor" value="Oracle Corporation" />
    <property name="env.TMP" value="C:\Users\user\AppData\Local\Temp" />
    <property name="java.vm.name" value="Java HotSpot(TM) 64-Bit Server VM" />
    <property name="env.ProgramData" value="C:\ProgramData" />
    <property name="freecol.doc.dir" value="C:\Users\user\Downloads\FreeCol-master\FreeCol/doc" />
    <property name="env.OS" value="Windows_NT" />
    <property name="java.library.path" value="C:\Program Files\Java\jdk1.8.0_91\jre\bin;C:\WINDOWS\Sun\Java\bin;C:\WINDOWS\system32;C:\WINDOWS;C:\Users\user\Downloads\apache-ant-1.9.11-bin\apache-ant-1.9.11\bin;C:\Users\user\AppData\Local\Programs\Python\Python36\Scripts\;C:\Users\user\AppData\Local\Programs\Python\Python36\;C:\Users\user\AppData\Local\Microsoft\WindowsApps;C:\Users\user\AppData\Local\Microsoft\WindowsApps;C:\Program Files (x86)\Java\jre1.8.0_151\bin;." />
    <property name="env.PATH" value="C:\Users\user\Downloads\apache-ant-1.9.11-bin\apache-ant-1.9.11\bin;C:\Users\user\AppData\Local\Programs\Python\Python36\Scripts\;C:\Users\user\AppData\Local\Programs\Python\Python36\;C:\Users\user\AppData\Local\Microsoft\WindowsApps;C:\Users\user\AppData\Local\Microsoft\WindowsApps;C:\Program Files (x86)\Java\jre1.8.0_151\bin" />
    <property name="ant.java.version" value="1.8" />
    <property name="env.platformcode" value="7S" />
    <property name="basedir" value="C:\Users\user\Downloads\FreeCol-master\FreeCol" />
    <property name="java.class.version" value="52.0" />
    <property name="ant.home" value="C:\Users\user\Downloads\apache-ant-1.9.11-bin\apache-ant-1.9.11" />
    <property name="freecol.build.dir" value="C:\Users\user\Downloads\FreeCol-master\FreeCol/build" />
    <property name="env.HOMEDRIVE" value="C:" />
    <property name="sun.boot.library.path" value="C:\Program Files\Java\jdk1.8.0_91\jre\bin" />
    <property name="env.PROCESSOR_REVISION" value="3d04" />
    <property name="sun.management.compiler" value="HotSpot 64-Bit Tiered Compilers" />
    <property name="java.awt.graphicsenv" value="sun.awt.Win32GraphicsEnvironment" />
    <property name="user.variant" value="" />
    <property name="env.asl.log" value="Destination=file" />
    <property name="ant.project.name" value="FreeCol" />
    <property name="java.vm.specification.version" value="1.8" />
    <property name="freecol.name" value="freecol" />
    <property name="env.%PATH%" value="C:\Users\user\Downloads\apache-ant-1.9.11-bin\apache-ant-1.9.11\bin" />
    <property name="awt.toolkit" value="sun.awt.windows.WToolkit" />
    <property name="sun.cpu.isalist" value="amd64" />
    <property name="sun.stderr.encoding" value="cp437" />
    <property name="env.PANGO_WIN32_NO_UNISCRIBE" value="anything" />
    <property name="java.ext.dirs" value="C:\Program Files\Java\jdk1.8.0_91\jre\lib\ext;C:\WINDOWS\Sun\Java\lib\ext" />
    <property name="os.version" value="10.0" />
    <property name="user.home" value="C:\Users\user" />
    <property name="java.vm.vendor" value="Oracle Corporation" />
    <property name="env.CommonProgramW6432" value="C:\Program Files\Common Files" />
    <property name="miglayout-core.jar" value="jars/miglayout-core-4.2.jar" />
    <property name="freecol.rules.dir" value="C:\Users\user\Downloads\FreeCol-master\FreeCol/data/rules" />
    <property name="env.JAVA_HOME" value="C:\Program Files\Java\jdk1.8.0_91" />
    <property name="env.ProgramW6432" value="C:\Program Files" />
    <property name="user.dir" value="C:\Users\user\Downloads\FreeCol-master\FreeCol" />
    <property name="env.OnlineServices" value="Online Services" />
    <property name="sun.cpu.endian" value="little" />
    <property name="env._USE_CLASSPATH" value="no" />
    <property name="env.ALLUSERSPROFILE" value="C:\ProgramData" />
    <property name="cli.jar" value="jars/commons-cli-1.1.jar" />
    <property name="env.PROCESSOR_ARCHITECTURE" value="AMD64" />
    <property name="java.vm.version" value="25.91-b15" />
    <property name="java.class.path" value="C:\Users\user\Downloads\FreeCol-master\FreeCol\build;C:\Users\user\Downloads\FreeCol-master\FreeCol\test\lib\junit.jar;C:\Users\user\Downloads\FreeCol-master\FreeCol\jars\miglayout-swing-4.2.jar;C:\Users\user\Downloads\FreeCol-master\FreeCol\jars\miglayout-core-4.2.jar;C:\Users\user\Downloads\FreeCol-master\FreeCol\jars\commons-cli-1.1.jar;C:\Users\user\Downloads\FreeCol-master\FreeCol\jars\cortado-0.6.0.jar;C:\Users\user\Downloads\FreeCol-master\FreeCol\jars\jogg-0.0.17.jar;C:\Users\user\Downloads\FreeCol-master\FreeCol\jars\jorbis-0.0.17.jar;C:\Users\user\Downloads\apache-ant-1.9.11-bin\apache-ant-1.9.11\lib\ant-launcher.jar;C:\Users\user\Downloads\apache-ant-1.9.11-bin\apache-ant-1.9.11\lib\ant.jar;C:\Users\user\Downloads\apache-ant-1.9.11-bin\apache-ant-1.9.11\lib\ant-junit.jar;C:\Users\user\Downloads\apache-ant-1.9.11-bin\apache-ant-1.9.11\lib\ant-junit4.jar" />
    <property name="env.HOMEPATH" value="\Users\user" />
    <property name="DSTAMP" value="20180427" />
    <property name="ant.library.dir" value="C:\Users\user\Downloads\apache-ant-1.9.11-bin\apache-ant-1.9.11\lib" />
    <property name="os.arch" value="amd64" />
    <property name="env.MINITAB_LICENSE_FILE" value="C:\Program Files (x86)\Minitab\Minitab 17" />
    <property name="cortado.jar" value="jars/cortado-0.6.0.jar" />
    <property name="env.OneDrive" value="C:\Users\user\OneDrive" />
    <property name="env.SESSIONNAME" value="Console" />
    <property name="sun.java.launcher" value="SUN_STANDARD" />
    <property name="env.CommonProgramFiles" value="C:\Program Files\Common Files" />
    <property name="ant.core.lib" value="C:\Users\user\Downloads\apache-ant-1.9.11-bin\apache-ant-1.9.11\lib\ant.jar" />
    <property name="env.ProgramFiles" value="C:\Program Files" />
    <property name="java.vm.specification.vendor" value="Oracle Corporation" />
    <property name="TSTAMP" value="2358" />
    <property name="file.separator" value="\" />
    <property name="env.UOIPME_REG_PATH" value="C:\Program Files\Intel Corporation\USB over IP" />
    <property name="env.ANT_CMD_LINE_ARGS" value=" testall" />
    <property name="java.runtime.version" value="1.8.0_91-b15" />
    <property name="sun.boot.class.path" value="C:\Program Files\Java\jdk1.8.0_91\jre\lib\resources.jar;C:\Program Files\Java\jdk1.8.0_91\jre\lib\rt.jar;C:\Program Files\Java\jdk1.8.0_91\jre\lib\sunrsasign.jar;C:\Program Files\Java\jdk1.8.0_91\jre\lib\jsse.jar;C:\Program Files\Java\jdk1.8.0_91\jre\lib\jce.jar;C:\Program Files\Java\jdk1.8.0_91\jre\lib\charsets.jar;C:\Program Files\Java\jdk1.8.0_91\jre\lib\jfr.jar;C:\Program Files\Java\jdk1.8.0_91\jre\classes" />
    <property name="env.ComSpec" value="C:\WINDOWS\system32\cmd.exe" />
    <property name="env.TEMP" value="C:\Users\user\AppData\Local\Temp" />
    <property name="env.ANT_HOME" value="C:\Users\user\Downloads\apache-ant-1.9.11-bin\apache-ant-1.9.11" />
    <property name="user.country" value="US" />
    <property name="freecol.javadoc.dir" value="C:\Users\user\Downloads\FreeCol-master\FreeCol/doc/javadoc" />
    <property name="java.vendor" value="Oracle Corporation" />
    <property name="env.PSModulePath" value="C:\Users\user\Documents\WindowsPowerShell\Modules;C:\Program Files\WindowsPowerShell\Modules;C:\WINDOWS\system32\WindowsPowerShell\v1.0\Modules\" />
    <property name="freecol.src.dir" value="C:\Users\user\Downloads\FreeCol-master\FreeCol/src" />
    <property name="java.specification.version" value="1.8" />
    <property name="sun.arch.data.model" value="64" />
  </properties>
  <testcase classname="net.sf.freecol.common.i18n.CLDRTest" name="testRuleParsing" time="0.065" />
  <testcase classname="net.sf.freecol.common.i18n.CLDRTest" name="testPlurals" time="0.004" />
  <testcase classname="net.sf.freecol.common.i18n.MessagesTest" name="testReplaceArbitraryTag" time="0.048" />
  <testcase classname="net.sf.freecol.common.i18n.MessagesTest" name="testReplaceNumber" time="0.028" />
  <testcase classname="net.sf.freecol.common.i18n.MessagesTest" name="testReplaceChoicesGrammar" time="0.019" />
  <testcase classname="net.sf.freecol.common.i18n.MessagesTest" name="testMessageWithSpecialChars" time="0.023" />
  <testcase classname="net.sf.freecol.common.i18n.MessagesTest" name="testReplaceGarbage" time="0.026" />
  <testcase classname="net.sf.freecol.common.i18n.MessagesTest" name="testAbstractUnitDescription" time="0.011" />
  <testcase classname="net.sf.freecol.common.i18n.MessagesTest" name="testChangeLocaleSettings" time="0.076" />
  <testcase classname="net.sf.freecol.common.i18n.MessagesTest" name="testMessageString" time="0.011" />
  <testcase classname="net.sf.freecol.common.i18n.MessagesTest" name="testNestedChoices" time="0.007" />
  <testcase classname="net.sf.freecol.common.i18n.MessagesTest" name="testStringTemplates" time="0.2" />
  <testcase classname="net.sf.freecol.common.i18n.MessagesTest" name="testReplaceChoicesPlural" time="0.016" />
  <testcase classname="net.sf.freecol.common.i18n.MessagesTest" name="testUnitDescription" time="0.016" />
  <testcase classname="net.sf.freecol.common.i18n.MessagesTest" name="testREFMessages" time="0.015" />
  <testcase classname="net.sf.freecol.common.io.ModTest" name="testGetRuleSets" time="0.0" />
  <testcase classname="net.sf.freecol.common.io.ModTest" name="testGetAllMods" time="0.034" />
  <testcase classname="net.sf.freecol.common.option.OptionTest" name="testGameOptions" time="0.001" />
  <testcase classname="net.sf.freecol.common.option.OptionTest" name="testUnitListOption" time="0.0" />
  <testcase classname="net.sf.freecol.common.option.OptionTest" name="testInheritsEditable" time="0.001" />
  <testcase classname="net.sf.freecol.common.option.OptionTest" name="testCloneIntegerOption" time="0.0" />
  <testcase classname="net.sf.freecol.common.model.SpecificationTest" name="testExtendsDelete" time="0.063" />
  <testcase classname="net.sf.freecol.common.model.SpecificationTest" name="testLoadMods" time="0.038" />
  <testcase classname="net.sf.freecol.common.model.SpecificationTest" name="testExtends" time="0.062" />
  <testcase classname="net.sf.freecol.common.model.SpecificationTest" name="testModifiers" time="0.0" />
  <testcase classname="net.sf.freecol.common.model.SpecificationTest" name="testLoad" time="0.022" />
  <testcase classname="net.sf.freecol.common.model.SpecificationTest" name="testNationTypes" time="0.0" />
  <testcase classname="net.sf.freecol.common.model.SpecificationTest" name="testGetDefaultUnitType" time="0.015" />
  <testcase classname="net.sf.freecol.common.model.SpecificationTest" name="testGoodsTypes" time="0.0" />
  <testcase classname="net.sf.freecol.common.model.SpecificationTest" name="testFoundingFathers" time="0.0" />
  <testcase classname="net.sf.freecol.common.model.SpecificationTest" name="testRequiredAbilitiesForRoles" time="0.0" />
  <testcase classname="net.sf.freecol.common.model.SpecificationTest" name="testNations" time="0.0" />
  <testcase classname="net.sf.freecol.common.model.SpecificationTest" name="testUnitAbilities" time="0.0" />
  <testcase classname="net.sf.freecol.common.model.BaseCostDeciderTest" name="testNavalUnitMoveToTileWithSettlement" time="0.031" />
  <testcase classname="net.sf.freecol.common.model.BaseCostDeciderTest" name="testInvalidMoveThroughTileWithSettlement" time="0.0" />
  <testcase classname="net.sf.freecol.common.model.BaseCostDeciderTest" name="testGetRemainingMovesAndNewTurn" time="0.0" />
  <testcase classname="net.sf.freecol.common.model.BaseCostDeciderTest" name="testGetCostLandLand" time="0.0" />
  <testcase classname="net.sf.freecol.common.model.BaseCostDeciderTest" name="testInvalidMoveOfLandUnitToAnOceanTile" time="0.003" />
  <testcase classname="net.sf.freecol.common.model.BaseCostDeciderTest" name="testInvalidMoveOfNavalUnitToALandTile" time="0.001" />
  <testcase classname="net.sf.freecol.common.model.BuildingTest" name="testStockade" time="0.016" />
  <testcase classname="net.sf.freecol.common.model.BuildingTest" name="testCottonClothProduction" time="0.015" />
  <testcase classname="net.sf.freecol.common.model.BuildingTest" name="testPasture" time="0.016" />
  <testcase classname="net.sf.freecol.common.model.BuildingTest" name="testCanBuildNext" time="0.015" />
  <testcase classname="net.sf.freecol.common.model.BuildingTest" name="testFortRequiresMinimumPopulation" time="0.016" />
  <testcase classname="net.sf.freecol.common.model.BuildingTest" name="testUnitProduction" time="0.022" />
  <testcase classname="net.sf.freecol.common.model.BuildingTest" name="testPrintingPressBonus" time="0.016" />
  <testcase classname="net.sf.freecol.common.model.BuildingTest" name="testCanAddToBuilding" time="0.031" />
  <testcase classname="net.sf.freecol.common.model.BuildingTest" name="testToolsMusketProduction" time="0.016" />
  <testcase classname="net.sf.freecol.common.model.BuildingTest" name="testFortressRequiresMinimumPopulation" time="0.0" />
  <testcase classname="net.sf.freecol.common.model.BuildingTest" name="testSerialize" time="0.022" />
  <testcase classname="net.sf.freecol.common.model.BuildingTest" name="testTownhallProduction" time="0.016" />
  <testcase classname="net.sf.freecol.common.model.BuildingTest" name="testChurch" time="0.031" />
  <testcase classname="net.sf.freecol.common.model.BuildingTest" name="testInitialColony" time="0.016" />
  <testcase classname="net.sf.freecol.common.model.BuildingTest" name="testStockadeRequiresMinimumPopulation" time="0.0" />
  <testcase classname="net.sf.freecol.common.model.BuildingTest" name="testNewspaperBonus" time="0.0" />
  <testcase classname="net.sf.freecol.common.model.BuildingTest" name="testCanAddToSchool" time="0.023" />
  <testcase classname="net.sf.freecol.common.model.ColonyTest" name="testCopyColony" time="0.015" />
  <testcase classname="net.sf.freecol.common.model.ColonyTest" name="testFoundColony" time="0.016" />
  <testcase classname="net.sf.freecol.common.model.ColonyTest" name="testTeaParty" time="0.016" />
  <testcase classname="net.sf.freecol.common.model.ColonyTest" name="testAddUnitToColony" time="0.015" />
  <testcase classname="net.sf.freecol.common.model.ColonyTest" name="testCurrentlyBuilding" time="0.0" />
  <testcase classname="net.sf.freecol.common.model.ColonyTest" name="testBuildQueueDoesNotAcceptBuildingDoubles" time="0.016" />
  <testcase classname="net.sf.freecol.common.model.ColonyTest" name="testBuildQueueAcceptsUnitDoubles" time="0.0" />
  <testcase classname="net.sf.freecol.common.model.ColonyTest" name="testUpkeep" time="0.003" />
  <testcase classname="net.sf.freecol.common.model.ColonyTest" name="testUnderSiege" time="0.016" />
  <testcase classname="net.sf.freecol.common.model.ColonyTest" name="testOccupationWithFood" time="0.0" />
  <testcase classname="net.sf.freecol.common.model.ColonyProductionTest" name="testNoHorsesOverProduction" time="0.0" />
  <testcase classname="net.sf.freecol.common.model.ColonyProductionTest" name="testBellNetProduction" time="0.0" />
  <testcase classname="net.sf.freecol.common.model.ColonyProductionTest" name="testProductionMap" time="0.0" />
  <testcase classname="net.sf.freecol.common.model.ColonyProductionTest" name="testProductionSoldier" time="0.0" />
  <testcase classname="net.sf.freecol.common.model.ColonyProductionTest" name="testConsumers" time="0.0" />
  <testcase classname="net.sf.freecol.common.model.ColonyProductionTest" name="testProductionPioneer" time="0.016" />
  <testcase classname="net.sf.freecol.common.model.ColonyProductionTest" name="testProduction" time="0.0" />
  <testcase classname="net.sf.freecol.common.model.ColonyProductionTest" name="testGetPotentialProduction" time="0.015" />
  <testcase classname="net.sf.freecol.common.model.CombatTest" name="testCaptureConvert" time="0.354" />
  <testcase classname="net.sf.freecol.common.model.CombatTest" name="testGalleonAttackedByPrivateer" time="0.016" />
  <testcase classname="net.sf.freecol.common.model.CombatTest" name="testDefendColonyWithUnarmedColonist" time="0.0" />
  <testcase classname="net.sf.freecol.common.model.CombatTest" name="testRegulars" time="0.169" />
  <testcase classname="net.sf.freecol.common.model.CombatTest" name="testSpanishAgainstNatives" time="0.0" />
  <testcase classname="net.sf.freecol.common.model.CombatTest" name="testColonistAttackedByVeteran" time="0.0" />
  <testcase classname="net.sf.freecol.common.model.CombatTest" name="testAttackIgnoresMovementPoints" time="0.016" />
  <testcase classname="net.sf.freecol.common.model.CombatTest" name="testAttackShipWithLandUnit" time="0.0" />
  <testcase classname="net.sf.freecol.common.model.CombatTest" name="testDefendColonyWithRevere" time="0.0" />
  <testcase classname="net.sf.freecol.common.model.CombatTest" name="testDefendSettlement" time="0.0" />
  <testcase classname="net.sf.freecol.common.model.DisasterTest" name="testDisastersPresent" time="0.0" />
  <testcase classname="net.sf.freecol.common.model.EuropeTest" name="testMissionary" time="0.0" />
  <testcase classname="net.sf.freecol.common.model.FoundingFatherTest" name="testAddAllFathers" time="0.016" />
  <testcase classname="net.sf.freecol.common.model.FoundingFatherTest" name="testAvailableTo" time="0.0" />
  <testcase classname="net.sf.freecol.common.model.FoundingFatherTest" name="testFeatures" time="0.0" />
  <testcase classname="net.sf.freecol.common.model.FoundingFatherTest" name="testBellsRequired" time="0.001" />
  <testcase classname="net.sf.freecol.common.model.GameTest" name="testGame" time="0.001" />
  <testcase classname="net.sf.freecol.common.model.GameTest" name="testTurn" time="0.0" />
  <testcase classname="net.sf.freecol.common.model.GameTest" name="testAddPlayer" time="0.001" />
  <testcase classname="net.sf.freecol.common.model.GoodsTest" name="testGetTakeSpace" time="0.001" />
  <testcase classname="net.sf.freecol.common.model.GoodsTest" name="testGetInputType" time="0.0" />
  <testcase classname="net.sf.freecol.common.model.GoodsTest" name="testSetGetAmount" time="0.002" />
  <testcase classname="net.sf.freecol.common.model.GoodsTest" name="testGoodsGameLocationIntInt" time="0.007" />
  <testcase classname="net.sf.freecol.common.model.GoodsTest" name="testToString" time="0.01" />
  <testcase classname="net.sf.freecol.common.model.GoodsTest" name="testBuildingMaterials" time="0.001" />
  <testcase classname="net.sf.freecol.common.model.GoodsTest" name="testIsFarmedGoods" time="0.0" />
  <testcase classname="net.sf.freecol.common.model.GoodsTest" name="testGetName" time="0.001" />
  <testcase classname="net.sf.freecol.common.model.GoodsTest" name="testSerialize" time="0.022" />
  <testcase classname="net.sf.freecol.common.model.GoodsTest" name="testGetOutputType" time="0.0" />
  <testcase classname="net.sf.freecol.common.model.GoodsTest" name="testMilitaryGoods" time="0.0" />
  <testcase classname="net.sf.freecol.common.model.GoodsTest" name="testTradeGoods" time="0.0" />
  <testcase classname="net.sf.freecol.common.model.GoodsTest" name="testProductionChain" time="0.0" />
  <testcase classname="net.sf.freecol.common.model.GoodsTest" name="testAdjustAmount" time="0.0" />
  <testcase classname="net.sf.freecol.common.model.GoodsTest" name="testSetOwner" time="0.0" />
  <testcase classname="net.sf.freecol.common.model.GoodsContainerTest" name="testContainer" time="0.0" />
  <testcase classname="net.sf.freecol.common.model.IndianSettlementTest" name="testAutomaticEquipBraves" time="0.0" />
  <testcase classname="net.sf.freecol.common.model.IndianSettlementTest" name="testSettlementDoesNotOwnWaterTiles" time="0.016" />
  <testcase classname="net.sf.freecol.common.model.IndianSettlementTest" name="testTradeGoodsWithSetlement" time="0.0" />
  <testcase classname="net.sf.freecol.common.model.IndividualFatherTest" name="testPaine" time="0.016" />
  <testcase classname="net.sf.freecol.common.model.IndividualFatherTest" name="testBolivar" time="0.0" />
  <testcase classname="net.sf.freecol.common.model.IndividualFatherTest" name="testBrebeuf" time="0.015" />
  <testcase classname="net.sf.freecol.common.model.IndividualFatherTest" name="testStuyvesant" time="0.0" />
  <testcase classname="net.sf.freecol.common.model.IndividualFatherTest" name="testBrewster" time="0.016" />
  <testcase classname="net.sf.freecol.common.model.IndividualFatherTest" name="testCortes" time="0.0" />
  <testcase classname="net.sf.freecol.common.model.IndividualFatherTest" name="testDeWitt" time="0.002" />
  <testcase classname="net.sf.freecol.common.model.IndividualFatherTest" name="testJefferson" time="0.002" />
  <testcase classname="net.sf.freecol.common.model.IndividualFatherTest" name="testMinuit" time="0.0" />
  <testcase classname="net.sf.freecol.common.model.IndividualFatherTest" name="testRevere" time="0.0" />
  <testcase classname="net.sf.freecol.common.model.IndividualFatherTest" name="testDeLasCasas" time="0.0" />
  <testcase classname="net.sf.freecol.common.model.LimitTest" name="testSuccessionLimits" time="0.0" />
  <testcase classname="net.sf.freecol.common.model.LimitTest" name="testWagonTrainLimit" time="0.0" />
  <testcase classname="net.sf.freecol.common.model.LimitTest" name="testOperand" time="0.0" />
  <testcase classname="net.sf.freecol.common.model.LimitTest" name="testIndependenceLimits" time="0.0" />
  <testcase classname="net.sf.freecol.common.model.MapTest" name="testSearchForColony" time="0.031" />
  <testcase classname="net.sf.freecol.common.model.MapTest" name="testCopy" time="0.0" />
  <testcase classname="net.sf.freecol.common.model.MapTest" name="testNoPathAvailableDueToUnitInTheWay" time="0.002" />
  <testcase classname="net.sf.freecol.common.model.MapTest" name="testGetAllTiles" time="0.0" />
  <testcase classname="net.sf.freecol.common.model.MapTest" name="testGetSurroundingTiles" time="0.0" />
  <testcase classname="net.sf.freecol.common.model.MapTest" name="testMapGameInt" time="0.0" />
  <testcase classname="net.sf.freecol.common.model.MapTest" name="testLatitude" time="0.0" />
  <testcase classname="net.sf.freecol.common.model.MapTest" name="testRandomDirection" time="0.0" />
  <testcase classname="net.sf.freecol.common.model.MapTest" name="testShortestPathObstructed" time="0.0" />
  <testcase classname="net.sf.freecol.common.model.MapTest" name="testFindPath" time="0.072" />
  <testcase classname="net.sf.freecol.common.model.MapTest" name="testMoveThroughTileWithEnemyUnit" time="0.001" />
  <testcase classname="net.sf.freecol.common.model.MapTest" name="testNoPathAvailableDueToColonyInTheWay" time="0.002" />
  <testcase classname="net.sf.freecol.common.model.MapTest" name="testNoPathAvailableDueToCampInTheWay" time="0.002" />
  <testcase classname="net.sf.freecol.common.model.MapTest" name="testGetReverseDirection" time="0.0" />
  <testcase classname="net.sf.freecol.common.model.MarketTest" name="testSerialization" time="0.0" />
  <testcase classname="net.sf.freecol.common.model.MarketTest" name="testTransactionListeners" time="0.0" />
  <testcase classname="net.sf.freecol.common.model.MarketTest" name="testInitialMarket" time="0.001" />
  <testcase classname="net.sf.freecol.common.model.ModelMessageTest" name="testDefaultId" time="0.001" />
  <testcase classname="net.sf.freecol.common.model.ModelMessageTest" name="testHashCode" time="0.004" />
  <testcase classname="net.sf.freecol.common.model.ModelMessageTest" name="testModelMapSet2" time="0.002" />
  <testcase classname="net.sf.freecol.common.model.ModifierTest" name="testScope" time="0.001" />
  <testcase classname="net.sf.freecol.common.model.ModifierTest" name="testCombinedModifier" time="0.0" />
  <testcase classname="net.sf.freecol.common.model.ModifierTest" name="testPercentageModifier" time="0.0" />
  <testcase classname="net.sf.freecol.common.model.ModifierTest" name="testHashEquals" time="0.002" />
  <testcase classname="net.sf.freecol.common.model.ModifierTest" name="testAdditiveModifier" time="0.0" />
  <testcase classname="net.sf.freecol.common.model.ModifierTest" name="testTimeLimits" time="0.001" />
  <testcase classname="net.sf.freecol.common.model.ModifierTest" name="testCombinePercentageModifiers" time="0.0" />
  <testcase classname="net.sf.freecol.common.model.ModifierTest" name="testModifierUnknown" time="0.0" />
  <testcase classname="net.sf.freecol.common.model.ModifierTest" name="testCombineMultiplicativeModifiers" time="0.0" />
  <testcase classname="net.sf.freecol.common.model.ModifierTest" name="testMultiplicativeModifier" time="0.0" />
  <testcase classname="net.sf.freecol.common.model.ModifierTest" name="testIncrements" time="0.0" />
  <testcase classname="net.sf.freecol.common.model.ModifierTest" name="testCombineAdditiveModifiers" time="0.0" />
  <testcase classname="net.sf.freecol.common.model.MonarchTest" name="testTaxActionChoices" time="0.005" />
  <testcase classname="net.sf.freecol.common.model.MonarchTest" name="testSerialize" time="0.001" />
  <testcase classname="net.sf.freecol.common.model.MovementTest" name="testMoveAlongRoad" time="0.002" />
  <testcase classname="net.sf.freecol.common.model.MovementTest" name="testMoveAlongRiver" time="0.002" />
  <testcase classname="net.sf.freecol.common.model.MovementTest" name="testMoveFromPlainsToHills" time="0.001" />
  <testcase classname="net.sf.freecol.common.model.MovementTest" name="testMoveFromPlainsToPlains" time="0.002" />
  <testcase classname="net.sf.freecol.common.model.MovementTest" name="testScoutIndianSettlement" time="0.002" />
  <testcase classname="net.sf.freecol.common.model.MovementTest" name="testScoutColony" time="0.003" />
  <testcase classname="net.sf.freecol.common.model.NationTypeTest" name="testSettlementType" time="0.0" />
  <testcase classname="net.sf.freecol.common.model.NationTypeTest" name="testIsREF" time="0.0" />
  <testcase classname="net.sf.freecol.common.model.NationTypeTest" name="testisRef" time="0.0" />
  <testcase classname="net.sf.freecol.common.model.NationTypeTest" name="testAdvantagesThatOnlyApplyToPersons" time="0.003" />
  <testcase classname="net.sf.freecol.common.model.NationTypeTest" name="testHasType" time="0.0" />
  <testcase classname="net.sf.freecol.common.model.NationTypeTest" name="testStartingUnits" time="0.001" />
  <testcase classname="net.sf.freecol.common.model.PlayerTest" name="testAddAnotherPlayersUnit" time="0.001" />
  <testcase classname="net.sf.freecol.common.model.PlayerTest" name="testFreecolPlayers" time="0.004" />
  <testcase classname="net.sf.freecol.common.model.PlayerTest" name="testTension" time="0.001" />
  <testcase classname="net.sf.freecol.common.model.PlayerTest" name="testUnits" time="0.002" />
  <testcase classname="net.sf.freecol.common.model.PlayerTest" name="testClassicPlayers" time="0.002" />
  <testcase classname="net.sf.freecol.common.model.ProductionTypeTest" name="testOtherBuildings" time="0.0" />
  <testcase classname="net.sf.freecol.common.model.ProductionTypeTest" name="testRainForest" time="0.0" />
  <testcase classname="net.sf.freecol.common.model.ProductionTypeTest" name="testHorseProduction" time="0.0" />
  <testcase classname="net.sf.freecol.common.model.ProductionTypeTest" name="testSavannah" time="0.0" />
  <testcase classname="net.sf.freecol.common.model.ProductionTypeTest" name="testHills" time="0.0" />
  <testcase classname="net.sf.freecol.common.model.ProductionTypeTest" name="testMarsh" time="0.0" />
  <testcase classname="net.sf.freecol.common.model.ProductionTypeTest" name="testOcean" time="0.0" />
  <testcase classname="net.sf.freecol.common.model.ProductionTypeTest" name="testSwamp" time="0.0" />
  <testcase classname="net.sf.freecol.common.model.ProductionTypeTest" name="testCoatProduction" time="0.0" />
  <testcase classname="net.sf.freecol.common.model.ProductionTypeTest" name="testLake" time="0.001" />
  <testcase classname="net.sf.freecol.common.model.ProductionTypeTest" name="testHighSeas" time="0.0" />
  <testcase classname="net.sf.freecol.common.model.ProductionTypeTest" name="testPrairie" time="0.001" />
  <testcase classname="net.sf.freecol.common.model.ProductionTypeTest" name="testWetlandForest" time="0.0" />
  <testcase classname="net.sf.freecol.common.model.ProductionTypeTest" name="testGrassland" time="0.001" />
  <testcase classname="net.sf.freecol.common.model.ProductionTypeTest" name="testBroadleafForest" time="0.0" />
  <testcase classname="net.sf.freecol.common.model.ProductionTypeTest" name="testCrossProduction" time="0.0" />
  <testcase classname="net.sf.freecol.common.model.ProductionTypeTest" name="testGreatRiver" time="0.0" />
  <testcase classname="net.sf.freecol.common.model.ProductionTypeTest" name="testToolsProduction" time="0.0" />
  <testcase classname="net.sf.freecol.common.model.ProductionTypeTest" name="testMixedForest" time="0.0" />
  <testcase classname="net.sf.freecol.common.model.ProductionTypeTest" name="testBorealForest" time="0.0" />
  <testcase classname="net.sf.freecol.common.model.ProductionTypeTest" name="testBellProduction" time="0.0" />
  <testcase classname="net.sf.freecol.common.model.ProductionTypeTest" name="testClothProduction" time="0.0" />
  <testcase classname="net.sf.freecol.common.model.ProductionTypeTest" name="testMountains" time="0.0" />
  <testcase classname="net.sf.freecol.common.model.ProductionTypeTest" name="testArctic" time="0.0" />
  <testcase classname="net.sf.freecol.common.model.ProductionTypeTest" name="testConiferForest" time="0.0" />
  <testcase classname="net.sf.freecol.common.model.ProductionTypeTest" name="testDesert" time="0.0" />
  <testcase classname="net.sf.freecol.common.model.ProductionTypeTest" name="testHammerProduction" time="0.0" />
  <testcase classname="net.sf.freecol.common.model.ProductionTypeTest" name="testPlains" time="0.0" />
  <testcase classname="net.sf.freecol.common.model.ProductionTypeTest" name="testMusketProduction" time="0.0" />
  <testcase classname="net.sf.freecol.common.model.ProductionTypeTest" name="testCigarProduction" time="0.001" />
  <testcase classname="net.sf.freecol.common.model.ProductionTypeTest" name="testTundra" time="0.0" />
  <testcase classname="net.sf.freecol.common.model.ProductionTypeTest" name="testRumProduction" time="0.0" />
  <testcase classname="net.sf.freecol.common.model.ProductionTypeTest" name="testTropicalForest" time="0.0" />
  <testcase classname="net.sf.freecol.common.model.ProductionTypeTest" name="testScrubForest" time="0.008" />
  <testcase classname="net.sf.freecol.common.model.RandomRangeTest" name="testRandomRange" time="0.001" />
  <testcase classname="net.sf.freecol.common.model.RoleTest" name="testRoleComparator" time="0.0" />
  <testcase classname="net.sf.freecol.common.model.RoleTest" name="testMilitaryRoles" time="0.004" />
  <testcase classname="net.sf.freecol.common.model.RoleTest" name="testGoodsDifference" time="0.0" />
  <testcase classname="net.sf.freecol.common.model.RoleTest" name="testCompatibleRoles" time="0.001" />
  <testcase classname="net.sf.freecol.common.model.RoleTest" name="testGetRoleWithAbility" time="0.0" />
  <testcase classname="net.sf.freecol.common.model.SchoolTest" name="testEducationOption" time="0.008" />
  <testcase classname="net.sf.freecol.common.model.SchoolTest" name="testChangeTeachers" time="0.005" />
  <testcase classname="net.sf.freecol.common.model.SchoolTest" name="testUpgrades" time="0.0" />
  <testcase classname="net.sf.freecol.common.model.ScopeTest" name="testEmptyScope" time="0.0" />
  <testcase classname="net.sf.freecol.common.model.ScopeTest" name="testMethodScope" time="0.0" />
  <testcase classname="net.sf.freecol.common.model.ScopeTest" name="testCombinedScope" time="0.0" />
  <testcase classname="net.sf.freecol.common.model.ScopeTest" name="testTypeScope" time="0.0" />
  <testcase classname="net.sf.freecol.common.model.ScopeTest" name="testAbilityScope" time="0.0" />
  <testcase classname="net.sf.freecol.common.model.ScopeTest" name="testEquality" time="0.0" />
  <testcase classname="net.sf.freecol.common.model.ScopeTest" name="testMatchesNull" time="0.001" />
  <testcase classname="net.sf.freecol.common.model.ScopeTest" name="testGameObjects" time="0.002" />
  <testcase classname="net.sf.freecol.common.model.SerializationTest" name="testMapAmerica" time="0.888" />
  <testcase classname="net.sf.freecol.common.model.SerializationTest" name="testSpecification" time="0.188" />
  <testcase classname="net.sf.freecol.common.model.SerializationTest" name="testValidation" time="0.289" />
  <testcase classname="net.sf.freecol.common.model.SerializationTest" name="testStringTemplate" time="0.01" />
  <testcase classname="net.sf.freecol.common.model.SerializationTest" name="testMapAfrica" time="0.245" />
  <testcase classname="net.sf.freecol.common.model.SerializationTest" name="testMapCaribbean" time="0.085" />
  <testcase classname="net.sf.freecol.common.model.SerializationTest" name="testDifficulty" time="0.052" />
  <testcase classname="net.sf.freecol.common.model.SerializationTest" name="testGeneratedLists" time="0.042" />
  <testcase classname="net.sf.freecol.common.model.SerializationTest" name="testMapAustralia" time="0.102" />
  <testcase classname="net.sf.freecol.common.model.SettlementTest" name="testColonyClaimsWater" time="0.003" />
  <testcase classname="net.sf.freecol.common.model.SettlementTest" name="testLineOfSight" time="0.002" />
  <testcase classname="net.sf.freecol.common.model.SettlementTest" name="testSettlementRadius" time="0.003" />
  <testcase classname="net.sf.freecol.common.model.SettlementTest" name="testCanImproveUnitMilitaryRole" time="0.009" />
  <testcase classname="net.sf.freecol.common.model.SettlementTest" name="testSettlementDoesNotClaimWater" time="0.002" />
  <testcase classname="net.sf.freecol.common.model.SettlementTest" name="testColonyRadius" time="0.002" />
  <testcase classname="net.sf.freecol.common.model.SoLTest" name="testSoL" time="0.006" />
  <testcase classname="net.sf.freecol.common.model.TileImprovementTest" name="testRiverWithExtras" time="0.0" />
  <testcase classname="net.sf.freecol.common.model.TileImprovementTest" name="testRiverNoExtras" time="0.0" />
  <testcase classname="net.sf.freecol.common.model.TileImprovementTest" name="testAllFrills" time="0.0" />
  <testcase classname="net.sf.freecol.common.model.TileImprovementTest" name="testOldStyle" time="0.0" />
  <testcase classname="net.sf.freecol.common.model.TileImprovementTest" name="testEquality" time="0.0" />
  <testcase classname="net.sf.freecol.common.model.TileItemContainerTest" name="testCopyFromWithEveryThing" time="0.002" />
  <testcase classname="net.sf.freecol.common.model.TileTest" name="testTileTypeChangeProduction" time="0.0" />
  <testcase classname="net.sf.freecol.common.model.TileTest" name="testDefenceModifiers" time="0.0" />
  <testcase classname="net.sf.freecol.common.model.TileTest" name="testPrimarySecondaryGoods" time="0.002" />
  <testcase classname="net.sf.freecol.common.model.TileTest" name="testPotential" time="0.001" />
  <testcase classname="net.sf.freecol.common.model.TileTest" name="testCopy" time="0.003" />
  <testcase classname="net.sf.freecol.common.model.TileTest" name="testImprovements" time="0.001" />
  <testcase classname="net.sf.freecol.common.model.TileTest" name="testMinerals" time="0.001" />
  <testcase classname="net.sf.freecol.common.model.TileTest" name="testMaximumPotential" time="0.002" />
  <testcase classname="net.sf.freecol.common.model.TileTest" name="testIsTileTypeAllowed" time="0.0" />
  <testcase classname="net.sf.freecol.common.model.TileTest" name="testGetWorkAmount" time="0.001" />
  <testcase classname="net.sf.freecol.common.model.TileTest" name="testGetBestDisembarkTile" time="0.005" />
  <testcase classname="net.sf.freecol.common.model.TileTest" name="testColonyImprovements" time="0.002" />
  <testcase classname="net.sf.freecol.common.model.TileTest" name="testConiferForest" time="0.006" />
  <testcase classname="net.sf.freecol.common.model.TileTest" name="testProductionModifiers" time="0.003" />
  <testcase classname="net.sf.freecol.common.model.TileTest" name="testZIndex" time="0.0" />
  <testcase classname="net.sf.freecol.common.model.TradeRouteTest" name="testTradeRoute" time="0.013" />
  <testcase classname="net.sf.freecol.common.model.UnitTest" name="testIsColonist" time="0.001" />
  <testcase classname="net.sf.freecol.common.model.UnitTest" name="testElement" time="0.004" />
  <testcase classname="net.sf.freecol.common.model.UnitTest" name="testUnitLosesExperienceWithRoleChange" time="0.0" />
  <testcase classname="net.sf.freecol.common.model.UnitTest" name="testUnitAvailability" time="0.001" />
  <testcase classname="net.sf.freecol.common.model.UnitTest" name="testOwnerChange" time="0.0" />
  <testcase classname="net.sf.freecol.common.model.UnitTest" name="testIndianDies" time="0.002" />
  <testcase classname="net.sf.freecol.common.model.UnitTest" name="testGetMovesAsString" time="0.002" />
  <testcase classname="net.sf.freecol.common.model.UnitTest" name="testCopy" time="0.002" />
  <testcase classname="net.sf.freecol.common.model.UnitTest" name="testDefaultRole" time="0.0" />
  <testcase classname="net.sf.freecol.common.model.UnitTest" name="testMissionary" time="0.004" />
  <testcase classname="net.sf.freecol.common.model.UnitTest" name="testUnitCanBuildColony" time="0.001" />
  <testcase classname="net.sf.freecol.common.model.UnitTest" name="testCarrierOwnerChange" time="0.001" />
  <testcase classname="net.sf.freecol.common.model.UnitTest" name="testTreasureTransportFee" time="0.002" />
  <testcase classname="net.sf.freecol.common.model.UnitTest" name="testFailedAddGoods" time="0.002" />
  <testcase classname="net.sf.freecol.common.model.UnitTest" name="testGetLineOfSight" time="0.002" />
  <testcase classname="net.sf.freecol.common.model.UnitTest" name="testCanAdd" time="0.001" />
  <testcase classname="net.sf.freecol.common.model.UnitTest" name="testUnitLocationAfterBuildingColony" time="0.004" />
  <testcase classname="net.sf.freecol.common.model.UnitTypeChangeTest" name="testEmptyScope" time="0.0" />
  <testcase classname="net.sf.freecol.common.model.UnitTypeChangeTest" name="testCreation" time="0.001" />
  <testcase classname="net.sf.freecol.common.model.UnitTypeChangeTest" name="testAbilityScope" time="0.001" />
  <testcase classname="net.sf.freecol.common.model.UnitTypeChangeTest" name="testEquality" time="0.001" />
  <testcase classname="net.sf.freecol.common.utils.UtilsTest" name="testComparator" time="0.001" />
  <testcase classname="net.sf.freecol.common.utils.UtilsTest" name="testGetPermutations" time="0.001" />
  <testcase classname="net.sf.freecol.common.sound.SoundTest" name="testSound" time="0.618" />
  <testcase classname="net.sf.freecol.common.sound.SoundTest" name="testClassic" time="3.767" />
  <testcase classname="net.sf.freecol.server.SaveLoadTest" name="testDelayedLoading" time="0.865" />
  <testcase classname="net.sf.freecol.server.SaveLoadTest" name="testImmediateLoading" time="0.618" />
  <testcase classname="net.sf.freecol.server.SaveLoadTest" name="testImport" time="0.546" />
  <testcase classname="net.sf.freecol.server.ai.AIColonyTest" name="testBuildersAllocation" time="0.183" />
  <testcase classname="net.sf.freecol.server.ai.AIColonyTest" name="testBestDefender" time="0.055" />
  <testcase classname="net.sf.freecol.server.ai.AIColonyTest" name="testBuildersAllocNoRawMatTiles" time="0.163" />
  <testcase classname="net.sf.freecol.server.ai.AIColonyTest" name="testExpertAllocColonyHasEnoughRawMat" time="0.1" />
  <testcase classname="net.sf.freecol.server.ai.ContactTest" name="testNativeMeetsEuropean" time="0.074" />
  <testcase classname="net.sf.freecol.server.ai.ContactTest" name="testNativeMeetsColony" time="0.057" />
  <testcase classname="net.sf.freecol.server.ai.ContactTest" name="testShipMeetsShip" time="0.065" />
  <testcase classname="net.sf.freecol.server.ai.ContactTest" name="testNativeMeetsNative" time="0.06" />
  <testcase classname="net.sf.freecol.server.ai.ContactTest" name="testNativeMeetsIndianSettlement" time="0.065" />
  <testcase classname="net.sf.freecol.server.ai.ContactTest" name="testEuropeanMeetsIndianSettlement" time="0.059" />
  <testcase classname="net.sf.freecol.server.ai.ContactTest" name="testEuropeanMeetsNative" time="0.063" />
  <testcase classname="net.sf.freecol.server.ai.ColonyPlanTest" name="testGetBestWorker" time="0.089" />
  <testcase classname="net.sf.freecol.server.ai.ColonyPlanTest" name="testBestImprovements" time="0.003" />
  <testcase classname="net.sf.freecol.server.ai.ColonyPlanTest" name="testNoBuildRawMatTiles" time="0.059" />
  <testcase classname="net.sf.freecol.server.ai.ColonyPlanTest" name="testReqLumberAndHammersForBuild" time="0.049" />
  <testcase classname="net.sf.freecol.server.ai.ColonyPlanTest" name="testReqOreAndToolsWithEnoughHammersForBuild" time="0.072" />
  <testcase classname="net.sf.freecol.server.ai.MissionAssignmentTest" name="testIsTargetValidForSeekAndDestroy" time="0.086" />
  <testcase classname="net.sf.freecol.server.ai.MissionAssignmentTest" name="testImpossibleConditionsForTargetSelection" time="0.063" />
  <testcase classname="net.sf.freecol.server.ai.MissionAssignmentTest" name="testSecureIndianSettlementMissionIgnoreNavalThreat" time="0.064" />
  <testcase classname="net.sf.freecol.server.ai.MissionAssignmentTest" name="testSecureIndianSettlementMission" time="0.058" />
  <testcase classname="net.sf.freecol.server.ai.MissionAssignmentTest" name="testAssignDefendSettlementMission" time="0.051" />
  <testcase classname="net.sf.freecol.server.ai.REFTest" name="testCreateREFPlayer" time="0.042" />
  <testcase classname="net.sf.freecol.server.ai.StandardAIPlayerTest" name="testEquipBravesNotEnoughReqGoods" time="0.047" />
  <testcase classname="net.sf.freecol.server.ai.StandardAIPlayerTest" name="testEquipBraves" time="0.059" />
  <testcase classname="net.sf.freecol.server.ai.TensionTest" name="testTension" time="0.072" />
  <testcase classname="net.sf.freecol.server.ai.mission.PioneeringMissionTest" name="testImprovementNoLongerValid" time="0.067" />
  <testcase classname="net.sf.freecol.server.ai.mission.PrivateerMissionTest" name="testIsMissionValid" time="0.056" />
  <testcase classname="net.sf.freecol.server.ai.mission.ScoutingMissionTest" name="testHorsesLost" time="0.057" />
  <testcase classname="net.sf.freecol.server.ai.mission.TransportMissionTest" name="testGetNextStopAlreadyAtDestination" time="0.047" />
  <testcase classname="net.sf.freecol.server.ai.mission.TransportMissionTest" name="testGetDefaultDestination" time="0.055" />
  <testcase classname="net.sf.freecol.server.ai.mission.TransportMissionTest" name="testWagonTrain" time="0.064" />
  <testcase classname="net.sf.freecol.server.ai.mission.TransportMissionTest" name="testGetNextStopIsColony" time="0.057" />
  <testcase classname="net.sf.freecol.server.ai.mission.TransportMissionTest" name="testGetNextStopIsEurope" time="0.091" />
  <testcase classname="net.sf.freecol.server.ai.mission.TransportMissionTest" name="testTransportMissionInvalidAfterCombatLost" time="0.105" />
  <testcase classname="net.sf.freecol.server.ai.mission.UnitSeekAndDestroyMissionTest" name="testCapturedUnitsLoseMission" time="0.042" />
  <testcase classname="net.sf.freecol.server.ai.mission.UnitSeekAndDestroyMissionTest" name="testDoNotPursueUnitsInColonies" time="0.043" />
  <testcase classname="net.sf.freecol.server.control.InGameControllerTest" name="testWarDeclarationAffectsSettlementAlarm" time="0.055" />
  <testcase classname="net.sf.freecol.server.control.InGameControllerTest" name="testArtilleryDemotedBySoldier" time="0.073" />
  <testcase classname="net.sf.freecol.server.control.InGameControllerTest" name="testPeaceTreatyFromWarStance" time="0.043" />
  <testcase classname="net.sf.freecol.server.control.InGameControllerTest" name="testScoutDiesNotLosesEquipment" time="0.045" />
  <testcase classname="net.sf.freecol.server.control.InGameControllerTest" name="testDragoonDemotedByBrave" time="0.063" />
  <testcase classname="net.sf.freecol.server.control.InGameControllerTest" name="testCeaseFireTreaty" time="0.054" />
  <testcase classname="net.sf.freecol.server.control.InGameControllerTest" name="testDeclarationOfWarFromPeace" time="0.034" />
  <testcase classname="net.sf.freecol.server.control.InGameControllerTest" name="testAttackColonyWithVeteran" time="0.074" />
  <testcase classname="net.sf.freecol.server.control.InGameControllerTest" name="testDragoonDemotedBySoldier" time="0.05" />
  <testcase classname="net.sf.freecol.server.control.InGameControllerTest" name="testAddFatherUnits" time="0.064" />
  <testcase classname="net.sf.freecol.server.control.InGameControllerTest" name="testDumpGoods" time="0.053" />
  <testcase classname="net.sf.freecol.server.control.InGameControllerTest" name="testAtackedNavalUnitIsDamaged" time="0.05" />
  <testcase classname="net.sf.freecol.server.control.InGameControllerTest" name="testLaSalle" time="0.065" />
  <testcase classname="net.sf.freecol.server.control.InGameControllerTest" name="testPocahontas" time="0.058" />
  <testcase classname="net.sf.freecol.server.control.InGameControllerTest" name="testPioneerDiesNotLosesEquipment" time="0.047" />
  <testcase classname="net.sf.freecol.server.control.InGameControllerTest" name="testPromotion" time="0.056" />
  <testcase classname="net.sf.freecol.server.control.InGameControllerTest" name="testClearSpecialty" time="0.04" />
  <testcase classname="net.sf.freecol.server.control.InGameControllerTest" name="testPeaceTreatyFromCeaseFireStance" time="0.037" />
  <testcase classname="net.sf.freecol.server.control.InGameControllerTest" name="testUnitLosesExperienceWithWorkChange" time="0.044" />
  <testcase classname="net.sf.freecol.server.control.InGameControllerTest" name="testEquipIndianNotEnoughReqGoods" time="0.051" />
  <testcase classname="net.sf.freecol.server.control.InGameControllerTest" name="testCashInTreasure" time="0.067" />
  <testcase classname="net.sf.freecol.server.control.InGameControllerTest" name="testAddFatherUpgrades" time="0.056" />
  <testcase classname="net.sf.freecol.server.control.InGameControllerTest" name="testUnitTypeChangeOnEnterColony" time="0.046" />
  <testcase classname="net.sf.freecol.server.control.InGameControllerTest" name="testSoldierDemotedBySoldier" time="0.036" />
  <testcase classname="net.sf.freecol.server.control.InGameControllerTest" name="testUnarmedAttack" time="0.047" />
  <testcase classname="net.sf.freecol.server.control.InGameControllerTest" name="testCarpenterHouseNationalAdvantage" time="0.054" />
  <testcase classname="net.sf.freecol.server.control.InGameControllerTest" name="testCreateMission" time="0.065" />
  <testcase classname="net.sf.freecol.server.control.InGameControllerTest" name="testDoAssignedWorkAmateurAndHardyPioneer" time="1.851" />
  <testcase classname="net.sf.freecol.server.control.InGameControllerTest" name="testEmbark" time="0.016" />
  <testcase classname="net.sf.freecol.server.control.InGameControllerTest" name="testVeteranSoldierDemotedBySoldier" time="0.032" />
  <testcase classname="net.sf.freecol.server.control.InGameControllerTest" name="testLoseColonyDefenceWithRevere" time="0.037" />
  <testcase classname="net.sf.freecol.server.control.InGameControllerTest" name="testBuildingBonus" time="0.032" />
  <testcase classname="net.sf.freecol.server.control.InGameControllerTest" name="testColonistDemotedBySoldier" time="0.047" />
  <testcase classname="net.sf.freecol.server.control.InGameControllerTest" name="testScoutDefeatedBySoldier" time="0.037" />
  <testcase classname="net.sf.freecol.server.control.InGameControllerTest" name="testAddFatherBuildingEvent" time="0.021" />
  <testcase classname="net.sf.freecol.server.control.InGameControllerTest" name="testAttackColonyWithBrave" time="0.11" />
  <testcase classname="net.sf.freecol.server.control.InGameControllerTest" name="testEquipIndian" time="0.038" />
  <testcase classname="net.sf.freecol.server.model.ServerBuildingTest" name="testMoveTeacherOutside" time="0.031" />
  <testcase classname="net.sf.freecol.server.model.ServerBuildingTest" name="testTeacherStoresProgress" time="0.034" />
  <testcase classname="net.sf.freecol.server.model.ServerBuildingTest" name="testCaseTwoTeachersWithDifferentExp" time="0.031" />
  <testcase classname="net.sf.freecol.server.model.ServerBuildingTest" name="testMoveTeacherInside" time="0.047" />
  <testcase classname="net.sf.freecol.server.model.ServerBuildingTest" name="testConcurrentUpgrade" time="0.053" />
  <testcase classname="net.sf.freecol.server.model.ServerBuildingTest" name="testTeachingOrder" time="0.047" />
  <testcase classname="net.sf.freecol.server.model.ServerBuildingTest" name="testTeachPettyCriminalsByMaster" time="0.053" />
  <testcase classname="net.sf.freecol.server.model.ServerBuildingTest" name="testTeachingDoublePromotion" time="0.047" />
  <testcase classname="net.sf.freecol.server.model.ServerBuildingTest" name="testUniversity" time="0.054" />
  <testcase classname="net.sf.freecol.server.model.ServerBuildingTest" name="testTwoTeachersSimple" time="0.063" />
  <testcase classname="net.sf.freecol.server.model.ServerBuildingTest" name="testTrackerBug1616384" time="0.036" />
  <testcase classname="net.sf.freecol.server.model.ServerBuildingTest" name="testSingleGuyTwoTeachers2" time="0.049" />
  <testcase classname="net.sf.freecol.server.model.ServerBuildingTest" name="testCollege" time="0.032" />
  <testcase classname="net.sf.freecol.server.model.ServerBuildingTest" name="testSingleGuyTwoTeachers" time="0.049" />
  <testcase classname="net.sf.freecol.server.model.ServerBuildingTest" name="testSonsOfLiberty" time="0.049" />
  <testcase classname="net.sf.freecol.server.model.ServerBuildingTest" name="testTwoTeachersOfSameKind" time="0.052" />
  <testcase classname="net.sf.freecol.server.model.ServerBuildingTest" name="testTeachPettyCriminals" time="0.031" />
  <testcase classname="net.sf.freecol.server.model.ServerBuildingTest" name="testProductionBonus" time="0.032" />
  <testcase classname="net.sf.freecol.server.model.ServerBuildingTest" name="testPartTraining" time="0.039" />
  <testcase classname="net.sf.freecol.server.model.ServerBuildingTest" name="testExpertTeaching" time="0.018" />
  <testcase classname="net.sf.freecol.server.model.ServerBuildingTest" name="testColonialRegular" time="0.032" />
  <testcase classname="net.sf.freecol.server.model.ServerBuildingTest" name="testTeachIndenturedServants" time="0.035" />
  <testcase classname="net.sf.freecol.server.model.ServerColonyTest" name="testEqualFoodProductionConsumptionCase" time="0.031" />
  <testcase classname="net.sf.freecol.server.model.ServerColonyTest" name="testDeathByStarvation" time="0.031" />
  <testcase classname="net.sf.freecol.server.model.ServerColonyTest" name="testBuildingCompletion" time="0.035" />
  <testcase classname="net.sf.freecol.server.model.ServerColonyTest" name="testInvalidCompletion" time="0.031" />
  <testcase classname="net.sf.freecol.server.model.ServerColonyTest" name="testAvoidStarvation" time="0.028" />
  <testcase classname="net.sf.freecol.server.model.ServerColonyTest" name="testNoBuildingMaterialsProductionWhenBuildingNothing" time="0.004" />
  <testcase classname="net.sf.freecol.server.model.ServerColonyTest" name="testFoodConsumption" time="0.032" />
  <testcase classname="net.sf.freecol.server.model.ServerColonyTest" name="testLibertyAndImmigration" time="0.016" />
  <testcase classname="net.sf.freecol.server.model.ServerIndianSettlementTest" name="testHorseBreedingNoFoodAvail" time="0.032" />
  <testcase classname="net.sf.freecol.server.model.ServerIndianSettlementTest" name="testPricing" time="0.016" />
  <testcase classname="net.sf.freecol.server.model.ServerIndianSettlementTest" name="testHorseBreeding" time="0.021" />
  <testcase classname="net.sf.freecol.server.model.ServerIndianSettlementTest" name="testFoodConsumption" time="0.031" />
  <testcase classname="net.sf.freecol.server.model.ServerPlayerTest" name="testCheckNoGameOverEnoughMoney" time="0.031" />
  <testcase classname="net.sf.freecol.server.model.ServerPlayerTest" name="testCheckGameOver1600Threshold" time="0.022" />
  <testcase classname="net.sf.freecol.server.model.ServerPlayerTest" name="testCheckNoGameOverHasColonistInNewWorld" time="0.032" />
  <testcase classname="net.sf.freecol.server.model.ServerPlayerTest" name="testHasExploredTile" time="0.041" />
  <testcase classname="net.sf.freecol.server.model.ServerPlayerTest" name="testBuyingMakesPricesRaise" time="0.028" />
  <testcase classname="net.sf.freecol.server.model.ServerPlayerTest" name="testCheckGameOverUnitsGoingToEurope" time="0.031" />
  <testcase classname="net.sf.freecol.server.model.ServerPlayerTest" name="testDutchMarket" time="0.066" />
  <testcase classname="net.sf.freecol.server.model.ServerPlayerTest" name="testCheckGameOverNoUnits" time="0.032" />
  <testcase classname="net.sf.freecol.server.model.ServerPlayerTest" name="testCheckGameOverUnitsGoingToNewWorld" time="0.031" />
  <testcase classname="net.sf.freecol.server.model.ServerPlayerTest" name="testSellingMakesPricesFall" time="0.016" />
  <testcase classname="net.sf.freecol.server.model.ServerPlayerTest" name="testMarketRecovery" time="0.052" />
  <testcase classname="net.sf.freecol.server.model.ServerPlayerTest" name="testLoadInColony" time="0.031" />
  <testcase classname="net.sf.freecol.server.model.ServerPlayerTest" name="testLoadInEurope" time="0.039" />
  <testcase classname="net.sf.freecol.server.model.ServerUnitTest" name="testDoAssignedWorkHardyPioneerPlowPlain" time="0.019" />
  <testcase classname="net.sf.freecol.server.model.ServerUnitTest" name="testColonyProfitFromEnhancement" time="0.016" />
  <testcase classname="net.sf.freecol.server.model.ServerUnitTest" name="testExposeResource" time="0.032" />
  <testcase classname="net.sf.freecol.server.model.ServerUnitTest" name="testDoAssignedWorkHardyPioneerBuildRoad" time="0.032" />
  <testcase classname="net.sf.freecol.server.model.ServerUnitTest" name="testUnitPromotionWorkingInWorkTile" time="0.047" />
  <testcase classname="net.sf.freecol.server.model.ServerUnitTest" name="testUnitGetsExperienceThroughWork" time="0.022" />
  <testcase classname="net.sf.freecol.server.model.ServerUnitTest" name="testUnitLumberDelivery" time="0.044" />
  <testcase classname="net.sf.freecol.server.model.ServerUnitTest" name="testToggleHorses" time="0.038" />
  <testcase classname="net.sf.freecol.server.generator.MapGeneratorTest" name="testSinglePlayerOnSmallMap" time="0.221" />
  <testcase classname="net.sf.freecol.server.generator.MapGeneratorTest" name="testImportMap" time="0.5" />
  <testcase classname="net.sf.freecol.server.generator.MapGeneratorTest" name="testRegions" time="0.175" />
  <testcase classname="net.sf.freecol.server.generator.MapGeneratorTest" name="testWithNoIndians" time="0.116" />
  <testcase classname="net.sf.freecol.server.generator.MapGeneratorTest" name="testIndianCapital" time="0.154" />
  <testcase classname="net.sf.freecol.server.generator.MapGeneratorTest" name="testMapGenerator" time="0.162" />
  <testcase classname="net.sf.freecol.client.gui.FontTest" name="testLogicalSerif" time="0.019" />
  <system-out><![CDATA[]]></system-out>
  <system-err><![CDATA[Apr 27, 2018 11:58:55 PM net.sf.freecol.common.model.Specification fixRoles
INFO: Loading role backward compatibility fragment: roles-compat.xml with roles: model.role.defaultmodel.role.scoutmodel.role.soldiermodel.role.dragoonmodel.role.pioneermodel.role.missionarymodel.role.infantrymodel.role.cavalrymodel.role.mountedBravemodel.role.armedBravemodel.role.nativeDragoon
Apr 27, 2018 11:58:55 PM net.sf.freecol.common.model.Specification checkDifficultyOptionGroup
INFO: Check group model.difficulty.immigration
Apr 27, 2018 11:58:55 PM net.sf.freecol.common.model.Specification checkDifficultyOptionGroup
INFO: Check group model.difficulty.natives
Apr 27, 2018 11:58:55 PM net.sf.freecol.common.model.Specification checkDifficultyOptionGroup
INFO: Check group model.difficulty.monarch
Apr 27, 2018 11:58:55 PM net.sf.freecol.common.model.Specification checkDifficultyOptionGroup
INFO: Check group model.difficulty.government
Apr 27, 2018 11:58:55 PM net.sf.freecol.common.model.Specification checkDifficultyOptionGroup
INFO: Check group model.difficulty.other
Apr 27, 2018 11:58:55 PM net.sf.freecol.common.model.Specification checkDifficultyOptionGroup
INFO: Check group model.difficulty.cheat
Apr 27, 2018 11:58:55 PM net.sf.freecol.common.model.Specification checkDifficultyUnitListOption
INFO: Added difficulty unit list option: model.option.immigrants
Apr 27, 2018 11:58:55 PM net.sf.freecol.common.model.Specification clean
INFO: Specification clean following load from InputStream complete, starting year=1492, season year=1600, ages=[1,109,309], seasons=2, 259 FreeColGameObjectTypes, 79 Abilities, 41 BuildingTypes, 14 Disasters, 9 EuropeanNationTypes, 2 Events, 25 FoundingFathers, 21 GoodsTypes, 8 IndianNationTypes, 60 Modifiers, 25 Nations, 65 Options, 16 Option Groups, 12 ResourceTypes, 11 Roles, 23 TileTypes, 6 TileImprovementTypes, 42 UnitTypes read.
Apr 27, 2018 11:58:55 PM net.sf.freecol.common.model.Specification checkDifficultyOptionGroup
INFO: Check group model.difficulty.immigration
Apr 27, 2018 11:58:55 PM net.sf.freecol.common.model.Specification checkDifficultyOptionGroup
INFO: Check group model.difficulty.natives
Apr 27, 2018 11:58:55 PM net.sf.freecol.common.model.Specification checkDifficultyOptionGroup
INFO: Check group model.difficulty.monarch
Apr 27, 2018 11:58:55 PM net.sf.freecol.common.model.Specification checkDifficultyOptionGroup
INFO: Check group model.difficulty.government
Apr 27, 2018 11:58:55 PM net.sf.freecol.common.model.Specification checkDifficultyOptionGroup
INFO: Check group model.difficulty.other
Apr 27, 2018 11:58:55 PM net.sf.freecol.common.model.Specification checkDifficultyOptionGroup
INFO: Check group model.difficulty.cheat
Apr 27, 2018 11:58:55 PM net.sf.freecol.common.model.Specification applyDifficultyLevel
INFO: Applying difficulty level model.difficulty.medium
Apr 27, 2018 11:58:55 PM net.sf.freecol.common.model.Specification fixRoles
INFO: Loading role backward compatibility fragment: roles-compat.xml with roles: model.role.defaultmodel.role.scoutmodel.role.soldiermodel.role.dragoonmodel.role.pioneermodel.role.missionarymodel.role.infantrymodel.role.cavalrymodel.role.mountedBravemodel.role.armedBravemodel.role.nativeDragoon
Apr 27, 2018 11:58:55 PM net.sf.freecol.common.model.Specification checkDifficultyOptionGroup
INFO: Check group model.difficulty.immigration
Apr 27, 2018 11:58:55 PM net.sf.freecol.common.model.Specification checkDifficultyOptionGroup
INFO: Check group model.difficulty.natives
Apr 27, 2018 11:58:55 PM net.sf.freecol.common.model.Specification checkDifficultyOptionGroup
INFO: Check group model.difficulty.monarch
Apr 27, 2018 11:58:55 PM net.sf.freecol.common.model.Specification checkDifficultyOptionGroup
INFO: Check group model.difficulty.government
Apr 27, 2018 11:58:55 PM net.sf.freecol.common.model.Specification checkDifficultyOptionGroup
INFO: Check group model.difficulty.other
Apr 27, 2018 11:58:55 PM net.sf.freecol.common.model.Specification checkDifficultyOptionGroup
INFO: Check group model.difficulty.cheat
Apr 27, 2018 11:58:55 PM net.sf.freecol.common.model.Specification checkDifficultyUnitListOption
INFO: Added difficulty unit list option: model.option.immigrants
Apr 27, 2018 11:58:55 PM net.sf.freecol.common.model.Specification clean
INFO: Specification clean following load from InputStream complete, starting year=1492, season year=1600, ages=[1,109,309], seasons=2, 247 FreeColGameObjectTypes, 78 Abilities, 41 BuildingTypes, 14 Disasters, 5 EuropeanNationTypes, 2 Events, 25 FoundingFathers, 21 GoodsTypes, 8 IndianNationTypes, 60 Modifiers, 17 Nations, 65 Options, 16 Option Groups, 12 ResourceTypes, 11 Roles, 23 TileTypes, 6 TileImprovementTypes, 42 UnitTypes read.
Apr 27, 2018 11:58:55 PM net.sf.freecol.common.model.Specification checkDifficultyOptionGroup
INFO: Check group model.difficulty.immigration
Apr 27, 2018 11:58:55 PM net.sf.freecol.common.model.Specification checkDifficultyOptionGroup
INFO: Check group model.difficulty.natives
Apr 27, 2018 11:58:55 PM net.sf.freecol.common.model.Specification checkDifficultyOptionGroup
INFO: Check group model.difficulty.monarch
Apr 27, 2018 11:58:55 PM net.sf.freecol.common.model.Specification checkDifficultyOptionGroup
INFO: Check group model.difficulty.government
Apr 27, 2018 11:58:55 PM net.sf.freecol.common.model.Specification checkDifficultyOptionGroup
INFO: Check group model.difficulty.other
Apr 27, 2018 11:58:55 PM net.sf.freecol.common.model.Specification checkDifficultyOptionGroup
INFO: Check group model.difficulty.cheat
Apr 27, 2018 11:58:55 PM net.sf.freecol.common.model.Specification applyDifficultyLevel
INFO: Applying difficulty level model.difficulty.medium
Apr 27, 2018 11:58:56 PM net.sf.freecol.common.i18n.Messages replaceChoices
WARNING: Unknown key or untagged choice: 'west=westward|east=eastward|default=into the wind', selector was 'whatever', trying 'default' instead
Apr 27, 2018 11:58:56 PM net.sf.freecol.common.i18n.Messages replaceChoices
WARNING: No tag found: {{}}abc   {{xyz}}def{{123|567}}
Apr 27, 2018 11:58:56 PM net.sf.freecol.common.i18n.Messages replaceChoices
WARNING: No tag found: {{}}abc   {{xyz}}def{{123|567}}
Apr 27, 2018 11:58:56 PM net.sf.freecol.common.i18n.Messages replaceChoices
WARNING: No tag found: {{}}abc   {{xyz}}def{{123|567}}
Apr 27, 2018 11:58:56 PM net.sf.freecol.common.model.Specification applyDifficultyLevel
INFO: Applying difficulty level model.difficulty.medium
Apr 27, 2018 11:58:56 PM net.sf.freecol.common.model.Specification applyDifficultyLevel
INFO: Applying difficulty level model.difficulty.medium
Apr 27, 2018 11:58:56 PM net.sf.freecol.common.util.LogBuilder log
INFO: In data\mods found mod: bryce classic_ui convertUpgrade daySeasons example fourSeasons hutzli markovoss misiulo monthSeasons plantForest weekSeasons
Apr 27, 2018 11:58:56 PM net.sf.freecol.common.model.Specification fixRoles
INFO: Loading role backward compatibility fragment: roles-compat.xml with roles: model.role.defaultmodel.role.scoutmodel.role.soldiermodel.role.dragoonmodel.role.pioneermodel.role.missionarymodel.role.infantrymodel.role.cavalrymodel.role.mountedBravemodel.role.armedBravemodel.role.nativeDragoon
Apr 27, 2018 11:58:56 PM net.sf.freecol.common.model.Specification checkDifficultyOptionGroup
INFO: Check group model.difficulty.immigration
Apr 27, 2018 11:58:56 PM net.sf.freecol.common.model.Specification checkDifficultyOptionGroup
INFO: Check group model.difficulty.natives
Apr 27, 2018 11:58:56 PM net.sf.freecol.common.model.Specification checkDifficultyOptionGroup
INFO: Check group model.difficulty.monarch
Apr 27, 2018 11:58:56 PM net.sf.freecol.common.model.Specification checkDifficultyOptionGroup
INFO: Check group model.difficulty.government
Apr 27, 2018 11:58:56 PM net.sf.freecol.common.model.Specification checkDifficultyOptionGroup
INFO: Check group model.difficulty.other
Apr 27, 2018 11:58:56 PM net.sf.freecol.common.model.Specification checkDifficultyOptionGroup
INFO: Check group model.difficulty.cheat
Apr 27, 2018 11:58:56 PM net.sf.freecol.common.model.Specification checkDifficultyUnitListOption
INFO: Added difficulty unit list option: model.option.immigrants
Apr 27, 2018 11:58:56 PM net.sf.freecol.common.model.Specification clean
INFO: Specification clean following load from InputStream complete, starting year=1492, season year=1600, ages=[1,109,309], seasons=2, 258 FreeColGameObjectTypes, 79 Abilities, 41 BuildingTypes, 14 Disasters, 9 EuropeanNationTypes, 2 Events, 25 FoundingFathers, 21 GoodsTypes, 8 IndianNationTypes, 60 Modifiers, 25 Nations, 65 Options, 16 Option Groups, 12 ResourceTypes, 11 Roles, 23 TileTypes, 6 TileImprovementTypes, 41 UnitTypes read.
Apr 27, 2018 11:58:56 PM net.sf.freecol.common.model.Specification fixRoles
INFO: Loading role backward compatibility fragment: roles-compat.xml with roles: model.role.defaultmodel.role.scoutmodel.role.soldiermodel.role.dragoonmodel.role.pioneermodel.role.missionarymodel.role.infantrymodel.role.cavalrymodel.role.mountedBravemodel.role.armedBravemodel.role.nativeDragoon
Apr 27, 2018 11:58:56 PM net.sf.freecol.common.model.Specification checkDifficultyOptionGroup
INFO: Check group model.difficulty.immigration
Apr 27, 2018 11:58:56 PM net.sf.freecol.common.model.Specification checkDifficultyOptionGroup
INFO: Check group model.difficulty.natives
Apr 27, 2018 11:58:56 PM net.sf.freecol.common.model.Specification checkDifficultyOptionGroup
INFO: Check group model.difficulty.monarch
Apr 27, 2018 11:58:56 PM net.sf.freecol.common.model.Specification checkDifficultyOptionGroup
INFO: Check group model.difficulty.government
Apr 27, 2018 11:58:56 PM net.sf.freecol.common.model.Specification checkDifficultyOptionGroup
INFO: Check group model.difficulty.other
Apr 27, 2018 11:58:56 PM net.sf.freecol.common.model.Specification checkDifficultyOptionGroup
INFO: Check group model.difficulty.cheat
Apr 27, 2018 11:58:56 PM net.sf.freecol.common.model.Specification checkDifficultyUnitListOption
INFO: Added difficulty unit list option: model.option.immigrants
Apr 27, 2018 11:58:56 PM net.sf.freecol.common.model.Specification clean
INFO: Specification clean following load from InputStream complete, starting year=1492, season year=1600, ages=[1,109,309], seasons=2, 259 FreeColGameObjectTypes, 79 Abilities, 41 BuildingTypes, 14 Disasters, 9 EuropeanNationTypes, 2 Events, 25 FoundingFathers, 21 GoodsTypes, 8 IndianNationTypes, 60 Modifiers, 25 Nations, 65 Options, 16 Option Groups, 12 ResourceTypes, 11 Roles, 23 TileTypes, 6 TileImprovementTypes, 42 UnitTypes read.
Apr 27, 2018 11:58:56 PM net.sf.freecol.common.model.Specification fixRoles
INFO: Loading role backward compatibility fragment: roles-compat.xml with roles: model.role.defaultmodel.role.scoutmodel.role.soldiermodel.role.dragoonmodel.role.pioneermodel.role.missionarymodel.role.infantrymodel.role.cavalrymodel.role.mountedBravemodel.role.armedBravemodel.role.nativeDragoon
Apr 27, 2018 11:58:56 PM net.sf.freecol.common.model.Specification checkDifficultyOptionGroup
INFO: Check group model.difficulty.immigration
Apr 27, 2018 11:58:56 PM net.sf.freecol.common.model.Specification checkDifficultyOptionGroup
INFO: Check group model.difficulty.natives
Apr 27, 2018 11:58:56 PM net.sf.freecol.common.model.Specification checkDifficultyOptionGroup
INFO: Check group model.difficulty.monarch
Apr 27, 2018 11:58:56 PM net.sf.freecol.common.model.Specification checkDifficultyOptionGroup
INFO: Check group model.difficulty.government
Apr 27, 2018 11:58:56 PM net.sf.freecol.common.model.Specification checkDifficultyOptionGroup
INFO: Check group model.difficulty.other
Apr 27, 2018 11:58:56 PM net.sf.freecol.common.model.Specification checkDifficultyOptionGroup
INFO: Check group model.difficulty.cheat
Apr 27, 2018 11:58:56 PM net.sf.freecol.common.model.Specification checkDifficultyUnitListOption
INFO: Added difficulty unit list option: model.option.immigrants
Apr 27, 2018 11:58:56 PM net.sf.freecol.common.model.Specification clean
INFO: Specification clean following load from InputStream complete, starting year=1492, season year=1600, ages=[1,109,309], seasons=2, 259 FreeColGameObjectTypes, 79 Abilities, 41 BuildingTypes, 14 Disasters, 9 EuropeanNationTypes, 2 Events, 25 FoundingFathers, 21 GoodsTypes, 8 IndianNationTypes, 60 Modifiers, 25 Nations, 65 Options, 16 Option Groups, 12 ResourceTypes, 11 Roles, 23 TileTypes, 6 TileImprovementTypes, 42 UnitTypes read.
Apr 27, 2018 11:58:56 PM net.sf.freecol.common.model.Specification loadMods
INFO: Loaded mod example
Apr 27, 2018 11:58:56 PM net.sf.freecol.common.model.Specification clean
INFO: Specification clean following mod loading complete, starting year=1492, season year=1600, ages=[1,109,309], seasons=2, 260 FreeColGameObjectTypes, 79 Abilities, 41 BuildingTypes, 14 Disasters, 9 EuropeanNationTypes, 2 Events, 25 FoundingFathers, 21 GoodsTypes, 8 IndianNationTypes, 60 Modifiers, 25 Nations, 65 Options, 16 Option Groups, 12 ResourceTypes, 11 Roles, 23 TileTypes, 6 TileImprovementTypes, 43 UnitTypes read.
Apr 27, 2018 11:58:56 PM net.sf.freecol.common.model.Specification fixRoles
INFO: Loading role backward compatibility fragment: roles-compat.xml with roles: model.role.defaultmodel.role.scoutmodel.role.soldiermodel.role.dragoonmodel.role.pioneermodel.role.missionarymodel.role.infantrymodel.role.cavalrymodel.role.mountedBravemodel.role.armedBravemodel.role.nativeDragoon
Apr 27, 2018 11:58:56 PM net.sf.freecol.common.model.Specification checkDifficultyOptionGroup
INFO: Check group model.difficulty.immigration
Apr 27, 2018 11:58:56 PM net.sf.freecol.common.model.Specification checkDifficultyOptionGroup
INFO: Check group model.difficulty.natives
Apr 27, 2018 11:58:56 PM net.sf.freecol.common.model.Specification checkDifficultyOptionGroup
INFO: Check group model.difficulty.monarch
Apr 27, 2018 11:58:56 PM net.sf.freecol.common.model.Specification checkDifficultyOptionGroup
INFO: Check group model.difficulty.government
Apr 27, 2018 11:58:56 PM net.sf.freecol.common.model.Specification checkDifficultyOptionGroup
INFO: Check group model.difficulty.other
Apr 27, 2018 11:58:56 PM net.sf.freecol.common.model.Specification checkDifficultyOptionGroup
INFO: Check group model.difficulty.cheat
Apr 27, 2018 11:58:56 PM net.sf.freecol.common.model.Specification checkDifficultyUnitListOption
INFO: Added difficulty unit list option: model.option.immigrants
Apr 27, 2018 11:58:56 PM net.sf.freecol.common.model.Specification clean
INFO: Specification clean following load from InputStream complete, starting year=1492, season year=1600, ages=[1,109,309], seasons=2, 260 FreeColGameObjectTypes, 79 Abilities, 41 BuildingTypes, 14 Disasters, 9 EuropeanNationTypes, 2 Events, 25 FoundingFathers, 21 GoodsTypes, 8 IndianNationTypes, 60 Modifiers, 25 Nations, 65 Options, 16 Option Groups, 12 ResourceTypes, 11 Roles, 23 TileTypes, 6 TileImprovementTypes, 43 UnitTypes read.
Apr 27, 2018 11:58:56 PM net.sf.freecol.common.model.Specification fixRoles
INFO: Loading role backward compatibility fragment: roles-compat.xml with roles: model.role.defaultmodel.role.scoutmodel.role.soldiermodel.role.dragoonmodel.role.pioneermodel.role.missionarymodel.role.infantrymodel.role.cavalrymodel.role.mountedBravemodel.role.armedBravemodel.role.nativeDragoon
Apr 27, 2018 11:58:56 PM net.sf.freecol.common.model.Specification checkDifficultyOptionGroup
INFO: Check group model.difficulty.immigration
Apr 27, 2018 11:58:56 PM net.sf.freecol.common.model.Specification checkDifficultyOptionGroup
INFO: Check group model.difficulty.natives
Apr 27, 2018 11:58:56 PM net.sf.freecol.common.model.Specification checkDifficultyOptionGroup
INFO: Check group model.difficulty.monarch
Apr 27, 2018 11:58:56 PM net.sf.freecol.common.model.Specification checkDifficultyOptionGroup
INFO: Check group model.difficulty.government
Apr 27, 2018 11:58:56 PM net.sf.freecol.common.model.Specification checkDifficultyOptionGroup
INFO: Check group model.difficulty.other
Apr 27, 2018 11:58:56 PM net.sf.freecol.common.model.Specification checkDifficultyOptionGroup
INFO: Check group model.difficulty.cheat
Apr 27, 2018 11:58:56 PM net.sf.freecol.common.model.Specification checkDifficultyUnitListOption
INFO: Added difficulty unit list option: model.option.immigrants
Apr 27, 2018 11:58:56 PM net.sf.freecol.common.model.Specification clean
INFO: Specification clean following load from InputStream complete, starting year=1492, season year=1600, ages=[1,109,309], seasons=2, 259 FreeColGameObjectTypes, 79 Abilities, 41 BuildingTypes, 14 Disasters, 9 EuropeanNationTypes, 2 Events, 25 FoundingFathers, 21 GoodsTypes, 8 IndianNationTypes, 60 Modifiers, 25 Nations, 65 Options, 16 Option Groups, 12 ResourceTypes, 11 Roles, 23 TileTypes, 6 TileImprovementTypes, 42 UnitTypes read.
Apr 27, 2018 11:58:56 PM net.sf.freecol.common.model.Specification fixRoles
INFO: Loading role backward compatibility fragment: roles-compat.xml with roles: model.role.defaultmodel.role.scoutmodel.role.soldiermodel.role.dragoonmodel.role.pioneermodel.role.missionarymodel.role.infantrymodel.role.cavalrymodel.role.mountedBravemodel.role.armedBravemodel.role.nativeDragoon
Apr 27, 2018 11:58:57 PM net.sf.freecol.common.model.Specification checkDifficultyOptionGroup
INFO: Check group model.difficulty.immigration
Apr 27, 2018 11:58:57 PM net.sf.freecol.common.model.Specification checkDifficultyOptionGroup
INFO: Check group model.difficulty.natives
Apr 27, 2018 11:58:57 PM net.sf.freecol.common.model.Specification checkDifficultyOptionGroup
INFO: Check group model.difficulty.monarch
Apr 27, 2018 11:58:57 PM net.sf.freecol.common.model.Specification checkDifficultyOptionGroup
INFO: Check group model.difficulty.government
Apr 27, 2018 11:58:57 PM net.sf.freecol.common.model.Specification checkDifficultyOptionGroup
INFO: Check group model.difficulty.other
Apr 27, 2018 11:58:57 PM net.sf.freecol.common.model.Specification checkDifficultyOptionGroup
INFO: Check group model.difficulty.cheat
Apr 27, 2018 11:58:57 PM net.sf.freecol.common.model.Specification checkDifficultyUnitListOption
INFO: Added difficulty unit list option: model.option.immigrants
Apr 27, 2018 11:58:57 PM net.sf.freecol.common.model.Specification clean
INFO: Specification clean following load from InputStream complete, starting year=1492, season year=1600, ages=[1,109,309], seasons=2, 259 FreeColGameObjectTypes, 79 Abilities, 41 BuildingTypes, 14 Disasters, 9 EuropeanNationTypes, 2 Events, 25 FoundingFathers, 21 GoodsTypes, 8 IndianNationTypes, 60 Modifiers, 25 Nations, 65 Options, 16 Option Groups, 12 ResourceTypes, 11 Roles, 23 TileTypes, 6 TileImprovementTypes, 42 UnitTypes read.
Apr 27, 2018 11:58:57 PM net.sf.freecol.common.model.Specification applyDifficultyLevel
INFO: Applying difficulty level model.difficulty.medium
Apr 27, 2018 11:58:57 PM net.sf.freecol.common.model.Specification applyDifficultyLevel
INFO: Applying difficulty level model.difficulty.medium
Apr 27, 2018 11:58:57 PM net.sf.freecol.common.model.Specification applyDifficultyLevel
INFO: Applying difficulty level model.difficulty.medium
Apr 27, 2018 11:58:57 PM net.sf.freecol.common.model.Specification applyDifficultyLevel
INFO: Applying difficulty level model.difficulty.medium
Apr 27, 2018 11:58:57 PM net.sf.freecol.common.model.Specification applyDifficultyLevel
INFO: Applying difficulty level model.difficulty.medium
Apr 27, 2018 11:58:57 PM net.sf.freecol.common.model.Specification applyDifficultyLevel
INFO: Applying difficulty level model.difficulty.medium
Apr 27, 2018 11:58:57 PM net.sf.freecol.common.model.Specification applyDifficultyLevel
INFO: Applying difficulty level model.difficulty.medium
Apr 27, 2018 11:58:57 PM net.sf.freecol.common.model.Specification applyDifficultyLevel
INFO: Applying difficulty level model.difficulty.medium
Apr 27, 2018 11:58:57 PM net.sf.freecol.common.model.Specification applyDifficultyLevel
INFO: Applying difficulty level model.difficulty.medium
Apr 27, 2018 11:58:57 PM net.sf.freecol.common.model.Specification applyDifficultyLevel
INFO: Applying difficulty level model.difficulty.medium
Apr 27, 2018 11:58:57 PM net.sf.freecol.common.model.Specification applyDifficultyLevel
INFO: Applying difficulty level model.difficulty.medium
Apr 27, 2018 11:58:57 PM net.sf.freecol.common.model.Unit setLocation
WARNING: Can not add [unit:798 dutch indianConvert 0/1] to building:794
Apr 27, 2018 11:58:57 PM net.sf.freecol.common.model.Unit setLocation
WARNING: Can not add [unit:798 dutch indianConvert 0/1] to building:795
Apr 27, 2018 11:58:57 PM net.sf.freecol.common.model.Unit setLocation
WARNING: Can not add [unit:798 dutch indianConvert 0/1] to building:793
Apr 27, 2018 11:58:57 PM net.sf.freecol.common.model.Specification applyDifficultyLevel
INFO: Applying difficulty level model.difficulty.medium
Apr 27, 2018 11:58:57 PM net.sf.freecol.common.model.Specification applyDifficultyLevel
INFO: Applying difficulty level model.difficulty.medium
Apr 27, 2018 11:58:57 PM net.sf.freecol.common.model.Specification applyDifficultyLevel
INFO: Applying difficulty level model.difficulty.medium
Apr 27, 2018 11:58:57 PM net.sf.freecol.common.model.Specification applyDifficultyLevel
INFO: Applying difficulty level model.difficulty.medium
Apr 27, 2018 11:58:57 PM net.sf.freecol.common.model.Specification applyDifficultyLevel
INFO: Applying difficulty level model.difficulty.medium
Apr 27, 2018 11:58:57 PM net.sf.freecol.common.model.Specification applyDifficultyLevel
INFO: Applying difficulty level model.difficulty.medium
Apr 27, 2018 11:58:57 PM net.sf.freecol.common.model.Specification applyDifficultyLevel
INFO: Applying difficulty level model.difficulty.medium
Apr 27, 2018 11:58:57 PM net.sf.freecol.common.model.Specification applyDifficultyLevel
INFO: Applying difficulty level model.difficulty.medium
Apr 27, 2018 11:58:57 PM net.sf.freecol.common.model.Specification applyDifficultyLevel
INFO: Applying difficulty level model.difficulty.medium
Apr 27, 2018 11:58:57 PM net.sf.freecol.common.model.Specification applyDifficultyLevel
INFO: Applying difficulty level model.difficulty.medium
Apr 27, 2018 11:58:57 PM net.sf.freecol.common.model.Specification applyDifficultyLevel
INFO: Applying difficulty level model.difficulty.medium
Apr 27, 2018 11:58:57 PM net.sf.freecol.common.model.Specification applyDifficultyLevel
INFO: Applying difficulty level model.difficulty.medium
Apr 27, 2018 11:58:57 PM net.sf.freecol.common.model.Specification applyDifficultyLevel
INFO: Applying difficulty level model.difficulty.medium
Apr 27, 2018 11:58:57 PM net.sf.freecol.common.model.Specification applyDifficultyLevel
INFO: Applying difficulty level model.difficulty.medium
Apr 27, 2018 11:58:57 PM net.sf.freecol.common.model.Specification applyDifficultyLevel
INFO: Applying difficulty level model.difficulty.medium
Apr 27, 2018 11:58:57 PM net.sf.freecol.common.model.Specification applyDifficultyLevel
INFO: Applying difficulty level model.difficulty.medium
Apr 27, 2018 11:58:57 PM net.sf.freecol.common.model.Specification applyDifficultyLevel
INFO: Applying difficulty level model.difficulty.medium
Apr 27, 2018 11:58:57 PM net.sf.freecol.common.model.Specification applyDifficultyLevel
INFO: Applying difficulty level model.difficulty.medium
Apr 27, 2018 11:58:57 PM net.sf.freecol.common.model.Specification applyDifficultyLevel
INFO: Applying difficulty level model.difficulty.medium
Apr 27, 2018 11:58:57 PM net.sf.freecol.common.model.Specification applyDifficultyLevel
INFO: Applying difficulty level model.difficulty.medium
Apr 27, 2018 11:58:57 PM net.sf.freecol.common.model.Specification applyDifficultyLevel
INFO: Applying difficulty level model.difficulty.medium
Apr 27, 2018 11:58:57 PM net.sf.freecol.common.model.Specification applyDifficultyLevel
INFO: Applying difficulty level model.difficulty.medium
Apr 27, 2018 11:58:57 PM net.sf.freecol.common.model.Specification applyDifficultyLevel
INFO: Applying difficulty level model.difficulty.medium
Apr 27, 2018 11:58:57 PM net.sf.freecol.common.model.Specification applyDifficultyLevel
INFO: Applying difficulty level model.difficulty.medium
Apr 27, 2018 11:58:57 PM net.sf.freecol.common.model.Specification applyDifficultyLevel
INFO: Applying difficulty level model.difficulty.medium
Apr 27, 2018 11:58:57 PM net.sf.freecol.common.model.Specification applyDifficultyLevel
INFO: Applying difficulty level model.difficulty.medium
Apr 27, 2018 11:58:57 PM net.sf.freecol.common.model.Specification applyDifficultyLevel
INFO: Applying difficulty level model.difficulty.medium
Apr 27, 2018 11:58:57 PM net.sf.freecol.common.model.Specification applyDifficultyLevel
INFO: Applying difficulty level model.difficulty.medium
Apr 27, 2018 11:58:57 PM net.sf.freecol.common.model.Specification applyDifficultyLevel
INFO: Applying difficulty level model.difficulty.medium
Apr 27, 2018 11:58:57 PM net.sf.freecol.common.FreeColSeed getFreeColSeed
INFO: Using seed: 6965057484861356066
Apr 27, 2018 11:58:57 PM net.sf.freecol.server.networking.Server sendToAll
INFO: Reap dead connection: [DummyConnection Server connection - model.nation.iroquois]
Apr 27, 2018 11:58:57 PM net.sf.freecol.server.networking.Server sendToAll
INFO: Reap dead connection: [DummyConnection Server connection - model.nation.apache]
Apr 27, 2018 11:58:57 PM net.sf.freecol.server.networking.Server sendToAll
INFO: Reap dead connection: [DummyConnection Server connection - model.nation.arawak]
Apr 27, 2018 11:58:57 PM net.sf.freecol.server.networking.Server sendToAll
INFO: Reap dead connection: [DummyConnection Server connection - model.nation.english]
Apr 27, 2018 11:58:57 PM net.sf.freecol.server.networking.Server sendToAll
INFO: Reap dead connection: [DummyConnection Server connection - model.nation.inca]
Apr 27, 2018 11:58:57 PM net.sf.freecol.server.networking.Server sendToAll
INFO: Reap dead connection: [DummyConnection Server connection - model.nation.aztec]
Apr 27, 2018 11:58:57 PM net.sf.freecol.server.networking.Server sendToAll
INFO: Reap dead connection: [DummyConnection Server connection - model.nation.tupi]
Apr 27, 2018 11:58:57 PM net.sf.freecol.server.networking.Server sendToAll
INFO: Reap dead connection: [DummyConnection Server connection - model.nation.spanish]
Apr 27, 2018 11:58:57 PM net.sf.freecol.server.networking.Server sendToAll
INFO: Reap dead connection: [DummyConnection Server connection - model.nation.dutch]
Apr 27, 2018 11:58:57 PM net.sf.freecol.server.networking.Server sendToAll
INFO: Reap dead connection: [DummyConnection Server connection - model.nation.french]
Apr 27, 2018 11:58:57 PM net.sf.freecol.server.networking.Server sendToAll
INFO: Reap dead connection: [DummyConnection Server connection - model.nation.cherokee]
Apr 27, 2018 11:58:57 PM net.sf.freecol.server.networking.Server sendToAll
INFO: Reap dead connection: [DummyConnection Server connection - model.nation.sioux]
Apr 27, 2018 11:58:57 PM net.sf.freecol.common.util.LogBuilder log
INFO: Combat attacker=unit:268-veteranSoldier-soldier [Modifier model.modifier.offence (model.source.baseOffence) ADDITIVE 0.0 index=10] [Modifier model.modifier.offence (model.role.soldier) ADDITIVE 2.0 index=30] [Modifier model.modifier.offence (model.unit.veteranSoldier) PERCENTAGE 50.0 index=40] [Modifier model.modifier.attackBonus (model.source.attackBonus) PERCENTAGE 50.0 index=50] = 4.5 defender=unit:250-brave [Modifier model.modifier.defence (model.source.baseDefence) ADDITIVE 1.0 index=10] [Modifier model.modifier.defence (model.settlement.inca.capital) PERCENTAGE 200.0 index=50] = 3.0 odds=0.6 random(1.0)=0.0 great=true Attack WIN SLAUGHTER_UNIT CAPTURE_CONVERT
Apr 27, 2018 11:58:57 PM net.sf.freecol.common.util.LogBuilder log
INFO: Destroying: goodsContainer:251 unit:250
Apr 27, 2018 11:58:57 PM net.sf.freecol.common.model.Specification applyDifficultyLevel
INFO: Applying difficulty level model.difficulty.medium
Apr 27, 2018 11:58:57 PM net.sf.freecol.common.model.Specification applyDifficultyLevel
INFO: Applying difficulty level model.difficulty.medium
Apr 27, 2018 11:58:57 PM net.sf.freecol.common.model.Specification applyDifficultyLevel
INFO: Applying difficulty level model.difficulty.medium
Apr 27, 2018 11:58:57 PM net.sf.freecol.common.FreeColSeed getFreeColSeed
INFO: Using seed: -4075676144189708031
Apr 27, 2018 11:58:58 PM net.sf.freecol.server.networking.Server sendToAll
INFO: Reap dead connection: [DummyConnection Server connection - model.nation.sioux]
Apr 27, 2018 11:58:58 PM net.sf.freecol.server.networking.Server sendToAll
INFO: Reap dead connection: [DummyConnection Server connection - model.nation.english]
Apr 27, 2018 11:58:58 PM net.sf.freecol.server.networking.Server sendToAll
INFO: Reap dead connection: [DummyConnection Server connection - model.nation.inca]
Apr 27, 2018 11:58:58 PM net.sf.freecol.server.networking.Server sendToAll
INFO: Reap dead connection: [DummyConnection Server connection - model.nation.aztec]
Apr 27, 2018 11:58:58 PM net.sf.freecol.server.networking.Server sendToAll
INFO: Reap dead connection: [DummyConnection Server connection - model.nation.tupi]
Apr 27, 2018 11:58:58 PM net.sf.freecol.server.networking.Server sendToAll
INFO: Reap dead connection: [DummyConnection Server connection - model.nation.french]
Apr 27, 2018 11:58:58 PM net.sf.freecol.server.networking.Server sendToAll
INFO: Reap dead connection: [DummyConnection Server connection - model.nation.spanish]
Apr 27, 2018 11:58:58 PM net.sf.freecol.server.networking.Server sendToAll
INFO: Reap dead connection: [DummyConnection Server connection - model.nation.cherokee]
Apr 27, 2018 11:58:58 PM net.sf.freecol.server.networking.Server sendToAll
INFO: Reap dead connection: [DummyConnection Server connection - model.nation.iroquois]
Apr 27, 2018 11:58:58 PM net.sf.freecol.server.networking.Server sendToAll
INFO: Reap dead connection: [DummyConnection Server connection - model.nation.apache]
Apr 27, 2018 11:58:58 PM net.sf.freecol.server.networking.Server sendToAll
INFO: Reap dead connection: [DummyConnection Server connection - model.nation.dutch]
Apr 27, 2018 11:58:58 PM net.sf.freecol.server.networking.Server sendToAll
INFO: Reap dead connection: [DummyConnection Server connection - model.nation.arawak]
Apr 27, 2018 11:58:58 PM net.sf.freecol.common.util.LogBuilder log
INFO: Combat attacker=unit:347-kingsRegular-cavalry [Modifier model.modifier.offence (model.source.baseOffence) ADDITIVE 0.0 index=10] [Modifier model.modifier.offence (model.unit.kingsRegular) ADDITIVE 4.0 index=20] [Modifier model.modifier.offence (model.role.cavalry) ADDITIVE 3.0 index=30] [Modifier model.modifier.attackBonus (model.source.attackBonus) PERCENTAGE 50.0 index=50] = 10.5 defender=unit:348-colonialRegular-dragoon [Modifier model.modifier.defence (model.source.baseDefence) ADDITIVE 1.0 index=10] [Modifier model.modifier.defence (model.unit.colonialRegular) ADDITIVE 3.0 index=20] [Modifier model.modifier.defence (model.role.dragoon) ADDITIVE 2.0 index=30] = 6.0 odds=0.6363636363636364 random(1.0)=0.8500000238418579 great=false Attack LOSE LOSE_EQUIP
Apr 27, 2018 11:58:58 PM net.sf.freecol.server.model.ServerPlayer csChangeStance
INFO: Stance modification Louis XV PEACE -> WAR wrt Louis XIV
Apr 27, 2018 11:58:58 PM net.sf.freecol.server.model.ServerPlayer csChangeStance
INFO: Stance modification Louis XIV PEACE -> WAR wrt Louis XV (symmetric)
Apr 27, 2018 11:58:58 PM net.sf.freecol.common.util.LogBuilder log
INFO: Combat attacker=unit:348-colonialRegular-dragoon [Modifier model.modifier.offence (model.source.baseOffence) ADDITIVE 0.0 index=10] [Modifier model.modifier.offence (model.unit.colonialRegular) ADDITIVE 3.0 index=20] [Modifier model.modifier.offence (model.role.dragoon) ADDITIVE 3.0 index=30] [Modifier model.modifier.attackBonus (model.source.attackBonus) PERCENTAGE 50.0 index=50] = 9.0 defender=unit:347-kingsRegular-infantry [Modifier model.modifier.defence (model.source.baseDefence) ADDITIVE 1.0 index=10] [Modifier model.modifier.defence (model.unit.kingsRegular) ADDITIVE 4.0 index=20] [Modifier model.modifier.defence (model.role.infantry) ADDITIVE 1.0 index=30] = 6.0 odds=0.6 random(1.0)=0.20000000298023224 great=false Attack WIN SLAUGHTER_UNIT
Apr 27, 2018 11:58:58 PM net.sf.freecol.common.util.LogBuilder log
INFO: Combat attacker=unit:349-kingsRegular-cavalry [Modifier model.modifier.offence (model.source.baseOffence) ADDITIVE 0.0 index=10] [Modifier model.modifier.offence (model.unit.kingsRegular) ADDITIVE 4.0 index=20] [Modifier model.modifier.offence (model.role.cavalry) ADDITIVE 3.0 index=30] [Modifier model.modifier.attackBonus (model.source.attackBonus) PERCENTAGE 50.0 index=50] = 10.5 defender=unit:348-colonialRegular-dragoon [Modifier model.modifier.defence (model.source.baseDefence) ADDITIVE 1.0 index=10] [Modifier model.modifier.defence (model.unit.colonialRegular) ADDITIVE 3.0 index=20] [Modifier model.modifier.defence (model.role.dragoon) ADDITIVE 2.0 index=30] = 6.0 odds=0.6363636363636364 random(1.0)=0.20000000298023224 great=false Attack WIN LOSE_EQUIP
Apr 27, 2018 11:58:58 PM net.sf.freecol.common.util.LogBuilder log
INFO: Combat attacker=unit:349-kingsRegular-cavalry [Modifier model.modifier.offence (model.source.baseOffence) ADDITIVE 0.0 index=10] [Modifier model.modifier.offence (model.unit.kingsRegular) ADDITIVE 4.0 index=20] [Modifier model.modifier.offence (model.role.cavalry) ADDITIVE 3.0 index=30] [Modifier model.modifier.attackBonus (model.source.attackBonus) PERCENTAGE 50.0 index=50] = 10.5 defender=unit:348-colonialRegular-soldier [Modifier model.modifier.defence (model.source.baseDefence) ADDITIVE 1.0 index=10] [Modifier model.modifier.defence (model.unit.colonialRegular) ADDITIVE 3.0 index=20] [Modifier model.modifier.defence (model.role.soldier) ADDITIVE 1.0 index=30] = 5.0 odds=0.6774193548387096 random(1.0)=0.20000000298023224 great=false Attack WIN LOSE_EQUIP DEMOTE_UNIT
Apr 27, 2018 11:58:58 PM net.sf.freecol.common.util.LogBuilder log
INFO: Combat attacker=unit:349-kingsRegular-cavalry [Modifier model.modifier.offence (model.source.baseOffence) ADDITIVE 0.0 index=10] [Modifier model.modifier.offence (model.unit.kingsRegular) ADDITIVE 4.0 index=20] [Modifier model.modifier.offence (model.role.cavalry) ADDITIVE 3.0 index=30] [Modifier model.modifier.attackBonus (model.source.attackBonus) PERCENTAGE 50.0 index=50] = 10.5 defender=unit:348-veteranSoldier [Modifier model.modifier.defence (model.source.baseDefence) ADDITIVE 1.0 index=10] [Modifier model.modifier.defence (model.unit.veteranSoldier) PERCENTAGE 50.0 index=40] = 1.5 odds=0.875 random(1.0)=0.20000000298023224 great=false Attack WIN CAPTURE_UNIT
Apr 27, 2018 11:58:58 PM net.sf.freecol.common.model.Specification applyDifficultyLevel
INFO: Applying difficulty level model.difficulty.medium
Apr 27, 2018 11:58:58 PM net.sf.freecol.common.model.Specification applyDifficultyLevel
INFO: Applying difficulty level model.difficulty.medium
Apr 27, 2018 11:58:58 PM net.sf.freecol.common.model.Specification applyDifficultyLevel
INFO: Applying difficulty level model.difficulty.medium
Apr 27, 2018 11:58:58 PM net.sf.freecol.common.model.Specification applyDifficultyLevel
INFO: Applying difficulty level model.difficulty.medium
Apr 27, 2018 11:58:58 PM net.sf.freecol.common.model.Specification applyDifficultyLevel
INFO: Applying difficulty level model.difficulty.medium
Apr 27, 2018 11:58:58 PM net.sf.freecol.common.model.Specification applyDifficultyLevel
INFO: Applying difficulty level model.difficulty.medium
Apr 27, 2018 11:58:58 PM net.sf.freecol.common.model.Specification applyDifficultyLevel
INFO: Applying difficulty level model.difficulty.medium
Apr 27, 2018 11:58:58 PM net.sf.freecol.common.model.Specification applyDifficultyLevel
INFO: Applying difficulty level model.difficulty.medium
Apr 27, 2018 11:58:58 PM net.sf.freecol.common.model.Specification applyDifficultyLevel
INFO: Applying difficulty level model.difficulty.medium
Apr 27, 2018 11:58:58 PM net.sf.freecol.common.model.Specification applyDifficultyLevel
INFO: Applying difficulty level model.difficulty.medium
Apr 27, 2018 11:58:58 PM net.sf.freecol.common.model.Specification applyDifficultyLevel
INFO: Applying difficulty level model.difficulty.medium
Apr 27, 2018 11:58:58 PM net.sf.freecol.common.model.Specification applyDifficultyLevel
INFO: Applying difficulty level model.difficulty.medium
Apr 27, 2018 11:58:58 PM net.sf.freecol.common.model.Specification applyDifficultyLevel
INFO: Applying difficulty level model.difficulty.medium
Apr 27, 2018 11:58:58 PM net.sf.freecol.common.model.Specification applyDifficultyLevel
INFO: Applying difficulty level model.difficulty.medium
Apr 27, 2018 11:58:58 PM net.sf.freecol.common.model.Specification applyDifficultyLevel
INFO: Applying difficulty level model.difficulty.medium
Apr 27, 2018 11:58:58 PM net.sf.freecol.common.model.Specification applyDifficultyLevel
INFO: Applying difficulty level model.difficulty.medium
Apr 27, 2018 11:58:58 PM net.sf.freecol.common.model.Specification applyDifficultyLevel
INFO: Applying difficulty level model.difficulty.medium
Apr 27, 2018 11:58:58 PM net.sf.freecol.common.model.Specification applyDifficultyLevel
INFO: Applying difficulty level model.difficulty.medium
Apr 27, 2018 11:58:58 PM net.sf.freecol.common.model.Specification applyDifficultyLevel
INFO: Applying difficulty level model.difficulty.medium
Apr 27, 2018 11:58:58 PM net.sf.freecol.common.model.Specification applyDifficultyLevel
INFO: Applying difficulty level model.difficulty.medium
Apr 27, 2018 11:58:58 PM net.sf.freecol.common.model.Specification applyDifficultyLevel
INFO: Applying difficulty level model.difficulty.medium
Apr 27, 2018 11:58:58 PM net.sf.freecol.common.model.Specification applyDifficultyLevel
INFO: Applying difficulty level model.difficulty.medium
Apr 27, 2018 11:58:58 PM net.sf.freecol.common.model.Specification applyDifficultyLevel
INFO: Applying difficulty level model.difficulty.medium
Apr 27, 2018 11:58:58 PM net.sf.freecol.common.model.Specification applyDifficultyLevel
INFO: Applying difficulty level model.difficulty.medium
Apr 27, 2018 11:58:58 PM net.sf.freecol.common.model.Specification applyDifficultyLevel
INFO: Applying difficulty level model.difficulty.medium
Apr 27, 2018 11:58:58 PM net.sf.freecol.common.model.Specification applyDifficultyLevel
INFO: Applying difficulty level model.difficulty.medium
Apr 27, 2018 11:58:58 PM net.sf.freecol.common.model.Specification applyDifficultyLevel
INFO: Applying difficulty level model.difficulty.medium
Apr 27, 2018 11:58:58 PM net.sf.freecol.common.model.Specification applyDifficultyLevel
INFO: Applying difficulty level model.difficulty.medium
Apr 27, 2018 11:58:58 PM net.sf.freecol.common.model.Specification applyDifficultyLevel
INFO: Applying difficulty level model.difficulty.medium
Apr 27, 2018 11:58:58 PM net.sf.freecol.common.model.Specification applyDifficultyLevel
INFO: Applying difficulty level model.difficulty.medium
Apr 27, 2018 11:58:58 PM net.sf.freecol.common.model.Specification applyDifficultyLevel
INFO: Applying difficulty level model.difficulty.medium
Apr 27, 2018 11:58:58 PM net.sf.freecol.common.model.Specification applyDifficultyLevel
INFO: Applying difficulty level model.difficulty.medium
Apr 27, 2018 11:58:58 PM net.sf.freecol.common.model.Specification applyDifficultyLevel
INFO: Applying difficulty level model.difficulty.medium
Apr 27, 2018 11:58:58 PM net.sf.freecol.common.model.Specification applyDifficultyLevel
INFO: Applying difficulty level model.difficulty.medium
Apr 27, 2018 11:58:58 PM net.sf.freecol.common.model.Specification applyDifficultyLevel
INFO: Applying difficulty level model.difficulty.medium
Apr 27, 2018 11:58:58 PM net.sf.freecol.common.model.Specification applyDifficultyLevel
INFO: Applying difficulty level model.difficulty.medium
Apr 27, 2018 11:58:58 PM net.sf.freecol.common.model.Specification applyDifficultyLevel
INFO: Applying difficulty level model.difficulty.medium
Apr 27, 2018 11:58:58 PM net.sf.freecol.common.model.Specification applyDifficultyLevel
INFO: Applying difficulty level model.difficulty.medium
Apr 27, 2018 11:58:58 PM net.sf.freecol.common.model.Specification applyDifficultyLevel
INFO: Applying difficulty level model.difficulty.medium
Apr 27, 2018 11:58:58 PM net.sf.freecol.common.model.Specification applyDifficultyLevel
INFO: Applying difficulty level model.difficulty.medium
Apr 27, 2018 11:58:58 PM net.sf.freecol.common.model.Specification applyDifficultyLevel
INFO: Applying difficulty level model.difficulty.medium
Apr 27, 2018 11:58:58 PM net.sf.freecol.common.model.Specification applyDifficultyLevel
INFO: Applying difficulty level model.difficulty.medium
Apr 27, 2018 11:58:58 PM net.sf.freecol.common.model.Specification applyDifficultyLevel
INFO: Applying difficulty level model.difficulty.medium
Apr 27, 2018 11:58:58 PM net.sf.freecol.common.model.Specification applyDifficultyLevel
INFO: Applying difficulty level model.difficulty.medium
Apr 27, 2018 11:58:58 PM net.sf.freecol.common.model.Specification applyDifficultyLevel
INFO: Applying difficulty level model.difficulty.medium
Apr 27, 2018 11:58:58 PM net.sf.freecol.common.model.Specification applyDifficultyLevel
INFO: Applying difficulty level model.difficulty.medium
Apr 27, 2018 11:58:58 PM net.sf.freecol.common.model.Specification applyDifficultyLevel
INFO: Applying difficulty level model.difficulty.medium
Apr 27, 2018 11:58:58 PM net.sf.freecol.common.model.Specification applyDifficultyLevel
INFO: Applying difficulty level model.difficulty.medium
Apr 27, 2018 11:58:58 PM net.sf.freecol.common.model.Specification applyDifficultyLevel
INFO: Applying difficulty level model.difficulty.medium
Apr 27, 2018 11:58:58 PM net.sf.freecol.common.model.Specification applyDifficultyLevel
INFO: Applying difficulty level model.difficulty.medium
Apr 27, 2018 11:58:58 PM net.sf.freecol.common.model.Specification applyDifficultyLevel
INFO: Applying difficulty level model.difficulty.medium
Apr 27, 2018 11:58:58 PM net.sf.freecol.common.model.Specification applyDifficultyLevel
INFO: Applying difficulty level model.difficulty.medium
Apr 27, 2018 11:58:58 PM net.sf.freecol.common.model.Specification applyDifficultyLevel
INFO: Applying difficulty level model.difficulty.medium
Apr 27, 2018 11:58:58 PM net.sf.freecol.common.model.Specification applyDifficultyLevel
INFO: Applying difficulty level model.difficulty.medium
Apr 27, 2018 11:58:58 PM net.sf.freecol.common.model.Specification applyDifficultyLevel
INFO: Applying difficulty level model.difficulty.medium
Apr 27, 2018 11:58:58 PM net.sf.freecol.common.model.Specification applyDifficultyLevel
INFO: Applying difficulty level model.difficulty.medium
Apr 27, 2018 11:58:58 PM net.sf.freecol.common.model.Specification applyDifficultyLevel
INFO: Applying difficulty level model.difficulty.medium
Apr 27, 2018 11:58:58 PM net.sf.freecol.common.model.Specification applyDifficultyLevel
INFO: Applying difficulty level model.difficulty.medium
Apr 27, 2018 11:58:58 PM net.sf.freecol.common.model.Specification applyDifficultyLevel
INFO: Applying difficulty level model.difficulty.medium
Apr 27, 2018 11:58:58 PM net.sf.freecol.common.model.Specification applyDifficultyLevel
INFO: Applying difficulty level model.difficulty.medium
Apr 27, 2018 11:58:58 PM net.sf.freecol.common.model.Specification applyDifficultyLevel
INFO: Applying difficulty level model.difficulty.medium
Apr 27, 2018 11:58:58 PM net.sf.freecol.common.model.Specification applyDifficultyLevel
INFO: Applying difficulty level model.difficulty.medium
Apr 27, 2018 11:58:58 PM net.sf.freecol.common.model.Specification applyDifficultyLevel
INFO: Applying difficulty level model.difficulty.medium
Apr 27, 2018 11:58:58 PM net.sf.freecol.common.model.Specification applyDifficultyLevel
INFO: Applying difficulty level model.difficulty.medium
Apr 27, 2018 11:58:58 PM net.sf.freecol.common.model.Specification applyDifficultyLevel
INFO: Applying difficulty level model.difficulty.veryEasy
Apr 27, 2018 11:58:58 PM net.sf.freecol.common.model.Specification applyDifficultyLevel
INFO: Applying difficulty level model.difficulty.easy
Apr 27, 2018 11:58:58 PM net.sf.freecol.common.model.Specification applyDifficultyLevel
INFO: Applying difficulty level model.difficulty.medium
Apr 27, 2018 11:58:58 PM net.sf.freecol.common.model.Specification applyDifficultyLevel
INFO: Applying difficulty level model.difficulty.hard
Apr 27, 2018 11:58:58 PM net.sf.freecol.common.model.Specification applyDifficultyLevel
INFO: Applying difficulty level model.difficulty.veryHard
Apr 27, 2018 11:58:58 PM net.sf.freecol.common.model.Specification applyDifficultyLevel
INFO: Applying difficulty level model.difficulty.custom
Apr 27, 2018 11:58:58 PM net.sf.freecol.common.model.Specification applyDifficultyLevel
INFO: Applying difficulty level model.difficulty.medium
Apr 27, 2018 11:58:58 PM net.sf.freecol.common.model.Specification applyDifficultyLevel
INFO: Applying difficulty level model.difficulty.medium
Apr 27, 2018 11:58:58 PM net.sf.freecol.common.model.Specification applyDifficultyLevel
INFO: Applying difficulty level model.difficulty.medium
Apr 27, 2018 11:58:58 PM net.sf.freecol.common.model.Specification applyDifficultyLevel
INFO: Applying difficulty level model.difficulty.medium
Apr 27, 2018 11:58:58 PM net.sf.freecol.common.util.LogBuilder log
INFO: Destroying: unit:775
Apr 27, 2018 11:58:58 PM net.sf.freecol.common.model.Specification applyDifficultyLevel
INFO: Applying difficulty level model.difficulty.medium
Apr 27, 2018 11:58:58 PM net.sf.freecol.common.model.Specification applyDifficultyLevel
INFO: Applying difficulty level model.difficulty.medium
Apr 27, 2018 11:58:58 PM net.sf.freecol.common.model.Specification applyDifficultyLevel
INFO: Applying difficulty level model.difficulty.medium
Apr 27, 2018 11:58:58 PM net.sf.freecol.common.model.Specification applyDifficultyLevel
INFO: Applying difficulty level model.difficulty.medium
Apr 27, 2018 11:58:59 PM net.sf.freecol.common.model.Specification applyDifficultyLevel
INFO: Applying difficulty level model.difficulty.medium
Apr 27, 2018 11:59:00 PM net.sf.freecol.common.model.Specification applyDifficultyLevel
INFO: Applying difficulty level model.difficulty.medium
Apr 27, 2018 11:59:00 PM net.sf.freecol.common.FreeColSeed getFreeColSeed
INFO: Using seed: 1522098221784165022
Apr 27, 2018 11:59:00 PM net.sf.freecol.server.networking.Server sendToAll
INFO: Reap dead connection: [DummyConnection Server connection - model.nation.aztec]
Apr 27, 2018 11:59:00 PM net.sf.freecol.server.networking.Server sendToAll
INFO: Reap dead connection: [DummyConnection Server connection - model.nation.arawak]
Apr 27, 2018 11:59:00 PM net.sf.freecol.server.networking.Server sendToAll
INFO: Reap dead connection: [DummyConnection Server connection - model.nation.iroquois]
Apr 27, 2018 11:59:00 PM net.sf.freecol.server.networking.Server sendToAll
INFO: Reap dead connection: [DummyConnection Server connection - model.nation.sioux]
Apr 27, 2018 11:59:00 PM net.sf.freecol.server.networking.Server sendToAll
INFO: Reap dead connection: [DummyConnection Server connection - model.nation.dutch]
Apr 27, 2018 11:59:00 PM net.sf.freecol.server.networking.Server sendToAll
INFO: Reap dead connection: [DummyConnection Server connection - model.nation.french]
Apr 27, 2018 11:59:00 PM net.sf.freecol.server.networking.Server sendToAll
INFO: Reap dead connection: [DummyConnection Server connection - model.nation.apache]
Apr 27, 2018 11:59:00 PM net.sf.freecol.server.networking.Server sendToAll
INFO: Reap dead connection: [DummyConnection Server connection - model.nation.english]
Apr 27, 2018 11:59:00 PM net.sf.freecol.server.networking.Server sendToAll
INFO: Reap dead connection: [DummyConnection Server connection - model.nation.tupi]
Apr 27, 2018 11:59:00 PM net.sf.freecol.server.networking.Server sendToAll
INFO: Reap dead connection: [DummyConnection Server connection - model.nation.cherokee]
Apr 27, 2018 11:59:00 PM net.sf.freecol.server.networking.Server sendToAll
INFO: Reap dead connection: [DummyConnection Server connection - model.nation.spanish]
Apr 27, 2018 11:59:00 PM net.sf.freecol.server.networking.Server sendToAll
INFO: Reap dead connection: [DummyConnection Server connection - model.nation.inca]
Apr 27, 2018 11:59:00 PM net.sf.freecol.common.model.Specification applyDifficultyLevel
INFO: Applying difficulty level model.difficulty.medium
Apr 27, 2018 11:59:00 PM net.sf.freecol.common.model.Specification fixRoles
INFO: Loading role backward compatibility fragment: roles-compat.xml with roles: model.role.defaultmodel.role.scoutmodel.role.soldiermodel.role.dragoonmodel.role.pioneermodel.role.missionarymodel.role.infantrymodel.role.cavalrymodel.role.mountedBravemodel.role.armedBravemodel.role.nativeDragoon
Apr 27, 2018 11:59:00 PM net.sf.freecol.common.model.Specification checkDifficultyOptionGroup
INFO: Check group model.difficulty.immigration
Apr 27, 2018 11:59:00 PM net.sf.freecol.common.model.Specification checkDifficultyOptionGroup
INFO: Check group model.difficulty.natives
Apr 27, 2018 11:59:00 PM net.sf.freecol.common.model.Specification checkDifficultyOptionGroup
INFO: Check group model.difficulty.monarch
Apr 27, 2018 11:59:00 PM net.sf.freecol.common.model.Specification checkDifficultyOptionGroup
INFO: Check group model.difficulty.government
Apr 27, 2018 11:59:00 PM net.sf.freecol.common.model.Specification checkDifficultyOptionGroup
INFO: Check group model.difficulty.other
Apr 27, 2018 11:59:00 PM net.sf.freecol.common.model.Specification checkDifficultyOptionGroup
INFO: Check group model.difficulty.cheat
Apr 27, 2018 11:59:00 PM net.sf.freecol.common.model.Specification checkDifficultyUnitListOption
INFO: Added difficulty unit list option: model.option.immigrants
Apr 27, 2018 11:59:00 PM net.sf.freecol.common.model.Specification clean
INFO: Specification clean following load from InputStream complete, starting year=1492, season year=1600, ages=[1,109,309], seasons=2, 247 FreeColGameObjectTypes, 78 Abilities, 41 BuildingTypes, 14 Disasters, 5 EuropeanNationTypes, 2 Events, 25 FoundingFathers, 21 GoodsTypes, 8 IndianNationTypes, 60 Modifiers, 17 Nations, 65 Options, 16 Option Groups, 12 ResourceTypes, 11 Roles, 23 TileTypes, 6 TileImprovementTypes, 42 UnitTypes read.
Apr 27, 2018 11:59:00 PM net.sf.freecol.common.model.Specification applyDifficultyLevel
INFO: Applying difficulty level model.difficulty.veryEasy
Apr 27, 2018 11:59:00 PM net.sf.freecol.common.model.Specification checkDifficultyOptionGroup
INFO: Check group model.difficulty.immigration
Apr 27, 2018 11:59:00 PM net.sf.freecol.common.model.Specification checkDifficultyOptionGroup
INFO: Check group model.difficulty.natives
Apr 27, 2018 11:59:00 PM net.sf.freecol.common.model.Specification checkDifficultyOptionGroup
INFO: Check group model.difficulty.monarch
Apr 27, 2018 11:59:00 PM net.sf.freecol.common.model.Specification checkDifficultyOptionGroup
INFO: Check group model.difficulty.government
Apr 27, 2018 11:59:00 PM net.sf.freecol.common.model.Specification checkDifficultyOptionGroup
INFO: Check group model.difficulty.other
Apr 27, 2018 11:59:00 PM net.sf.freecol.common.model.Specification checkDifficultyOptionGroup
INFO: Check group model.difficulty.cheat
Apr 27, 2018 11:59:00 PM net.sf.freecol.common.model.Specification applyDifficultyLevel
INFO: Applying difficulty level model.difficulty.veryEasy
Apr 27, 2018 11:59:00 PM net.sf.freecol.common.model.Specification clean
INFO: Specification clean following load from InputStream complete, starting year=1492, season year=1600, ages=[1,109,309], seasons=2, 241 FreeColGameObjectTypes, 78 Abilities, 41 BuildingTypes, 14 Disasters, 5 EuropeanNationTypes, 2 Events, 25 FoundingFathers, 21 GoodsTypes, 8 IndianNationTypes, 60 Modifiers, 17 Nations, 112 Options, 22 Option Groups, 12 ResourceTypes, 11 Roles, 23 TileTypes, 6 TileImprovementTypes, 42 UnitTypes read.
Apr 27, 2018 11:59:00 PM net.sf.freecol.common.model.Specification fixRoles
INFO: Loading role backward compatibility fragment: roles-compat.xml with roles: model.role.defaultmodel.role.scoutmodel.role.soldiermodel.role.dragoonmodel.role.pioneermodel.role.missionarymodel.role.infantrymodel.role.cavalrymodel.role.mountedBravemodel.role.armedBravemodel.role.nativeDragoon
Apr 27, 2018 11:59:00 PM net.sf.freecol.common.model.Specification checkDifficultyOptionGroup
INFO: Check group model.difficulty.immigration
Apr 27, 2018 11:59:00 PM net.sf.freecol.common.model.Specification checkDifficultyOptionGroup
INFO: Check group model.difficulty.natives
Apr 27, 2018 11:59:00 PM net.sf.freecol.common.model.Specification checkDifficultyOptionGroup
INFO: Check group model.difficulty.monarch
Apr 27, 2018 11:59:00 PM net.sf.freecol.common.model.Specification checkDifficultyOptionGroup
INFO: Check group model.difficulty.government
Apr 27, 2018 11:59:00 PM net.sf.freecol.common.model.Specification checkDifficultyOptionGroup
INFO: Check group model.difficulty.other
Apr 27, 2018 11:59:00 PM net.sf.freecol.common.model.Specification checkDifficultyOptionGroup
INFO: Check group model.difficulty.cheat
Apr 27, 2018 11:59:00 PM net.sf.freecol.common.model.Specification checkDifficultyUnitListOption
INFO: Added difficulty unit list option: model.option.immigrants
Apr 27, 2018 11:59:00 PM net.sf.freecol.common.model.Specification clean
INFO: Specification clean following load from InputStream complete, starting year=1492, season year=1600, ages=[1,109,309], seasons=2, 247 FreeColGameObjectTypes, 78 Abilities, 41 BuildingTypes, 14 Disasters, 5 EuropeanNationTypes, 2 Events, 25 FoundingFathers, 21 GoodsTypes, 8 IndianNationTypes, 60 Modifiers, 17 Nations, 65 Options, 16 Option Groups, 12 ResourceTypes, 11 Roles, 23 TileTypes, 6 TileImprovementTypes, 42 UnitTypes read.
Apr 27, 2018 11:59:00 PM net.sf.freecol.common.model.Specification applyDifficultyLevel
INFO: Applying difficulty level model.difficulty.veryEasy
Apr 27, 2018 11:59:00 PM net.sf.freecol.common.model.Specification checkDifficultyOptionGroup
INFO: Check group model.difficulty.immigration
Apr 27, 2018 11:59:00 PM net.sf.freecol.common.model.Specification checkDifficultyOptionGroup
INFO: Check group model.difficulty.natives
Apr 27, 2018 11:59:00 PM net.sf.freecol.common.model.Specification checkDifficultyOptionGroup
INFO: Check group model.difficulty.monarch
Apr 27, 2018 11:59:00 PM net.sf.freecol.common.model.Specification checkDifficultyOptionGroup
INFO: Check group model.difficulty.government
Apr 27, 2018 11:59:00 PM net.sf.freecol.common.model.Specification checkDifficultyOptionGroup
INFO: Check group model.difficulty.other
Apr 27, 2018 11:59:00 PM net.sf.freecol.common.model.Specification checkDifficultyOptionGroup
INFO: Check group model.difficulty.cheat
Apr 27, 2018 11:59:00 PM net.sf.freecol.common.model.Specification applyDifficultyLevel
INFO: Applying difficulty level model.difficulty.veryEasy
Apr 27, 2018 11:59:00 PM net.sf.freecol.common.model.Specification clean
INFO: Specification clean following load from InputStream complete, starting year=1492, season year=1600, ages=[1,109,309], seasons=2, 241 FreeColGameObjectTypes, 78 Abilities, 41 BuildingTypes, 14 Disasters, 5 EuropeanNationTypes, 2 Events, 25 FoundingFathers, 21 GoodsTypes, 8 IndianNationTypes, 60 Modifiers, 17 Nations, 112 Options, 22 Option Groups, 12 ResourceTypes, 11 Roles, 23 TileTypes, 6 TileImprovementTypes, 42 UnitTypes read.
Apr 27, 2018 11:59:00 PM net.sf.freecol.common.model.Specification applyDifficultyLevel
INFO: Applying difficulty level model.difficulty.medium
Apr 27, 2018 11:59:00 PM net.sf.freecol.common.model.Specification applyDifficultyLevel
INFO: Applying difficulty level model.difficulty.medium
Apr 27, 2018 11:59:00 PM net.sf.freecol.common.model.Specification applyDifficultyLevel
INFO: Applying difficulty level model.difficulty.medium
Apr 27, 2018 11:59:00 PM net.sf.freecol.common.util.LogBuilder log
INFO: Destroying: goodsContainer:776 goodsContainer:778 unit:777 indianSettlement:775
Apr 27, 2018 11:59:00 PM net.sf.freecol.common.util.LogBuilder log
INFO: Destroying: goodsContainer:782 goodsContainer:784 unit:783 indianSettlement:781
Apr 27, 2018 11:59:00 PM net.sf.freecol.common.util.LogBuilder log
INFO: Destroying: goodsContainer:786 goodsContainer:788 unit:787 indianSettlement:785
Apr 27, 2018 11:59:00 PM net.sf.freecol.common.util.LogBuilder log
INFO: Destroying: goodsContainer:790 goodsContainer:792 unit:791 indianSettlement:789
Apr 27, 2018 11:59:00 PM net.sf.freecol.common.model.Specification applyDifficultyLevel
INFO: Applying difficulty level model.difficulty.medium
Apr 27, 2018 11:59:01 PM net.sf.freecol.common.model.Specification applyDifficultyLevel
INFO: Applying difficulty level model.difficulty.medium
Apr 27, 2018 11:59:01 PM net.sf.freecol.common.model.Specification applyDifficultyLevel
INFO: Applying difficulty level model.difficulty.medium
Apr 27, 2018 11:59:01 PM net.sf.freecol.common.model.Specification applyDifficultyLevel
INFO: Applying difficulty level model.difficulty.medium
Apr 27, 2018 11:59:01 PM net.sf.freecol.common.model.Specification applyDifficultyLevel
INFO: Applying difficulty level model.difficulty.medium
Apr 27, 2018 11:59:01 PM net.sf.freecol.common.model.Specification applyDifficultyLevel
INFO: Applying difficulty level model.difficulty.medium
Apr 27, 2018 11:59:01 PM net.sf.freecol.common.util.LogBuilder log
INFO: Destroying: tileImprovement:799
Apr 27, 2018 11:59:01 PM net.sf.freecol.common.model.Specification applyDifficultyLevel
INFO: Applying difficulty level model.difficulty.medium
Apr 27, 2018 11:59:01 PM net.sf.freecol.common.model.Specification applyDifficultyLevel
INFO: Applying difficulty level model.difficulty.medium
Apr 27, 2018 11:59:01 PM net.sf.freecol.common.model.Specification applyDifficultyLevel
INFO: Applying difficulty level model.difficulty.medium
Apr 27, 2018 11:59:01 PM net.sf.freecol.common.util.LogBuilder log
INFO: Destroying: tileImprovement:780
Apr 27, 2018 11:59:01 PM net.sf.freecol.common.model.Specification applyDifficultyLevel
INFO: Applying difficulty level model.difficulty.medium
Apr 27, 2018 11:59:01 PM net.sf.freecol.common.model.Specification applyDifficultyLevel
INFO: Applying difficulty level model.difficulty.medium
Apr 27, 2018 11:59:01 PM net.sf.freecol.common.model.Specification applyDifficultyLevel
INFO: Applying difficulty level model.difficulty.medium
Apr 27, 2018 11:59:01 PM net.sf.freecol.common.model.Specification applyDifficultyLevel
INFO: Applying difficulty level model.difficulty.medium
Apr 27, 2018 11:59:01 PM net.sf.freecol.common.model.Specification applyDifficultyLevel
INFO: Applying difficulty level model.difficulty.medium
Apr 27, 2018 11:59:01 PM net.sf.freecol.common.model.Specification applyDifficultyLevel
INFO: Applying difficulty level model.difficulty.medium
Apr 27, 2018 11:59:01 PM net.sf.freecol.common.model.Specification applyDifficultyLevel
INFO: Applying difficulty level model.difficulty.medium
Apr 27, 2018 11:59:01 PM net.sf.freecol.common.util.LogBuilder log
INFO: Destroying: tileImprovement:804
Apr 27, 2018 11:59:01 PM net.sf.freecol.common.model.Specification applyDifficultyLevel
INFO: Applying difficulty level model.difficulty.medium
Apr 27, 2018 11:59:01 PM net.sf.freecol.common.model.Specification applyDifficultyLevel
INFO: Applying difficulty level model.difficulty.medium
Apr 27, 2018 11:59:01 PM net.sf.freecol.common.model.Unit setLocation
WARNING: Can not add [unit:775 dutch merchantman 5/5] to tile:573
Apr 27, 2018 11:59:01 PM net.sf.freecol.common.model.Specification applyDifficultyLevel
INFO: Applying difficulty level model.difficulty.medium
Apr 27, 2018 11:59:01 PM net.sf.freecol.common.model.Unit setLocation
WARNING: Can not add [unit:775 dutch merchantman 5/5] to tile:573
Apr 27, 2018 11:59:01 PM net.sf.freecol.common.model.Specification applyDifficultyLevel
INFO: Applying difficulty level model.difficulty.medium
Apr 27, 2018 11:59:01 PM net.sf.freecol.common.model.Specification applyDifficultyLevel
INFO: Applying difficulty level model.difficulty.medium
Apr 27, 2018 11:59:01 PM net.sf.freecol.common.model.Specification applyDifficultyLevel
INFO: Applying difficulty level model.difficulty.medium
Apr 27, 2018 11:59:01 PM net.sf.freecol.common.model.Specification applyDifficultyLevel
INFO: Applying difficulty level model.difficulty.medium
Apr 27, 2018 11:59:01 PM net.sf.freecol.common.util.LogBuilder log
INFO: Destroying: goodsContainer:782 unit:781
Apr 27, 2018 11:59:01 PM net.sf.freecol.common.model.Specification applyDifficultyLevel
INFO: Applying difficulty level model.difficulty.medium
Apr 27, 2018 11:59:01 PM net.sf.freecol.common.model.Specification applyDifficultyLevel
INFO: Applying difficulty level model.difficulty.medium
Apr 27, 2018 11:59:01 PM net.sf.freecol.common.model.Unit setLocation
WARNING: Can not add [unit:775 dutch merchantman 5/5] to tile:573
Apr 27, 2018 11:59:01 PM net.sf.freecol.common.model.Specification applyDifficultyLevel
INFO: Applying difficulty level model.difficulty.medium
Apr 27, 2018 11:59:01 PM net.sf.freecol.common.model.Specification applyDifficultyLevel
INFO: Applying difficulty level model.difficulty.medium
Apr 27, 2018 11:59:01 PM net.sf.freecol.common.model.Unit setLocation
WARNING: Can not add [unit:777 dutch galleon 6/6] to tile:629
Apr 27, 2018 11:59:01 PM net.sf.freecol.common.model.Specification applyDifficultyLevel
INFO: Applying difficulty level model.difficulty.medium
Apr 27, 2018 11:59:01 PM net.sf.freecol.common.model.Specification applyDifficultyLevel
INFO: Applying difficulty level model.difficulty.medium
Apr 27, 2018 11:59:01 PM net.sf.freecol.common.model.Specification applyDifficultyLevel
INFO: Applying difficulty level model.difficulty.veryEasy
Apr 27, 2018 11:59:01 PM net.sf.freecol.common.model.Specification applyDifficultyLevel
INFO: Applying difficulty level model.difficulty.easy
Apr 27, 2018 11:59:01 PM net.sf.freecol.common.model.Specification applyDifficultyLevel
INFO: Applying difficulty level model.difficulty.medium
Apr 27, 2018 11:59:01 PM net.sf.freecol.common.model.Specification applyDifficultyLevel
INFO: Applying difficulty level model.difficulty.hard
Apr 27, 2018 11:59:01 PM net.sf.freecol.common.model.Specification applyDifficultyLevel
INFO: Applying difficulty level model.difficulty.veryHard
Apr 27, 2018 11:59:01 PM net.sf.freecol.common.model.Specification applyDifficultyLevel
INFO: Applying difficulty level model.difficulty.veryEasy
Apr 27, 2018 11:59:01 PM net.sf.freecol.common.model.Specification applyDifficultyLevel
INFO: Applying difficulty level model.difficulty.easy
Apr 27, 2018 11:59:01 PM net.sf.freecol.common.model.Specification applyDifficultyLevel
INFO: Applying difficulty level model.difficulty.medium
Apr 27, 2018 11:59:01 PM net.sf.freecol.common.model.Specification applyDifficultyLevel
INFO: Applying difficulty level model.difficulty.hard
Apr 27, 2018 11:59:01 PM net.sf.freecol.common.model.Specification applyDifficultyLevel
INFO: Applying difficulty level model.difficulty.veryHard
Apr 27, 2018 11:59:01 PM net.sf.freecol.common.model.Specification applyDifficultyLevel
INFO: Applying difficulty level model.difficulty.medium
Apr 27, 2018 11:59:01 PM net.sf.freecol.common.model.Specification applyDifficultyLevel
INFO: Applying difficulty level model.difficulty.medium
Apr 27, 2018 11:59:01 PM net.sf.freecol.common.model.Unit setLocation
WARNING: Can not add [unit:775 dutch frigate 6/6] to tile:574
Apr 27, 2018 11:59:01 PM net.sf.freecol.common.model.Specification applyDifficultyLevel
INFO: Applying difficulty level model.difficulty.medium
Apr 27, 2018 11:59:01 PM net.sf.freecol.common.model.Specification applyDifficultyLevel
INFO: Applying difficulty level model.difficulty.medium
Apr 27, 2018 11:59:01 PM net.sf.freecol.common.model.Specification applyDifficultyLevel
INFO: Applying difficulty level model.difficulty.medium
Apr 27, 2018 11:59:01 PM net.sf.freecol.common.model.Specification applyDifficultyLevel
INFO: Applying difficulty level model.difficulty.medium
Apr 27, 2018 11:59:01 PM net.sf.freecol.common.model.Specification applyDifficultyLevel
INFO: Applying difficulty level model.difficulty.medium
Apr 27, 2018 11:59:01 PM net.sf.freecol.common.resources.FontResource <init>
INFO: Loaded font: Serif.plain from: urn:font:Serif-PLAIN-12
Apr 27, 2018 11:59:01 PM net.sf.freecol.common.resources.FontResource <init>
INFO: Loaded font: Dialog.plain from: urn:font:Dialog-PLAIN-12
Apr 27, 2018 11:59:01 PM net.sf.freecol.common.resources.FontResource <init>
INFO: Loaded font: ShadowedBlack from: file:/C:/Users/user/Downloads/FreeCol-master/FreeCol/data/base/resources/fonts/ShadowedBlack.ttf
Apr 27, 2018 11:59:01 PM net.sf.freecol.common.util.LogBuilder log
INFO: Resource mapping, data\base/resources.properties loaded, data\base/resources_en.properties not found
Apr 27, 2018 11:59:01 PM net.sf.freecol.common.resources.ResourceManager setBaseMapping
INFO: setBaseMapping net.sf.freecol.common.resources.ResourceMapping@139982de
Apr 27, 2018 11:59:01 PM net.sf.freecol.common.util.LogBuilder log
INFO: Resource mapping, data\base/resources.properties loaded, data\base/resources_en.properties not found
Apr 27, 2018 11:59:01 PM net.sf.freecol.common.resources.ResourceManager setBaseMapping
INFO: setBaseMapping net.sf.freecol.common.resources.ResourceMapping@229f66ed
Apr 27, 2018 11:59:02 PM net.sf.freecol.common.util.LogBuilder log
INFO: Resource mapping, data\rules\classic/resources.properties loaded, data\rules\classic/resources_en.properties not found
Apr 27, 2018 11:59:02 PM net.sf.freecol.common.resources.ResourceManager setTcMapping
INFO: setTcMapping net.sf.freecol.common.resources.ResourceMapping@662ac478
Apr 27, 2018 11:59:05 PM net.sf.freecol.common.FreeColSeed getFreeColSeed
INFO: Using seed: -1491333794489455198
Apr 27, 2018 11:59:05 PM net.sf.freecol.common.model.LandMap <init>
INFO: Using land generator model.option.landGeneratorType.classic
Apr 27, 2018 11:59:05 PM net.sf.freecol.common.util.LogBuilder log
INFO: Destroying: tileImprovement:4342
Apr 27, 2018 11:59:05 PM net.sf.freecol.common.util.LogBuilder log
INFO: Destroying: tileImprovement:4344
Apr 27, 2018 11:59:05 PM net.sf.freecol.common.util.LogBuilder log
INFO: Destroying: tileImprovement:4346
Apr 27, 2018 11:59:05 PM net.sf.freecol.common.util.LogBuilder log
INFO: Destroying: tileImprovement:4348
Apr 27, 2018 11:59:05 PM net.sf.freecol.common.util.LogBuilder log
INFO: Destroying: tileImprovement:4350
Apr 27, 2018 11:59:05 PM net.sf.freecol.common.util.LogBuilder log
INFO: Destroying: tileImprovement:4352
Apr 27, 2018 11:59:05 PM net.sf.freecol.common.util.LogBuilder log
INFO: Destroying: tileImprovement:4354
Apr 27, 2018 11:59:05 PM net.sf.freecol.common.util.LogBuilder log
INFO: Destroying: tileImprovement:4356
Apr 27, 2018 11:59:05 PM net.sf.freecol.common.util.LogBuilder log
INFO: Destroying: tileImprovement:4358
Apr 27, 2018 11:59:05 PM net.sf.freecol.common.util.LogBuilder log
INFO: Destroying: tileImprovement:4360
Apr 27, 2018 11:59:05 PM net.sf.freecol.common.util.LogBuilder log
INFO: Destroying: tileImprovement:4362
Apr 27, 2018 11:59:05 PM net.sf.freecol.common.util.LogBuilder log
INFO: Destroying: tileImprovement:4393
Apr 27, 2018 11:59:05 PM net.sf.freecol.common.util.LogBuilder log
INFO: Destroying: tileImprovement:4395
Apr 27, 2018 11:59:05 PM net.sf.freecol.common.util.LogBuilder log
INFO: Destroying: tileImprovement:4397
Apr 27, 2018 11:59:05 PM net.sf.freecol.common.util.LogBuilder log
INFO: Destroying: tileImprovement:4399
Apr 27, 2018 11:59:05 PM net.sf.freecol.common.util.LogBuilder log
INFO: Destroying: tileImprovement:4401
Apr 27, 2018 11:59:05 PM net.sf.freecol.common.util.LogBuilder log
INFO: Destroying: tileImprovement:4403
Apr 27, 2018 11:59:05 PM net.sf.freecol.common.util.LogBuilder log
INFO: Destroying: tileImprovement:4405
Apr 27, 2018 11:59:05 PM net.sf.freecol.common.util.LogBuilder log
INFO: Destroying: tileImprovement:4407
Apr 27, 2018 11:59:05 PM net.sf.freecol.common.util.LogBuilder log
INFO: Destroying: tileImprovement:4409
Apr 27, 2018 11:59:05 PM net.sf.freecol.common.util.LogBuilder log
INFO: Destroying: tileImprovement:4411
Apr 27, 2018 11:59:05 PM net.sf.freecol.common.util.LogBuilder log
INFO: Destroying: tileImprovement:4413
Apr 27, 2018 11:59:05 PM net.sf.freecol.common.util.LogBuilder log
INFO: Destroying: tileImprovement:4415
Apr 27, 2018 11:59:05 PM net.sf.freecol.common.util.LogBuilder log
INFO: Destroying: tileImprovement:4417
Apr 27, 2018 11:59:05 PM net.sf.freecol.common.util.LogBuilder log
INFO: Destroying: tileImprovement:4419
Apr 27, 2018 11:59:05 PM net.sf.freecol.common.util.LogBuilder log
INFO: Destroying: tileImprovement:4421
Apr 27, 2018 11:59:05 PM net.sf.freecol.common.util.LogBuilder log
INFO: Destroying: tileImprovement:4423
Apr 27, 2018 11:59:05 PM net.sf.freecol.common.util.LogBuilder log
INFO: Destroying: tileImprovement:4425
Apr 27, 2018 11:59:05 PM net.sf.freecol.common.util.LogBuilder log
INFO: Destroying: tileImprovement:4497
Apr 27, 2018 11:59:05 PM net.sf.freecol.common.util.LogBuilder log
INFO: Destroying: tileImprovement:4499
Apr 27, 2018 11:59:05 PM net.sf.freecol.common.util.LogBuilder log
INFO: Destroying: tileImprovement:4501
Apr 27, 2018 11:59:05 PM net.sf.freecol.common.util.LogBuilder log
INFO: Destroying: tileImprovement:4503
Apr 27, 2018 11:59:05 PM net.sf.freecol.common.util.LogBuilder log
INFO: Destroying: tileImprovement:4505
Apr 27, 2018 11:59:05 PM net.sf.freecol.common.util.LogBuilder log
INFO: Destroying: tileImprovement:4507
Apr 27, 2018 11:59:05 PM net.sf.freecol.common.util.LogBuilder log
INFO: Destroying: tileImprovement:4509
Apr 27, 2018 11:59:05 PM net.sf.freecol.common.util.LogBuilder log
INFO: Destroying: tileImprovement:4283
Apr 27, 2018 11:59:05 PM net.sf.freecol.common.util.LogBuilder log
INFO: Destroying: tileImprovement:4285
Apr 27, 2018 11:59:05 PM net.sf.freecol.common.util.LogBuilder log
INFO: Destroying: tileImprovement:4287
Apr 27, 2018 11:59:05 PM net.sf.freecol.common.util.LogBuilder log
INFO: Destroying: tileImprovement:4289
Apr 27, 2018 11:59:05 PM net.sf.freecol.common.util.LogBuilder log
INFO: Destroying: tileImprovement:4291
Apr 27, 2018 11:59:05 PM net.sf.freecol.common.util.LogBuilder log
INFO: Destroying: tileImprovement:4293
Apr 27, 2018 11:59:05 PM net.sf.freecol.common.util.LogBuilder log
INFO: Destroying: tileImprovement:4295
Apr 27, 2018 11:59:05 PM net.sf.freecol.common.util.LogBuilder log
INFO: Destroying: tileImprovement:4297
Apr 27, 2018 11:59:05 PM net.sf.freecol.common.util.LogBuilder log
INFO: Destroying: tileImprovement:4299
Apr 27, 2018 11:59:05 PM net.sf.freecol.common.util.LogBuilder log
INFO: Destroying: tileImprovement:4301
Apr 27, 2018 11:59:05 PM net.sf.freecol.common.util.LogBuilder log
INFO: Destroying: tileImprovement:4303
Apr 27, 2018 11:59:05 PM net.sf.freecol.common.util.LogBuilder log
INFO: Destroying: tileImprovement:4305
Apr 27, 2018 11:59:05 PM net.sf.freecol.common.util.LogBuilder log
INFO: Destroying: tileImprovement:4307
Apr 27, 2018 11:59:05 PM net.sf.freecol.common.util.LogBuilder log
INFO: Destroying: tileImprovement:4309
Apr 27, 2018 11:59:05 PM net.sf.freecol.common.util.LogBuilder log
INFO: Destroying: tileImprovement:4311
Apr 27, 2018 11:59:05 PM net.sf.freecol.common.util.LogBuilder log
INFO: Destroying: tileImprovement:4313
Apr 27, 2018 11:59:05 PM net.sf.freecol.common.util.LogBuilder log
INFO: Destroying: tileImprovement:4315
Apr 27, 2018 11:59:05 PM net.sf.freecol.common.util.LogBuilder log
INFO: Destroying: tileImprovement:4317
Apr 27, 2018 11:59:05 PM net.sf.freecol.common.util.LogBuilder log
INFO: Destroying: tileImprovement:4319
Apr 27, 2018 11:59:05 PM net.sf.freecol.common.util.LogBuilder log
INFO: Destroying: tileImprovement:4321
Apr 27, 2018 11:59:05 PM net.sf.freecol.common.util.LogBuilder log
INFO: Destroying: tileImprovement:4323
Apr 27, 2018 11:59:05 PM net.sf.freecol.common.util.LogBuilder log
INFO: Destroying: tileImprovement:4325
Apr 27, 2018 11:59:05 PM net.sf.freecol.common.util.LogBuilder log
INFO: Destroying: tileImprovement:4327
Apr 27, 2018 11:59:05 PM net.sf.freecol.common.util.LogBuilder log
INFO: Destroying: tileImprovement:4329
Apr 27, 2018 11:59:05 PM net.sf.freecol.common.util.LogBuilder log
INFO: Destroying: tileImprovement:4331
Apr 27, 2018 11:59:05 PM net.sf.freecol.common.util.LogBuilder log
INFO: Destroying: tileImprovement:4333
Apr 27, 2018 11:59:05 PM net.sf.freecol.common.util.LogBuilder log
INFO: Destroying: tileImprovement:4373
Apr 27, 2018 11:59:05 PM net.sf.freecol.common.util.LogBuilder log
INFO: Destroying: tileImprovement:4375
Apr 27, 2018 11:59:05 PM net.sf.freecol.common.util.LogBuilder log
INFO: Destroying: tileImprovement:4377
Apr 27, 2018 11:59:05 PM net.sf.freecol.common.util.LogBuilder log
INFO: Destroying: tileImprovement:4379
Apr 27, 2018 11:59:05 PM net.sf.freecol.common.util.LogBuilder log
INFO: Destroying: tileImprovement:4381
Apr 27, 2018 11:59:05 PM net.sf.freecol.common.util.LogBuilder log
INFO: Destroying: tileImprovement:4383
Apr 27, 2018 11:59:05 PM net.sf.freecol.common.util.LogBuilder log
INFO: Destroying: tileImprovement:4385
Apr 27, 2018 11:59:05 PM net.sf.freecol.common.util.LogBuilder log
INFO: Destroying: tileImprovement:4387
Apr 27, 2018 11:59:05 PM net.sf.freecol.common.util.LogBuilder log
INFO: Destroying: tileImprovement:4389
Apr 27, 2018 11:59:05 PM net.sf.freecol.common.util.LogBuilder log
INFO: Destroying: tileImprovement:4391
Apr 27, 2018 11:59:05 PM net.sf.freecol.common.util.LogBuilder log
INFO: Destroying: tileImprovement:4525
Apr 27, 2018 11:59:05 PM net.sf.freecol.common.util.LogBuilder log
INFO: Destroying: tileImprovement:4526
Apr 27, 2018 11:59:05 PM net.sf.freecol.common.util.LogBuilder log
INFO: Destroying: tileImprovement:4527
Apr 27, 2018 11:59:05 PM net.sf.freecol.common.util.LogBuilder log
INFO: Destroying: tileImprovement:4528
Apr 27, 2018 11:59:05 PM net.sf.freecol.common.util.LogBuilder log
INFO: Destroying: tileImprovement:4529
Apr 27, 2018 11:59:05 PM net.sf.freecol.common.util.LogBuilder log
INFO: Destroying: tileImprovement:4530
Apr 27, 2018 11:59:05 PM net.sf.freecol.common.util.LogBuilder log
INFO: Destroying: tileImprovement:4531
Apr 27, 2018 11:59:05 PM net.sf.freecol.common.util.LogBuilder log
INFO: Destroying: tileImprovement:4532
Apr 27, 2018 11:59:05 PM net.sf.freecol.common.util.LogBuilder log
INFO: Destroying: tileImprovement:4533
Apr 27, 2018 11:59:05 PM net.sf.freecol.common.util.LogBuilder log
INFO: Destroying: tileImprovement:4534
Apr 27, 2018 11:59:05 PM net.sf.freecol.common.util.LogBuilder log
INFO: Destroying: tileImprovement:4535
Apr 27, 2018 11:59:05 PM net.sf.freecol.common.util.LogBuilder log
INFO: Destroying: tileImprovement:4536
Apr 27, 2018 11:59:05 PM net.sf.freecol.common.util.LogBuilder log
INFO: Destroying: tileImprovement:4537
Apr 27, 2018 11:59:05 PM net.sf.freecol.common.util.LogBuilder log
INFO: Destroying: tileImprovement:4538
Apr 27, 2018 11:59:05 PM net.sf.freecol.common.util.LogBuilder log
INFO: Destroying: tileImprovement:4539
Apr 27, 2018 11:59:05 PM net.sf.freecol.common.util.LogBuilder log
INFO: Destroying: tileImprovement:4540
Apr 27, 2018 11:59:05 PM net.sf.freecol.common.util.LogBuilder log
INFO: Destroying: tileImprovement:4541
Apr 27, 2018 11:59:05 PM net.sf.freecol.common.util.LogBuilder log
INFO: Destroying: tileImprovement:4645
Apr 27, 2018 11:59:05 PM net.sf.freecol.common.util.LogBuilder log
INFO: Destroying: tileImprovement:4647
Apr 27, 2018 11:59:05 PM net.sf.freecol.common.util.LogBuilder log
INFO: Destroying: tileImprovement:4649
Apr 27, 2018 11:59:05 PM net.sf.freecol.common.util.LogBuilder log
INFO: Destroying: tileImprovement:4631
Apr 27, 2018 11:59:05 PM net.sf.freecol.common.util.LogBuilder log
INFO: Destroying: tileImprovement:4632
Apr 27, 2018 11:59:05 PM net.sf.freecol.common.util.LogBuilder log
INFO: Destroying: tileImprovement:4633
Apr 27, 2018 11:59:05 PM net.sf.freecol.common.util.LogBuilder log
INFO: Destroying: tileImprovement:4634
Apr 27, 2018 11:59:05 PM net.sf.freecol.common.util.LogBuilder log
INFO: Destroying: tileImprovement:4635
Apr 27, 2018 11:59:05 PM net.sf.freecol.common.util.LogBuilder log
INFO: Destroying: tileImprovement:4636
Apr 27, 2018 11:59:05 PM net.sf.freecol.common.util.LogBuilder log
INFO: Destroying: tileImprovement:4637
Apr 27, 2018 11:59:05 PM net.sf.freecol.common.util.LogBuilder log
INFO: Destroying: tileImprovement:4638
Apr 27, 2018 11:59:05 PM net.sf.freecol.common.util.LogBuilder log
INFO: Destroying: tileImprovement:4639
Apr 27, 2018 11:59:05 PM net.sf.freecol.common.util.LogBuilder log
INFO: Destroying: tileImprovement:4640
Apr 27, 2018 11:59:05 PM net.sf.freecol.common.util.LogBuilder log
INFO: Destroying: tileImprovement:4564
Apr 27, 2018 11:59:05 PM net.sf.freecol.common.util.LogBuilder log
INFO: Destroying: tileImprovement:4566
Apr 27, 2018 11:59:05 PM net.sf.freecol.common.util.LogBuilder log
INFO: Destroying: tileImprovement:4568
Apr 27, 2018 11:59:05 PM net.sf.freecol.common.util.LogBuilder log
INFO: Destroying: tileImprovement:4570
Apr 27, 2018 11:59:05 PM net.sf.freecol.common.util.LogBuilder log
INFO: Destroying: tileImprovement:4572
Apr 27, 2018 11:59:05 PM net.sf.freecol.common.util.LogBuilder log
INFO: Destroying: tileImprovement:4574
Apr 27, 2018 11:59:05 PM net.sf.freecol.common.util.LogBuilder log
INFO: Destroying: tileImprovement:4576
Apr 27, 2018 11:59:05 PM net.sf.freecol.common.util.LogBuilder log
INFO: Destroying: tileImprovement:4578
Apr 27, 2018 11:59:05 PM net.sf.freecol.common.util.LogBuilder log
INFO: Destroying: tileImprovement:4580
Apr 27, 2018 11:59:05 PM net.sf.freecol.common.util.LogBuilder log
INFO: Destroying: tileImprovement:4582
Apr 27, 2018 11:59:05 PM net.sf.freecol.common.util.LogBuilder log
INFO: Destroying: tileImprovement:4584
Apr 27, 2018 11:59:05 PM net.sf.freecol.common.util.LogBuilder log
INFO: Destroying: tileImprovement:4586
Apr 27, 2018 11:59:05 PM net.sf.freecol.common.util.LogBuilder log
INFO: Destroying: tileImprovement:4588
Apr 27, 2018 11:59:05 PM net.sf.freecol.common.util.LogBuilder log
INFO: Destroying: tileImprovement:4547
Apr 27, 2018 11:59:05 PM net.sf.freecol.common.util.LogBuilder log
INFO: Destroying: tileImprovement:4548
Apr 27, 2018 11:59:05 PM net.sf.freecol.common.util.LogBuilder log
INFO: Destroying: tileImprovement:4549
Apr 27, 2018 11:59:05 PM net.sf.freecol.common.util.LogBuilder log
INFO: Destroying: tileImprovement:4550
Apr 27, 2018 11:59:05 PM net.sf.freecol.common.util.LogBuilder log
INFO: Destroying: tileImprovement:4551
Apr 27, 2018 11:59:05 PM net.sf.freecol.common.util.LogBuilder log
INFO: Destroying: tileImprovement:4552
Apr 27, 2018 11:59:05 PM net.sf.freecol.common.util.LogBuilder log
INFO: Destroying: tileImprovement:4553
Apr 27, 2018 11:59:05 PM net.sf.freecol.common.util.LogBuilder log
INFO: Destroying: tileImprovement:4669
Apr 27, 2018 11:59:05 PM net.sf.freecol.common.util.LogBuilder log
INFO: Destroying: tileImprovement:4657
Apr 27, 2018 11:59:05 PM net.sf.freecol.common.util.LogBuilder log
INFO: Destroying: tileImprovement:4658
Apr 27, 2018 11:59:05 PM net.sf.freecol.common.util.LogBuilder log
INFO: Destroying: tileImprovement:4659
Apr 27, 2018 11:59:05 PM net.sf.freecol.common.util.LogBuilder log
INFO: Destroying: tileImprovement:4558
Apr 27, 2018 11:59:05 PM net.sf.freecol.common.util.LogBuilder log
INFO: Destroying: tileImprovement:4560
Apr 27, 2018 11:59:05 PM net.sf.freecol.common.util.LogBuilder log
INFO: Destroying: tileImprovement:4562
Apr 27, 2018 11:59:05 PM net.sf.freecol.common.util.LogBuilder log
INFO: Destroying: tileImprovement:4677
Apr 27, 2018 11:59:06 PM net.sf.freecol.common.util.LogBuilder log
INFO: Destroying: tileImprovement:4678
Apr 27, 2018 11:59:06 PM net.sf.freecol.common.util.LogBuilder log
INFO: Destroying: tileImprovement:4679
Apr 27, 2018 11:59:06 PM net.sf.freecol.common.util.LogBuilder log
INFO: Destroying: tileImprovement:4680
Apr 27, 2018 11:59:06 PM net.sf.freecol.common.util.LogBuilder log
INFO: Destroying: tileImprovement:4681
Apr 27, 2018 11:59:06 PM net.sf.freecol.common.util.LogBuilder log
INFO: Destroying: tileImprovement:4682
Apr 27, 2018 11:59:06 PM net.sf.freecol.common.util.LogBuilder log
INFO: Destroying: tileImprovement:4683
Apr 27, 2018 11:59:06 PM net.sf.freecol.common.util.LogBuilder log
INFO: Destroying: tileImprovement:4684
Apr 27, 2018 11:59:06 PM net.sf.freecol.common.util.LogBuilder log
INFO: Destroying: tileImprovement:4685
Apr 27, 2018 11:59:06 PM net.sf.freecol.common.util.LogBuilder log
INFO: Destroying: tileImprovement:4686
Apr 27, 2018 11:59:06 PM net.sf.freecol.common.util.LogBuilder log
INFO: Destroying: tileImprovement:4687
Apr 27, 2018 11:59:06 PM net.sf.freecol.common.util.LogBuilder log
INFO: Destroying: tileImprovement:4688
Apr 27, 2018 11:59:06 PM net.sf.freecol.common.util.LogBuilder log
INFO: Destroying: tileImprovement:4689
Apr 27, 2018 11:59:06 PM net.sf.freecol.common.util.LogBuilder log
INFO: Destroying: tileImprovement:4778
Apr 27, 2018 11:59:06 PM net.sf.freecol.common.util.LogBuilder log
INFO: Destroying: tileImprovement:4780
Apr 27, 2018 11:59:06 PM net.sf.freecol.common.util.LogBuilder log
INFO: Destroying: tileImprovement:4782
Apr 27, 2018 11:59:06 PM net.sf.freecol.common.util.LogBuilder log
INFO: Destroying: tileImprovement:4617
Apr 27, 2018 11:59:06 PM net.sf.freecol.common.util.LogBuilder log
INFO: Destroying: tileImprovement:4619
Apr 27, 2018 11:59:06 PM net.sf.freecol.common.util.LogBuilder log
INFO: Destroying: tileImprovement:4621
Apr 27, 2018 11:59:06 PM net.sf.freecol.common.util.LogBuilder log
INFO: Destroying: tileImprovement:4623
Apr 27, 2018 11:59:06 PM net.sf.freecol.common.util.LogBuilder log
INFO: Destroying: tileImprovement:4625
Apr 27, 2018 11:59:06 PM net.sf.freecol.common.util.LogBuilder log
INFO: Destroying: tileImprovement:4591
Apr 27, 2018 11:59:06 PM net.sf.freecol.common.util.LogBuilder log
INFO: Destroying: tileImprovement:4592
Apr 27, 2018 11:59:06 PM net.sf.freecol.common.util.LogBuilder log
INFO: Destroying: tileImprovement:4593
Apr 27, 2018 11:59:06 PM net.sf.freecol.common.util.LogBuilder log
INFO: Destroying: tileImprovement:4594
Apr 27, 2018 11:59:06 PM net.sf.freecol.common.util.LogBuilder log
INFO: Destroying: tileImprovement:4595
Apr 27, 2018 11:59:06 PM net.sf.freecol.common.util.LogBuilder log
INFO: Destroying: tileImprovement:4596
Apr 27, 2018 11:59:06 PM net.sf.freecol.common.util.LogBuilder log
INFO: Destroying: tileImprovement:4597
Apr 27, 2018 11:59:06 PM net.sf.freecol.common.util.LogBuilder log
INFO: Destroying: tileImprovement:4598
Apr 27, 2018 11:59:06 PM net.sf.freecol.common.util.LogBuilder log
INFO: Destroying: tileImprovement:4599
Apr 27, 2018 11:59:06 PM net.sf.freecol.common.util.LogBuilder log
INFO: Destroying: tileImprovement:4600
Apr 27, 2018 11:59:06 PM net.sf.freecol.common.util.LogBuilder log
INFO: Destroying: tileImprovement:4601
Apr 27, 2018 11:59:06 PM net.sf.freecol.common.util.LogBuilder log
INFO: Destroying: tileImprovement:4602
Apr 27, 2018 11:59:06 PM net.sf.freecol.common.util.LogBuilder log
INFO: Destroying: tileImprovement:4603
Apr 27, 2018 11:59:06 PM net.sf.freecol.common.util.LogBuilder log
INFO: Destroying: tileImprovement:4604
Apr 27, 2018 11:59:06 PM net.sf.freecol.common.util.LogBuilder log
INFO: Destroying: tileImprovement:4605
Apr 27, 2018 11:59:06 PM net.sf.freecol.common.util.LogBuilder log
INFO: Destroying: tileImprovement:4606
Apr 27, 2018 11:59:06 PM net.sf.freecol.common.util.LogBuilder log
INFO: Destroying: tileImprovement:4607
Apr 27, 2018 11:59:06 PM net.sf.freecol.common.util.LogBuilder log
INFO: Destroying: tileImprovement:4608
Apr 27, 2018 11:59:06 PM net.sf.freecol.common.util.LogBuilder log
INFO: Destroying: tileImprovement:4609
Apr 27, 2018 11:59:06 PM net.sf.freecol.common.util.LogBuilder log
INFO: Destroying: tileImprovement:4610
Apr 27, 2018 11:59:06 PM net.sf.freecol.common.util.LogBuilder log
INFO: Destroying: tileImprovement:4611
Apr 27, 2018 11:59:06 PM net.sf.freecol.common.util.LogBuilder log
INFO: Destroying: tileImprovement:4612
Apr 27, 2018 11:59:06 PM net.sf.freecol.common.util.LogBuilder log
INFO: Destroying: tileImprovement:4613
Apr 27, 2018 11:59:06 PM net.sf.freecol.common.util.LogBuilder log
INFO: Destroying: tileImprovement:4614
Apr 27, 2018 11:59:06 PM net.sf.freecol.common.util.LogBuilder log
INFO: Destroying: tileImprovement:4615
Apr 27, 2018 11:59:06 PM net.sf.freecol.common.util.LogBuilder log
INFO: Destroying: tileImprovement:4616
Apr 27, 2018 11:59:06 PM net.sf.freecol.common.util.LogBuilder log
INFO: Destroying: tileImprovement:4726
Apr 27, 2018 11:59:06 PM net.sf.freecol.common.util.LogBuilder log
INFO: Destroying: tileImprovement:4728
Apr 27, 2018 11:59:06 PM net.sf.freecol.common.util.LogBuilder log
INFO: Destroying: tileImprovement:4730
Apr 27, 2018 11:59:06 PM net.sf.freecol.common.util.LogBuilder log
INFO: Destroying: tileImprovement:4732
Apr 27, 2018 11:59:06 PM net.sf.freecol.common.util.LogBuilder log
INFO: Destroying: tileImprovement:4734
Apr 27, 2018 11:59:06 PM net.sf.freecol.common.util.LogBuilder log
INFO: Destroying: tileImprovement:4723
Apr 27, 2018 11:59:06 PM net.sf.freecol.common.util.LogBuilder log
INFO: Destroying: tileImprovement:4724
Apr 27, 2018 11:59:06 PM net.sf.freecol.common.util.LogBuilder log
INFO: Destroying: tileImprovement:4725
Apr 27, 2018 11:59:06 PM net.sf.freecol.common.util.LogBuilder log
INFO: Destroying: tileImprovement:4663
Apr 27, 2018 11:59:06 PM net.sf.freecol.common.util.LogBuilder log
INFO: Destroying: tileImprovement:4665
Apr 27, 2018 11:59:06 PM net.sf.freecol.common.util.LogBuilder log
INFO: Destroying: tileImprovement:4667
Apr 27, 2018 11:59:06 PM net.sf.freecol.common.util.LogBuilder log
INFO: Destroying: tileImprovement:4710
Apr 27, 2018 11:59:06 PM net.sf.freecol.common.util.LogBuilder log
INFO: Destroying: tileImprovement:4277
Apr 27, 2018 11:59:06 PM net.sf.freecol.common.util.LogBuilder log
INFO: Destroying: tileImprovement:4492
Apr 27, 2018 11:59:06 PM net.sf.freecol.common.util.LogBuilder log
INFO: Destroying: tileImprovement:4494
Apr 27, 2018 11:59:06 PM net.sf.freecol.common.util.LogBuilder log
INFO: Destroying: tileImprovement:4465
Apr 27, 2018 11:59:06 PM net.sf.freecol.common.util.LogBuilder log
INFO: Destroying: tileImprovement:4466
Apr 27, 2018 11:59:06 PM net.sf.freecol.common.util.LogBuilder log
INFO: Destroying: tileImprovement:4467
Apr 27, 2018 11:59:06 PM net.sf.freecol.common.util.LogBuilder log
INFO: Destroying: tileImprovement:4468
Apr 27, 2018 11:59:06 PM net.sf.freecol.common.util.LogBuilder log
INFO: Destroying: tileImprovement:4469
Apr 27, 2018 11:59:06 PM net.sf.freecol.common.util.LogBuilder log
INFO: Destroying: tileImprovement:4470
Apr 27, 2018 11:59:06 PM net.sf.freecol.common.util.LogBuilder log
INFO: Destroying: tileImprovement:4471
Apr 27, 2018 11:59:06 PM net.sf.freecol.common.util.LogBuilder log
INFO: Destroying: tileImprovement:4472
Apr 27, 2018 11:59:06 PM net.sf.freecol.common.util.LogBuilder log
INFO: Destroying: tileImprovement:4473
Apr 27, 2018 11:59:06 PM net.sf.freecol.common.util.LogBuilder log
INFO: Destroying: tileImprovement:4474
Apr 27, 2018 11:59:06 PM net.sf.freecol.common.util.LogBuilder log
INFO: Destroying: tileImprovement:4475
Apr 27, 2018 11:59:06 PM net.sf.freecol.common.util.LogBuilder log
INFO: Destroying: tileImprovement:4977
Apr 27, 2018 11:59:06 PM net.sf.freecol.common.util.LogBuilder log
INFO: Destroying: tileImprovement:4979
Apr 27, 2018 11:59:06 PM net.sf.freecol.common.util.LogBuilder log
INFO: Destroying: tileImprovement:4981
Apr 27, 2018 11:59:06 PM net.sf.freecol.common.util.LogBuilder log
INFO: Destroying: tileImprovement:4430
Apr 27, 2018 11:59:06 PM net.sf.freecol.common.util.LogBuilder log
INFO: Destroying: tileImprovement:4432
Apr 27, 2018 11:59:06 PM net.sf.freecol.common.util.LogBuilder log
INFO: Destroying: tileImprovement:4434
Apr 27, 2018 11:59:06 PM net.sf.freecol.common.util.LogBuilder log
INFO: Destroying: tileImprovement:4436
Apr 27, 2018 11:59:06 PM net.sf.freecol.common.util.LogBuilder log
INFO: Destroying: tileImprovement:4438
Apr 27, 2018 11:59:06 PM net.sf.freecol.common.util.LogBuilder log
INFO: Destroying: tileImprovement:4440
Apr 27, 2018 11:59:06 PM net.sf.freecol.common.util.LogBuilder log
INFO: Destroying: tileImprovement:4442
Apr 27, 2018 11:59:06 PM net.sf.freecol.common.util.LogBuilder log
INFO: Destroying: tileImprovement:4444
Apr 27, 2018 11:59:06 PM net.sf.freecol.common.util.LogBuilder log
INFO: Destroying: tileImprovement:4428
Apr 27, 2018 11:59:06 PM net.sf.freecol.common.util.LogBuilder log
INFO: Destroying: tileImprovement:4692
Apr 27, 2018 11:59:06 PM net.sf.freecol.common.util.LogBuilder log
INFO: Destroying: tileImprovement:4694
Apr 27, 2018 11:59:06 PM net.sf.freecol.common.util.LogBuilder log
INFO: Destroying: tileImprovement:4696
Apr 27, 2018 11:59:06 PM net.sf.freecol.common.util.LogBuilder log
INFO: Destroying: tileImprovement:4698
Apr 27, 2018 11:59:06 PM net.sf.freecol.common.util.LogBuilder log
INFO: Destroying: tileImprovement:4700
Apr 27, 2018 11:59:06 PM net.sf.freecol.common.util.LogBuilder log
INFO: Destroying: tileImprovement:4702
Apr 27, 2018 11:59:06 PM net.sf.freecol.common.util.LogBuilder log
INFO: Destroying: tileImprovement:4968
Apr 27, 2018 11:59:06 PM net.sf.freecol.common.util.LogBuilder log
INFO: Destroying: tileImprovement:4970
Apr 27, 2018 11:59:06 PM net.sf.freecol.common.util.LogBuilder log
INFO: Destroying: tileImprovement:4972
Apr 27, 2018 11:59:06 PM net.sf.freecol.common.util.LogBuilder log
INFO: Destroying: tileImprovement:4967
Apr 27, 2018 11:59:06 PM net.sf.freecol.common.util.LogBuilder log
INFO: Destroying: tileImprovement:5042
Apr 27, 2018 11:59:06 PM net.sf.freecol.common.util.LogBuilder log
INFO: Destroying: tileImprovement:5043
Apr 27, 2018 11:59:06 PM net.sf.freecol.common.util.LogBuilder log
INFO: Destroying: tileImprovement:5044
Apr 27, 2018 11:59:06 PM net.sf.freecol.common.util.LogBuilder log
INFO: Destroying: tileImprovement:5045
Apr 27, 2018 11:59:06 PM net.sf.freecol.common.util.LogBuilder log
INFO: Destroying: tileImprovement:5046
Apr 27, 2018 11:59:06 PM net.sf.freecol.common.util.LogBuilder log
INFO: Destroying: tileImprovement:5073
Apr 27, 2018 11:59:06 PM net.sf.freecol.common.util.LogBuilder log
INFO: Destroying: tileImprovement:5075
Apr 27, 2018 11:59:06 PM net.sf.freecol.common.util.LogBuilder log
INFO: Destroying: tileImprovement:5065
Apr 27, 2018 11:59:06 PM net.sf.freecol.common.util.LogBuilder log
INFO: Destroying: tileImprovement:5066
Apr 27, 2018 11:59:06 PM net.sf.freecol.common.util.LogBuilder log
INFO: Destroying: tileImprovement:5067
Apr 27, 2018 11:59:06 PM net.sf.freecol.common.util.LogBuilder log
INFO: Destroying: tileImprovement:5068
Apr 27, 2018 11:59:06 PM net.sf.freecol.common.util.LogBuilder log
INFO: Destroying: tileImprovement:5069
Apr 27, 2018 11:59:06 PM net.sf.freecol.common.util.LogBuilder log
INFO: Destroying: tileImprovement:5070
Apr 27, 2018 11:59:06 PM net.sf.freecol.common.util.LogBuilder log
INFO: Destroying: tileImprovement:4273
Apr 27, 2018 11:59:06 PM net.sf.freecol.common.util.LogBuilder log
INFO: Destroying: tileImprovement:4275
Apr 27, 2018 11:59:06 PM net.sf.freecol.common.util.LogBuilder log
INFO: Destroying: tileImprovement:4889
Apr 27, 2018 11:59:06 PM net.sf.freecol.common.util.LogBuilder log
INFO: Destroying: tileImprovement:4891
Apr 27, 2018 11:59:06 PM net.sf.freecol.common.util.LogBuilder log
INFO: Destroying: tileImprovement:4893
Apr 27, 2018 11:59:06 PM net.sf.freecol.common.util.LogBuilder log
INFO: Destroying: tileImprovement:4882
Apr 27, 2018 11:59:06 PM net.sf.freecol.common.util.LogBuilder log
INFO: Destroying: tileImprovement:4883
Apr 27, 2018 11:59:06 PM net.sf.freecol.common.util.LogBuilder log
INFO: Destroying: tileImprovement:4884
Apr 27, 2018 11:59:06 PM net.sf.freecol.common.util.LogBuilder log
INFO: Destroying: tileImprovement:4885
Apr 27, 2018 11:59:06 PM net.sf.freecol.common.util.LogBuilder log
INFO: Destroying: tileImprovement:4886
Apr 27, 2018 11:59:06 PM net.sf.freecol.common.util.LogBuilder log
INFO: Destroying: tileImprovement:4794
Apr 27, 2018 11:59:06 PM net.sf.freecol.common.util.LogBuilder log
INFO: Destroying: tileImprovement:4796
Apr 27, 2018 11:59:06 PM net.sf.freecol.common.util.LogBuilder log
INFO: Destroying: tileImprovement:4798
Apr 27, 2018 11:59:06 PM net.sf.freecol.common.util.LogBuilder log
INFO: Destroying: tileImprovement:4800
Apr 27, 2018 11:59:06 PM net.sf.freecol.common.util.LogBuilder log
INFO: Destroying: tileImprovement:4802
Apr 27, 2018 11:59:06 PM net.sf.freecol.common.util.LogBuilder log
INFO: Destroying: tileImprovement:4900
Apr 27, 2018 11:59:06 PM net.sf.freecol.common.util.LogBuilder log
INFO: Destroying: tileImprovement:4902
Apr 27, 2018 11:59:06 PM net.sf.freecol.common.util.LogBuilder log
INFO: Destroying: tileImprovement:4904
Apr 27, 2018 11:59:06 PM net.sf.freecol.common.util.LogBuilder log
INFO: Destroying: tileImprovement:4906
Apr 27, 2018 11:59:06 PM net.sf.freecol.common.util.LogBuilder log
INFO: Destroying: tileImprovement:4908
Apr 27, 2018 11:59:06 PM net.sf.freecol.server.networking.Server sendToAll
INFO: Reap dead connection: [DummyConnection Server connection - model.nation.dutch]
Apr 27, 2018 11:59:06 PM net.sf.freecol.server.networking.Server sendToAll
INFO: Reap dead connection: [DummyConnection Server connection - model.nation.french]
Apr 27, 2018 11:59:06 PM net.sf.freecol.server.networking.Server sendToAll
INFO: Reap dead connection: [DummyConnection Server connection - model.nation.english]
Apr 27, 2018 11:59:06 PM net.sf.freecol.server.networking.Server sendToAll
INFO: Reap dead connection: [DummyConnection Server connection - model.nation.aztec]
Apr 27, 2018 11:59:06 PM net.sf.freecol.server.networking.Server sendToAll
INFO: Reap dead connection: [DummyConnection Server connection - model.nation.tupi]
Apr 27, 2018 11:59:06 PM net.sf.freecol.server.networking.Server sendToAll
INFO: Reap dead connection: [DummyConnection Server connection - model.nation.iroquois]
Apr 27, 2018 11:59:06 PM net.sf.freecol.server.networking.Server sendToAll
INFO: Reap dead connection: [DummyConnection Server connection - model.nation.apache]
Apr 27, 2018 11:59:06 PM net.sf.freecol.server.networking.Server sendToAll
INFO: Reap dead connection: [DummyConnection Server connection - model.nation.arawak]
Apr 27, 2018 11:59:06 PM net.sf.freecol.server.networking.Server sendToAll
INFO: Reap dead connection: [DummyConnection Server connection - model.nation.inca]
Apr 27, 2018 11:59:06 PM net.sf.freecol.server.networking.Server sendToAll
INFO: Reap dead connection: [DummyConnection Server connection - model.nation.sioux]
Apr 27, 2018 11:59:06 PM net.sf.freecol.server.networking.Server sendToAll
INFO: Reap dead connection: [DummyConnection Server connection - model.nation.cherokee]
Apr 27, 2018 11:59:06 PM net.sf.freecol.server.networking.Server sendToAll
INFO: Reap dead connection: [DummyConnection Server connection - model.nation.spanish]
Apr 27, 2018 11:59:06 PM net.sf.freecol.common.FreeColSeed getFreeColSeed
INFO: Using seed: -4137430193924349466
Apr 27, 2018 11:59:06 PM net.sf.freecol.server.FreeColServer readGame
INFO: Found savegame version 13
Apr 27, 2018 11:59:06 PM net.sf.freecol.common.model.Game readChild
INFO: Loading specification.
Apr 27, 2018 11:59:06 PM net.sf.freecol.common.model.Specification checkDifficultyOptionGroup
INFO: Check group model.difficulty.immigration
Apr 27, 2018 11:59:06 PM net.sf.freecol.common.model.Specification checkDifficultyOptionGroup
INFO: Check group model.difficulty.natives
Apr 27, 2018 11:59:06 PM net.sf.freecol.common.model.Specification checkDifficultyOptionGroup
INFO: Check group model.difficulty.monarch
Apr 27, 2018 11:59:06 PM net.sf.freecol.common.model.Specification checkDifficultyOptionGroup
INFO: Check group model.difficulty.government
Apr 27, 2018 11:59:06 PM net.sf.freecol.common.model.Specification checkDifficultyOptionGroup
INFO: Check group model.difficulty.other
Apr 27, 2018 11:59:06 PM net.sf.freecol.common.model.Specification checkDifficultyOptionGroup
INFO: Check group model.difficulty.cheat
Apr 27, 2018 11:59:06 PM net.sf.freecol.common.model.Specification applyDifficultyLevel
INFO: Applying difficulty level model.difficulty.medium
Apr 27, 2018 11:59:06 PM net.sf.freecol.common.model.Specification clean
INFO: Specification clean following load from stream complete, starting year=1492, season year=1600, ages=[1,109,309], seasons=2, 253 FreeColGameObjectTypes, 79 Abilities, 41 BuildingTypes, 14 Disasters, 9 EuropeanNationTypes, 2 Events, 25 FoundingFathers, 21 GoodsTypes, 8 IndianNationTypes, 59 Modifiers, 25 Nations, 161 Options, 23 Option Groups, 12 ResourceTypes, 11 Roles, 23 TileTypes, 6 TileImprovementTypes, 42 UnitTypes read.
Apr 27, 2018 11:59:06 PM net.sf.freecol.server.FreeColServer loadGame
INFO: Game integrity test succeeded.
Apr 27, 2018 11:59:06 PM net.sf.freecol.server.FreeColServer loadGame
INFO: AI integrity test succeeded
Apr 27, 2018 11:59:06 PM net.sf.freecol.common.FreeColSeed getFreeColSeed
INFO: Using seed: 4731110605172716660
Apr 27, 2018 11:59:06 PM net.sf.freecol.common.model.LandMap <init>
INFO: Using land generator model.option.landGeneratorType.classic
Apr 27, 2018 11:59:06 PM net.sf.freecol.common.util.LogBuilder log
INFO: Destroying: tileImprovement:4346
Apr 27, 2018 11:59:06 PM net.sf.freecol.common.util.LogBuilder log
INFO: Destroying: tileImprovement:4348
Apr 27, 2018 11:59:06 PM net.sf.freecol.common.util.LogBuilder log
INFO: Destroying: tileImprovement:4350
Apr 27, 2018 11:59:06 PM net.sf.freecol.common.util.LogBuilder log
INFO: Destroying: tileImprovement:4352
Apr 27, 2018 11:59:06 PM net.sf.freecol.common.util.LogBuilder log
INFO: Destroying: tileImprovement:4354
Apr 27, 2018 11:59:06 PM net.sf.freecol.common.util.LogBuilder log
INFO: Destroying: tileImprovement:4356
Apr 27, 2018 11:59:06 PM net.sf.freecol.common.util.LogBuilder log
INFO: Destroying: tileImprovement:4358
Apr 27, 2018 11:59:06 PM net.sf.freecol.common.util.LogBuilder log
INFO: Destroying: tileImprovement:4360
Apr 27, 2018 11:59:06 PM net.sf.freecol.common.util.LogBuilder log
INFO: Destroying: tileImprovement:4362
Apr 27, 2018 11:59:06 PM net.sf.freecol.common.util.LogBuilder log
INFO: Destroying: tileImprovement:4412
Apr 27, 2018 11:59:06 PM net.sf.freecol.common.util.LogBuilder log
INFO: Destroying: tileImprovement:4414
Apr 27, 2018 11:59:06 PM net.sf.freecol.common.util.LogBuilder log
INFO: Destroying: tileImprovement:4416
Apr 27, 2018 11:59:06 PM net.sf.freecol.common.util.LogBuilder log
INFO: Destroying: tileImprovement:4418
Apr 27, 2018 11:59:06 PM net.sf.freecol.common.util.LogBuilder log
INFO: Destroying: tileImprovement:4420
Apr 27, 2018 11:59:06 PM net.sf.freecol.common.util.LogBuilder log
INFO: Destroying: tileImprovement:4422
Apr 27, 2018 11:59:06 PM net.sf.freecol.common.util.LogBuilder log
INFO: Destroying: tileImprovement:4442
Apr 27, 2018 11:59:06 PM net.sf.freecol.common.util.LogBuilder log
INFO: Destroying: tileImprovement:4443
Apr 27, 2018 11:59:06 PM net.sf.freecol.common.util.LogBuilder log
INFO: Destroying: tileImprovement:4444
Apr 27, 2018 11:59:06 PM net.sf.freecol.common.util.LogBuilder log
INFO: Destroying: tileImprovement:4326
Apr 27, 2018 11:59:06 PM net.sf.freecol.common.util.LogBuilder log
INFO: Destroying: tileImprovement:4328
Apr 27, 2018 11:59:06 PM net.sf.freecol.common.util.LogBuilder log
INFO: Destroying: tileImprovement:4330
Apr 27, 2018 11:59:06 PM net.sf.freecol.common.util.LogBuilder log
INFO: Destroying: tileImprovement:4332
Apr 27, 2018 11:59:06 PM net.sf.freecol.common.util.LogBuilder log
INFO: Destroying: tileImprovement:4334
Apr 27, 2018 11:59:06 PM net.sf.freecol.common.util.LogBuilder log
INFO: Destroying: tileImprovement:4336
Apr 27, 2018 11:59:06 PM net.sf.freecol.common.util.LogBuilder log
INFO: Destroying: tileImprovement:4338
Apr 27, 2018 11:59:06 PM net.sf.freecol.common.util.LogBuilder log
INFO: Destroying: tileImprovement:4340
Apr 27, 2018 11:59:06 PM net.sf.freecol.common.util.LogBuilder log
INFO: Destroying: tileImprovement:4342
Apr 27, 2018 11:59:06 PM net.sf.freecol.common.util.LogBuilder log
INFO: Destroying: tileImprovement:4344
Apr 27, 2018 11:59:06 PM net.sf.freecol.common.util.LogBuilder log
INFO: Destroying: tileImprovement:4436
Apr 27, 2018 11:59:06 PM net.sf.freecol.common.util.LogBuilder log
INFO: Destroying: tileImprovement:4437
Apr 27, 2018 11:59:06 PM net.sf.freecol.common.util.LogBuilder log
INFO: Destroying: tileImprovement:4438
Apr 27, 2018 11:59:06 PM net.sf.freecol.common.util.LogBuilder log
INFO: Destroying: tileImprovement:4439
Apr 27, 2018 11:59:06 PM net.sf.freecol.common.util.LogBuilder log
INFO: Destroying: tileImprovement:4440
Apr 27, 2018 11:59:06 PM net.sf.freecol.common.util.LogBuilder log
INFO: Destroying: tileImprovement:4441
Apr 27, 2018 11:59:06 PM net.sf.freecol.common.util.LogBuilder log
INFO: Destroying: tileImprovement:4314
Apr 27, 2018 11:59:06 PM net.sf.freecol.common.util.LogBuilder log
INFO: Destroying: tileImprovement:4316
Apr 27, 2018 11:59:06 PM net.sf.freecol.common.util.LogBuilder log
INFO: Destroying: tileImprovement:4318
Apr 27, 2018 11:59:06 PM net.sf.freecol.common.util.LogBuilder log
INFO: Destroying: tileImprovement:4320
Apr 27, 2018 11:59:06 PM net.sf.freecol.common.util.LogBuilder log
INFO: Destroying: tileImprovement:4322
Apr 27, 2018 11:59:06 PM net.sf.freecol.common.util.LogBuilder log
INFO: Destroying: tileImprovement:4380
Apr 27, 2018 11:59:06 PM net.sf.freecol.common.util.LogBuilder log
INFO: Destroying: tileImprovement:4382
Apr 27, 2018 11:59:06 PM net.sf.freecol.common.util.LogBuilder log
INFO: Destroying: tileImprovement:4384
Apr 27, 2018 11:59:06 PM net.sf.freecol.common.util.LogBuilder log
INFO: Destroying: tileImprovement:4386
Apr 27, 2018 11:59:06 PM net.sf.freecol.common.util.LogBuilder log
INFO: Destroying: tileImprovement:4388
Apr 27, 2018 11:59:06 PM net.sf.freecol.common.util.LogBuilder log
INFO: Destroying: tileImprovement:4390
Apr 27, 2018 11:59:06 PM net.sf.freecol.common.util.LogBuilder log
INFO: Destroying: tileImprovement:4392
Apr 27, 2018 11:59:06 PM net.sf.freecol.common.util.LogBuilder log
INFO: Destroying: tileImprovement:4394
Apr 27, 2018 11:59:06 PM net.sf.freecol.common.util.LogBuilder log
INFO: Destroying: tileImprovement:4396
Apr 27, 2018 11:59:06 PM net.sf.freecol.common.util.LogBuilder log
INFO: Destroying: tileImprovement:4398
Apr 27, 2018 11:59:06 PM net.sf.freecol.common.util.LogBuilder log
INFO: Destroying: tileImprovement:4400
Apr 27, 2018 11:59:06 PM net.sf.freecol.common.util.LogBuilder log
INFO: Destroying: tileImprovement:4402
Apr 27, 2018 11:59:06 PM net.sf.freecol.common.util.LogBuilder log
INFO: Destroying: tileImprovement:4404
Apr 27, 2018 11:59:06 PM net.sf.freecol.common.util.LogBuilder log
INFO: Destroying: tileImprovement:4406
Apr 27, 2018 11:59:06 PM net.sf.freecol.common.util.LogBuilder log
INFO: Destroying: tileImprovement:4408
Apr 27, 2018 11:59:06 PM net.sf.freecol.common.util.LogBuilder log
INFO: Destroying: tileImprovement:4410
Apr 27, 2018 11:59:06 PM net.sf.freecol.common.util.LogBuilder log
INFO: Destroying: tileImprovement:4491
Apr 27, 2018 11:59:06 PM net.sf.freecol.common.util.LogBuilder log
INFO: Destroying: tileImprovement:4492
Apr 27, 2018 11:59:06 PM net.sf.freecol.common.util.LogBuilder log
INFO: Destroying: tileImprovement:4493
Apr 27, 2018 11:59:06 PM net.sf.freecol.common.util.LogBuilder log
INFO: Destroying: tileImprovement:4494
Apr 27, 2018 11:59:06 PM net.sf.freecol.common.util.LogBuilder log
INFO: Destroying: tileImprovement:4495
Apr 27, 2018 11:59:06 PM net.sf.freecol.common.util.LogBuilder log
INFO: Destroying: tileImprovement:4496
Apr 27, 2018 11:59:06 PM net.sf.freecol.common.util.LogBuilder log
INFO: Destroying: tileImprovement:4537
Apr 27, 2018 11:59:06 PM net.sf.freecol.common.util.LogBuilder log
INFO: Destroying: tileImprovement:4539
Apr 27, 2018 11:59:06 PM net.sf.freecol.common.util.LogBuilder log
INFO: Destroying: tileImprovement:4644
Apr 27, 2018 11:59:06 PM net.sf.freecol.common.util.LogBuilder log
INFO: Destroying: tileImprovement:4646
Apr 27, 2018 11:59:06 PM net.sf.freecol.common.util.LogBuilder log
INFO: Destroying: tileImprovement:4648
Apr 27, 2018 11:59:06 PM net.sf.freecol.common.util.LogBuilder log
INFO: Destroying: tileImprovement:4639
Apr 27, 2018 11:59:06 PM net.sf.freecol.common.util.LogBuilder log
INFO: Destroying: tileImprovement:4640
Apr 27, 2018 11:59:06 PM net.sf.freecol.common.util.LogBuilder log
INFO: Destroying: tileImprovement:4641
Apr 27, 2018 11:59:06 PM net.sf.freecol.common.util.LogBuilder log
INFO: Destroying: tileImprovement:4642
Apr 27, 2018 11:59:06 PM net.sf.freecol.common.util.LogBuilder log
INFO: Destroying: tileImprovement:4643
Apr 27, 2018 11:59:06 PM net.sf.freecol.common.util.LogBuilder log
INFO: Destroying: tileImprovement:4497
Apr 27, 2018 11:59:06 PM net.sf.freecol.common.util.LogBuilder log
INFO: Destroying: tileImprovement:4499
Apr 27, 2018 11:59:06 PM net.sf.freecol.common.util.LogBuilder log
INFO: Destroying: tileImprovement:4501
Apr 27, 2018 11:59:06 PM net.sf.freecol.common.util.LogBuilder log
INFO: Destroying: tileImprovement:4503
Apr 27, 2018 11:59:06 PM net.sf.freecol.common.util.LogBuilder log
INFO: Destroying: tileImprovement:4505
Apr 27, 2018 11:59:06 PM net.sf.freecol.common.util.LogBuilder log
INFO: Destroying: tileImprovement:4445
Apr 27, 2018 11:59:06 PM net.sf.freecol.common.util.LogBuilder log
INFO: Destroying: tileImprovement:4447
Apr 27, 2018 11:59:06 PM net.sf.freecol.common.util.LogBuilder log
INFO: Destroying: tileImprovement:4449
Apr 27, 2018 11:59:06 PM net.sf.freecol.common.util.LogBuilder log
INFO: Destroying: tileImprovement:4630
Apr 27, 2018 11:59:06 PM net.sf.freecol.common.util.LogBuilder log
INFO: Destroying: tileImprovement:4632
Apr 27, 2018 11:59:06 PM net.sf.freecol.common.util.LogBuilder log
INFO: Destroying: tileImprovement:4634
Apr 27, 2018 11:59:06 PM net.sf.freecol.common.util.LogBuilder log
INFO: Destroying: tileImprovement:4636
Apr 27, 2018 11:59:06 PM net.sf.freecol.common.util.LogBuilder log
INFO: Destroying: tileImprovement:4620
Apr 27, 2018 11:59:06 PM net.sf.freecol.common.util.LogBuilder log
INFO: Destroying: tileImprovement:4621
Apr 27, 2018 11:59:06 PM net.sf.freecol.common.util.LogBuilder log
INFO: Destroying: tileImprovement:4622
Apr 27, 2018 11:59:06 PM net.sf.freecol.common.util.LogBuilder log
INFO: Destroying: tileImprovement:4623
Apr 27, 2018 11:59:06 PM net.sf.freecol.common.util.LogBuilder log
INFO: Destroying: tileImprovement:4624
Apr 27, 2018 11:59:06 PM net.sf.freecol.common.util.LogBuilder log
INFO: Destroying: tileImprovement:4625
Apr 27, 2018 11:59:06 PM net.sf.freecol.common.util.LogBuilder log
INFO: Destroying: tileImprovement:4626
Apr 27, 2018 11:59:06 PM net.sf.freecol.common.util.LogBuilder log
INFO: Destroying: tileImprovement:4627
Apr 27, 2018 11:59:06 PM net.sf.freecol.common.util.LogBuilder log
INFO: Destroying: tileImprovement:4628
Apr 27, 2018 11:59:06 PM net.sf.freecol.common.util.LogBuilder log
INFO: Destroying: tileImprovement:4629
Apr 27, 2018 11:59:06 PM net.sf.freecol.common.util.LogBuilder log
INFO: Destroying: tileImprovement:4822
Apr 27, 2018 11:59:06 PM net.sf.freecol.common.util.LogBuilder log
INFO: Destroying: tileImprovement:4824
Apr 27, 2018 11:59:06 PM net.sf.freecol.common.util.LogBuilder log
INFO: Destroying: tileImprovement:4826
Apr 27, 2018 11:59:06 PM net.sf.freecol.common.util.LogBuilder log
INFO: Destroying: tileImprovement:4828
Apr 27, 2018 11:59:06 PM net.sf.freecol.common.util.LogBuilder log
INFO: Destroying: tileImprovement:4830
Apr 27, 2018 11:59:06 PM net.sf.freecol.common.util.LogBuilder log
INFO: Destroying: tileImprovement:4809
Apr 27, 2018 11:59:06 PM net.sf.freecol.common.util.LogBuilder log
INFO: Destroying: tileImprovement:4810
Apr 27, 2018 11:59:06 PM net.sf.freecol.common.util.LogBuilder log
INFO: Destroying: tileImprovement:4811
Apr 27, 2018 11:59:06 PM net.sf.freecol.common.util.LogBuilder log
INFO: Destroying: tileImprovement:4681
Apr 27, 2018 11:59:06 PM net.sf.freecol.common.util.LogBuilder log
INFO: Destroying: tileImprovement:4682
Apr 27, 2018 11:59:06 PM net.sf.freecol.common.util.LogBuilder log
INFO: Destroying: tileImprovement:4683
Apr 27, 2018 11:59:06 PM net.sf.freecol.common.util.LogBuilder log
INFO: Destroying: tileImprovement:4684
Apr 27, 2018 11:59:06 PM net.sf.freecol.common.util.LogBuilder log
INFO: Destroying: tileImprovement:4685
Apr 27, 2018 11:59:06 PM net.sf.freecol.common.util.LogBuilder log
INFO: Destroying: tileImprovement:4686
Apr 27, 2018 11:59:06 PM net.sf.freecol.common.util.LogBuilder log
INFO: Destroying: tileImprovement:4687
Apr 27, 2018 11:59:06 PM net.sf.freecol.common.util.LogBuilder log
INFO: Destroying: tileImprovement:4688
Apr 27, 2018 11:59:06 PM net.sf.freecol.common.util.LogBuilder log
INFO: Destroying: tileImprovement:4689
Apr 27, 2018 11:59:06 PM net.sf.freecol.common.util.LogBuilder log
INFO: Destroying: tileImprovement:4690
Apr 27, 2018 11:59:06 PM net.sf.freecol.common.util.LogBuilder log
INFO: Destroying: tileImprovement:4691
Apr 27, 2018 11:59:06 PM net.sf.freecol.common.util.LogBuilder log
INFO: Destroying: tileImprovement:4692
Apr 27, 2018 11:59:06 PM net.sf.freecol.common.util.LogBuilder log
INFO: Destroying: tileImprovement:4583
Apr 27, 2018 11:59:06 PM net.sf.freecol.common.util.LogBuilder log
INFO: Destroying: tileImprovement:4585
Apr 27, 2018 11:59:06 PM net.sf.freecol.common.util.LogBuilder log
INFO: Destroying: tileImprovement:4587
Apr 27, 2018 11:59:06 PM net.sf.freecol.common.util.LogBuilder log
INFO: Destroying: tileImprovement:4589
Apr 27, 2018 11:59:06 PM net.sf.freecol.common.util.LogBuilder log
INFO: Destroying: tileImprovement:4591
Apr 27, 2018 11:59:06 PM net.sf.freecol.common.util.LogBuilder log
INFO: Destroying: tileImprovement:4593
Apr 27, 2018 11:59:06 PM net.sf.freecol.common.util.LogBuilder log
INFO: Destroying: tileImprovement:4595
Apr 27, 2018 11:59:06 PM net.sf.freecol.common.util.LogBuilder log
INFO: Destroying: tileImprovement:4597
Apr 27, 2018 11:59:06 PM net.sf.freecol.common.util.LogBuilder log
INFO: Destroying: tileImprovement:4599
Apr 27, 2018 11:59:06 PM net.sf.freecol.common.util.LogBuilder log
INFO: Destroying: tileImprovement:4601
Apr 27, 2018 11:59:06 PM net.sf.freecol.common.util.LogBuilder log
INFO: Destroying: tileImprovement:4603
Apr 27, 2018 11:59:06 PM net.sf.freecol.common.util.LogBuilder log
INFO: Destroying: tileImprovement:4605
Apr 27, 2018 11:59:06 PM net.sf.freecol.common.util.LogBuilder log
INFO: Destroying: tileImprovement:4607
Apr 27, 2018 11:59:06 PM net.sf.freecol.common.util.LogBuilder log
INFO: Destroying: tileImprovement:4609
Apr 27, 2018 11:59:06 PM net.sf.freecol.common.util.LogBuilder log
INFO: Destroying: tileImprovement:4611
Apr 27, 2018 11:59:06 PM net.sf.freecol.common.util.LogBuilder log
INFO: Destroying: tileImprovement:4613
Apr 27, 2018 11:59:06 PM net.sf.freecol.common.util.LogBuilder log
INFO: Destroying: tileImprovement:4615
Apr 27, 2018 11:59:06 PM net.sf.freecol.common.util.LogBuilder log
INFO: Destroying: tileImprovement:4617
Apr 27, 2018 11:59:06 PM net.sf.freecol.common.util.LogBuilder log
INFO: Destroying: tileImprovement:4772
Apr 27, 2018 11:59:06 PM net.sf.freecol.common.util.LogBuilder log
INFO: Destroying: tileImprovement:4774
Apr 27, 2018 11:59:06 PM net.sf.freecol.common.util.LogBuilder log
INFO: Destroying: tileImprovement:4766
Apr 27, 2018 11:59:06 PM net.sf.freecol.common.util.LogBuilder log
INFO: Destroying: tileImprovement:4290
Apr 27, 2018 11:59:06 PM net.sf.freecol.common.util.LogBuilder log
INFO: Destroying: tileImprovement:4292
Apr 27, 2018 11:59:06 PM net.sf.freecol.common.util.LogBuilder log
INFO: Destroying: tileImprovement:4294
Apr 27, 2018 11:59:06 PM net.sf.freecol.common.util.LogBuilder log
INFO: Destroying: tileImprovement:4296
Apr 27, 2018 11:59:06 PM net.sf.freecol.common.util.LogBuilder log
INFO: Destroying: tileImprovement:4298
Apr 27, 2018 11:59:06 PM net.sf.freecol.common.util.LogBuilder log
INFO: Destroying: tileImprovement:4300
Apr 27, 2018 11:59:06 PM net.sf.freecol.common.util.LogBuilder log
INFO: Destroying: tileImprovement:4302
Apr 27, 2018 11:59:06 PM net.sf.freecol.common.util.LogBuilder log
INFO: Destroying: tileImprovement:4304
Apr 27, 2018 11:59:06 PM net.sf.freecol.common.util.LogBuilder log
INFO: Destroying: tileImprovement:4306
Apr 27, 2018 11:59:06 PM net.sf.freecol.common.util.LogBuilder log
INFO: Destroying: tileImprovement:4308
Apr 27, 2018 11:59:06 PM net.sf.freecol.server.networking.Server sendToAll
INFO: Reap dead connection: [DummyConnection Server connection - model.nation.french]
Apr 27, 2018 11:59:06 PM net.sf.freecol.server.networking.Server sendToAll
INFO: Reap dead connection: [DummyConnection Server connection - model.nation.dutch]
Apr 27, 2018 11:59:06 PM net.sf.freecol.server.networking.Server sendToAll
INFO: Reap dead connection: [DummyConnection Server connection - model.nation.aztec]
Apr 27, 2018 11:59:06 PM net.sf.freecol.server.networking.Server sendToAll
INFO: Reap dead connection: [DummyConnection Server connection - model.nation.spanish]
Apr 27, 2018 11:59:06 PM net.sf.freecol.server.networking.Server sendToAll
INFO: Reap dead connection: [DummyConnection Server connection - model.nation.tupi]
Apr 27, 2018 11:59:06 PM net.sf.freecol.server.networking.Server sendToAll
INFO: Reap dead connection: [DummyConnection Server connection - model.nation.sioux]
Apr 27, 2018 11:59:06 PM net.sf.freecol.server.networking.Server sendToAll
INFO: Reap dead connection: [DummyConnection Server connection - model.nation.english]
Apr 27, 2018 11:59:06 PM net.sf.freecol.server.networking.Server sendToAll
INFO: Reap dead connection: [DummyConnection Server connection - model.nation.cherokee]
Apr 27, 2018 11:59:06 PM net.sf.freecol.server.networking.Server sendToAll
INFO: Reap dead connection: [DummyConnection Server connection - model.nation.apache]
Apr 27, 2018 11:59:06 PM net.sf.freecol.server.networking.Server sendToAll
INFO: Reap dead connection: [DummyConnection Server connection - model.nation.inca]
Apr 27, 2018 11:59:06 PM net.sf.freecol.server.networking.Server sendToAll
INFO: Reap dead connection: [DummyConnection Server connection - model.nation.arawak]
Apr 27, 2018 11:59:06 PM net.sf.freecol.server.networking.Server sendToAll
INFO: Reap dead connection: [DummyConnection Server connection - model.nation.iroquois]
Apr 27, 2018 11:59:07 PM net.sf.freecol.server.FreeColServer readGame
INFO: Found savegame version 13
Apr 27, 2018 11:59:07 PM net.sf.freecol.common.model.Game readChild
INFO: Loading specification.
Apr 27, 2018 11:59:07 PM net.sf.freecol.common.model.Specification checkDifficultyOptionGroup
INFO: Check group model.difficulty.immigration
Apr 27, 2018 11:59:07 PM net.sf.freecol.common.model.Specification checkDifficultyOptionGroup
INFO: Check group model.difficulty.natives
Apr 27, 2018 11:59:07 PM net.sf.freecol.common.model.Specification checkDifficultyOptionGroup
INFO: Check group model.difficulty.monarch
Apr 27, 2018 11:59:07 PM net.sf.freecol.common.model.Specification checkDifficultyOptionGroup
INFO: Check group model.difficulty.government
Apr 27, 2018 11:59:07 PM net.sf.freecol.common.model.Specification checkDifficultyOptionGroup
INFO: Check group model.difficulty.other
Apr 27, 2018 11:59:07 PM net.sf.freecol.common.model.Specification checkDifficultyOptionGroup
INFO: Check group model.difficulty.cheat
Apr 27, 2018 11:59:07 PM net.sf.freecol.common.model.Specification applyDifficultyLevel
INFO: Applying difficulty level model.difficulty.medium
Apr 27, 2018 11:59:07 PM net.sf.freecol.common.model.Specification clean
INFO: Specification clean following load from stream complete, starting year=1492, season year=1600, ages=[1,109,309], seasons=2, 253 FreeColGameObjectTypes, 79 Abilities, 41 BuildingTypes, 14 Disasters, 9 EuropeanNationTypes, 2 Events, 25 FoundingFathers, 21 GoodsTypes, 8 IndianNationTypes, 59 Modifiers, 25 Nations, 161 Options, 23 Option Groups, 12 ResourceTypes, 11 Roles, 23 TileTypes, 6 TileImprovementTypes, 42 UnitTypes read.
Apr 27, 2018 11:59:07 PM net.sf.freecol.server.FreeColServer loadGame
INFO: Game integrity test succeeded.
Apr 27, 2018 11:59:07 PM net.sf.freecol.server.FreeColServer loadGame
INFO: AI integrity test succeeded
Apr 27, 2018 11:59:07 PM net.sf.freecol.common.FreeColSeed getFreeColSeed
INFO: Using seed: -5343526959582638401
Apr 27, 2018 11:59:07 PM net.sf.freecol.common.model.LandMap <init>
INFO: Using land generator model.option.landGeneratorType.classic
Apr 27, 2018 11:59:07 PM net.sf.freecol.common.util.LogBuilder log
INFO: Destroying: tileImprovement:4292
Apr 27, 2018 11:59:07 PM net.sf.freecol.common.util.LogBuilder log
INFO: Destroying: tileImprovement:4294
Apr 27, 2018 11:59:07 PM net.sf.freecol.common.util.LogBuilder log
INFO: Destroying: tileImprovement:4288
Apr 27, 2018 11:59:07 PM net.sf.freecol.common.util.LogBuilder log
INFO: Destroying: tileImprovement:4362
Apr 27, 2018 11:59:07 PM net.sf.freecol.common.util.LogBuilder log
INFO: Destroying: tileImprovement:4364
Apr 27, 2018 11:59:07 PM net.sf.freecol.common.util.LogBuilder log
INFO: Destroying: tileImprovement:4351
Apr 27, 2018 11:59:07 PM net.sf.freecol.common.util.LogBuilder log
INFO: Destroying: tileImprovement:4352
Apr 27, 2018 11:59:07 PM net.sf.freecol.common.util.LogBuilder log
INFO: Destroying: tileImprovement:4353
Apr 27, 2018 11:59:07 PM net.sf.freecol.common.util.LogBuilder log
INFO: Destroying: tileImprovement:4354
Apr 27, 2018 11:59:07 PM net.sf.freecol.common.util.LogBuilder log
INFO: Destroying: tileImprovement:4356
Apr 27, 2018 11:59:07 PM net.sf.freecol.common.util.LogBuilder log
INFO: Destroying: tileImprovement:4358
Apr 27, 2018 11:59:07 PM net.sf.freecol.common.util.LogBuilder log
INFO: Destroying: tileImprovement:4360
Apr 27, 2018 11:59:07 PM net.sf.freecol.common.util.LogBuilder log
INFO: Destroying: tileImprovement:4386
Apr 27, 2018 11:59:07 PM net.sf.freecol.common.util.LogBuilder log
INFO: Destroying: tileImprovement:4387
Apr 27, 2018 11:59:07 PM net.sf.freecol.common.util.LogBuilder log
INFO: Destroying: tileImprovement:4391
Apr 27, 2018 11:59:07 PM net.sf.freecol.common.util.LogBuilder log
INFO: Destroying: tileImprovement:4393
Apr 27, 2018 11:59:07 PM net.sf.freecol.common.util.LogBuilder log
INFO: Destroying: tileImprovement:4395
Apr 27, 2018 11:59:07 PM net.sf.freecol.common.util.LogBuilder log
INFO: Destroying: tileImprovement:4397
Apr 27, 2018 11:59:07 PM net.sf.freecol.common.util.LogBuilder log
INFO: Destroying: tileImprovement:4323
Apr 27, 2018 11:59:07 PM net.sf.freecol.common.util.LogBuilder log
INFO: Destroying: tileImprovement:4325
Apr 27, 2018 11:59:07 PM net.sf.freecol.common.util.LogBuilder log
INFO: Destroying: tileImprovement:4327
Apr 27, 2018 11:59:07 PM net.sf.freecol.common.util.LogBuilder log
INFO: Destroying: tileImprovement:4329
Apr 27, 2018 11:59:07 PM net.sf.freecol.common.util.LogBuilder log
INFO: Destroying: tileImprovement:4331
Apr 27, 2018 11:59:07 PM net.sf.freecol.common.util.LogBuilder log
INFO: Destroying: tileImprovement:4333
Apr 27, 2018 11:59:07 PM net.sf.freecol.common.util.LogBuilder log
INFO: Destroying: tileImprovement:4466
Apr 27, 2018 11:59:07 PM net.sf.freecol.common.util.LogBuilder log
INFO: Destroying: tileImprovement:4468
Apr 27, 2018 11:59:07 PM net.sf.freecol.common.util.LogBuilder log
INFO: Destroying: tileImprovement:4470
Apr 27, 2018 11:59:07 PM net.sf.freecol.common.util.LogBuilder log
INFO: Destroying: tileImprovement:4472
Apr 27, 2018 11:59:07 PM net.sf.freecol.common.util.LogBuilder log
INFO: Destroying: tileImprovement:4482
Apr 27, 2018 11:59:07 PM net.sf.freecol.common.util.LogBuilder log
INFO: Destroying: tileImprovement:4484
Apr 27, 2018 11:59:07 PM net.sf.freecol.common.util.LogBuilder log
INFO: Destroying: tileImprovement:4486
Apr 27, 2018 11:59:07 PM net.sf.freecol.common.util.LogBuilder log
INFO: Destroying: tileImprovement:4488
Apr 27, 2018 11:59:07 PM net.sf.freecol.common.util.LogBuilder log
INFO: Destroying: tileImprovement:4490
Apr 27, 2018 11:59:07 PM net.sf.freecol.common.util.LogBuilder log
INFO: Destroying: tileImprovement:4492
Apr 27, 2018 11:59:07 PM net.sf.freecol.common.util.LogBuilder log
INFO: Destroying: tileImprovement:4494
Apr 27, 2018 11:59:07 PM net.sf.freecol.common.util.LogBuilder log
INFO: Destroying: tileImprovement:4496
Apr 27, 2018 11:59:07 PM net.sf.freecol.common.util.LogBuilder log
INFO: Destroying: tileImprovement:4498
Apr 27, 2018 11:59:07 PM net.sf.freecol.common.util.LogBuilder log
INFO: Destroying: tileImprovement:4500
Apr 27, 2018 11:59:07 PM net.sf.freecol.common.util.LogBuilder log
INFO: Destroying: tileImprovement:4502
Apr 27, 2018 11:59:07 PM net.sf.freecol.common.util.LogBuilder log
INFO: Destroying: tileImprovement:4504
Apr 27, 2018 11:59:07 PM net.sf.freecol.common.util.LogBuilder log
INFO: Destroying: tileImprovement:4476
Apr 27, 2018 11:59:07 PM net.sf.freecol.common.util.LogBuilder log
INFO: Destroying: tileImprovement:4477
Apr 27, 2018 11:59:07 PM net.sf.freecol.common.util.LogBuilder log
INFO: Destroying: tileImprovement:4478
Apr 27, 2018 11:59:07 PM net.sf.freecol.common.util.LogBuilder log
INFO: Destroying: tileImprovement:4479
Apr 27, 2018 11:59:07 PM net.sf.freecol.common.util.LogBuilder log
INFO: Destroying: tileImprovement:4480
Apr 27, 2018 11:59:07 PM net.sf.freecol.common.util.LogBuilder log
INFO: Destroying: tileImprovement:4481
Apr 27, 2018 11:59:07 PM net.sf.freecol.common.util.LogBuilder log
INFO: Destroying: tileImprovement:4568
Apr 27, 2018 11:59:07 PM net.sf.freecol.common.util.LogBuilder log
INFO: Destroying: tileImprovement:4570
Apr 27, 2018 11:59:07 PM net.sf.freecol.common.util.LogBuilder log
INFO: Destroying: tileImprovement:4556
Apr 27, 2018 11:59:07 PM net.sf.freecol.common.util.LogBuilder log
INFO: Destroying: tileImprovement:4551
Apr 27, 2018 11:59:07 PM net.sf.freecol.common.util.LogBuilder log
INFO: Destroying: tileImprovement:4553
Apr 27, 2018 11:59:07 PM net.sf.freecol.common.util.LogBuilder log
INFO: Destroying: tileImprovement:4543
Apr 27, 2018 11:59:07 PM net.sf.freecol.common.util.LogBuilder log
INFO: Destroying: tileImprovement:4544
Apr 27, 2018 11:59:07 PM net.sf.freecol.common.util.LogBuilder log
INFO: Destroying: tileImprovement:4545
Apr 27, 2018 11:59:07 PM net.sf.freecol.common.util.LogBuilder log
INFO: Destroying: tileImprovement:4546
Apr 27, 2018 11:59:07 PM net.sf.freecol.common.util.LogBuilder log
INFO: Destroying: tileImprovement:4302
Apr 27, 2018 11:59:07 PM net.sf.freecol.common.util.LogBuilder log
INFO: Destroying: tileImprovement:4304
Apr 27, 2018 11:59:07 PM net.sf.freecol.common.util.LogBuilder log
INFO: Destroying: tileImprovement:4306
Apr 27, 2018 11:59:07 PM net.sf.freecol.common.util.LogBuilder log
INFO: Destroying: tileImprovement:4308
Apr 27, 2018 11:59:07 PM net.sf.freecol.common.util.LogBuilder log
INFO: Destroying: tileImprovement:4310
Apr 27, 2018 11:59:07 PM net.sf.freecol.common.util.LogBuilder log
INFO: Destroying: tileImprovement:4312
Apr 27, 2018 11:59:07 PM net.sf.freecol.common.util.LogBuilder log
INFO: Destroying: tileImprovement:4314
Apr 27, 2018 11:59:07 PM net.sf.freecol.common.util.LogBuilder log
INFO: Destroying: tileImprovement:4316
Apr 27, 2018 11:59:07 PM net.sf.freecol.common.util.LogBuilder log
INFO: Destroying: tileImprovement:4318
Apr 27, 2018 11:59:07 PM net.sf.freecol.common.util.LogBuilder log
INFO: Destroying: tileImprovement:4668
Apr 27, 2018 11:59:07 PM net.sf.freecol.common.util.LogBuilder log
INFO: Destroying: tileImprovement:4670
Apr 27, 2018 11:59:07 PM net.sf.freecol.common.util.LogBuilder log
INFO: Destroying: tileImprovement:4672
Apr 27, 2018 11:59:07 PM net.sf.freecol.common.util.LogBuilder log
INFO: Destroying: tileImprovement:4674
Apr 27, 2018 11:59:07 PM net.sf.freecol.common.util.LogBuilder log
INFO: Destroying: tileImprovement:4676
Apr 27, 2018 11:59:07 PM net.sf.freecol.common.util.LogBuilder log
INFO: Destroying: tileImprovement:4678
Apr 27, 2018 11:59:07 PM net.sf.freecol.common.util.LogBuilder log
INFO: Destroying: tileImprovement:4680
Apr 27, 2018 11:59:07 PM net.sf.freecol.common.util.LogBuilder log
INFO: Destroying: tileImprovement:4682
Apr 27, 2018 11:59:07 PM net.sf.freecol.common.util.LogBuilder log
INFO: Destroying: tileImprovement:4684
Apr 27, 2018 11:59:07 PM net.sf.freecol.common.util.LogBuilder log
INFO: Destroying: tileImprovement:4665
Apr 27, 2018 11:59:07 PM net.sf.freecol.common.util.LogBuilder log
INFO: Destroying: tileImprovement:4666
Apr 27, 2018 11:59:07 PM net.sf.freecol.common.util.LogBuilder log
INFO: Destroying: tileImprovement:4512
Apr 27, 2018 11:59:07 PM net.sf.freecol.common.util.LogBuilder log
INFO: Destroying: tileImprovement:4514
Apr 27, 2018 11:59:07 PM net.sf.freecol.common.util.LogBuilder log
INFO: Destroying: tileImprovement:4516
Apr 27, 2018 11:59:07 PM net.sf.freecol.common.util.LogBuilder log
INFO: Destroying: tileImprovement:4518
Apr 27, 2018 11:59:07 PM net.sf.freecol.common.util.LogBuilder log
INFO: Destroying: tileImprovement:4520
Apr 27, 2018 11:59:07 PM net.sf.freecol.common.util.LogBuilder log
INFO: Destroying: tileImprovement:4522
Apr 27, 2018 11:59:07 PM net.sf.freecol.common.util.LogBuilder log
INFO: Destroying: tileImprovement:4547
Apr 27, 2018 11:59:07 PM net.sf.freecol.common.util.LogBuilder log
INFO: Destroying: tileImprovement:4549
Apr 27, 2018 11:59:07 PM net.sf.freecol.common.util.LogBuilder log
INFO: Destroying: tileImprovement:4699
Apr 27, 2018 11:59:07 PM net.sf.freecol.common.util.LogBuilder log
INFO: Destroying: tileImprovement:4701
Apr 27, 2018 11:59:07 PM net.sf.freecol.common.util.LogBuilder log
INFO: Destroying: tileImprovement:4703
Apr 27, 2018 11:59:07 PM net.sf.freecol.common.util.LogBuilder log
INFO: Destroying: tileImprovement:4690
Apr 27, 2018 11:59:07 PM net.sf.freecol.common.util.LogBuilder log
INFO: Destroying: tileImprovement:4691
Apr 27, 2018 11:59:07 PM net.sf.freecol.common.util.LogBuilder log
INFO: Destroying: tileImprovement:4692
Apr 27, 2018 11:59:07 PM net.sf.freecol.common.util.LogBuilder log
INFO: Destroying: tileImprovement:4693
Apr 27, 2018 11:59:07 PM net.sf.freecol.common.util.LogBuilder log
INFO: Destroying: tileImprovement:4694
Apr 27, 2018 11:59:07 PM net.sf.freecol.common.util.LogBuilder log
INFO: Destroying: tileImprovement:4695
Apr 27, 2018 11:59:07 PM net.sf.freecol.common.util.LogBuilder log
INFO: Destroying: tileImprovement:4696
Apr 27, 2018 11:59:07 PM net.sf.freecol.common.util.LogBuilder log
INFO: Destroying: tileImprovement:4697
Apr 27, 2018 11:59:07 PM net.sf.freecol.common.util.LogBuilder log
INFO: Destroying: tileImprovement:4698
Apr 27, 2018 11:59:07 PM net.sf.freecol.common.util.LogBuilder log
INFO: Destroying: tileImprovement:4720
Apr 27, 2018 11:59:07 PM net.sf.freecol.common.util.LogBuilder log
INFO: Destroying: tileImprovement:4722
Apr 27, 2018 11:59:07 PM net.sf.freecol.common.util.LogBuilder log
INFO: Destroying: tileImprovement:4708
Apr 27, 2018 11:59:07 PM net.sf.freecol.common.util.LogBuilder log
INFO: Destroying: tileImprovement:4709
Apr 27, 2018 11:59:07 PM net.sf.freecol.common.util.LogBuilder log
INFO: Destroying: tileImprovement:4710
Apr 27, 2018 11:59:07 PM net.sf.freecol.common.util.LogBuilder log
INFO: Destroying: tileImprovement:4711
Apr 27, 2018 11:59:07 PM net.sf.freecol.common.util.LogBuilder log
INFO: Destroying: tileImprovement:4712
Apr 27, 2018 11:59:07 PM net.sf.freecol.common.util.LogBuilder log
INFO: Destroying: tileImprovement:4713
Apr 27, 2018 11:59:07 PM net.sf.freecol.common.util.LogBuilder log
INFO: Destroying: tileImprovement:4714
Apr 27, 2018 11:59:07 PM net.sf.freecol.common.util.LogBuilder log
INFO: Destroying: tileImprovement:4715
Apr 27, 2018 11:59:07 PM net.sf.freecol.common.util.LogBuilder log
INFO: Destroying: tileImprovement:4716
Apr 27, 2018 11:59:07 PM net.sf.freecol.common.util.LogBuilder log
INFO: Destroying: tileImprovement:4796
Apr 27, 2018 11:59:07 PM net.sf.freecol.common.util.LogBuilder log
INFO: Destroying: tileImprovement:4798
Apr 27, 2018 11:59:07 PM net.sf.freecol.common.util.LogBuilder log
INFO: Destroying: tileImprovement:4800
Apr 27, 2018 11:59:07 PM net.sf.freecol.common.util.LogBuilder log
INFO: Destroying: tileImprovement:4802
Apr 27, 2018 11:59:07 PM net.sf.freecol.common.util.LogBuilder log
INFO: Destroying: tileImprovement:4658
Apr 27, 2018 11:59:07 PM net.sf.freecol.common.util.LogBuilder log
INFO: Destroying: tileImprovement:4660
Apr 27, 2018 11:59:07 PM net.sf.freecol.common.util.LogBuilder log
INFO: Destroying: tileImprovement:4655
Apr 27, 2018 11:59:07 PM net.sf.freecol.common.util.LogBuilder log
INFO: Destroying: tileImprovement:4656
Apr 27, 2018 11:59:07 PM net.sf.freecol.common.util.LogBuilder log
INFO: Destroying: tileImprovement:4657
Apr 27, 2018 11:59:07 PM net.sf.freecol.common.util.LogBuilder log
INFO: Destroying: tileImprovement:4748
Apr 27, 2018 11:59:07 PM net.sf.freecol.common.util.LogBuilder log
INFO: Destroying: tileImprovement:4749
Apr 27, 2018 11:59:07 PM net.sf.freecol.common.util.LogBuilder log
INFO: Destroying: tileImprovement:4784
Apr 27, 2018 11:59:07 PM net.sf.freecol.common.util.LogBuilder log
INFO: Destroying: tileImprovement:4775
Apr 27, 2018 11:59:07 PM net.sf.freecol.common.util.LogBuilder log
INFO: Destroying: tileImprovement:4776
Apr 27, 2018 11:59:07 PM net.sf.freecol.common.util.LogBuilder log
INFO: Destroying: tileImprovement:4637
Apr 27, 2018 11:59:07 PM net.sf.freecol.common.util.LogBuilder log
INFO: Destroying: tileImprovement:4639
Apr 27, 2018 11:59:07 PM net.sf.freecol.common.util.LogBuilder log
INFO: Destroying: tileImprovement:4627
Apr 27, 2018 11:59:07 PM net.sf.freecol.common.util.LogBuilder log
INFO: Destroying: tileImprovement:4588
Apr 27, 2018 11:59:07 PM net.sf.freecol.common.util.LogBuilder log
INFO: Destroying: tileImprovement:4589
Apr 27, 2018 11:59:07 PM net.sf.freecol.common.util.LogBuilder log
INFO: Destroying: tileImprovement:4590
Apr 27, 2018 11:59:07 PM net.sf.freecol.common.util.LogBuilder log
INFO: Destroying: tileImprovement:4591
Apr 27, 2018 11:59:07 PM net.sf.freecol.common.util.LogBuilder log
INFO: Destroying: tileImprovement:4592
Apr 27, 2018 11:59:07 PM net.sf.freecol.common.util.LogBuilder log
INFO: Destroying: tileImprovement:4593
Apr 27, 2018 11:59:07 PM net.sf.freecol.common.util.LogBuilder log
INFO: Destroying: tileImprovement:4594
Apr 27, 2018 11:59:07 PM net.sf.freecol.common.util.LogBuilder log
INFO: Destroying: tileImprovement:4595
Apr 27, 2018 11:59:07 PM net.sf.freecol.common.util.LogBuilder log
INFO: Destroying: tileImprovement:4596
Apr 27, 2018 11:59:07 PM net.sf.freecol.common.util.LogBuilder log
INFO: Destroying: tileImprovement:4597
Apr 27, 2018 11:59:07 PM net.sf.freecol.common.util.LogBuilder log
INFO: Destroying: tileImprovement:4598
Apr 27, 2018 11:59:07 PM net.sf.freecol.common.util.LogBuilder log
INFO: Destroying: tileImprovement:4895
Apr 27, 2018 11:59:07 PM net.sf.freecol.common.util.LogBuilder log
INFO: Destroying: tileImprovement:4897
Apr 27, 2018 11:59:07 PM net.sf.freecol.common.util.LogBuilder log
INFO: Destroying: tileImprovement:4899
Apr 27, 2018 11:59:07 PM net.sf.freecol.server.networking.Server sendToAll
INFO: Reap dead connection: [DummyConnection Server connection - model.nation.french]
Apr 27, 2018 11:59:07 PM net.sf.freecol.server.networking.Server sendToAll
INFO: Reap dead connection: [DummyConnection Server connection - model.nation.english]
Apr 27, 2018 11:59:07 PM net.sf.freecol.server.networking.Server sendToAll
INFO: Reap dead connection: [DummyConnection Server connection - model.nation.sioux]
Apr 27, 2018 11:59:07 PM net.sf.freecol.server.networking.Server sendToAll
INFO: Reap dead connection: [DummyConnection Server connection - model.nation.tupi]
Apr 27, 2018 11:59:07 PM net.sf.freecol.server.networking.Server sendToAll
INFO: Reap dead connection: [DummyConnection Server connection - model.nation.aztec]
Apr 27, 2018 11:59:07 PM net.sf.freecol.server.networking.Server sendToAll
INFO: Reap dead connection: [DummyConnection Server connection - model.nation.cherokee]
Apr 27, 2018 11:59:07 PM net.sf.freecol.server.networking.Server sendToAll
INFO: Reap dead connection: [DummyConnection Server connection - model.nation.spanish]
Apr 27, 2018 11:59:07 PM net.sf.freecol.server.networking.Server sendToAll
INFO: Reap dead connection: [DummyConnection Server connection - model.nation.inca]
Apr 27, 2018 11:59:07 PM net.sf.freecol.server.networking.Server sendToAll
INFO: Reap dead connection: [DummyConnection Server connection - model.nation.dutch]
Apr 27, 2018 11:59:07 PM net.sf.freecol.server.networking.Server sendToAll
INFO: Reap dead connection: [DummyConnection Server connection - model.nation.iroquois]
Apr 27, 2018 11:59:07 PM net.sf.freecol.server.networking.Server sendToAll
INFO: Reap dead connection: [DummyConnection Server connection - model.nation.apache]
Apr 27, 2018 11:59:07 PM net.sf.freecol.server.networking.Server sendToAll
INFO: Reap dead connection: [DummyConnection Server connection - model.nation.arawak]
Apr 27, 2018 11:59:07 PM net.sf.freecol.common.FreeColSeed getFreeColSeed
INFO: Using seed: -1948283260894561689
Apr 27, 2018 11:59:07 PM net.sf.freecol.server.FreeColServer readGame
INFO: Found savegame version 13
Apr 27, 2018 11:59:07 PM net.sf.freecol.common.model.Game readChild
INFO: Reloading specification.
Apr 27, 2018 11:59:07 PM net.sf.freecol.common.model.Specification checkDifficultyOptionGroup
INFO: Check group model.difficulty.immigration
Apr 27, 2018 11:59:07 PM net.sf.freecol.common.model.Specification checkDifficultyOptionGroup
INFO: Check group model.difficulty.natives
Apr 27, 2018 11:59:07 PM net.sf.freecol.common.model.Specification checkDifficultyOptionGroup
INFO: Check group model.difficulty.monarch
Apr 27, 2018 11:59:07 PM net.sf.freecol.common.model.Specification checkDifficultyOptionGroup
INFO: Check group model.difficulty.government
Apr 27, 2018 11:59:07 PM net.sf.freecol.common.model.Specification checkDifficultyOptionGroup
INFO: Check group model.difficulty.other
Apr 27, 2018 11:59:07 PM net.sf.freecol.common.model.Specification checkDifficultyOptionGroup
INFO: Check group model.difficulty.cheat
Apr 27, 2018 11:59:07 PM net.sf.freecol.common.model.Specification applyDifficultyLevel
INFO: Applying difficulty level model.difficulty.medium
Apr 27, 2018 11:59:07 PM net.sf.freecol.common.model.Specification clean
INFO: Specification clean following load from stream complete, starting year=1492, season year=1600, ages=[1,109,309], seasons=2, 253 FreeColGameObjectTypes, 79 Abilities, 41 BuildingTypes, 14 Disasters, 9 EuropeanNationTypes, 2 Events, 25 FoundingFathers, 21 GoodsTypes, 8 IndianNationTypes, 59 Modifiers, 25 Nations, 161 Options, 23 Option Groups, 12 ResourceTypes, 11 Roles, 23 TileTypes, 6 TileImprovementTypes, 42 UnitTypes read.
Apr 27, 2018 11:59:07 PM net.sf.freecol.server.FreeColServer readGame
INFO: Imported file test\data\test.fsg
Apr 27, 2018 11:59:07 PM net.sf.freecol.server.networking.Server sendToAll
INFO: Reap dead connection: [DummyConnection Server connection - model.nation.dutch]
Apr 27, 2018 11:59:07 PM net.sf.freecol.server.networking.Server sendToAll
INFO: Reap dead connection: [DummyConnection Server connection - model.nation.english]
Apr 27, 2018 11:59:07 PM net.sf.freecol.server.networking.Server sendToAll
INFO: Reap dead connection: [DummyConnection Server connection - model.nation.apache]
Apr 27, 2018 11:59:07 PM net.sf.freecol.server.networking.Server sendToAll
INFO: Reap dead connection: [DummyConnection Server connection - model.nation.iroquois]
Apr 27, 2018 11:59:07 PM net.sf.freecol.server.networking.Server sendToAll
INFO: Reap dead connection: [DummyConnection Server connection - model.nation.tupi]
Apr 27, 2018 11:59:07 PM net.sf.freecol.server.networking.Server sendToAll
INFO: Reap dead connection: [DummyConnection Server connection - model.nation.aztec]
Apr 27, 2018 11:59:07 PM net.sf.freecol.server.networking.Server sendToAll
INFO: Reap dead connection: [DummyConnection Server connection - model.nation.spanish]
Apr 27, 2018 11:59:07 PM net.sf.freecol.server.networking.Server sendToAll
INFO: Reap dead connection: [DummyConnection Server connection - model.nation.sioux]
Apr 27, 2018 11:59:07 PM net.sf.freecol.server.networking.Server sendToAll
INFO: Reap dead connection: [DummyConnection Server connection - model.nation.cherokee]
Apr 27, 2018 11:59:07 PM net.sf.freecol.server.networking.Server sendToAll
INFO: Reap dead connection: [DummyConnection Server connection - model.nation.inca]
Apr 27, 2018 11:59:07 PM net.sf.freecol.server.networking.Server sendToAll
INFO: Reap dead connection: [DummyConnection Server connection - model.nation.arawak]
Apr 27, 2018 11:59:07 PM net.sf.freecol.server.networking.Server sendToAll
INFO: Reap dead connection: [DummyConnection Server connection - model.nation.french]
Apr 27, 2018 11:59:07 PM net.sf.freecol.common.model.Specification applyDifficultyLevel
INFO: Applying difficulty level model.difficulty.medium
Apr 27, 2018 11:59:07 PM net.sf.freecol.common.FreeColSeed getFreeColSeed
INFO: Using seed: -7997207001310261937
Apr 27, 2018 11:59:07 PM net.sf.freecol.server.networking.Server sendToAll
INFO: Reap dead connection: [DummyConnection Server connection - model.nation.cherokee]
Apr 27, 2018 11:59:07 PM net.sf.freecol.server.networking.Server sendToAll
INFO: Reap dead connection: [DummyConnection Server connection - model.nation.apache]
Apr 27, 2018 11:59:07 PM net.sf.freecol.server.networking.Server sendToAll
INFO: Reap dead connection: [DummyConnection Server connection - model.nation.iroquois]
Apr 27, 2018 11:59:07 PM net.sf.freecol.server.networking.Server sendToAll
INFO: Reap dead connection: [DummyConnection Server connection - model.nation.dutch]
Apr 27, 2018 11:59:07 PM net.sf.freecol.server.networking.Server sendToAll
INFO: Reap dead connection: [DummyConnection Server connection - model.nation.aztec]
Apr 27, 2018 11:59:07 PM net.sf.freecol.server.networking.Server sendToAll
INFO: Reap dead connection: [DummyConnection Server connection - model.nation.arawak]
Apr 27, 2018 11:59:07 PM net.sf.freecol.server.networking.Server sendToAll
INFO: Reap dead connection: [DummyConnection Server connection - model.nation.english]
Apr 27, 2018 11:59:07 PM net.sf.freecol.server.networking.Server sendToAll
INFO: Reap dead connection: [DummyConnection Server connection - model.nation.sioux]
Apr 27, 2018 11:59:07 PM net.sf.freecol.server.networking.Server sendToAll
INFO: Reap dead connection: [DummyConnection Server connection - model.nation.french]
Apr 27, 2018 11:59:07 PM net.sf.freecol.server.networking.Server sendToAll
INFO: Reap dead connection: [DummyConnection Server connection - model.nation.inca]
Apr 27, 2018 11:59:07 PM net.sf.freecol.server.networking.Server sendToAll
INFO: Reap dead connection: [DummyConnection Server connection - model.nation.spanish]
Apr 27, 2018 11:59:07 PM net.sf.freecol.server.networking.Server sendToAll
INFO: Reap dead connection: [DummyConnection Server connection - model.nation.tupi]
Apr 27, 2018 11:59:07 PM net.sf.freecol.common.model.Specification applyDifficultyLevel
INFO: Applying difficulty level model.difficulty.medium
Apr 27, 2018 11:59:07 PM net.sf.freecol.common.FreeColSeed getFreeColSeed
INFO: Using seed: 1548836576296532385
Apr 27, 2018 11:59:07 PM net.sf.freecol.server.networking.Server sendToAll
INFO: Reap dead connection: [DummyConnection Server connection - model.nation.arawak]
Apr 27, 2018 11:59:07 PM net.sf.freecol.server.networking.Server sendToAll
INFO: Reap dead connection: [DummyConnection Server connection - model.nation.spanish]
Apr 27, 2018 11:59:07 PM net.sf.freecol.server.networking.Server sendToAll
INFO: Reap dead connection: [DummyConnection Server connection - model.nation.cherokee]
Apr 27, 2018 11:59:07 PM net.sf.freecol.server.networking.Server sendToAll
INFO: Reap dead connection: [DummyConnection Server connection - model.nation.aztec]
Apr 27, 2018 11:59:07 PM net.sf.freecol.server.networking.Server sendToAll
INFO: Reap dead connection: [DummyConnection Server connection - model.nation.dutch]
Apr 27, 2018 11:59:07 PM net.sf.freecol.server.networking.Server sendToAll
INFO: Reap dead connection: [DummyConnection Server connection - model.nation.inca]
Apr 27, 2018 11:59:07 PM net.sf.freecol.server.networking.Server sendToAll
INFO: Reap dead connection: [DummyConnection Server connection - model.nation.english]
Apr 27, 2018 11:59:07 PM net.sf.freecol.server.networking.Server sendToAll
INFO: Reap dead connection: [DummyConnection Server connection - model.nation.iroquois]
Apr 27, 2018 11:59:07 PM net.sf.freecol.server.networking.Server sendToAll
INFO: Reap dead connection: [DummyConnection Server connection - model.nation.tupi]
Apr 27, 2018 11:59:07 PM net.sf.freecol.server.networking.Server sendToAll
INFO: Reap dead connection: [DummyConnection Server connection - model.nation.apache]
Apr 27, 2018 11:59:07 PM net.sf.freecol.server.networking.Server sendToAll
INFO: Reap dead connection: [DummyConnection Server connection - model.nation.sioux]
Apr 27, 2018 11:59:07 PM net.sf.freecol.server.networking.Server sendToAll
INFO: Reap dead connection: [DummyConnection Server connection - model.nation.french]
Apr 27, 2018 11:59:07 PM net.sf.freecol.common.model.Specification applyDifficultyLevel
INFO: Applying difficulty level model.difficulty.medium
Apr 27, 2018 11:59:07 PM net.sf.freecol.common.FreeColSeed getFreeColSeed
INFO: Using seed: 5549240213985354746
Apr 27, 2018 11:59:07 PM net.sf.freecol.server.networking.Server sendToAll
INFO: Reap dead connection: [DummyConnection Server connection - model.nation.sioux]
Apr 27, 2018 11:59:07 PM net.sf.freecol.server.networking.Server sendToAll
INFO: Reap dead connection: [DummyConnection Server connection - model.nation.tupi]
Apr 27, 2018 11:59:07 PM net.sf.freecol.server.networking.Server sendToAll
INFO: Reap dead connection: [DummyConnection Server connection - model.nation.cherokee]
Apr 27, 2018 11:59:07 PM net.sf.freecol.server.networking.Server sendToAll
INFO: Reap dead connection: [DummyConnection Server connection - model.nation.dutch]
Apr 27, 2018 11:59:07 PM net.sf.freecol.server.networking.Server sendToAll
INFO: Reap dead connection: [DummyConnection Server connection - model.nation.spanish]
Apr 27, 2018 11:59:07 PM net.sf.freecol.server.networking.Server sendToAll
INFO: Reap dead connection: [DummyConnection Server connection - model.nation.apache]
Apr 27, 2018 11:59:07 PM net.sf.freecol.server.networking.Server sendToAll
INFO: Reap dead connection: [DummyConnection Server connection - model.nation.aztec]
Apr 27, 2018 11:59:07 PM net.sf.freecol.server.networking.Server sendToAll
INFO: Reap dead connection: [DummyConnection Server connection - model.nation.arawak]
Apr 27, 2018 11:59:07 PM net.sf.freecol.server.networking.Server sendToAll
INFO: Reap dead connection: [DummyConnection Server connection - model.nation.english]
Apr 27, 2018 11:59:07 PM net.sf.freecol.server.networking.Server sendToAll
INFO: Reap dead connection: [DummyConnection Server connection - model.nation.inca]
Apr 27, 2018 11:59:07 PM net.sf.freecol.server.networking.Server sendToAll
INFO: Reap dead connection: [DummyConnection Server connection - model.nation.iroquois]
Apr 27, 2018 11:59:07 PM net.sf.freecol.server.networking.Server sendToAll
INFO: Reap dead connection: [DummyConnection Server connection - model.nation.french]
Apr 27, 2018 11:59:08 PM net.sf.freecol.common.model.Specification applyDifficultyLevel
INFO: Applying difficulty level model.difficulty.medium
Apr 27, 2018 11:59:08 PM net.sf.freecol.common.FreeColSeed getFreeColSeed
INFO: Using seed: -8366517417727880291
Apr 27, 2018 11:59:08 PM net.sf.freecol.server.networking.Server sendToAll
INFO: Reap dead connection: [DummyConnection Server connection - model.nation.dutch]
Apr 27, 2018 11:59:08 PM net.sf.freecol.server.networking.Server sendToAll
INFO: Reap dead connection: [DummyConnection Server connection - model.nation.iroquois]
Apr 27, 2018 11:59:08 PM net.sf.freecol.server.networking.Server sendToAll
INFO: Reap dead connection: [DummyConnection Server connection - model.nation.arawak]
Apr 27, 2018 11:59:08 PM net.sf.freecol.server.networking.Server sendToAll
INFO: Reap dead connection: [DummyConnection Server connection - model.nation.apache]
Apr 27, 2018 11:59:08 PM net.sf.freecol.server.networking.Server sendToAll
INFO: Reap dead connection: [DummyConnection Server connection - model.nation.inca]
Apr 27, 2018 11:59:08 PM net.sf.freecol.server.networking.Server sendToAll
INFO: Reap dead connection: [DummyConnection Server connection - model.nation.tupi]
Apr 27, 2018 11:59:08 PM net.sf.freecol.server.networking.Server sendToAll
INFO: Reap dead connection: [DummyConnection Server connection - model.nation.french]
Apr 27, 2018 11:59:08 PM net.sf.freecol.server.networking.Server sendToAll
INFO: Reap dead connection: [DummyConnection Server connection - model.nation.english]
Apr 27, 2018 11:59:08 PM net.sf.freecol.server.networking.Server sendToAll
INFO: Reap dead connection: [DummyConnection Server connection - model.nation.aztec]
Apr 27, 2018 11:59:08 PM net.sf.freecol.server.networking.Server sendToAll
INFO: Reap dead connection: [DummyConnection Server connection - model.nation.spanish]
Apr 27, 2018 11:59:08 PM net.sf.freecol.server.networking.Server sendToAll
INFO: Reap dead connection: [DummyConnection Server connection - model.nation.cherokee]
Apr 27, 2018 11:59:08 PM net.sf.freecol.server.networking.Server sendToAll
INFO: Reap dead connection: [DummyConnection Server connection - model.nation.sioux]
Apr 27, 2018 11:59:08 PM net.sf.freecol.common.model.Specification applyDifficultyLevel
INFO: Applying difficulty level model.difficulty.medium
Apr 27, 2018 11:59:08 PM net.sf.freecol.common.FreeColSeed getFreeColSeed
INFO: Using seed: -2628285721519804680
Apr 27, 2018 11:59:08 PM net.sf.freecol.server.networking.Server sendToAll
INFO: Reap dead connection: [DummyConnection Server connection - model.nation.iroquois]
Apr 27, 2018 11:59:08 PM net.sf.freecol.server.networking.Server sendToAll
INFO: Reap dead connection: [DummyConnection Server connection - model.nation.arawak]
Apr 27, 2018 11:59:08 PM net.sf.freecol.server.networking.Server sendToAll
INFO: Reap dead connection: [DummyConnection Server connection - model.nation.cherokee]
Apr 27, 2018 11:59:08 PM net.sf.freecol.server.networking.Server sendToAll
INFO: Reap dead connection: [DummyConnection Server connection - model.nation.french]
Apr 27, 2018 11:59:08 PM net.sf.freecol.server.networking.Server sendToAll
INFO: Reap dead connection: [DummyConnection Server connection - model.nation.apache]
Apr 27, 2018 11:59:08 PM net.sf.freecol.server.networking.Server sendToAll
INFO: Reap dead connection: [DummyConnection Server connection - model.nation.tupi]
Apr 27, 2018 11:59:08 PM net.sf.freecol.server.networking.Server sendToAll
INFO: Reap dead connection: [DummyConnection Server connection - model.nation.aztec]
Apr 27, 2018 11:59:08 PM net.sf.freecol.server.networking.Server sendToAll
INFO: Reap dead connection: [DummyConnection Server connection - model.nation.sioux]
Apr 27, 2018 11:59:08 PM net.sf.freecol.server.networking.Server sendToAll
INFO: Reap dead connection: [DummyConnection Server connection - model.nation.spanish]
Apr 27, 2018 11:59:08 PM net.sf.freecol.server.networking.Server sendToAll
INFO: Reap dead connection: [DummyConnection Server connection - model.nation.english]
Apr 27, 2018 11:59:08 PM net.sf.freecol.server.networking.Server sendToAll
INFO: Reap dead connection: [DummyConnection Server connection - model.nation.dutch]
Apr 27, 2018 11:59:08 PM net.sf.freecol.server.networking.Server sendToAll
INFO: Reap dead connection: [DummyConnection Server connection - model.nation.inca]
Apr 27, 2018 11:59:08 PM net.sf.freecol.server.model.ServerPlayer csChangeStance
INFO: Stance modification Louis XIV UNCONTACTED -> PEACE wrt Geronimo
Apr 27, 2018 11:59:08 PM net.sf.freecol.server.model.ServerPlayer csChangeStance
INFO: Stance modification Geronimo UNCONTACTED -> PEACE wrt Louis XIV (symmetric)
Apr 27, 2018 11:59:08 PM net.sf.freecol.common.model.Specification applyDifficultyLevel
INFO: Applying difficulty level model.difficulty.medium
Apr 27, 2018 11:59:08 PM net.sf.freecol.common.FreeColSeed getFreeColSeed
INFO: Using seed: -5440998419702194530
Apr 27, 2018 11:59:08 PM net.sf.freecol.server.networking.Server sendToAll
INFO: Reap dead connection: [DummyConnection Server connection - model.nation.spanish]
Apr 27, 2018 11:59:08 PM net.sf.freecol.server.networking.Server sendToAll
INFO: Reap dead connection: [DummyConnection Server connection - model.nation.aztec]
Apr 27, 2018 11:59:08 PM net.sf.freecol.server.networking.Server sendToAll
INFO: Reap dead connection: [DummyConnection Server connection - model.nation.apache]
Apr 27, 2018 11:59:08 PM net.sf.freecol.server.networking.Server sendToAll
INFO: Reap dead connection: [DummyConnection Server connection - model.nation.iroquois]
Apr 27, 2018 11:59:08 PM net.sf.freecol.server.networking.Server sendToAll
INFO: Reap dead connection: [DummyConnection Server connection - model.nation.dutch]
Apr 27, 2018 11:59:08 PM net.sf.freecol.server.networking.Server sendToAll
INFO: Reap dead connection: [DummyConnection Server connection - model.nation.inca]
Apr 27, 2018 11:59:08 PM net.sf.freecol.server.networking.Server sendToAll
INFO: Reap dead connection: [DummyConnection Server connection - model.nation.arawak]
Apr 27, 2018 11:59:08 PM net.sf.freecol.server.networking.Server sendToAll
INFO: Reap dead connection: [DummyConnection Server connection - model.nation.tupi]
Apr 27, 2018 11:59:08 PM net.sf.freecol.server.networking.Server sendToAll
INFO: Reap dead connection: [DummyConnection Server connection - model.nation.english]
Apr 27, 2018 11:59:08 PM net.sf.freecol.server.networking.Server sendToAll
INFO: Reap dead connection: [DummyConnection Server connection - model.nation.sioux]
Apr 27, 2018 11:59:08 PM net.sf.freecol.server.networking.Server sendToAll
INFO: Reap dead connection: [DummyConnection Server connection - model.nation.french]
Apr 27, 2018 11:59:08 PM net.sf.freecol.server.networking.Server sendToAll
INFO: Reap dead connection: [DummyConnection Server connection - model.nation.cherokee]
Apr 27, 2018 11:59:08 PM net.sf.freecol.server.model.ServerPlayer csChangeStance
INFO: Stance modification William I UNCONTACTED -> PEACE wrt Geronimo
Apr 27, 2018 11:59:08 PM net.sf.freecol.server.model.ServerPlayer csChangeStance
INFO: Stance modification Geronimo UNCONTACTED -> PEACE wrt William I (symmetric)
Apr 27, 2018 11:59:08 PM net.sf.freecol.common.model.Specification applyDifficultyLevel
INFO: Applying difficulty level model.difficulty.medium
Apr 27, 2018 11:59:08 PM net.sf.freecol.common.FreeColSeed getFreeColSeed
INFO: Using seed: -6337754986824763026
Apr 27, 2018 11:59:08 PM net.sf.freecol.server.networking.Server sendToAll
INFO: Reap dead connection: [DummyConnection Server connection - model.nation.tupi]
Apr 27, 2018 11:59:08 PM net.sf.freecol.server.networking.Server sendToAll
INFO: Reap dead connection: [DummyConnection Server connection - model.nation.english]
Apr 27, 2018 11:59:08 PM net.sf.freecol.server.networking.Server sendToAll
INFO: Reap dead connection: [DummyConnection Server connection - model.nation.aztec]
Apr 27, 2018 11:59:08 PM net.sf.freecol.server.networking.Server sendToAll
INFO: Reap dead connection: [DummyConnection Server connection - model.nation.iroquois]
Apr 27, 2018 11:59:08 PM net.sf.freecol.server.networking.Server sendToAll
INFO: Reap dead connection: [DummyConnection Server connection - model.nation.dutch]
Apr 27, 2018 11:59:08 PM net.sf.freecol.server.networking.Server sendToAll
INFO: Reap dead connection: [DummyConnection Server connection - model.nation.cherokee]
Apr 27, 2018 11:59:08 PM net.sf.freecol.server.networking.Server sendToAll
INFO: Reap dead connection: [DummyConnection Server connection - model.nation.inca]
Apr 27, 2018 11:59:08 PM net.sf.freecol.server.networking.Server sendToAll
INFO: Reap dead connection: [DummyConnection Server connection - model.nation.french]
Apr 27, 2018 11:59:08 PM net.sf.freecol.server.networking.Server sendToAll
INFO: Reap dead connection: [DummyConnection Server connection - model.nation.spanish]
Apr 27, 2018 11:59:08 PM net.sf.freecol.server.networking.Server sendToAll
INFO: Reap dead connection: [DummyConnection Server connection - model.nation.apache]
Apr 27, 2018 11:59:08 PM net.sf.freecol.server.networking.Server sendToAll
INFO: Reap dead connection: [DummyConnection Server connection - model.nation.sioux]
Apr 27, 2018 11:59:08 PM net.sf.freecol.server.networking.Server sendToAll
INFO: Reap dead connection: [DummyConnection Server connection - model.nation.arawak]
Apr 27, 2018 11:59:08 PM net.sf.freecol.common.model.Specification applyDifficultyLevel
INFO: Applying difficulty level model.difficulty.medium
Apr 27, 2018 11:59:08 PM net.sf.freecol.common.FreeColSeed getFreeColSeed
INFO: Using seed: -6144620646143388587
Apr 27, 2018 11:59:08 PM net.sf.freecol.server.networking.Server sendToAll
INFO: Reap dead connection: [DummyConnection Server connection - model.nation.dutch]
Apr 27, 2018 11:59:08 PM net.sf.freecol.server.networking.Server sendToAll
INFO: Reap dead connection: [DummyConnection Server connection - model.nation.english]
Apr 27, 2018 11:59:08 PM net.sf.freecol.server.networking.Server sendToAll
INFO: Reap dead connection: [DummyConnection Server connection - model.nation.sioux]
Apr 27, 2018 11:59:08 PM net.sf.freecol.server.networking.Server sendToAll
INFO: Reap dead connection: [DummyConnection Server connection - model.nation.iroquois]
Apr 27, 2018 11:59:08 PM net.sf.freecol.server.networking.Server sendToAll
INFO: Reap dead connection: [DummyConnection Server connection - model.nation.tupi]
Apr 27, 2018 11:59:08 PM net.sf.freecol.server.networking.Server sendToAll
INFO: Reap dead connection: [DummyConnection Server connection - model.nation.apache]
Apr 27, 2018 11:59:08 PM net.sf.freecol.server.networking.Server sendToAll
INFO: Reap dead connection: [DummyConnection Server connection - model.nation.french]
Apr 27, 2018 11:59:08 PM net.sf.freecol.server.networking.Server sendToAll
INFO: Reap dead connection: [DummyConnection Server connection - model.nation.inca]
Apr 27, 2018 11:59:08 PM net.sf.freecol.server.networking.Server sendToAll
INFO: Reap dead connection: [DummyConnection Server connection - model.nation.cherokee]
Apr 27, 2018 11:59:08 PM net.sf.freecol.server.networking.Server sendToAll
INFO: Reap dead connection: [DummyConnection Server connection - model.nation.spanish]
Apr 27, 2018 11:59:08 PM net.sf.freecol.server.networking.Server sendToAll
INFO: Reap dead connection: [DummyConnection Server connection - model.nation.arawak]
Apr 27, 2018 11:59:08 PM net.sf.freecol.server.networking.Server sendToAll
INFO: Reap dead connection: [DummyConnection Server connection - model.nation.aztec]
Apr 27, 2018 11:59:08 PM net.sf.freecol.common.model.Specification applyDifficultyLevel
INFO: Applying difficulty level model.difficulty.medium
Apr 27, 2018 11:59:08 PM net.sf.freecol.common.FreeColSeed getFreeColSeed
INFO: Using seed: -3991345648901042615
Apr 27, 2018 11:59:08 PM net.sf.freecol.server.networking.Server sendToAll
INFO: Reap dead connection: [DummyConnection Server connection - model.nation.aztec]
Apr 27, 2018 11:59:08 PM net.sf.freecol.server.networking.Server sendToAll
INFO: Reap dead connection: [DummyConnection Server connection - model.nation.english]
Apr 27, 2018 11:59:08 PM net.sf.freecol.server.networking.Server sendToAll
INFO: Reap dead connection: [DummyConnection Server connection - model.nation.sioux]
Apr 27, 2018 11:59:08 PM net.sf.freecol.server.networking.Server sendToAll
INFO: Reap dead connection: [DummyConnection Server connection - model.nation.dutch]
Apr 27, 2018 11:59:08 PM net.sf.freecol.server.networking.Server sendToAll
INFO: Reap dead connection: [DummyConnection Server connection - model.nation.apache]
Apr 27, 2018 11:59:08 PM net.sf.freecol.server.networking.Server sendToAll
INFO: Reap dead connection: [DummyConnection Server connection - model.nation.inca]
Apr 27, 2018 11:59:08 PM net.sf.freecol.server.networking.Server sendToAll
INFO: Reap dead connection: [DummyConnection Server connection - model.nation.cherokee]
Apr 27, 2018 11:59:08 PM net.sf.freecol.server.networking.Server sendToAll
INFO: Reap dead connection: [DummyConnection Server connection - model.nation.iroquois]
Apr 27, 2018 11:59:08 PM net.sf.freecol.server.networking.Server sendToAll
INFO: Reap dead connection: [DummyConnection Server connection - model.nation.french]
Apr 27, 2018 11:59:08 PM net.sf.freecol.server.networking.Server sendToAll
INFO: Reap dead connection: [DummyConnection Server connection - model.nation.arawak]
Apr 27, 2018 11:59:08 PM net.sf.freecol.server.networking.Server sendToAll
INFO: Reap dead connection: [DummyConnection Server connection - model.nation.tupi]
Apr 27, 2018 11:59:08 PM net.sf.freecol.server.networking.Server sendToAll
INFO: Reap dead connection: [DummyConnection Server connection - model.nation.spanish]
Apr 27, 2018 11:59:08 PM net.sf.freecol.common.model.Specification applyDifficultyLevel
INFO: Applying difficulty level model.difficulty.medium
Apr 27, 2018 11:59:08 PM net.sf.freecol.common.FreeColSeed getFreeColSeed
INFO: Using seed: 8055859715470999013
Apr 27, 2018 11:59:08 PM net.sf.freecol.server.networking.Server sendToAll
INFO: Reap dead connection: [DummyConnection Server connection - model.nation.sioux]
Apr 27, 2018 11:59:08 PM net.sf.freecol.server.networking.Server sendToAll
INFO: Reap dead connection: [DummyConnection Server connection - model.nation.apache]
Apr 27, 2018 11:59:08 PM net.sf.freecol.server.networking.Server sendToAll
INFO: Reap dead connection: [DummyConnection Server connection - model.nation.dutch]
Apr 27, 2018 11:59:08 PM net.sf.freecol.server.networking.Server sendToAll
INFO: Reap dead connection: [DummyConnection Server connection - model.nation.aztec]
Apr 27, 2018 11:59:08 PM net.sf.freecol.server.networking.Server sendToAll
INFO: Reap dead connection: [DummyConnection Server connection - model.nation.tupi]
Apr 27, 2018 11:59:08 PM net.sf.freecol.server.networking.Server sendToAll
INFO: Reap dead connection: [DummyConnection Server connection - model.nation.iroquois]
Apr 27, 2018 11:59:08 PM net.sf.freecol.server.networking.Server sendToAll
INFO: Reap dead connection: [DummyConnection Server connection - model.nation.english]
Apr 27, 2018 11:59:08 PM net.sf.freecol.server.networking.Server sendToAll
INFO: Reap dead connection: [DummyConnection Server connection - model.nation.inca]
Apr 27, 2018 11:59:08 PM net.sf.freecol.server.networking.Server sendToAll
INFO: Reap dead connection: [DummyConnection Server connection - model.nation.arawak]
Apr 27, 2018 11:59:08 PM net.sf.freecol.server.networking.Server sendToAll
INFO: Reap dead connection: [DummyConnection Server connection - model.nation.french]
Apr 27, 2018 11:59:08 PM net.sf.freecol.server.networking.Server sendToAll
INFO: Reap dead connection: [DummyConnection Server connection - model.nation.spanish]
Apr 27, 2018 11:59:08 PM net.sf.freecol.server.networking.Server sendToAll
INFO: Reap dead connection: [DummyConnection Server connection - model.nation.cherokee]
Apr 27, 2018 11:59:08 PM net.sf.freecol.server.model.ServerPlayer csChangeStance
INFO: Stance modification William I UNCONTACTED -> PEACE wrt Segoyewatha
Apr 27, 2018 11:59:08 PM net.sf.freecol.server.model.ServerPlayer csChangeStance
INFO: Stance modification Segoyewatha UNCONTACTED -> PEACE wrt William I (symmetric)
Apr 27, 2018 11:59:08 PM net.sf.freecol.common.model.Specification applyDifficultyLevel
INFO: Applying difficulty level model.difficulty.medium
Apr 27, 2018 11:59:08 PM net.sf.freecol.common.FreeColSeed getFreeColSeed
INFO: Using seed: -8880153209216483470
Apr 27, 2018 11:59:08 PM net.sf.freecol.server.networking.Server sendToAll
INFO: Reap dead connection: [DummyConnection Server connection - model.nation.dutch]
Apr 27, 2018 11:59:08 PM net.sf.freecol.server.networking.Server sendToAll
INFO: Reap dead connection: [DummyConnection Server connection - model.nation.sioux]
Apr 27, 2018 11:59:08 PM net.sf.freecol.server.networking.Server sendToAll
INFO: Reap dead connection: [DummyConnection Server connection - model.nation.inca]
Apr 27, 2018 11:59:08 PM net.sf.freecol.server.networking.Server sendToAll
INFO: Reap dead connection: [DummyConnection Server connection - model.nation.cherokee]
Apr 27, 2018 11:59:08 PM net.sf.freecol.server.networking.Server sendToAll
INFO: Reap dead connection: [DummyConnection Server connection - model.nation.iroquois]
Apr 27, 2018 11:59:08 PM net.sf.freecol.server.networking.Server sendToAll
INFO: Reap dead connection: [DummyConnection Server connection - model.nation.apache]
Apr 27, 2018 11:59:08 PM net.sf.freecol.server.networking.Server sendToAll
INFO: Reap dead connection: [DummyConnection Server connection - model.nation.french]
Apr 27, 2018 11:59:08 PM net.sf.freecol.server.networking.Server sendToAll
INFO: Reap dead connection: [DummyConnection Server connection - model.nation.tupi]
Apr 27, 2018 11:59:08 PM net.sf.freecol.server.networking.Server sendToAll
INFO: Reap dead connection: [DummyConnection Server connection - model.nation.arawak]
Apr 27, 2018 11:59:08 PM net.sf.freecol.server.networking.Server sendToAll
INFO: Reap dead connection: [DummyConnection Server connection - model.nation.spanish]
Apr 27, 2018 11:59:08 PM net.sf.freecol.server.networking.Server sendToAll
INFO: Reap dead connection: [DummyConnection Server connection - model.nation.aztec]
Apr 27, 2018 11:59:08 PM net.sf.freecol.server.networking.Server sendToAll
INFO: Reap dead connection: [DummyConnection Server connection - model.nation.english]
Apr 27, 2018 11:59:08 PM net.sf.freecol.server.model.ServerPlayer csChangeStance
INFO: Stance modification William I UNCONTACTED -> PEACE wrt Segoyewatha
Apr 27, 2018 11:59:08 PM net.sf.freecol.server.model.ServerPlayer csChangeStance
INFO: Stance modification Segoyewatha UNCONTACTED -> PEACE wrt William I (symmetric)
Apr 27, 2018 11:59:08 PM net.sf.freecol.common.model.Specification applyDifficultyLevel
INFO: Applying difficulty level model.difficulty.medium
Apr 27, 2018 11:59:08 PM net.sf.freecol.common.FreeColSeed getFreeColSeed
INFO: Using seed: 6288612188141011533
Apr 27, 2018 11:59:08 PM net.sf.freecol.server.networking.Server sendToAll
INFO: Reap dead connection: [DummyConnection Server connection - model.nation.english]
Apr 27, 2018 11:59:08 PM net.sf.freecol.server.networking.Server sendToAll
INFO: Reap dead connection: [DummyConnection Server connection - model.nation.spanish]
Apr 27, 2018 11:59:08 PM net.sf.freecol.server.networking.Server sendToAll
INFO: Reap dead connection: [DummyConnection Server connection - model.nation.tupi]
Apr 27, 2018 11:59:08 PM net.sf.freecol.server.networking.Server sendToAll
INFO: Reap dead connection: [DummyConnection Server connection - model.nation.apache]
Apr 27, 2018 11:59:08 PM net.sf.freecol.server.networking.Server sendToAll
INFO: Reap dead connection: [DummyConnection Server connection - model.nation.dutch]
Apr 27, 2018 11:59:08 PM net.sf.freecol.server.networking.Server sendToAll
INFO: Reap dead connection: [DummyConnection Server connection - model.nation.french]
Apr 27, 2018 11:59:08 PM net.sf.freecol.server.networking.Server sendToAll
INFO: Reap dead connection: [DummyConnection Server connection - model.nation.arawak]
Apr 27, 2018 11:59:08 PM net.sf.freecol.server.networking.Server sendToAll
INFO: Reap dead connection: [DummyConnection Server connection - model.nation.iroquois]
Apr 27, 2018 11:59:08 PM net.sf.freecol.server.networking.Server sendToAll
INFO: Reap dead connection: [DummyConnection Server connection - model.nation.inca]
Apr 27, 2018 11:59:08 PM net.sf.freecol.server.networking.Server sendToAll
INFO: Reap dead connection: [DummyConnection Server connection - model.nation.cherokee]
Apr 27, 2018 11:59:08 PM net.sf.freecol.server.networking.Server sendToAll
INFO: Reap dead connection: [DummyConnection Server connection - model.nation.aztec]
Apr 27, 2018 11:59:08 PM net.sf.freecol.server.networking.Server sendToAll
INFO: Reap dead connection: [DummyConnection Server connection - model.nation.sioux]
Apr 27, 2018 11:59:08 PM net.sf.freecol.common.model.Specification applyDifficultyLevel
INFO: Applying difficulty level model.difficulty.medium
Apr 27, 2018 11:59:08 PM net.sf.freecol.common.model.Specification applyDifficultyLevel
INFO: Applying difficulty level model.difficulty.medium
Apr 27, 2018 11:59:08 PM net.sf.freecol.common.model.Specification applyDifficultyLevel
INFO: Applying difficulty level model.difficulty.medium
Apr 27, 2018 11:59:08 PM net.sf.freecol.common.FreeColSeed getFreeColSeed
INFO: Using seed: -6635286665601264449
Apr 27, 2018 11:59:08 PM net.sf.freecol.server.networking.Server sendToAll
INFO: Reap dead connection: [DummyConnection Server connection - model.nation.inca]
Apr 27, 2018 11:59:08 PM net.sf.freecol.server.networking.Server sendToAll
INFO: Reap dead connection: [DummyConnection Server connection - model.nation.english]
Apr 27, 2018 11:59:08 PM net.sf.freecol.server.networking.Server sendToAll
INFO: Reap dead connection: [DummyConnection Server connection - model.nation.spanish]
Apr 27, 2018 11:59:08 PM net.sf.freecol.server.networking.Server sendToAll
INFO: Reap dead connection: [DummyConnection Server connection - model.nation.tupi]
Apr 27, 2018 11:59:08 PM net.sf.freecol.server.networking.Server sendToAll
INFO: Reap dead connection: [DummyConnection Server connection - model.nation.french]
Apr 27, 2018 11:59:08 PM net.sf.freecol.server.networking.Server sendToAll
INFO: Reap dead connection: [DummyConnection Server connection - model.nation.arawak]
Apr 27, 2018 11:59:08 PM net.sf.freecol.server.networking.Server sendToAll
INFO: Reap dead connection: [DummyConnection Server connection - model.nation.dutch]
Apr 27, 2018 11:59:08 PM net.sf.freecol.server.networking.Server sendToAll
INFO: Reap dead connection: [DummyConnection Server connection - model.nation.cherokee]
Apr 27, 2018 11:59:08 PM net.sf.freecol.server.networking.Server sendToAll
INFO: Reap dead connection: [DummyConnection Server connection - model.nation.aztec]
Apr 27, 2018 11:59:08 PM net.sf.freecol.server.networking.Server sendToAll
INFO: Reap dead connection: [DummyConnection Server connection - model.nation.iroquois]
Apr 27, 2018 11:59:08 PM net.sf.freecol.server.networking.Server sendToAll
INFO: Reap dead connection: [DummyConnection Server connection - model.nation.apache]
Apr 27, 2018 11:59:08 PM net.sf.freecol.server.networking.Server sendToAll
INFO: Reap dead connection: [DummyConnection Server connection - model.nation.sioux]
Apr 27, 2018 11:59:08 PM net.sf.freecol.common.model.Specification applyDifficultyLevel
INFO: Applying difficulty level model.difficulty.medium
Apr 27, 2018 11:59:08 PM net.sf.freecol.common.FreeColSeed getFreeColSeed
INFO: Using seed: -4767820083878965653
Apr 27, 2018 11:59:08 PM net.sf.freecol.server.networking.Server sendToAll
INFO: Reap dead connection: [DummyConnection Server connection - model.nation.french]
Apr 27, 2018 11:59:08 PM net.sf.freecol.server.networking.Server sendToAll
INFO: Reap dead connection: [DummyConnection Server connection - model.nation.spanish]
Apr 27, 2018 11:59:08 PM net.sf.freecol.server.networking.Server sendToAll
INFO: Reap dead connection: [DummyConnection Server connection - model.nation.english]
Apr 27, 2018 11:59:08 PM net.sf.freecol.server.networking.Server sendToAll
INFO: Reap dead connection: [DummyConnection Server connection - model.nation.iroquois]
Apr 27, 2018 11:59:08 PM net.sf.freecol.server.networking.Server sendToAll
INFO: Reap dead connection: [DummyConnection Server connection - model.nation.arawak]
Apr 27, 2018 11:59:08 PM net.sf.freecol.server.networking.Server sendToAll
INFO: Reap dead connection: [DummyConnection Server connection - model.nation.sioux]
Apr 27, 2018 11:59:08 PM net.sf.freecol.server.networking.Server sendToAll
INFO: Reap dead connection: [DummyConnection Server connection - model.nation.aztec]
Apr 27, 2018 11:59:08 PM net.sf.freecol.server.networking.Server sendToAll
INFO: Reap dead connection: [DummyConnection Server connection - model.nation.cherokee]
Apr 27, 2018 11:59:08 PM net.sf.freecol.server.networking.Server sendToAll
INFO: Reap dead connection: [DummyConnection Server connection - model.nation.dutch]
Apr 27, 2018 11:59:08 PM net.sf.freecol.server.networking.Server sendToAll
INFO: Reap dead connection: [DummyConnection Server connection - model.nation.tupi]
Apr 27, 2018 11:59:08 PM net.sf.freecol.server.networking.Server sendToAll
INFO: Reap dead connection: [DummyConnection Server connection - model.nation.inca]
Apr 27, 2018 11:59:08 PM net.sf.freecol.server.networking.Server sendToAll
INFO: Reap dead connection: [DummyConnection Server connection - model.nation.apache]
Apr 27, 2018 11:59:08 PM net.sf.freecol.common.model.Specification applyDifficultyLevel
INFO: Applying difficulty level model.difficulty.medium
Apr 27, 2018 11:59:08 PM net.sf.freecol.common.FreeColSeed getFreeColSeed
INFO: Using seed: -9099033930348637566
Apr 27, 2018 11:59:08 PM net.sf.freecol.server.networking.Server sendToAll
INFO: Reap dead connection: [DummyConnection Server connection - model.nation.english]
Apr 27, 2018 11:59:08 PM net.sf.freecol.server.networking.Server sendToAll
INFO: Reap dead connection: [DummyConnection Server connection - model.nation.spanish]
Apr 27, 2018 11:59:08 PM net.sf.freecol.server.networking.Server sendToAll
INFO: Reap dead connection: [DummyConnection Server connection - model.nation.french]
Apr 27, 2018 11:59:08 PM net.sf.freecol.server.networking.Server sendToAll
INFO: Reap dead connection: [DummyConnection Server connection - model.nation.arawak]
Apr 27, 2018 11:59:08 PM net.sf.freecol.server.networking.Server sendToAll
INFO: Reap dead connection: [DummyConnection Server connection - model.nation.apache]
Apr 27, 2018 11:59:08 PM net.sf.freecol.server.networking.Server sendToAll
INFO: Reap dead connection: [DummyConnection Server connection - model.nation.cherokee]
Apr 27, 2018 11:59:08 PM net.sf.freecol.server.networking.Server sendToAll
INFO: Reap dead connection: [DummyConnection Server connection - model.nation.aztec]
Apr 27, 2018 11:59:08 PM net.sf.freecol.server.networking.Server sendToAll
INFO: Reap dead connection: [DummyConnection Server connection - model.nation.tupi]
Apr 27, 2018 11:59:08 PM net.sf.freecol.server.networking.Server sendToAll
INFO: Reap dead connection: [DummyConnection Server connection - model.nation.iroquois]
Apr 27, 2018 11:59:08 PM net.sf.freecol.server.networking.Server sendToAll
INFO: Reap dead connection: [DummyConnection Server connection - model.nation.sioux]
Apr 27, 2018 11:59:08 PM net.sf.freecol.server.networking.Server sendToAll
INFO: Reap dead connection: [DummyConnection Server connection - model.nation.dutch]
Apr 27, 2018 11:59:08 PM net.sf.freecol.server.networking.Server sendToAll
INFO: Reap dead connection: [DummyConnection Server connection - model.nation.inca]
Apr 27, 2018 11:59:08 PM net.sf.freecol.common.model.Specification applyDifficultyLevel
INFO: Applying difficulty level model.difficulty.medium
Apr 27, 2018 11:59:08 PM net.sf.freecol.common.FreeColSeed getFreeColSeed
INFO: Using seed: -3554331209140025623
Apr 27, 2018 11:59:08 PM net.sf.freecol.server.networking.Server sendToAll
INFO: Reap dead connection: [DummyConnection Server connection - model.nation.iroquois]
Apr 27, 2018 11:59:08 PM net.sf.freecol.server.networking.Server sendToAll
INFO: Reap dead connection: [DummyConnection Server connection - model.nation.sioux]
Apr 27, 2018 11:59:08 PM net.sf.freecol.server.networking.Server sendToAll
INFO: Reap dead connection: [DummyConnection Server connection - model.nation.arawak]
Apr 27, 2018 11:59:08 PM net.sf.freecol.server.networking.Server sendToAll
INFO: Reap dead connection: [DummyConnection Server connection - model.nation.spanish]
Apr 27, 2018 11:59:08 PM net.sf.freecol.server.networking.Server sendToAll
INFO: Reap dead connection: [DummyConnection Server connection - model.nation.cherokee]
Apr 27, 2018 11:59:08 PM net.sf.freecol.server.networking.Server sendToAll
INFO: Reap dead connection: [DummyConnection Server connection - model.nation.dutch]
Apr 27, 2018 11:59:08 PM net.sf.freecol.server.networking.Server sendToAll
INFO: Reap dead connection: [DummyConnection Server connection - model.nation.apache]
Apr 27, 2018 11:59:08 PM net.sf.freecol.server.networking.Server sendToAll
INFO: Reap dead connection: [DummyConnection Server connection - model.nation.inca]
Apr 27, 2018 11:59:08 PM net.sf.freecol.server.networking.Server sendToAll
INFO: Reap dead connection: [DummyConnection Server connection - model.nation.aztec]
Apr 27, 2018 11:59:08 PM net.sf.freecol.server.networking.Server sendToAll
INFO: Reap dead connection: [DummyConnection Server connection - model.nation.english]
Apr 27, 2018 11:59:08 PM net.sf.freecol.server.networking.Server sendToAll
INFO: Reap dead connection: [DummyConnection Server connection - model.nation.tupi]
Apr 27, 2018 11:59:08 PM net.sf.freecol.server.networking.Server sendToAll
INFO: Reap dead connection: [DummyConnection Server connection - model.nation.french]
Apr 27, 2018 11:59:09 PM net.sf.freecol.common.model.Specification applyDifficultyLevel
INFO: Applying difficulty level model.difficulty.medium
Apr 27, 2018 11:59:09 PM net.sf.freecol.common.FreeColSeed getFreeColSeed
INFO: Using seed: 7112988425813652172
Apr 27, 2018 11:59:09 PM net.sf.freecol.server.networking.Server sendToAll
INFO: Reap dead connection: [DummyConnection Server connection - model.nation.inca]
Apr 27, 2018 11:59:09 PM net.sf.freecol.server.networking.Server sendToAll
INFO: Reap dead connection: [DummyConnection Server connection - model.nation.cherokee]
Apr 27, 2018 11:59:09 PM net.sf.freecol.server.networking.Server sendToAll
INFO: Reap dead connection: [DummyConnection Server connection - model.nation.iroquois]
Apr 27, 2018 11:59:09 PM net.sf.freecol.server.networking.Server sendToAll
INFO: Reap dead connection: [DummyConnection Server connection - model.nation.dutch]
Apr 27, 2018 11:59:09 PM net.sf.freecol.server.networking.Server sendToAll
INFO: Reap dead connection: [DummyConnection Server connection - model.nation.english]
Apr 27, 2018 11:59:09 PM net.sf.freecol.server.networking.Server sendToAll
INFO: Reap dead connection: [DummyConnection Server connection - model.nation.apache]
Apr 27, 2018 11:59:09 PM net.sf.freecol.server.networking.Server sendToAll
INFO: Reap dead connection: [DummyConnection Server connection - model.nation.spanish]
Apr 27, 2018 11:59:09 PM net.sf.freecol.server.networking.Server sendToAll
INFO: Reap dead connection: [DummyConnection Server connection - model.nation.tupi]
Apr 27, 2018 11:59:09 PM net.sf.freecol.server.networking.Server sendToAll
INFO: Reap dead connection: [DummyConnection Server connection - model.nation.sioux]
Apr 27, 2018 11:59:09 PM net.sf.freecol.server.networking.Server sendToAll
INFO: Reap dead connection: [DummyConnection Server connection - model.nation.french]
Apr 27, 2018 11:59:09 PM net.sf.freecol.server.networking.Server sendToAll
INFO: Reap dead connection: [DummyConnection Server connection - model.nation.arawak]
Apr 27, 2018 11:59:09 PM net.sf.freecol.server.networking.Server sendToAll
INFO: Reap dead connection: [DummyConnection Server connection - model.nation.aztec]
Apr 27, 2018 11:59:09 PM net.sf.freecol.common.model.Specification applyDifficultyLevel
INFO: Applying difficulty level model.difficulty.medium
Apr 27, 2018 11:59:09 PM net.sf.freecol.common.FreeColSeed getFreeColSeed
INFO: Using seed: -4402986224500758080
Apr 27, 2018 11:59:09 PM net.sf.freecol.server.networking.Server sendToAll
INFO: Reap dead connection: [DummyConnection Server connection - model.nation.iroquois]
Apr 27, 2018 11:59:09 PM net.sf.freecol.server.networking.Server sendToAll
INFO: Reap dead connection: [DummyConnection Server connection - model.nation.english]
Apr 27, 2018 11:59:09 PM net.sf.freecol.server.networking.Server sendToAll
INFO: Reap dead connection: [DummyConnection Server connection - model.nation.inca]
Apr 27, 2018 11:59:09 PM net.sf.freecol.server.networking.Server sendToAll
INFO: Reap dead connection: [DummyConnection Server connection - model.nation.dutch]
Apr 27, 2018 11:59:09 PM net.sf.freecol.server.networking.Server sendToAll
INFO: Reap dead connection: [DummyConnection Server connection - model.nation.french]
Apr 27, 2018 11:59:09 PM net.sf.freecol.server.networking.Server sendToAll
INFO: Reap dead connection: [DummyConnection Server connection - model.nation.sioux]
Apr 27, 2018 11:59:09 PM net.sf.freecol.server.networking.Server sendToAll
INFO: Reap dead connection: [DummyConnection Server connection - model.nation.arawak]
Apr 27, 2018 11:59:09 PM net.sf.freecol.server.networking.Server sendToAll
INFO: Reap dead connection: [DummyConnection Server connection - model.nation.spanish]
Apr 27, 2018 11:59:09 PM net.sf.freecol.server.networking.Server sendToAll
INFO: Reap dead connection: [DummyConnection Server connection - model.nation.cherokee]
Apr 27, 2018 11:59:09 PM net.sf.freecol.server.networking.Server sendToAll
INFO: Reap dead connection: [DummyConnection Server connection - model.nation.tupi]
Apr 27, 2018 11:59:09 PM net.sf.freecol.server.networking.Server sendToAll
INFO: Reap dead connection: [DummyConnection Server connection - model.nation.apache]
Apr 27, 2018 11:59:09 PM net.sf.freecol.server.networking.Server sendToAll
INFO: Reap dead connection: [DummyConnection Server connection - model.nation.aztec]
Apr 27, 2018 11:59:09 PM net.sf.freecol.common.model.Specification applyDifficultyLevel
INFO: Applying difficulty level model.difficulty.medium
Apr 27, 2018 11:59:09 PM net.sf.freecol.common.FreeColSeed getFreeColSeed
INFO: Using seed: 8113266611598356330
Apr 27, 2018 11:59:09 PM net.sf.freecol.server.networking.Server sendToAll
INFO: Reap dead connection: [DummyConnection Server connection - model.nation.apache]
Apr 27, 2018 11:59:09 PM net.sf.freecol.server.networking.Server sendToAll
INFO: Reap dead connection: [DummyConnection Server connection - model.nation.tupi]
Apr 27, 2018 11:59:09 PM net.sf.freecol.server.networking.Server sendToAll
INFO: Reap dead connection: [DummyConnection Server connection - model.nation.french]
Apr 27, 2018 11:59:09 PM net.sf.freecol.server.networking.Server sendToAll
INFO: Reap dead connection: [DummyConnection Server connection - model.nation.aztec]
Apr 27, 2018 11:59:09 PM net.sf.freecol.server.networking.Server sendToAll
INFO: Reap dead connection: [DummyConnection Server connection - model.nation.sioux]
Apr 27, 2018 11:59:09 PM net.sf.freecol.server.networking.Server sendToAll
INFO: Reap dead connection: [DummyConnection Server connection - model.nation.english]
Apr 27, 2018 11:59:09 PM net.sf.freecol.server.networking.Server sendToAll
INFO: Reap dead connection: [DummyConnection Server connection - model.nation.arawak]
Apr 27, 2018 11:59:09 PM net.sf.freecol.server.networking.Server sendToAll
INFO: Reap dead connection: [DummyConnection Server connection - model.nation.spanish]
Apr 27, 2018 11:59:09 PM net.sf.freecol.server.networking.Server sendToAll
INFO: Reap dead connection: [DummyConnection Server connection - model.nation.iroquois]
Apr 27, 2018 11:59:09 PM net.sf.freecol.server.networking.Server sendToAll
INFO: Reap dead connection: [DummyConnection Server connection - model.nation.dutch]
Apr 27, 2018 11:59:09 PM net.sf.freecol.server.networking.Server sendToAll
INFO: Reap dead connection: [DummyConnection Server connection - model.nation.cherokee]
Apr 27, 2018 11:59:09 PM net.sf.freecol.server.networking.Server sendToAll
INFO: Reap dead connection: [DummyConnection Server connection - model.nation.inca]
Apr 27, 2018 11:59:09 PM net.sf.freecol.common.model.Specification applyDifficultyLevel
INFO: Applying difficulty level model.difficulty.medium
Apr 27, 2018 11:59:09 PM net.sf.freecol.common.FreeColSeed getFreeColSeed
INFO: Using seed: 6784350357217344914
Apr 27, 2018 11:59:09 PM net.sf.freecol.server.networking.Server sendToAll
INFO: Reap dead connection: [DummyConnection Server connection - model.nation.aztec]
Apr 27, 2018 11:59:09 PM net.sf.freecol.server.networking.Server sendToAll
INFO: Reap dead connection: [DummyConnection Server connection - model.nation.apache]
Apr 27, 2018 11:59:09 PM net.sf.freecol.server.networking.Server sendToAll
INFO: Reap dead connection: [DummyConnection Server connection - model.nation.arawak]
Apr 27, 2018 11:59:09 PM net.sf.freecol.server.networking.Server sendToAll
INFO: Reap dead connection: [DummyConnection Server connection - model.nation.dutch]
Apr 27, 2018 11:59:09 PM net.sf.freecol.server.networking.Server sendToAll
INFO: Reap dead connection: [DummyConnection Server connection - model.nation.french]
Apr 27, 2018 11:59:09 PM net.sf.freecol.server.networking.Server sendToAll
INFO: Reap dead connection: [DummyConnection Server connection - model.nation.inca]
Apr 27, 2018 11:59:09 PM net.sf.freecol.server.networking.Server sendToAll
INFO: Reap dead connection: [DummyConnection Server connection - model.nation.spanish]
Apr 27, 2018 11:59:09 PM net.sf.freecol.server.networking.Server sendToAll
INFO: Reap dead connection: [DummyConnection Server connection - model.nation.sioux]
Apr 27, 2018 11:59:09 PM net.sf.freecol.server.networking.Server sendToAll
INFO: Reap dead connection: [DummyConnection Server connection - model.nation.cherokee]
Apr 27, 2018 11:59:09 PM net.sf.freecol.server.networking.Server sendToAll
INFO: Reap dead connection: [DummyConnection Server connection - model.nation.iroquois]
Apr 27, 2018 11:59:09 PM net.sf.freecol.server.networking.Server sendToAll
INFO: Reap dead connection: [DummyConnection Server connection - model.nation.tupi]
Apr 27, 2018 11:59:09 PM net.sf.freecol.server.networking.Server sendToAll
INFO: Reap dead connection: [DummyConnection Server connection - model.nation.english]
Apr 27, 2018 11:59:09 PM net.sf.freecol.common.model.Specification applyDifficultyLevel
INFO: Applying difficulty level model.difficulty.medium
Apr 27, 2018 11:59:09 PM net.sf.freecol.common.FreeColSeed getFreeColSeed
INFO: Using seed: 3760252014889541177
Apr 27, 2018 11:59:09 PM net.sf.freecol.server.networking.Server sendToAll
INFO: Reap dead connection: [DummyConnection Server connection - model.nation.sioux]
Apr 27, 2018 11:59:09 PM net.sf.freecol.server.networking.Server sendToAll
INFO: Reap dead connection: [DummyConnection Server connection - model.nation.tupi]
Apr 27, 2018 11:59:09 PM net.sf.freecol.server.networking.Server sendToAll
INFO: Reap dead connection: [DummyConnection Server connection - model.nation.arawak]
Apr 27, 2018 11:59:09 PM net.sf.freecol.server.networking.Server sendToAll
INFO: Reap dead connection: [DummyConnection Server connection - model.nation.inca]
Apr 27, 2018 11:59:09 PM net.sf.freecol.server.networking.Server sendToAll
INFO: Reap dead connection: [DummyConnection Server connection - model.nation.cherokee]
Apr 27, 2018 11:59:09 PM net.sf.freecol.server.networking.Server sendToAll
INFO: Reap dead connection: [DummyConnection Server connection - model.nation.spanish]
Apr 27, 2018 11:59:09 PM net.sf.freecol.server.networking.Server sendToAll
INFO: Reap dead connection: [DummyConnection Server connection - model.nation.french]
Apr 27, 2018 11:59:09 PM net.sf.freecol.server.networking.Server sendToAll
INFO: Reap dead connection: [DummyConnection Server connection - model.nation.iroquois]
Apr 27, 2018 11:59:09 PM net.sf.freecol.server.networking.Server sendToAll
INFO: Reap dead connection: [DummyConnection Server connection - model.nation.apache]
Apr 27, 2018 11:59:09 PM net.sf.freecol.server.networking.Server sendToAll
INFO: Reap dead connection: [DummyConnection Server connection - model.nation.dutch]
Apr 27, 2018 11:59:09 PM net.sf.freecol.server.networking.Server sendToAll
INFO: Reap dead connection: [DummyConnection Server connection - model.nation.aztec]
Apr 27, 2018 11:59:09 PM net.sf.freecol.server.networking.Server sendToAll
INFO: Reap dead connection: [DummyConnection Server connection - model.nation.english]
Apr 27, 2018 11:59:09 PM net.sf.freecol.common.model.Specification applyDifficultyLevel
INFO: Applying difficulty level model.difficulty.medium
Apr 27, 2018 11:59:09 PM net.sf.freecol.common.FreeColSeed getFreeColSeed
INFO: Using seed: 9091824787096156479
Apr 27, 2018 11:59:09 PM net.sf.freecol.server.networking.Server sendToAll
INFO: Reap dead connection: [DummyConnection Server connection - model.nation.inca]
Apr 27, 2018 11:59:09 PM net.sf.freecol.server.networking.Server sendToAll
INFO: Reap dead connection: [DummyConnection Server connection - model.nation.french]
Apr 27, 2018 11:59:09 PM net.sf.freecol.server.networking.Server sendToAll
INFO: Reap dead connection: [DummyConnection Server connection - model.nation.english]
Apr 27, 2018 11:59:09 PM net.sf.freecol.server.networking.Server sendToAll
INFO: Reap dead connection: [DummyConnection Server connection - model.nation.apache]
Apr 27, 2018 11:59:09 PM net.sf.freecol.server.networking.Server sendToAll
INFO: Reap dead connection: [DummyConnection Server connection - model.nation.cherokee]
Apr 27, 2018 11:59:09 PM net.sf.freecol.server.networking.Server sendToAll
INFO: Reap dead connection: [DummyConnection Server connection - model.nation.sioux]
Apr 27, 2018 11:59:09 PM net.sf.freecol.server.networking.Server sendToAll
INFO: Reap dead connection: [DummyConnection Server connection - model.nation.arawak]
Apr 27, 2018 11:59:09 PM net.sf.freecol.server.networking.Server sendToAll
INFO: Reap dead connection: [DummyConnection Server connection - model.nation.tupi]
Apr 27, 2018 11:59:09 PM net.sf.freecol.server.networking.Server sendToAll
INFO: Reap dead connection: [DummyConnection Server connection - model.nation.dutch]
Apr 27, 2018 11:59:09 PM net.sf.freecol.server.networking.Server sendToAll
INFO: Reap dead connection: [DummyConnection Server connection - model.nation.aztec]
Apr 27, 2018 11:59:09 PM net.sf.freecol.server.networking.Server sendToAll
INFO: Reap dead connection: [DummyConnection Server connection - model.nation.spanish]
Apr 27, 2018 11:59:09 PM net.sf.freecol.server.networking.Server sendToAll
INFO: Reap dead connection: [DummyConnection Server connection - model.nation.iroquois]
Apr 27, 2018 11:59:09 PM net.sf.freecol.common.model.Specification applyDifficultyLevel
INFO: Applying difficulty level model.difficulty.medium
Apr 27, 2018 11:59:09 PM net.sf.freecol.common.FreeColSeed getFreeColSeed
INFO: Using seed: 448664614032967166
Apr 27, 2018 11:59:09 PM net.sf.freecol.server.networking.Server sendToAll
INFO: Reap dead connection: [DummyConnection Server connection - model.nation.aztec]
Apr 27, 2018 11:59:09 PM net.sf.freecol.server.networking.Server sendToAll
INFO: Reap dead connection: [DummyConnection Server connection - model.nation.iroquois]
Apr 27, 2018 11:59:09 PM net.sf.freecol.server.networking.Server sendToAll
INFO: Reap dead connection: [DummyConnection Server connection - model.nation.sioux]
Apr 27, 2018 11:59:09 PM net.sf.freecol.server.networking.Server sendToAll
INFO: Reap dead connection: [DummyConnection Server connection - model.nation.english]
Apr 27, 2018 11:59:09 PM net.sf.freecol.server.networking.Server sendToAll
INFO: Reap dead connection: [DummyConnection Server connection - model.nation.inca]
Apr 27, 2018 11:59:09 PM net.sf.freecol.server.networking.Server sendToAll
INFO: Reap dead connection: [DummyConnection Server connection - model.nation.tupi]
Apr 27, 2018 11:59:09 PM net.sf.freecol.server.networking.Server sendToAll
INFO: Reap dead connection: [DummyConnection Server connection - model.nation.arawak]
Apr 27, 2018 11:59:09 PM net.sf.freecol.server.networking.Server sendToAll
INFO: Reap dead connection: [DummyConnection Server connection - model.nation.apache]
Apr 27, 2018 11:59:09 PM net.sf.freecol.server.networking.Server sendToAll
INFO: Reap dead connection: [DummyConnection Server connection - model.nation.spanish]
Apr 27, 2018 11:59:09 PM net.sf.freecol.server.networking.Server sendToAll
INFO: Reap dead connection: [DummyConnection Server connection - model.nation.french]
Apr 27, 2018 11:59:09 PM net.sf.freecol.server.networking.Server sendToAll
INFO: Reap dead connection: [DummyConnection Server connection - model.nation.dutch]
Apr 27, 2018 11:59:09 PM net.sf.freecol.server.networking.Server sendToAll
INFO: Reap dead connection: [DummyConnection Server connection - model.nation.cherokee]
Apr 27, 2018 11:59:09 PM net.sf.freecol.common.model.Specification applyDifficultyLevel
INFO: Applying difficulty level model.difficulty.medium
Apr 27, 2018 11:59:09 PM net.sf.freecol.common.FreeColSeed getFreeColSeed
INFO: Using seed: 3589296998728040603
Apr 27, 2018 11:59:09 PM net.sf.freecol.server.networking.Server sendToAll
INFO: Reap dead connection: [DummyConnection Server connection - model.nation.aztec]
Apr 27, 2018 11:59:09 PM net.sf.freecol.server.networking.Server sendToAll
INFO: Reap dead connection: [DummyConnection Server connection - model.nation.arawak]
Apr 27, 2018 11:59:09 PM net.sf.freecol.server.networking.Server sendToAll
INFO: Reap dead connection: [DummyConnection Server connection - model.nation.apache]
Apr 27, 2018 11:59:09 PM net.sf.freecol.server.networking.Server sendToAll
INFO: Reap dead connection: [DummyConnection Server connection - model.nation.french]
Apr 27, 2018 11:59:09 PM net.sf.freecol.server.networking.Server sendToAll
INFO: Reap dead connection: [DummyConnection Server connection - model.nation.iroquois]
Apr 27, 2018 11:59:09 PM net.sf.freecol.server.networking.Server sendToAll
INFO: Reap dead connection: [DummyConnection Server connection - model.nation.sioux]
Apr 27, 2018 11:59:09 PM net.sf.freecol.server.networking.Server sendToAll
INFO: Reap dead connection: [DummyConnection Server connection - model.nation.english]
Apr 27, 2018 11:59:09 PM net.sf.freecol.server.networking.Server sendToAll
INFO: Reap dead connection: [DummyConnection Server connection - model.nation.inca]
Apr 27, 2018 11:59:09 PM net.sf.freecol.server.networking.Server sendToAll
INFO: Reap dead connection: [DummyConnection Server connection - model.nation.dutch]
Apr 27, 2018 11:59:09 PM net.sf.freecol.server.networking.Server sendToAll
INFO: Reap dead connection: [DummyConnection Server connection - model.nation.cherokee]
Apr 27, 2018 11:59:09 PM net.sf.freecol.server.networking.Server sendToAll
INFO: Reap dead connection: [DummyConnection Server connection - model.nation.tupi]
Apr 27, 2018 11:59:09 PM net.sf.freecol.server.networking.Server sendToAll
INFO: Reap dead connection: [DummyConnection Server connection - model.nation.spanish]
Apr 27, 2018 11:59:09 PM net.sf.freecol.common.model.Specification applyDifficultyLevel
INFO: Applying difficulty level model.difficulty.medium
Apr 27, 2018 11:59:09 PM net.sf.freecol.common.FreeColSeed getFreeColSeed
INFO: Using seed: -1519246619649759
Apr 27, 2018 11:59:09 PM net.sf.freecol.server.networking.Server sendToAll
INFO: Reap dead connection: [DummyConnection Server connection - model.nation.iroquois]
Apr 27, 2018 11:59:09 PM net.sf.freecol.server.networking.Server sendToAll
INFO: Reap dead connection: [DummyConnection Server connection - model.nation.dutch]
Apr 27, 2018 11:59:09 PM net.sf.freecol.server.networking.Server sendToAll
INFO: Reap dead connection: [DummyConnection Server connection - model.nation.tupi]
Apr 27, 2018 11:59:09 PM net.sf.freecol.server.networking.Server sendToAll
INFO: Reap dead connection: [DummyConnection Server connection - model.nation.sioux]
Apr 27, 2018 11:59:09 PM net.sf.freecol.server.networking.Server sendToAll
INFO: Reap dead connection: [DummyConnection Server connection - model.nation.inca]
Apr 27, 2018 11:59:09 PM net.sf.freecol.server.networking.Server sendToAll
INFO: Reap dead connection: [DummyConnection Server connection - model.nation.aztec]
Apr 27, 2018 11:59:09 PM net.sf.freecol.server.networking.Server sendToAll
INFO: Reap dead connection: [DummyConnection Server connection - model.nation.spanish]
Apr 27, 2018 11:59:09 PM net.sf.freecol.server.networking.Server sendToAll
INFO: Reap dead connection: [DummyConnection Server connection - model.nation.french]
Apr 27, 2018 11:59:09 PM net.sf.freecol.server.networking.Server sendToAll
INFO: Reap dead connection: [DummyConnection Server connection - model.nation.apache]
Apr 27, 2018 11:59:09 PM net.sf.freecol.server.networking.Server sendToAll
INFO: Reap dead connection: [DummyConnection Server connection - model.nation.arawak]
Apr 27, 2018 11:59:09 PM net.sf.freecol.server.networking.Server sendToAll
INFO: Reap dead connection: [DummyConnection Server connection - model.nation.english]
Apr 27, 2018 11:59:09 PM net.sf.freecol.server.networking.Server sendToAll
INFO: Reap dead connection: [DummyConnection Server connection - model.nation.cherokee]
Apr 27, 2018 11:59:09 PM net.sf.freecol.common.model.FreeColObject getIdNumber
WARNING: Exception formatting ID number.
java.lang.NumberFormatException: For input string: "am2"
	at java.lang.NumberFormatException.forInputString(NumberFormatException.java:65)
	at java.lang.Integer.parseInt(Integer.java:580)
	at java.lang.Integer.parseInt(Integer.java:615)
	at net.sf.freecol.common.model.FreeColObject.getIdNumber(FreeColObject.java:203)
	at net.sf.freecol.common.model.FreeColObject.compareIds(FreeColObject.java:233)
	at net.sf.freecol.common.model.FreeColObject.compareTo(FreeColObject.java:246)
	at net.sf.freecol.server.ai.ValuedAIObject.compareTo(ValuedAIObject.java:126)
	at net.sf.freecol.server.ai.ValuedAIObject.compareTo(ValuedAIObject.java:37)
	at java.util.ComparableTimSort.countRunAndMakeAscending(ComparableTimSort.java:320)
	at java.util.ComparableTimSort.sort(ComparableTimSort.java:188)
	at java.util.Arrays.sort(Arrays.java:1312)
	at java.util.Arrays.sort(Arrays.java:1506)
	at java.util.ArrayList.sort(ArrayList.java:1454)
	at java.util.Collections.sort(Collections.java:141)
	at net.sf.freecol.server.ai.AIColony.updateTileImprovementPlans(AIColony.java:1406)
	at net.sf.freecol.server.ai.mission.PioneeringMissionTest.testImprovementNoLongerValid(PioneeringMissionTest.java:84)
	at sun.reflect.NativeMethodAccessorImpl.invoke0(Native Method)
	at sun.reflect.NativeMethodAccessorImpl.invoke(NativeMethodAccessorImpl.java:62)
	at sun.reflect.DelegatingMethodAccessorImpl.invoke(DelegatingMethodAccessorImpl.java:43)
	at java.lang.reflect.Method.invoke(Method.java:498)
	at junit.framework.TestCase.runTest(TestCase.java:176)
	at junit.framework.TestCase.runBare(TestCase.java:141)
	at junit.framework.TestResult$1.protect(TestResult.java:122)
	at junit.framework.TestResult.runProtected(TestResult.java:142)
	at junit.framework.TestResult.run(TestResult.java:125)
	at junit.framework.TestCase.run(TestCase.java:129)
	at junit.framework.TestSuite.runTest(TestSuite.java:255)
	at junit.framework.TestSuite.run(TestSuite.java:250)
	at junit.framework.TestSuite.runTest(TestSuite.java:255)
	at junit.framework.TestSuite.run(TestSuite.java:250)
	at junit.framework.TestSuite.runTest(TestSuite.java:255)
	at junit.framework.TestSuite.run(TestSuite.java:250)
	at junit.framework.TestSuite.runTest(TestSuite.java:255)
	at junit.framework.TestSuite.run(TestSuite.java:250)
	at junit.framework.TestSuite.runTest(TestSuite.java:255)
	at junit.framework.TestSuite.run(TestSuite.java:250)
	at junit.extensions.TestDecorator.basicRun(TestDecorator.java:23)
	at junit.extensions.TestSetup$1.protect(TestSetup.java:23)
	at junit.framework.TestResult.runProtected(TestResult.java:142)
	at junit.extensions.TestSetup.run(TestSetup.java:27)
	at org.apache.tools.ant.taskdefs.optional.junit.JUnitTestRunner.run(JUnitTestRunner.java:538)
	at org.apache.tools.ant.taskdefs.optional.junit.JUnitTestRunner.launch(JUnitTestRunner.java:1187)
	at org.apache.tools.ant.taskdefs.optional.junit.JUnitTestRunner.main(JUnitTestRunner.java:1039)

Apr 27, 2018 11:59:09 PM net.sf.freecol.common.model.FreeColObject getIdNumber
WARNING: Exception formatting ID number.
java.lang.NumberFormatException: For input string: "am1"
	at java.lang.NumberFormatException.forInputString(NumberFormatException.java:65)
	at java.lang.Integer.parseInt(Integer.java:580)
	at java.lang.Integer.parseInt(Integer.java:615)
	at net.sf.freecol.common.model.FreeColObject.getIdNumber(FreeColObject.java:203)
	at net.sf.freecol.common.model.FreeColObject.compareIds(FreeColObject.java:233)
	at net.sf.freecol.common.model.FreeColObject.compareTo(FreeColObject.java:246)
	at net.sf.freecol.server.ai.ValuedAIObject.compareTo(ValuedAIObject.java:126)
	at net.sf.freecol.server.ai.ValuedAIObject.compareTo(ValuedAIObject.java:37)
	at java.util.ComparableTimSort.countRunAndMakeAscending(ComparableTimSort.java:320)
	at java.util.ComparableTimSort.sort(ComparableTimSort.java:188)
	at java.util.Arrays.sort(Arrays.java:1312)
	at java.util.Arrays.sort(Arrays.java:1506)
	at java.util.ArrayList.sort(ArrayList.java:1454)
	at java.util.Collections.sort(Collections.java:141)
	at net.sf.freecol.server.ai.AIColony.updateTileImprovementPlans(AIColony.java:1406)
	at net.sf.freecol.server.ai.mission.PioneeringMissionTest.testImprovementNoLongerValid(PioneeringMissionTest.java:84)
	at sun.reflect.NativeMethodAccessorImpl.invoke0(Native Method)
	at sun.reflect.NativeMethodAccessorImpl.invoke(NativeMethodAccessorImpl.java:62)
	at sun.reflect.DelegatingMethodAccessorImpl.invoke(DelegatingMethodAccessorImpl.java:43)
	at java.lang.reflect.Method.invoke(Method.java:498)
	at junit.framework.TestCase.runTest(TestCase.java:176)
	at junit.framework.TestCase.runBare(TestCase.java:141)
	at junit.framework.TestResult$1.protect(TestResult.java:122)
	at junit.framework.TestResult.runProtected(TestResult.java:142)
	at junit.framework.TestResult.run(TestResult.java:125)
	at junit.framework.TestCase.run(TestCase.java:129)
	at junit.framework.TestSuite.runTest(TestSuite.java:255)
	at junit.framework.TestSuite.run(TestSuite.java:250)
	at junit.framework.TestSuite.runTest(TestSuite.java:255)
	at junit.framework.TestSuite.run(TestSuite.java:250)
	at junit.framework.TestSuite.runTest(TestSuite.java:255)
	at junit.framework.TestSuite.run(TestSuite.java:250)
	at junit.framework.TestSuite.runTest(TestSuite.java:255)
	at junit.framework.TestSuite.run(TestSuite.java:250)
	at junit.framework.TestSuite.runTest(TestSuite.java:255)
	at junit.framework.TestSuite.run(TestSuite.java:250)
	at junit.extensions.TestDecorator.basicRun(TestDecorator.java:23)
	at junit.extensions.TestSetup$1.protect(TestSetup.java:23)
	at junit.framework.TestResult.runProtected(TestResult.java:142)
	at junit.extensions.TestSetup.run(TestSetup.java:27)
	at org.apache.tools.ant.taskdefs.optional.junit.JUnitTestRunner.run(JUnitTestRunner.java:538)
	at org.apache.tools.ant.taskdefs.optional.junit.JUnitTestRunner.launch(JUnitTestRunner.java:1187)
	at org.apache.tools.ant.taskdefs.optional.junit.JUnitTestRunner.main(JUnitTestRunner.java:1039)

Apr 27, 2018 11:59:09 PM net.sf.freecol.common.model.Specification applyDifficultyLevel
INFO: Applying difficulty level model.difficulty.medium
Apr 27, 2018 11:59:09 PM net.sf.freecol.common.FreeColSeed getFreeColSeed
INFO: Using seed: 2510894201752344745
Apr 27, 2018 11:59:09 PM net.sf.freecol.server.networking.Server sendToAll
INFO: Reap dead connection: [DummyConnection Server connection - model.nation.sioux]
Apr 27, 2018 11:59:09 PM net.sf.freecol.server.networking.Server sendToAll
INFO: Reap dead connection: [DummyConnection Server connection - model.nation.arawak]
Apr 27, 2018 11:59:09 PM net.sf.freecol.server.networking.Server sendToAll
INFO: Reap dead connection: [DummyConnection Server connection - model.nation.apache]
Apr 27, 2018 11:59:09 PM net.sf.freecol.server.networking.Server sendToAll
INFO: Reap dead connection: [DummyConnection Server connection - model.nation.dutch]
Apr 27, 2018 11:59:09 PM net.sf.freecol.server.networking.Server sendToAll
INFO: Reap dead connection: [DummyConnection Server connection - model.nation.tupi]
Apr 27, 2018 11:59:09 PM net.sf.freecol.server.networking.Server sendToAll
INFO: Reap dead connection: [DummyConnection Server connection - model.nation.french]
Apr 27, 2018 11:59:09 PM net.sf.freecol.server.networking.Server sendToAll
INFO: Reap dead connection: [DummyConnection Server connection - model.nation.english]
Apr 27, 2018 11:59:09 PM net.sf.freecol.server.networking.Server sendToAll
INFO: Reap dead connection: [DummyConnection Server connection - model.nation.iroquois]
Apr 27, 2018 11:59:09 PM net.sf.freecol.server.networking.Server sendToAll
INFO: Reap dead connection: [DummyConnection Server connection - model.nation.cherokee]
Apr 27, 2018 11:59:09 PM net.sf.freecol.server.networking.Server sendToAll
INFO: Reap dead connection: [DummyConnection Server connection - model.nation.aztec]
Apr 27, 2018 11:59:09 PM net.sf.freecol.server.networking.Server sendToAll
INFO: Reap dead connection: [DummyConnection Server connection - model.nation.inca]
Apr 27, 2018 11:59:09 PM net.sf.freecol.server.networking.Server sendToAll
INFO: Reap dead connection: [DummyConnection Server connection - model.nation.spanish]
Apr 27, 2018 11:59:09 PM net.sf.freecol.common.model.Specification applyDifficultyLevel
INFO: Applying difficulty level model.difficulty.medium
Apr 27, 2018 11:59:09 PM net.sf.freecol.common.FreeColSeed getFreeColSeed
INFO: Using seed: -2307777827564676457
Apr 27, 2018 11:59:09 PM net.sf.freecol.server.networking.Server sendToAll
INFO: Reap dead connection: [DummyConnection Server connection - model.nation.arawak]
Apr 27, 2018 11:59:09 PM net.sf.freecol.server.networking.Server sendToAll
INFO: Reap dead connection: [DummyConnection Server connection - model.nation.iroquois]
Apr 27, 2018 11:59:09 PM net.sf.freecol.server.networking.Server sendToAll
INFO: Reap dead connection: [DummyConnection Server connection - model.nation.english]
Apr 27, 2018 11:59:09 PM net.sf.freecol.server.networking.Server sendToAll
INFO: Reap dead connection: [DummyConnection Server connection - model.nation.sioux]
Apr 27, 2018 11:59:09 PM net.sf.freecol.server.networking.Server sendToAll
INFO: Reap dead connection: [DummyConnection Server connection - model.nation.spanish]
Apr 27, 2018 11:59:09 PM net.sf.freecol.server.networking.Server sendToAll
INFO: Reap dead connection: [DummyConnection Server connection - model.nation.dutch]
Apr 27, 2018 11:59:09 PM net.sf.freecol.server.networking.Server sendToAll
INFO: Reap dead connection: [DummyConnection Server connection - model.nation.inca]
Apr 27, 2018 11:59:09 PM net.sf.freecol.server.networking.Server sendToAll
INFO: Reap dead connection: [DummyConnection Server connection - model.nation.apache]
Apr 27, 2018 11:59:09 PM net.sf.freecol.server.networking.Server sendToAll
INFO: Reap dead connection: [DummyConnection Server connection - model.nation.tupi]
Apr 27, 2018 11:59:09 PM net.sf.freecol.server.networking.Server sendToAll
INFO: Reap dead connection: [DummyConnection Server connection - model.nation.french]
Apr 27, 2018 11:59:09 PM net.sf.freecol.server.networking.Server sendToAll
INFO: Reap dead connection: [DummyConnection Server connection - model.nation.aztec]
Apr 27, 2018 11:59:09 PM net.sf.freecol.server.networking.Server sendToAll
INFO: Reap dead connection: [DummyConnection Server connection - model.nation.cherokee]
Apr 27, 2018 11:59:09 PM net.sf.freecol.common.model.Specification applyDifficultyLevel
INFO: Applying difficulty level model.difficulty.medium
Apr 27, 2018 11:59:09 PM net.sf.freecol.common.FreeColSeed getFreeColSeed
INFO: Using seed: 7728075897715844783
Apr 27, 2018 11:59:09 PM net.sf.freecol.server.networking.Server sendToAll
INFO: Reap dead connection: [DummyConnection Server connection - model.nation.english]
Apr 27, 2018 11:59:09 PM net.sf.freecol.server.networking.Server sendToAll
INFO: Reap dead connection: [DummyConnection Server connection - model.nation.aztec]
Apr 27, 2018 11:59:09 PM net.sf.freecol.server.networking.Server sendToAll
INFO: Reap dead connection: [DummyConnection Server connection - model.nation.iroquois]
Apr 27, 2018 11:59:09 PM net.sf.freecol.server.networking.Server sendToAll
INFO: Reap dead connection: [DummyConnection Server connection - model.nation.spanish]
Apr 27, 2018 11:59:09 PM net.sf.freecol.server.networking.Server sendToAll
INFO: Reap dead connection: [DummyConnection Server connection - model.nation.tupi]
Apr 27, 2018 11:59:09 PM net.sf.freecol.server.networking.Server sendToAll
INFO: Reap dead connection: [DummyConnection Server connection - model.nation.arawak]
Apr 27, 2018 11:59:09 PM net.sf.freecol.server.networking.Server sendToAll
INFO: Reap dead connection: [DummyConnection Server connection - model.nation.french]
Apr 27, 2018 11:59:09 PM net.sf.freecol.server.networking.Server sendToAll
INFO: Reap dead connection: [DummyConnection Server connection - model.nation.apache]
Apr 27, 2018 11:59:09 PM net.sf.freecol.server.networking.Server sendToAll
INFO: Reap dead connection: [DummyConnection Server connection - model.nation.inca]
Apr 27, 2018 11:59:09 PM net.sf.freecol.server.networking.Server sendToAll
INFO: Reap dead connection: [DummyConnection Server connection - model.nation.sioux]
Apr 27, 2018 11:59:09 PM net.sf.freecol.server.networking.Server sendToAll
INFO: Reap dead connection: [DummyConnection Server connection - model.nation.dutch]
Apr 27, 2018 11:59:09 PM net.sf.freecol.server.networking.Server sendToAll
INFO: Reap dead connection: [DummyConnection Server connection - model.nation.cherokee]
Apr 27, 2018 11:59:09 PM net.sf.freecol.common.model.Specification applyDifficultyLevel
INFO: Applying difficulty level model.difficulty.medium
Apr 27, 2018 11:59:09 PM net.sf.freecol.common.FreeColSeed getFreeColSeed
INFO: Using seed: 2710978280239316120
Apr 27, 2018 11:59:09 PM net.sf.freecol.server.networking.Server sendToAll
INFO: Reap dead connection: [DummyConnection Server connection - model.nation.iroquois]
Apr 27, 2018 11:59:09 PM net.sf.freecol.server.networking.Server sendToAll
INFO: Reap dead connection: [DummyConnection Server connection - model.nation.english]
Apr 27, 2018 11:59:09 PM net.sf.freecol.server.networking.Server sendToAll
INFO: Reap dead connection: [DummyConnection Server connection - model.nation.sioux]
Apr 27, 2018 11:59:09 PM net.sf.freecol.server.networking.Server sendToAll
INFO: Reap dead connection: [DummyConnection Server connection - model.nation.cherokee]
Apr 27, 2018 11:59:09 PM net.sf.freecol.server.networking.Server sendToAll
INFO: Reap dead connection: [DummyConnection Server connection - model.nation.french]
Apr 27, 2018 11:59:09 PM net.sf.freecol.server.networking.Server sendToAll
INFO: Reap dead connection: [DummyConnection Server connection - model.nation.apache]
Apr 27, 2018 11:59:09 PM net.sf.freecol.server.networking.Server sendToAll
INFO: Reap dead connection: [DummyConnection Server connection - model.nation.dutch]
Apr 27, 2018 11:59:09 PM net.sf.freecol.server.networking.Server sendToAll
INFO: Reap dead connection: [DummyConnection Server connection - model.nation.tupi]
Apr 27, 2018 11:59:09 PM net.sf.freecol.server.networking.Server sendToAll
INFO: Reap dead connection: [DummyConnection Server connection - model.nation.spanish]
Apr 27, 2018 11:59:09 PM net.sf.freecol.server.networking.Server sendToAll
INFO: Reap dead connection: [DummyConnection Server connection - model.nation.inca]
Apr 27, 2018 11:59:09 PM net.sf.freecol.server.networking.Server sendToAll
INFO: Reap dead connection: [DummyConnection Server connection - model.nation.arawak]
Apr 27, 2018 11:59:09 PM net.sf.freecol.server.networking.Server sendToAll
INFO: Reap dead connection: [DummyConnection Server connection - model.nation.aztec]
Apr 27, 2018 11:59:09 PM net.sf.freecol.common.model.Specification applyDifficultyLevel
INFO: Applying difficulty level model.difficulty.medium
Apr 27, 2018 11:59:09 PM net.sf.freecol.common.FreeColSeed getFreeColSeed
INFO: Using seed: -4164469969955810007
Apr 27, 2018 11:59:09 PM net.sf.freecol.server.networking.Server sendToAll
INFO: Reap dead connection: [DummyConnection Server connection - model.nation.french]
Apr 27, 2018 11:59:09 PM net.sf.freecol.server.networking.Server sendToAll
INFO: Reap dead connection: [DummyConnection Server connection - model.nation.spanish]
Apr 27, 2018 11:59:09 PM net.sf.freecol.server.networking.Server sendToAll
INFO: Reap dead connection: [DummyConnection Server connection - model.nation.english]
Apr 27, 2018 11:59:09 PM net.sf.freecol.server.networking.Server sendToAll
INFO: Reap dead connection: [DummyConnection Server connection - model.nation.inca]
Apr 27, 2018 11:59:09 PM net.sf.freecol.server.networking.Server sendToAll
INFO: Reap dead connection: [DummyConnection Server connection - model.nation.aztec]
Apr 27, 2018 11:59:09 PM net.sf.freecol.server.networking.Server sendToAll
INFO: Reap dead connection: [DummyConnection Server connection - model.nation.dutch]
Apr 27, 2018 11:59:09 PM net.sf.freecol.server.networking.Server sendToAll
INFO: Reap dead connection: [DummyConnection Server connection - model.nation.apache]
Apr 27, 2018 11:59:09 PM net.sf.freecol.server.networking.Server sendToAll
INFO: Reap dead connection: [DummyConnection Server connection - model.nation.tupi]
Apr 27, 2018 11:59:09 PM net.sf.freecol.server.networking.Server sendToAll
INFO: Reap dead connection: [DummyConnection Server connection - model.nation.cherokee]
Apr 27, 2018 11:59:09 PM net.sf.freecol.server.networking.Server sendToAll
INFO: Reap dead connection: [DummyConnection Server connection - model.nation.sioux]
Apr 27, 2018 11:59:09 PM net.sf.freecol.server.networking.Server sendToAll
INFO: Reap dead connection: [DummyConnection Server connection - model.nation.arawak]
Apr 27, 2018 11:59:09 PM net.sf.freecol.server.networking.Server sendToAll
INFO: Reap dead connection: [DummyConnection Server connection - model.nation.iroquois]
Apr 27, 2018 11:59:09 PM net.sf.freecol.common.networking.DOMMessage clientError
WARNING: Received message: move out of turn from player: model.nation.dutch
Apr 27, 2018 11:59:09 PM net.sf.freecol.server.ai.AIMessage checkError
WARNING: AIMessage.move error, messageId: server.reject message: Received message: move out of turn from player: model.nation.dutch
Apr 27, 2018 11:59:09 PM net.sf.freecol.common.model.Specification applyDifficultyLevel
INFO: Applying difficulty level model.difficulty.medium
Apr 27, 2018 11:59:09 PM net.sf.freecol.common.FreeColSeed getFreeColSeed
INFO: Using seed: 871347352419087329
Apr 27, 2018 11:59:09 PM net.sf.freecol.server.networking.Server sendToAll
INFO: Reap dead connection: [DummyConnection Server connection - model.nation.aztec]
Apr 27, 2018 11:59:09 PM net.sf.freecol.server.networking.Server sendToAll
INFO: Reap dead connection: [DummyConnection Server connection - model.nation.arawak]
Apr 27, 2018 11:59:09 PM net.sf.freecol.server.networking.Server sendToAll
INFO: Reap dead connection: [DummyConnection Server connection - model.nation.apache]
Apr 27, 2018 11:59:09 PM net.sf.freecol.server.networking.Server sendToAll
INFO: Reap dead connection: [DummyConnection Server connection - model.nation.inca]
Apr 27, 2018 11:59:09 PM net.sf.freecol.server.networking.Server sendToAll
INFO: Reap dead connection: [DummyConnection Server connection - model.nation.spanish]
Apr 27, 2018 11:59:09 PM net.sf.freecol.server.networking.Server sendToAll
INFO: Reap dead connection: [DummyConnection Server connection - model.nation.cherokee]
Apr 27, 2018 11:59:09 PM net.sf.freecol.server.networking.Server sendToAll
INFO: Reap dead connection: [DummyConnection Server connection - model.nation.tupi]
Apr 27, 2018 11:59:09 PM net.sf.freecol.server.networking.Server sendToAll
INFO: Reap dead connection: [DummyConnection Server connection - model.nation.iroquois]
Apr 27, 2018 11:59:09 PM net.sf.freecol.server.networking.Server sendToAll
INFO: Reap dead connection: [DummyConnection Server connection - model.nation.french]
Apr 27, 2018 11:59:09 PM net.sf.freecol.server.networking.Server sendToAll
INFO: Reap dead connection: [DummyConnection Server connection - model.nation.sioux]
Apr 27, 2018 11:59:09 PM net.sf.freecol.server.networking.Server sendToAll
INFO: Reap dead connection: [DummyConnection Server connection - model.nation.dutch]
Apr 27, 2018 11:59:09 PM net.sf.freecol.server.networking.Server sendToAll
INFO: Reap dead connection: [DummyConnection Server connection - model.nation.english]
Apr 27, 2018 11:59:09 PM net.sf.freecol.common.networking.DOMMessage clientError
WARNING: Received message: move out of turn from player: model.nation.dutch
Apr 27, 2018 11:59:09 PM net.sf.freecol.server.ai.AIMessage checkError
WARNING: AIMessage.move error, messageId: server.reject message: Received message: move out of turn from player: model.nation.dutch
Apr 27, 2018 11:59:09 PM net.sf.freecol.common.model.Specification applyDifficultyLevel
INFO: Applying difficulty level model.difficulty.medium
Apr 27, 2018 11:59:09 PM net.sf.freecol.common.FreeColSeed getFreeColSeed
INFO: Using seed: -889584229540224408
Apr 27, 2018 11:59:09 PM net.sf.freecol.server.networking.Server sendToAll
INFO: Reap dead connection: [DummyConnection Server connection - model.nation.sioux]
Apr 27, 2018 11:59:09 PM net.sf.freecol.server.networking.Server sendToAll
INFO: Reap dead connection: [DummyConnection Server connection - model.nation.english]
Apr 27, 2018 11:59:09 PM net.sf.freecol.server.networking.Server sendToAll
INFO: Reap dead connection: [DummyConnection Server connection - model.nation.french]
Apr 27, 2018 11:59:09 PM net.sf.freecol.server.networking.Server sendToAll
INFO: Reap dead connection: [DummyConnection Server connection - model.nation.apache]
Apr 27, 2018 11:59:09 PM net.sf.freecol.server.networking.Server sendToAll
INFO: Reap dead connection: [DummyConnection Server connection - model.nation.cherokee]
Apr 27, 2018 11:59:09 PM net.sf.freecol.server.networking.Server sendToAll
INFO: Reap dead connection: [DummyConnection Server connection - model.nation.arawak]
Apr 27, 2018 11:59:09 PM net.sf.freecol.server.networking.Server sendToAll
INFO: Reap dead connection: [DummyConnection Server connection - model.nation.inca]
Apr 27, 2018 11:59:09 PM net.sf.freecol.server.networking.Server sendToAll
INFO: Reap dead connection: [DummyConnection Server connection - model.nation.tupi]
Apr 27, 2018 11:59:09 PM net.sf.freecol.server.networking.Server sendToAll
INFO: Reap dead connection: [DummyConnection Server connection - model.nation.aztec]
Apr 27, 2018 11:59:09 PM net.sf.freecol.server.networking.Server sendToAll
INFO: Reap dead connection: [DummyConnection Server connection - model.nation.spanish]
Apr 27, 2018 11:59:09 PM net.sf.freecol.server.networking.Server sendToAll
INFO: Reap dead connection: [DummyConnection Server connection - model.nation.dutch]
Apr 27, 2018 11:59:09 PM net.sf.freecol.server.networking.Server sendToAll
INFO: Reap dead connection: [DummyConnection Server connection - model.nation.iroquois]
Apr 27, 2018 11:59:09 PM net.sf.freecol.common.networking.DOMMessage clientError
WARNING: Received message: move out of turn from player: model.nation.dutch
Apr 27, 2018 11:59:10 PM net.sf.freecol.server.ai.AIMessage checkError
WARNING: AIMessage.move error, messageId: server.reject message: Received message: move out of turn from player: model.nation.dutch
Apr 27, 2018 11:59:10 PM net.sf.freecol.common.model.Specification applyDifficultyLevel
INFO: Applying difficulty level model.difficulty.medium
Apr 27, 2018 11:59:10 PM net.sf.freecol.common.FreeColSeed getFreeColSeed
INFO: Using seed: 6206901578601864737
Apr 27, 2018 11:59:10 PM net.sf.freecol.server.networking.Server sendToAll
INFO: Reap dead connection: [DummyConnection Server connection - model.nation.iroquois]
Apr 27, 2018 11:59:10 PM net.sf.freecol.server.networking.Server sendToAll
INFO: Reap dead connection: [DummyConnection Server connection - model.nation.tupi]
Apr 27, 2018 11:59:10 PM net.sf.freecol.server.networking.Server sendToAll
INFO: Reap dead connection: [DummyConnection Server connection - model.nation.english]
Apr 27, 2018 11:59:10 PM net.sf.freecol.server.networking.Server sendToAll
INFO: Reap dead connection: [DummyConnection Server connection - model.nation.cherokee]
Apr 27, 2018 11:59:10 PM net.sf.freecol.server.networking.Server sendToAll
INFO: Reap dead connection: [DummyConnection Server connection - model.nation.french]
Apr 27, 2018 11:59:10 PM net.sf.freecol.server.networking.Server sendToAll
INFO: Reap dead connection: [DummyConnection Server connection - model.nation.sioux]
Apr 27, 2018 11:59:10 PM net.sf.freecol.server.networking.Server sendToAll
INFO: Reap dead connection: [DummyConnection Server connection - model.nation.apache]
Apr 27, 2018 11:59:10 PM net.sf.freecol.server.networking.Server sendToAll
INFO: Reap dead connection: [DummyConnection Server connection - model.nation.aztec]
Apr 27, 2018 11:59:10 PM net.sf.freecol.server.networking.Server sendToAll
INFO: Reap dead connection: [DummyConnection Server connection - model.nation.spanish]
Apr 27, 2018 11:59:10 PM net.sf.freecol.server.networking.Server sendToAll
INFO: Reap dead connection: [DummyConnection Server connection - model.nation.arawak]
Apr 27, 2018 11:59:10 PM net.sf.freecol.server.networking.Server sendToAll
INFO: Reap dead connection: [DummyConnection Server connection - model.nation.dutch]
Apr 27, 2018 11:59:10 PM net.sf.freecol.server.networking.Server sendToAll
INFO: Reap dead connection: [DummyConnection Server connection - model.nation.inca]
Apr 27, 2018 11:59:10 PM net.sf.freecol.common.util.LogBuilder log
INFO: Combat attacker=unit:250-privateer [Modifier model.modifier.offence (model.source.baseOffence) ADDITIVE 8.0 index=10] [Modifier model.modifier.attackBonus (model.source.attackBonus) PERCENTAGE 50.0 index=50] = 12.0 defender=unit:247-galleon [Modifier model.modifier.defence (model.source.baseDefence) ADDITIVE 10.0 index=10] = 10.0 odds=0.5454545454545454 random(1.0)=0.5254545211791992 great=false Attack WIN DAMAGE_SHIP_ATTACK
Apr 27, 2018 11:59:10 PM net.sf.freecol.common.util.LogBuilder log
INFO: Destroying: unit:249
Apr 27, 2018 11:59:10 PM net.sf.freecol.common.model.Specification applyDifficultyLevel
INFO: Applying difficulty level model.difficulty.medium
Apr 27, 2018 11:59:10 PM net.sf.freecol.common.FreeColSeed getFreeColSeed
INFO: Using seed: 4489056307026011425
Apr 27, 2018 11:59:10 PM net.sf.freecol.server.networking.Server sendToAll
INFO: Reap dead connection: [DummyConnection Server connection - model.nation.cherokee]
Apr 27, 2018 11:59:10 PM net.sf.freecol.server.networking.Server sendToAll
INFO: Reap dead connection: [DummyConnection Server connection - model.nation.apache]
Apr 27, 2018 11:59:10 PM net.sf.freecol.server.networking.Server sendToAll
INFO: Reap dead connection: [DummyConnection Server connection - model.nation.spanish]
Apr 27, 2018 11:59:10 PM net.sf.freecol.server.networking.Server sendToAll
INFO: Reap dead connection: [DummyConnection Server connection - model.nation.iroquois]
Apr 27, 2018 11:59:10 PM net.sf.freecol.server.networking.Server sendToAll
INFO: Reap dead connection: [DummyConnection Server connection - model.nation.arawak]
Apr 27, 2018 11:59:10 PM net.sf.freecol.server.networking.Server sendToAll
INFO: Reap dead connection: [DummyConnection Server connection - model.nation.inca]
Apr 27, 2018 11:59:10 PM net.sf.freecol.server.networking.Server sendToAll
INFO: Reap dead connection: [DummyConnection Server connection - model.nation.tupi]
Apr 27, 2018 11:59:10 PM net.sf.freecol.server.networking.Server sendToAll
INFO: Reap dead connection: [DummyConnection Server connection - model.nation.sioux]
Apr 27, 2018 11:59:10 PM net.sf.freecol.server.networking.Server sendToAll
INFO: Reap dead connection: [DummyConnection Server connection - model.nation.french]
Apr 27, 2018 11:59:10 PM net.sf.freecol.server.networking.Server sendToAll
INFO: Reap dead connection: [DummyConnection Server connection - model.nation.aztec]
Apr 27, 2018 11:59:10 PM net.sf.freecol.server.networking.Server sendToAll
INFO: Reap dead connection: [DummyConnection Server connection - model.nation.dutch]
Apr 27, 2018 11:59:10 PM net.sf.freecol.server.networking.Server sendToAll
INFO: Reap dead connection: [DummyConnection Server connection - model.nation.english]
Apr 27, 2018 11:59:10 PM net.sf.freecol.common.model.Specification applyDifficultyLevel
INFO: Applying difficulty level model.difficulty.medium
Apr 27, 2018 11:59:10 PM net.sf.freecol.common.FreeColSeed getFreeColSeed
INFO: Using seed: -8461012734127428201
Apr 27, 2018 11:59:10 PM net.sf.freecol.server.networking.Server sendToAll
INFO: Reap dead connection: [DummyConnection Server connection - model.nation.iroquois]
Apr 27, 2018 11:59:10 PM net.sf.freecol.server.networking.Server sendToAll
INFO: Reap dead connection: [DummyConnection Server connection - model.nation.apache]
Apr 27, 2018 11:59:10 PM net.sf.freecol.server.networking.Server sendToAll
INFO: Reap dead connection: [DummyConnection Server connection - model.nation.aztec]
Apr 27, 2018 11:59:10 PM net.sf.freecol.server.networking.Server sendToAll
INFO: Reap dead connection: [DummyConnection Server connection - model.nation.dutch]
Apr 27, 2018 11:59:10 PM net.sf.freecol.server.networking.Server sendToAll
INFO: Reap dead connection: [DummyConnection Server connection - model.nation.spanish]
Apr 27, 2018 11:59:10 PM net.sf.freecol.server.networking.Server sendToAll
INFO: Reap dead connection: [DummyConnection Server connection - model.nation.sioux]
Apr 27, 2018 11:59:10 PM net.sf.freecol.server.networking.Server sendToAll
INFO: Reap dead connection: [DummyConnection Server connection - model.nation.cherokee]
Apr 27, 2018 11:59:10 PM net.sf.freecol.server.networking.Server sendToAll
INFO: Reap dead connection: [DummyConnection Server connection - model.nation.french]
Apr 27, 2018 11:59:10 PM net.sf.freecol.server.networking.Server sendToAll
INFO: Reap dead connection: [DummyConnection Server connection - model.nation.english]
Apr 27, 2018 11:59:10 PM net.sf.freecol.server.networking.Server sendToAll
INFO: Reap dead connection: [DummyConnection Server connection - model.nation.arawak]
Apr 27, 2018 11:59:10 PM net.sf.freecol.server.networking.Server sendToAll
INFO: Reap dead connection: [DummyConnection Server connection - model.nation.tupi]
Apr 27, 2018 11:59:10 PM net.sf.freecol.server.networking.Server sendToAll
INFO: Reap dead connection: [DummyConnection Server connection - model.nation.inca]
Apr 27, 2018 11:59:10 PM net.sf.freecol.common.model.Specification applyDifficultyLevel
INFO: Applying difficulty level model.difficulty.medium
Apr 27, 2018 11:59:10 PM net.sf.freecol.common.FreeColSeed getFreeColSeed
INFO: Using seed: -8736429109755453340
Apr 27, 2018 11:59:10 PM net.sf.freecol.server.networking.Server sendToAll
INFO: Reap dead connection: [DummyConnection Server connection - model.nation.dutch]
Apr 27, 2018 11:59:10 PM net.sf.freecol.server.networking.Server sendToAll
INFO: Reap dead connection: [DummyConnection Server connection - model.nation.inca]
Apr 27, 2018 11:59:10 PM net.sf.freecol.server.networking.Server sendToAll
INFO: Reap dead connection: [DummyConnection Server connection - model.nation.cherokee]
Apr 27, 2018 11:59:10 PM net.sf.freecol.server.networking.Server sendToAll
INFO: Reap dead connection: [DummyConnection Server connection - model.nation.iroquois]
Apr 27, 2018 11:59:10 PM net.sf.freecol.server.networking.Server sendToAll
INFO: Reap dead connection: [DummyConnection Server connection - model.nation.sioux]
Apr 27, 2018 11:59:10 PM net.sf.freecol.server.networking.Server sendToAll
INFO: Reap dead connection: [DummyConnection Server connection - model.nation.french]
Apr 27, 2018 11:59:10 PM net.sf.freecol.server.networking.Server sendToAll
INFO: Reap dead connection: [DummyConnection Server connection - model.nation.arawak]
Apr 27, 2018 11:59:10 PM net.sf.freecol.server.networking.Server sendToAll
INFO: Reap dead connection: [DummyConnection Server connection - model.nation.spanish]
Apr 27, 2018 11:59:10 PM net.sf.freecol.server.networking.Server sendToAll
INFO: Reap dead connection: [DummyConnection Server connection - model.nation.tupi]
Apr 27, 2018 11:59:10 PM net.sf.freecol.server.networking.Server sendToAll
INFO: Reap dead connection: [DummyConnection Server connection - model.nation.english]
Apr 27, 2018 11:59:10 PM net.sf.freecol.server.networking.Server sendToAll
INFO: Reap dead connection: [DummyConnection Server connection - model.nation.aztec]
Apr 27, 2018 11:59:10 PM net.sf.freecol.server.networking.Server sendToAll
INFO: Reap dead connection: [DummyConnection Server connection - model.nation.apache]
Apr 27, 2018 11:59:10 PM net.sf.freecol.server.model.ServerPlayer csChangeStance
INFO: Stance modification William I PEACE -> WAR wrt Atahualpa
Apr 27, 2018 11:59:10 PM net.sf.freecol.server.model.ServerPlayer csChangeStance
INFO: Stance modification Atahualpa PEACE -> WAR wrt William I (symmetric)
Apr 27, 2018 11:59:10 PM net.sf.freecol.common.model.Specification applyDifficultyLevel
INFO: Applying difficulty level model.difficulty.medium
Apr 27, 2018 11:59:10 PM net.sf.freecol.common.FreeColSeed getFreeColSeed
INFO: Using seed: 6921936131695111921
Apr 27, 2018 11:59:10 PM net.sf.freecol.server.networking.Server sendToAll
INFO: Reap dead connection: [DummyConnection Server connection - model.nation.tupi]
Apr 27, 2018 11:59:10 PM net.sf.freecol.server.networking.Server sendToAll
INFO: Reap dead connection: [DummyConnection Server connection - model.nation.inca]
Apr 27, 2018 11:59:10 PM net.sf.freecol.server.networking.Server sendToAll
INFO: Reap dead connection: [DummyConnection Server connection - model.nation.cherokee]
Apr 27, 2018 11:59:10 PM net.sf.freecol.server.networking.Server sendToAll
INFO: Reap dead connection: [DummyConnection Server connection - model.nation.arawak]
Apr 27, 2018 11:59:10 PM net.sf.freecol.server.networking.Server sendToAll
INFO: Reap dead connection: [DummyConnection Server connection - model.nation.english]
Apr 27, 2018 11:59:10 PM net.sf.freecol.server.networking.Server sendToAll
INFO: Reap dead connection: [DummyConnection Server connection - model.nation.aztec]
Apr 27, 2018 11:59:10 PM net.sf.freecol.server.networking.Server sendToAll
INFO: Reap dead connection: [DummyConnection Server connection - model.nation.iroquois]
Apr 27, 2018 11:59:10 PM net.sf.freecol.server.networking.Server sendToAll
INFO: Reap dead connection: [DummyConnection Server connection - model.nation.french]
Apr 27, 2018 11:59:10 PM net.sf.freecol.server.networking.Server sendToAll
INFO: Reap dead connection: [DummyConnection Server connection - model.nation.sioux]
Apr 27, 2018 11:59:10 PM net.sf.freecol.server.networking.Server sendToAll
INFO: Reap dead connection: [DummyConnection Server connection - model.nation.spanish]
Apr 27, 2018 11:59:10 PM net.sf.freecol.server.networking.Server sendToAll
INFO: Reap dead connection: [DummyConnection Server connection - model.nation.apache]
Apr 27, 2018 11:59:10 PM net.sf.freecol.server.networking.Server sendToAll
INFO: Reap dead connection: [DummyConnection Server connection - model.nation.dutch]
Apr 27, 2018 11:59:10 PM net.sf.freecol.server.model.ServerPlayer csChangeStance
INFO: Stance modification William I UNCONTACTED -> WAR wrt Louis XIV
Apr 27, 2018 11:59:10 PM net.sf.freecol.server.model.ServerPlayer csChangeStance
INFO: Stance modification Louis XIV UNCONTACTED -> WAR wrt William I (symmetric)
Apr 27, 2018 11:59:10 PM net.sf.freecol.common.util.LogBuilder log
INFO: Combat attacker=unit:247-artillery [Modifier model.modifier.offence (model.source.baseOffence) ADDITIVE 7.0 index=10] [Modifier model.modifier.artilleryInTheOpen (model.source.artilleryInTheOpen) PERCENTAGE -75.0 index=50] [Modifier model.modifier.attackBonus (model.source.attackBonus) PERCENTAGE 50.0 index=50] = 2.625 defender=unit:248-freeColonist-soldier [Modifier model.modifier.defence (model.source.baseDefence) ADDITIVE 1.0 index=10] [Modifier model.modifier.defence (model.role.soldier) ADDITIVE 1.0 index=30] = 2.0 odds=0.5675675675675675 random(1.0)=0.5875675678253174 great=false Attack LOSE DEMOTE_UNIT
Apr 27, 2018 11:59:10 PM net.sf.freecol.common.util.LogBuilder log
INFO: Combat attacker=unit:247-damagedArtillery [Modifier model.modifier.offence (model.source.baseOffence) ADDITIVE 5.0 index=10] [Modifier model.modifier.artilleryInTheOpen (model.source.artilleryInTheOpen) PERCENTAGE -75.0 index=50] [Modifier model.modifier.attackBonus (model.source.attackBonus) PERCENTAGE 50.0 index=50] = 1.875 defender=unit:248-freeColonist-soldier [Modifier model.modifier.defence (model.source.baseDefence) ADDITIVE 1.0 index=10] [Modifier model.modifier.defence (model.role.soldier) ADDITIVE 1.0 index=30] = 2.0 odds=0.4838709677419355 random(1.0)=0.503870964050293 great=false Attack LOSE SLAUGHTER_UNIT
Apr 27, 2018 11:59:10 PM net.sf.freecol.common.util.LogBuilder log
INFO: Destroying: unit:247
Apr 27, 2018 11:59:10 PM net.sf.freecol.common.model.Specification applyDifficultyLevel
INFO: Applying difficulty level model.difficulty.medium
Apr 27, 2018 11:59:10 PM net.sf.freecol.common.FreeColSeed getFreeColSeed
INFO: Using seed: -869398801991521657
Apr 27, 2018 11:59:10 PM net.sf.freecol.server.networking.Server sendToAll
INFO: Reap dead connection: [DummyConnection Server connection - model.nation.english]
Apr 27, 2018 11:59:10 PM net.sf.freecol.server.networking.Server sendToAll
INFO: Reap dead connection: [DummyConnection Server connection - model.nation.iroquois]
Apr 27, 2018 11:59:10 PM net.sf.freecol.server.networking.Server sendToAll
INFO: Reap dead connection: [DummyConnection Server connection - model.nation.aztec]
Apr 27, 2018 11:59:10 PM net.sf.freecol.server.networking.Server sendToAll
INFO: Reap dead connection: [DummyConnection Server connection - model.nation.cherokee]
Apr 27, 2018 11:59:10 PM net.sf.freecol.server.networking.Server sendToAll
INFO: Reap dead connection: [DummyConnection Server connection - model.nation.tupi]
Apr 27, 2018 11:59:10 PM net.sf.freecol.server.networking.Server sendToAll
INFO: Reap dead connection: [DummyConnection Server connection - model.nation.apache]
Apr 27, 2018 11:59:10 PM net.sf.freecol.server.networking.Server sendToAll
INFO: Reap dead connection: [DummyConnection Server connection - model.nation.dutch]
Apr 27, 2018 11:59:10 PM net.sf.freecol.server.networking.Server sendToAll
INFO: Reap dead connection: [DummyConnection Server connection - model.nation.arawak]
Apr 27, 2018 11:59:10 PM net.sf.freecol.server.networking.Server sendToAll
INFO: Reap dead connection: [DummyConnection Server connection - model.nation.sioux]
Apr 27, 2018 11:59:10 PM net.sf.freecol.server.networking.Server sendToAll
INFO: Reap dead connection: [DummyConnection Server connection - model.nation.french]
Apr 27, 2018 11:59:10 PM net.sf.freecol.server.networking.Server sendToAll
INFO: Reap dead connection: [DummyConnection Server connection - model.nation.inca]
Apr 27, 2018 11:59:10 PM net.sf.freecol.server.networking.Server sendToAll
INFO: Reap dead connection: [DummyConnection Server connection - model.nation.spanish]
Apr 27, 2018 11:59:10 PM net.sf.freecol.server.model.ServerPlayer csChangeStance
INFO: Stance modification William I WAR -> PEACE wrt Louis XIV
Apr 27, 2018 11:59:10 PM net.sf.freecol.server.model.ServerPlayer csChangeStance
INFO: Stance modification Louis XIV WAR -> PEACE wrt William I (symmetric)
Apr 27, 2018 11:59:10 PM net.sf.freecol.common.model.Specification applyDifficultyLevel
INFO: Applying difficulty level model.difficulty.medium
Apr 27, 2018 11:59:10 PM net.sf.freecol.common.FreeColSeed getFreeColSeed
INFO: Using seed: -8266035581031577603
Apr 27, 2018 11:59:10 PM net.sf.freecol.server.networking.Server sendToAll
INFO: Reap dead connection: [DummyConnection Server connection - model.nation.iroquois]
Apr 27, 2018 11:59:10 PM net.sf.freecol.server.networking.Server sendToAll
INFO: Reap dead connection: [DummyConnection Server connection - model.nation.french]
Apr 27, 2018 11:59:10 PM net.sf.freecol.server.networking.Server sendToAll
INFO: Reap dead connection: [DummyConnection Server connection - model.nation.spanish]
Apr 27, 2018 11:59:10 PM net.sf.freecol.server.networking.Server sendToAll
INFO: Reap dead connection: [DummyConnection Server connection - model.nation.dutch]
Apr 27, 2018 11:59:10 PM net.sf.freecol.server.networking.Server sendToAll
INFO: Reap dead connection: [DummyConnection Server connection - model.nation.tupi]
Apr 27, 2018 11:59:10 PM net.sf.freecol.server.networking.Server sendToAll
INFO: Reap dead connection: [DummyConnection Server connection - model.nation.inca]
Apr 27, 2018 11:59:10 PM net.sf.freecol.server.networking.Server sendToAll
INFO: Reap dead connection: [DummyConnection Server connection - model.nation.cherokee]
Apr 27, 2018 11:59:10 PM net.sf.freecol.server.networking.Server sendToAll
INFO: Reap dead connection: [DummyConnection Server connection - model.nation.apache]
Apr 27, 2018 11:59:10 PM net.sf.freecol.server.networking.Server sendToAll
INFO: Reap dead connection: [DummyConnection Server connection - model.nation.sioux]
Apr 27, 2018 11:59:10 PM net.sf.freecol.server.networking.Server sendToAll
INFO: Reap dead connection: [DummyConnection Server connection - model.nation.aztec]
Apr 27, 2018 11:59:10 PM net.sf.freecol.server.networking.Server sendToAll
INFO: Reap dead connection: [DummyConnection Server connection - model.nation.arawak]
Apr 27, 2018 11:59:10 PM net.sf.freecol.server.networking.Server sendToAll
INFO: Reap dead connection: [DummyConnection Server connection - model.nation.english]
Apr 27, 2018 11:59:10 PM net.sf.freecol.server.model.ServerPlayer csChangeStance
INFO: Stance modification William I UNCONTACTED -> WAR wrt Louis XIV
Apr 27, 2018 11:59:10 PM net.sf.freecol.server.model.ServerPlayer csChangeStance
INFO: Stance modification Louis XIV UNCONTACTED -> WAR wrt William I (symmetric)
Apr 27, 2018 11:59:10 PM net.sf.freecol.common.util.LogBuilder log
INFO: Combat attacker=unit:248-veteranSoldier-soldier [Modifier model.modifier.offence (model.source.baseOffence) ADDITIVE 0.0 index=10] [Modifier model.modifier.offence (model.role.soldier) ADDITIVE 2.0 index=30] [Modifier model.modifier.offence (model.unit.veteranSoldier) PERCENTAGE 50.0 index=40] [Modifier model.modifier.attackBonus (model.source.attackBonus) PERCENTAGE 50.0 index=50] = 4.5 defender=unit:247-freeColonist-scout [Modifier model.modifier.defence (model.source.baseDefence) ADDITIVE 1.0 index=10] [Modifier model.modifier.defence (model.role.scout) ADDITIVE 1.0 index=30] = 2.0 odds=0.6923076923076923 random(1.0)=0.6723076701164246 great=false Attack WIN SLAUGHTER_UNIT
Apr 27, 2018 11:59:10 PM net.sf.freecol.common.util.LogBuilder log
INFO: Destroying: unit:247
Apr 27, 2018 11:59:10 PM net.sf.freecol.common.model.Specification applyDifficultyLevel
INFO: Applying difficulty level model.difficulty.medium
Apr 27, 2018 11:59:10 PM net.sf.freecol.common.FreeColSeed getFreeColSeed
INFO: Using seed: -783367014131742024
Apr 27, 2018 11:59:10 PM net.sf.freecol.server.networking.Server sendToAll
INFO: Reap dead connection: [DummyConnection Server connection - model.nation.inca]
Apr 27, 2018 11:59:10 PM net.sf.freecol.server.networking.Server sendToAll
INFO: Reap dead connection: [DummyConnection Server connection - model.nation.sioux]
Apr 27, 2018 11:59:10 PM net.sf.freecol.server.networking.Server sendToAll
INFO: Reap dead connection: [DummyConnection Server connection - model.nation.cherokee]
Apr 27, 2018 11:59:10 PM net.sf.freecol.server.networking.Server sendToAll
INFO: Reap dead connection: [DummyConnection Server connection - model.nation.arawak]
Apr 27, 2018 11:59:10 PM net.sf.freecol.server.networking.Server sendToAll
INFO: Reap dead connection: [DummyConnection Server connection - model.nation.dutch]
Apr 27, 2018 11:59:10 PM net.sf.freecol.server.networking.Server sendToAll
INFO: Reap dead connection: [DummyConnection Server connection - model.nation.english]
Apr 27, 2018 11:59:10 PM net.sf.freecol.server.networking.Server sendToAll
INFO: Reap dead connection: [DummyConnection Server connection - model.nation.aztec]
Apr 27, 2018 11:59:10 PM net.sf.freecol.server.networking.Server sendToAll
INFO: Reap dead connection: [DummyConnection Server connection - model.nation.spanish]
Apr 27, 2018 11:59:10 PM net.sf.freecol.server.networking.Server sendToAll
INFO: Reap dead connection: [DummyConnection Server connection - model.nation.french]
Apr 27, 2018 11:59:10 PM net.sf.freecol.server.networking.Server sendToAll
INFO: Reap dead connection: [DummyConnection Server connection - model.nation.apache]
Apr 27, 2018 11:59:10 PM net.sf.freecol.server.networking.Server sendToAll
INFO: Reap dead connection: [DummyConnection Server connection - model.nation.iroquois]
Apr 27, 2018 11:59:10 PM net.sf.freecol.server.networking.Server sendToAll
INFO: Reap dead connection: [DummyConnection Server connection - model.nation.tupi]
Apr 27, 2018 11:59:10 PM net.sf.freecol.server.model.ServerPlayer csChangeStance
INFO: Stance modification William I UNCONTACTED -> WAR wrt Atahualpa
Apr 27, 2018 11:59:10 PM net.sf.freecol.server.model.ServerPlayer csChangeStance
INFO: Stance modification Atahualpa UNCONTACTED -> WAR wrt William I (symmetric)
Apr 27, 2018 11:59:10 PM net.sf.freecol.common.util.LogBuilder log
INFO: Combat attacker=unit:259-freeColonist-dragoon [Modifier model.modifier.offence (model.source.baseOffence) ADDITIVE 0.0 index=10] [Modifier model.modifier.offence (model.role.dragoon) ADDITIVE 3.0 index=30] [Modifier model.modifier.attackBonus (model.source.attackBonus) PERCENTAGE 50.0 index=50] = 4.5 defender=unit:260-brave [Modifier model.modifier.defence (model.source.baseDefence) ADDITIVE 1.0 index=10] = 1.0 odds=0.8181818181818182 random(1.0)=0.8381817936897278 great=false Attack LOSE CAPTURE_EQUIP
Apr 27, 2018 11:59:10 PM net.sf.freecol.common.util.LogBuilder log
INFO: Combat attacker=unit:259-freeColonist-soldier [Modifier model.modifier.offence (model.source.baseOffence) ADDITIVE 0.0 index=10] [Modifier model.modifier.offence (model.role.soldier) ADDITIVE 2.0 index=30] [Modifier model.modifier.attackBonus (model.source.attackBonus) PERCENTAGE 50.0 index=50] = 3.0 defender=unit:260-brave-mountedBrave [Modifier model.modifier.defence (model.source.baseDefence) ADDITIVE 1.0 index=10] [Modifier model.modifier.defence (model.role.mountedBrave) ADDITIVE 1.0 index=30] = 2.0 odds=0.6 random(1.0)=0.6200000047683716 great=false Attack LOSE CAPTURE_EQUIP
Apr 27, 2018 11:59:10 PM net.sf.freecol.common.util.LogBuilder log
INFO: Combat attacker=unit:259-freeColonist [Modifier model.modifier.offence (model.source.baseOffence) ADDITIVE 0.0 index=10] [Modifier model.modifier.attackBonus (model.source.attackBonus) PERCENTAGE 50.0 index=50] = 0.0 defender=unit:260-brave-nativeDragoon [Modifier model.modifier.defence (model.source.baseDefence) ADDITIVE 1.0 index=10] [Modifier model.modifier.defence (model.role.nativeDragoon) ADDITIVE 2.0 index=30] = 3.0 odds=0.0 random(1.0)=0.019999999552965164 great=false Attack LOSE SLAUGHTER_UNIT
Apr 27, 2018 11:59:10 PM net.sf.freecol.common.util.LogBuilder log
INFO: Destroying: unit:259
Apr 27, 2018 11:59:10 PM net.sf.freecol.common.model.Specification applyDifficultyLevel
INFO: Applying difficulty level model.difficulty.medium
Apr 27, 2018 11:59:10 PM net.sf.freecol.common.FreeColSeed getFreeColSeed
INFO: Using seed: -4395358735664686133
Apr 27, 2018 11:59:10 PM net.sf.freecol.server.networking.Server sendToAll
INFO: Reap dead connection: [DummyConnection Server connection - model.nation.spanish]
Apr 27, 2018 11:59:10 PM net.sf.freecol.server.networking.Server sendToAll
INFO: Reap dead connection: [DummyConnection Server connection - model.nation.cherokee]
Apr 27, 2018 11:59:10 PM net.sf.freecol.server.networking.Server sendToAll
INFO: Reap dead connection: [DummyConnection Server connection - model.nation.tupi]
Apr 27, 2018 11:59:10 PM net.sf.freecol.server.networking.Server sendToAll
INFO: Reap dead connection: [DummyConnection Server connection - model.nation.dutch]
Apr 27, 2018 11:59:10 PM net.sf.freecol.server.networking.Server sendToAll
INFO: Reap dead connection: [DummyConnection Server connection - model.nation.inca]
Apr 27, 2018 11:59:10 PM net.sf.freecol.server.networking.Server sendToAll
INFO: Reap dead connection: [DummyConnection Server connection - model.nation.aztec]
Apr 27, 2018 11:59:10 PM net.sf.freecol.server.networking.Server sendToAll
INFO: Reap dead connection: [DummyConnection Server connection - model.nation.sioux]
Apr 27, 2018 11:59:10 PM net.sf.freecol.server.networking.Server sendToAll
INFO: Reap dead connection: [DummyConnection Server connection - model.nation.arawak]
Apr 27, 2018 11:59:10 PM net.sf.freecol.server.networking.Server sendToAll
INFO: Reap dead connection: [DummyConnection Server connection - model.nation.english]
Apr 27, 2018 11:59:10 PM net.sf.freecol.server.networking.Server sendToAll
INFO: Reap dead connection: [DummyConnection Server connection - model.nation.apache]
Apr 27, 2018 11:59:10 PM net.sf.freecol.server.networking.Server sendToAll
INFO: Reap dead connection: [DummyConnection Server connection - model.nation.iroquois]
Apr 27, 2018 11:59:10 PM net.sf.freecol.server.networking.Server sendToAll
INFO: Reap dead connection: [DummyConnection Server connection - model.nation.french]
Apr 27, 2018 11:59:10 PM net.sf.freecol.server.model.ServerPlayer csChangeStance
INFO: Stance modification William I WAR -> CEASE_FIRE wrt Louis XIV
Apr 27, 2018 11:59:10 PM net.sf.freecol.server.model.ServerPlayer csChangeStance
INFO: Stance modification Louis XIV WAR -> CEASE_FIRE wrt William I (symmetric)
Apr 27, 2018 11:59:10 PM net.sf.freecol.common.model.Specification applyDifficultyLevel
INFO: Applying difficulty level model.difficulty.medium
Apr 27, 2018 11:59:10 PM net.sf.freecol.common.FreeColSeed getFreeColSeed
INFO: Using seed: -2559055156201605895
Apr 27, 2018 11:59:10 PM net.sf.freecol.server.networking.Server sendToAll
INFO: Reap dead connection: [DummyConnection Server connection - model.nation.sioux]
Apr 27, 2018 11:59:10 PM net.sf.freecol.server.networking.Server sendToAll
INFO: Reap dead connection: [DummyConnection Server connection - model.nation.arawak]
Apr 27, 2018 11:59:10 PM net.sf.freecol.server.networking.Server sendToAll
INFO: Reap dead connection: [DummyConnection Server connection - model.nation.inca]
Apr 27, 2018 11:59:10 PM net.sf.freecol.server.networking.Server sendToAll
INFO: Reap dead connection: [DummyConnection Server connection - model.nation.iroquois]
Apr 27, 2018 11:59:10 PM net.sf.freecol.server.networking.Server sendToAll
INFO: Reap dead connection: [DummyConnection Server connection - model.nation.english]
Apr 27, 2018 11:59:10 PM net.sf.freecol.server.networking.Server sendToAll
INFO: Reap dead connection: [DummyConnection Server connection - model.nation.tupi]
Apr 27, 2018 11:59:10 PM net.sf.freecol.server.networking.Server sendToAll
INFO: Reap dead connection: [DummyConnection Server connection - model.nation.dutch]
Apr 27, 2018 11:59:10 PM net.sf.freecol.server.networking.Server sendToAll
INFO: Reap dead connection: [DummyConnection Server connection - model.nation.spanish]
Apr 27, 2018 11:59:10 PM net.sf.freecol.server.networking.Server sendToAll
INFO: Reap dead connection: [DummyConnection Server connection - model.nation.french]
Apr 27, 2018 11:59:10 PM net.sf.freecol.server.networking.Server sendToAll
INFO: Reap dead connection: [DummyConnection Server connection - model.nation.aztec]
Apr 27, 2018 11:59:10 PM net.sf.freecol.server.networking.Server sendToAll
INFO: Reap dead connection: [DummyConnection Server connection - model.nation.apache]
Apr 27, 2018 11:59:10 PM net.sf.freecol.server.networking.Server sendToAll
INFO: Reap dead connection: [DummyConnection Server connection - model.nation.cherokee]
Apr 27, 2018 11:59:10 PM net.sf.freecol.server.model.ServerPlayer csChangeStance
INFO: Stance modification Louis XIV PEACE -> WAR wrt William I
Apr 27, 2018 11:59:10 PM net.sf.freecol.server.model.ServerPlayer csChangeStance
INFO: Stance modification William I PEACE -> WAR wrt Louis XIV (symmetric)
Apr 27, 2018 11:59:10 PM net.sf.freecol.common.model.Specification applyDifficultyLevel
INFO: Applying difficulty level model.difficulty.medium
Apr 27, 2018 11:59:10 PM net.sf.freecol.common.FreeColSeed getFreeColSeed
INFO: Using seed: 173282247010017974
Apr 27, 2018 11:59:10 PM net.sf.freecol.server.networking.Server sendToAll
INFO: Reap dead connection: [DummyConnection Server connection - model.nation.iroquois]
Apr 27, 2018 11:59:10 PM net.sf.freecol.server.networking.Server sendToAll
INFO: Reap dead connection: [DummyConnection Server connection - model.nation.cherokee]
Apr 27, 2018 11:59:10 PM net.sf.freecol.server.networking.Server sendToAll
INFO: Reap dead connection: [DummyConnection Server connection - model.nation.inca]
Apr 27, 2018 11:59:10 PM net.sf.freecol.server.networking.Server sendToAll
INFO: Reap dead connection: [DummyConnection Server connection - model.nation.arawak]
Apr 27, 2018 11:59:10 PM net.sf.freecol.server.networking.Server sendToAll
INFO: Reap dead connection: [DummyConnection Server connection - model.nation.french]
Apr 27, 2018 11:59:10 PM net.sf.freecol.server.networking.Server sendToAll
INFO: Reap dead connection: [DummyConnection Server connection - model.nation.english]
Apr 27, 2018 11:59:10 PM net.sf.freecol.server.networking.Server sendToAll
INFO: Reap dead connection: [DummyConnection Server connection - model.nation.apache]
Apr 27, 2018 11:59:10 PM net.sf.freecol.server.networking.Server sendToAll
INFO: Reap dead connection: [DummyConnection Server connection - model.nation.dutch]
Apr 27, 2018 11:59:10 PM net.sf.freecol.server.networking.Server sendToAll
INFO: Reap dead connection: [DummyConnection Server connection - model.nation.sioux]
Apr 27, 2018 11:59:10 PM net.sf.freecol.server.networking.Server sendToAll
INFO: Reap dead connection: [DummyConnection Server connection - model.nation.tupi]
Apr 27, 2018 11:59:10 PM net.sf.freecol.server.networking.Server sendToAll
INFO: Reap dead connection: [DummyConnection Server connection - model.nation.aztec]
Apr 27, 2018 11:59:10 PM net.sf.freecol.server.networking.Server sendToAll
INFO: Reap dead connection: [DummyConnection Server connection - model.nation.spanish]
Apr 27, 2018 11:59:10 PM net.sf.freecol.server.model.ServerPlayer csChangeStance
INFO: Stance modification Louis XIV UNCONTACTED -> WAR wrt William I
Apr 27, 2018 11:59:10 PM net.sf.freecol.server.model.ServerPlayer csChangeStance
INFO: Stance modification William I UNCONTACTED -> WAR wrt Louis XIV (symmetric)
Apr 27, 2018 11:59:10 PM net.sf.freecol.common.util.LogBuilder log
INFO: Combat attacker=unit:272-veteranSoldier-dragoon [Modifier model.modifier.offence (model.source.baseOffence) ADDITIVE 0.0 index=10] [Modifier model.modifier.offence (model.role.dragoon) ADDITIVE 3.0 index=30] [Modifier model.modifier.offence (model.unit.veteranSoldier) PERCENTAGE 50.0 index=40] [Modifier model.modifier.attackBonus (model.source.attackBonus) PERCENTAGE 50.0 index=50] = 6.75 defender=unit:271-veteranSoldier-dragoon [Modifier model.modifier.defence (model.source.baseDefence) ADDITIVE 1.0 index=10] [Modifier model.modifier.defence (model.role.dragoon) ADDITIVE 2.0 index=30] [Modifier model.modifier.defence (model.unit.veteranSoldier) PERCENTAGE 50.0 index=40] [Modifier model.modifier.defence (model.settlement.colony) PERCENTAGE 50.0 index=50] = 6.75 odds=0.5 random(1.0)=0.47999998927116394 great=false Attack WIN LOSE_EQUIP
Apr 27, 2018 11:59:10 PM net.sf.freecol.common.util.LogBuilder log
INFO: Combat attacker=unit:272-veteranSoldier-dragoon [Modifier model.modifier.offence (model.source.baseOffence) ADDITIVE 0.0 index=10] [Modifier model.modifier.offence (model.role.dragoon) ADDITIVE 3.0 index=30] [Modifier model.modifier.offence (model.unit.veteranSoldier) PERCENTAGE 50.0 index=40] [Modifier model.modifier.attackBonus (model.source.attackBonus) PERCENTAGE 50.0 index=50] = 6.75 defender=unit:271-veteranSoldier-soldier [Modifier model.modifier.defence (model.source.baseDefence) ADDITIVE 1.0 index=10] [Modifier model.modifier.defence (model.role.soldier) ADDITIVE 1.0 index=30] [Modifier model.modifier.defence (model.unit.veteranSoldier) PERCENTAGE 50.0 index=40] [Modifier model.modifier.defence (model.settlement.colony) PERCENTAGE 50.0 index=50] = 4.5 odds=0.6 random(1.0)=0.6200000047683716 great=false Attack LOSE LOSE_EQUIP
Apr 27, 2018 11:59:10 PM net.sf.freecol.common.util.LogBuilder log
INFO: Combat attacker=unit:272-veteranSoldier-soldier [Modifier model.modifier.offence (model.source.baseOffence) ADDITIVE 0.0 index=10] [Modifier model.modifier.offence (model.role.soldier) ADDITIVE 2.0 index=30] [Modifier model.modifier.offence (model.unit.veteranSoldier) PERCENTAGE 50.0 index=40] [Modifier model.modifier.attackBonus (model.source.attackBonus) PERCENTAGE 50.0 index=50] = 4.5 defender=unit:271-veteranSoldier-soldier [Modifier model.modifier.defence (model.source.baseDefence) ADDITIVE 1.0 index=10] [Modifier model.modifier.defence (model.role.soldier) ADDITIVE 1.0 index=30] [Modifier model.modifier.defence (model.unit.veteranSoldier) PERCENTAGE 50.0 index=40] [Modifier model.modifier.defence (model.settlement.colony) PERCENTAGE 50.0 index=50] = 4.5 odds=0.5 random(1.0)=0.47999998927116394 great=false Attack WIN LOSE_EQUIP
Apr 27, 2018 11:59:10 PM net.sf.freecol.common.util.LogBuilder log
INFO: Combat attacker=unit:272-veteranSoldier-soldier [Modifier model.modifier.offence (model.source.baseOffence) ADDITIVE 0.0 index=10] [Modifier model.modifier.offence (model.role.soldier) ADDITIVE 2.0 index=30] [Modifier model.modifier.offence (model.unit.veteranSoldier) PERCENTAGE 50.0 index=40] [Modifier model.modifier.attackBonus (model.source.attackBonus) PERCENTAGE 50.0 index=50] = 4.5 defender=unit:271-veteranSoldier [Modifier model.modifier.defence (model.source.baseDefence) ADDITIVE 1.0 index=10] [Modifier model.modifier.defence (model.unit.veteranSoldier) PERCENTAGE 50.0 index=40] [Modifier model.modifier.defence (model.settlement.colony) PERCENTAGE 50.0 index=50] = 2.25 odds=0.6666666666666666 random(1.0)=0.6466666460037231 great=false Attack WIN CAPTURE_COLONY
Apr 27, 2018 11:59:10 PM net.sf.freecol.common.model.Specification applyDifficultyLevel
INFO: Applying difficulty level model.difficulty.medium
Apr 27, 2018 11:59:10 PM net.sf.freecol.common.FreeColSeed getFreeColSeed
INFO: Using seed: -3983468350615149406
Apr 27, 2018 11:59:10 PM net.sf.freecol.server.networking.Server sendToAll
INFO: Reap dead connection: [DummyConnection Server connection - model.nation.iroquois]
Apr 27, 2018 11:59:10 PM net.sf.freecol.server.networking.Server sendToAll
INFO: Reap dead connection: [DummyConnection Server connection - model.nation.tupi]
Apr 27, 2018 11:59:10 PM net.sf.freecol.server.networking.Server sendToAll
INFO: Reap dead connection: [DummyConnection Server connection - model.nation.english]
Apr 27, 2018 11:59:10 PM net.sf.freecol.server.networking.Server sendToAll
INFO: Reap dead connection: [DummyConnection Server connection - model.nation.cherokee]
Apr 27, 2018 11:59:10 PM net.sf.freecol.server.networking.Server sendToAll
INFO: Reap dead connection: [DummyConnection Server connection - model.nation.sioux]
Apr 27, 2018 11:59:10 PM net.sf.freecol.server.networking.Server sendToAll
INFO: Reap dead connection: [DummyConnection Server connection - model.nation.arawak]
Apr 27, 2018 11:59:10 PM net.sf.freecol.server.networking.Server sendToAll
INFO: Reap dead connection: [DummyConnection Server connection - model.nation.apache]
Apr 27, 2018 11:59:10 PM net.sf.freecol.server.networking.Server sendToAll
INFO: Reap dead connection: [DummyConnection Server connection - model.nation.aztec]
Apr 27, 2018 11:59:10 PM net.sf.freecol.server.networking.Server sendToAll
INFO: Reap dead connection: [DummyConnection Server connection - model.nation.spanish]
Apr 27, 2018 11:59:10 PM net.sf.freecol.server.networking.Server sendToAll
INFO: Reap dead connection: [DummyConnection Server connection - model.nation.inca]
Apr 27, 2018 11:59:10 PM net.sf.freecol.server.networking.Server sendToAll
INFO: Reap dead connection: [DummyConnection Server connection - model.nation.dutch]
Apr 27, 2018 11:59:10 PM net.sf.freecol.server.networking.Server sendToAll
INFO: Reap dead connection: [DummyConnection Server connection - model.nation.french]
Apr 27, 2018 11:59:10 PM net.sf.freecol.server.model.ServerPlayer csChangeStance
INFO: Stance modification William I UNCONTACTED -> WAR wrt Louis XIV
Apr 27, 2018 11:59:10 PM net.sf.freecol.server.model.ServerPlayer csChangeStance
INFO: Stance modification Louis XIV UNCONTACTED -> WAR wrt William I (symmetric)
Apr 27, 2018 11:59:10 PM net.sf.freecol.common.util.LogBuilder log
INFO: Combat attacker=unit:247-freeColonist-dragoon [Modifier model.modifier.offence (model.source.baseOffence) ADDITIVE 0.0 index=10] [Modifier model.modifier.offence (model.role.dragoon) ADDITIVE 3.0 index=30] [Modifier model.modifier.attackBonus (model.source.attackBonus) PERCENTAGE 50.0 index=50] = 4.5 defender=unit:248-freeColonist-soldier [Modifier model.modifier.defence (model.source.baseDefence) ADDITIVE 1.0 index=10] [Modifier model.modifier.defence (model.role.soldier) ADDITIVE 1.0 index=30] = 2.0 odds=0.6923076923076923 random(1.0)=0.7123076915740967 great=false Attack LOSE LOSE_EQUIP
Apr 27, 2018 11:59:10 PM net.sf.freecol.common.util.LogBuilder log
INFO: Combat attacker=unit:247-freeColonist-soldier [Modifier model.modifier.offence (model.source.baseOffence) ADDITIVE 0.0 index=10] [Modifier model.modifier.offence (model.role.soldier) ADDITIVE 2.0 index=30] [Modifier model.modifier.attackBonus (model.source.attackBonus) PERCENTAGE 50.0 index=50] = 3.0 defender=unit:248-freeColonist-soldier [Modifier model.modifier.defence (model.source.baseDefence) ADDITIVE 1.0 index=10] [Modifier model.modifier.defence (model.role.soldier) ADDITIVE 1.0 index=30] = 2.0 odds=0.6 random(1.0)=0.6200000047683716 great=false Attack LOSE LOSE_EQUIP
Apr 27, 2018 11:59:10 PM net.sf.freecol.common.util.LogBuilder log
INFO: Combat attacker=unit:248-freeColonist-soldier [Modifier model.modifier.offence (model.source.baseOffence) ADDITIVE 0.0 index=10] [Modifier model.modifier.offence (model.role.soldier) ADDITIVE 2.0 index=30] [Modifier model.modifier.attackBonus (model.source.attackBonus) PERCENTAGE 50.0 index=50] = 3.0 defender=unit:247-freeColonist [Modifier model.modifier.defence (model.source.baseDefence) ADDITIVE 1.0 index=10] = 1.0 odds=0.75 random(1.0)=0.7300000190734863 great=false Attack WIN CAPTURE_UNIT
Apr 27, 2018 11:59:10 PM net.sf.freecol.common.model.Specification applyDifficultyLevel
INFO: Applying difficulty level model.difficulty.medium
Apr 27, 2018 11:59:10 PM net.sf.freecol.common.FreeColSeed getFreeColSeed
INFO: Using seed: -5263018112839275653
Apr 27, 2018 11:59:10 PM net.sf.freecol.server.networking.Server sendToAll
INFO: Reap dead connection: [DummyConnection Server connection - model.nation.iroquois]
Apr 27, 2018 11:59:10 PM net.sf.freecol.server.networking.Server sendToAll
INFO: Reap dead connection: [DummyConnection Server connection - model.nation.spanish]
Apr 27, 2018 11:59:10 PM net.sf.freecol.server.networking.Server sendToAll
INFO: Reap dead connection: [DummyConnection Server connection - model.nation.french]
Apr 27, 2018 11:59:10 PM net.sf.freecol.server.networking.Server sendToAll
INFO: Reap dead connection: [DummyConnection Server connection - model.nation.cherokee]
Apr 27, 2018 11:59:10 PM net.sf.freecol.server.networking.Server sendToAll
INFO: Reap dead connection: [DummyConnection Server connection - model.nation.dutch]
Apr 27, 2018 11:59:10 PM net.sf.freecol.server.networking.Server sendToAll
INFO: Reap dead connection: [DummyConnection Server connection - model.nation.aztec]
Apr 27, 2018 11:59:10 PM net.sf.freecol.server.networking.Server sendToAll
INFO: Reap dead connection: [DummyConnection Server connection - model.nation.inca]
Apr 27, 2018 11:59:10 PM net.sf.freecol.server.networking.Server sendToAll
INFO: Reap dead connection: [DummyConnection Server connection - model.nation.sioux]
Apr 27, 2018 11:59:10 PM net.sf.freecol.server.networking.Server sendToAll
INFO: Reap dead connection: [DummyConnection Server connection - model.nation.arawak]
Apr 27, 2018 11:59:10 PM net.sf.freecol.server.networking.Server sendToAll
INFO: Reap dead connection: [DummyConnection Server connection - model.nation.tupi]
Apr 27, 2018 11:59:10 PM net.sf.freecol.server.networking.Server sendToAll
INFO: Reap dead connection: [DummyConnection Server connection - model.nation.english]
Apr 27, 2018 11:59:10 PM net.sf.freecol.server.networking.Server sendToAll
INFO: Reap dead connection: [DummyConnection Server connection - model.nation.apache]
Apr 27, 2018 11:59:10 PM net.sf.freecol.common.model.Specification applyDifficultyLevel
INFO: Applying difficulty level model.difficulty.medium
Apr 27, 2018 11:59:10 PM net.sf.freecol.common.FreeColSeed getFreeColSeed
INFO: Using seed: -2669552582865084574
Apr 27, 2018 11:59:10 PM net.sf.freecol.server.networking.Server sendToAll
INFO: Reap dead connection: [DummyConnection Server connection - model.nation.arawak]
Apr 27, 2018 11:59:10 PM net.sf.freecol.server.networking.Server sendToAll
INFO: Reap dead connection: [DummyConnection Server connection - model.nation.cherokee]
Apr 27, 2018 11:59:10 PM net.sf.freecol.server.networking.Server sendToAll
INFO: Reap dead connection: [DummyConnection Server connection - model.nation.dutch]
Apr 27, 2018 11:59:10 PM net.sf.freecol.server.networking.Server sendToAll
INFO: Reap dead connection: [DummyConnection Server connection - model.nation.english]
Apr 27, 2018 11:59:10 PM net.sf.freecol.server.networking.Server sendToAll
INFO: Reap dead connection: [DummyConnection Server connection - model.nation.tupi]
Apr 27, 2018 11:59:10 PM net.sf.freecol.server.networking.Server sendToAll
INFO: Reap dead connection: [DummyConnection Server connection - model.nation.aztec]
Apr 27, 2018 11:59:10 PM net.sf.freecol.server.networking.Server sendToAll
INFO: Reap dead connection: [DummyConnection Server connection - model.nation.inca]
Apr 27, 2018 11:59:10 PM net.sf.freecol.server.networking.Server sendToAll
INFO: Reap dead connection: [DummyConnection Server connection - model.nation.french]
Apr 27, 2018 11:59:10 PM net.sf.freecol.server.networking.Server sendToAll
INFO: Reap dead connection: [DummyConnection Server connection - model.nation.sioux]
Apr 27, 2018 11:59:10 PM net.sf.freecol.server.networking.Server sendToAll
INFO: Reap dead connection: [DummyConnection Server connection - model.nation.apache]
Apr 27, 2018 11:59:10 PM net.sf.freecol.server.networking.Server sendToAll
INFO: Reap dead connection: [DummyConnection Server connection - model.nation.iroquois]
Apr 27, 2018 11:59:10 PM net.sf.freecol.server.networking.Server sendToAll
INFO: Reap dead connection: [DummyConnection Server connection - model.nation.spanish]
Apr 27, 2018 11:59:10 PM net.sf.freecol.common.networking.DOMMessage clientError
WARNING: Too few goods
Apr 27, 2018 11:59:10 PM net.sf.freecol.common.model.Specification applyDifficultyLevel
INFO: Applying difficulty level model.difficulty.medium
Apr 27, 2018 11:59:10 PM net.sf.freecol.common.FreeColSeed getFreeColSeed
INFO: Using seed: -1340467396733305610
Apr 27, 2018 11:59:10 PM net.sf.freecol.server.networking.Server sendToAll
INFO: Reap dead connection: [DummyConnection Server connection - model.nation.arawak]
Apr 27, 2018 11:59:10 PM net.sf.freecol.server.networking.Server sendToAll
INFO: Reap dead connection: [DummyConnection Server connection - model.nation.english]
Apr 27, 2018 11:59:10 PM net.sf.freecol.server.networking.Server sendToAll
INFO: Reap dead connection: [DummyConnection Server connection - model.nation.dutch]
Apr 27, 2018 11:59:10 PM net.sf.freecol.server.networking.Server sendToAll
INFO: Reap dead connection: [DummyConnection Server connection - model.nation.tupi]
Apr 27, 2018 11:59:10 PM net.sf.freecol.server.networking.Server sendToAll
INFO: Reap dead connection: [DummyConnection Server connection - model.nation.french]
Apr 27, 2018 11:59:10 PM net.sf.freecol.server.networking.Server sendToAll
INFO: Reap dead connection: [DummyConnection Server connection - model.nation.cherokee]
Apr 27, 2018 11:59:10 PM net.sf.freecol.server.networking.Server sendToAll
INFO: Reap dead connection: [DummyConnection Server connection - model.nation.sioux]
Apr 27, 2018 11:59:10 PM net.sf.freecol.server.networking.Server sendToAll
INFO: Reap dead connection: [DummyConnection Server connection - model.nation.iroquois]
Apr 27, 2018 11:59:10 PM net.sf.freecol.server.networking.Server sendToAll
INFO: Reap dead connection: [DummyConnection Server connection - model.nation.apache]
Apr 27, 2018 11:59:10 PM net.sf.freecol.server.networking.Server sendToAll
INFO: Reap dead connection: [DummyConnection Server connection - model.nation.aztec]
Apr 27, 2018 11:59:10 PM net.sf.freecol.server.networking.Server sendToAll
INFO: Reap dead connection: [DummyConnection Server connection - model.nation.inca]
Apr 27, 2018 11:59:10 PM net.sf.freecol.server.networking.Server sendToAll
INFO: Reap dead connection: [DummyConnection Server connection - model.nation.spanish]
Apr 27, 2018 11:59:10 PM net.sf.freecol.server.model.ServerPlayer csChangeStance
INFO: Stance modification Louis XIV UNCONTACTED -> WAR wrt William I
Apr 27, 2018 11:59:10 PM net.sf.freecol.server.model.ServerPlayer csChangeStance
INFO: Stance modification William I UNCONTACTED -> WAR wrt Louis XIV (symmetric)
Apr 27, 2018 11:59:10 PM net.sf.freecol.common.util.LogBuilder log
INFO: Combat attacker=unit:249-privateer [Modifier model.modifier.offence (model.source.baseOffence) ADDITIVE 8.0 index=10] [Modifier model.modifier.attackBonus (model.source.attackBonus) PERCENTAGE 50.0 index=50] = 12.0 defender=unit:247-galleon [Modifier model.modifier.defence (model.source.baseDefence) ADDITIVE 10.0 index=10] [Modifier model.modifier.cargoPenalty (model.source.cargoPenalty) PERCENTAGE -12.5 index=50] = 8.75 odds=0.5783132530120482 random(1.0)=0.558313250541687 great=false Attack WIN LOOT_SHIP DAMAGE_SHIP_ATTACK
Apr 27, 2018 11:59:10 PM net.sf.freecol.common.networking.DOMMessage clientError
WARNING: Received message: lootCargo out of turn from player: model.nation.french
Apr 27, 2018 11:59:10 PM net.sf.freecol.server.ai.AIMessage checkError
WARNING: AIMessage.lootCargo error, messageId: server.reject message: Received message: lootCargo out of turn from player: model.nation.french
Apr 27, 2018 11:59:10 PM net.sf.freecol.common.model.Specification applyDifficultyLevel
INFO: Applying difficulty level model.difficulty.medium
Apr 27, 2018 11:59:10 PM net.sf.freecol.common.FreeColSeed getFreeColSeed
INFO: Using seed: 8712431254026715587
Apr 27, 2018 11:59:10 PM net.sf.freecol.server.networking.Server sendToAll
INFO: Reap dead connection: [DummyConnection Server connection - model.nation.sioux]
Apr 27, 2018 11:59:10 PM net.sf.freecol.server.networking.Server sendToAll
INFO: Reap dead connection: [DummyConnection Server connection - model.nation.iroquois]
Apr 27, 2018 11:59:10 PM net.sf.freecol.server.networking.Server sendToAll
INFO: Reap dead connection: [DummyConnection Server connection - model.nation.dutch]
Apr 27, 2018 11:59:10 PM net.sf.freecol.server.networking.Server sendToAll
INFO: Reap dead connection: [DummyConnection Server connection - model.nation.french]
Apr 27, 2018 11:59:10 PM net.sf.freecol.server.networking.Server sendToAll
INFO: Reap dead connection: [DummyConnection Server connection - model.nation.english]
Apr 27, 2018 11:59:10 PM net.sf.freecol.server.networking.Server sendToAll
INFO: Reap dead connection: [DummyConnection Server connection - model.nation.inca]
Apr 27, 2018 11:59:10 PM net.sf.freecol.server.networking.Server sendToAll
INFO: Reap dead connection: [DummyConnection Server connection - model.nation.tupi]
Apr 27, 2018 11:59:10 PM net.sf.freecol.server.networking.Server sendToAll
INFO: Reap dead connection: [DummyConnection Server connection - model.nation.spanish]
Apr 27, 2018 11:59:10 PM net.sf.freecol.server.networking.Server sendToAll
INFO: Reap dead connection: [DummyConnection Server connection - model.nation.apache]
Apr 27, 2018 11:59:10 PM net.sf.freecol.server.networking.Server sendToAll
INFO: Reap dead connection: [DummyConnection Server connection - model.nation.aztec]
Apr 27, 2018 11:59:10 PM net.sf.freecol.server.networking.Server sendToAll
INFO: Reap dead connection: [DummyConnection Server connection - model.nation.arawak]
Apr 27, 2018 11:59:10 PM net.sf.freecol.server.networking.Server sendToAll
INFO: Reap dead connection: [DummyConnection Server connection - model.nation.cherokee]
Apr 27, 2018 11:59:10 PM net.sf.freecol.common.model.Specification applyDifficultyLevel
INFO: Applying difficulty level model.difficulty.medium
Apr 27, 2018 11:59:10 PM net.sf.freecol.common.FreeColSeed getFreeColSeed
INFO: Using seed: 1630735937212375162
Apr 27, 2018 11:59:11 PM net.sf.freecol.server.networking.Server sendToAll
INFO: Reap dead connection: [DummyConnection Server connection - model.nation.tupi]
Apr 27, 2018 11:59:11 PM net.sf.freecol.server.networking.Server sendToAll
INFO: Reap dead connection: [DummyConnection Server connection - model.nation.iroquois]
Apr 27, 2018 11:59:11 PM net.sf.freecol.server.networking.Server sendToAll
INFO: Reap dead connection: [DummyConnection Server connection - model.nation.apache]
Apr 27, 2018 11:59:11 PM net.sf.freecol.server.networking.Server sendToAll
INFO: Reap dead connection: [DummyConnection Server connection - model.nation.spanish]
Apr 27, 2018 11:59:11 PM net.sf.freecol.server.networking.Server sendToAll
INFO: Reap dead connection: [DummyConnection Server connection - model.nation.sioux]
Apr 27, 2018 11:59:11 PM net.sf.freecol.server.networking.Server sendToAll
INFO: Reap dead connection: [DummyConnection Server connection - model.nation.inca]
Apr 27, 2018 11:59:11 PM net.sf.freecol.server.networking.Server sendToAll
INFO: Reap dead connection: [DummyConnection Server connection - model.nation.cherokee]
Apr 27, 2018 11:59:11 PM net.sf.freecol.server.networking.Server sendToAll
INFO: Reap dead connection: [DummyConnection Server connection - model.nation.aztec]
Apr 27, 2018 11:59:11 PM net.sf.freecol.server.networking.Server sendToAll
INFO: Reap dead connection: [DummyConnection Server connection - model.nation.arawak]
Apr 27, 2018 11:59:11 PM net.sf.freecol.server.networking.Server sendToAll
INFO: Reap dead connection: [DummyConnection Server connection - model.nation.dutch]
Apr 27, 2018 11:59:11 PM net.sf.freecol.server.networking.Server sendToAll
INFO: Reap dead connection: [DummyConnection Server connection - model.nation.french]
Apr 27, 2018 11:59:11 PM net.sf.freecol.server.networking.Server sendToAll
INFO: Reap dead connection: [DummyConnection Server connection - model.nation.english]
Apr 27, 2018 11:59:11 PM net.sf.freecol.server.model.ServerPlayer csChangeStance
INFO: Stance modification Guaira PEACE -> WAR wrt William I
Apr 27, 2018 11:59:11 PM net.sf.freecol.server.model.ServerPlayer csChangeStance
INFO: Stance modification William I PEACE -> WAR wrt Guaira (symmetric)
Apr 27, 2018 11:59:11 PM net.sf.freecol.server.model.ServerPlayer csChangeStance
INFO: Stance modification William I WAR -> PEACE wrt Guaira
Apr 27, 2018 11:59:11 PM net.sf.freecol.server.model.ServerPlayer csChangeStance
INFO: Stance modification Guaira WAR -> PEACE wrt William I (symmetric)
Apr 27, 2018 11:59:11 PM net.sf.freecol.common.model.Specification applyDifficultyLevel
INFO: Applying difficulty level model.difficulty.medium
Apr 27, 2018 11:59:11 PM net.sf.freecol.common.FreeColSeed getFreeColSeed
INFO: Using seed: -4610259977267636829
Apr 27, 2018 11:59:11 PM net.sf.freecol.server.networking.Server sendToAll
INFO: Reap dead connection: [DummyConnection Server connection - model.nation.aztec]
Apr 27, 2018 11:59:11 PM net.sf.freecol.server.networking.Server sendToAll
INFO: Reap dead connection: [DummyConnection Server connection - model.nation.spanish]
Apr 27, 2018 11:59:11 PM net.sf.freecol.server.networking.Server sendToAll
INFO: Reap dead connection: [DummyConnection Server connection - model.nation.french]
Apr 27, 2018 11:59:11 PM net.sf.freecol.server.networking.Server sendToAll
INFO: Reap dead connection: [DummyConnection Server connection - model.nation.sioux]
Apr 27, 2018 11:59:11 PM net.sf.freecol.server.networking.Server sendToAll
INFO: Reap dead connection: [DummyConnection Server connection - model.nation.english]
Apr 27, 2018 11:59:11 PM net.sf.freecol.server.networking.Server sendToAll
INFO: Reap dead connection: [DummyConnection Server connection - model.nation.arawak]
Apr 27, 2018 11:59:11 PM net.sf.freecol.server.networking.Server sendToAll
INFO: Reap dead connection: [DummyConnection Server connection - model.nation.inca]
Apr 27, 2018 11:59:11 PM net.sf.freecol.server.networking.Server sendToAll
INFO: Reap dead connection: [DummyConnection Server connection - model.nation.iroquois]
Apr 27, 2018 11:59:11 PM net.sf.freecol.server.networking.Server sendToAll
INFO: Reap dead connection: [DummyConnection Server connection - model.nation.dutch]
Apr 27, 2018 11:59:11 PM net.sf.freecol.server.networking.Server sendToAll
INFO: Reap dead connection: [DummyConnection Server connection - model.nation.apache]
Apr 27, 2018 11:59:11 PM net.sf.freecol.server.networking.Server sendToAll
INFO: Reap dead connection: [DummyConnection Server connection - model.nation.tupi]
Apr 27, 2018 11:59:11 PM net.sf.freecol.server.networking.Server sendToAll
INFO: Reap dead connection: [DummyConnection Server connection - model.nation.cherokee]
Apr 27, 2018 11:59:11 PM net.sf.freecol.common.util.LogBuilder log
INFO: Combat attacker=unit:248-veteranSoldier-dragoon [Modifier model.modifier.offence (model.source.baseOffence) ADDITIVE 0.0 index=10] [Modifier model.modifier.offence (model.role.dragoon) ADDITIVE 3.0 index=30] [Modifier model.modifier.offence (model.unit.veteranSoldier) PERCENTAGE 50.0 index=40] [Modifier model.modifier.attackBonus (model.source.attackBonus) PERCENTAGE 50.0 index=50] [Modifier model.modifier.bigMovementPenalty (model.source.movementPenalty) PERCENTAGE -66.0 index=50] = 2.2950000762939453 defender=unit:247-freeColonist-pioneer.5 [Modifier model.modifier.defence (model.source.baseDefence) ADDITIVE 1.0 index=10] = 1.0 odds=0.6965098704565885 random(1.0)=0.6765098571777344 great=false Attack WIN SLAUGHTER_UNIT
Apr 27, 2018 11:59:11 PM net.sf.freecol.common.util.LogBuilder log
INFO: Destroying: unit:247
Apr 27, 2018 11:59:11 PM net.sf.freecol.server.model.ServerPlayer csChangeStance
INFO: Stance modification Louis XIV UNCONTACTED -> WAR wrt William I
Apr 27, 2018 11:59:11 PM net.sf.freecol.server.model.ServerPlayer csChangeStance
INFO: Stance modification William I UNCONTACTED -> WAR wrt Louis XIV (symmetric)
Apr 27, 2018 11:59:11 PM net.sf.freecol.common.model.Specification applyDifficultyLevel
INFO: Applying difficulty level model.difficulty.medium
Apr 27, 2018 11:59:11 PM net.sf.freecol.common.FreeColSeed getFreeColSeed
INFO: Using seed: -6859548938333498545
Apr 27, 2018 11:59:11 PM net.sf.freecol.server.networking.Server sendToAll
INFO: Reap dead connection: [DummyConnection Server connection - model.nation.apache]
Apr 27, 2018 11:59:11 PM net.sf.freecol.server.networking.Server sendToAll
INFO: Reap dead connection: [DummyConnection Server connection - model.nation.inca]
Apr 27, 2018 11:59:11 PM net.sf.freecol.server.networking.Server sendToAll
INFO: Reap dead connection: [DummyConnection Server connection - model.nation.dutch]
Apr 27, 2018 11:59:11 PM net.sf.freecol.server.networking.Server sendToAll
INFO: Reap dead connection: [DummyConnection Server connection - model.nation.sioux]
Apr 27, 2018 11:59:11 PM net.sf.freecol.server.networking.Server sendToAll
INFO: Reap dead connection: [DummyConnection Server connection - model.nation.spanish]
Apr 27, 2018 11:59:11 PM net.sf.freecol.server.networking.Server sendToAll
INFO: Reap dead connection: [DummyConnection Server connection - model.nation.french]
Apr 27, 2018 11:59:11 PM net.sf.freecol.server.networking.Server sendToAll
INFO: Reap dead connection: [DummyConnection Server connection - model.nation.arawak]
Apr 27, 2018 11:59:11 PM net.sf.freecol.server.networking.Server sendToAll
INFO: Reap dead connection: [DummyConnection Server connection - model.nation.english]
Apr 27, 2018 11:59:11 PM net.sf.freecol.server.networking.Server sendToAll
INFO: Reap dead connection: [DummyConnection Server connection - model.nation.iroquois]
Apr 27, 2018 11:59:11 PM net.sf.freecol.server.networking.Server sendToAll
INFO: Reap dead connection: [DummyConnection Server connection - model.nation.cherokee]
Apr 27, 2018 11:59:11 PM net.sf.freecol.server.networking.Server sendToAll
INFO: Reap dead connection: [DummyConnection Server connection - model.nation.tupi]
Apr 27, 2018 11:59:11 PM net.sf.freecol.server.networking.Server sendToAll
INFO: Reap dead connection: [DummyConnection Server connection - model.nation.aztec]
Apr 27, 2018 11:59:11 PM net.sf.freecol.server.model.ServerPlayer csChangeStance
INFO: Stance modification William I UNCONTACTED -> WAR wrt Louis XIV
Apr 27, 2018 11:59:11 PM net.sf.freecol.server.model.ServerPlayer csChangeStance
INFO: Stance modification Louis XIV UNCONTACTED -> WAR wrt William I (symmetric)
Apr 27, 2018 11:59:11 PM net.sf.freecol.common.util.LogBuilder log
INFO: Combat attacker=unit:247-pettyCriminal-soldier [Modifier model.modifier.offence (model.source.baseOffence) ADDITIVE 0.0 index=10] [Modifier model.modifier.offence (model.role.soldier) ADDITIVE 2.0 index=30] [Modifier model.modifier.attackBonus (model.source.attackBonus) PERCENTAGE 50.0 index=50] = 3.0 defender=unit:248-freeColonist-soldier [Modifier model.modifier.defence (model.source.baseDefence) ADDITIVE 1.0 index=10] [Modifier model.modifier.defence (model.role.soldier) ADDITIVE 1.0 index=30] = 2.0 odds=0.6 random(1.0)=0.5799999833106995 great=false Attack WIN LOSE_EQUIP PROMOTE_UNIT
Apr 27, 2018 11:59:11 PM net.sf.freecol.common.util.LogBuilder log
INFO: Combat attacker=unit:247-indenturedServant-soldier [Modifier model.modifier.offence (model.source.baseOffence) ADDITIVE 0.0 index=10] [Modifier model.modifier.offence (model.role.soldier) ADDITIVE 2.0 index=30] [Modifier model.modifier.attackBonus (model.source.attackBonus) PERCENTAGE 50.0 index=50] = 3.0 defender=unit:248-freeColonist-soldier [Modifier model.modifier.defence (model.source.baseDefence) ADDITIVE 1.0 index=10] [Modifier model.modifier.defence (model.role.soldier) ADDITIVE 1.0 index=30] = 2.0 odds=0.6 random(1.0)=0.5799999833106995 great=false Attack WIN LOSE_EQUIP PROMOTE_UNIT
Apr 27, 2018 11:59:11 PM net.sf.freecol.common.util.LogBuilder log
INFO: Combat attacker=unit:247-freeColonist-soldier [Modifier model.modifier.offence (model.source.baseOffence) ADDITIVE 0.0 index=10] [Modifier model.modifier.offence (model.role.soldier) ADDITIVE 2.0 index=30] [Modifier model.modifier.attackBonus (model.source.attackBonus) PERCENTAGE 50.0 index=50] = 3.0 defender=unit:248-freeColonist-soldier [Modifier model.modifier.defence (model.source.baseDefence) ADDITIVE 1.0 index=10] [Modifier model.modifier.defence (model.role.soldier) ADDITIVE 1.0 index=30] = 2.0 odds=0.6 random(1.0)=0.5799999833106995 great=false Attack WIN LOSE_EQUIP PROMOTE_UNIT
Apr 27, 2018 11:59:11 PM net.sf.freecol.common.util.LogBuilder log
INFO: Combat attacker=unit:247-veteranSoldier-soldier [Modifier model.modifier.offence (model.source.baseOffence) ADDITIVE 0.0 index=10] [Modifier model.modifier.offence (model.role.soldier) ADDITIVE 2.0 index=30] [Modifier model.modifier.offence (model.unit.veteranSoldier) PERCENTAGE 50.0 index=40] [Modifier model.modifier.attackBonus (model.source.attackBonus) PERCENTAGE 50.0 index=50] = 4.5 defender=unit:248-freeColonist-soldier [Modifier model.modifier.defence (model.source.baseDefence) ADDITIVE 1.0 index=10] [Modifier model.modifier.defence (model.role.soldier) ADDITIVE 1.0 index=30] = 2.0 odds=0.6923076923076923 random(1.0)=0.6723076701164246 great=false Attack WIN LOSE_EQUIP PROMOTE_UNIT
Apr 27, 2018 11:59:11 PM net.sf.freecol.common.util.LogBuilder log
INFO: Combat attacker=unit:247-colonialRegular-soldier [Modifier model.modifier.offence (model.source.baseOffence) ADDITIVE 0.0 index=10] [Modifier model.modifier.offence (model.unit.colonialRegular) ADDITIVE 3.0 index=20] [Modifier model.modifier.offence (model.role.soldier) ADDITIVE 2.0 index=30] [Modifier model.modifier.attackBonus (model.source.attackBonus) PERCENTAGE 50.0 index=50] = 7.5 defender=unit:248-freeColonist-soldier [Modifier model.modifier.defence (model.source.baseDefence) ADDITIVE 1.0 index=10] [Modifier model.modifier.defence (model.role.soldier) ADDITIVE 1.0 index=30] = 2.0 odds=0.7894736842105263 random(1.0)=0.769473671913147 great=false Attack WIN LOSE_EQUIP
Apr 27, 2018 11:59:11 PM net.sf.freecol.common.model.Specification applyDifficultyLevel
INFO: Applying difficulty level model.difficulty.medium
Apr 27, 2018 11:59:11 PM net.sf.freecol.common.FreeColSeed getFreeColSeed
INFO: Using seed: 7430289097515554055
Apr 27, 2018 11:59:11 PM net.sf.freecol.server.networking.Server sendToAll
INFO: Reap dead connection: [DummyConnection Server connection - model.nation.dutch]
Apr 27, 2018 11:59:11 PM net.sf.freecol.server.networking.Server sendToAll
INFO: Reap dead connection: [DummyConnection Server connection - model.nation.french]
Apr 27, 2018 11:59:11 PM net.sf.freecol.server.networking.Server sendToAll
INFO: Reap dead connection: [DummyConnection Server connection - model.nation.english]
Apr 27, 2018 11:59:11 PM net.sf.freecol.server.networking.Server sendToAll
INFO: Reap dead connection: [DummyConnection Server connection - model.nation.cherokee]
Apr 27, 2018 11:59:11 PM net.sf.freecol.server.networking.Server sendToAll
INFO: Reap dead connection: [DummyConnection Server connection - model.nation.tupi]
Apr 27, 2018 11:59:11 PM net.sf.freecol.server.networking.Server sendToAll
INFO: Reap dead connection: [DummyConnection Server connection - model.nation.aztec]
Apr 27, 2018 11:59:11 PM net.sf.freecol.server.networking.Server sendToAll
INFO: Reap dead connection: [DummyConnection Server connection - model.nation.iroquois]
Apr 27, 2018 11:59:11 PM net.sf.freecol.server.networking.Server sendToAll
INFO: Reap dead connection: [DummyConnection Server connection - model.nation.apache]
Apr 27, 2018 11:59:11 PM net.sf.freecol.server.networking.Server sendToAll
INFO: Reap dead connection: [DummyConnection Server connection - model.nation.spanish]
Apr 27, 2018 11:59:11 PM net.sf.freecol.server.networking.Server sendToAll
INFO: Reap dead connection: [DummyConnection Server connection - model.nation.inca]
Apr 27, 2018 11:59:11 PM net.sf.freecol.server.networking.Server sendToAll
INFO: Reap dead connection: [DummyConnection Server connection - model.nation.sioux]
Apr 27, 2018 11:59:11 PM net.sf.freecol.server.networking.Server sendToAll
INFO: Reap dead connection: [DummyConnection Server connection - model.nation.arawak]
Apr 27, 2018 11:59:11 PM net.sf.freecol.common.networking.DOMMessage clientError
WARNING: Can not clear speciality of a teacher.
Apr 27, 2018 11:59:11 PM net.sf.freecol.common.model.Specification applyDifficultyLevel
INFO: Applying difficulty level model.difficulty.medium
Apr 27, 2018 11:59:11 PM net.sf.freecol.common.FreeColSeed getFreeColSeed
INFO: Using seed: 8521939026595190559
Apr 27, 2018 11:59:11 PM net.sf.freecol.server.networking.Server sendToAll
INFO: Reap dead connection: [DummyConnection Server connection - model.nation.apache]
Apr 27, 2018 11:59:11 PM net.sf.freecol.server.networking.Server sendToAll
INFO: Reap dead connection: [DummyConnection Server connection - model.nation.sioux]
Apr 27, 2018 11:59:11 PM net.sf.freecol.server.networking.Server sendToAll
INFO: Reap dead connection: [DummyConnection Server connection - model.nation.spanish]
Apr 27, 2018 11:59:11 PM net.sf.freecol.server.networking.Server sendToAll
INFO: Reap dead connection: [DummyConnection Server connection - model.nation.dutch]
Apr 27, 2018 11:59:11 PM net.sf.freecol.server.networking.Server sendToAll
INFO: Reap dead connection: [DummyConnection Server connection - model.nation.arawak]
Apr 27, 2018 11:59:11 PM net.sf.freecol.server.networking.Server sendToAll
INFO: Reap dead connection: [DummyConnection Server connection - model.nation.french]
Apr 27, 2018 11:59:11 PM net.sf.freecol.server.networking.Server sendToAll
INFO: Reap dead connection: [DummyConnection Server connection - model.nation.cherokee]
Apr 27, 2018 11:59:11 PM net.sf.freecol.server.networking.Server sendToAll
INFO: Reap dead connection: [DummyConnection Server connection - model.nation.inca]
Apr 27, 2018 11:59:11 PM net.sf.freecol.server.networking.Server sendToAll
INFO: Reap dead connection: [DummyConnection Server connection - model.nation.iroquois]
Apr 27, 2018 11:59:11 PM net.sf.freecol.server.networking.Server sendToAll
INFO: Reap dead connection: [DummyConnection Server connection - model.nation.tupi]
Apr 27, 2018 11:59:11 PM net.sf.freecol.server.networking.Server sendToAll
INFO: Reap dead connection: [DummyConnection Server connection - model.nation.english]
Apr 27, 2018 11:59:11 PM net.sf.freecol.server.networking.Server sendToAll
INFO: Reap dead connection: [DummyConnection Server connection - model.nation.aztec]
Apr 27, 2018 11:59:11 PM net.sf.freecol.server.model.ServerPlayer csChangeStance
INFO: Stance modification William I CEASE_FIRE -> PEACE wrt Louis XIV
Apr 27, 2018 11:59:11 PM net.sf.freecol.server.model.ServerPlayer csChangeStance
INFO: Stance modification Louis XIV CEASE_FIRE -> PEACE wrt William I (symmetric)
Apr 27, 2018 11:59:11 PM net.sf.freecol.common.model.Specification applyDifficultyLevel
INFO: Applying difficulty level model.difficulty.medium
Apr 27, 2018 11:59:11 PM net.sf.freecol.common.FreeColSeed getFreeColSeed
INFO: Using seed: -2348370730319642954
Apr 27, 2018 11:59:11 PM net.sf.freecol.server.networking.Server sendToAll
INFO: Reap dead connection: [DummyConnection Server connection - model.nation.dutch]
Apr 27, 2018 11:59:11 PM net.sf.freecol.server.networking.Server sendToAll
INFO: Reap dead connection: [DummyConnection Server connection - model.nation.sioux]
Apr 27, 2018 11:59:11 PM net.sf.freecol.server.networking.Server sendToAll
INFO: Reap dead connection: [DummyConnection Server connection - model.nation.french]
Apr 27, 2018 11:59:11 PM net.sf.freecol.server.networking.Server sendToAll
INFO: Reap dead connection: [DummyConnection Server connection - model.nation.aztec]
Apr 27, 2018 11:59:11 PM net.sf.freecol.server.networking.Server sendToAll
INFO: Reap dead connection: [DummyConnection Server connection - model.nation.inca]
Apr 27, 2018 11:59:11 PM net.sf.freecol.server.networking.Server sendToAll
INFO: Reap dead connection: [DummyConnection Server connection - model.nation.cherokee]
Apr 27, 2018 11:59:11 PM net.sf.freecol.server.networking.Server sendToAll
INFO: Reap dead connection: [DummyConnection Server connection - model.nation.iroquois]
Apr 27, 2018 11:59:11 PM net.sf.freecol.server.networking.Server sendToAll
INFO: Reap dead connection: [DummyConnection Server connection - model.nation.spanish]
Apr 27, 2018 11:59:11 PM net.sf.freecol.server.networking.Server sendToAll
INFO: Reap dead connection: [DummyConnection Server connection - model.nation.apache]
Apr 27, 2018 11:59:11 PM net.sf.freecol.server.networking.Server sendToAll
INFO: Reap dead connection: [DummyConnection Server connection - model.nation.tupi]
Apr 27, 2018 11:59:11 PM net.sf.freecol.server.networking.Server sendToAll
INFO: Reap dead connection: [DummyConnection Server connection - model.nation.arawak]
Apr 27, 2018 11:59:11 PM net.sf.freecol.server.networking.Server sendToAll
INFO: Reap dead connection: [DummyConnection Server connection - model.nation.english]
Apr 27, 2018 11:59:11 PM net.sf.freecol.common.model.Specification applyDifficultyLevel
INFO: Applying difficulty level model.difficulty.medium
Apr 27, 2018 11:59:11 PM net.sf.freecol.common.FreeColSeed getFreeColSeed
INFO: Using seed: -9194198554431099137
Apr 27, 2018 11:59:11 PM net.sf.freecol.server.networking.Server sendToAll
INFO: Reap dead connection: [DummyConnection Server connection - model.nation.iroquois]
Apr 27, 2018 11:59:11 PM net.sf.freecol.server.networking.Server sendToAll
INFO: Reap dead connection: [DummyConnection Server connection - model.nation.spanish]
Apr 27, 2018 11:59:11 PM net.sf.freecol.server.networking.Server sendToAll
INFO: Reap dead connection: [DummyConnection Server connection - model.nation.tupi]
Apr 27, 2018 11:59:11 PM net.sf.freecol.server.networking.Server sendToAll
INFO: Reap dead connection: [DummyConnection Server connection - model.nation.french]
Apr 27, 2018 11:59:11 PM net.sf.freecol.server.networking.Server sendToAll
INFO: Reap dead connection: [DummyConnection Server connection - model.nation.inca]
Apr 27, 2018 11:59:11 PM net.sf.freecol.server.networking.Server sendToAll
INFO: Reap dead connection: [DummyConnection Server connection - model.nation.dutch]
Apr 27, 2018 11:59:11 PM net.sf.freecol.server.networking.Server sendToAll
INFO: Reap dead connection: [DummyConnection Server connection - model.nation.arawak]
Apr 27, 2018 11:59:11 PM net.sf.freecol.server.networking.Server sendToAll
INFO: Reap dead connection: [DummyConnection Server connection - model.nation.aztec]
Apr 27, 2018 11:59:11 PM net.sf.freecol.server.networking.Server sendToAll
INFO: Reap dead connection: [DummyConnection Server connection - model.nation.cherokee]
Apr 27, 2018 11:59:11 PM net.sf.freecol.server.networking.Server sendToAll
INFO: Reap dead connection: [DummyConnection Server connection - model.nation.sioux]
Apr 27, 2018 11:59:11 PM net.sf.freecol.server.networking.Server sendToAll
INFO: Reap dead connection: [DummyConnection Server connection - model.nation.apache]
Apr 27, 2018 11:59:11 PM net.sf.freecol.server.networking.Server sendToAll
INFO: Reap dead connection: [DummyConnection Server connection - model.nation.english]
Apr 27, 2018 11:59:11 PM net.sf.freecol.common.model.Specification applyDifficultyLevel
INFO: Applying difficulty level model.difficulty.medium
Apr 27, 2018 11:59:11 PM net.sf.freecol.common.FreeColSeed getFreeColSeed
INFO: Using seed: 1815018185175634624
Apr 27, 2018 11:59:11 PM net.sf.freecol.server.networking.Server sendToAll
INFO: Reap dead connection: [DummyConnection Server connection - model.nation.arawak]
Apr 27, 2018 11:59:11 PM net.sf.freecol.server.networking.Server sendToAll
INFO: Reap dead connection: [DummyConnection Server connection - model.nation.cherokee]
Apr 27, 2018 11:59:11 PM net.sf.freecol.server.networking.Server sendToAll
INFO: Reap dead connection: [DummyConnection Server connection - model.nation.iroquois]
Apr 27, 2018 11:59:11 PM net.sf.freecol.server.networking.Server sendToAll
INFO: Reap dead connection: [DummyConnection Server connection - model.nation.spanish]
Apr 27, 2018 11:59:11 PM net.sf.freecol.server.networking.Server sendToAll
INFO: Reap dead connection: [DummyConnection Server connection - model.nation.inca]
Apr 27, 2018 11:59:11 PM net.sf.freecol.server.networking.Server sendToAll
INFO: Reap dead connection: [DummyConnection Server connection - model.nation.sioux]
Apr 27, 2018 11:59:11 PM net.sf.freecol.server.networking.Server sendToAll
INFO: Reap dead connection: [DummyConnection Server connection - model.nation.french]
Apr 27, 2018 11:59:11 PM net.sf.freecol.server.networking.Server sendToAll
INFO: Reap dead connection: [DummyConnection Server connection - model.nation.english]
Apr 27, 2018 11:59:11 PM net.sf.freecol.server.networking.Server sendToAll
INFO: Reap dead connection: [DummyConnection Server connection - model.nation.tupi]
Apr 27, 2018 11:59:11 PM net.sf.freecol.server.networking.Server sendToAll
INFO: Reap dead connection: [DummyConnection Server connection - model.nation.dutch]
Apr 27, 2018 11:59:11 PM net.sf.freecol.server.networking.Server sendToAll
INFO: Reap dead connection: [DummyConnection Server connection - model.nation.apache]
Apr 27, 2018 11:59:11 PM net.sf.freecol.server.networking.Server sendToAll
INFO: Reap dead connection: [DummyConnection Server connection - model.nation.aztec]
Apr 27, 2018 11:59:11 PM net.sf.freecol.common.model.Unit setLocation
WARNING: Can not add [unit:249 dutch treasureTrain 1/1] to tile:629
Apr 27, 2018 11:59:11 PM net.sf.freecol.common.util.LogBuilder log
INFO: Destroying: unit:249
Apr 27, 2018 11:59:11 PM net.sf.freecol.common.model.Unit setLocation
WARNING: Can not add [unit:250 dutch treasureTrain 1/1] to tile:629
Apr 27, 2018 11:59:11 PM net.sf.freecol.common.model.Specification applyDifficultyLevel
INFO: Applying difficulty level model.difficulty.medium
Apr 27, 2018 11:59:11 PM net.sf.freecol.common.FreeColSeed getFreeColSeed
INFO: Using seed: -6926667115392164961
Apr 27, 2018 11:59:11 PM net.sf.freecol.server.networking.Server sendToAll
INFO: Reap dead connection: [DummyConnection Server connection - model.nation.spanish]
Apr 27, 2018 11:59:11 PM net.sf.freecol.server.networking.Server sendToAll
INFO: Reap dead connection: [DummyConnection Server connection - model.nation.sioux]
Apr 27, 2018 11:59:11 PM net.sf.freecol.server.networking.Server sendToAll
INFO: Reap dead connection: [DummyConnection Server connection - model.nation.aztec]
Apr 27, 2018 11:59:11 PM net.sf.freecol.server.networking.Server sendToAll
INFO: Reap dead connection: [DummyConnection Server connection - model.nation.iroquois]
Apr 27, 2018 11:59:11 PM net.sf.freecol.server.networking.Server sendToAll
INFO: Reap dead connection: [DummyConnection Server connection - model.nation.cherokee]
Apr 27, 2018 11:59:11 PM net.sf.freecol.server.networking.Server sendToAll
INFO: Reap dead connection: [DummyConnection Server connection - model.nation.tupi]
Apr 27, 2018 11:59:11 PM net.sf.freecol.server.networking.Server sendToAll
INFO: Reap dead connection: [DummyConnection Server connection - model.nation.english]
Apr 27, 2018 11:59:11 PM net.sf.freecol.server.networking.Server sendToAll
INFO: Reap dead connection: [DummyConnection Server connection - model.nation.inca]
Apr 27, 2018 11:59:11 PM net.sf.freecol.server.networking.Server sendToAll
INFO: Reap dead connection: [DummyConnection Server connection - model.nation.dutch]
Apr 27, 2018 11:59:11 PM net.sf.freecol.server.networking.Server sendToAll
INFO: Reap dead connection: [DummyConnection Server connection - model.nation.arawak]
Apr 27, 2018 11:59:11 PM net.sf.freecol.server.networking.Server sendToAll
INFO: Reap dead connection: [DummyConnection Server connection - model.nation.apache]
Apr 27, 2018 11:59:11 PM net.sf.freecol.server.networking.Server sendToAll
INFO: Reap dead connection: [DummyConnection Server connection - model.nation.french]
Apr 27, 2018 11:59:11 PM net.sf.freecol.common.model.Specification applyDifficultyLevel
INFO: Applying difficulty level model.difficulty.medium
Apr 27, 2018 11:59:11 PM net.sf.freecol.common.FreeColSeed getFreeColSeed
INFO: Using seed: -5525150768679368487
Apr 27, 2018 11:59:11 PM net.sf.freecol.server.networking.Server sendToAll
INFO: Reap dead connection: [DummyConnection Server connection - model.nation.inca]
Apr 27, 2018 11:59:11 PM net.sf.freecol.server.networking.Server sendToAll
INFO: Reap dead connection: [DummyConnection Server connection - model.nation.iroquois]
Apr 27, 2018 11:59:11 PM net.sf.freecol.server.networking.Server sendToAll
INFO: Reap dead connection: [DummyConnection Server connection - model.nation.dutch]
Apr 27, 2018 11:59:11 PM net.sf.freecol.server.networking.Server sendToAll
INFO: Reap dead connection: [DummyConnection Server connection - model.nation.arawak]
Apr 27, 2018 11:59:11 PM net.sf.freecol.server.networking.Server sendToAll
INFO: Reap dead connection: [DummyConnection Server connection - model.nation.cherokee]
Apr 27, 2018 11:59:11 PM net.sf.freecol.server.networking.Server sendToAll
INFO: Reap dead connection: [DummyConnection Server connection - model.nation.sioux]
Apr 27, 2018 11:59:11 PM net.sf.freecol.server.networking.Server sendToAll
INFO: Reap dead connection: [DummyConnection Server connection - model.nation.tupi]
Apr 27, 2018 11:59:11 PM net.sf.freecol.server.networking.Server sendToAll
INFO: Reap dead connection: [DummyConnection Server connection - model.nation.french]
Apr 27, 2018 11:59:11 PM net.sf.freecol.server.networking.Server sendToAll
INFO: Reap dead connection: [DummyConnection Server connection - model.nation.english]
Apr 27, 2018 11:59:11 PM net.sf.freecol.server.networking.Server sendToAll
INFO: Reap dead connection: [DummyConnection Server connection - model.nation.aztec]
Apr 27, 2018 11:59:11 PM net.sf.freecol.server.networking.Server sendToAll
INFO: Reap dead connection: [DummyConnection Server connection - model.nation.spanish]
Apr 27, 2018 11:59:11 PM net.sf.freecol.server.networking.Server sendToAll
INFO: Reap dead connection: [DummyConnection Server connection - model.nation.apache]
Apr 27, 2018 11:59:11 PM net.sf.freecol.common.model.Specification applyDifficultyLevel
INFO: Applying difficulty level model.difficulty.medium
Apr 27, 2018 11:59:11 PM net.sf.freecol.common.FreeColSeed getFreeColSeed
INFO: Using seed: -5160672089511111829
Apr 27, 2018 11:59:11 PM net.sf.freecol.server.networking.Server sendToAll
INFO: Reap dead connection: [DummyConnection Server connection - model.nation.iroquois]
Apr 27, 2018 11:59:11 PM net.sf.freecol.server.networking.Server sendToAll
INFO: Reap dead connection: [DummyConnection Server connection - model.nation.spanish]
Apr 27, 2018 11:59:11 PM net.sf.freecol.server.networking.Server sendToAll
INFO: Reap dead connection: [DummyConnection Server connection - model.nation.cherokee]
Apr 27, 2018 11:59:11 PM net.sf.freecol.server.networking.Server sendToAll
INFO: Reap dead connection: [DummyConnection Server connection - model.nation.sioux]
Apr 27, 2018 11:59:11 PM net.sf.freecol.server.networking.Server sendToAll
INFO: Reap dead connection: [DummyConnection Server connection - model.nation.arawak]
Apr 27, 2018 11:59:11 PM net.sf.freecol.server.networking.Server sendToAll
INFO: Reap dead connection: [DummyConnection Server connection - model.nation.tupi]
Apr 27, 2018 11:59:11 PM net.sf.freecol.server.networking.Server sendToAll
INFO: Reap dead connection: [DummyConnection Server connection - model.nation.aztec]
Apr 27, 2018 11:59:11 PM net.sf.freecol.server.networking.Server sendToAll
INFO: Reap dead connection: [DummyConnection Server connection - model.nation.french]
Apr 27, 2018 11:59:11 PM net.sf.freecol.server.networking.Server sendToAll
INFO: Reap dead connection: [DummyConnection Server connection - model.nation.english]
Apr 27, 2018 11:59:11 PM net.sf.freecol.server.networking.Server sendToAll
INFO: Reap dead connection: [DummyConnection Server connection - model.nation.inca]
Apr 27, 2018 11:59:11 PM net.sf.freecol.server.networking.Server sendToAll
INFO: Reap dead connection: [DummyConnection Server connection - model.nation.dutch]
Apr 27, 2018 11:59:11 PM net.sf.freecol.server.networking.Server sendToAll
INFO: Reap dead connection: [DummyConnection Server connection - model.nation.apache]
Apr 27, 2018 11:59:11 PM net.sf.freecol.server.model.ServerPlayer csChangeStance
INFO: Stance modification William I UNCONTACTED -> WAR wrt Louis XIV
Apr 27, 2018 11:59:11 PM net.sf.freecol.server.model.ServerPlayer csChangeStance
INFO: Stance modification Louis XIV UNCONTACTED -> WAR wrt William I (symmetric)
Apr 27, 2018 11:59:11 PM net.sf.freecol.common.util.LogBuilder log
INFO: Combat attacker=unit:247-freeColonist-soldier [Modifier model.modifier.offence (model.source.baseOffence) ADDITIVE 0.0 index=10] [Modifier model.modifier.offence (model.role.soldier) ADDITIVE 2.0 index=30] [Modifier model.modifier.attackBonus (model.source.attackBonus) PERCENTAGE 50.0 index=50] = 3.0 defender=unit:248-freeColonist-soldier [Modifier model.modifier.defence (model.source.baseDefence) ADDITIVE 1.0 index=10] [Modifier model.modifier.defence (model.role.soldier) ADDITIVE 1.0 index=30] = 2.0 odds=0.6 random(1.0)=0.6200000047683716 great=false Attack LOSE LOSE_EQUIP
Apr 27, 2018 11:59:11 PM net.sf.freecol.common.util.LogBuilder log
INFO: Combat attacker=unit:247-freeColonist [Modifier model.modifier.offence (model.source.baseOffence) ADDITIVE 0.0 index=10] [Modifier model.modifier.attackBonus (model.source.attackBonus) PERCENTAGE 50.0 index=50] = 0.0 defender=unit:248-freeColonist-soldier [Modifier model.modifier.defence (model.source.baseDefence) ADDITIVE 1.0 index=10] [Modifier model.modifier.defence (model.role.soldier) ADDITIVE 1.0 index=30] = 2.0 odds=0.0 random(1.0)=0.019999999552965164 great=false Attack LOSE CAPTURE_UNIT
Apr 27, 2018 11:59:11 PM net.sf.freecol.common.model.Specification applyDifficultyLevel
INFO: Applying difficulty level model.difficulty.medium
Apr 27, 2018 11:59:11 PM net.sf.freecol.common.FreeColSeed getFreeColSeed
INFO: Using seed: -8959105193134652816
Apr 27, 2018 11:59:11 PM net.sf.freecol.server.networking.Server sendToAll
INFO: Reap dead connection: [DummyConnection Server connection - model.nation.tupi]
Apr 27, 2018 11:59:11 PM net.sf.freecol.server.networking.Server sendToAll
INFO: Reap dead connection: [DummyConnection Server connection - model.nation.dutch]
Apr 27, 2018 11:59:11 PM net.sf.freecol.server.networking.Server sendToAll
INFO: Reap dead connection: [DummyConnection Server connection - model.nation.french]
Apr 27, 2018 11:59:11 PM net.sf.freecol.server.networking.Server sendToAll
INFO: Reap dead connection: [DummyConnection Server connection - model.nation.aztec]
Apr 27, 2018 11:59:11 PM net.sf.freecol.server.networking.Server sendToAll
INFO: Reap dead connection: [DummyConnection Server connection - model.nation.sioux]
Apr 27, 2018 11:59:11 PM net.sf.freecol.server.networking.Server sendToAll
INFO: Reap dead connection: [DummyConnection Server connection - model.nation.iroquois]
Apr 27, 2018 11:59:11 PM net.sf.freecol.server.networking.Server sendToAll
INFO: Reap dead connection: [DummyConnection Server connection - model.nation.english]
Apr 27, 2018 11:59:11 PM net.sf.freecol.server.networking.Server sendToAll
INFO: Reap dead connection: [DummyConnection Server connection - model.nation.apache]
Apr 27, 2018 11:59:11 PM net.sf.freecol.server.networking.Server sendToAll
INFO: Reap dead connection: [DummyConnection Server connection - model.nation.inca]
Apr 27, 2018 11:59:11 PM net.sf.freecol.server.networking.Server sendToAll
INFO: Reap dead connection: [DummyConnection Server connection - model.nation.cherokee]
Apr 27, 2018 11:59:11 PM net.sf.freecol.server.networking.Server sendToAll
INFO: Reap dead connection: [DummyConnection Server connection - model.nation.arawak]
Apr 27, 2018 11:59:11 PM net.sf.freecol.server.networking.Server sendToAll
INFO: Reap dead connection: [DummyConnection Server connection - model.nation.spanish]
Apr 27, 2018 11:59:11 PM net.sf.freecol.server.model.ServerPlayer csChangeStance
INFO: Stance modification Louis XIV UNCONTACTED -> WAR wrt William I
Apr 27, 2018 11:59:11 PM net.sf.freecol.server.model.ServerPlayer csChangeStance
INFO: Stance modification William I UNCONTACTED -> WAR wrt Louis XIV (symmetric)
Apr 27, 2018 11:59:11 PM net.sf.freecol.common.util.LogBuilder log
INFO: Combat attacker=unit:248-veteranSoldier-soldier [Modifier model.modifier.offence (model.source.baseOffence) ADDITIVE 0.0 index=10] [Modifier model.modifier.offence (model.role.soldier) ADDITIVE 2.0 index=30] [Modifier model.modifier.offence (model.unit.veteranSoldier) PERCENTAGE 50.0 index=40] [Modifier model.modifier.attackBonus (model.source.attackBonus) PERCENTAGE 50.0 index=50] = 4.5 defender=unit:247-colonialRegular-soldier [Modifier model.modifier.defence (model.source.baseDefence) ADDITIVE 1.0 index=10] [Modifier model.modifier.defence (model.unit.colonialRegular) ADDITIVE 3.0 index=20] [Modifier model.modifier.defence (model.role.soldier) ADDITIVE 1.0 index=30] = 5.0 odds=0.47368421052631576 random(1.0)=0.4536842107772827 great=false Attack WIN LOSE_EQUIP DEMOTE_UNIT
Apr 27, 2018 11:59:11 PM net.sf.freecol.common.util.LogBuilder log
INFO: Combat attacker=unit:248-veteranSoldier-soldier [Modifier model.modifier.offence (model.source.baseOffence) ADDITIVE 0.0 index=10] [Modifier model.modifier.offence (model.role.soldier) ADDITIVE 2.0 index=30] [Modifier model.modifier.offence (model.unit.veteranSoldier) PERCENTAGE 50.0 index=40] [Modifier model.modifier.attackBonus (model.source.attackBonus) PERCENTAGE 50.0 index=50] = 4.5 defender=unit:247-veteranSoldier [Modifier model.modifier.defence (model.source.baseDefence) ADDITIVE 1.0 index=10] [Modifier model.modifier.defence (model.unit.veteranSoldier) PERCENTAGE 50.0 index=40] = 1.5 odds=0.75 random(1.0)=0.7300000190734863 great=false Attack WIN CAPTURE_UNIT
Apr 27, 2018 11:59:11 PM net.sf.freecol.common.model.Specification applyDifficultyLevel
INFO: Applying difficulty level model.difficulty.medium
Apr 27, 2018 11:59:11 PM net.sf.freecol.common.FreeColSeed getFreeColSeed
INFO: Using seed: 3473180168230877173
Apr 27, 2018 11:59:11 PM net.sf.freecol.server.networking.Server sendToAll
INFO: Reap dead connection: [DummyConnection Server connection - model.nation.english]
Apr 27, 2018 11:59:11 PM net.sf.freecol.server.networking.Server sendToAll
INFO: Reap dead connection: [DummyConnection Server connection - model.nation.aztec]
Apr 27, 2018 11:59:11 PM net.sf.freecol.server.networking.Server sendToAll
INFO: Reap dead connection: [DummyConnection Server connection - model.nation.inca]
Apr 27, 2018 11:59:11 PM net.sf.freecol.server.networking.Server sendToAll
INFO: Reap dead connection: [DummyConnection Server connection - model.nation.sioux]
Apr 27, 2018 11:59:11 PM net.sf.freecol.server.networking.Server sendToAll
INFO: Reap dead connection: [DummyConnection Server connection - model.nation.dutch]
Apr 27, 2018 11:59:11 PM net.sf.freecol.server.networking.Server sendToAll
INFO: Reap dead connection: [DummyConnection Server connection - model.nation.arawak]
Apr 27, 2018 11:59:11 PM net.sf.freecol.server.networking.Server sendToAll
INFO: Reap dead connection: [DummyConnection Server connection - model.nation.apache]
Apr 27, 2018 11:59:11 PM net.sf.freecol.server.networking.Server sendToAll
INFO: Reap dead connection: [DummyConnection Server connection - model.nation.french]
Apr 27, 2018 11:59:11 PM net.sf.freecol.server.networking.Server sendToAll
INFO: Reap dead connection: [DummyConnection Server connection - model.nation.cherokee]
Apr 27, 2018 11:59:11 PM net.sf.freecol.server.networking.Server sendToAll
INFO: Reap dead connection: [DummyConnection Server connection - model.nation.tupi]
Apr 27, 2018 11:59:11 PM net.sf.freecol.server.networking.Server sendToAll
INFO: Reap dead connection: [DummyConnection Server connection - model.nation.iroquois]
Apr 27, 2018 11:59:11 PM net.sf.freecol.server.networking.Server sendToAll
INFO: Reap dead connection: [DummyConnection Server connection - model.nation.spanish]
Apr 27, 2018 11:59:11 PM net.sf.freecol.server.ai.AIUnit dispose
WARNING: Disposing of unit:271 but owner is null!
Apr 27, 2018 11:59:11 PM net.sf.freecol.server.ai.AIUnit dispose
WARNING: Disposing of unit:270 but owner is null!
Apr 27, 2018 11:59:11 PM net.sf.freecol.common.model.Specification applyDifficultyLevel
INFO: Applying difficulty level model.difficulty.medium
Apr 27, 2018 11:59:11 PM net.sf.freecol.common.FreeColSeed getFreeColSeed
INFO: Using seed: -7554435208755351688
Apr 27, 2018 11:59:11 PM net.sf.freecol.server.networking.Server sendToAll
INFO: Reap dead connection: [DummyConnection Server connection - model.nation.french]
Apr 27, 2018 11:59:11 PM net.sf.freecol.server.networking.Server sendToAll
INFO: Reap dead connection: [DummyConnection Server connection - model.nation.spanish]
Apr 27, 2018 11:59:11 PM net.sf.freecol.server.networking.Server sendToAll
INFO: Reap dead connection: [DummyConnection Server connection - model.nation.inca]
Apr 27, 2018 11:59:11 PM net.sf.freecol.server.networking.Server sendToAll
INFO: Reap dead connection: [DummyConnection Server connection - model.nation.sioux]
Apr 27, 2018 11:59:11 PM net.sf.freecol.server.networking.Server sendToAll
INFO: Reap dead connection: [DummyConnection Server connection - model.nation.tupi]
Apr 27, 2018 11:59:11 PM net.sf.freecol.server.networking.Server sendToAll
INFO: Reap dead connection: [DummyConnection Server connection - model.nation.apache]
Apr 27, 2018 11:59:11 PM net.sf.freecol.server.networking.Server sendToAll
INFO: Reap dead connection: [DummyConnection Server connection - model.nation.cherokee]
Apr 27, 2018 11:59:11 PM net.sf.freecol.server.networking.Server sendToAll
INFO: Reap dead connection: [DummyConnection Server connection - model.nation.dutch]
Apr 27, 2018 11:59:11 PM net.sf.freecol.server.networking.Server sendToAll
INFO: Reap dead connection: [DummyConnection Server connection - model.nation.aztec]
Apr 27, 2018 11:59:11 PM net.sf.freecol.server.networking.Server sendToAll
INFO: Reap dead connection: [DummyConnection Server connection - model.nation.iroquois]
Apr 27, 2018 11:59:11 PM net.sf.freecol.server.networking.Server sendToAll
INFO: Reap dead connection: [DummyConnection Server connection - model.nation.english]
Apr 27, 2018 11:59:11 PM net.sf.freecol.server.networking.Server sendToAll
INFO: Reap dead connection: [DummyConnection Server connection - model.nation.arawak]
Apr 27, 2018 11:59:11 PM net.sf.freecol.server.model.ServerPlayer csChangeStance
INFO: Stance modification William I UNCONTACTED -> PEACE wrt Guaira
Apr 27, 2018 11:59:11 PM net.sf.freecol.server.model.ServerPlayer csChangeStance
INFO: Stance modification Guaira UNCONTACTED -> PEACE wrt William I (symmetric)
Apr 27, 2018 11:59:11 PM net.sf.freecol.common.util.LogBuilder log
INFO: Destroying: unit:253
Apr 27, 2018 11:59:11 PM net.sf.freecol.server.model.ServerPlayer csChangeStance
INFO: Stance modification Louis XIV UNCONTACTED -> PEACE wrt Guaira
Apr 27, 2018 11:59:11 PM net.sf.freecol.server.model.ServerPlayer csChangeStance
INFO: Stance modification Guaira UNCONTACTED -> PEACE wrt Louis XIV (symmetric)
Apr 27, 2018 11:59:11 PM net.sf.freecol.common.model.Specification applyDifficultyLevel
INFO: Applying difficulty level model.difficulty.medium
Apr 27, 2018 11:59:11 PM net.sf.freecol.common.FreeColSeed getFreeColSeed
INFO: Using seed: -649745842467547577
Apr 27, 2018 11:59:11 PM net.sf.freecol.server.networking.Server sendToAll
INFO: Reap dead connection: [DummyConnection Server connection - model.nation.apache]
Apr 27, 2018 11:59:11 PM net.sf.freecol.server.networking.Server sendToAll
INFO: Reap dead connection: [DummyConnection Server connection - model.nation.aztec]
Apr 27, 2018 11:59:11 PM net.sf.freecol.server.networking.Server sendToAll
INFO: Reap dead connection: [DummyConnection Server connection - model.nation.sioux]
Apr 27, 2018 11:59:11 PM net.sf.freecol.server.networking.Server sendToAll
INFO: Reap dead connection: [DummyConnection Server connection - model.nation.inca]
Apr 27, 2018 11:59:11 PM net.sf.freecol.server.networking.Server sendToAll
INFO: Reap dead connection: [DummyConnection Server connection - model.nation.iroquois]
Apr 27, 2018 11:59:11 PM net.sf.freecol.server.networking.Server sendToAll
INFO: Reap dead connection: [DummyConnection Server connection - model.nation.english]
Apr 27, 2018 11:59:11 PM net.sf.freecol.server.networking.Server sendToAll
INFO: Reap dead connection: [DummyConnection Server connection - model.nation.tupi]
Apr 27, 2018 11:59:11 PM net.sf.freecol.server.networking.Server sendToAll
INFO: Reap dead connection: [DummyConnection Server connection - model.nation.spanish]
Apr 27, 2018 11:59:11 PM net.sf.freecol.server.networking.Server sendToAll
INFO: Reap dead connection: [DummyConnection Server connection - model.nation.cherokee]
Apr 27, 2018 11:59:11 PM net.sf.freecol.server.networking.Server sendToAll
INFO: Reap dead connection: [DummyConnection Server connection - model.nation.arawak]
Apr 27, 2018 11:59:11 PM net.sf.freecol.server.networking.Server sendToAll
INFO: Reap dead connection: [DummyConnection Server connection - model.nation.french]
Apr 27, 2018 11:59:11 PM net.sf.freecol.server.networking.Server sendToAll
INFO: Reap dead connection: [DummyConnection Server connection - model.nation.dutch]
Apr 27, 2018 11:59:11 PM net.sf.freecol.common.model.Specification applyDifficultyLevel
INFO: Applying difficulty level model.difficulty.medium
Apr 27, 2018 11:59:11 PM net.sf.freecol.common.FreeColSeed getFreeColSeed
INFO: Using seed: -7209792653891118134
Apr 27, 2018 11:59:11 PM net.sf.freecol.server.networking.Server sendToAll
INFO: Reap dead connection: [DummyConnection Server connection - model.nation.tupi]
Apr 27, 2018 11:59:11 PM net.sf.freecol.server.networking.Server sendToAll
INFO: Reap dead connection: [DummyConnection Server connection - model.nation.sioux]
Apr 27, 2018 11:59:11 PM net.sf.freecol.server.networking.Server sendToAll
INFO: Reap dead connection: [DummyConnection Server connection - model.nation.french]
Apr 27, 2018 11:59:11 PM net.sf.freecol.server.networking.Server sendToAll
INFO: Reap dead connection: [DummyConnection Server connection - model.nation.cherokee]
Apr 27, 2018 11:59:11 PM net.sf.freecol.server.networking.Server sendToAll
INFO: Reap dead connection: [DummyConnection Server connection - model.nation.aztec]
Apr 27, 2018 11:59:11 PM net.sf.freecol.server.networking.Server sendToAll
INFO: Reap dead connection: [DummyConnection Server connection - model.nation.spanish]
Apr 27, 2018 11:59:11 PM net.sf.freecol.server.networking.Server sendToAll
INFO: Reap dead connection: [DummyConnection Server connection - model.nation.iroquois]
Apr 27, 2018 11:59:11 PM net.sf.freecol.server.networking.Server sendToAll
INFO: Reap dead connection: [DummyConnection Server connection - model.nation.english]
Apr 27, 2018 11:59:11 PM net.sf.freecol.server.networking.Server sendToAll
INFO: Reap dead connection: [DummyConnection Server connection - model.nation.arawak]
Apr 27, 2018 11:59:11 PM net.sf.freecol.server.networking.Server sendToAll
INFO: Reap dead connection: [DummyConnection Server connection - model.nation.apache]
Apr 27, 2018 11:59:11 PM net.sf.freecol.server.networking.Server sendToAll
INFO: Reap dead connection: [DummyConnection Server connection - model.nation.dutch]
Apr 27, 2018 11:59:11 PM net.sf.freecol.server.networking.Server sendToAll
INFO: Reap dead connection: [DummyConnection Server connection - model.nation.inca]
Apr 27, 2018 11:59:11 PM net.sf.freecol.common.model.Specification applyDifficultyLevel
INFO: Applying difficulty level model.difficulty.medium
Apr 27, 2018 11:59:11 PM net.sf.freecol.common.FreeColSeed getFreeColSeed
INFO: Using seed: 1280066516592404574
Apr 27, 2018 11:59:11 PM net.sf.freecol.server.networking.Server sendToAll
INFO: Reap dead connection: [DummyConnection Server connection - model.nation.apache]
Apr 27, 2018 11:59:11 PM net.sf.freecol.server.networking.Server sendToAll
INFO: Reap dead connection: [DummyConnection Server connection - model.nation.inca]
Apr 27, 2018 11:59:11 PM net.sf.freecol.server.networking.Server sendToAll
INFO: Reap dead connection: [DummyConnection Server connection - model.nation.tupi]
Apr 27, 2018 11:59:11 PM net.sf.freecol.server.networking.Server sendToAll
INFO: Reap dead connection: [DummyConnection Server connection - model.nation.sioux]
Apr 27, 2018 11:59:11 PM net.sf.freecol.server.networking.Server sendToAll
INFO: Reap dead connection: [DummyConnection Server connection - model.nation.aztec]
Apr 27, 2018 11:59:11 PM net.sf.freecol.server.networking.Server sendToAll
INFO: Reap dead connection: [DummyConnection Server connection - model.nation.iroquois]
Apr 27, 2018 11:59:11 PM net.sf.freecol.server.networking.Server sendToAll
INFO: Reap dead connection: [DummyConnection Server connection - model.nation.dutch]
Apr 27, 2018 11:59:11 PM net.sf.freecol.server.networking.Server sendToAll
INFO: Reap dead connection: [DummyConnection Server connection - model.nation.french]
Apr 27, 2018 11:59:11 PM net.sf.freecol.server.networking.Server sendToAll
INFO: Reap dead connection: [DummyConnection Server connection - model.nation.english]
Apr 27, 2018 11:59:11 PM net.sf.freecol.server.networking.Server sendToAll
INFO: Reap dead connection: [DummyConnection Server connection - model.nation.arawak]
Apr 27, 2018 11:59:11 PM net.sf.freecol.server.networking.Server sendToAll
INFO: Reap dead connection: [DummyConnection Server connection - model.nation.cherokee]
Apr 27, 2018 11:59:11 PM net.sf.freecol.server.networking.Server sendToAll
INFO: Reap dead connection: [DummyConnection Server connection - model.nation.spanish]
Apr 27, 2018 11:59:11 PM net.sf.freecol.common.model.Specification applyDifficultyLevel
INFO: Applying difficulty level model.difficulty.medium
Apr 27, 2018 11:59:11 PM net.sf.freecol.common.FreeColSeed getFreeColSeed
INFO: Using seed: -5813422446130768454
Apr 27, 2018 11:59:11 PM net.sf.freecol.server.networking.Server sendToAll
INFO: Reap dead connection: [DummyConnection Server connection - model.nation.french]
Apr 27, 2018 11:59:11 PM net.sf.freecol.server.networking.Server sendToAll
INFO: Reap dead connection: [DummyConnection Server connection - model.nation.arawak]
Apr 27, 2018 11:59:11 PM net.sf.freecol.server.networking.Server sendToAll
INFO: Reap dead connection: [DummyConnection Server connection - model.nation.apache]
Apr 27, 2018 11:59:11 PM net.sf.freecol.server.networking.Server sendToAll
INFO: Reap dead connection: [DummyConnection Server connection - model.nation.iroquois]
Apr 27, 2018 11:59:11 PM net.sf.freecol.server.networking.Server sendToAll
INFO: Reap dead connection: [DummyConnection Server connection - model.nation.aztec]
Apr 27, 2018 11:59:11 PM net.sf.freecol.server.networking.Server sendToAll
INFO: Reap dead connection: [DummyConnection Server connection - model.nation.inca]
Apr 27, 2018 11:59:11 PM net.sf.freecol.server.networking.Server sendToAll
INFO: Reap dead connection: [DummyConnection Server connection - model.nation.english]
Apr 27, 2018 11:59:11 PM net.sf.freecol.server.networking.Server sendToAll
INFO: Reap dead connection: [DummyConnection Server connection - model.nation.dutch]
Apr 27, 2018 11:59:11 PM net.sf.freecol.server.networking.Server sendToAll
INFO: Reap dead connection: [DummyConnection Server connection - model.nation.cherokee]
Apr 27, 2018 11:59:11 PM net.sf.freecol.server.networking.Server sendToAll
INFO: Reap dead connection: [DummyConnection Server connection - model.nation.spanish]
Apr 27, 2018 11:59:11 PM net.sf.freecol.server.networking.Server sendToAll
INFO: Reap dead connection: [DummyConnection Server connection - model.nation.sioux]
Apr 27, 2018 11:59:11 PM net.sf.freecol.server.networking.Server sendToAll
INFO: Reap dead connection: [DummyConnection Server connection - model.nation.tupi]
Apr 27, 2018 11:59:11 PM net.sf.freecol.common.model.Specification applyDifficultyLevel
INFO: Applying difficulty level model.difficulty.medium
Apr 27, 2018 11:59:11 PM net.sf.freecol.common.FreeColSeed getFreeColSeed
INFO: Using seed: 5106636714600449655
Apr 27, 2018 11:59:11 PM net.sf.freecol.server.networking.Server sendToAll
INFO: Reap dead connection: [DummyConnection Server connection - model.nation.french]
Apr 27, 2018 11:59:11 PM net.sf.freecol.server.networking.Server sendToAll
INFO: Reap dead connection: [DummyConnection Server connection - model.nation.aztec]
Apr 27, 2018 11:59:11 PM net.sf.freecol.server.networking.Server sendToAll
INFO: Reap dead connection: [DummyConnection Server connection - model.nation.sioux]
Apr 27, 2018 11:59:11 PM net.sf.freecol.server.networking.Server sendToAll
INFO: Reap dead connection: [DummyConnection Server connection - model.nation.cherokee]
Apr 27, 2018 11:59:11 PM net.sf.freecol.server.networking.Server sendToAll
INFO: Reap dead connection: [DummyConnection Server connection - model.nation.iroquois]
Apr 27, 2018 11:59:11 PM net.sf.freecol.server.networking.Server sendToAll
INFO: Reap dead connection: [DummyConnection Server connection - model.nation.dutch]
Apr 27, 2018 11:59:11 PM net.sf.freecol.server.networking.Server sendToAll
INFO: Reap dead connection: [DummyConnection Server connection - model.nation.apache]
Apr 27, 2018 11:59:11 PM net.sf.freecol.server.networking.Server sendToAll
INFO: Reap dead connection: [DummyConnection Server connection - model.nation.spanish]
Apr 27, 2018 11:59:11 PM net.sf.freecol.server.networking.Server sendToAll
INFO: Reap dead connection: [DummyConnection Server connection - model.nation.tupi]
Apr 27, 2018 11:59:11 PM net.sf.freecol.server.networking.Server sendToAll
INFO: Reap dead connection: [DummyConnection Server connection - model.nation.inca]
Apr 27, 2018 11:59:11 PM net.sf.freecol.server.networking.Server sendToAll
INFO: Reap dead connection: [DummyConnection Server connection - model.nation.arawak]
Apr 27, 2018 11:59:11 PM net.sf.freecol.server.networking.Server sendToAll
INFO: Reap dead connection: [DummyConnection Server connection - model.nation.english]
Apr 27, 2018 11:59:11 PM net.sf.freecol.common.model.Specification applyDifficultyLevel
INFO: Applying difficulty level model.difficulty.medium
Apr 27, 2018 11:59:11 PM net.sf.freecol.common.FreeColSeed getFreeColSeed
INFO: Using seed: -618074247922341452
Apr 27, 2018 11:59:11 PM net.sf.freecol.server.networking.Server sendToAll
INFO: Reap dead connection: [DummyConnection Server connection - model.nation.tupi]
Apr 27, 2018 11:59:11 PM net.sf.freecol.server.networking.Server sendToAll
INFO: Reap dead connection: [DummyConnection Server connection - model.nation.english]
Apr 27, 2018 11:59:11 PM net.sf.freecol.server.networking.Server sendToAll
INFO: Reap dead connection: [DummyConnection Server connection - model.nation.aztec]
Apr 27, 2018 11:59:11 PM net.sf.freecol.server.networking.Server sendToAll
INFO: Reap dead connection: [DummyConnection Server connection - model.nation.inca]
Apr 27, 2018 11:59:11 PM net.sf.freecol.server.networking.Server sendToAll
INFO: Reap dead connection: [DummyConnection Server connection - model.nation.french]
Apr 27, 2018 11:59:11 PM net.sf.freecol.server.networking.Server sendToAll
INFO: Reap dead connection: [DummyConnection Server connection - model.nation.sioux]
Apr 27, 2018 11:59:11 PM net.sf.freecol.server.networking.Server sendToAll
INFO: Reap dead connection: [DummyConnection Server connection - model.nation.arawak]
Apr 27, 2018 11:59:11 PM net.sf.freecol.server.networking.Server sendToAll
INFO: Reap dead connection: [DummyConnection Server connection - model.nation.apache]
Apr 27, 2018 11:59:11 PM net.sf.freecol.server.networking.Server sendToAll
INFO: Reap dead connection: [DummyConnection Server connection - model.nation.cherokee]
Apr 27, 2018 11:59:11 PM net.sf.freecol.server.networking.Server sendToAll
INFO: Reap dead connection: [DummyConnection Server connection - model.nation.iroquois]
Apr 27, 2018 11:59:11 PM net.sf.freecol.server.networking.Server sendToAll
INFO: Reap dead connection: [DummyConnection Server connection - model.nation.spanish]
Apr 27, 2018 11:59:11 PM net.sf.freecol.server.networking.Server sendToAll
INFO: Reap dead connection: [DummyConnection Server connection - model.nation.dutch]
Apr 27, 2018 11:59:11 PM net.sf.freecol.common.model.Specification applyDifficultyLevel
INFO: Applying difficulty level model.difficulty.medium
Apr 27, 2018 11:59:11 PM net.sf.freecol.common.FreeColSeed getFreeColSeed
INFO: Using seed: 1641908875169160056
Apr 27, 2018 11:59:11 PM net.sf.freecol.server.networking.Server sendToAll
INFO: Reap dead connection: [DummyConnection Server connection - model.nation.spanish]
Apr 27, 2018 11:59:11 PM net.sf.freecol.server.networking.Server sendToAll
INFO: Reap dead connection: [DummyConnection Server connection - model.nation.apache]
Apr 27, 2018 11:59:11 PM net.sf.freecol.server.networking.Server sendToAll
INFO: Reap dead connection: [DummyConnection Server connection - model.nation.inca]
Apr 27, 2018 11:59:11 PM net.sf.freecol.server.networking.Server sendToAll
INFO: Reap dead connection: [DummyConnection Server connection - model.nation.aztec]
Apr 27, 2018 11:59:11 PM net.sf.freecol.server.networking.Server sendToAll
INFO: Reap dead connection: [DummyConnection Server connection - model.nation.cherokee]
Apr 27, 2018 11:59:11 PM net.sf.freecol.server.networking.Server sendToAll
INFO: Reap dead connection: [DummyConnection Server connection - model.nation.arawak]
Apr 27, 2018 11:59:11 PM net.sf.freecol.server.networking.Server sendToAll
INFO: Reap dead connection: [DummyConnection Server connection - model.nation.french]
Apr 27, 2018 11:59:11 PM net.sf.freecol.server.networking.Server sendToAll
INFO: Reap dead connection: [DummyConnection Server connection - model.nation.dutch]
Apr 27, 2018 11:59:11 PM net.sf.freecol.server.networking.Server sendToAll
INFO: Reap dead connection: [DummyConnection Server connection - model.nation.iroquois]
Apr 27, 2018 11:59:11 PM net.sf.freecol.server.networking.Server sendToAll
INFO: Reap dead connection: [DummyConnection Server connection - model.nation.tupi]
Apr 27, 2018 11:59:11 PM net.sf.freecol.server.networking.Server sendToAll
INFO: Reap dead connection: [DummyConnection Server connection - model.nation.sioux]
Apr 27, 2018 11:59:11 PM net.sf.freecol.server.networking.Server sendToAll
INFO: Reap dead connection: [DummyConnection Server connection - model.nation.english]
Apr 27, 2018 11:59:11 PM net.sf.freecol.common.model.Specification applyDifficultyLevel
INFO: Applying difficulty level model.difficulty.medium
Apr 27, 2018 11:59:11 PM net.sf.freecol.common.FreeColSeed getFreeColSeed
INFO: Using seed: 1609369193454975569
Apr 27, 2018 11:59:12 PM net.sf.freecol.server.networking.Server sendToAll
INFO: Reap dead connection: [DummyConnection Server connection - model.nation.aztec]
Apr 27, 2018 11:59:12 PM net.sf.freecol.server.networking.Server sendToAll
INFO: Reap dead connection: [DummyConnection Server connection - model.nation.spanish]
Apr 27, 2018 11:59:12 PM net.sf.freecol.server.networking.Server sendToAll
INFO: Reap dead connection: [DummyConnection Server connection - model.nation.cherokee]
Apr 27, 2018 11:59:12 PM net.sf.freecol.server.networking.Server sendToAll
INFO: Reap dead connection: [DummyConnection Server connection - model.nation.tupi]
Apr 27, 2018 11:59:12 PM net.sf.freecol.server.networking.Server sendToAll
INFO: Reap dead connection: [DummyConnection Server connection - model.nation.inca]
Apr 27, 2018 11:59:12 PM net.sf.freecol.server.networking.Server sendToAll
INFO: Reap dead connection: [DummyConnection Server connection - model.nation.sioux]
Apr 27, 2018 11:59:12 PM net.sf.freecol.server.networking.Server sendToAll
INFO: Reap dead connection: [DummyConnection Server connection - model.nation.dutch]
Apr 27, 2018 11:59:12 PM net.sf.freecol.server.networking.Server sendToAll
INFO: Reap dead connection: [DummyConnection Server connection - model.nation.iroquois]
Apr 27, 2018 11:59:12 PM net.sf.freecol.server.networking.Server sendToAll
INFO: Reap dead connection: [DummyConnection Server connection - model.nation.english]
Apr 27, 2018 11:59:12 PM net.sf.freecol.server.networking.Server sendToAll
INFO: Reap dead connection: [DummyConnection Server connection - model.nation.arawak]
Apr 27, 2018 11:59:12 PM net.sf.freecol.server.networking.Server sendToAll
INFO: Reap dead connection: [DummyConnection Server connection - model.nation.french]
Apr 27, 2018 11:59:12 PM net.sf.freecol.server.networking.Server sendToAll
INFO: Reap dead connection: [DummyConnection Server connection - model.nation.apache]
Apr 27, 2018 11:59:12 PM net.sf.freecol.common.model.Specification applyDifficultyLevel
INFO: Applying difficulty level model.difficulty.medium
Apr 27, 2018 11:59:12 PM net.sf.freecol.common.FreeColSeed getFreeColSeed
INFO: Using seed: 8558770673815251875
Apr 27, 2018 11:59:12 PM net.sf.freecol.server.networking.Server sendToAll
INFO: Reap dead connection: [DummyConnection Server connection - model.nation.apache]
Apr 27, 2018 11:59:12 PM net.sf.freecol.server.networking.Server sendToAll
INFO: Reap dead connection: [DummyConnection Server connection - model.nation.french]
Apr 27, 2018 11:59:12 PM net.sf.freecol.server.networking.Server sendToAll
INFO: Reap dead connection: [DummyConnection Server connection - model.nation.english]
Apr 27, 2018 11:59:12 PM net.sf.freecol.server.networking.Server sendToAll
INFO: Reap dead connection: [DummyConnection Server connection - model.nation.dutch]
Apr 27, 2018 11:59:12 PM net.sf.freecol.server.networking.Server sendToAll
INFO: Reap dead connection: [DummyConnection Server connection - model.nation.spanish]
Apr 27, 2018 11:59:12 PM net.sf.freecol.server.networking.Server sendToAll
INFO: Reap dead connection: [DummyConnection Server connection - model.nation.tupi]
Apr 27, 2018 11:59:12 PM net.sf.freecol.server.networking.Server sendToAll
INFO: Reap dead connection: [DummyConnection Server connection - model.nation.arawak]
Apr 27, 2018 11:59:12 PM net.sf.freecol.server.networking.Server sendToAll
INFO: Reap dead connection: [DummyConnection Server connection - model.nation.sioux]
Apr 27, 2018 11:59:12 PM net.sf.freecol.server.networking.Server sendToAll
INFO: Reap dead connection: [DummyConnection Server connection - model.nation.aztec]
Apr 27, 2018 11:59:12 PM net.sf.freecol.server.networking.Server sendToAll
INFO: Reap dead connection: [DummyConnection Server connection - model.nation.cherokee]
Apr 27, 2018 11:59:12 PM net.sf.freecol.server.networking.Server sendToAll
INFO: Reap dead connection: [DummyConnection Server connection - model.nation.inca]
Apr 27, 2018 11:59:12 PM net.sf.freecol.server.networking.Server sendToAll
INFO: Reap dead connection: [DummyConnection Server connection - model.nation.iroquois]
Apr 27, 2018 11:59:12 PM net.sf.freecol.common.model.Specification applyDifficultyLevel
INFO: Applying difficulty level model.difficulty.medium
Apr 27, 2018 11:59:12 PM net.sf.freecol.common.FreeColSeed getFreeColSeed
INFO: Using seed: -153124522515082058
Apr 27, 2018 11:59:12 PM net.sf.freecol.server.networking.Server sendToAll
INFO: Reap dead connection: [DummyConnection Server connection - model.nation.cherokee]
Apr 27, 2018 11:59:12 PM net.sf.freecol.server.networking.Server sendToAll
INFO: Reap dead connection: [DummyConnection Server connection - model.nation.french]
Apr 27, 2018 11:59:12 PM net.sf.freecol.server.networking.Server sendToAll
INFO: Reap dead connection: [DummyConnection Server connection - model.nation.inca]
Apr 27, 2018 11:59:12 PM net.sf.freecol.server.networking.Server sendToAll
INFO: Reap dead connection: [DummyConnection Server connection - model.nation.iroquois]
Apr 27, 2018 11:59:12 PM net.sf.freecol.server.networking.Server sendToAll
INFO: Reap dead connection: [DummyConnection Server connection - model.nation.apache]
Apr 27, 2018 11:59:12 PM net.sf.freecol.server.networking.Server sendToAll
INFO: Reap dead connection: [DummyConnection Server connection - model.nation.tupi]
Apr 27, 2018 11:59:12 PM net.sf.freecol.server.networking.Server sendToAll
INFO: Reap dead connection: [DummyConnection Server connection - model.nation.arawak]
Apr 27, 2018 11:59:12 PM net.sf.freecol.server.networking.Server sendToAll
INFO: Reap dead connection: [DummyConnection Server connection - model.nation.sioux]
Apr 27, 2018 11:59:12 PM net.sf.freecol.server.networking.Server sendToAll
INFO: Reap dead connection: [DummyConnection Server connection - model.nation.aztec]
Apr 27, 2018 11:59:12 PM net.sf.freecol.server.networking.Server sendToAll
INFO: Reap dead connection: [DummyConnection Server connection - model.nation.spanish]
Apr 27, 2018 11:59:12 PM net.sf.freecol.server.networking.Server sendToAll
INFO: Reap dead connection: [DummyConnection Server connection - model.nation.dutch]
Apr 27, 2018 11:59:12 PM net.sf.freecol.server.networking.Server sendToAll
INFO: Reap dead connection: [DummyConnection Server connection - model.nation.english]
Apr 27, 2018 11:59:12 PM net.sf.freecol.common.model.Specification applyDifficultyLevel
INFO: Applying difficulty level model.difficulty.medium
Apr 27, 2018 11:59:12 PM net.sf.freecol.common.FreeColSeed getFreeColSeed
INFO: Using seed: 307586914747237316
Apr 27, 2018 11:59:12 PM net.sf.freecol.server.networking.Server sendToAll
INFO: Reap dead connection: [DummyConnection Server connection - model.nation.iroquois]
Apr 27, 2018 11:59:12 PM net.sf.freecol.server.networking.Server sendToAll
INFO: Reap dead connection: [DummyConnection Server connection - model.nation.english]
Apr 27, 2018 11:59:12 PM net.sf.freecol.server.networking.Server sendToAll
INFO: Reap dead connection: [DummyConnection Server connection - model.nation.apache]
Apr 27, 2018 11:59:12 PM net.sf.freecol.server.networking.Server sendToAll
INFO: Reap dead connection: [DummyConnection Server connection - model.nation.cherokee]
Apr 27, 2018 11:59:12 PM net.sf.freecol.server.networking.Server sendToAll
INFO: Reap dead connection: [DummyConnection Server connection - model.nation.spanish]
Apr 27, 2018 11:59:12 PM net.sf.freecol.server.networking.Server sendToAll
INFO: Reap dead connection: [DummyConnection Server connection - model.nation.arawak]
Apr 27, 2018 11:59:12 PM net.sf.freecol.server.networking.Server sendToAll
INFO: Reap dead connection: [DummyConnection Server connection - model.nation.inca]
Apr 27, 2018 11:59:12 PM net.sf.freecol.server.networking.Server sendToAll
INFO: Reap dead connection: [DummyConnection Server connection - model.nation.aztec]
Apr 27, 2018 11:59:12 PM net.sf.freecol.server.networking.Server sendToAll
INFO: Reap dead connection: [DummyConnection Server connection - model.nation.dutch]
Apr 27, 2018 11:59:12 PM net.sf.freecol.server.networking.Server sendToAll
INFO: Reap dead connection: [DummyConnection Server connection - model.nation.french]
Apr 27, 2018 11:59:12 PM net.sf.freecol.server.networking.Server sendToAll
INFO: Reap dead connection: [DummyConnection Server connection - model.nation.sioux]
Apr 27, 2018 11:59:12 PM net.sf.freecol.server.networking.Server sendToAll
INFO: Reap dead connection: [DummyConnection Server connection - model.nation.tupi]
Apr 27, 2018 11:59:12 PM net.sf.freecol.common.model.Specification applyDifficultyLevel
INFO: Applying difficulty level model.difficulty.medium
Apr 27, 2018 11:59:12 PM net.sf.freecol.common.FreeColSeed getFreeColSeed
INFO: Using seed: 4163106741157262660
Apr 27, 2018 11:59:12 PM net.sf.freecol.server.networking.Server sendToAll
INFO: Reap dead connection: [DummyConnection Server connection - model.nation.english]
Apr 27, 2018 11:59:12 PM net.sf.freecol.server.networking.Server sendToAll
INFO: Reap dead connection: [DummyConnection Server connection - model.nation.inca]
Apr 27, 2018 11:59:12 PM net.sf.freecol.server.networking.Server sendToAll
INFO: Reap dead connection: [DummyConnection Server connection - model.nation.arawak]
Apr 27, 2018 11:59:12 PM net.sf.freecol.server.networking.Server sendToAll
INFO: Reap dead connection: [DummyConnection Server connection - model.nation.cherokee]
Apr 27, 2018 11:59:12 PM net.sf.freecol.server.networking.Server sendToAll
INFO: Reap dead connection: [DummyConnection Server connection - model.nation.apache]
Apr 27, 2018 11:59:12 PM net.sf.freecol.server.networking.Server sendToAll
INFO: Reap dead connection: [DummyConnection Server connection - model.nation.spanish]
Apr 27, 2018 11:59:12 PM net.sf.freecol.server.networking.Server sendToAll
INFO: Reap dead connection: [DummyConnection Server connection - model.nation.iroquois]
Apr 27, 2018 11:59:12 PM net.sf.freecol.server.networking.Server sendToAll
INFO: Reap dead connection: [DummyConnection Server connection - model.nation.tupi]
Apr 27, 2018 11:59:12 PM net.sf.freecol.server.networking.Server sendToAll
INFO: Reap dead connection: [DummyConnection Server connection - model.nation.dutch]
Apr 27, 2018 11:59:12 PM net.sf.freecol.server.networking.Server sendToAll
INFO: Reap dead connection: [DummyConnection Server connection - model.nation.aztec]
Apr 27, 2018 11:59:12 PM net.sf.freecol.server.networking.Server sendToAll
INFO: Reap dead connection: [DummyConnection Server connection - model.nation.french]
Apr 27, 2018 11:59:12 PM net.sf.freecol.server.networking.Server sendToAll
INFO: Reap dead connection: [DummyConnection Server connection - model.nation.sioux]
Apr 27, 2018 11:59:12 PM net.sf.freecol.common.model.Specification applyDifficultyLevel
INFO: Applying difficulty level model.difficulty.medium
Apr 27, 2018 11:59:12 PM net.sf.freecol.common.FreeColSeed getFreeColSeed
INFO: Using seed: 7032861641838818353
Apr 27, 2018 11:59:12 PM net.sf.freecol.server.networking.Server sendToAll
INFO: Reap dead connection: [DummyConnection Server connection - model.nation.aztec]
Apr 27, 2018 11:59:12 PM net.sf.freecol.server.networking.Server sendToAll
INFO: Reap dead connection: [DummyConnection Server connection - model.nation.sioux]
Apr 27, 2018 11:59:12 PM net.sf.freecol.server.networking.Server sendToAll
INFO: Reap dead connection: [DummyConnection Server connection - model.nation.apache]
Apr 27, 2018 11:59:12 PM net.sf.freecol.server.networking.Server sendToAll
INFO: Reap dead connection: [DummyConnection Server connection - model.nation.inca]
Apr 27, 2018 11:59:12 PM net.sf.freecol.server.networking.Server sendToAll
INFO: Reap dead connection: [DummyConnection Server connection - model.nation.iroquois]
Apr 27, 2018 11:59:12 PM net.sf.freecol.server.networking.Server sendToAll
INFO: Reap dead connection: [DummyConnection Server connection - model.nation.english]
Apr 27, 2018 11:59:12 PM net.sf.freecol.server.networking.Server sendToAll
INFO: Reap dead connection: [DummyConnection Server connection - model.nation.cherokee]
Apr 27, 2018 11:59:12 PM net.sf.freecol.server.networking.Server sendToAll
INFO: Reap dead connection: [DummyConnection Server connection - model.nation.spanish]
Apr 27, 2018 11:59:12 PM net.sf.freecol.server.networking.Server sendToAll
INFO: Reap dead connection: [DummyConnection Server connection - model.nation.dutch]
Apr 27, 2018 11:59:12 PM net.sf.freecol.server.networking.Server sendToAll
INFO: Reap dead connection: [DummyConnection Server connection - model.nation.tupi]
Apr 27, 2018 11:59:12 PM net.sf.freecol.server.networking.Server sendToAll
INFO: Reap dead connection: [DummyConnection Server connection - model.nation.french]
Apr 27, 2018 11:59:12 PM net.sf.freecol.server.networking.Server sendToAll
INFO: Reap dead connection: [DummyConnection Server connection - model.nation.arawak]
Apr 27, 2018 11:59:12 PM net.sf.freecol.common.model.Specification applyDifficultyLevel
INFO: Applying difficulty level model.difficulty.medium
Apr 27, 2018 11:59:12 PM net.sf.freecol.common.FreeColSeed getFreeColSeed
INFO: Using seed: -8037135567860821120
Apr 27, 2018 11:59:12 PM net.sf.freecol.server.networking.Server sendToAll
INFO: Reap dead connection: [DummyConnection Server connection - model.nation.english]
Apr 27, 2018 11:59:12 PM net.sf.freecol.server.networking.Server sendToAll
INFO: Reap dead connection: [DummyConnection Server connection - model.nation.aztec]
Apr 27, 2018 11:59:12 PM net.sf.freecol.server.networking.Server sendToAll
INFO: Reap dead connection: [DummyConnection Server connection - model.nation.spanish]
Apr 27, 2018 11:59:12 PM net.sf.freecol.server.networking.Server sendToAll
INFO: Reap dead connection: [DummyConnection Server connection - model.nation.dutch]
Apr 27, 2018 11:59:12 PM net.sf.freecol.server.networking.Server sendToAll
INFO: Reap dead connection: [DummyConnection Server connection - model.nation.tupi]
Apr 27, 2018 11:59:12 PM net.sf.freecol.server.networking.Server sendToAll
INFO: Reap dead connection: [DummyConnection Server connection - model.nation.french]
Apr 27, 2018 11:59:12 PM net.sf.freecol.server.networking.Server sendToAll
INFO: Reap dead connection: [DummyConnection Server connection - model.nation.cherokee]
Apr 27, 2018 11:59:12 PM net.sf.freecol.server.networking.Server sendToAll
INFO: Reap dead connection: [DummyConnection Server connection - model.nation.inca]
Apr 27, 2018 11:59:12 PM net.sf.freecol.server.networking.Server sendToAll
INFO: Reap dead connection: [DummyConnection Server connection - model.nation.iroquois]
Apr 27, 2018 11:59:12 PM net.sf.freecol.server.networking.Server sendToAll
INFO: Reap dead connection: [DummyConnection Server connection - model.nation.sioux]
Apr 27, 2018 11:59:12 PM net.sf.freecol.server.networking.Server sendToAll
INFO: Reap dead connection: [DummyConnection Server connection - model.nation.arawak]
Apr 27, 2018 11:59:12 PM net.sf.freecol.server.networking.Server sendToAll
INFO: Reap dead connection: [DummyConnection Server connection - model.nation.apache]
Apr 27, 2018 11:59:12 PM net.sf.freecol.common.model.Specification applyDifficultyLevel
INFO: Applying difficulty level model.difficulty.medium
Apr 27, 2018 11:59:12 PM net.sf.freecol.common.FreeColSeed getFreeColSeed
INFO: Using seed: 1939354627999829739
Apr 27, 2018 11:59:12 PM net.sf.freecol.server.networking.Server sendToAll
INFO: Reap dead connection: [DummyConnection Server connection - model.nation.english]
Apr 27, 2018 11:59:12 PM net.sf.freecol.server.networking.Server sendToAll
INFO: Reap dead connection: [DummyConnection Server connection - model.nation.cherokee]
Apr 27, 2018 11:59:12 PM net.sf.freecol.server.networking.Server sendToAll
INFO: Reap dead connection: [DummyConnection Server connection - model.nation.iroquois]
Apr 27, 2018 11:59:12 PM net.sf.freecol.server.networking.Server sendToAll
INFO: Reap dead connection: [DummyConnection Server connection - model.nation.tupi]
Apr 27, 2018 11:59:12 PM net.sf.freecol.server.networking.Server sendToAll
INFO: Reap dead connection: [DummyConnection Server connection - model.nation.arawak]
Apr 27, 2018 11:59:12 PM net.sf.freecol.server.networking.Server sendToAll
INFO: Reap dead connection: [DummyConnection Server connection - model.nation.sioux]
Apr 27, 2018 11:59:12 PM net.sf.freecol.server.networking.Server sendToAll
INFO: Reap dead connection: [DummyConnection Server connection - model.nation.aztec]
Apr 27, 2018 11:59:12 PM net.sf.freecol.server.networking.Server sendToAll
INFO: Reap dead connection: [DummyConnection Server connection - model.nation.dutch]
Apr 27, 2018 11:59:12 PM net.sf.freecol.server.networking.Server sendToAll
INFO: Reap dead connection: [DummyConnection Server connection - model.nation.inca]
Apr 27, 2018 11:59:12 PM net.sf.freecol.server.networking.Server sendToAll
INFO: Reap dead connection: [DummyConnection Server connection - model.nation.spanish]
Apr 27, 2018 11:59:12 PM net.sf.freecol.server.networking.Server sendToAll
INFO: Reap dead connection: [DummyConnection Server connection - model.nation.french]
Apr 27, 2018 11:59:12 PM net.sf.freecol.server.networking.Server sendToAll
INFO: Reap dead connection: [DummyConnection Server connection - model.nation.apache]
Apr 27, 2018 11:59:12 PM net.sf.freecol.common.model.Specification applyDifficultyLevel
INFO: Applying difficulty level model.difficulty.medium
Apr 27, 2018 11:59:12 PM net.sf.freecol.common.FreeColSeed getFreeColSeed
INFO: Using seed: -2491394182949557618
Apr 27, 2018 11:59:12 PM net.sf.freecol.server.networking.Server sendToAll
INFO: Reap dead connection: [DummyConnection Server connection - model.nation.inca]
Apr 27, 2018 11:59:12 PM net.sf.freecol.server.networking.Server sendToAll
INFO: Reap dead connection: [DummyConnection Server connection - model.nation.tupi]
Apr 27, 2018 11:59:12 PM net.sf.freecol.server.networking.Server sendToAll
INFO: Reap dead connection: [DummyConnection Server connection - model.nation.apache]
Apr 27, 2018 11:59:12 PM net.sf.freecol.server.networking.Server sendToAll
INFO: Reap dead connection: [DummyConnection Server connection - model.nation.iroquois]
Apr 27, 2018 11:59:12 PM net.sf.freecol.server.networking.Server sendToAll
INFO: Reap dead connection: [DummyConnection Server connection - model.nation.sioux]
Apr 27, 2018 11:59:12 PM net.sf.freecol.server.networking.Server sendToAll
INFO: Reap dead connection: [DummyConnection Server connection - model.nation.dutch]
Apr 27, 2018 11:59:12 PM net.sf.freecol.server.networking.Server sendToAll
INFO: Reap dead connection: [DummyConnection Server connection - model.nation.arawak]
Apr 27, 2018 11:59:12 PM net.sf.freecol.server.networking.Server sendToAll
INFO: Reap dead connection: [DummyConnection Server connection - model.nation.spanish]
Apr 27, 2018 11:59:12 PM net.sf.freecol.server.networking.Server sendToAll
INFO: Reap dead connection: [DummyConnection Server connection - model.nation.aztec]
Apr 27, 2018 11:59:12 PM net.sf.freecol.server.networking.Server sendToAll
INFO: Reap dead connection: [DummyConnection Server connection - model.nation.cherokee]
Apr 27, 2018 11:59:12 PM net.sf.freecol.server.networking.Server sendToAll
INFO: Reap dead connection: [DummyConnection Server connection - model.nation.french]
Apr 27, 2018 11:59:12 PM net.sf.freecol.server.networking.Server sendToAll
INFO: Reap dead connection: [DummyConnection Server connection - model.nation.english]
Apr 27, 2018 11:59:12 PM net.sf.freecol.common.model.Specification applyDifficultyLevel
INFO: Applying difficulty level model.difficulty.medium
Apr 27, 2018 11:59:12 PM net.sf.freecol.common.FreeColSeed getFreeColSeed
INFO: Using seed: 8266889658347015518
Apr 27, 2018 11:59:12 PM net.sf.freecol.server.networking.Server sendToAll
INFO: Reap dead connection: [DummyConnection Server connection - model.nation.inca]
Apr 27, 2018 11:59:12 PM net.sf.freecol.server.networking.Server sendToAll
INFO: Reap dead connection: [DummyConnection Server connection - model.nation.english]
Apr 27, 2018 11:59:12 PM net.sf.freecol.server.networking.Server sendToAll
INFO: Reap dead connection: [DummyConnection Server connection - model.nation.french]
Apr 27, 2018 11:59:12 PM net.sf.freecol.server.networking.Server sendToAll
INFO: Reap dead connection: [DummyConnection Server connection - model.nation.dutch]
Apr 27, 2018 11:59:12 PM net.sf.freecol.server.networking.Server sendToAll
INFO: Reap dead connection: [DummyConnection Server connection - model.nation.apache]
Apr 27, 2018 11:59:12 PM net.sf.freecol.server.networking.Server sendToAll
INFO: Reap dead connection: [DummyConnection Server connection - model.nation.spanish]
Apr 27, 2018 11:59:12 PM net.sf.freecol.server.networking.Server sendToAll
INFO: Reap dead connection: [DummyConnection Server connection - model.nation.aztec]
Apr 27, 2018 11:59:12 PM net.sf.freecol.server.networking.Server sendToAll
INFO: Reap dead connection: [DummyConnection Server connection - model.nation.sioux]
Apr 27, 2018 11:59:12 PM net.sf.freecol.server.networking.Server sendToAll
INFO: Reap dead connection: [DummyConnection Server connection - model.nation.tupi]
Apr 27, 2018 11:59:12 PM net.sf.freecol.server.networking.Server sendToAll
INFO: Reap dead connection: [DummyConnection Server connection - model.nation.iroquois]
Apr 27, 2018 11:59:12 PM net.sf.freecol.server.networking.Server sendToAll
INFO: Reap dead connection: [DummyConnection Server connection - model.nation.arawak]
Apr 27, 2018 11:59:12 PM net.sf.freecol.server.networking.Server sendToAll
INFO: Reap dead connection: [DummyConnection Server connection - model.nation.cherokee]
Apr 27, 2018 11:59:12 PM net.sf.freecol.common.model.Specification applyDifficultyLevel
INFO: Applying difficulty level model.difficulty.medium
Apr 27, 2018 11:59:12 PM net.sf.freecol.common.FreeColSeed getFreeColSeed
INFO: Using seed: -4649183078787082809
Apr 27, 2018 11:59:12 PM net.sf.freecol.server.networking.Server sendToAll
INFO: Reap dead connection: [DummyConnection Server connection - model.nation.tupi]
Apr 27, 2018 11:59:12 PM net.sf.freecol.server.networking.Server sendToAll
INFO: Reap dead connection: [DummyConnection Server connection - model.nation.aztec]
Apr 27, 2018 11:59:12 PM net.sf.freecol.server.networking.Server sendToAll
INFO: Reap dead connection: [DummyConnection Server connection - model.nation.dutch]
Apr 27, 2018 11:59:12 PM net.sf.freecol.server.networking.Server sendToAll
INFO: Reap dead connection: [DummyConnection Server connection - model.nation.spanish]
Apr 27, 2018 11:59:12 PM net.sf.freecol.server.networking.Server sendToAll
INFO: Reap dead connection: [DummyConnection Server connection - model.nation.english]
Apr 27, 2018 11:59:12 PM net.sf.freecol.server.networking.Server sendToAll
INFO: Reap dead connection: [DummyConnection Server connection - model.nation.inca]
Apr 27, 2018 11:59:12 PM net.sf.freecol.server.networking.Server sendToAll
INFO: Reap dead connection: [DummyConnection Server connection - model.nation.sioux]
Apr 27, 2018 11:59:12 PM net.sf.freecol.server.networking.Server sendToAll
INFO: Reap dead connection: [DummyConnection Server connection - model.nation.apache]
Apr 27, 2018 11:59:12 PM net.sf.freecol.server.networking.Server sendToAll
INFO: Reap dead connection: [DummyConnection Server connection - model.nation.cherokee]
Apr 27, 2018 11:59:12 PM net.sf.freecol.server.networking.Server sendToAll
INFO: Reap dead connection: [DummyConnection Server connection - model.nation.french]
Apr 27, 2018 11:59:12 PM net.sf.freecol.server.networking.Server sendToAll
INFO: Reap dead connection: [DummyConnection Server connection - model.nation.arawak]
Apr 27, 2018 11:59:12 PM net.sf.freecol.server.networking.Server sendToAll
INFO: Reap dead connection: [DummyConnection Server connection - model.nation.iroquois]
Apr 27, 2018 11:59:12 PM net.sf.freecol.common.model.Specification applyDifficultyLevel
INFO: Applying difficulty level model.difficulty.medium
Apr 27, 2018 11:59:12 PM net.sf.freecol.common.FreeColSeed getFreeColSeed
INFO: Using seed: -531349402722323865
Apr 27, 2018 11:59:12 PM net.sf.freecol.server.networking.Server sendToAll
INFO: Reap dead connection: [DummyConnection Server connection - model.nation.dutch]
Apr 27, 2018 11:59:12 PM net.sf.freecol.server.networking.Server sendToAll
INFO: Reap dead connection: [DummyConnection Server connection - model.nation.sioux]
Apr 27, 2018 11:59:12 PM net.sf.freecol.server.networking.Server sendToAll
INFO: Reap dead connection: [DummyConnection Server connection - model.nation.cherokee]
Apr 27, 2018 11:59:12 PM net.sf.freecol.server.networking.Server sendToAll
INFO: Reap dead connection: [DummyConnection Server connection - model.nation.arawak]
Apr 27, 2018 11:59:12 PM net.sf.freecol.server.networking.Server sendToAll
INFO: Reap dead connection: [DummyConnection Server connection - model.nation.iroquois]
Apr 27, 2018 11:59:12 PM net.sf.freecol.server.networking.Server sendToAll
INFO: Reap dead connection: [DummyConnection Server connection - model.nation.french]
Apr 27, 2018 11:59:12 PM net.sf.freecol.server.networking.Server sendToAll
INFO: Reap dead connection: [DummyConnection Server connection - model.nation.aztec]
Apr 27, 2018 11:59:12 PM net.sf.freecol.server.networking.Server sendToAll
INFO: Reap dead connection: [DummyConnection Server connection - model.nation.english]
Apr 27, 2018 11:59:12 PM net.sf.freecol.server.networking.Server sendToAll
INFO: Reap dead connection: [DummyConnection Server connection - model.nation.apache]
Apr 27, 2018 11:59:12 PM net.sf.freecol.server.networking.Server sendToAll
INFO: Reap dead connection: [DummyConnection Server connection - model.nation.spanish]
Apr 27, 2018 11:59:12 PM net.sf.freecol.server.networking.Server sendToAll
INFO: Reap dead connection: [DummyConnection Server connection - model.nation.inca]
Apr 27, 2018 11:59:12 PM net.sf.freecol.server.networking.Server sendToAll
INFO: Reap dead connection: [DummyConnection Server connection - model.nation.tupi]
Apr 27, 2018 11:59:12 PM net.sf.freecol.common.model.Specification applyDifficultyLevel
INFO: Applying difficulty level model.difficulty.medium
Apr 27, 2018 11:59:12 PM net.sf.freecol.common.FreeColSeed getFreeColSeed
INFO: Using seed: -1655700719697744705
Apr 27, 2018 11:59:12 PM net.sf.freecol.server.networking.Server sendToAll
INFO: Reap dead connection: [DummyConnection Server connection - model.nation.tupi]
Apr 27, 2018 11:59:12 PM net.sf.freecol.server.networking.Server sendToAll
INFO: Reap dead connection: [DummyConnection Server connection - model.nation.inca]
Apr 27, 2018 11:59:12 PM net.sf.freecol.server.networking.Server sendToAll
INFO: Reap dead connection: [DummyConnection Server connection - model.nation.aztec]
Apr 27, 2018 11:59:12 PM net.sf.freecol.server.networking.Server sendToAll
INFO: Reap dead connection: [DummyConnection Server connection - model.nation.cherokee]
Apr 27, 2018 11:59:12 PM net.sf.freecol.server.networking.Server sendToAll
INFO: Reap dead connection: [DummyConnection Server connection - model.nation.apache]
Apr 27, 2018 11:59:12 PM net.sf.freecol.server.networking.Server sendToAll
INFO: Reap dead connection: [DummyConnection Server connection - model.nation.dutch]
Apr 27, 2018 11:59:12 PM net.sf.freecol.server.networking.Server sendToAll
INFO: Reap dead connection: [DummyConnection Server connection - model.nation.english]
Apr 27, 2018 11:59:12 PM net.sf.freecol.server.networking.Server sendToAll
INFO: Reap dead connection: [DummyConnection Server connection - model.nation.french]
Apr 27, 2018 11:59:12 PM net.sf.freecol.server.networking.Server sendToAll
INFO: Reap dead connection: [DummyConnection Server connection - model.nation.spanish]
Apr 27, 2018 11:59:12 PM net.sf.freecol.server.networking.Server sendToAll
INFO: Reap dead connection: [DummyConnection Server connection - model.nation.iroquois]
Apr 27, 2018 11:59:12 PM net.sf.freecol.server.networking.Server sendToAll
INFO: Reap dead connection: [DummyConnection Server connection - model.nation.sioux]
Apr 27, 2018 11:59:12 PM net.sf.freecol.server.networking.Server sendToAll
INFO: Reap dead connection: [DummyConnection Server connection - model.nation.arawak]
Apr 27, 2018 11:59:12 PM net.sf.freecol.common.model.Specification applyDifficultyLevel
INFO: Applying difficulty level model.difficulty.medium
Apr 27, 2018 11:59:12 PM net.sf.freecol.common.FreeColSeed getFreeColSeed
INFO: Using seed: 1612667575567774676
Apr 27, 2018 11:59:12 PM net.sf.freecol.server.networking.Server sendToAll
INFO: Reap dead connection: [DummyConnection Server connection - model.nation.arawak]
Apr 27, 2018 11:59:12 PM net.sf.freecol.server.networking.Server sendToAll
INFO: Reap dead connection: [DummyConnection Server connection - model.nation.tupi]
Apr 27, 2018 11:59:12 PM net.sf.freecol.server.networking.Server sendToAll
INFO: Reap dead connection: [DummyConnection Server connection - model.nation.dutch]
Apr 27, 2018 11:59:12 PM net.sf.freecol.server.networking.Server sendToAll
INFO: Reap dead connection: [DummyConnection Server connection - model.nation.sioux]
Apr 27, 2018 11:59:12 PM net.sf.freecol.server.networking.Server sendToAll
INFO: Reap dead connection: [DummyConnection Server connection - model.nation.french]
Apr 27, 2018 11:59:12 PM net.sf.freecol.server.networking.Server sendToAll
INFO: Reap dead connection: [DummyConnection Server connection - model.nation.iroquois]
Apr 27, 2018 11:59:12 PM net.sf.freecol.server.networking.Server sendToAll
INFO: Reap dead connection: [DummyConnection Server connection - model.nation.english]
Apr 27, 2018 11:59:12 PM net.sf.freecol.server.networking.Server sendToAll
INFO: Reap dead connection: [DummyConnection Server connection - model.nation.apache]
Apr 27, 2018 11:59:12 PM net.sf.freecol.server.networking.Server sendToAll
INFO: Reap dead connection: [DummyConnection Server connection - model.nation.aztec]
Apr 27, 2018 11:59:12 PM net.sf.freecol.server.networking.Server sendToAll
INFO: Reap dead connection: [DummyConnection Server connection - model.nation.spanish]
Apr 27, 2018 11:59:12 PM net.sf.freecol.server.networking.Server sendToAll
INFO: Reap dead connection: [DummyConnection Server connection - model.nation.inca]
Apr 27, 2018 11:59:12 PM net.sf.freecol.server.networking.Server sendToAll
INFO: Reap dead connection: [DummyConnection Server connection - model.nation.cherokee]
Apr 27, 2018 11:59:12 PM net.sf.freecol.common.model.Specification applyDifficultyLevel
INFO: Applying difficulty level model.difficulty.medium
Apr 27, 2018 11:59:12 PM net.sf.freecol.common.FreeColSeed getFreeColSeed
INFO: Using seed: 5741610634334568134
Apr 27, 2018 11:59:12 PM net.sf.freecol.server.networking.Server sendToAll
INFO: Reap dead connection: [DummyConnection Server connection - model.nation.arawak]
Apr 27, 2018 11:59:12 PM net.sf.freecol.server.networking.Server sendToAll
INFO: Reap dead connection: [DummyConnection Server connection - model.nation.cherokee]
Apr 27, 2018 11:59:12 PM net.sf.freecol.server.networking.Server sendToAll
INFO: Reap dead connection: [DummyConnection Server connection - model.nation.aztec]
Apr 27, 2018 11:59:12 PM net.sf.freecol.server.networking.Server sendToAll
INFO: Reap dead connection: [DummyConnection Server connection - model.nation.tupi]
Apr 27, 2018 11:59:12 PM net.sf.freecol.server.networking.Server sendToAll
INFO: Reap dead connection: [DummyConnection Server connection - model.nation.iroquois]
Apr 27, 2018 11:59:12 PM net.sf.freecol.server.networking.Server sendToAll
INFO: Reap dead connection: [DummyConnection Server connection - model.nation.english]
Apr 27, 2018 11:59:12 PM net.sf.freecol.server.networking.Server sendToAll
INFO: Reap dead connection: [DummyConnection Server connection - model.nation.dutch]
Apr 27, 2018 11:59:12 PM net.sf.freecol.server.networking.Server sendToAll
INFO: Reap dead connection: [DummyConnection Server connection - model.nation.spanish]
Apr 27, 2018 11:59:12 PM net.sf.freecol.server.networking.Server sendToAll
INFO: Reap dead connection: [DummyConnection Server connection - model.nation.sioux]
Apr 27, 2018 11:59:12 PM net.sf.freecol.server.networking.Server sendToAll
INFO: Reap dead connection: [DummyConnection Server connection - model.nation.apache]
Apr 27, 2018 11:59:12 PM net.sf.freecol.server.networking.Server sendToAll
INFO: Reap dead connection: [DummyConnection Server connection - model.nation.french]
Apr 27, 2018 11:59:12 PM net.sf.freecol.server.networking.Server sendToAll
INFO: Reap dead connection: [DummyConnection Server connection - model.nation.inca]
Apr 27, 2018 11:59:12 PM net.sf.freecol.common.model.Specification applyDifficultyLevel
INFO: Applying difficulty level model.difficulty.medium
Apr 27, 2018 11:59:12 PM net.sf.freecol.common.FreeColSeed getFreeColSeed
INFO: Using seed: 2816616384683152148
Apr 27, 2018 11:59:12 PM net.sf.freecol.server.networking.Server sendToAll
INFO: Reap dead connection: [DummyConnection Server connection - model.nation.inca]
Apr 27, 2018 11:59:12 PM net.sf.freecol.server.networking.Server sendToAll
INFO: Reap dead connection: [DummyConnection Server connection - model.nation.french]
Apr 27, 2018 11:59:12 PM net.sf.freecol.server.networking.Server sendToAll
INFO: Reap dead connection: [DummyConnection Server connection - model.nation.dutch]
Apr 27, 2018 11:59:12 PM net.sf.freecol.server.networking.Server sendToAll
INFO: Reap dead connection: [DummyConnection Server connection - model.nation.spanish]
Apr 27, 2018 11:59:12 PM net.sf.freecol.server.networking.Server sendToAll
INFO: Reap dead connection: [DummyConnection Server connection - model.nation.cherokee]
Apr 27, 2018 11:59:12 PM net.sf.freecol.server.networking.Server sendToAll
INFO: Reap dead connection: [DummyConnection Server connection - model.nation.iroquois]
Apr 27, 2018 11:59:12 PM net.sf.freecol.server.networking.Server sendToAll
INFO: Reap dead connection: [DummyConnection Server connection - model.nation.tupi]
Apr 27, 2018 11:59:12 PM net.sf.freecol.server.networking.Server sendToAll
INFO: Reap dead connection: [DummyConnection Server connection - model.nation.english]
Apr 27, 2018 11:59:12 PM net.sf.freecol.server.networking.Server sendToAll
INFO: Reap dead connection: [DummyConnection Server connection - model.nation.apache]
Apr 27, 2018 11:59:12 PM net.sf.freecol.server.networking.Server sendToAll
INFO: Reap dead connection: [DummyConnection Server connection - model.nation.sioux]
Apr 27, 2018 11:59:12 PM net.sf.freecol.server.networking.Server sendToAll
INFO: Reap dead connection: [DummyConnection Server connection - model.nation.arawak]
Apr 27, 2018 11:59:12 PM net.sf.freecol.server.networking.Server sendToAll
INFO: Reap dead connection: [DummyConnection Server connection - model.nation.aztec]
Apr 27, 2018 11:59:12 PM net.sf.freecol.common.model.Specification applyDifficultyLevel
INFO: Applying difficulty level model.difficulty.medium
Apr 27, 2018 11:59:12 PM net.sf.freecol.common.FreeColSeed getFreeColSeed
INFO: Using seed: 5793210279589191296
Apr 27, 2018 11:59:12 PM net.sf.freecol.server.networking.Server sendToAll
INFO: Reap dead connection: [DummyConnection Server connection - model.nation.french]
Apr 27, 2018 11:59:12 PM net.sf.freecol.server.networking.Server sendToAll
INFO: Reap dead connection: [DummyConnection Server connection - model.nation.apache]
Apr 27, 2018 11:59:12 PM net.sf.freecol.server.networking.Server sendToAll
INFO: Reap dead connection: [DummyConnection Server connection - model.nation.tupi]
Apr 27, 2018 11:59:12 PM net.sf.freecol.server.networking.Server sendToAll
INFO: Reap dead connection: [DummyConnection Server connection - model.nation.sioux]
Apr 27, 2018 11:59:12 PM net.sf.freecol.server.networking.Server sendToAll
INFO: Reap dead connection: [DummyConnection Server connection - model.nation.cherokee]
Apr 27, 2018 11:59:12 PM net.sf.freecol.server.networking.Server sendToAll
INFO: Reap dead connection: [DummyConnection Server connection - model.nation.inca]
Apr 27, 2018 11:59:12 PM net.sf.freecol.server.networking.Server sendToAll
INFO: Reap dead connection: [DummyConnection Server connection - model.nation.iroquois]
Apr 27, 2018 11:59:12 PM net.sf.freecol.server.networking.Server sendToAll
INFO: Reap dead connection: [DummyConnection Server connection - model.nation.arawak]
Apr 27, 2018 11:59:12 PM net.sf.freecol.server.networking.Server sendToAll
INFO: Reap dead connection: [DummyConnection Server connection - model.nation.dutch]
Apr 27, 2018 11:59:12 PM net.sf.freecol.server.networking.Server sendToAll
INFO: Reap dead connection: [DummyConnection Server connection - model.nation.english]
Apr 27, 2018 11:59:12 PM net.sf.freecol.server.networking.Server sendToAll
INFO: Reap dead connection: [DummyConnection Server connection - model.nation.aztec]
Apr 27, 2018 11:59:12 PM net.sf.freecol.server.networking.Server sendToAll
INFO: Reap dead connection: [DummyConnection Server connection - model.nation.spanish]
Apr 27, 2018 11:59:12 PM net.sf.freecol.common.model.Specification applyDifficultyLevel
INFO: Applying difficulty level model.difficulty.medium
Apr 27, 2018 11:59:12 PM net.sf.freecol.common.FreeColSeed getFreeColSeed
INFO: Using seed: -7663252360196850341
Apr 27, 2018 11:59:12 PM net.sf.freecol.server.networking.Server sendToAll
INFO: Reap dead connection: [DummyConnection Server connection - model.nation.french]
Apr 27, 2018 11:59:12 PM net.sf.freecol.server.networking.Server sendToAll
INFO: Reap dead connection: [DummyConnection Server connection - model.nation.sioux]
Apr 27, 2018 11:59:12 PM net.sf.freecol.server.networking.Server sendToAll
INFO: Reap dead connection: [DummyConnection Server connection - model.nation.iroquois]
Apr 27, 2018 11:59:12 PM net.sf.freecol.server.networking.Server sendToAll
INFO: Reap dead connection: [DummyConnection Server connection - model.nation.dutch]
Apr 27, 2018 11:59:12 PM net.sf.freecol.server.networking.Server sendToAll
INFO: Reap dead connection: [DummyConnection Server connection - model.nation.arawak]
Apr 27, 2018 11:59:12 PM net.sf.freecol.server.networking.Server sendToAll
INFO: Reap dead connection: [DummyConnection Server connection - model.nation.inca]
Apr 27, 2018 11:59:12 PM net.sf.freecol.server.networking.Server sendToAll
INFO: Reap dead connection: [DummyConnection Server connection - model.nation.aztec]
Apr 27, 2018 11:59:12 PM net.sf.freecol.server.networking.Server sendToAll
INFO: Reap dead connection: [DummyConnection Server connection - model.nation.tupi]
Apr 27, 2018 11:59:12 PM net.sf.freecol.server.networking.Server sendToAll
INFO: Reap dead connection: [DummyConnection Server connection - model.nation.english]
Apr 27, 2018 11:59:12 PM net.sf.freecol.server.networking.Server sendToAll
INFO: Reap dead connection: [DummyConnection Server connection - model.nation.cherokee]
Apr 27, 2018 11:59:12 PM net.sf.freecol.server.networking.Server sendToAll
INFO: Reap dead connection: [DummyConnection Server connection - model.nation.apache]
Apr 27, 2018 11:59:12 PM net.sf.freecol.server.networking.Server sendToAll
INFO: Reap dead connection: [DummyConnection Server connection - model.nation.spanish]
Apr 27, 2018 11:59:12 PM net.sf.freecol.common.model.Specification applyDifficultyLevel
INFO: Applying difficulty level model.difficulty.medium
Apr 27, 2018 11:59:12 PM net.sf.freecol.common.FreeColSeed getFreeColSeed
INFO: Using seed: 1762901863817423080
Apr 27, 2018 11:59:12 PM net.sf.freecol.server.networking.Server sendToAll
INFO: Reap dead connection: [DummyConnection Server connection - model.nation.english]
Apr 27, 2018 11:59:12 PM net.sf.freecol.server.networking.Server sendToAll
INFO: Reap dead connection: [DummyConnection Server connection - model.nation.tupi]
Apr 27, 2018 11:59:12 PM net.sf.freecol.server.networking.Server sendToAll
INFO: Reap dead connection: [DummyConnection Server connection - model.nation.sioux]
Apr 27, 2018 11:59:12 PM net.sf.freecol.server.networking.Server sendToAll
INFO: Reap dead connection: [DummyConnection Server connection - model.nation.aztec]
Apr 27, 2018 11:59:12 PM net.sf.freecol.server.networking.Server sendToAll
INFO: Reap dead connection: [DummyConnection Server connection - model.nation.cherokee]
Apr 27, 2018 11:59:12 PM net.sf.freecol.server.networking.Server sendToAll
INFO: Reap dead connection: [DummyConnection Server connection - model.nation.french]
Apr 27, 2018 11:59:12 PM net.sf.freecol.server.networking.Server sendToAll
INFO: Reap dead connection: [DummyConnection Server connection - model.nation.iroquois]
Apr 27, 2018 11:59:12 PM net.sf.freecol.server.networking.Server sendToAll
INFO: Reap dead connection: [DummyConnection Server connection - model.nation.apache]
Apr 27, 2018 11:59:12 PM net.sf.freecol.server.networking.Server sendToAll
INFO: Reap dead connection: [DummyConnection Server connection - model.nation.inca]
Apr 27, 2018 11:59:12 PM net.sf.freecol.server.networking.Server sendToAll
INFO: Reap dead connection: [DummyConnection Server connection - model.nation.dutch]
Apr 27, 2018 11:59:12 PM net.sf.freecol.server.networking.Server sendToAll
INFO: Reap dead connection: [DummyConnection Server connection - model.nation.arawak]
Apr 27, 2018 11:59:12 PM net.sf.freecol.server.networking.Server sendToAll
INFO: Reap dead connection: [DummyConnection Server connection - model.nation.spanish]
Apr 27, 2018 11:59:12 PM net.sf.freecol.common.model.Specification applyDifficultyLevel
INFO: Applying difficulty level model.difficulty.medium
Apr 27, 2018 11:59:12 PM net.sf.freecol.common.FreeColSeed getFreeColSeed
INFO: Using seed: 1507154686474379877
Apr 27, 2018 11:59:12 PM net.sf.freecol.server.networking.Server sendToAll
INFO: Reap dead connection: [DummyConnection Server connection - model.nation.tupi]
Apr 27, 2018 11:59:12 PM net.sf.freecol.server.networking.Server sendToAll
INFO: Reap dead connection: [DummyConnection Server connection - model.nation.apache]
Apr 27, 2018 11:59:12 PM net.sf.freecol.server.networking.Server sendToAll
INFO: Reap dead connection: [DummyConnection Server connection - model.nation.sioux]
Apr 27, 2018 11:59:12 PM net.sf.freecol.server.networking.Server sendToAll
INFO: Reap dead connection: [DummyConnection Server connection - model.nation.cherokee]
Apr 27, 2018 11:59:12 PM net.sf.freecol.server.networking.Server sendToAll
INFO: Reap dead connection: [DummyConnection Server connection - model.nation.french]
Apr 27, 2018 11:59:12 PM net.sf.freecol.server.networking.Server sendToAll
INFO: Reap dead connection: [DummyConnection Server connection - model.nation.iroquois]
Apr 27, 2018 11:59:12 PM net.sf.freecol.server.networking.Server sendToAll
INFO: Reap dead connection: [DummyConnection Server connection - model.nation.dutch]
Apr 27, 2018 11:59:12 PM net.sf.freecol.server.networking.Server sendToAll
INFO: Reap dead connection: [DummyConnection Server connection - model.nation.inca]
Apr 27, 2018 11:59:12 PM net.sf.freecol.server.networking.Server sendToAll
INFO: Reap dead connection: [DummyConnection Server connection - model.nation.spanish]
Apr 27, 2018 11:59:12 PM net.sf.freecol.server.networking.Server sendToAll
INFO: Reap dead connection: [DummyConnection Server connection - model.nation.arawak]
Apr 27, 2018 11:59:12 PM net.sf.freecol.server.networking.Server sendToAll
INFO: Reap dead connection: [DummyConnection Server connection - model.nation.aztec]
Apr 27, 2018 11:59:12 PM net.sf.freecol.server.networking.Server sendToAll
INFO: Reap dead connection: [DummyConnection Server connection - model.nation.english]
Apr 27, 2018 11:59:12 PM net.sf.freecol.common.model.Specification applyDifficultyLevel
INFO: Applying difficulty level model.difficulty.medium
Apr 27, 2018 11:59:12 PM net.sf.freecol.common.FreeColSeed getFreeColSeed
INFO: Using seed: 3523616812579783063
Apr 27, 2018 11:59:12 PM net.sf.freecol.server.networking.Server sendToAll
INFO: Reap dead connection: [DummyConnection Server connection - model.nation.aztec]
Apr 27, 2018 11:59:12 PM net.sf.freecol.server.networking.Server sendToAll
INFO: Reap dead connection: [DummyConnection Server connection - model.nation.arawak]
Apr 27, 2018 11:59:12 PM net.sf.freecol.server.networking.Server sendToAll
INFO: Reap dead connection: [DummyConnection Server connection - model.nation.tupi]
Apr 27, 2018 11:59:12 PM net.sf.freecol.server.networking.Server sendToAll
INFO: Reap dead connection: [DummyConnection Server connection - model.nation.spanish]
Apr 27, 2018 11:59:12 PM net.sf.freecol.server.networking.Server sendToAll
INFO: Reap dead connection: [DummyConnection Server connection - model.nation.sioux]
Apr 27, 2018 11:59:12 PM net.sf.freecol.server.networking.Server sendToAll
INFO: Reap dead connection: [DummyConnection Server connection - model.nation.english]
Apr 27, 2018 11:59:12 PM net.sf.freecol.server.networking.Server sendToAll
INFO: Reap dead connection: [DummyConnection Server connection - model.nation.inca]
Apr 27, 2018 11:59:12 PM net.sf.freecol.server.networking.Server sendToAll
INFO: Reap dead connection: [DummyConnection Server connection - model.nation.cherokee]
Apr 27, 2018 11:59:12 PM net.sf.freecol.server.networking.Server sendToAll
INFO: Reap dead connection: [DummyConnection Server connection - model.nation.dutch]
Apr 27, 2018 11:59:12 PM net.sf.freecol.server.networking.Server sendToAll
INFO: Reap dead connection: [DummyConnection Server connection - model.nation.iroquois]
Apr 27, 2018 11:59:12 PM net.sf.freecol.server.networking.Server sendToAll
INFO: Reap dead connection: [DummyConnection Server connection - model.nation.french]
Apr 27, 2018 11:59:12 PM net.sf.freecol.server.networking.Server sendToAll
INFO: Reap dead connection: [DummyConnection Server connection - model.nation.apache]
Apr 27, 2018 11:59:12 PM net.sf.freecol.common.model.Specification applyDifficultyLevel
INFO: Applying difficulty level model.difficulty.medium
Apr 27, 2018 11:59:12 PM net.sf.freecol.common.FreeColSeed getFreeColSeed
INFO: Using seed: -614975449775141897
Apr 27, 2018 11:59:12 PM net.sf.freecol.server.networking.Server sendToAll
INFO: Reap dead connection: [DummyConnection Server connection - model.nation.sioux]
Apr 27, 2018 11:59:12 PM net.sf.freecol.server.networking.Server sendToAll
INFO: Reap dead connection: [DummyConnection Server connection - model.nation.arawak]
Apr 27, 2018 11:59:12 PM net.sf.freecol.server.networking.Server sendToAll
INFO: Reap dead connection: [DummyConnection Server connection - model.nation.aztec]
Apr 27, 2018 11:59:12 PM net.sf.freecol.server.networking.Server sendToAll
INFO: Reap dead connection: [DummyConnection Server connection - model.nation.dutch]
Apr 27, 2018 11:59:12 PM net.sf.freecol.server.networking.Server sendToAll
INFO: Reap dead connection: [DummyConnection Server connection - model.nation.tupi]
Apr 27, 2018 11:59:12 PM net.sf.freecol.server.networking.Server sendToAll
INFO: Reap dead connection: [DummyConnection Server connection - model.nation.spanish]
Apr 27, 2018 11:59:12 PM net.sf.freecol.server.networking.Server sendToAll
INFO: Reap dead connection: [DummyConnection Server connection - model.nation.cherokee]
Apr 27, 2018 11:59:12 PM net.sf.freecol.server.networking.Server sendToAll
INFO: Reap dead connection: [DummyConnection Server connection - model.nation.iroquois]
Apr 27, 2018 11:59:12 PM net.sf.freecol.server.networking.Server sendToAll
INFO: Reap dead connection: [DummyConnection Server connection - model.nation.apache]
Apr 27, 2018 11:59:12 PM net.sf.freecol.server.networking.Server sendToAll
INFO: Reap dead connection: [DummyConnection Server connection - model.nation.inca]
Apr 27, 2018 11:59:12 PM net.sf.freecol.server.networking.Server sendToAll
INFO: Reap dead connection: [DummyConnection Server connection - model.nation.english]
Apr 27, 2018 11:59:12 PM net.sf.freecol.server.networking.Server sendToAll
INFO: Reap dead connection: [DummyConnection Server connection - model.nation.french]
Apr 27, 2018 11:59:12 PM net.sf.freecol.common.model.Specification applyDifficultyLevel
INFO: Applying difficulty level model.difficulty.medium
Apr 27, 2018 11:59:12 PM net.sf.freecol.common.FreeColSeed getFreeColSeed
INFO: Using seed: 4720199290948421816
Apr 27, 2018 11:59:12 PM net.sf.freecol.server.networking.Server sendToAll
INFO: Reap dead connection: [DummyConnection Server connection - model.nation.aztec]
Apr 27, 2018 11:59:12 PM net.sf.freecol.server.networking.Server sendToAll
INFO: Reap dead connection: [DummyConnection Server connection - model.nation.tupi]
Apr 27, 2018 11:59:12 PM net.sf.freecol.server.networking.Server sendToAll
INFO: Reap dead connection: [DummyConnection Server connection - model.nation.spanish]
Apr 27, 2018 11:59:12 PM net.sf.freecol.server.networking.Server sendToAll
INFO: Reap dead connection: [DummyConnection Server connection - model.nation.inca]
Apr 27, 2018 11:59:12 PM net.sf.freecol.server.networking.Server sendToAll
INFO: Reap dead connection: [DummyConnection Server connection - model.nation.cherokee]
Apr 27, 2018 11:59:12 PM net.sf.freecol.server.networking.Server sendToAll
INFO: Reap dead connection: [DummyConnection Server connection - model.nation.sioux]
Apr 27, 2018 11:59:12 PM net.sf.freecol.server.networking.Server sendToAll
INFO: Reap dead connection: [DummyConnection Server connection - model.nation.french]
Apr 27, 2018 11:59:12 PM net.sf.freecol.server.networking.Server sendToAll
INFO: Reap dead connection: [DummyConnection Server connection - model.nation.iroquois]
Apr 27, 2018 11:59:12 PM net.sf.freecol.server.networking.Server sendToAll
INFO: Reap dead connection: [DummyConnection Server connection - model.nation.dutch]
Apr 27, 2018 11:59:12 PM net.sf.freecol.server.networking.Server sendToAll
INFO: Reap dead connection: [DummyConnection Server connection - model.nation.arawak]
Apr 27, 2018 11:59:12 PM net.sf.freecol.server.networking.Server sendToAll
INFO: Reap dead connection: [DummyConnection Server connection - model.nation.english]
Apr 27, 2018 11:59:12 PM net.sf.freecol.server.networking.Server sendToAll
INFO: Reap dead connection: [DummyConnection Server connection - model.nation.apache]
Apr 27, 2018 11:59:12 PM net.sf.freecol.common.model.Specification applyDifficultyLevel
INFO: Applying difficulty level model.difficulty.medium
Apr 27, 2018 11:59:12 PM net.sf.freecol.common.FreeColSeed getFreeColSeed
INFO: Using seed: -3125890299534805892
Apr 27, 2018 11:59:12 PM net.sf.freecol.server.networking.Server sendToAll
INFO: Reap dead connection: [DummyConnection Server connection - model.nation.english]
Apr 27, 2018 11:59:12 PM net.sf.freecol.server.networking.Server sendToAll
INFO: Reap dead connection: [DummyConnection Server connection - model.nation.arawak]
Apr 27, 2018 11:59:12 PM net.sf.freecol.server.networking.Server sendToAll
INFO: Reap dead connection: [DummyConnection Server connection - model.nation.iroquois]
Apr 27, 2018 11:59:12 PM net.sf.freecol.server.networking.Server sendToAll
INFO: Reap dead connection: [DummyConnection Server connection - model.nation.dutch]
Apr 27, 2018 11:59:12 PM net.sf.freecol.server.networking.Server sendToAll
INFO: Reap dead connection: [DummyConnection Server connection - model.nation.aztec]
Apr 27, 2018 11:59:12 PM net.sf.freecol.server.networking.Server sendToAll
INFO: Reap dead connection: [DummyConnection Server connection - model.nation.apache]
Apr 27, 2018 11:59:12 PM net.sf.freecol.server.networking.Server sendToAll
INFO: Reap dead connection: [DummyConnection Server connection - model.nation.tupi]
Apr 27, 2018 11:59:12 PM net.sf.freecol.server.networking.Server sendToAll
INFO: Reap dead connection: [DummyConnection Server connection - model.nation.inca]
Apr 27, 2018 11:59:12 PM net.sf.freecol.server.networking.Server sendToAll
INFO: Reap dead connection: [DummyConnection Server connection - model.nation.french]
Apr 27, 2018 11:59:12 PM net.sf.freecol.server.networking.Server sendToAll
INFO: Reap dead connection: [DummyConnection Server connection - model.nation.spanish]
Apr 27, 2018 11:59:12 PM net.sf.freecol.server.networking.Server sendToAll
INFO: Reap dead connection: [DummyConnection Server connection - model.nation.cherokee]
Apr 27, 2018 11:59:12 PM net.sf.freecol.server.networking.Server sendToAll
INFO: Reap dead connection: [DummyConnection Server connection - model.nation.sioux]
Apr 27, 2018 11:59:12 PM net.sf.freecol.common.model.Specification applyDifficultyLevel
INFO: Applying difficulty level model.difficulty.medium
Apr 27, 2018 11:59:12 PM net.sf.freecol.common.FreeColSeed getFreeColSeed
INFO: Using seed: 720482542676358347
Apr 27, 2018 11:59:12 PM net.sf.freecol.server.networking.Server sendToAll
INFO: Reap dead connection: [DummyConnection Server connection - model.nation.cherokee]
Apr 27, 2018 11:59:12 PM net.sf.freecol.server.networking.Server sendToAll
INFO: Reap dead connection: [DummyConnection Server connection - model.nation.iroquois]
Apr 27, 2018 11:59:12 PM net.sf.freecol.server.networking.Server sendToAll
INFO: Reap dead connection: [DummyConnection Server connection - model.nation.arawak]
Apr 27, 2018 11:59:12 PM net.sf.freecol.server.networking.Server sendToAll
INFO: Reap dead connection: [DummyConnection Server connection - model.nation.sioux]
Apr 27, 2018 11:59:12 PM net.sf.freecol.server.networking.Server sendToAll
INFO: Reap dead connection: [DummyConnection Server connection - model.nation.dutch]
Apr 27, 2018 11:59:12 PM net.sf.freecol.server.networking.Server sendToAll
INFO: Reap dead connection: [DummyConnection Server connection - model.nation.tupi]
Apr 27, 2018 11:59:12 PM net.sf.freecol.server.networking.Server sendToAll
INFO: Reap dead connection: [DummyConnection Server connection - model.nation.french]
Apr 27, 2018 11:59:12 PM net.sf.freecol.server.networking.Server sendToAll
INFO: Reap dead connection: [DummyConnection Server connection - model.nation.apache]
Apr 27, 2018 11:59:12 PM net.sf.freecol.server.networking.Server sendToAll
INFO: Reap dead connection: [DummyConnection Server connection - model.nation.english]
Apr 27, 2018 11:59:12 PM net.sf.freecol.server.networking.Server sendToAll
INFO: Reap dead connection: [DummyConnection Server connection - model.nation.inca]
Apr 27, 2018 11:59:12 PM net.sf.freecol.server.networking.Server sendToAll
INFO: Reap dead connection: [DummyConnection Server connection - model.nation.spanish]
Apr 27, 2018 11:59:12 PM net.sf.freecol.server.networking.Server sendToAll
INFO: Reap dead connection: [DummyConnection Server connection - model.nation.aztec]
Apr 27, 2018 11:59:12 PM net.sf.freecol.common.model.Specification applyDifficultyLevel
INFO: Applying difficulty level model.difficulty.medium
Apr 27, 2018 11:59:12 PM net.sf.freecol.common.FreeColSeed getFreeColSeed
INFO: Using seed: -6723885803018145157
Apr 27, 2018 11:59:12 PM net.sf.freecol.server.networking.Server sendToAll
INFO: Reap dead connection: [DummyConnection Server connection - model.nation.tupi]
Apr 27, 2018 11:59:12 PM net.sf.freecol.server.networking.Server sendToAll
INFO: Reap dead connection: [DummyConnection Server connection - model.nation.english]
Apr 27, 2018 11:59:12 PM net.sf.freecol.server.networking.Server sendToAll
INFO: Reap dead connection: [DummyConnection Server connection - model.nation.apache]
Apr 27, 2018 11:59:12 PM net.sf.freecol.server.networking.Server sendToAll
INFO: Reap dead connection: [DummyConnection Server connection - model.nation.cherokee]
Apr 27, 2018 11:59:12 PM net.sf.freecol.server.networking.Server sendToAll
INFO: Reap dead connection: [DummyConnection Server connection - model.nation.spanish]
Apr 27, 2018 11:59:12 PM net.sf.freecol.server.networking.Server sendToAll
INFO: Reap dead connection: [DummyConnection Server connection - model.nation.inca]
Apr 27, 2018 11:59:12 PM net.sf.freecol.server.networking.Server sendToAll
INFO: Reap dead connection: [DummyConnection Server connection - model.nation.iroquois]
Apr 27, 2018 11:59:12 PM net.sf.freecol.server.networking.Server sendToAll
INFO: Reap dead connection: [DummyConnection Server connection - model.nation.sioux]
Apr 27, 2018 11:59:12 PM net.sf.freecol.server.networking.Server sendToAll
INFO: Reap dead connection: [DummyConnection Server connection - model.nation.french]
Apr 27, 2018 11:59:12 PM net.sf.freecol.server.networking.Server sendToAll
INFO: Reap dead connection: [DummyConnection Server connection - model.nation.aztec]
Apr 27, 2018 11:59:12 PM net.sf.freecol.server.networking.Server sendToAll
INFO: Reap dead connection: [DummyConnection Server connection - model.nation.dutch]
Apr 27, 2018 11:59:12 PM net.sf.freecol.server.networking.Server sendToAll
INFO: Reap dead connection: [DummyConnection Server connection - model.nation.arawak]
Apr 27, 2018 11:59:12 PM net.sf.freecol.common.model.Specification applyDifficultyLevel
INFO: Applying difficulty level model.difficulty.medium
Apr 27, 2018 11:59:12 PM net.sf.freecol.common.FreeColSeed getFreeColSeed
INFO: Using seed: 5182618701867319657
Apr 27, 2018 11:59:12 PM net.sf.freecol.server.networking.Server sendToAll
INFO: Reap dead connection: [DummyConnection Server connection - model.nation.inca]
Apr 27, 2018 11:59:12 PM net.sf.freecol.server.networking.Server sendToAll
INFO: Reap dead connection: [DummyConnection Server connection - model.nation.tupi]
Apr 27, 2018 11:59:12 PM net.sf.freecol.server.networking.Server sendToAll
INFO: Reap dead connection: [DummyConnection Server connection - model.nation.aztec]
Apr 27, 2018 11:59:12 PM net.sf.freecol.server.networking.Server sendToAll
INFO: Reap dead connection: [DummyConnection Server connection - model.nation.arawak]
Apr 27, 2018 11:59:12 PM net.sf.freecol.server.networking.Server sendToAll
INFO: Reap dead connection: [DummyConnection Server connection - model.nation.french]
Apr 27, 2018 11:59:12 PM net.sf.freecol.server.networking.Server sendToAll
INFO: Reap dead connection: [DummyConnection Server connection - model.nation.iroquois]
Apr 27, 2018 11:59:12 PM net.sf.freecol.server.networking.Server sendToAll
INFO: Reap dead connection: [DummyConnection Server connection - model.nation.cherokee]
Apr 27, 2018 11:59:12 PM net.sf.freecol.server.networking.Server sendToAll
INFO: Reap dead connection: [DummyConnection Server connection - model.nation.sioux]
Apr 27, 2018 11:59:12 PM net.sf.freecol.server.networking.Server sendToAll
INFO: Reap dead connection: [DummyConnection Server connection - model.nation.dutch]
Apr 27, 2018 11:59:12 PM net.sf.freecol.server.networking.Server sendToAll
INFO: Reap dead connection: [DummyConnection Server connection - model.nation.english]
Apr 27, 2018 11:59:12 PM net.sf.freecol.server.networking.Server sendToAll
INFO: Reap dead connection: [DummyConnection Server connection - model.nation.apache]
Apr 27, 2018 11:59:12 PM net.sf.freecol.server.networking.Server sendToAll
INFO: Reap dead connection: [DummyConnection Server connection - model.nation.spanish]
Apr 27, 2018 11:59:12 PM net.sf.freecol.common.model.Specification applyDifficultyLevel
INFO: Applying difficulty level model.difficulty.medium
Apr 27, 2018 11:59:12 PM net.sf.freecol.common.FreeColSeed getFreeColSeed
INFO: Using seed: 7001195949225456204
Apr 27, 2018 11:59:13 PM net.sf.freecol.server.networking.Server sendToAll
INFO: Reap dead connection: [DummyConnection Server connection - model.nation.dutch]
Apr 27, 2018 11:59:13 PM net.sf.freecol.server.networking.Server sendToAll
INFO: Reap dead connection: [DummyConnection Server connection - model.nation.cherokee]
Apr 27, 2018 11:59:13 PM net.sf.freecol.server.networking.Server sendToAll
INFO: Reap dead connection: [DummyConnection Server connection - model.nation.tupi]
Apr 27, 2018 11:59:13 PM net.sf.freecol.server.networking.Server sendToAll
INFO: Reap dead connection: [DummyConnection Server connection - model.nation.french]
Apr 27, 2018 11:59:13 PM net.sf.freecol.server.networking.Server sendToAll
INFO: Reap dead connection: [DummyConnection Server connection - model.nation.english]
Apr 27, 2018 11:59:13 PM net.sf.freecol.server.networking.Server sendToAll
INFO: Reap dead connection: [DummyConnection Server connection - model.nation.spanish]
Apr 27, 2018 11:59:13 PM net.sf.freecol.server.networking.Server sendToAll
INFO: Reap dead connection: [DummyConnection Server connection - model.nation.iroquois]
Apr 27, 2018 11:59:13 PM net.sf.freecol.server.networking.Server sendToAll
INFO: Reap dead connection: [DummyConnection Server connection - model.nation.arawak]
Apr 27, 2018 11:59:13 PM net.sf.freecol.server.networking.Server sendToAll
INFO: Reap dead connection: [DummyConnection Server connection - model.nation.aztec]
Apr 27, 2018 11:59:13 PM net.sf.freecol.server.networking.Server sendToAll
INFO: Reap dead connection: [DummyConnection Server connection - model.nation.sioux]
Apr 27, 2018 11:59:13 PM net.sf.freecol.server.networking.Server sendToAll
INFO: Reap dead connection: [DummyConnection Server connection - model.nation.apache]
Apr 27, 2018 11:59:13 PM net.sf.freecol.server.networking.Server sendToAll
INFO: Reap dead connection: [DummyConnection Server connection - model.nation.inca]
Apr 27, 2018 11:59:13 PM net.sf.freecol.common.model.Specification applyDifficultyLevel
INFO: Applying difficulty level model.difficulty.medium
Apr 27, 2018 11:59:13 PM net.sf.freecol.common.FreeColSeed getFreeColSeed
INFO: Using seed: 4374368740181908028
Apr 27, 2018 11:59:13 PM net.sf.freecol.server.networking.Server sendToAll
INFO: Reap dead connection: [DummyConnection Server connection - model.nation.tupi]
Apr 27, 2018 11:59:13 PM net.sf.freecol.server.networking.Server sendToAll
INFO: Reap dead connection: [DummyConnection Server connection - model.nation.inca]
Apr 27, 2018 11:59:13 PM net.sf.freecol.server.networking.Server sendToAll
INFO: Reap dead connection: [DummyConnection Server connection - model.nation.apache]
Apr 27, 2018 11:59:13 PM net.sf.freecol.server.networking.Server sendToAll
INFO: Reap dead connection: [DummyConnection Server connection - model.nation.dutch]
Apr 27, 2018 11:59:13 PM net.sf.freecol.server.networking.Server sendToAll
INFO: Reap dead connection: [DummyConnection Server connection - model.nation.french]
Apr 27, 2018 11:59:13 PM net.sf.freecol.server.networking.Server sendToAll
INFO: Reap dead connection: [DummyConnection Server connection - model.nation.iroquois]
Apr 27, 2018 11:59:13 PM net.sf.freecol.server.networking.Server sendToAll
INFO: Reap dead connection: [DummyConnection Server connection - model.nation.english]
Apr 27, 2018 11:59:13 PM net.sf.freecol.server.networking.Server sendToAll
INFO: Reap dead connection: [DummyConnection Server connection - model.nation.arawak]
Apr 27, 2018 11:59:13 PM net.sf.freecol.server.networking.Server sendToAll
INFO: Reap dead connection: [DummyConnection Server connection - model.nation.spanish]
Apr 27, 2018 11:59:13 PM net.sf.freecol.server.networking.Server sendToAll
INFO: Reap dead connection: [DummyConnection Server connection - model.nation.aztec]
Apr 27, 2018 11:59:13 PM net.sf.freecol.server.networking.Server sendToAll
INFO: Reap dead connection: [DummyConnection Server connection - model.nation.cherokee]
Apr 27, 2018 11:59:13 PM net.sf.freecol.server.networking.Server sendToAll
INFO: Reap dead connection: [DummyConnection Server connection - model.nation.sioux]
Apr 27, 2018 11:59:13 PM net.sf.freecol.common.model.Specification applyDifficultyLevel
INFO: Applying difficulty level model.difficulty.medium
Apr 27, 2018 11:59:13 PM net.sf.freecol.common.FreeColSeed getFreeColSeed
INFO: Using seed: 7307903735527095236
Apr 27, 2018 11:59:13 PM net.sf.freecol.server.networking.Server sendToAll
INFO: Reap dead connection: [DummyConnection Server connection - model.nation.french]
Apr 27, 2018 11:59:13 PM net.sf.freecol.server.networking.Server sendToAll
INFO: Reap dead connection: [DummyConnection Server connection - model.nation.english]
Apr 27, 2018 11:59:13 PM net.sf.freecol.server.networking.Server sendToAll
INFO: Reap dead connection: [DummyConnection Server connection - model.nation.aztec]
Apr 27, 2018 11:59:13 PM net.sf.freecol.server.networking.Server sendToAll
INFO: Reap dead connection: [DummyConnection Server connection - model.nation.tupi]
Apr 27, 2018 11:59:13 PM net.sf.freecol.server.networking.Server sendToAll
INFO: Reap dead connection: [DummyConnection Server connection - model.nation.sioux]
Apr 27, 2018 11:59:13 PM net.sf.freecol.server.networking.Server sendToAll
INFO: Reap dead connection: [DummyConnection Server connection - model.nation.apache]
Apr 27, 2018 11:59:13 PM net.sf.freecol.server.networking.Server sendToAll
INFO: Reap dead connection: [DummyConnection Server connection - model.nation.spanish]
Apr 27, 2018 11:59:13 PM net.sf.freecol.server.networking.Server sendToAll
INFO: Reap dead connection: [DummyConnection Server connection - model.nation.iroquois]
Apr 27, 2018 11:59:13 PM net.sf.freecol.server.networking.Server sendToAll
INFO: Reap dead connection: [DummyConnection Server connection - model.nation.dutch]
Apr 27, 2018 11:59:13 PM net.sf.freecol.server.networking.Server sendToAll
INFO: Reap dead connection: [DummyConnection Server connection - model.nation.inca]
Apr 27, 2018 11:59:13 PM net.sf.freecol.server.networking.Server sendToAll
INFO: Reap dead connection: [DummyConnection Server connection - model.nation.cherokee]
Apr 27, 2018 11:59:13 PM net.sf.freecol.server.networking.Server sendToAll
INFO: Reap dead connection: [DummyConnection Server connection - model.nation.arawak]
Apr 27, 2018 11:59:13 PM net.sf.freecol.common.model.Specification applyDifficultyLevel
INFO: Applying difficulty level model.difficulty.medium
Apr 27, 2018 11:59:13 PM net.sf.freecol.common.FreeColSeed getFreeColSeed
INFO: Using seed: -8000130445104819937
Apr 27, 2018 11:59:13 PM net.sf.freecol.server.networking.Server sendToAll
INFO: Reap dead connection: [DummyConnection Server connection - model.nation.tupi]
Apr 27, 2018 11:59:13 PM net.sf.freecol.server.networking.Server sendToAll
INFO: Reap dead connection: [DummyConnection Server connection - model.nation.dutch]
Apr 27, 2018 11:59:13 PM net.sf.freecol.server.networking.Server sendToAll
INFO: Reap dead connection: [DummyConnection Server connection - model.nation.sioux]
Apr 27, 2018 11:59:13 PM net.sf.freecol.server.networking.Server sendToAll
INFO: Reap dead connection: [DummyConnection Server connection - model.nation.aztec]
Apr 27, 2018 11:59:13 PM net.sf.freecol.server.networking.Server sendToAll
INFO: Reap dead connection: [DummyConnection Server connection - model.nation.french]
Apr 27, 2018 11:59:13 PM net.sf.freecol.server.networking.Server sendToAll
INFO: Reap dead connection: [DummyConnection Server connection - model.nation.english]
Apr 27, 2018 11:59:13 PM net.sf.freecol.server.networking.Server sendToAll
INFO: Reap dead connection: [DummyConnection Server connection - model.nation.apache]
Apr 27, 2018 11:59:13 PM net.sf.freecol.server.networking.Server sendToAll
INFO: Reap dead connection: [DummyConnection Server connection - model.nation.arawak]
Apr 27, 2018 11:59:13 PM net.sf.freecol.server.networking.Server sendToAll
INFO: Reap dead connection: [DummyConnection Server connection - model.nation.spanish]
Apr 27, 2018 11:59:13 PM net.sf.freecol.server.networking.Server sendToAll
INFO: Reap dead connection: [DummyConnection Server connection - model.nation.inca]
Apr 27, 2018 11:59:13 PM net.sf.freecol.server.networking.Server sendToAll
INFO: Reap dead connection: [DummyConnection Server connection - model.nation.cherokee]
Apr 27, 2018 11:59:13 PM net.sf.freecol.server.networking.Server sendToAll
INFO: Reap dead connection: [DummyConnection Server connection - model.nation.iroquois]
Apr 27, 2018 11:59:13 PM net.sf.freecol.common.model.Specification applyDifficultyLevel
INFO: Applying difficulty level model.difficulty.medium
Apr 27, 2018 11:59:13 PM net.sf.freecol.common.FreeColSeed getFreeColSeed
INFO: Using seed: -313040003147920950
Apr 27, 2018 11:59:13 PM net.sf.freecol.server.networking.Server sendToAll
INFO: Reap dead connection: [DummyConnection Server connection - model.nation.sioux]
Apr 27, 2018 11:59:13 PM net.sf.freecol.server.networking.Server sendToAll
INFO: Reap dead connection: [DummyConnection Server connection - model.nation.cherokee]
Apr 27, 2018 11:59:13 PM net.sf.freecol.server.networking.Server sendToAll
INFO: Reap dead connection: [DummyConnection Server connection - model.nation.aztec]
Apr 27, 2018 11:59:13 PM net.sf.freecol.server.networking.Server sendToAll
INFO: Reap dead connection: [DummyConnection Server connection - model.nation.iroquois]
Apr 27, 2018 11:59:13 PM net.sf.freecol.server.networking.Server sendToAll
INFO: Reap dead connection: [DummyConnection Server connection - model.nation.french]
Apr 27, 2018 11:59:13 PM net.sf.freecol.server.networking.Server sendToAll
INFO: Reap dead connection: [DummyConnection Server connection - model.nation.spanish]
Apr 27, 2018 11:59:13 PM net.sf.freecol.server.networking.Server sendToAll
INFO: Reap dead connection: [DummyConnection Server connection - model.nation.dutch]
Apr 27, 2018 11:59:13 PM net.sf.freecol.server.networking.Server sendToAll
INFO: Reap dead connection: [DummyConnection Server connection - model.nation.english]
Apr 27, 2018 11:59:13 PM net.sf.freecol.server.networking.Server sendToAll
INFO: Reap dead connection: [DummyConnection Server connection - model.nation.inca]
Apr 27, 2018 11:59:13 PM net.sf.freecol.server.networking.Server sendToAll
INFO: Reap dead connection: [DummyConnection Server connection - model.nation.arawak]
Apr 27, 2018 11:59:13 PM net.sf.freecol.server.networking.Server sendToAll
INFO: Reap dead connection: [DummyConnection Server connection - model.nation.apache]
Apr 27, 2018 11:59:13 PM net.sf.freecol.server.networking.Server sendToAll
INFO: Reap dead connection: [DummyConnection Server connection - model.nation.tupi]
Apr 27, 2018 11:59:13 PM net.sf.freecol.common.model.Specification applyDifficultyLevel
INFO: Applying difficulty level model.difficulty.medium
Apr 27, 2018 11:59:13 PM net.sf.freecol.common.FreeColSeed getFreeColSeed
INFO: Using seed: -2102333285141208647
Apr 27, 2018 11:59:13 PM net.sf.freecol.server.networking.Server sendToAll
INFO: Reap dead connection: [DummyConnection Server connection - model.nation.sioux]
Apr 27, 2018 11:59:13 PM net.sf.freecol.server.networking.Server sendToAll
INFO: Reap dead connection: [DummyConnection Server connection - model.nation.inca]
Apr 27, 2018 11:59:13 PM net.sf.freecol.server.networking.Server sendToAll
INFO: Reap dead connection: [DummyConnection Server connection - model.nation.dutch]
Apr 27, 2018 11:59:13 PM net.sf.freecol.server.networking.Server sendToAll
INFO: Reap dead connection: [DummyConnection Server connection - model.nation.apache]
Apr 27, 2018 11:59:13 PM net.sf.freecol.server.networking.Server sendToAll
INFO: Reap dead connection: [DummyConnection Server connection - model.nation.french]
Apr 27, 2018 11:59:13 PM net.sf.freecol.server.networking.Server sendToAll
INFO: Reap dead connection: [DummyConnection Server connection - model.nation.cherokee]
Apr 27, 2018 11:59:13 PM net.sf.freecol.server.networking.Server sendToAll
INFO: Reap dead connection: [DummyConnection Server connection - model.nation.iroquois]
Apr 27, 2018 11:59:13 PM net.sf.freecol.server.networking.Server sendToAll
INFO: Reap dead connection: [DummyConnection Server connection - model.nation.arawak]
Apr 27, 2018 11:59:13 PM net.sf.freecol.server.networking.Server sendToAll
INFO: Reap dead connection: [DummyConnection Server connection - model.nation.tupi]
Apr 27, 2018 11:59:13 PM net.sf.freecol.server.networking.Server sendToAll
INFO: Reap dead connection: [DummyConnection Server connection - model.nation.spanish]
Apr 27, 2018 11:59:13 PM net.sf.freecol.server.networking.Server sendToAll
INFO: Reap dead connection: [DummyConnection Server connection - model.nation.english]
Apr 27, 2018 11:59:13 PM net.sf.freecol.server.networking.Server sendToAll
INFO: Reap dead connection: [DummyConnection Server connection - model.nation.aztec]
Apr 27, 2018 11:59:13 PM net.sf.freecol.common.model.Specification applyDifficultyLevel
INFO: Applying difficulty level model.difficulty.medium
Apr 27, 2018 11:59:13 PM net.sf.freecol.common.FreeColSeed getFreeColSeed
INFO: Using seed: -732166202512103493
Apr 27, 2018 11:59:13 PM net.sf.freecol.server.networking.Server sendToAll
INFO: Reap dead connection: [DummyConnection Server connection - model.nation.english]
Apr 27, 2018 11:59:13 PM net.sf.freecol.server.networking.Server sendToAll
INFO: Reap dead connection: [DummyConnection Server connection - model.nation.aztec]
Apr 27, 2018 11:59:13 PM net.sf.freecol.server.networking.Server sendToAll
INFO: Reap dead connection: [DummyConnection Server connection - model.nation.cherokee]
Apr 27, 2018 11:59:13 PM net.sf.freecol.server.networking.Server sendToAll
INFO: Reap dead connection: [DummyConnection Server connection - model.nation.sioux]
Apr 27, 2018 11:59:13 PM net.sf.freecol.server.networking.Server sendToAll
INFO: Reap dead connection: [DummyConnection Server connection - model.nation.apache]
Apr 27, 2018 11:59:13 PM net.sf.freecol.server.networking.Server sendToAll
INFO: Reap dead connection: [DummyConnection Server connection - model.nation.dutch]
Apr 27, 2018 11:59:13 PM net.sf.freecol.server.networking.Server sendToAll
INFO: Reap dead connection: [DummyConnection Server connection - model.nation.arawak]
Apr 27, 2018 11:59:13 PM net.sf.freecol.server.networking.Server sendToAll
INFO: Reap dead connection: [DummyConnection Server connection - model.nation.spanish]
Apr 27, 2018 11:59:13 PM net.sf.freecol.server.networking.Server sendToAll
INFO: Reap dead connection: [DummyConnection Server connection - model.nation.inca]
Apr 27, 2018 11:59:13 PM net.sf.freecol.server.networking.Server sendToAll
INFO: Reap dead connection: [DummyConnection Server connection - model.nation.tupi]
Apr 27, 2018 11:59:13 PM net.sf.freecol.server.networking.Server sendToAll
INFO: Reap dead connection: [DummyConnection Server connection - model.nation.french]
Apr 27, 2018 11:59:13 PM net.sf.freecol.server.networking.Server sendToAll
INFO: Reap dead connection: [DummyConnection Server connection - model.nation.iroquois]
Apr 27, 2018 11:59:13 PM net.sf.freecol.common.model.Specification applyDifficultyLevel
INFO: Applying difficulty level model.difficulty.medium
Apr 27, 2018 11:59:13 PM net.sf.freecol.common.FreeColSeed getFreeColSeed
INFO: Using seed: -1874005128303340770
Apr 27, 2018 11:59:13 PM net.sf.freecol.server.networking.Server sendToAll
INFO: Reap dead connection: [DummyConnection Server connection - model.nation.arawak]
Apr 27, 2018 11:59:13 PM net.sf.freecol.server.networking.Server sendToAll
INFO: Reap dead connection: [DummyConnection Server connection - model.nation.french]
Apr 27, 2018 11:59:13 PM net.sf.freecol.server.networking.Server sendToAll
INFO: Reap dead connection: [DummyConnection Server connection - model.nation.iroquois]
Apr 27, 2018 11:59:13 PM net.sf.freecol.server.networking.Server sendToAll
INFO: Reap dead connection: [DummyConnection Server connection - model.nation.dutch]
Apr 27, 2018 11:59:13 PM net.sf.freecol.server.networking.Server sendToAll
INFO: Reap dead connection: [DummyConnection Server connection - model.nation.aztec]
Apr 27, 2018 11:59:13 PM net.sf.freecol.server.networking.Server sendToAll
INFO: Reap dead connection: [DummyConnection Server connection - model.nation.sioux]
Apr 27, 2018 11:59:13 PM net.sf.freecol.server.networking.Server sendToAll
INFO: Reap dead connection: [DummyConnection Server connection - model.nation.inca]
Apr 27, 2018 11:59:13 PM net.sf.freecol.server.networking.Server sendToAll
INFO: Reap dead connection: [DummyConnection Server connection - model.nation.english]
Apr 27, 2018 11:59:13 PM net.sf.freecol.server.networking.Server sendToAll
INFO: Reap dead connection: [DummyConnection Server connection - model.nation.apache]
Apr 27, 2018 11:59:13 PM net.sf.freecol.server.networking.Server sendToAll
INFO: Reap dead connection: [DummyConnection Server connection - model.nation.cherokee]
Apr 27, 2018 11:59:13 PM net.sf.freecol.server.networking.Server sendToAll
INFO: Reap dead connection: [DummyConnection Server connection - model.nation.spanish]
Apr 27, 2018 11:59:13 PM net.sf.freecol.server.networking.Server sendToAll
INFO: Reap dead connection: [DummyConnection Server connection - model.nation.tupi]
Apr 27, 2018 11:59:13 PM net.sf.freecol.common.model.Specification applyDifficultyLevel
INFO: Applying difficulty level model.difficulty.medium
Apr 27, 2018 11:59:13 PM net.sf.freecol.common.FreeColSeed getFreeColSeed
INFO: Using seed: -5967958738175718371
Apr 27, 2018 11:59:13 PM net.sf.freecol.server.networking.Server sendToAll
INFO: Reap dead connection: [DummyConnection Server connection - model.nation.sioux]
Apr 27, 2018 11:59:13 PM net.sf.freecol.server.networking.Server sendToAll
INFO: Reap dead connection: [DummyConnection Server connection - model.nation.arawak]
Apr 27, 2018 11:59:13 PM net.sf.freecol.server.networking.Server sendToAll
INFO: Reap dead connection: [DummyConnection Server connection - model.nation.iroquois]
Apr 27, 2018 11:59:13 PM net.sf.freecol.server.networking.Server sendToAll
INFO: Reap dead connection: [DummyConnection Server connection - model.nation.spanish]
Apr 27, 2018 11:59:13 PM net.sf.freecol.server.networking.Server sendToAll
INFO: Reap dead connection: [DummyConnection Server connection - model.nation.inca]
Apr 27, 2018 11:59:13 PM net.sf.freecol.server.networking.Server sendToAll
INFO: Reap dead connection: [DummyConnection Server connection - model.nation.tupi]
Apr 27, 2018 11:59:13 PM net.sf.freecol.server.networking.Server sendToAll
INFO: Reap dead connection: [DummyConnection Server connection - model.nation.aztec]
Apr 27, 2018 11:59:13 PM net.sf.freecol.server.networking.Server sendToAll
INFO: Reap dead connection: [DummyConnection Server connection - model.nation.dutch]
Apr 27, 2018 11:59:13 PM net.sf.freecol.server.networking.Server sendToAll
INFO: Reap dead connection: [DummyConnection Server connection - model.nation.apache]
Apr 27, 2018 11:59:13 PM net.sf.freecol.server.networking.Server sendToAll
INFO: Reap dead connection: [DummyConnection Server connection - model.nation.cherokee]
Apr 27, 2018 11:59:13 PM net.sf.freecol.server.networking.Server sendToAll
INFO: Reap dead connection: [DummyConnection Server connection - model.nation.english]
Apr 27, 2018 11:59:13 PM net.sf.freecol.server.networking.Server sendToAll
INFO: Reap dead connection: [DummyConnection Server connection - model.nation.french]
Apr 27, 2018 11:59:13 PM net.sf.freecol.common.model.Specification applyDifficultyLevel
INFO: Applying difficulty level model.difficulty.medium
Apr 27, 2018 11:59:13 PM net.sf.freecol.common.FreeColSeed getFreeColSeed
INFO: Using seed: 8878553391633524566
Apr 27, 2018 11:59:13 PM net.sf.freecol.server.networking.Server sendToAll
INFO: Reap dead connection: [DummyConnection Server connection - model.nation.french]
Apr 27, 2018 11:59:13 PM net.sf.freecol.server.networking.Server sendToAll
INFO: Reap dead connection: [DummyConnection Server connection - model.nation.inca]
Apr 27, 2018 11:59:13 PM net.sf.freecol.server.networking.Server sendToAll
INFO: Reap dead connection: [DummyConnection Server connection - model.nation.sioux]
Apr 27, 2018 11:59:13 PM net.sf.freecol.server.networking.Server sendToAll
INFO: Reap dead connection: [DummyConnection Server connection - model.nation.cherokee]
Apr 27, 2018 11:59:13 PM net.sf.freecol.server.networking.Server sendToAll
INFO: Reap dead connection: [DummyConnection Server connection - model.nation.arawak]
Apr 27, 2018 11:59:13 PM net.sf.freecol.server.networking.Server sendToAll
INFO: Reap dead connection: [DummyConnection Server connection - model.nation.english]
Apr 27, 2018 11:59:13 PM net.sf.freecol.server.networking.Server sendToAll
INFO: Reap dead connection: [DummyConnection Server connection - model.nation.dutch]
Apr 27, 2018 11:59:13 PM net.sf.freecol.server.networking.Server sendToAll
INFO: Reap dead connection: [DummyConnection Server connection - model.nation.tupi]
Apr 27, 2018 11:59:13 PM net.sf.freecol.server.networking.Server sendToAll
INFO: Reap dead connection: [DummyConnection Server connection - model.nation.apache]
Apr 27, 2018 11:59:13 PM net.sf.freecol.server.networking.Server sendToAll
INFO: Reap dead connection: [DummyConnection Server connection - model.nation.aztec]
Apr 27, 2018 11:59:13 PM net.sf.freecol.server.networking.Server sendToAll
INFO: Reap dead connection: [DummyConnection Server connection - model.nation.spanish]
Apr 27, 2018 11:59:13 PM net.sf.freecol.server.networking.Server sendToAll
INFO: Reap dead connection: [DummyConnection Server connection - model.nation.iroquois]
Apr 27, 2018 11:59:13 PM net.sf.freecol.common.model.Specification applyDifficultyLevel
INFO: Applying difficulty level model.difficulty.medium
Apr 27, 2018 11:59:13 PM net.sf.freecol.common.FreeColSeed getFreeColSeed
INFO: Using seed: -6326168670656873677
Apr 27, 2018 11:59:13 PM net.sf.freecol.server.networking.Server sendToAll
INFO: Reap dead connection: [DummyConnection Server connection - model.nation.spanish]
Apr 27, 2018 11:59:13 PM net.sf.freecol.server.networking.Server sendToAll
INFO: Reap dead connection: [DummyConnection Server connection - model.nation.iroquois]
Apr 27, 2018 11:59:13 PM net.sf.freecol.server.networking.Server sendToAll
INFO: Reap dead connection: [DummyConnection Server connection - model.nation.aztec]
Apr 27, 2018 11:59:13 PM net.sf.freecol.server.networking.Server sendToAll
INFO: Reap dead connection: [DummyConnection Server connection - model.nation.cherokee]
Apr 27, 2018 11:59:13 PM net.sf.freecol.server.networking.Server sendToAll
INFO: Reap dead connection: [DummyConnection Server connection - model.nation.sioux]
Apr 27, 2018 11:59:13 PM net.sf.freecol.server.networking.Server sendToAll
INFO: Reap dead connection: [DummyConnection Server connection - model.nation.inca]
Apr 27, 2018 11:59:13 PM net.sf.freecol.server.networking.Server sendToAll
INFO: Reap dead connection: [DummyConnection Server connection - model.nation.english]
Apr 27, 2018 11:59:13 PM net.sf.freecol.server.networking.Server sendToAll
INFO: Reap dead connection: [DummyConnection Server connection - model.nation.tupi]
Apr 27, 2018 11:59:13 PM net.sf.freecol.server.networking.Server sendToAll
INFO: Reap dead connection: [DummyConnection Server connection - model.nation.dutch]
Apr 27, 2018 11:59:13 PM net.sf.freecol.server.networking.Server sendToAll
INFO: Reap dead connection: [DummyConnection Server connection - model.nation.apache]
Apr 27, 2018 11:59:13 PM net.sf.freecol.server.networking.Server sendToAll
INFO: Reap dead connection: [DummyConnection Server connection - model.nation.french]
Apr 27, 2018 11:59:13 PM net.sf.freecol.server.networking.Server sendToAll
INFO: Reap dead connection: [DummyConnection Server connection - model.nation.arawak]
Apr 27, 2018 11:59:13 PM net.sf.freecol.common.model.Specification applyDifficultyLevel
INFO: Applying difficulty level model.difficulty.medium
Apr 27, 2018 11:59:13 PM net.sf.freecol.common.FreeColSeed getFreeColSeed
INFO: Using seed: -7220175850661133479
Apr 27, 2018 11:59:13 PM net.sf.freecol.server.networking.Server sendToAll
INFO: Reap dead connection: [DummyConnection Server connection - model.nation.tupi]
Apr 27, 2018 11:59:13 PM net.sf.freecol.server.networking.Server sendToAll
INFO: Reap dead connection: [DummyConnection Server connection - model.nation.dutch]
Apr 27, 2018 11:59:13 PM net.sf.freecol.server.networking.Server sendToAll
INFO: Reap dead connection: [DummyConnection Server connection - model.nation.iroquois]
Apr 27, 2018 11:59:13 PM net.sf.freecol.server.networking.Server sendToAll
INFO: Reap dead connection: [DummyConnection Server connection - model.nation.french]
Apr 27, 2018 11:59:13 PM net.sf.freecol.server.networking.Server sendToAll
INFO: Reap dead connection: [DummyConnection Server connection - model.nation.arawak]
Apr 27, 2018 11:59:13 PM net.sf.freecol.server.networking.Server sendToAll
INFO: Reap dead connection: [DummyConnection Server connection - model.nation.sioux]
Apr 27, 2018 11:59:13 PM net.sf.freecol.server.networking.Server sendToAll
INFO: Reap dead connection: [DummyConnection Server connection - model.nation.apache]
Apr 27, 2018 11:59:13 PM net.sf.freecol.server.networking.Server sendToAll
INFO: Reap dead connection: [DummyConnection Server connection - model.nation.spanish]
Apr 27, 2018 11:59:13 PM net.sf.freecol.server.networking.Server sendToAll
INFO: Reap dead connection: [DummyConnection Server connection - model.nation.inca]
Apr 27, 2018 11:59:13 PM net.sf.freecol.server.networking.Server sendToAll
INFO: Reap dead connection: [DummyConnection Server connection - model.nation.aztec]
Apr 27, 2018 11:59:13 PM net.sf.freecol.server.networking.Server sendToAll
INFO: Reap dead connection: [DummyConnection Server connection - model.nation.cherokee]
Apr 27, 2018 11:59:13 PM net.sf.freecol.server.networking.Server sendToAll
INFO: Reap dead connection: [DummyConnection Server connection - model.nation.english]
Apr 27, 2018 11:59:13 PM net.sf.freecol.common.model.Specification applyDifficultyLevel
INFO: Applying difficulty level model.difficulty.medium
Apr 27, 2018 11:59:13 PM net.sf.freecol.common.FreeColSeed getFreeColSeed
INFO: Using seed: -8312785890661097212
Apr 27, 2018 11:59:13 PM net.sf.freecol.server.networking.Server sendToAll
INFO: Reap dead connection: [DummyConnection Server connection - model.nation.spanish]
Apr 27, 2018 11:59:13 PM net.sf.freecol.server.networking.Server sendToAll
INFO: Reap dead connection: [DummyConnection Server connection - model.nation.cherokee]
Apr 27, 2018 11:59:13 PM net.sf.freecol.server.networking.Server sendToAll
INFO: Reap dead connection: [DummyConnection Server connection - model.nation.arawak]
Apr 27, 2018 11:59:13 PM net.sf.freecol.server.networking.Server sendToAll
INFO: Reap dead connection: [DummyConnection Server connection - model.nation.dutch]
Apr 27, 2018 11:59:13 PM net.sf.freecol.server.networking.Server sendToAll
INFO: Reap dead connection: [DummyConnection Server connection - model.nation.french]
Apr 27, 2018 11:59:13 PM net.sf.freecol.server.networking.Server sendToAll
INFO: Reap dead connection: [DummyConnection Server connection - model.nation.english]
Apr 27, 2018 11:59:13 PM net.sf.freecol.server.networking.Server sendToAll
INFO: Reap dead connection: [DummyConnection Server connection - model.nation.iroquois]
Apr 27, 2018 11:59:13 PM net.sf.freecol.server.networking.Server sendToAll
INFO: Reap dead connection: [DummyConnection Server connection - model.nation.inca]
Apr 27, 2018 11:59:13 PM net.sf.freecol.server.networking.Server sendToAll
INFO: Reap dead connection: [DummyConnection Server connection - model.nation.tupi]
Apr 27, 2018 11:59:13 PM net.sf.freecol.server.networking.Server sendToAll
INFO: Reap dead connection: [DummyConnection Server connection - model.nation.apache]
Apr 27, 2018 11:59:13 PM net.sf.freecol.server.networking.Server sendToAll
INFO: Reap dead connection: [DummyConnection Server connection - model.nation.aztec]
Apr 27, 2018 11:59:13 PM net.sf.freecol.server.networking.Server sendToAll
INFO: Reap dead connection: [DummyConnection Server connection - model.nation.sioux]
Apr 27, 2018 11:59:13 PM net.sf.freecol.common.model.Specification applyDifficultyLevel
INFO: Applying difficulty level model.difficulty.medium
Apr 27, 2018 11:59:13 PM net.sf.freecol.common.FreeColSeed getFreeColSeed
INFO: Using seed: -1658701410802073086
Apr 27, 2018 11:59:13 PM net.sf.freecol.server.networking.Server sendToAll
INFO: Reap dead connection: [DummyConnection Server connection - model.nation.arawak]
Apr 27, 2018 11:59:13 PM net.sf.freecol.server.networking.Server sendToAll
INFO: Reap dead connection: [DummyConnection Server connection - model.nation.apache]
Apr 27, 2018 11:59:13 PM net.sf.freecol.server.networking.Server sendToAll
INFO: Reap dead connection: [DummyConnection Server connection - model.nation.spanish]
Apr 27, 2018 11:59:13 PM net.sf.freecol.server.networking.Server sendToAll
INFO: Reap dead connection: [DummyConnection Server connection - model.nation.aztec]
Apr 27, 2018 11:59:13 PM net.sf.freecol.server.networking.Server sendToAll
INFO: Reap dead connection: [DummyConnection Server connection - model.nation.dutch]
Apr 27, 2018 11:59:13 PM net.sf.freecol.server.networking.Server sendToAll
INFO: Reap dead connection: [DummyConnection Server connection - model.nation.iroquois]
Apr 27, 2018 11:59:13 PM net.sf.freecol.server.networking.Server sendToAll
INFO: Reap dead connection: [DummyConnection Server connection - model.nation.english]
Apr 27, 2018 11:59:13 PM net.sf.freecol.server.networking.Server sendToAll
INFO: Reap dead connection: [DummyConnection Server connection - model.nation.cherokee]
Apr 27, 2018 11:59:13 PM net.sf.freecol.server.networking.Server sendToAll
INFO: Reap dead connection: [DummyConnection Server connection - model.nation.inca]
Apr 27, 2018 11:59:13 PM net.sf.freecol.server.networking.Server sendToAll
INFO: Reap dead connection: [DummyConnection Server connection - model.nation.sioux]
Apr 27, 2018 11:59:13 PM net.sf.freecol.server.networking.Server sendToAll
INFO: Reap dead connection: [DummyConnection Server connection - model.nation.tupi]
Apr 27, 2018 11:59:13 PM net.sf.freecol.server.networking.Server sendToAll
INFO: Reap dead connection: [DummyConnection Server connection - model.nation.french]
Apr 27, 2018 11:59:13 PM net.sf.freecol.common.model.Specification applyDifficultyLevel
INFO: Applying difficulty level model.difficulty.medium
Apr 27, 2018 11:59:13 PM net.sf.freecol.common.FreeColSeed getFreeColSeed
INFO: Using seed: -8496980568833914878
Apr 27, 2018 11:59:13 PM net.sf.freecol.server.networking.Server sendToAll
INFO: Reap dead connection: [DummyConnection Server connection - model.nation.spanish]
Apr 27, 2018 11:59:13 PM net.sf.freecol.server.networking.Server sendToAll
INFO: Reap dead connection: [DummyConnection Server connection - model.nation.english]
Apr 27, 2018 11:59:13 PM net.sf.freecol.server.networking.Server sendToAll
INFO: Reap dead connection: [DummyConnection Server connection - model.nation.cherokee]
Apr 27, 2018 11:59:13 PM net.sf.freecol.server.networking.Server sendToAll
INFO: Reap dead connection: [DummyConnection Server connection - model.nation.dutch]
Apr 27, 2018 11:59:13 PM net.sf.freecol.server.networking.Server sendToAll
INFO: Reap dead connection: [DummyConnection Server connection - model.nation.aztec]
Apr 27, 2018 11:59:13 PM net.sf.freecol.server.networking.Server sendToAll
INFO: Reap dead connection: [DummyConnection Server connection - model.nation.iroquois]
Apr 27, 2018 11:59:13 PM net.sf.freecol.server.networking.Server sendToAll
INFO: Reap dead connection: [DummyConnection Server connection - model.nation.arawak]
Apr 27, 2018 11:59:13 PM net.sf.freecol.server.networking.Server sendToAll
INFO: Reap dead connection: [DummyConnection Server connection - model.nation.inca]
Apr 27, 2018 11:59:13 PM net.sf.freecol.server.networking.Server sendToAll
INFO: Reap dead connection: [DummyConnection Server connection - model.nation.sioux]
Apr 27, 2018 11:59:13 PM net.sf.freecol.server.networking.Server sendToAll
INFO: Reap dead connection: [DummyConnection Server connection - model.nation.french]
Apr 27, 2018 11:59:13 PM net.sf.freecol.server.networking.Server sendToAll
INFO: Reap dead connection: [DummyConnection Server connection - model.nation.apache]
Apr 27, 2018 11:59:13 PM net.sf.freecol.server.networking.Server sendToAll
INFO: Reap dead connection: [DummyConnection Server connection - model.nation.tupi]
Apr 27, 2018 11:59:13 PM net.sf.freecol.common.model.Specification applyDifficultyLevel
INFO: Applying difficulty level model.difficulty.medium
Apr 27, 2018 11:59:13 PM net.sf.freecol.common.FreeColSeed getFreeColSeed
INFO: Using seed: -4465367669540183853
Apr 27, 2018 11:59:13 PM net.sf.freecol.server.networking.Server sendToAll
INFO: Reap dead connection: [DummyConnection Server connection - model.nation.dutch]
Apr 27, 2018 11:59:13 PM net.sf.freecol.server.networking.Server sendToAll
INFO: Reap dead connection: [DummyConnection Server connection - model.nation.cherokee]
Apr 27, 2018 11:59:13 PM net.sf.freecol.server.networking.Server sendToAll
INFO: Reap dead connection: [DummyConnection Server connection - model.nation.spanish]
Apr 27, 2018 11:59:13 PM net.sf.freecol.server.networking.Server sendToAll
INFO: Reap dead connection: [DummyConnection Server connection - model.nation.tupi]
Apr 27, 2018 11:59:13 PM net.sf.freecol.server.networking.Server sendToAll
INFO: Reap dead connection: [DummyConnection Server connection - model.nation.arawak]
Apr 27, 2018 11:59:13 PM net.sf.freecol.server.networking.Server sendToAll
INFO: Reap dead connection: [DummyConnection Server connection - model.nation.english]
Apr 27, 2018 11:59:13 PM net.sf.freecol.server.networking.Server sendToAll
INFO: Reap dead connection: [DummyConnection Server connection - model.nation.apache]
Apr 27, 2018 11:59:13 PM net.sf.freecol.server.networking.Server sendToAll
INFO: Reap dead connection: [DummyConnection Server connection - model.nation.sioux]
Apr 27, 2018 11:59:13 PM net.sf.freecol.server.networking.Server sendToAll
INFO: Reap dead connection: [DummyConnection Server connection - model.nation.french]
Apr 27, 2018 11:59:13 PM net.sf.freecol.server.networking.Server sendToAll
INFO: Reap dead connection: [DummyConnection Server connection - model.nation.iroquois]
Apr 27, 2018 11:59:13 PM net.sf.freecol.server.networking.Server sendToAll
INFO: Reap dead connection: [DummyConnection Server connection - model.nation.aztec]
Apr 27, 2018 11:59:13 PM net.sf.freecol.server.networking.Server sendToAll
INFO: Reap dead connection: [DummyConnection Server connection - model.nation.inca]
Apr 27, 2018 11:59:13 PM net.sf.freecol.common.model.Specification applyDifficultyLevel
INFO: Applying difficulty level model.difficulty.medium
Apr 27, 2018 11:59:13 PM net.sf.freecol.common.FreeColSeed getFreeColSeed
INFO: Using seed: 6626738761898157710
Apr 27, 2018 11:59:13 PM net.sf.freecol.server.networking.Server sendToAll
INFO: Reap dead connection: [DummyConnection Server connection - model.nation.sioux]
Apr 27, 2018 11:59:13 PM net.sf.freecol.server.networking.Server sendToAll
INFO: Reap dead connection: [DummyConnection Server connection - model.nation.iroquois]
Apr 27, 2018 11:59:13 PM net.sf.freecol.server.networking.Server sendToAll
INFO: Reap dead connection: [DummyConnection Server connection - model.nation.french]
Apr 27, 2018 11:59:13 PM net.sf.freecol.server.networking.Server sendToAll
INFO: Reap dead connection: [DummyConnection Server connection - model.nation.dutch]
Apr 27, 2018 11:59:13 PM net.sf.freecol.server.networking.Server sendToAll
INFO: Reap dead connection: [DummyConnection Server connection - model.nation.tupi]
Apr 27, 2018 11:59:13 PM net.sf.freecol.server.networking.Server sendToAll
INFO: Reap dead connection: [DummyConnection Server connection - model.nation.english]
Apr 27, 2018 11:59:13 PM net.sf.freecol.server.networking.Server sendToAll
INFO: Reap dead connection: [DummyConnection Server connection - model.nation.inca]
Apr 27, 2018 11:59:13 PM net.sf.freecol.server.networking.Server sendToAll
INFO: Reap dead connection: [DummyConnection Server connection - model.nation.arawak]
Apr 27, 2018 11:59:13 PM net.sf.freecol.server.networking.Server sendToAll
INFO: Reap dead connection: [DummyConnection Server connection - model.nation.aztec]
Apr 27, 2018 11:59:13 PM net.sf.freecol.server.networking.Server sendToAll
INFO: Reap dead connection: [DummyConnection Server connection - model.nation.cherokee]
Apr 27, 2018 11:59:13 PM net.sf.freecol.server.networking.Server sendToAll
INFO: Reap dead connection: [DummyConnection Server connection - model.nation.apache]
Apr 27, 2018 11:59:13 PM net.sf.freecol.server.networking.Server sendToAll
INFO: Reap dead connection: [DummyConnection Server connection - model.nation.spanish]
Apr 27, 2018 11:59:13 PM net.sf.freecol.common.model.Specification applyDifficultyLevel
INFO: Applying difficulty level model.difficulty.medium
Apr 27, 2018 11:59:13 PM net.sf.freecol.common.FreeColSeed getFreeColSeed
INFO: Using seed: -1734273597397288311
Apr 27, 2018 11:59:13 PM net.sf.freecol.server.networking.Server sendToAll
INFO: Reap dead connection: [DummyConnection Server connection - model.nation.cherokee]
Apr 27, 2018 11:59:13 PM net.sf.freecol.server.networking.Server sendToAll
INFO: Reap dead connection: [DummyConnection Server connection - model.nation.iroquois]
Apr 27, 2018 11:59:13 PM net.sf.freecol.server.networking.Server sendToAll
INFO: Reap dead connection: [DummyConnection Server connection - model.nation.arawak]
Apr 27, 2018 11:59:13 PM net.sf.freecol.server.networking.Server sendToAll
INFO: Reap dead connection: [DummyConnection Server connection - model.nation.sioux]
Apr 27, 2018 11:59:13 PM net.sf.freecol.server.networking.Server sendToAll
INFO: Reap dead connection: [DummyConnection Server connection - model.nation.french]
Apr 27, 2018 11:59:13 PM net.sf.freecol.server.networking.Server sendToAll
INFO: Reap dead connection: [DummyConnection Server connection - model.nation.dutch]
Apr 27, 2018 11:59:13 PM net.sf.freecol.server.networking.Server sendToAll
INFO: Reap dead connection: [DummyConnection Server connection - model.nation.aztec]
Apr 27, 2018 11:59:13 PM net.sf.freecol.server.networking.Server sendToAll
INFO: Reap dead connection: [DummyConnection Server connection - model.nation.english]
Apr 27, 2018 11:59:13 PM net.sf.freecol.server.networking.Server sendToAll
INFO: Reap dead connection: [DummyConnection Server connection - model.nation.spanish]
Apr 27, 2018 11:59:13 PM net.sf.freecol.server.networking.Server sendToAll
INFO: Reap dead connection: [DummyConnection Server connection - model.nation.apache]
Apr 27, 2018 11:59:13 PM net.sf.freecol.server.networking.Server sendToAll
INFO: Reap dead connection: [DummyConnection Server connection - model.nation.inca]
Apr 27, 2018 11:59:13 PM net.sf.freecol.server.networking.Server sendToAll
INFO: Reap dead connection: [DummyConnection Server connection - model.nation.tupi]
Apr 27, 2018 11:59:13 PM net.sf.freecol.common.model.Specification applyDifficultyLevel
INFO: Applying difficulty level model.difficulty.medium
Apr 27, 2018 11:59:13 PM net.sf.freecol.common.FreeColSeed getFreeColSeed
INFO: Using seed: 2125576623073004504
Apr 27, 2018 11:59:13 PM net.sf.freecol.server.networking.Server sendToAll
INFO: Reap dead connection: [DummyConnection Server connection - model.nation.tupi]
Apr 27, 2018 11:59:13 PM net.sf.freecol.server.networking.Server sendToAll
INFO: Reap dead connection: [DummyConnection Server connection - model.nation.arawak]
Apr 27, 2018 11:59:13 PM net.sf.freecol.server.networking.Server sendToAll
INFO: Reap dead connection: [DummyConnection Server connection - model.nation.inca]
Apr 27, 2018 11:59:13 PM net.sf.freecol.server.networking.Server sendToAll
INFO: Reap dead connection: [DummyConnection Server connection - model.nation.apache]
Apr 27, 2018 11:59:13 PM net.sf.freecol.server.networking.Server sendToAll
INFO: Reap dead connection: [DummyConnection Server connection - model.nation.aztec]
Apr 27, 2018 11:59:13 PM net.sf.freecol.server.networking.Server sendToAll
INFO: Reap dead connection: [DummyConnection Server connection - model.nation.english]
Apr 27, 2018 11:59:13 PM net.sf.freecol.server.networking.Server sendToAll
INFO: Reap dead connection: [DummyConnection Server connection - model.nation.spanish]
Apr 27, 2018 11:59:13 PM net.sf.freecol.server.networking.Server sendToAll
INFO: Reap dead connection: [DummyConnection Server connection - model.nation.french]
Apr 27, 2018 11:59:13 PM net.sf.freecol.server.networking.Server sendToAll
INFO: Reap dead connection: [DummyConnection Server connection - model.nation.sioux]
Apr 27, 2018 11:59:13 PM net.sf.freecol.server.networking.Server sendToAll
INFO: Reap dead connection: [DummyConnection Server connection - model.nation.dutch]
Apr 27, 2018 11:59:13 PM net.sf.freecol.server.networking.Server sendToAll
INFO: Reap dead connection: [DummyConnection Server connection - model.nation.iroquois]
Apr 27, 2018 11:59:13 PM net.sf.freecol.server.networking.Server sendToAll
INFO: Reap dead connection: [DummyConnection Server connection - model.nation.cherokee]
Apr 27, 2018 11:59:13 PM net.sf.freecol.common.networking.DOMMessage clientError
WARNING: Naval unit unit:250 can not embark.
Apr 27, 2018 11:59:13 PM net.sf.freecol.common.networking.DOMMessage clientError
WARNING: Carrier: unit:248 can not carry unit:252: CAPACITY_EXCEEDED
Apr 27, 2018 11:59:13 PM net.sf.freecol.common.model.Specification applyDifficultyLevel
INFO: Applying difficulty level model.difficulty.medium
Apr 27, 2018 11:59:13 PM net.sf.freecol.common.FreeColSeed getFreeColSeed
INFO: Using seed: 1986070060234320249
Apr 27, 2018 11:59:13 PM net.sf.freecol.server.networking.Server sendToAll
INFO: Reap dead connection: [DummyConnection Server connection - model.nation.french]
Apr 27, 2018 11:59:13 PM net.sf.freecol.server.networking.Server sendToAll
INFO: Reap dead connection: [DummyConnection Server connection - model.nation.aztec]
Apr 27, 2018 11:59:13 PM net.sf.freecol.server.networking.Server sendToAll
INFO: Reap dead connection: [DummyConnection Server connection - model.nation.tupi]
Apr 27, 2018 11:59:13 PM net.sf.freecol.server.networking.Server sendToAll
INFO: Reap dead connection: [DummyConnection Server connection - model.nation.cherokee]
Apr 27, 2018 11:59:13 PM net.sf.freecol.server.networking.Server sendToAll
INFO: Reap dead connection: [DummyConnection Server connection - model.nation.dutch]
Apr 27, 2018 11:59:13 PM net.sf.freecol.server.networking.Server sendToAll
INFO: Reap dead connection: [DummyConnection Server connection - model.nation.spanish]
Apr 27, 2018 11:59:13 PM net.sf.freecol.server.networking.Server sendToAll
INFO: Reap dead connection: [DummyConnection Server connection - model.nation.iroquois]
Apr 27, 2018 11:59:13 PM net.sf.freecol.server.networking.Server sendToAll
INFO: Reap dead connection: [DummyConnection Server connection - model.nation.english]
Apr 27, 2018 11:59:13 PM net.sf.freecol.server.networking.Server sendToAll
INFO: Reap dead connection: [DummyConnection Server connection - model.nation.inca]
Apr 27, 2018 11:59:13 PM net.sf.freecol.server.networking.Server sendToAll
INFO: Reap dead connection: [DummyConnection Server connection - model.nation.sioux]
Apr 27, 2018 11:59:13 PM net.sf.freecol.server.networking.Server sendToAll
INFO: Reap dead connection: [DummyConnection Server connection - model.nation.apache]
Apr 27, 2018 11:59:13 PM net.sf.freecol.server.networking.Server sendToAll
INFO: Reap dead connection: [DummyConnection Server connection - model.nation.arawak]
Apr 27, 2018 11:59:13 PM net.sf.freecol.server.model.ServerPlayer csChangeStance
INFO: Stance modification William I UNCONTACTED -> WAR wrt Louis XIV
Apr 27, 2018 11:59:13 PM net.sf.freecol.server.model.ServerPlayer csChangeStance
INFO: Stance modification Louis XIV UNCONTACTED -> WAR wrt William I (symmetric)
Apr 27, 2018 11:59:13 PM net.sf.freecol.common.util.LogBuilder log
INFO: Combat attacker=unit:247-veteranSoldier-soldier [Modifier model.modifier.offence (model.source.baseOffence) ADDITIVE 0.0 index=10] [Modifier model.modifier.offence (model.role.soldier) ADDITIVE 2.0 index=30] [Modifier model.modifier.offence (model.unit.veteranSoldier) PERCENTAGE 50.0 index=40] [Modifier model.modifier.attackBonus (model.source.attackBonus) PERCENTAGE 50.0 index=50] = 4.5 defender=unit:248-freeColonist-soldier [Modifier model.modifier.defence (model.source.baseDefence) ADDITIVE 1.0 index=10] [Modifier model.modifier.defence (model.role.soldier) ADDITIVE 1.0 index=30] = 2.0 odds=0.6923076923076923 random(1.0)=0.7123076915740967 great=false Attack LOSE LOSE_EQUIP
Apr 27, 2018 11:59:13 PM net.sf.freecol.common.util.LogBuilder log
INFO: Combat attacker=unit:247-veteranSoldier [Modifier model.modifier.offence (model.source.baseOffence) ADDITIVE 0.0 index=10] [Modifier model.modifier.offence (model.unit.veteranSoldier) PERCENTAGE 50.0 index=40] [Modifier model.modifier.attackBonus (model.source.attackBonus) PERCENTAGE 50.0 index=50] = 0.0 defender=unit:248-freeColonist-soldier [Modifier model.modifier.defence (model.source.baseDefence) ADDITIVE 1.0 index=10] [Modifier model.modifier.defence (model.role.soldier) ADDITIVE 1.0 index=30] = 2.0 odds=0.0 random(1.0)=0.019999999552965164 great=false Attack LOSE CAPTURE_UNIT
Apr 27, 2018 11:59:13 PM net.sf.freecol.common.model.Specification applyDifficultyLevel
INFO: Applying difficulty level model.difficulty.medium
Apr 27, 2018 11:59:13 PM net.sf.freecol.common.FreeColSeed getFreeColSeed
INFO: Using seed: -8125319919037823929
Apr 27, 2018 11:59:13 PM net.sf.freecol.server.networking.Server sendToAll
INFO: Reap dead connection: [DummyConnection Server connection - model.nation.aztec]
Apr 27, 2018 11:59:13 PM net.sf.freecol.server.networking.Server sendToAll
INFO: Reap dead connection: [DummyConnection Server connection - model.nation.apache]
Apr 27, 2018 11:59:13 PM net.sf.freecol.server.networking.Server sendToAll
INFO: Reap dead connection: [DummyConnection Server connection - model.nation.cherokee]
Apr 27, 2018 11:59:13 PM net.sf.freecol.server.networking.Server sendToAll
INFO: Reap dead connection: [DummyConnection Server connection - model.nation.spanish]
Apr 27, 2018 11:59:13 PM net.sf.freecol.server.networking.Server sendToAll
INFO: Reap dead connection: [DummyConnection Server connection - model.nation.french]
Apr 27, 2018 11:59:13 PM net.sf.freecol.server.networking.Server sendToAll
INFO: Reap dead connection: [DummyConnection Server connection - model.nation.iroquois]
Apr 27, 2018 11:59:13 PM net.sf.freecol.server.networking.Server sendToAll
INFO: Reap dead connection: [DummyConnection Server connection - model.nation.inca]
Apr 27, 2018 11:59:13 PM net.sf.freecol.server.networking.Server sendToAll
INFO: Reap dead connection: [DummyConnection Server connection - model.nation.tupi]
Apr 27, 2018 11:59:13 PM net.sf.freecol.server.networking.Server sendToAll
INFO: Reap dead connection: [DummyConnection Server connection - model.nation.sioux]
Apr 27, 2018 11:59:13 PM net.sf.freecol.server.networking.Server sendToAll
INFO: Reap dead connection: [DummyConnection Server connection - model.nation.dutch]
Apr 27, 2018 11:59:13 PM net.sf.freecol.server.networking.Server sendToAll
INFO: Reap dead connection: [DummyConnection Server connection - model.nation.english]
Apr 27, 2018 11:59:13 PM net.sf.freecol.server.networking.Server sendToAll
INFO: Reap dead connection: [DummyConnection Server connection - model.nation.arawak]
Apr 27, 2018 11:59:13 PM net.sf.freecol.server.model.ServerPlayer csChangeStance
INFO: Stance modification William I UNCONTACTED -> WAR wrt Atahualpa
Apr 27, 2018 11:59:13 PM net.sf.freecol.server.model.ServerPlayer csChangeStance
INFO: Stance modification Atahualpa UNCONTACTED -> WAR wrt William I (symmetric)
Apr 27, 2018 11:59:13 PM net.sf.freecol.common.util.LogBuilder log
INFO: Combat attacker=unit:271-brave-nativeDragoon [Modifier model.modifier.offence (model.source.baseOffence) ADDITIVE 1.0 index=10] [Modifier model.modifier.offence (model.role.nativeDragoon) ADDITIVE 3.0 index=30] [Modifier model.modifier.attackBonus (model.source.attackBonus) PERCENTAGE 50.0 index=50] = 6.0 defender=unit:270-freeColonist [Modifier model.modifier.defence (model.source.baseDefence) ADDITIVE 1.0 index=10] [Modifier model.modifier.defence (model.role.soldier) ADDITIVE 1.0 index=30] [Modifier model.modifier.defence (model.settlement.colony) PERCENTAGE 50.0 index=50] = 3.0 odds=0.6666666666666666 random(1.0)=0.6466666460037231 great=false Attack WIN AUTOEQUIP_UNIT LOSE_AUTOEQUIP
Apr 27, 2018 11:59:13 PM net.sf.freecol.common.model.Specification applyDifficultyLevel
INFO: Applying difficulty level model.difficulty.medium
Apr 27, 2018 11:59:13 PM net.sf.freecol.common.FreeColSeed getFreeColSeed
INFO: Using seed: -1750940687180889527
Apr 27, 2018 11:59:13 PM net.sf.freecol.server.networking.Server sendToAll
INFO: Reap dead connection: [DummyConnection Server connection - model.nation.aztec]
Apr 27, 2018 11:59:13 PM net.sf.freecol.server.networking.Server sendToAll
INFO: Reap dead connection: [DummyConnection Server connection - model.nation.french]
Apr 27, 2018 11:59:13 PM net.sf.freecol.server.networking.Server sendToAll
INFO: Reap dead connection: [DummyConnection Server connection - model.nation.dutch]
Apr 27, 2018 11:59:13 PM net.sf.freecol.server.networking.Server sendToAll
INFO: Reap dead connection: [DummyConnection Server connection - model.nation.spanish]
Apr 27, 2018 11:59:13 PM net.sf.freecol.server.networking.Server sendToAll
INFO: Reap dead connection: [DummyConnection Server connection - model.nation.cherokee]
Apr 27, 2018 11:59:13 PM net.sf.freecol.server.networking.Server sendToAll
INFO: Reap dead connection: [DummyConnection Server connection - model.nation.sioux]
Apr 27, 2018 11:59:13 PM net.sf.freecol.server.networking.Server sendToAll
INFO: Reap dead connection: [DummyConnection Server connection - model.nation.inca]
Apr 27, 2018 11:59:13 PM net.sf.freecol.server.networking.Server sendToAll
INFO: Reap dead connection: [DummyConnection Server connection - model.nation.english]
Apr 27, 2018 11:59:13 PM net.sf.freecol.server.networking.Server sendToAll
INFO: Reap dead connection: [DummyConnection Server connection - model.nation.iroquois]
Apr 27, 2018 11:59:13 PM net.sf.freecol.server.networking.Server sendToAll
INFO: Reap dead connection: [DummyConnection Server connection - model.nation.apache]
Apr 27, 2018 11:59:13 PM net.sf.freecol.server.networking.Server sendToAll
INFO: Reap dead connection: [DummyConnection Server connection - model.nation.arawak]
Apr 27, 2018 11:59:13 PM net.sf.freecol.server.networking.Server sendToAll
INFO: Reap dead connection: [DummyConnection Server connection - model.nation.tupi]
Apr 27, 2018 11:59:13 PM net.sf.freecol.common.model.Specification applyDifficultyLevel
INFO: Applying difficulty level model.difficulty.medium
Apr 27, 2018 11:59:13 PM net.sf.freecol.common.FreeColSeed getFreeColSeed
INFO: Using seed: -664995357118604240
Apr 27, 2018 11:59:13 PM net.sf.freecol.server.networking.Server sendToAll
INFO: Reap dead connection: [DummyConnection Server connection - model.nation.inca]
Apr 27, 2018 11:59:13 PM net.sf.freecol.server.networking.Server sendToAll
INFO: Reap dead connection: [DummyConnection Server connection - model.nation.apache]
Apr 27, 2018 11:59:13 PM net.sf.freecol.server.networking.Server sendToAll
INFO: Reap dead connection: [DummyConnection Server connection - model.nation.sioux]
Apr 27, 2018 11:59:13 PM net.sf.freecol.server.networking.Server sendToAll
INFO: Reap dead connection: [DummyConnection Server connection - model.nation.aztec]
Apr 27, 2018 11:59:13 PM net.sf.freecol.server.networking.Server sendToAll
INFO: Reap dead connection: [DummyConnection Server connection - model.nation.iroquois]
Apr 27, 2018 11:59:13 PM net.sf.freecol.server.networking.Server sendToAll
INFO: Reap dead connection: [DummyConnection Server connection - model.nation.dutch]
Apr 27, 2018 11:59:13 PM net.sf.freecol.server.networking.Server sendToAll
INFO: Reap dead connection: [DummyConnection Server connection - model.nation.english]
Apr 27, 2018 11:59:13 PM net.sf.freecol.server.networking.Server sendToAll
INFO: Reap dead connection: [DummyConnection Server connection - model.nation.cherokee]
Apr 27, 2018 11:59:13 PM net.sf.freecol.server.networking.Server sendToAll
INFO: Reap dead connection: [DummyConnection Server connection - model.nation.tupi]
Apr 27, 2018 11:59:13 PM net.sf.freecol.server.networking.Server sendToAll
INFO: Reap dead connection: [DummyConnection Server connection - model.nation.spanish]
Apr 27, 2018 11:59:13 PM net.sf.freecol.server.networking.Server sendToAll
INFO: Reap dead connection: [DummyConnection Server connection - model.nation.french]
Apr 27, 2018 11:59:13 PM net.sf.freecol.server.networking.Server sendToAll
INFO: Reap dead connection: [DummyConnection Server connection - model.nation.arawak]
Apr 27, 2018 11:59:13 PM net.sf.freecol.server.model.ServerPlayer csChangeStance
INFO: Stance modification William I UNCONTACTED -> WAR wrt Louis XIV
Apr 27, 2018 11:59:13 PM net.sf.freecol.server.model.ServerPlayer csChangeStance
INFO: Stance modification Louis XIV UNCONTACTED -> WAR wrt William I (symmetric)
Apr 27, 2018 11:59:13 PM net.sf.freecol.common.util.LogBuilder log
INFO: Combat attacker=unit:247-freeColonist [Modifier model.modifier.offence (model.source.baseOffence) ADDITIVE 0.0 index=10] [Modifier model.modifier.attackBonus (model.source.attackBonus) PERCENTAGE 50.0 index=50] = 0.0 defender=unit:248-freeColonist-soldier [Modifier model.modifier.defence (model.source.baseDefence) ADDITIVE 1.0 index=10] [Modifier model.modifier.defence (model.role.soldier) ADDITIVE 1.0 index=30] = 2.0 odds=0.0 random(1.0)=0.019999999552965164 great=false Attack LOSE CAPTURE_UNIT
Apr 27, 2018 11:59:13 PM net.sf.freecol.common.model.Specification applyDifficultyLevel
INFO: Applying difficulty level model.difficulty.medium
Apr 27, 2018 11:59:13 PM net.sf.freecol.common.FreeColSeed getFreeColSeed
INFO: Using seed: 3270371967282581398
Apr 27, 2018 11:59:13 PM net.sf.freecol.server.networking.Server sendToAll
INFO: Reap dead connection: [DummyConnection Server connection - model.nation.inca]
Apr 27, 2018 11:59:13 PM net.sf.freecol.server.networking.Server sendToAll
INFO: Reap dead connection: [DummyConnection Server connection - model.nation.english]
Apr 27, 2018 11:59:13 PM net.sf.freecol.server.networking.Server sendToAll
INFO: Reap dead connection: [DummyConnection Server connection - model.nation.dutch]
Apr 27, 2018 11:59:13 PM net.sf.freecol.server.networking.Server sendToAll
INFO: Reap dead connection: [DummyConnection Server connection - model.nation.sioux]
Apr 27, 2018 11:59:13 PM net.sf.freecol.server.networking.Server sendToAll
INFO: Reap dead connection: [DummyConnection Server connection - model.nation.aztec]
Apr 27, 2018 11:59:13 PM net.sf.freecol.server.networking.Server sendToAll
INFO: Reap dead connection: [DummyConnection Server connection - model.nation.french]
Apr 27, 2018 11:59:13 PM net.sf.freecol.server.networking.Server sendToAll
INFO: Reap dead connection: [DummyConnection Server connection - model.nation.spanish]
Apr 27, 2018 11:59:13 PM net.sf.freecol.server.networking.Server sendToAll
INFO: Reap dead connection: [DummyConnection Server connection - model.nation.apache]
Apr 27, 2018 11:59:13 PM net.sf.freecol.server.networking.Server sendToAll
INFO: Reap dead connection: [DummyConnection Server connection - model.nation.iroquois]
Apr 27, 2018 11:59:13 PM net.sf.freecol.server.networking.Server sendToAll
INFO: Reap dead connection: [DummyConnection Server connection - model.nation.tupi]
Apr 27, 2018 11:59:13 PM net.sf.freecol.server.networking.Server sendToAll
INFO: Reap dead connection: [DummyConnection Server connection - model.nation.arawak]
Apr 27, 2018 11:59:13 PM net.sf.freecol.server.networking.Server sendToAll
INFO: Reap dead connection: [DummyConnection Server connection - model.nation.cherokee]
Apr 27, 2018 11:59:13 PM net.sf.freecol.server.model.ServerPlayer csChangeStance
INFO: Stance modification William I UNCONTACTED -> WAR wrt Louis XIV
Apr 27, 2018 11:59:13 PM net.sf.freecol.server.model.ServerPlayer csChangeStance
INFO: Stance modification Louis XIV UNCONTACTED -> WAR wrt William I (symmetric)
Apr 27, 2018 11:59:13 PM net.sf.freecol.common.util.LogBuilder log
INFO: Combat attacker=unit:247-freeColonist-scout [Modifier model.modifier.offence (model.source.baseOffence) ADDITIVE 0.0 index=10] [Modifier model.modifier.offence (model.role.scout) ADDITIVE 1.0 index=30] [Modifier model.modifier.attackBonus (model.source.attackBonus) PERCENTAGE 50.0 index=50] = 1.5 defender=unit:248-freeColonist-soldier [Modifier model.modifier.defence (model.source.baseDefence) ADDITIVE 1.0 index=10] [Modifier model.modifier.defence (model.role.soldier) ADDITIVE 1.0 index=30] = 2.0 odds=0.42857142857142855 random(1.0)=0.44857141375541687 great=false Attack LOSE SLAUGHTER_UNIT
Apr 27, 2018 11:59:13 PM net.sf.freecol.common.util.LogBuilder log
INFO: Destroying: unit:247
Apr 27, 2018 11:59:13 PM net.sf.freecol.common.model.Specification applyDifficultyLevel
INFO: Applying difficulty level model.difficulty.medium
Apr 27, 2018 11:59:13 PM net.sf.freecol.common.FreeColSeed getFreeColSeed
INFO: Using seed: 8828059200775520510
Apr 27, 2018 11:59:13 PM net.sf.freecol.server.networking.Server sendToAll
INFO: Reap dead connection: [DummyConnection Server connection - model.nation.tupi]
Apr 27, 2018 11:59:13 PM net.sf.freecol.server.networking.Server sendToAll
INFO: Reap dead connection: [DummyConnection Server connection - model.nation.apache]
Apr 27, 2018 11:59:13 PM net.sf.freecol.server.networking.Server sendToAll
INFO: Reap dead connection: [DummyConnection Server connection - model.nation.spanish]
Apr 27, 2018 11:59:13 PM net.sf.freecol.server.networking.Server sendToAll
INFO: Reap dead connection: [DummyConnection Server connection - model.nation.aztec]
Apr 27, 2018 11:59:13 PM net.sf.freecol.server.networking.Server sendToAll
INFO: Reap dead connection: [DummyConnection Server connection - model.nation.dutch]
Apr 27, 2018 11:59:13 PM net.sf.freecol.server.networking.Server sendToAll
INFO: Reap dead connection: [DummyConnection Server connection - model.nation.cherokee]
Apr 27, 2018 11:59:13 PM net.sf.freecol.server.networking.Server sendToAll
INFO: Reap dead connection: [DummyConnection Server connection - model.nation.arawak]
Apr 27, 2018 11:59:13 PM net.sf.freecol.server.networking.Server sendToAll
INFO: Reap dead connection: [DummyConnection Server connection - model.nation.french]
Apr 27, 2018 11:59:13 PM net.sf.freecol.server.networking.Server sendToAll
INFO: Reap dead connection: [DummyConnection Server connection - model.nation.inca]
Apr 27, 2018 11:59:13 PM net.sf.freecol.server.networking.Server sendToAll
INFO: Reap dead connection: [DummyConnection Server connection - model.nation.iroquois]
Apr 27, 2018 11:59:13 PM net.sf.freecol.server.networking.Server sendToAll
INFO: Reap dead connection: [DummyConnection Server connection - model.nation.sioux]
Apr 27, 2018 11:59:13 PM net.sf.freecol.server.networking.Server sendToAll
INFO: Reap dead connection: [DummyConnection Server connection - model.nation.english]
Apr 27, 2018 11:59:13 PM net.sf.freecol.common.model.Specification applyDifficultyLevel
INFO: Applying difficulty level model.difficulty.medium
Apr 27, 2018 11:59:13 PM net.sf.freecol.common.FreeColSeed getFreeColSeed
INFO: Using seed: -1784833092561252111
Apr 27, 2018 11:59:13 PM net.sf.freecol.server.networking.Server sendToAll
INFO: Reap dead connection: [DummyConnection Server connection - model.nation.iroquois]
Apr 27, 2018 11:59:13 PM net.sf.freecol.server.networking.Server sendToAll
INFO: Reap dead connection: [DummyConnection Server connection - model.nation.dutch]
Apr 27, 2018 11:59:13 PM net.sf.freecol.server.networking.Server sendToAll
INFO: Reap dead connection: [DummyConnection Server connection - model.nation.french]
Apr 27, 2018 11:59:13 PM net.sf.freecol.server.networking.Server sendToAll
INFO: Reap dead connection: [DummyConnection Server connection - model.nation.tupi]
Apr 27, 2018 11:59:13 PM net.sf.freecol.server.networking.Server sendToAll
INFO: Reap dead connection: [DummyConnection Server connection - model.nation.arawak]
Apr 27, 2018 11:59:13 PM net.sf.freecol.server.networking.Server sendToAll
INFO: Reap dead connection: [DummyConnection Server connection - model.nation.apache]
Apr 27, 2018 11:59:13 PM net.sf.freecol.server.networking.Server sendToAll
INFO: Reap dead connection: [DummyConnection Server connection - model.nation.sioux]
Apr 27, 2018 11:59:13 PM net.sf.freecol.server.networking.Server sendToAll
INFO: Reap dead connection: [DummyConnection Server connection - model.nation.aztec]
Apr 27, 2018 11:59:13 PM net.sf.freecol.server.networking.Server sendToAll
INFO: Reap dead connection: [DummyConnection Server connection - model.nation.cherokee]
Apr 27, 2018 11:59:13 PM net.sf.freecol.server.networking.Server sendToAll
INFO: Reap dead connection: [DummyConnection Server connection - model.nation.spanish]
Apr 27, 2018 11:59:13 PM net.sf.freecol.server.networking.Server sendToAll
INFO: Reap dead connection: [DummyConnection Server connection - model.nation.inca]
Apr 27, 2018 11:59:13 PM net.sf.freecol.server.networking.Server sendToAll
INFO: Reap dead connection: [DummyConnection Server connection - model.nation.english]
Apr 27, 2018 11:59:13 PM net.sf.freecol.server.model.ServerPlayer csChangeStance
INFO: Stance modification William I UNCONTACTED -> WAR wrt Atahualpa
Apr 27, 2018 11:59:13 PM net.sf.freecol.server.model.ServerPlayer csChangeStance
INFO: Stance modification Atahualpa UNCONTACTED -> WAR wrt William I (symmetric)
Apr 27, 2018 11:59:13 PM net.sf.freecol.common.util.LogBuilder log
INFO: Combat attacker=unit:272-brave-nativeDragoon [Modifier model.modifier.offence (model.source.baseOffence) ADDITIVE 1.0 index=10] [Modifier model.modifier.offence (model.role.nativeDragoon) ADDITIVE 3.0 index=30] [Modifier model.modifier.attackBonus (model.source.attackBonus) PERCENTAGE 50.0 index=50] = 6.0 defender=unit:271-veteranSoldier-dragoon [Modifier model.modifier.defence (model.source.baseDefence) ADDITIVE 1.0 index=10] [Modifier model.modifier.defence (model.role.dragoon) ADDITIVE 2.0 index=30] [Modifier model.modifier.defence (model.unit.veteranSoldier) PERCENTAGE 50.0 index=40] [Modifier model.modifier.defence (model.settlement.colony) PERCENTAGE 50.0 index=50] = 6.75 odds=0.47058823529411764 random(1.0)=0.4505882263183594 great=false Attack WIN LOSE_EQUIP
Apr 27, 2018 11:59:13 PM net.sf.freecol.common.util.LogBuilder log
INFO: Combat attacker=unit:272-brave-nativeDragoon [Modifier model.modifier.offence (model.source.baseOffence) ADDITIVE 1.0 index=10] [Modifier model.modifier.offence (model.role.nativeDragoon) ADDITIVE 3.0 index=30] [Modifier model.modifier.attackBonus (model.source.attackBonus) PERCENTAGE 50.0 index=50] = 6.0 defender=unit:271-veteranSoldier-soldier [Modifier model.modifier.defence (model.source.baseDefence) ADDITIVE 1.0 index=10] [Modifier model.modifier.defence (model.role.soldier) ADDITIVE 1.0 index=30] [Modifier model.modifier.defence (model.unit.veteranSoldier) PERCENTAGE 50.0 index=40] [Modifier model.modifier.defence (model.settlement.colony) PERCENTAGE 50.0 index=50] = 4.5 odds=0.5714285714285714 random(1.0)=0.5514285564422607 great=false Attack WIN LOSE_EQUIP
Apr 27, 2018 11:59:13 PM net.sf.freecol.common.util.LogBuilder log
INFO: Combat attacker=unit:272-brave-nativeDragoon [Modifier model.modifier.offence (model.source.baseOffence) ADDITIVE 1.0 index=10] [Modifier model.modifier.offence (model.role.nativeDragoon) ADDITIVE 3.0 index=30] [Modifier model.modifier.attackBonus (model.source.attackBonus) PERCENTAGE 50.0 index=50] = 6.0 defender=unit:271-veteranSoldier [Modifier model.modifier.defence (model.source.baseDefence) ADDITIVE 1.0 index=10] [Modifier model.modifier.defence (model.unit.veteranSoldier) PERCENTAGE 50.0 index=40] [Modifier model.modifier.defence (model.settlement.colony) PERCENTAGE 50.0 index=50] = 2.25 odds=0.7272727272727273 random(1.0)=0.7072727084159851 great=false Attack WIN SLAUGHTER_UNIT
Apr 27, 2018 11:59:13 PM net.sf.freecol.common.util.LogBuilder log
INFO: Destroying: unit:271
Apr 27, 2018 11:59:13 PM net.sf.freecol.common.util.LogBuilder log
INFO: Combat attacker=unit:272-brave-nativeDragoon [Modifier model.modifier.offence (model.source.baseOffence) ADDITIVE 1.0 index=10] [Modifier model.modifier.offence (model.role.nativeDragoon) ADDITIVE 3.0 index=30] [Modifier model.modifier.attackBonus (model.source.attackBonus) PERCENTAGE 50.0 index=50] = 6.0 defender=unit:270-freeColonist [Modifier model.modifier.defence (model.source.baseDefence) ADDITIVE 1.0 index=10] [Modifier model.modifier.defence (model.settlement.colony) PERCENTAGE 50.0 index=50] = 1.5 odds=0.8 random(1.0)=0.7799999713897705 great=false Attack WIN PILLAGE_COLONY
Apr 27, 2018 11:59:13 PM net.sf.freecol.common.util.LogBuilder log
INFO: Destroying: building:274
Apr 27, 2018 11:59:13 PM net.sf.freecol.common.util.LogBuilder log
INFO: Combat attacker=unit:272-brave-nativeDragoon [Modifier model.modifier.offence (model.source.baseOffence) ADDITIVE 1.0 index=10] [Modifier model.modifier.offence (model.role.nativeDragoon) ADDITIVE 3.0 index=30] [Modifier model.modifier.attackBonus (model.source.attackBonus) PERCENTAGE 50.0 index=50] = 6.0 defender=unit:270-freeColonist [Modifier model.modifier.defence (model.source.baseDefence) ADDITIVE 1.0 index=10] [Modifier model.modifier.defence (model.settlement.colony) PERCENTAGE 50.0 index=50] = 1.5 odds=0.8 random(1.0)=0.7799999713897705 great=false Attack WIN PILLAGE_COLONY
Apr 27, 2018 11:59:13 PM net.sf.freecol.common.util.LogBuilder log
INFO: Combat attacker=unit:272-brave-nativeDragoon [Modifier model.modifier.offence (model.source.baseOffence) ADDITIVE 1.0 index=10] [Modifier model.modifier.offence (model.role.nativeDragoon) ADDITIVE 3.0 index=30] [Modifier model.modifier.attackBonus (model.source.attackBonus) PERCENTAGE 50.0 index=50] = 6.0 defender=unit:270-freeColonist [Modifier model.modifier.defence (model.source.baseDefence) ADDITIVE 1.0 index=10] [Modifier model.modifier.defence (model.settlement.colony) PERCENTAGE 50.0 index=50] = 1.5 odds=0.8 random(1.0)=0.7799999713897705 great=false Attack WIN PILLAGE_COLONY
Apr 27, 2018 11:59:13 PM net.sf.freecol.common.util.LogBuilder log
INFO: Combat attacker=unit:272-brave-nativeDragoon [Modifier model.modifier.offence (model.source.baseOffence) ADDITIVE 1.0 index=10] [Modifier model.modifier.offence (model.role.nativeDragoon) ADDITIVE 3.0 index=30] [Modifier model.modifier.attackBonus (model.source.attackBonus) PERCENTAGE 50.0 index=50] = 6.0 defender=unit:270-freeColonist [Modifier model.modifier.defence (model.source.baseDefence) ADDITIVE 1.0 index=10] [Modifier model.modifier.defence (model.settlement.colony) PERCENTAGE 50.0 index=50] = 1.5 odds=0.8 random(1.0)=0.7799999713897705 great=false Attack WIN PILLAGE_COLONY
Apr 27, 2018 11:59:13 PM net.sf.freecol.common.util.LogBuilder log
INFO: Combat attacker=unit:272-brave-nativeDragoon [Modifier model.modifier.offence (model.source.baseOffence) ADDITIVE 1.0 index=10] [Modifier model.modifier.offence (model.role.nativeDragoon) ADDITIVE 3.0 index=30] [Modifier model.modifier.attackBonus (model.source.attackBonus) PERCENTAGE 50.0 index=50] = 6.0 defender=unit:270-freeColonist [Modifier model.modifier.defence (model.source.baseDefence) ADDITIVE 1.0 index=10] [Modifier model.modifier.defence (model.settlement.colony) PERCENTAGE 50.0 index=50] = 1.5 odds=0.8 random(1.0)=0.7799999713897705 great=false Attack WIN SLAUGHTER_UNIT DESTROY_COLONY
Apr 27, 2018 11:59:13 PM net.sf.freecol.common.util.LogBuilder log
INFO: Destroying: unit:270
Apr 27, 2018 11:59:13 PM net.sf.freecol.common.util.LogBuilder log
INFO: Destroying: colonyTile:249 colonyTile:250 colonyTile:251 colonyTile:252 colonyTile:253 colonyTile:254 colonyTile:255 colonyTile:256 colonyTile:257 building:258 building:260 building:259 building:262 building:266 building:267 building:261 building:263 building:264 building:265 goodsContainer:248 colony:247
Apr 27, 2018 11:59:13 PM net.sf.freecol.common.model.Specification applyDifficultyLevel
INFO: Applying difficulty level model.difficulty.medium
Apr 27, 2018 11:59:13 PM net.sf.freecol.common.FreeColSeed getFreeColSeed
INFO: Using seed: -8426350801821239947
Apr 27, 2018 11:59:13 PM net.sf.freecol.server.networking.Server sendToAll
INFO: Reap dead connection: [DummyConnection Server connection - model.nation.iroquois]
Apr 27, 2018 11:59:13 PM net.sf.freecol.server.networking.Server sendToAll
INFO: Reap dead connection: [DummyConnection Server connection - model.nation.cherokee]
Apr 27, 2018 11:59:13 PM net.sf.freecol.server.networking.Server sendToAll
INFO: Reap dead connection: [DummyConnection Server connection - model.nation.english]
Apr 27, 2018 11:59:13 PM net.sf.freecol.server.networking.Server sendToAll
INFO: Reap dead connection: [DummyConnection Server connection - model.nation.spanish]
Apr 27, 2018 11:59:13 PM net.sf.freecol.server.networking.Server sendToAll
INFO: Reap dead connection: [DummyConnection Server connection - model.nation.apache]
Apr 27, 2018 11:59:13 PM net.sf.freecol.server.networking.Server sendToAll
INFO: Reap dead connection: [DummyConnection Server connection - model.nation.inca]
Apr 27, 2018 11:59:13 PM net.sf.freecol.server.networking.Server sendToAll
INFO: Reap dead connection: [DummyConnection Server connection - model.nation.dutch]
Apr 27, 2018 11:59:13 PM net.sf.freecol.server.networking.Server sendToAll
INFO: Reap dead connection: [DummyConnection Server connection - model.nation.french]
Apr 27, 2018 11:59:13 PM net.sf.freecol.server.networking.Server sendToAll
INFO: Reap dead connection: [DummyConnection Server connection - model.nation.tupi]
Apr 27, 2018 11:59:13 PM net.sf.freecol.server.networking.Server sendToAll
INFO: Reap dead connection: [DummyConnection Server connection - model.nation.arawak]
Apr 27, 2018 11:59:13 PM net.sf.freecol.server.networking.Server sendToAll
INFO: Reap dead connection: [DummyConnection Server connection - model.nation.sioux]
Apr 27, 2018 11:59:13 PM net.sf.freecol.server.networking.Server sendToAll
INFO: Reap dead connection: [DummyConnection Server connection - model.nation.aztec]
Apr 27, 2018 11:59:13 PM net.sf.freecol.common.model.Specification applyDifficultyLevel
INFO: Applying difficulty level model.difficulty.medium
Apr 27, 2018 11:59:13 PM net.sf.freecol.common.FreeColSeed getFreeColSeed
INFO: Using seed: 2420260721422238795
Apr 27, 2018 11:59:13 PM net.sf.freecol.server.networking.Server sendToAll
INFO: Reap dead connection: [DummyConnection Server connection - model.nation.tupi]
Apr 27, 2018 11:59:13 PM net.sf.freecol.server.networking.Server sendToAll
INFO: Reap dead connection: [DummyConnection Server connection - model.nation.iroquois]
Apr 27, 2018 11:59:13 PM net.sf.freecol.server.networking.Server sendToAll
INFO: Reap dead connection: [DummyConnection Server connection - model.nation.sioux]
Apr 27, 2018 11:59:13 PM net.sf.freecol.server.networking.Server sendToAll
INFO: Reap dead connection: [DummyConnection Server connection - model.nation.inca]
Apr 27, 2018 11:59:13 PM net.sf.freecol.server.networking.Server sendToAll
INFO: Reap dead connection: [DummyConnection Server connection - model.nation.arawak]
Apr 27, 2018 11:59:13 PM net.sf.freecol.server.networking.Server sendToAll
INFO: Reap dead connection: [DummyConnection Server connection - model.nation.english]
Apr 27, 2018 11:59:13 PM net.sf.freecol.server.networking.Server sendToAll
INFO: Reap dead connection: [DummyConnection Server connection - model.nation.dutch]
Apr 27, 2018 11:59:13 PM net.sf.freecol.server.networking.Server sendToAll
INFO: Reap dead connection: [DummyConnection Server connection - model.nation.aztec]
Apr 27, 2018 11:59:13 PM net.sf.freecol.server.networking.Server sendToAll
INFO: Reap dead connection: [DummyConnection Server connection - model.nation.cherokee]
Apr 27, 2018 11:59:13 PM net.sf.freecol.server.networking.Server sendToAll
INFO: Reap dead connection: [DummyConnection Server connection - model.nation.apache]
Apr 27, 2018 11:59:13 PM net.sf.freecol.server.networking.Server sendToAll
INFO: Reap dead connection: [DummyConnection Server connection - model.nation.french]
Apr 27, 2018 11:59:13 PM net.sf.freecol.server.networking.Server sendToAll
INFO: Reap dead connection: [DummyConnection Server connection - model.nation.spanish]
Apr 27, 2018 11:59:14 PM net.sf.freecol.common.model.Specification applyDifficultyLevel
INFO: Applying difficulty level model.difficulty.medium
Apr 27, 2018 11:59:14 PM net.sf.freecol.common.FreeColSeed getFreeColSeed
INFO: Using seed: -1316585627742485594
Apr 27, 2018 11:59:14 PM net.sf.freecol.server.networking.Server sendToAll
INFO: Reap dead connection: [DummyConnection Server connection - model.nation.tupi]
Apr 27, 2018 11:59:14 PM net.sf.freecol.server.networking.Server sendToAll
INFO: Reap dead connection: [DummyConnection Server connection - model.nation.spanish]
Apr 27, 2018 11:59:14 PM net.sf.freecol.server.networking.Server sendToAll
INFO: Reap dead connection: [DummyConnection Server connection - model.nation.aztec]
Apr 27, 2018 11:59:14 PM net.sf.freecol.server.networking.Server sendToAll
INFO: Reap dead connection: [DummyConnection Server connection - model.nation.cherokee]
Apr 27, 2018 11:59:14 PM net.sf.freecol.server.networking.Server sendToAll
INFO: Reap dead connection: [DummyConnection Server connection - model.nation.french]
Apr 27, 2018 11:59:14 PM net.sf.freecol.server.networking.Server sendToAll
INFO: Reap dead connection: [DummyConnection Server connection - model.nation.arawak]
Apr 27, 2018 11:59:14 PM net.sf.freecol.server.networking.Server sendToAll
INFO: Reap dead connection: [DummyConnection Server connection - model.nation.iroquois]
Apr 27, 2018 11:59:14 PM net.sf.freecol.server.networking.Server sendToAll
INFO: Reap dead connection: [DummyConnection Server connection - model.nation.inca]
Apr 27, 2018 11:59:14 PM net.sf.freecol.server.networking.Server sendToAll
INFO: Reap dead connection: [DummyConnection Server connection - model.nation.apache]
Apr 27, 2018 11:59:14 PM net.sf.freecol.server.networking.Server sendToAll
INFO: Reap dead connection: [DummyConnection Server connection - model.nation.dutch]
Apr 27, 2018 11:59:14 PM net.sf.freecol.server.networking.Server sendToAll
INFO: Reap dead connection: [DummyConnection Server connection - model.nation.english]
Apr 27, 2018 11:59:14 PM net.sf.freecol.server.networking.Server sendToAll
INFO: Reap dead connection: [DummyConnection Server connection - model.nation.sioux]
Apr 27, 2018 11:59:14 PM net.sf.freecol.common.model.Specification applyDifficultyLevel
INFO: Applying difficulty level model.difficulty.medium
Apr 27, 2018 11:59:14 PM net.sf.freecol.common.FreeColSeed getFreeColSeed
INFO: Using seed: -5353680114408136889
Apr 27, 2018 11:59:14 PM net.sf.freecol.server.networking.Server sendToAll
INFO: Reap dead connection: [DummyConnection Server connection - model.nation.english]
Apr 27, 2018 11:59:14 PM net.sf.freecol.server.networking.Server sendToAll
INFO: Reap dead connection: [DummyConnection Server connection - model.nation.french]
Apr 27, 2018 11:59:14 PM net.sf.freecol.server.networking.Server sendToAll
INFO: Reap dead connection: [DummyConnection Server connection - model.nation.sioux]
Apr 27, 2018 11:59:14 PM net.sf.freecol.server.networking.Server sendToAll
INFO: Reap dead connection: [DummyConnection Server connection - model.nation.apache]
Apr 27, 2018 11:59:14 PM net.sf.freecol.server.networking.Server sendToAll
INFO: Reap dead connection: [DummyConnection Server connection - model.nation.iroquois]
Apr 27, 2018 11:59:14 PM net.sf.freecol.server.networking.Server sendToAll
INFO: Reap dead connection: [DummyConnection Server connection - model.nation.spanish]
Apr 27, 2018 11:59:14 PM net.sf.freecol.server.networking.Server sendToAll
INFO: Reap dead connection: [DummyConnection Server connection - model.nation.arawak]
Apr 27, 2018 11:59:14 PM net.sf.freecol.server.networking.Server sendToAll
INFO: Reap dead connection: [DummyConnection Server connection - model.nation.cherokee]
Apr 27, 2018 11:59:14 PM net.sf.freecol.server.networking.Server sendToAll
INFO: Reap dead connection: [DummyConnection Server connection - model.nation.aztec]
Apr 27, 2018 11:59:14 PM net.sf.freecol.server.networking.Server sendToAll
INFO: Reap dead connection: [DummyConnection Server connection - model.nation.tupi]
Apr 27, 2018 11:59:14 PM net.sf.freecol.server.networking.Server sendToAll
INFO: Reap dead connection: [DummyConnection Server connection - model.nation.dutch]
Apr 27, 2018 11:59:14 PM net.sf.freecol.server.networking.Server sendToAll
INFO: Reap dead connection: [DummyConnection Server connection - model.nation.inca]
Apr 27, 2018 11:59:14 PM net.sf.freecol.common.model.Specification applyDifficultyLevel
INFO: Applying difficulty level model.difficulty.medium
Apr 27, 2018 11:59:14 PM net.sf.freecol.common.FreeColSeed getFreeColSeed
INFO: Using seed: 60775433986727184
Apr 27, 2018 11:59:14 PM net.sf.freecol.server.networking.Server sendToAll
INFO: Reap dead connection: [DummyConnection Server connection - model.nation.tupi]
Apr 27, 2018 11:59:14 PM net.sf.freecol.server.networking.Server sendToAll
INFO: Reap dead connection: [DummyConnection Server connection - model.nation.arawak]
Apr 27, 2018 11:59:14 PM net.sf.freecol.server.networking.Server sendToAll
INFO: Reap dead connection: [DummyConnection Server connection - model.nation.english]
Apr 27, 2018 11:59:14 PM net.sf.freecol.server.networking.Server sendToAll
INFO: Reap dead connection: [DummyConnection Server connection - model.nation.french]
Apr 27, 2018 11:59:14 PM net.sf.freecol.server.networking.Server sendToAll
INFO: Reap dead connection: [DummyConnection Server connection - model.nation.apache]
Apr 27, 2018 11:59:14 PM net.sf.freecol.server.networking.Server sendToAll
INFO: Reap dead connection: [DummyConnection Server connection - model.nation.dutch]
Apr 27, 2018 11:59:14 PM net.sf.freecol.server.networking.Server sendToAll
INFO: Reap dead connection: [DummyConnection Server connection - model.nation.inca]
Apr 27, 2018 11:59:14 PM net.sf.freecol.server.networking.Server sendToAll
INFO: Reap dead connection: [DummyConnection Server connection - model.nation.cherokee]
Apr 27, 2018 11:59:14 PM net.sf.freecol.server.networking.Server sendToAll
INFO: Reap dead connection: [DummyConnection Server connection - model.nation.iroquois]
Apr 27, 2018 11:59:14 PM net.sf.freecol.server.networking.Server sendToAll
INFO: Reap dead connection: [DummyConnection Server connection - model.nation.spanish]
Apr 27, 2018 11:59:14 PM net.sf.freecol.server.networking.Server sendToAll
INFO: Reap dead connection: [DummyConnection Server connection - model.nation.aztec]
Apr 27, 2018 11:59:14 PM net.sf.freecol.server.networking.Server sendToAll
INFO: Reap dead connection: [DummyConnection Server connection - model.nation.sioux]
Apr 27, 2018 11:59:14 PM net.sf.freecol.common.model.Specification applyDifficultyLevel
INFO: Applying difficulty level model.difficulty.medium
Apr 27, 2018 11:59:14 PM net.sf.freecol.common.FreeColSeed getFreeColSeed
INFO: Using seed: -5046974901441181382
Apr 27, 2018 11:59:14 PM net.sf.freecol.server.networking.Server sendToAll
INFO: Reap dead connection: [DummyConnection Server connection - model.nation.aztec]
Apr 27, 2018 11:59:14 PM net.sf.freecol.server.networking.Server sendToAll
INFO: Reap dead connection: [DummyConnection Server connection - model.nation.iroquois]
Apr 27, 2018 11:59:14 PM net.sf.freecol.server.networking.Server sendToAll
INFO: Reap dead connection: [DummyConnection Server connection - model.nation.dutch]
Apr 27, 2018 11:59:14 PM net.sf.freecol.server.networking.Server sendToAll
INFO: Reap dead connection: [DummyConnection Server connection - model.nation.tupi]
Apr 27, 2018 11:59:14 PM net.sf.freecol.server.networking.Server sendToAll
INFO: Reap dead connection: [DummyConnection Server connection - model.nation.inca]
Apr 27, 2018 11:59:14 PM net.sf.freecol.server.networking.Server sendToAll
INFO: Reap dead connection: [DummyConnection Server connection - model.nation.sioux]
Apr 27, 2018 11:59:14 PM net.sf.freecol.server.networking.Server sendToAll
INFO: Reap dead connection: [DummyConnection Server connection - model.nation.apache]
Apr 27, 2018 11:59:14 PM net.sf.freecol.server.networking.Server sendToAll
INFO: Reap dead connection: [DummyConnection Server connection - model.nation.english]
Apr 27, 2018 11:59:14 PM net.sf.freecol.server.networking.Server sendToAll
INFO: Reap dead connection: [DummyConnection Server connection - model.nation.spanish]
Apr 27, 2018 11:59:14 PM net.sf.freecol.server.networking.Server sendToAll
INFO: Reap dead connection: [DummyConnection Server connection - model.nation.arawak]
Apr 27, 2018 11:59:14 PM net.sf.freecol.server.networking.Server sendToAll
INFO: Reap dead connection: [DummyConnection Server connection - model.nation.french]
Apr 27, 2018 11:59:14 PM net.sf.freecol.server.networking.Server sendToAll
INFO: Reap dead connection: [DummyConnection Server connection - model.nation.cherokee]
Apr 27, 2018 11:59:14 PM net.sf.freecol.common.model.Specification applyDifficultyLevel
INFO: Applying difficulty level model.difficulty.medium
Apr 27, 2018 11:59:14 PM net.sf.freecol.common.FreeColSeed getFreeColSeed
INFO: Using seed: 1808028170339242807
Apr 27, 2018 11:59:14 PM net.sf.freecol.server.networking.Server sendToAll
INFO: Reap dead connection: [DummyConnection Server connection - model.nation.french]
Apr 27, 2018 11:59:14 PM net.sf.freecol.server.networking.Server sendToAll
INFO: Reap dead connection: [DummyConnection Server connection - model.nation.cherokee]
Apr 27, 2018 11:59:14 PM net.sf.freecol.server.networking.Server sendToAll
INFO: Reap dead connection: [DummyConnection Server connection - model.nation.apache]
Apr 27, 2018 11:59:14 PM net.sf.freecol.server.networking.Server sendToAll
INFO: Reap dead connection: [DummyConnection Server connection - model.nation.inca]
Apr 27, 2018 11:59:14 PM net.sf.freecol.server.networking.Server sendToAll
INFO: Reap dead connection: [DummyConnection Server connection - model.nation.iroquois]
Apr 27, 2018 11:59:14 PM net.sf.freecol.server.networking.Server sendToAll
INFO: Reap dead connection: [DummyConnection Server connection - model.nation.sioux]
Apr 27, 2018 11:59:14 PM net.sf.freecol.server.networking.Server sendToAll
INFO: Reap dead connection: [DummyConnection Server connection - model.nation.dutch]
Apr 27, 2018 11:59:14 PM net.sf.freecol.server.networking.Server sendToAll
INFO: Reap dead connection: [DummyConnection Server connection - model.nation.arawak]
Apr 27, 2018 11:59:14 PM net.sf.freecol.server.networking.Server sendToAll
INFO: Reap dead connection: [DummyConnection Server connection - model.nation.spanish]
Apr 27, 2018 11:59:14 PM net.sf.freecol.server.networking.Server sendToAll
INFO: Reap dead connection: [DummyConnection Server connection - model.nation.tupi]
Apr 27, 2018 11:59:14 PM net.sf.freecol.server.networking.Server sendToAll
INFO: Reap dead connection: [DummyConnection Server connection - model.nation.aztec]
Apr 27, 2018 11:59:14 PM net.sf.freecol.server.networking.Server sendToAll
INFO: Reap dead connection: [DummyConnection Server connection - model.nation.english]
Apr 27, 2018 11:59:14 PM net.sf.freecol.common.model.Unit setLocation
WARNING: Can not add [unit:272 dutch pettyCriminal 0/1] to building:258
Apr 27, 2018 11:59:14 PM net.sf.freecol.common.model.Specification applyDifficultyLevel
INFO: Applying difficulty level model.difficulty.medium
Apr 27, 2018 11:59:14 PM net.sf.freecol.common.FreeColSeed getFreeColSeed
INFO: Using seed: -8280457336704012293
Apr 27, 2018 11:59:14 PM net.sf.freecol.server.networking.Server sendToAll
INFO: Reap dead connection: [DummyConnection Server connection - model.nation.iroquois]
Apr 27, 2018 11:59:14 PM net.sf.freecol.server.networking.Server sendToAll
INFO: Reap dead connection: [DummyConnection Server connection - model.nation.aztec]
Apr 27, 2018 11:59:14 PM net.sf.freecol.server.networking.Server sendToAll
INFO: Reap dead connection: [DummyConnection Server connection - model.nation.tupi]
Apr 27, 2018 11:59:14 PM net.sf.freecol.server.networking.Server sendToAll
INFO: Reap dead connection: [DummyConnection Server connection - model.nation.dutch]
Apr 27, 2018 11:59:14 PM net.sf.freecol.server.networking.Server sendToAll
INFO: Reap dead connection: [DummyConnection Server connection - model.nation.french]
Apr 27, 2018 11:59:14 PM net.sf.freecol.server.networking.Server sendToAll
INFO: Reap dead connection: [DummyConnection Server connection - model.nation.arawak]
Apr 27, 2018 11:59:14 PM net.sf.freecol.server.networking.Server sendToAll
INFO: Reap dead connection: [DummyConnection Server connection - model.nation.spanish]
Apr 27, 2018 11:59:14 PM net.sf.freecol.server.networking.Server sendToAll
INFO: Reap dead connection: [DummyConnection Server connection - model.nation.apache]
Apr 27, 2018 11:59:14 PM net.sf.freecol.server.networking.Server sendToAll
INFO: Reap dead connection: [DummyConnection Server connection - model.nation.inca]
Apr 27, 2018 11:59:14 PM net.sf.freecol.server.networking.Server sendToAll
INFO: Reap dead connection: [DummyConnection Server connection - model.nation.english]
Apr 27, 2018 11:59:14 PM net.sf.freecol.server.networking.Server sendToAll
INFO: Reap dead connection: [DummyConnection Server connection - model.nation.cherokee]
Apr 27, 2018 11:59:14 PM net.sf.freecol.server.networking.Server sendToAll
INFO: Reap dead connection: [DummyConnection Server connection - model.nation.sioux]
Apr 27, 2018 11:59:14 PM net.sf.freecol.common.model.Specification applyDifficultyLevel
INFO: Applying difficulty level model.difficulty.medium
Apr 27, 2018 11:59:14 PM net.sf.freecol.common.FreeColSeed getFreeColSeed
INFO: Using seed: -4989933266615341707
Apr 27, 2018 11:59:14 PM net.sf.freecol.server.networking.Server sendToAll
INFO: Reap dead connection: [DummyConnection Server connection - model.nation.inca]
Apr 27, 2018 11:59:14 PM net.sf.freecol.server.networking.Server sendToAll
INFO: Reap dead connection: [DummyConnection Server connection - model.nation.arawak]
Apr 27, 2018 11:59:14 PM net.sf.freecol.server.networking.Server sendToAll
INFO: Reap dead connection: [DummyConnection Server connection - model.nation.dutch]
Apr 27, 2018 11:59:14 PM net.sf.freecol.server.networking.Server sendToAll
INFO: Reap dead connection: [DummyConnection Server connection - model.nation.iroquois]
Apr 27, 2018 11:59:14 PM net.sf.freecol.server.networking.Server sendToAll
INFO: Reap dead connection: [DummyConnection Server connection - model.nation.french]
Apr 27, 2018 11:59:14 PM net.sf.freecol.server.networking.Server sendToAll
INFO: Reap dead connection: [DummyConnection Server connection - model.nation.cherokee]
Apr 27, 2018 11:59:14 PM net.sf.freecol.server.networking.Server sendToAll
INFO: Reap dead connection: [DummyConnection Server connection - model.nation.aztec]
Apr 27, 2018 11:59:14 PM net.sf.freecol.server.networking.Server sendToAll
INFO: Reap dead connection: [DummyConnection Server connection - model.nation.tupi]
Apr 27, 2018 11:59:14 PM net.sf.freecol.server.networking.Server sendToAll
INFO: Reap dead connection: [DummyConnection Server connection - model.nation.english]
Apr 27, 2018 11:59:14 PM net.sf.freecol.server.networking.Server sendToAll
INFO: Reap dead connection: [DummyConnection Server connection - model.nation.sioux]
Apr 27, 2018 11:59:14 PM net.sf.freecol.server.networking.Server sendToAll
INFO: Reap dead connection: [DummyConnection Server connection - model.nation.apache]
Apr 27, 2018 11:59:14 PM net.sf.freecol.server.networking.Server sendToAll
INFO: Reap dead connection: [DummyConnection Server connection - model.nation.spanish]
Apr 27, 2018 11:59:14 PM net.sf.freecol.common.model.Specification applyDifficultyLevel
INFO: Applying difficulty level model.difficulty.medium
Apr 27, 2018 11:59:14 PM net.sf.freecol.common.FreeColSeed getFreeColSeed
INFO: Using seed: -1991208281794002162
Apr 27, 2018 11:59:14 PM net.sf.freecol.server.networking.Server sendToAll
INFO: Reap dead connection: [DummyConnection Server connection - model.nation.sioux]
Apr 27, 2018 11:59:14 PM net.sf.freecol.server.networking.Server sendToAll
INFO: Reap dead connection: [DummyConnection Server connection - model.nation.arawak]
Apr 27, 2018 11:59:14 PM net.sf.freecol.server.networking.Server sendToAll
INFO: Reap dead connection: [DummyConnection Server connection - model.nation.spanish]
Apr 27, 2018 11:59:14 PM net.sf.freecol.server.networking.Server sendToAll
INFO: Reap dead connection: [DummyConnection Server connection - model.nation.cherokee]
Apr 27, 2018 11:59:14 PM net.sf.freecol.server.networking.Server sendToAll
INFO: Reap dead connection: [DummyConnection Server connection - model.nation.iroquois]
Apr 27, 2018 11:59:14 PM net.sf.freecol.server.networking.Server sendToAll
INFO: Reap dead connection: [DummyConnection Server connection - model.nation.inca]
Apr 27, 2018 11:59:14 PM net.sf.freecol.server.networking.Server sendToAll
INFO: Reap dead connection: [DummyConnection Server connection - model.nation.apache]
Apr 27, 2018 11:59:14 PM net.sf.freecol.server.networking.Server sendToAll
INFO: Reap dead connection: [DummyConnection Server connection - model.nation.english]
Apr 27, 2018 11:59:14 PM net.sf.freecol.server.networking.Server sendToAll
INFO: Reap dead connection: [DummyConnection Server connection - model.nation.aztec]
Apr 27, 2018 11:59:14 PM net.sf.freecol.server.networking.Server sendToAll
INFO: Reap dead connection: [DummyConnection Server connection - model.nation.tupi]
Apr 27, 2018 11:59:14 PM net.sf.freecol.server.networking.Server sendToAll
INFO: Reap dead connection: [DummyConnection Server connection - model.nation.dutch]
Apr 27, 2018 11:59:14 PM net.sf.freecol.server.networking.Server sendToAll
INFO: Reap dead connection: [DummyConnection Server connection - model.nation.french]
Apr 27, 2018 11:59:14 PM net.sf.freecol.common.model.Specification applyDifficultyLevel
INFO: Applying difficulty level model.difficulty.medium
Apr 27, 2018 11:59:14 PM net.sf.freecol.common.FreeColSeed getFreeColSeed
INFO: Using seed: -5404065321078110488
Apr 27, 2018 11:59:14 PM net.sf.freecol.server.networking.Server sendToAll
INFO: Reap dead connection: [DummyConnection Server connection - model.nation.dutch]
Apr 27, 2018 11:59:14 PM net.sf.freecol.server.networking.Server sendToAll
INFO: Reap dead connection: [DummyConnection Server connection - model.nation.french]
Apr 27, 2018 11:59:14 PM net.sf.freecol.server.networking.Server sendToAll
INFO: Reap dead connection: [DummyConnection Server connection - model.nation.apache]
Apr 27, 2018 11:59:14 PM net.sf.freecol.server.networking.Server sendToAll
INFO: Reap dead connection: [DummyConnection Server connection - model.nation.sioux]
Apr 27, 2018 11:59:14 PM net.sf.freecol.server.networking.Server sendToAll
INFO: Reap dead connection: [DummyConnection Server connection - model.nation.iroquois]
Apr 27, 2018 11:59:14 PM net.sf.freecol.server.networking.Server sendToAll
INFO: Reap dead connection: [DummyConnection Server connection - model.nation.cherokee]
Apr 27, 2018 11:59:14 PM net.sf.freecol.server.networking.Server sendToAll
INFO: Reap dead connection: [DummyConnection Server connection - model.nation.aztec]
Apr 27, 2018 11:59:14 PM net.sf.freecol.server.networking.Server sendToAll
INFO: Reap dead connection: [DummyConnection Server connection - model.nation.inca]
Apr 27, 2018 11:59:14 PM net.sf.freecol.server.networking.Server sendToAll
INFO: Reap dead connection: [DummyConnection Server connection - model.nation.english]
Apr 27, 2018 11:59:14 PM net.sf.freecol.server.networking.Server sendToAll
INFO: Reap dead connection: [DummyConnection Server connection - model.nation.tupi]
Apr 27, 2018 11:59:14 PM net.sf.freecol.server.networking.Server sendToAll
INFO: Reap dead connection: [DummyConnection Server connection - model.nation.spanish]
Apr 27, 2018 11:59:14 PM net.sf.freecol.server.networking.Server sendToAll
INFO: Reap dead connection: [DummyConnection Server connection - model.nation.arawak]
Apr 27, 2018 11:59:14 PM net.sf.freecol.common.model.Specification applyDifficultyLevel
INFO: Applying difficulty level model.difficulty.medium
Apr 27, 2018 11:59:14 PM net.sf.freecol.common.FreeColSeed getFreeColSeed
INFO: Using seed: 8695182485527222174
Apr 27, 2018 11:59:14 PM net.sf.freecol.server.networking.Server sendToAll
INFO: Reap dead connection: [DummyConnection Server connection - model.nation.tupi]
Apr 27, 2018 11:59:14 PM net.sf.freecol.server.networking.Server sendToAll
INFO: Reap dead connection: [DummyConnection Server connection - model.nation.spanish]
Apr 27, 2018 11:59:14 PM net.sf.freecol.server.networking.Server sendToAll
INFO: Reap dead connection: [DummyConnection Server connection - model.nation.dutch]
Apr 27, 2018 11:59:14 PM net.sf.freecol.server.networking.Server sendToAll
INFO: Reap dead connection: [DummyConnection Server connection - model.nation.cherokee]
Apr 27, 2018 11:59:14 PM net.sf.freecol.server.networking.Server sendToAll
INFO: Reap dead connection: [DummyConnection Server connection - model.nation.english]
Apr 27, 2018 11:59:14 PM net.sf.freecol.server.networking.Server sendToAll
INFO: Reap dead connection: [DummyConnection Server connection - model.nation.apache]
Apr 27, 2018 11:59:14 PM net.sf.freecol.server.networking.Server sendToAll
INFO: Reap dead connection: [DummyConnection Server connection - model.nation.iroquois]
Apr 27, 2018 11:59:14 PM net.sf.freecol.server.networking.Server sendToAll
INFO: Reap dead connection: [DummyConnection Server connection - model.nation.french]
Apr 27, 2018 11:59:14 PM net.sf.freecol.server.networking.Server sendToAll
INFO: Reap dead connection: [DummyConnection Server connection - model.nation.arawak]
Apr 27, 2018 11:59:14 PM net.sf.freecol.server.networking.Server sendToAll
INFO: Reap dead connection: [DummyConnection Server connection - model.nation.aztec]
Apr 27, 2018 11:59:14 PM net.sf.freecol.server.networking.Server sendToAll
INFO: Reap dead connection: [DummyConnection Server connection - model.nation.sioux]
Apr 27, 2018 11:59:14 PM net.sf.freecol.server.networking.Server sendToAll
INFO: Reap dead connection: [DummyConnection Server connection - model.nation.inca]
Apr 27, 2018 11:59:14 PM net.sf.freecol.common.model.Specification applyDifficultyLevel
INFO: Applying difficulty level model.difficulty.medium
Apr 27, 2018 11:59:14 PM net.sf.freecol.common.FreeColSeed getFreeColSeed
INFO: Using seed: 4970162604080488507
Apr 27, 2018 11:59:14 PM net.sf.freecol.server.networking.Server sendToAll
INFO: Reap dead connection: [DummyConnection Server connection - model.nation.sioux]
Apr 27, 2018 11:59:14 PM net.sf.freecol.server.networking.Server sendToAll
INFO: Reap dead connection: [DummyConnection Server connection - model.nation.dutch]
Apr 27, 2018 11:59:14 PM net.sf.freecol.server.networking.Server sendToAll
INFO: Reap dead connection: [DummyConnection Server connection - model.nation.cherokee]
Apr 27, 2018 11:59:14 PM net.sf.freecol.server.networking.Server sendToAll
INFO: Reap dead connection: [DummyConnection Server connection - model.nation.french]
Apr 27, 2018 11:59:14 PM net.sf.freecol.server.networking.Server sendToAll
INFO: Reap dead connection: [DummyConnection Server connection - model.nation.apache]
Apr 27, 2018 11:59:14 PM net.sf.freecol.server.networking.Server sendToAll
INFO: Reap dead connection: [DummyConnection Server connection - model.nation.aztec]
Apr 27, 2018 11:59:14 PM net.sf.freecol.server.networking.Server sendToAll
INFO: Reap dead connection: [DummyConnection Server connection - model.nation.spanish]
Apr 27, 2018 11:59:14 PM net.sf.freecol.server.networking.Server sendToAll
INFO: Reap dead connection: [DummyConnection Server connection - model.nation.inca]
Apr 27, 2018 11:59:14 PM net.sf.freecol.server.networking.Server sendToAll
INFO: Reap dead connection: [DummyConnection Server connection - model.nation.iroquois]
Apr 27, 2018 11:59:14 PM net.sf.freecol.server.networking.Server sendToAll
INFO: Reap dead connection: [DummyConnection Server connection - model.nation.arawak]
Apr 27, 2018 11:59:14 PM net.sf.freecol.server.networking.Server sendToAll
INFO: Reap dead connection: [DummyConnection Server connection - model.nation.tupi]
Apr 27, 2018 11:59:14 PM net.sf.freecol.server.networking.Server sendToAll
INFO: Reap dead connection: [DummyConnection Server connection - model.nation.english]
Apr 27, 2018 11:59:14 PM net.sf.freecol.common.model.Specification applyDifficultyLevel
INFO: Applying difficulty level model.difficulty.medium
Apr 27, 2018 11:59:14 PM net.sf.freecol.common.FreeColSeed getFreeColSeed
INFO: Using seed: -3243962139681960117
Apr 27, 2018 11:59:14 PM net.sf.freecol.server.networking.Server sendToAll
INFO: Reap dead connection: [DummyConnection Server connection - model.nation.iroquois]
Apr 27, 2018 11:59:14 PM net.sf.freecol.server.networking.Server sendToAll
INFO: Reap dead connection: [DummyConnection Server connection - model.nation.spanish]
Apr 27, 2018 11:59:14 PM net.sf.freecol.server.networking.Server sendToAll
INFO: Reap dead connection: [DummyConnection Server connection - model.nation.tupi]
Apr 27, 2018 11:59:14 PM net.sf.freecol.server.networking.Server sendToAll
INFO: Reap dead connection: [DummyConnection Server connection - model.nation.apache]
Apr 27, 2018 11:59:14 PM net.sf.freecol.server.networking.Server sendToAll
INFO: Reap dead connection: [DummyConnection Server connection - model.nation.aztec]
Apr 27, 2018 11:59:14 PM net.sf.freecol.server.networking.Server sendToAll
INFO: Reap dead connection: [DummyConnection Server connection - model.nation.dutch]
Apr 27, 2018 11:59:14 PM net.sf.freecol.server.networking.Server sendToAll
INFO: Reap dead connection: [DummyConnection Server connection - model.nation.cherokee]
Apr 27, 2018 11:59:14 PM net.sf.freecol.server.networking.Server sendToAll
INFO: Reap dead connection: [DummyConnection Server connection - model.nation.english]
Apr 27, 2018 11:59:14 PM net.sf.freecol.server.networking.Server sendToAll
INFO: Reap dead connection: [DummyConnection Server connection - model.nation.inca]
Apr 27, 2018 11:59:14 PM net.sf.freecol.server.networking.Server sendToAll
INFO: Reap dead connection: [DummyConnection Server connection - model.nation.sioux]
Apr 27, 2018 11:59:14 PM net.sf.freecol.server.networking.Server sendToAll
INFO: Reap dead connection: [DummyConnection Server connection - model.nation.french]
Apr 27, 2018 11:59:14 PM net.sf.freecol.server.networking.Server sendToAll
INFO: Reap dead connection: [DummyConnection Server connection - model.nation.arawak]
Apr 27, 2018 11:59:14 PM net.sf.freecol.common.model.Specification applyDifficultyLevel
INFO: Applying difficulty level model.difficulty.medium
Apr 27, 2018 11:59:14 PM net.sf.freecol.common.FreeColSeed getFreeColSeed
INFO: Using seed: 8894845224261968024
Apr 27, 2018 11:59:14 PM net.sf.freecol.server.networking.Server sendToAll
INFO: Reap dead connection: [DummyConnection Server connection - model.nation.iroquois]
Apr 27, 2018 11:59:14 PM net.sf.freecol.server.networking.Server sendToAll
INFO: Reap dead connection: [DummyConnection Server connection - model.nation.arawak]
Apr 27, 2018 11:59:14 PM net.sf.freecol.server.networking.Server sendToAll
INFO: Reap dead connection: [DummyConnection Server connection - model.nation.inca]
Apr 27, 2018 11:59:14 PM net.sf.freecol.server.networking.Server sendToAll
INFO: Reap dead connection: [DummyConnection Server connection - model.nation.french]
Apr 27, 2018 11:59:14 PM net.sf.freecol.server.networking.Server sendToAll
INFO: Reap dead connection: [DummyConnection Server connection - model.nation.sioux]
Apr 27, 2018 11:59:14 PM net.sf.freecol.server.networking.Server sendToAll
INFO: Reap dead connection: [DummyConnection Server connection - model.nation.dutch]
Apr 27, 2018 11:59:14 PM net.sf.freecol.server.networking.Server sendToAll
INFO: Reap dead connection: [DummyConnection Server connection - model.nation.tupi]
Apr 27, 2018 11:59:14 PM net.sf.freecol.server.networking.Server sendToAll
INFO: Reap dead connection: [DummyConnection Server connection - model.nation.cherokee]
Apr 27, 2018 11:59:14 PM net.sf.freecol.server.networking.Server sendToAll
INFO: Reap dead connection: [DummyConnection Server connection - model.nation.english]
Apr 27, 2018 11:59:14 PM net.sf.freecol.server.networking.Server sendToAll
INFO: Reap dead connection: [DummyConnection Server connection - model.nation.spanish]
Apr 27, 2018 11:59:14 PM net.sf.freecol.server.networking.Server sendToAll
INFO: Reap dead connection: [DummyConnection Server connection - model.nation.apache]
Apr 27, 2018 11:59:14 PM net.sf.freecol.server.networking.Server sendToAll
INFO: Reap dead connection: [DummyConnection Server connection - model.nation.aztec]
Apr 27, 2018 11:59:14 PM net.sf.freecol.common.model.Specification applyDifficultyLevel
INFO: Applying difficulty level model.difficulty.medium
Apr 27, 2018 11:59:14 PM net.sf.freecol.common.FreeColSeed getFreeColSeed
INFO: Using seed: 6350286326469525599
Apr 27, 2018 11:59:14 PM net.sf.freecol.server.networking.Server sendToAll
INFO: Reap dead connection: [DummyConnection Server connection - model.nation.english]
Apr 27, 2018 11:59:14 PM net.sf.freecol.server.networking.Server sendToAll
INFO: Reap dead connection: [DummyConnection Server connection - model.nation.iroquois]
Apr 27, 2018 11:59:14 PM net.sf.freecol.server.networking.Server sendToAll
INFO: Reap dead connection: [DummyConnection Server connection - model.nation.sioux]
Apr 27, 2018 11:59:14 PM net.sf.freecol.server.networking.Server sendToAll
INFO: Reap dead connection: [DummyConnection Server connection - model.nation.apache]
Apr 27, 2018 11:59:14 PM net.sf.freecol.server.networking.Server sendToAll
INFO: Reap dead connection: [DummyConnection Server connection - model.nation.arawak]
Apr 27, 2018 11:59:14 PM net.sf.freecol.server.networking.Server sendToAll
INFO: Reap dead connection: [DummyConnection Server connection - model.nation.inca]
Apr 27, 2018 11:59:14 PM net.sf.freecol.server.networking.Server sendToAll
INFO: Reap dead connection: [DummyConnection Server connection - model.nation.dutch]
Apr 27, 2018 11:59:14 PM net.sf.freecol.server.networking.Server sendToAll
INFO: Reap dead connection: [DummyConnection Server connection - model.nation.spanish]
Apr 27, 2018 11:59:14 PM net.sf.freecol.server.networking.Server sendToAll
INFO: Reap dead connection: [DummyConnection Server connection - model.nation.cherokee]
Apr 27, 2018 11:59:14 PM net.sf.freecol.server.networking.Server sendToAll
INFO: Reap dead connection: [DummyConnection Server connection - model.nation.french]
Apr 27, 2018 11:59:14 PM net.sf.freecol.server.networking.Server sendToAll
INFO: Reap dead connection: [DummyConnection Server connection - model.nation.aztec]
Apr 27, 2018 11:59:14 PM net.sf.freecol.server.networking.Server sendToAll
INFO: Reap dead connection: [DummyConnection Server connection - model.nation.tupi]
Apr 27, 2018 11:59:14 PM net.sf.freecol.common.model.Specification applyDifficultyLevel
INFO: Applying difficulty level model.difficulty.medium
Apr 27, 2018 11:59:14 PM net.sf.freecol.common.FreeColSeed getFreeColSeed
INFO: Using seed: 1909969340594209352
Apr 27, 2018 11:59:14 PM net.sf.freecol.server.networking.Server sendToAll
INFO: Reap dead connection: [DummyConnection Server connection - model.nation.french]
Apr 27, 2018 11:59:14 PM net.sf.freecol.server.networking.Server sendToAll
INFO: Reap dead connection: [DummyConnection Server connection - model.nation.aztec]
Apr 27, 2018 11:59:14 PM net.sf.freecol.server.networking.Server sendToAll
INFO: Reap dead connection: [DummyConnection Server connection - model.nation.inca]
Apr 27, 2018 11:59:14 PM net.sf.freecol.server.networking.Server sendToAll
INFO: Reap dead connection: [DummyConnection Server connection - model.nation.arawak]
Apr 27, 2018 11:59:14 PM net.sf.freecol.server.networking.Server sendToAll
INFO: Reap dead connection: [DummyConnection Server connection - model.nation.english]
Apr 27, 2018 11:59:14 PM net.sf.freecol.server.networking.Server sendToAll
INFO: Reap dead connection: [DummyConnection Server connection - model.nation.spanish]
Apr 27, 2018 11:59:14 PM net.sf.freecol.server.networking.Server sendToAll
INFO: Reap dead connection: [DummyConnection Server connection - model.nation.sioux]
Apr 27, 2018 11:59:14 PM net.sf.freecol.server.networking.Server sendToAll
INFO: Reap dead connection: [DummyConnection Server connection - model.nation.cherokee]
Apr 27, 2018 11:59:14 PM net.sf.freecol.server.networking.Server sendToAll
INFO: Reap dead connection: [DummyConnection Server connection - model.nation.dutch]
Apr 27, 2018 11:59:14 PM net.sf.freecol.server.networking.Server sendToAll
INFO: Reap dead connection: [DummyConnection Server connection - model.nation.iroquois]
Apr 27, 2018 11:59:14 PM net.sf.freecol.server.networking.Server sendToAll
INFO: Reap dead connection: [DummyConnection Server connection - model.nation.apache]
Apr 27, 2018 11:59:14 PM net.sf.freecol.server.networking.Server sendToAll
INFO: Reap dead connection: [DummyConnection Server connection - model.nation.tupi]
Apr 27, 2018 11:59:14 PM net.sf.freecol.common.model.Specification applyDifficultyLevel
INFO: Applying difficulty level model.difficulty.medium
Apr 27, 2018 11:59:14 PM net.sf.freecol.common.FreeColSeed getFreeColSeed
INFO: Using seed: 7175531948620599637
Apr 27, 2018 11:59:14 PM net.sf.freecol.server.networking.Server sendToAll
INFO: Reap dead connection: [DummyConnection Server connection - model.nation.apache]
Apr 27, 2018 11:59:14 PM net.sf.freecol.server.networking.Server sendToAll
INFO: Reap dead connection: [DummyConnection Server connection - model.nation.dutch]
Apr 27, 2018 11:59:14 PM net.sf.freecol.server.networking.Server sendToAll
INFO: Reap dead connection: [DummyConnection Server connection - model.nation.english]
Apr 27, 2018 11:59:14 PM net.sf.freecol.server.networking.Server sendToAll
INFO: Reap dead connection: [DummyConnection Server connection - model.nation.spanish]
Apr 27, 2018 11:59:14 PM net.sf.freecol.server.networking.Server sendToAll
INFO: Reap dead connection: [DummyConnection Server connection - model.nation.iroquois]
Apr 27, 2018 11:59:14 PM net.sf.freecol.server.networking.Server sendToAll
INFO: Reap dead connection: [DummyConnection Server connection - model.nation.sioux]
Apr 27, 2018 11:59:14 PM net.sf.freecol.server.networking.Server sendToAll
INFO: Reap dead connection: [DummyConnection Server connection - model.nation.tupi]
Apr 27, 2018 11:59:14 PM net.sf.freecol.server.networking.Server sendToAll
INFO: Reap dead connection: [DummyConnection Server connection - model.nation.arawak]
Apr 27, 2018 11:59:14 PM net.sf.freecol.server.networking.Server sendToAll
INFO: Reap dead connection: [DummyConnection Server connection - model.nation.aztec]
Apr 27, 2018 11:59:14 PM net.sf.freecol.server.networking.Server sendToAll
INFO: Reap dead connection: [DummyConnection Server connection - model.nation.french]
Apr 27, 2018 11:59:14 PM net.sf.freecol.server.networking.Server sendToAll
INFO: Reap dead connection: [DummyConnection Server connection - model.nation.cherokee]
Apr 27, 2018 11:59:14 PM net.sf.freecol.server.networking.Server sendToAll
INFO: Reap dead connection: [DummyConnection Server connection - model.nation.inca]
Apr 27, 2018 11:59:14 PM net.sf.freecol.common.model.Specification applyDifficultyLevel
INFO: Applying difficulty level model.difficulty.medium
Apr 27, 2018 11:59:14 PM net.sf.freecol.common.FreeColSeed getFreeColSeed
INFO: Using seed: -981016973573416675
Apr 27, 2018 11:59:14 PM net.sf.freecol.server.networking.Server sendToAll
INFO: Reap dead connection: [DummyConnection Server connection - model.nation.dutch]
Apr 27, 2018 11:59:14 PM net.sf.freecol.server.networking.Server sendToAll
INFO: Reap dead connection: [DummyConnection Server connection - model.nation.arawak]
Apr 27, 2018 11:59:14 PM net.sf.freecol.server.networking.Server sendToAll
INFO: Reap dead connection: [DummyConnection Server connection - model.nation.inca]
Apr 27, 2018 11:59:14 PM net.sf.freecol.server.networking.Server sendToAll
INFO: Reap dead connection: [DummyConnection Server connection - model.nation.sioux]
Apr 27, 2018 11:59:14 PM net.sf.freecol.server.networking.Server sendToAll
INFO: Reap dead connection: [DummyConnection Server connection - model.nation.apache]
Apr 27, 2018 11:59:14 PM net.sf.freecol.server.networking.Server sendToAll
INFO: Reap dead connection: [DummyConnection Server connection - model.nation.french]
Apr 27, 2018 11:59:14 PM net.sf.freecol.server.networking.Server sendToAll
INFO: Reap dead connection: [DummyConnection Server connection - model.nation.tupi]
Apr 27, 2018 11:59:14 PM net.sf.freecol.server.networking.Server sendToAll
INFO: Reap dead connection: [DummyConnection Server connection - model.nation.spanish]
Apr 27, 2018 11:59:14 PM net.sf.freecol.server.networking.Server sendToAll
INFO: Reap dead connection: [DummyConnection Server connection - model.nation.english]
Apr 27, 2018 11:59:14 PM net.sf.freecol.server.networking.Server sendToAll
INFO: Reap dead connection: [DummyConnection Server connection - model.nation.aztec]
Apr 27, 2018 11:59:14 PM net.sf.freecol.server.networking.Server sendToAll
INFO: Reap dead connection: [DummyConnection Server connection - model.nation.iroquois]
Apr 27, 2018 11:59:14 PM net.sf.freecol.server.networking.Server sendToAll
INFO: Reap dead connection: [DummyConnection Server connection - model.nation.cherokee]
Apr 27, 2018 11:59:14 PM net.sf.freecol.common.model.Specification applyDifficultyLevel
INFO: Applying difficulty level model.difficulty.medium
Apr 27, 2018 11:59:14 PM net.sf.freecol.common.FreeColSeed getFreeColSeed
INFO: Using seed: -7509207509202761600
Apr 27, 2018 11:59:14 PM net.sf.freecol.server.networking.Server sendToAll
INFO: Reap dead connection: [DummyConnection Server connection - model.nation.iroquois]
Apr 27, 2018 11:59:14 PM net.sf.freecol.server.networking.Server sendToAll
INFO: Reap dead connection: [DummyConnection Server connection - model.nation.sioux]
Apr 27, 2018 11:59:14 PM net.sf.freecol.server.networking.Server sendToAll
INFO: Reap dead connection: [DummyConnection Server connection - model.nation.aztec]
Apr 27, 2018 11:59:14 PM net.sf.freecol.server.networking.Server sendToAll
INFO: Reap dead connection: [DummyConnection Server connection - model.nation.arawak]
Apr 27, 2018 11:59:14 PM net.sf.freecol.server.networking.Server sendToAll
INFO: Reap dead connection: [DummyConnection Server connection - model.nation.tupi]
Apr 27, 2018 11:59:14 PM net.sf.freecol.server.networking.Server sendToAll
INFO: Reap dead connection: [DummyConnection Server connection - model.nation.spanish]
Apr 27, 2018 11:59:14 PM net.sf.freecol.server.networking.Server sendToAll
INFO: Reap dead connection: [DummyConnection Server connection - model.nation.french]
Apr 27, 2018 11:59:14 PM net.sf.freecol.server.networking.Server sendToAll
INFO: Reap dead connection: [DummyConnection Server connection - model.nation.dutch]
Apr 27, 2018 11:59:14 PM net.sf.freecol.server.networking.Server sendToAll
INFO: Reap dead connection: [DummyConnection Server connection - model.nation.inca]
Apr 27, 2018 11:59:14 PM net.sf.freecol.server.networking.Server sendToAll
INFO: Reap dead connection: [DummyConnection Server connection - model.nation.apache]
Apr 27, 2018 11:59:14 PM net.sf.freecol.server.networking.Server sendToAll
INFO: Reap dead connection: [DummyConnection Server connection - model.nation.cherokee]
Apr 27, 2018 11:59:14 PM net.sf.freecol.server.networking.Server sendToAll
INFO: Reap dead connection: [DummyConnection Server connection - model.nation.english]
Apr 27, 2018 11:59:14 PM net.sf.freecol.common.model.Specification applyDifficultyLevel
INFO: Applying difficulty level model.difficulty.medium
Apr 27, 2018 11:59:14 PM net.sf.freecol.common.FreeColSeed getFreeColSeed
INFO: Using seed: 1963525821278408972
Apr 27, 2018 11:59:14 PM net.sf.freecol.server.networking.Server sendToAll
INFO: Reap dead connection: [DummyConnection Server connection - model.nation.english]
Apr 27, 2018 11:59:14 PM net.sf.freecol.server.networking.Server sendToAll
INFO: Reap dead connection: [DummyConnection Server connection - model.nation.inca]
Apr 27, 2018 11:59:14 PM net.sf.freecol.server.networking.Server sendToAll
INFO: Reap dead connection: [DummyConnection Server connection - model.nation.iroquois]
Apr 27, 2018 11:59:14 PM net.sf.freecol.server.networking.Server sendToAll
INFO: Reap dead connection: [DummyConnection Server connection - model.nation.cherokee]
Apr 27, 2018 11:59:14 PM net.sf.freecol.server.networking.Server sendToAll
INFO: Reap dead connection: [DummyConnection Server connection - model.nation.apache]
Apr 27, 2018 11:59:14 PM net.sf.freecol.server.networking.Server sendToAll
INFO: Reap dead connection: [DummyConnection Server connection - model.nation.french]
Apr 27, 2018 11:59:14 PM net.sf.freecol.server.networking.Server sendToAll
INFO: Reap dead connection: [DummyConnection Server connection - model.nation.sioux]
Apr 27, 2018 11:59:14 PM net.sf.freecol.server.networking.Server sendToAll
INFO: Reap dead connection: [DummyConnection Server connection - model.nation.dutch]
Apr 27, 2018 11:59:14 PM net.sf.freecol.server.networking.Server sendToAll
INFO: Reap dead connection: [DummyConnection Server connection - model.nation.aztec]
Apr 27, 2018 11:59:14 PM net.sf.freecol.server.networking.Server sendToAll
INFO: Reap dead connection: [DummyConnection Server connection - model.nation.tupi]
Apr 27, 2018 11:59:14 PM net.sf.freecol.server.networking.Server sendToAll
INFO: Reap dead connection: [DummyConnection Server connection - model.nation.spanish]
Apr 27, 2018 11:59:14 PM net.sf.freecol.server.networking.Server sendToAll
INFO: Reap dead connection: [DummyConnection Server connection - model.nation.arawak]
Apr 27, 2018 11:59:14 PM net.sf.freecol.common.model.Specification applyDifficultyLevel
INFO: Applying difficulty level model.difficulty.medium
Apr 27, 2018 11:59:14 PM net.sf.freecol.common.FreeColSeed getFreeColSeed
INFO: Using seed: 94405702134629082
Apr 27, 2018 11:59:14 PM net.sf.freecol.server.networking.Server sendToAll
INFO: Reap dead connection: [DummyConnection Server connection - model.nation.tupi]
Apr 27, 2018 11:59:14 PM net.sf.freecol.server.networking.Server sendToAll
INFO: Reap dead connection: [DummyConnection Server connection - model.nation.aztec]
Apr 27, 2018 11:59:14 PM net.sf.freecol.server.networking.Server sendToAll
INFO: Reap dead connection: [DummyConnection Server connection - model.nation.dutch]
Apr 27, 2018 11:59:14 PM net.sf.freecol.server.networking.Server sendToAll
INFO: Reap dead connection: [DummyConnection Server connection - model.nation.english]
Apr 27, 2018 11:59:14 PM net.sf.freecol.server.networking.Server sendToAll
INFO: Reap dead connection: [DummyConnection Server connection - model.nation.inca]
Apr 27, 2018 11:59:14 PM net.sf.freecol.server.networking.Server sendToAll
INFO: Reap dead connection: [DummyConnection Server connection - model.nation.cherokee]
Apr 27, 2018 11:59:14 PM net.sf.freecol.server.networking.Server sendToAll
INFO: Reap dead connection: [DummyConnection Server connection - model.nation.arawak]
Apr 27, 2018 11:59:14 PM net.sf.freecol.server.networking.Server sendToAll
INFO: Reap dead connection: [DummyConnection Server connection - model.nation.apache]
Apr 27, 2018 11:59:14 PM net.sf.freecol.server.networking.Server sendToAll
INFO: Reap dead connection: [DummyConnection Server connection - model.nation.sioux]
Apr 27, 2018 11:59:14 PM net.sf.freecol.server.networking.Server sendToAll
INFO: Reap dead connection: [DummyConnection Server connection - model.nation.iroquois]
Apr 27, 2018 11:59:14 PM net.sf.freecol.server.networking.Server sendToAll
INFO: Reap dead connection: [DummyConnection Server connection - model.nation.french]
Apr 27, 2018 11:59:14 PM net.sf.freecol.server.networking.Server sendToAll
INFO: Reap dead connection: [DummyConnection Server connection - model.nation.spanish]
Apr 27, 2018 11:59:14 PM net.sf.freecol.common.model.Specification applyDifficultyLevel
INFO: Applying difficulty level model.difficulty.medium
Apr 27, 2018 11:59:14 PM net.sf.freecol.common.FreeColSeed getFreeColSeed
INFO: Using seed: 137950845476298815
Apr 27, 2018 11:59:14 PM net.sf.freecol.server.networking.Server sendToAll
INFO: Reap dead connection: [DummyConnection Server connection - model.nation.tupi]
Apr 27, 2018 11:59:14 PM net.sf.freecol.server.networking.Server sendToAll
INFO: Reap dead connection: [DummyConnection Server connection - model.nation.aztec]
Apr 27, 2018 11:59:14 PM net.sf.freecol.server.networking.Server sendToAll
INFO: Reap dead connection: [DummyConnection Server connection - model.nation.spanish]
Apr 27, 2018 11:59:14 PM net.sf.freecol.server.networking.Server sendToAll
INFO: Reap dead connection: [DummyConnection Server connection - model.nation.apache]
Apr 27, 2018 11:59:14 PM net.sf.freecol.server.networking.Server sendToAll
INFO: Reap dead connection: [DummyConnection Server connection - model.nation.dutch]
Apr 27, 2018 11:59:14 PM net.sf.freecol.server.networking.Server sendToAll
INFO: Reap dead connection: [DummyConnection Server connection - model.nation.arawak]
Apr 27, 2018 11:59:14 PM net.sf.freecol.server.networking.Server sendToAll
INFO: Reap dead connection: [DummyConnection Server connection - model.nation.french]
Apr 27, 2018 11:59:14 PM net.sf.freecol.server.networking.Server sendToAll
INFO: Reap dead connection: [DummyConnection Server connection - model.nation.cherokee]
Apr 27, 2018 11:59:14 PM net.sf.freecol.server.networking.Server sendToAll
INFO: Reap dead connection: [DummyConnection Server connection - model.nation.sioux]
Apr 27, 2018 11:59:14 PM net.sf.freecol.server.networking.Server sendToAll
INFO: Reap dead connection: [DummyConnection Server connection - model.nation.english]
Apr 27, 2018 11:59:14 PM net.sf.freecol.server.networking.Server sendToAll
INFO: Reap dead connection: [DummyConnection Server connection - model.nation.inca]
Apr 27, 2018 11:59:14 PM net.sf.freecol.server.networking.Server sendToAll
INFO: Reap dead connection: [DummyConnection Server connection - model.nation.iroquois]
Apr 27, 2018 11:59:14 PM net.sf.freecol.common.model.Specification applyDifficultyLevel
INFO: Applying difficulty level model.difficulty.medium
Apr 27, 2018 11:59:14 PM net.sf.freecol.common.FreeColSeed getFreeColSeed
INFO: Using seed: -6669992091761996656
Apr 27, 2018 11:59:14 PM net.sf.freecol.server.networking.Server sendToAll
INFO: Reap dead connection: [DummyConnection Server connection - model.nation.aztec]
Apr 27, 2018 11:59:14 PM net.sf.freecol.server.networking.Server sendToAll
INFO: Reap dead connection: [DummyConnection Server connection - model.nation.spanish]
Apr 27, 2018 11:59:14 PM net.sf.freecol.server.networking.Server sendToAll
INFO: Reap dead connection: [DummyConnection Server connection - model.nation.sioux]
Apr 27, 2018 11:59:14 PM net.sf.freecol.server.networking.Server sendToAll
INFO: Reap dead connection: [DummyConnection Server connection - model.nation.french]
Apr 27, 2018 11:59:14 PM net.sf.freecol.server.networking.Server sendToAll
INFO: Reap dead connection: [DummyConnection Server connection - model.nation.tupi]
Apr 27, 2018 11:59:14 PM net.sf.freecol.server.networking.Server sendToAll
INFO: Reap dead connection: [DummyConnection Server connection - model.nation.cherokee]
Apr 27, 2018 11:59:14 PM net.sf.freecol.server.networking.Server sendToAll
INFO: Reap dead connection: [DummyConnection Server connection - model.nation.inca]
Apr 27, 2018 11:59:14 PM net.sf.freecol.server.networking.Server sendToAll
INFO: Reap dead connection: [DummyConnection Server connection - model.nation.dutch]
Apr 27, 2018 11:59:14 PM net.sf.freecol.server.networking.Server sendToAll
INFO: Reap dead connection: [DummyConnection Server connection - model.nation.arawak]
Apr 27, 2018 11:59:14 PM net.sf.freecol.server.networking.Server sendToAll
INFO: Reap dead connection: [DummyConnection Server connection - model.nation.iroquois]
Apr 27, 2018 11:59:14 PM net.sf.freecol.server.networking.Server sendToAll
INFO: Reap dead connection: [DummyConnection Server connection - model.nation.english]
Apr 27, 2018 11:59:14 PM net.sf.freecol.server.networking.Server sendToAll
INFO: Reap dead connection: [DummyConnection Server connection - model.nation.apache]
Apr 27, 2018 11:59:14 PM net.sf.freecol.common.model.Specification applyDifficultyLevel
INFO: Applying difficulty level model.difficulty.medium
Apr 27, 2018 11:59:14 PM net.sf.freecol.common.FreeColSeed getFreeColSeed
INFO: Using seed: -6319739929418528057
Apr 27, 2018 11:59:15 PM net.sf.freecol.server.networking.Server sendToAll
INFO: Reap dead connection: [DummyConnection Server connection - model.nation.inca]
Apr 27, 2018 11:59:15 PM net.sf.freecol.server.networking.Server sendToAll
INFO: Reap dead connection: [DummyConnection Server connection - model.nation.sioux]
Apr 27, 2018 11:59:15 PM net.sf.freecol.server.networking.Server sendToAll
INFO: Reap dead connection: [DummyConnection Server connection - model.nation.cherokee]
Apr 27, 2018 11:59:15 PM net.sf.freecol.server.networking.Server sendToAll
INFO: Reap dead connection: [DummyConnection Server connection - model.nation.spanish]
Apr 27, 2018 11:59:15 PM net.sf.freecol.server.networking.Server sendToAll
INFO: Reap dead connection: [DummyConnection Server connection - model.nation.apache]
Apr 27, 2018 11:59:15 PM net.sf.freecol.server.networking.Server sendToAll
INFO: Reap dead connection: [DummyConnection Server connection - model.nation.aztec]
Apr 27, 2018 11:59:15 PM net.sf.freecol.server.networking.Server sendToAll
INFO: Reap dead connection: [DummyConnection Server connection - model.nation.english]
Apr 27, 2018 11:59:15 PM net.sf.freecol.server.networking.Server sendToAll
INFO: Reap dead connection: [DummyConnection Server connection - model.nation.iroquois]
Apr 27, 2018 11:59:15 PM net.sf.freecol.server.networking.Server sendToAll
INFO: Reap dead connection: [DummyConnection Server connection - model.nation.dutch]
Apr 27, 2018 11:59:15 PM net.sf.freecol.server.networking.Server sendToAll
INFO: Reap dead connection: [DummyConnection Server connection - model.nation.french]
Apr 27, 2018 11:59:15 PM net.sf.freecol.server.networking.Server sendToAll
INFO: Reap dead connection: [DummyConnection Server connection - model.nation.arawak]
Apr 27, 2018 11:59:15 PM net.sf.freecol.server.networking.Server sendToAll
INFO: Reap dead connection: [DummyConnection Server connection - model.nation.tupi]
Apr 27, 2018 11:59:15 PM net.sf.freecol.common.util.LogBuilder log
INFO: Destroying: unit:270
Apr 27, 2018 11:59:15 PM net.sf.freecol.common.model.Specification applyDifficultyLevel
INFO: Applying difficulty level model.difficulty.medium
Apr 27, 2018 11:59:15 PM net.sf.freecol.common.FreeColSeed getFreeColSeed
INFO: Using seed: -4798063134378768888
Apr 27, 2018 11:59:15 PM net.sf.freecol.server.networking.Server sendToAll
INFO: Reap dead connection: [DummyConnection Server connection - model.nation.spanish]
Apr 27, 2018 11:59:15 PM net.sf.freecol.server.networking.Server sendToAll
INFO: Reap dead connection: [DummyConnection Server connection - model.nation.arawak]
Apr 27, 2018 11:59:15 PM net.sf.freecol.server.networking.Server sendToAll
INFO: Reap dead connection: [DummyConnection Server connection - model.nation.cherokee]
Apr 27, 2018 11:59:15 PM net.sf.freecol.server.networking.Server sendToAll
INFO: Reap dead connection: [DummyConnection Server connection - model.nation.iroquois]
Apr 27, 2018 11:59:15 PM net.sf.freecol.server.networking.Server sendToAll
INFO: Reap dead connection: [DummyConnection Server connection - model.nation.dutch]
Apr 27, 2018 11:59:15 PM net.sf.freecol.server.networking.Server sendToAll
INFO: Reap dead connection: [DummyConnection Server connection - model.nation.aztec]
Apr 27, 2018 11:59:15 PM net.sf.freecol.server.networking.Server sendToAll
INFO: Reap dead connection: [DummyConnection Server connection - model.nation.english]
Apr 27, 2018 11:59:15 PM net.sf.freecol.server.networking.Server sendToAll
INFO: Reap dead connection: [DummyConnection Server connection - model.nation.french]
Apr 27, 2018 11:59:15 PM net.sf.freecol.server.networking.Server sendToAll
INFO: Reap dead connection: [DummyConnection Server connection - model.nation.inca]
Apr 27, 2018 11:59:15 PM net.sf.freecol.server.networking.Server sendToAll
INFO: Reap dead connection: [DummyConnection Server connection - model.nation.sioux]
Apr 27, 2018 11:59:15 PM net.sf.freecol.server.networking.Server sendToAll
INFO: Reap dead connection: [DummyConnection Server connection - model.nation.tupi]
Apr 27, 2018 11:59:15 PM net.sf.freecol.server.networking.Server sendToAll
INFO: Reap dead connection: [DummyConnection Server connection - model.nation.apache]
Apr 27, 2018 11:59:15 PM net.sf.freecol.server.model.ServerColony csBuildBuilding
INFO: New building in New Amsterdam: warehouse
Apr 27, 2018 11:59:15 PM net.sf.freecol.common.model.Specification applyDifficultyLevel
INFO: Applying difficulty level model.difficulty.medium
Apr 27, 2018 11:59:15 PM net.sf.freecol.common.FreeColSeed getFreeColSeed
INFO: Using seed: -9209912769870744286
Apr 27, 2018 11:59:15 PM net.sf.freecol.server.networking.Server sendToAll
INFO: Reap dead connection: [DummyConnection Server connection - model.nation.inca]
Apr 27, 2018 11:59:15 PM net.sf.freecol.server.networking.Server sendToAll
INFO: Reap dead connection: [DummyConnection Server connection - model.nation.tupi]
Apr 27, 2018 11:59:15 PM net.sf.freecol.server.networking.Server sendToAll
INFO: Reap dead connection: [DummyConnection Server connection - model.nation.iroquois]
Apr 27, 2018 11:59:15 PM net.sf.freecol.server.networking.Server sendToAll
INFO: Reap dead connection: [DummyConnection Server connection - model.nation.spanish]
Apr 27, 2018 11:59:15 PM net.sf.freecol.server.networking.Server sendToAll
INFO: Reap dead connection: [DummyConnection Server connection - model.nation.english]
Apr 27, 2018 11:59:15 PM net.sf.freecol.server.networking.Server sendToAll
INFO: Reap dead connection: [DummyConnection Server connection - model.nation.sioux]
Apr 27, 2018 11:59:15 PM net.sf.freecol.server.networking.Server sendToAll
INFO: Reap dead connection: [DummyConnection Server connection - model.nation.dutch]
Apr 27, 2018 11:59:15 PM net.sf.freecol.server.networking.Server sendToAll
INFO: Reap dead connection: [DummyConnection Server connection - model.nation.french]
Apr 27, 2018 11:59:15 PM net.sf.freecol.server.networking.Server sendToAll
INFO: Reap dead connection: [DummyConnection Server connection - model.nation.cherokee]
Apr 27, 2018 11:59:15 PM net.sf.freecol.server.networking.Server sendToAll
INFO: Reap dead connection: [DummyConnection Server connection - model.nation.apache]
Apr 27, 2018 11:59:15 PM net.sf.freecol.server.networking.Server sendToAll
INFO: Reap dead connection: [DummyConnection Server connection - model.nation.aztec]
Apr 27, 2018 11:59:15 PM net.sf.freecol.server.networking.Server sendToAll
INFO: Reap dead connection: [DummyConnection Server connection - model.nation.arawak]
Apr 27, 2018 11:59:15 PM net.sf.freecol.server.model.ServerColony csBuildBuilding
INFO: New building in New Amsterdam: lumberMill
Apr 27, 2018 11:59:15 PM net.sf.freecol.common.model.Specification applyDifficultyLevel
INFO: Applying difficulty level model.difficulty.medium
Apr 27, 2018 11:59:15 PM net.sf.freecol.common.FreeColSeed getFreeColSeed
INFO: Using seed: 6735745856222565388
Apr 27, 2018 11:59:15 PM net.sf.freecol.server.networking.Server sendToAll
INFO: Reap dead connection: [DummyConnection Server connection - model.nation.arawak]
Apr 27, 2018 11:59:15 PM net.sf.freecol.server.networking.Server sendToAll
INFO: Reap dead connection: [DummyConnection Server connection - model.nation.english]
Apr 27, 2018 11:59:15 PM net.sf.freecol.server.networking.Server sendToAll
INFO: Reap dead connection: [DummyConnection Server connection - model.nation.inca]
Apr 27, 2018 11:59:15 PM net.sf.freecol.server.networking.Server sendToAll
INFO: Reap dead connection: [DummyConnection Server connection - model.nation.sioux]
Apr 27, 2018 11:59:15 PM net.sf.freecol.server.networking.Server sendToAll
INFO: Reap dead connection: [DummyConnection Server connection - model.nation.aztec]
Apr 27, 2018 11:59:15 PM net.sf.freecol.server.networking.Server sendToAll
INFO: Reap dead connection: [DummyConnection Server connection - model.nation.tupi]
Apr 27, 2018 11:59:15 PM net.sf.freecol.server.networking.Server sendToAll
INFO: Reap dead connection: [DummyConnection Server connection - model.nation.french]
Apr 27, 2018 11:59:15 PM net.sf.freecol.server.networking.Server sendToAll
INFO: Reap dead connection: [DummyConnection Server connection - model.nation.iroquois]
Apr 27, 2018 11:59:15 PM net.sf.freecol.server.networking.Server sendToAll
INFO: Reap dead connection: [DummyConnection Server connection - model.nation.dutch]
Apr 27, 2018 11:59:15 PM net.sf.freecol.server.networking.Server sendToAll
INFO: Reap dead connection: [DummyConnection Server connection - model.nation.apache]
Apr 27, 2018 11:59:15 PM net.sf.freecol.server.networking.Server sendToAll
INFO: Reap dead connection: [DummyConnection Server connection - model.nation.spanish]
Apr 27, 2018 11:59:15 PM net.sf.freecol.server.networking.Server sendToAll
INFO: Reap dead connection: [DummyConnection Server connection - model.nation.cherokee]
Apr 27, 2018 11:59:15 PM net.sf.freecol.server.model.ServerColony csBuildUnit
INFO: New unit in New Amsterdam: freeColonist
Apr 27, 2018 11:59:15 PM net.sf.freecol.common.model.Specification applyDifficultyLevel
INFO: Applying difficulty level model.difficulty.medium
Apr 27, 2018 11:59:15 PM net.sf.freecol.common.model.Specification applyDifficultyLevel
INFO: Applying difficulty level model.difficulty.medium
Apr 27, 2018 11:59:15 PM net.sf.freecol.common.FreeColSeed getFreeColSeed
INFO: Using seed: -1895970296948755224
Apr 27, 2018 11:59:15 PM net.sf.freecol.server.networking.Server sendToAll
INFO: Reap dead connection: [DummyConnection Server connection - model.nation.iroquois]
Apr 27, 2018 11:59:15 PM net.sf.freecol.server.networking.Server sendToAll
INFO: Reap dead connection: [DummyConnection Server connection - model.nation.spanish]
Apr 27, 2018 11:59:15 PM net.sf.freecol.server.networking.Server sendToAll
INFO: Reap dead connection: [DummyConnection Server connection - model.nation.french]
Apr 27, 2018 11:59:15 PM net.sf.freecol.server.networking.Server sendToAll
INFO: Reap dead connection: [DummyConnection Server connection - model.nation.aztec]
Apr 27, 2018 11:59:15 PM net.sf.freecol.server.networking.Server sendToAll
INFO: Reap dead connection: [DummyConnection Server connection - model.nation.inca]
Apr 27, 2018 11:59:15 PM net.sf.freecol.server.networking.Server sendToAll
INFO: Reap dead connection: [DummyConnection Server connection - model.nation.sioux]
Apr 27, 2018 11:59:15 PM net.sf.freecol.server.networking.Server sendToAll
INFO: Reap dead connection: [DummyConnection Server connection - model.nation.cherokee]
Apr 27, 2018 11:59:15 PM net.sf.freecol.server.networking.Server sendToAll
INFO: Reap dead connection: [DummyConnection Server connection - model.nation.tupi]
Apr 27, 2018 11:59:15 PM net.sf.freecol.server.networking.Server sendToAll
INFO: Reap dead connection: [DummyConnection Server connection - model.nation.arawak]
Apr 27, 2018 11:59:15 PM net.sf.freecol.server.networking.Server sendToAll
INFO: Reap dead connection: [DummyConnection Server connection - model.nation.english]
Apr 27, 2018 11:59:15 PM net.sf.freecol.server.networking.Server sendToAll
INFO: Reap dead connection: [DummyConnection Server connection - model.nation.dutch]
Apr 27, 2018 11:59:15 PM net.sf.freecol.server.networking.Server sendToAll
INFO: Reap dead connection: [DummyConnection Server connection - model.nation.apache]
Apr 27, 2018 11:59:15 PM net.sf.freecol.common.model.Specification applyDifficultyLevel
INFO: Applying difficulty level model.difficulty.medium
Apr 27, 2018 11:59:15 PM net.sf.freecol.common.FreeColSeed getFreeColSeed
INFO: Using seed: 1085612971445306716
Apr 27, 2018 11:59:15 PM net.sf.freecol.server.networking.Server sendToAll
INFO: Reap dead connection: [DummyConnection Server connection - model.nation.spanish]
Apr 27, 2018 11:59:15 PM net.sf.freecol.server.networking.Server sendToAll
INFO: Reap dead connection: [DummyConnection Server connection - model.nation.iroquois]
Apr 27, 2018 11:59:15 PM net.sf.freecol.server.networking.Server sendToAll
INFO: Reap dead connection: [DummyConnection Server connection - model.nation.french]
Apr 27, 2018 11:59:15 PM net.sf.freecol.server.networking.Server sendToAll
INFO: Reap dead connection: [DummyConnection Server connection - model.nation.english]
Apr 27, 2018 11:59:15 PM net.sf.freecol.server.networking.Server sendToAll
INFO: Reap dead connection: [DummyConnection Server connection - model.nation.apache]
Apr 27, 2018 11:59:15 PM net.sf.freecol.server.networking.Server sendToAll
INFO: Reap dead connection: [DummyConnection Server connection - model.nation.aztec]
Apr 27, 2018 11:59:15 PM net.sf.freecol.server.networking.Server sendToAll
INFO: Reap dead connection: [DummyConnection Server connection - model.nation.dutch]
Apr 27, 2018 11:59:15 PM net.sf.freecol.server.networking.Server sendToAll
INFO: Reap dead connection: [DummyConnection Server connection - model.nation.tupi]
Apr 27, 2018 11:59:15 PM net.sf.freecol.server.networking.Server sendToAll
INFO: Reap dead connection: [DummyConnection Server connection - model.nation.sioux]
Apr 27, 2018 11:59:15 PM net.sf.freecol.server.networking.Server sendToAll
INFO: Reap dead connection: [DummyConnection Server connection - model.nation.cherokee]
Apr 27, 2018 11:59:15 PM net.sf.freecol.server.networking.Server sendToAll
INFO: Reap dead connection: [DummyConnection Server connection - model.nation.arawak]
Apr 27, 2018 11:59:15 PM net.sf.freecol.server.networking.Server sendToAll
INFO: Reap dead connection: [DummyConnection Server connection - model.nation.inca]
Apr 27, 2018 11:59:15 PM net.sf.freecol.common.model.Specification applyDifficultyLevel
INFO: Applying difficulty level model.difficulty.medium
Apr 27, 2018 11:59:15 PM net.sf.freecol.common.FreeColSeed getFreeColSeed
INFO: Using seed: -7484324959481494126
Apr 27, 2018 11:59:15 PM net.sf.freecol.server.networking.Server sendToAll
INFO: Reap dead connection: [DummyConnection Server connection - model.nation.tupi]
Apr 27, 2018 11:59:15 PM net.sf.freecol.server.networking.Server sendToAll
INFO: Reap dead connection: [DummyConnection Server connection - model.nation.iroquois]
Apr 27, 2018 11:59:15 PM net.sf.freecol.server.networking.Server sendToAll
INFO: Reap dead connection: [DummyConnection Server connection - model.nation.arawak]
Apr 27, 2018 11:59:15 PM net.sf.freecol.server.networking.Server sendToAll
INFO: Reap dead connection: [DummyConnection Server connection - model.nation.english]
Apr 27, 2018 11:59:15 PM net.sf.freecol.server.networking.Server sendToAll
INFO: Reap dead connection: [DummyConnection Server connection - model.nation.aztec]
Apr 27, 2018 11:59:15 PM net.sf.freecol.server.networking.Server sendToAll
INFO: Reap dead connection: [DummyConnection Server connection - model.nation.sioux]
Apr 27, 2018 11:59:15 PM net.sf.freecol.server.networking.Server sendToAll
INFO: Reap dead connection: [DummyConnection Server connection - model.nation.apache]
Apr 27, 2018 11:59:15 PM net.sf.freecol.server.networking.Server sendToAll
INFO: Reap dead connection: [DummyConnection Server connection - model.nation.spanish]
Apr 27, 2018 11:59:15 PM net.sf.freecol.server.networking.Server sendToAll
INFO: Reap dead connection: [DummyConnection Server connection - model.nation.french]
Apr 27, 2018 11:59:15 PM net.sf.freecol.server.networking.Server sendToAll
INFO: Reap dead connection: [DummyConnection Server connection - model.nation.inca]
Apr 27, 2018 11:59:15 PM net.sf.freecol.server.networking.Server sendToAll
INFO: Reap dead connection: [DummyConnection Server connection - model.nation.cherokee]
Apr 27, 2018 11:59:15 PM net.sf.freecol.server.networking.Server sendToAll
INFO: Reap dead connection: [DummyConnection Server connection - model.nation.dutch]
Apr 27, 2018 11:59:15 PM net.sf.freecol.common.util.LogBuilder log
INFO: Destroying: goodsContainer:252 unit:251
Apr 27, 2018 11:59:15 PM net.sf.freecol.common.model.Specification applyDifficultyLevel
INFO: Applying difficulty level model.difficulty.medium
Apr 27, 2018 11:59:15 PM net.sf.freecol.common.FreeColSeed getFreeColSeed
INFO: Using seed: -890451267603441772
Apr 27, 2018 11:59:15 PM net.sf.freecol.server.networking.Server sendToAll
INFO: Reap dead connection: [DummyConnection Server connection - model.nation.iroquois]
Apr 27, 2018 11:59:15 PM net.sf.freecol.server.networking.Server sendToAll
INFO: Reap dead connection: [DummyConnection Server connection - model.nation.apache]
Apr 27, 2018 11:59:15 PM net.sf.freecol.server.networking.Server sendToAll
INFO: Reap dead connection: [DummyConnection Server connection - model.nation.english]
Apr 27, 2018 11:59:15 PM net.sf.freecol.server.networking.Server sendToAll
INFO: Reap dead connection: [DummyConnection Server connection - model.nation.dutch]
Apr 27, 2018 11:59:15 PM net.sf.freecol.server.networking.Server sendToAll
INFO: Reap dead connection: [DummyConnection Server connection - model.nation.aztec]
Apr 27, 2018 11:59:15 PM net.sf.freecol.server.networking.Server sendToAll
INFO: Reap dead connection: [DummyConnection Server connection - model.nation.spanish]
Apr 27, 2018 11:59:15 PM net.sf.freecol.server.networking.Server sendToAll
INFO: Reap dead connection: [DummyConnection Server connection - model.nation.tupi]
Apr 27, 2018 11:59:15 PM net.sf.freecol.server.networking.Server sendToAll
INFO: Reap dead connection: [DummyConnection Server connection - model.nation.inca]
Apr 27, 2018 11:59:15 PM net.sf.freecol.server.networking.Server sendToAll
INFO: Reap dead connection: [DummyConnection Server connection - model.nation.french]
Apr 27, 2018 11:59:15 PM net.sf.freecol.server.networking.Server sendToAll
INFO: Reap dead connection: [DummyConnection Server connection - model.nation.sioux]
Apr 27, 2018 11:59:15 PM net.sf.freecol.server.networking.Server sendToAll
INFO: Reap dead connection: [DummyConnection Server connection - model.nation.arawak]
Apr 27, 2018 11:59:15 PM net.sf.freecol.server.networking.Server sendToAll
INFO: Reap dead connection: [DummyConnection Server connection - model.nation.cherokee]
Apr 27, 2018 11:59:15 PM net.sf.freecol.common.model.Specification applyDifficultyLevel
INFO: Applying difficulty level model.difficulty.medium
Apr 27, 2018 11:59:15 PM net.sf.freecol.common.FreeColSeed getFreeColSeed
INFO: Using seed: -2857697102820565779
Apr 27, 2018 11:59:15 PM net.sf.freecol.server.networking.Server sendToAll
INFO: Reap dead connection: [DummyConnection Server connection - model.nation.iroquois]
Apr 27, 2018 11:59:15 PM net.sf.freecol.server.networking.Server sendToAll
INFO: Reap dead connection: [DummyConnection Server connection - model.nation.sioux]
Apr 27, 2018 11:59:15 PM net.sf.freecol.server.networking.Server sendToAll
INFO: Reap dead connection: [DummyConnection Server connection - model.nation.dutch]
Apr 27, 2018 11:59:15 PM net.sf.freecol.server.networking.Server sendToAll
INFO: Reap dead connection: [DummyConnection Server connection - model.nation.tupi]
Apr 27, 2018 11:59:15 PM net.sf.freecol.server.networking.Server sendToAll
INFO: Reap dead connection: [DummyConnection Server connection - model.nation.inca]
Apr 27, 2018 11:59:15 PM net.sf.freecol.server.networking.Server sendToAll
INFO: Reap dead connection: [DummyConnection Server connection - model.nation.english]
Apr 27, 2018 11:59:15 PM net.sf.freecol.server.networking.Server sendToAll
INFO: Reap dead connection: [DummyConnection Server connection - model.nation.aztec]
Apr 27, 2018 11:59:15 PM net.sf.freecol.server.networking.Server sendToAll
INFO: Reap dead connection: [DummyConnection Server connection - model.nation.spanish]
Apr 27, 2018 11:59:15 PM net.sf.freecol.server.networking.Server sendToAll
INFO: Reap dead connection: [DummyConnection Server connection - model.nation.cherokee]
Apr 27, 2018 11:59:15 PM net.sf.freecol.server.networking.Server sendToAll
INFO: Reap dead connection: [DummyConnection Server connection - model.nation.french]
Apr 27, 2018 11:59:15 PM net.sf.freecol.server.networking.Server sendToAll
INFO: Reap dead connection: [DummyConnection Server connection - model.nation.apache]
Apr 27, 2018 11:59:15 PM net.sf.freecol.server.networking.Server sendToAll
INFO: Reap dead connection: [DummyConnection Server connection - model.nation.arawak]
Apr 27, 2018 11:59:15 PM net.sf.freecol.common.model.Specification applyDifficultyLevel
INFO: Applying difficulty level model.difficulty.medium
Apr 27, 2018 11:59:15 PM net.sf.freecol.common.FreeColSeed getFreeColSeed
INFO: Using seed: -2270436333859957336
Apr 27, 2018 11:59:15 PM net.sf.freecol.server.networking.Server sendToAll
INFO: Reap dead connection: [DummyConnection Server connection - model.nation.aztec]
Apr 27, 2018 11:59:15 PM net.sf.freecol.server.networking.Server sendToAll
INFO: Reap dead connection: [DummyConnection Server connection - model.nation.inca]
Apr 27, 2018 11:59:15 PM net.sf.freecol.server.networking.Server sendToAll
INFO: Reap dead connection: [DummyConnection Server connection - model.nation.spanish]
Apr 27, 2018 11:59:15 PM net.sf.freecol.server.networking.Server sendToAll
INFO: Reap dead connection: [DummyConnection Server connection - model.nation.dutch]
Apr 27, 2018 11:59:15 PM net.sf.freecol.server.networking.Server sendToAll
INFO: Reap dead connection: [DummyConnection Server connection - model.nation.arawak]
Apr 27, 2018 11:59:15 PM net.sf.freecol.server.networking.Server sendToAll
INFO: Reap dead connection: [DummyConnection Server connection - model.nation.iroquois]
Apr 27, 2018 11:59:15 PM net.sf.freecol.server.networking.Server sendToAll
INFO: Reap dead connection: [DummyConnection Server connection - model.nation.tupi]
Apr 27, 2018 11:59:15 PM net.sf.freecol.server.networking.Server sendToAll
INFO: Reap dead connection: [DummyConnection Server connection - model.nation.french]
Apr 27, 2018 11:59:15 PM net.sf.freecol.server.networking.Server sendToAll
INFO: Reap dead connection: [DummyConnection Server connection - model.nation.apache]
Apr 27, 2018 11:59:15 PM net.sf.freecol.server.networking.Server sendToAll
INFO: Reap dead connection: [DummyConnection Server connection - model.nation.cherokee]
Apr 27, 2018 11:59:15 PM net.sf.freecol.server.networking.Server sendToAll
INFO: Reap dead connection: [DummyConnection Server connection - model.nation.english]
Apr 27, 2018 11:59:15 PM net.sf.freecol.server.networking.Server sendToAll
INFO: Reap dead connection: [DummyConnection Server connection - model.nation.sioux]
Apr 27, 2018 11:59:15 PM net.sf.freecol.common.model.Specification applyDifficultyLevel
INFO: Applying difficulty level model.difficulty.medium
Apr 27, 2018 11:59:15 PM net.sf.freecol.common.FreeColSeed getFreeColSeed
INFO: Using seed: -610346425198196336
Apr 27, 2018 11:59:15 PM net.sf.freecol.server.networking.Server sendToAll
INFO: Reap dead connection: [DummyConnection Server connection - model.nation.sioux]
Apr 27, 2018 11:59:15 PM net.sf.freecol.server.networking.Server sendToAll
INFO: Reap dead connection: [DummyConnection Server connection - model.nation.aztec]
Apr 27, 2018 11:59:15 PM net.sf.freecol.server.networking.Server sendToAll
INFO: Reap dead connection: [DummyConnection Server connection - model.nation.spanish]
Apr 27, 2018 11:59:15 PM net.sf.freecol.server.networking.Server sendToAll
INFO: Reap dead connection: [DummyConnection Server connection - model.nation.dutch]
Apr 27, 2018 11:59:15 PM net.sf.freecol.server.networking.Server sendToAll
INFO: Reap dead connection: [DummyConnection Server connection - model.nation.inca]
Apr 27, 2018 11:59:15 PM net.sf.freecol.server.networking.Server sendToAll
INFO: Reap dead connection: [DummyConnection Server connection - model.nation.apache]
Apr 27, 2018 11:59:15 PM net.sf.freecol.server.networking.Server sendToAll
INFO: Reap dead connection: [DummyConnection Server connection - model.nation.tupi]
Apr 27, 2018 11:59:15 PM net.sf.freecol.server.networking.Server sendToAll
INFO: Reap dead connection: [DummyConnection Server connection - model.nation.cherokee]
Apr 27, 2018 11:59:15 PM net.sf.freecol.server.networking.Server sendToAll
INFO: Reap dead connection: [DummyConnection Server connection - model.nation.english]
Apr 27, 2018 11:59:15 PM net.sf.freecol.server.networking.Server sendToAll
INFO: Reap dead connection: [DummyConnection Server connection - model.nation.iroquois]
Apr 27, 2018 11:59:15 PM net.sf.freecol.server.networking.Server sendToAll
INFO: Reap dead connection: [DummyConnection Server connection - model.nation.french]
Apr 27, 2018 11:59:15 PM net.sf.freecol.server.networking.Server sendToAll
INFO: Reap dead connection: [DummyConnection Server connection - model.nation.arawak]
Apr 27, 2018 11:59:15 PM net.sf.freecol.server.model.ServerPlayer checkForDeath
INFO: William I alive, can buy colonist.
Apr 27, 2018 11:59:15 PM net.sf.freecol.common.model.Specification applyDifficultyLevel
INFO: Applying difficulty level model.difficulty.medium
Apr 27, 2018 11:59:15 PM net.sf.freecol.common.FreeColSeed getFreeColSeed
INFO: Using seed: 4851052542449390353
Apr 27, 2018 11:59:15 PM net.sf.freecol.server.networking.Server sendToAll
INFO: Reap dead connection: [DummyConnection Server connection - model.nation.dutch]
Apr 27, 2018 11:59:15 PM net.sf.freecol.server.networking.Server sendToAll
INFO: Reap dead connection: [DummyConnection Server connection - model.nation.spanish]
Apr 27, 2018 11:59:15 PM net.sf.freecol.server.networking.Server sendToAll
INFO: Reap dead connection: [DummyConnection Server connection - model.nation.aztec]
Apr 27, 2018 11:59:15 PM net.sf.freecol.server.networking.Server sendToAll
INFO: Reap dead connection: [DummyConnection Server connection - model.nation.english]
Apr 27, 2018 11:59:15 PM net.sf.freecol.server.networking.Server sendToAll
INFO: Reap dead connection: [DummyConnection Server connection - model.nation.inca]
Apr 27, 2018 11:59:15 PM net.sf.freecol.server.networking.Server sendToAll
INFO: Reap dead connection: [DummyConnection Server connection - model.nation.iroquois]
Apr 27, 2018 11:59:15 PM net.sf.freecol.server.networking.Server sendToAll
INFO: Reap dead connection: [DummyConnection Server connection - model.nation.sioux]
Apr 27, 2018 11:59:15 PM net.sf.freecol.server.networking.Server sendToAll
INFO: Reap dead connection: [DummyConnection Server connection - model.nation.apache]
Apr 27, 2018 11:59:15 PM net.sf.freecol.server.networking.Server sendToAll
INFO: Reap dead connection: [DummyConnection Server connection - model.nation.tupi]
Apr 27, 2018 11:59:15 PM net.sf.freecol.server.networking.Server sendToAll
INFO: Reap dead connection: [DummyConnection Server connection - model.nation.french]
Apr 27, 2018 11:59:15 PM net.sf.freecol.server.networking.Server sendToAll
INFO: Reap dead connection: [DummyConnection Server connection - model.nation.arawak]
Apr 27, 2018 11:59:15 PM net.sf.freecol.server.networking.Server sendToAll
INFO: Reap dead connection: [DummyConnection Server connection - model.nation.cherokee]
Apr 27, 2018 11:59:15 PM net.sf.freecol.server.model.ServerPlayer checkForDeath
INFO: William I survives by autorecruit.
Apr 27, 2018 11:59:15 PM net.sf.freecol.server.model.ServerPlayer checkForDeath
INFO: William I alive, has waiting colonist.
Apr 27, 2018 11:59:15 PM net.sf.freecol.server.model.ServerPlayer checkForDeath
INFO: William I dead, no presence >= 1600
Apr 27, 2018 11:59:15 PM net.sf.freecol.common.model.Specification applyDifficultyLevel
INFO: Applying difficulty level model.difficulty.medium
Apr 27, 2018 11:59:15 PM net.sf.freecol.common.FreeColSeed getFreeColSeed
INFO: Using seed: -4005307812072184086
Apr 27, 2018 11:59:15 PM net.sf.freecol.server.networking.Server sendToAll
INFO: Reap dead connection: [DummyConnection Server connection - model.nation.cherokee]
Apr 27, 2018 11:59:15 PM net.sf.freecol.server.networking.Server sendToAll
INFO: Reap dead connection: [DummyConnection Server connection - model.nation.iroquois]
Apr 27, 2018 11:59:15 PM net.sf.freecol.server.networking.Server sendToAll
INFO: Reap dead connection: [DummyConnection Server connection - model.nation.sioux]
Apr 27, 2018 11:59:15 PM net.sf.freecol.server.networking.Server sendToAll
INFO: Reap dead connection: [DummyConnection Server connection - model.nation.aztec]
Apr 27, 2018 11:59:15 PM net.sf.freecol.server.networking.Server sendToAll
INFO: Reap dead connection: [DummyConnection Server connection - model.nation.french]
Apr 27, 2018 11:59:15 PM net.sf.freecol.server.networking.Server sendToAll
INFO: Reap dead connection: [DummyConnection Server connection - model.nation.inca]
Apr 27, 2018 11:59:15 PM net.sf.freecol.server.networking.Server sendToAll
INFO: Reap dead connection: [DummyConnection Server connection - model.nation.arawak]
Apr 27, 2018 11:59:15 PM net.sf.freecol.server.networking.Server sendToAll
INFO: Reap dead connection: [DummyConnection Server connection - model.nation.english]
Apr 27, 2018 11:59:15 PM net.sf.freecol.server.networking.Server sendToAll
INFO: Reap dead connection: [DummyConnection Server connection - model.nation.tupi]
Apr 27, 2018 11:59:15 PM net.sf.freecol.server.networking.Server sendToAll
INFO: Reap dead connection: [DummyConnection Server connection - model.nation.spanish]
Apr 27, 2018 11:59:15 PM net.sf.freecol.server.networking.Server sendToAll
INFO: Reap dead connection: [DummyConnection Server connection - model.nation.dutch]
Apr 27, 2018 11:59:15 PM net.sf.freecol.server.networking.Server sendToAll
INFO: Reap dead connection: [DummyConnection Server connection - model.nation.apache]
Apr 27, 2018 11:59:15 PM net.sf.freecol.server.model.ServerPlayer checkForDeath
INFO: William I alive, unit unit:247 on map.
Apr 27, 2018 11:59:15 PM net.sf.freecol.common.model.Specification applyDifficultyLevel
INFO: Applying difficulty level model.difficulty.medium
Apr 27, 2018 11:59:15 PM net.sf.freecol.common.FreeColSeed getFreeColSeed
INFO: Using seed: -8210814152481313108
Apr 27, 2018 11:59:15 PM net.sf.freecol.server.networking.Server sendToAll
INFO: Reap dead connection: [DummyConnection Server connection - model.nation.dutch]
Apr 27, 2018 11:59:15 PM net.sf.freecol.server.networking.Server sendToAll
INFO: Reap dead connection: [DummyConnection Server connection - model.nation.apache]
Apr 27, 2018 11:59:15 PM net.sf.freecol.server.networking.Server sendToAll
INFO: Reap dead connection: [DummyConnection Server connection - model.nation.aztec]
Apr 27, 2018 11:59:15 PM net.sf.freecol.server.networking.Server sendToAll
INFO: Reap dead connection: [DummyConnection Server connection - model.nation.spanish]
Apr 27, 2018 11:59:15 PM net.sf.freecol.server.networking.Server sendToAll
INFO: Reap dead connection: [DummyConnection Server connection - model.nation.inca]
Apr 27, 2018 11:59:15 PM net.sf.freecol.server.networking.Server sendToAll
INFO: Reap dead connection: [DummyConnection Server connection - model.nation.cherokee]
Apr 27, 2018 11:59:15 PM net.sf.freecol.server.networking.Server sendToAll
INFO: Reap dead connection: [DummyConnection Server connection - model.nation.iroquois]
Apr 27, 2018 11:59:15 PM net.sf.freecol.server.networking.Server sendToAll
INFO: Reap dead connection: [DummyConnection Server connection - model.nation.arawak]
Apr 27, 2018 11:59:15 PM net.sf.freecol.server.networking.Server sendToAll
INFO: Reap dead connection: [DummyConnection Server connection - model.nation.english]
Apr 27, 2018 11:59:15 PM net.sf.freecol.server.networking.Server sendToAll
INFO: Reap dead connection: [DummyConnection Server connection - model.nation.french]
Apr 27, 2018 11:59:15 PM net.sf.freecol.server.networking.Server sendToAll
INFO: Reap dead connection: [DummyConnection Server connection - model.nation.tupi]
Apr 27, 2018 11:59:15 PM net.sf.freecol.server.networking.Server sendToAll
INFO: Reap dead connection: [DummyConnection Server connection - model.nation.sioux]
Apr 27, 2018 11:59:15 PM net.sf.freecol.common.model.Specification applyDifficultyLevel
INFO: Applying difficulty level model.difficulty.medium
Apr 27, 2018 11:59:15 PM net.sf.freecol.common.FreeColSeed getFreeColSeed
INFO: Using seed: 275421922414849901
Apr 27, 2018 11:59:15 PM net.sf.freecol.server.networking.Server sendToAll
INFO: Reap dead connection: [DummyConnection Server connection - model.nation.spanish]
Apr 27, 2018 11:59:15 PM net.sf.freecol.server.networking.Server sendToAll
INFO: Reap dead connection: [DummyConnection Server connection - model.nation.aztec]
Apr 27, 2018 11:59:15 PM net.sf.freecol.server.networking.Server sendToAll
INFO: Reap dead connection: [DummyConnection Server connection - model.nation.iroquois]
Apr 27, 2018 11:59:15 PM net.sf.freecol.server.networking.Server sendToAll
INFO: Reap dead connection: [DummyConnection Server connection - model.nation.inca]
Apr 27, 2018 11:59:15 PM net.sf.freecol.server.networking.Server sendToAll
INFO: Reap dead connection: [DummyConnection Server connection - model.nation.cherokee]
Apr 27, 2018 11:59:15 PM net.sf.freecol.server.networking.Server sendToAll
INFO: Reap dead connection: [DummyConnection Server connection - model.nation.apache]
Apr 27, 2018 11:59:15 PM net.sf.freecol.server.networking.Server sendToAll
INFO: Reap dead connection: [DummyConnection Server connection - model.nation.tupi]
Apr 27, 2018 11:59:15 PM net.sf.freecol.server.networking.Server sendToAll
INFO: Reap dead connection: [DummyConnection Server connection - model.nation.sioux]
Apr 27, 2018 11:59:15 PM net.sf.freecol.server.networking.Server sendToAll
INFO: Reap dead connection: [DummyConnection Server connection - model.nation.arawak]
Apr 27, 2018 11:59:15 PM net.sf.freecol.server.networking.Server sendToAll
INFO: Reap dead connection: [DummyConnection Server connection - model.nation.dutch]
Apr 27, 2018 11:59:15 PM net.sf.freecol.server.networking.Server sendToAll
INFO: Reap dead connection: [DummyConnection Server connection - model.nation.french]
Apr 27, 2018 11:59:15 PM net.sf.freecol.server.networking.Server sendToAll
INFO: Reap dead connection: [DummyConnection Server connection - model.nation.english]
Apr 27, 2018 11:59:15 PM net.sf.freecol.common.model.Specification applyDifficultyLevel
INFO: Applying difficulty level model.difficulty.medium
Apr 27, 2018 11:59:15 PM net.sf.freecol.common.FreeColSeed getFreeColSeed
INFO: Using seed: -2991340338205687019
Apr 27, 2018 11:59:15 PM net.sf.freecol.server.networking.Server sendToAll
INFO: Reap dead connection: [DummyConnection Server connection - model.nation.arawak]
Apr 27, 2018 11:59:15 PM net.sf.freecol.server.networking.Server sendToAll
INFO: Reap dead connection: [DummyConnection Server connection - model.nation.inca]
Apr 27, 2018 11:59:15 PM net.sf.freecol.server.networking.Server sendToAll
INFO: Reap dead connection: [DummyConnection Server connection - model.nation.aztec]
Apr 27, 2018 11:59:15 PM net.sf.freecol.server.networking.Server sendToAll
INFO: Reap dead connection: [DummyConnection Server connection - model.nation.tupi]
Apr 27, 2018 11:59:15 PM net.sf.freecol.server.networking.Server sendToAll
INFO: Reap dead connection: [DummyConnection Server connection - model.nation.dutch]
Apr 27, 2018 11:59:15 PM net.sf.freecol.server.networking.Server sendToAll
INFO: Reap dead connection: [DummyConnection Server connection - model.nation.english]
Apr 27, 2018 11:59:15 PM net.sf.freecol.server.networking.Server sendToAll
INFO: Reap dead connection: [DummyConnection Server connection - model.nation.french]
Apr 27, 2018 11:59:15 PM net.sf.freecol.server.networking.Server sendToAll
INFO: Reap dead connection: [DummyConnection Server connection - model.nation.iroquois]
Apr 27, 2018 11:59:15 PM net.sf.freecol.server.networking.Server sendToAll
INFO: Reap dead connection: [DummyConnection Server connection - model.nation.sioux]
Apr 27, 2018 11:59:15 PM net.sf.freecol.server.networking.Server sendToAll
INFO: Reap dead connection: [DummyConnection Server connection - model.nation.cherokee]
Apr 27, 2018 11:59:15 PM net.sf.freecol.server.networking.Server sendToAll
INFO: Reap dead connection: [DummyConnection Server connection - model.nation.apache]
Apr 27, 2018 11:59:15 PM net.sf.freecol.server.networking.Server sendToAll
INFO: Reap dead connection: [DummyConnection Server connection - model.nation.spanish]
Apr 27, 2018 11:59:15 PM net.sf.freecol.server.model.ServerPlayer checkForDeath
INFO: William I alive, has embarked unit.
Apr 27, 2018 11:59:15 PM net.sf.freecol.server.model.ServerPlayer checkForDeath
INFO: William I dead, no presence >= 1600
Apr 27, 2018 11:59:15 PM net.sf.freecol.common.model.Specification applyDifficultyLevel
INFO: Applying difficulty level model.difficulty.medium
Apr 27, 2018 11:59:15 PM net.sf.freecol.common.model.Specification applyDifficultyLevel
INFO: Applying difficulty level model.difficulty.medium
Apr 27, 2018 11:59:15 PM net.sf.freecol.common.model.Specification applyDifficultyLevel
INFO: Applying difficulty level model.difficulty.medium
Apr 27, 2018 11:59:15 PM net.sf.freecol.common.FreeColSeed getFreeColSeed
INFO: Using seed: -8714801519969055147
Apr 27, 2018 11:59:15 PM net.sf.freecol.server.networking.Server sendToAll
INFO: Reap dead connection: [DummyConnection Server connection - model.nation.tupi]
Apr 27, 2018 11:59:15 PM net.sf.freecol.server.networking.Server sendToAll
INFO: Reap dead connection: [DummyConnection Server connection - model.nation.arawak]
Apr 27, 2018 11:59:15 PM net.sf.freecol.server.networking.Server sendToAll
INFO: Reap dead connection: [DummyConnection Server connection - model.nation.english]
Apr 27, 2018 11:59:15 PM net.sf.freecol.server.networking.Server sendToAll
INFO: Reap dead connection: [DummyConnection Server connection - model.nation.iroquois]
Apr 27, 2018 11:59:15 PM net.sf.freecol.server.networking.Server sendToAll
INFO: Reap dead connection: [DummyConnection Server connection - model.nation.sioux]
Apr 27, 2018 11:59:15 PM net.sf.freecol.server.networking.Server sendToAll
INFO: Reap dead connection: [DummyConnection Server connection - model.nation.french]
Apr 27, 2018 11:59:15 PM net.sf.freecol.server.networking.Server sendToAll
INFO: Reap dead connection: [DummyConnection Server connection - model.nation.aztec]
Apr 27, 2018 11:59:15 PM net.sf.freecol.server.networking.Server sendToAll
INFO: Reap dead connection: [DummyConnection Server connection - model.nation.apache]
Apr 27, 2018 11:59:15 PM net.sf.freecol.server.networking.Server sendToAll
INFO: Reap dead connection: [DummyConnection Server connection - model.nation.dutch]
Apr 27, 2018 11:59:15 PM net.sf.freecol.server.networking.Server sendToAll
INFO: Reap dead connection: [DummyConnection Server connection - model.nation.inca]
Apr 27, 2018 11:59:15 PM net.sf.freecol.server.networking.Server sendToAll
INFO: Reap dead connection: [DummyConnection Server connection - model.nation.cherokee]
Apr 27, 2018 11:59:15 PM net.sf.freecol.server.networking.Server sendToAll
INFO: Reap dead connection: [DummyConnection Server connection - model.nation.spanish]
Apr 27, 2018 11:59:15 PM net.sf.freecol.common.model.Specification applyDifficultyLevel
INFO: Applying difficulty level model.difficulty.medium
Apr 27, 2018 11:59:15 PM net.sf.freecol.common.FreeColSeed getFreeColSeed
INFO: Using seed: -708714655821055033
Apr 27, 2018 11:59:15 PM net.sf.freecol.server.networking.Server sendToAll
INFO: Reap dead connection: [DummyConnection Server connection - model.nation.dutch]
Apr 27, 2018 11:59:15 PM net.sf.freecol.server.networking.Server sendToAll
INFO: Reap dead connection: [DummyConnection Server connection - model.nation.tupi]
Apr 27, 2018 11:59:15 PM net.sf.freecol.server.networking.Server sendToAll
INFO: Reap dead connection: [DummyConnection Server connection - model.nation.spanish]
Apr 27, 2018 11:59:15 PM net.sf.freecol.server.networking.Server sendToAll
INFO: Reap dead connection: [DummyConnection Server connection - model.nation.apache]
Apr 27, 2018 11:59:15 PM net.sf.freecol.server.networking.Server sendToAll
INFO: Reap dead connection: [DummyConnection Server connection - model.nation.french]
Apr 27, 2018 11:59:15 PM net.sf.freecol.server.networking.Server sendToAll
INFO: Reap dead connection: [DummyConnection Server connection - model.nation.inca]
Apr 27, 2018 11:59:15 PM net.sf.freecol.server.networking.Server sendToAll
INFO: Reap dead connection: [DummyConnection Server connection - model.nation.iroquois]
Apr 27, 2018 11:59:15 PM net.sf.freecol.server.networking.Server sendToAll
INFO: Reap dead connection: [DummyConnection Server connection - model.nation.sioux]
Apr 27, 2018 11:59:15 PM net.sf.freecol.server.networking.Server sendToAll
INFO: Reap dead connection: [DummyConnection Server connection - model.nation.cherokee]
Apr 27, 2018 11:59:15 PM net.sf.freecol.server.networking.Server sendToAll
INFO: Reap dead connection: [DummyConnection Server connection - model.nation.aztec]
Apr 27, 2018 11:59:15 PM net.sf.freecol.server.networking.Server sendToAll
INFO: Reap dead connection: [DummyConnection Server connection - model.nation.english]
Apr 27, 2018 11:59:15 PM net.sf.freecol.server.networking.Server sendToAll
INFO: Reap dead connection: [DummyConnection Server connection - model.nation.arawak]
Apr 27, 2018 11:59:15 PM net.sf.freecol.common.model.Specification applyDifficultyLevel
INFO: Applying difficulty level model.difficulty.medium
Apr 27, 2018 11:59:15 PM net.sf.freecol.common.FreeColSeed getFreeColSeed
INFO: Using seed: 7788496976945225432
Apr 27, 2018 11:59:15 PM net.sf.freecol.server.networking.Server sendToAll
INFO: Reap dead connection: [DummyConnection Server connection - model.nation.aztec]
Apr 27, 2018 11:59:15 PM net.sf.freecol.server.networking.Server sendToAll
INFO: Reap dead connection: [DummyConnection Server connection - model.nation.english]
Apr 27, 2018 11:59:15 PM net.sf.freecol.server.networking.Server sendToAll
INFO: Reap dead connection: [DummyConnection Server connection - model.nation.tupi]
Apr 27, 2018 11:59:15 PM net.sf.freecol.server.networking.Server sendToAll
INFO: Reap dead connection: [DummyConnection Server connection - model.nation.dutch]
Apr 27, 2018 11:59:15 PM net.sf.freecol.server.networking.Server sendToAll
INFO: Reap dead connection: [DummyConnection Server connection - model.nation.french]
Apr 27, 2018 11:59:15 PM net.sf.freecol.server.networking.Server sendToAll
INFO: Reap dead connection: [DummyConnection Server connection - model.nation.iroquois]
Apr 27, 2018 11:59:15 PM net.sf.freecol.server.networking.Server sendToAll
INFO: Reap dead connection: [DummyConnection Server connection - model.nation.sioux]
Apr 27, 2018 11:59:15 PM net.sf.freecol.server.networking.Server sendToAll
INFO: Reap dead connection: [DummyConnection Server connection - model.nation.apache]
Apr 27, 2018 11:59:15 PM net.sf.freecol.server.networking.Server sendToAll
INFO: Reap dead connection: [DummyConnection Server connection - model.nation.cherokee]
Apr 27, 2018 11:59:15 PM net.sf.freecol.server.networking.Server sendToAll
INFO: Reap dead connection: [DummyConnection Server connection - model.nation.arawak]
Apr 27, 2018 11:59:15 PM net.sf.freecol.server.networking.Server sendToAll
INFO: Reap dead connection: [DummyConnection Server connection - model.nation.inca]
Apr 27, 2018 11:59:15 PM net.sf.freecol.server.networking.Server sendToAll
INFO: Reap dead connection: [DummyConnection Server connection - model.nation.spanish]
Apr 27, 2018 11:59:15 PM net.sf.freecol.server.model.ServerPlayer checkForDeath
INFO: William I dead, can not buy carrier.
Apr 27, 2018 11:59:15 PM net.sf.freecol.common.model.Specification applyDifficultyLevel
INFO: Applying difficulty level model.difficulty.medium
Apr 27, 2018 11:59:15 PM net.sf.freecol.common.FreeColSeed getFreeColSeed
INFO: Using seed: -613750269210399977
Apr 27, 2018 11:59:15 PM net.sf.freecol.server.networking.Server sendToAll
INFO: Reap dead connection: [DummyConnection Server connection - model.nation.iroquois]
Apr 27, 2018 11:59:15 PM net.sf.freecol.server.networking.Server sendToAll
INFO: Reap dead connection: [DummyConnection Server connection - model.nation.french]
Apr 27, 2018 11:59:15 PM net.sf.freecol.server.networking.Server sendToAll
INFO: Reap dead connection: [DummyConnection Server connection - model.nation.aztec]
Apr 27, 2018 11:59:15 PM net.sf.freecol.server.networking.Server sendToAll
INFO: Reap dead connection: [DummyConnection Server connection - model.nation.sioux]
Apr 27, 2018 11:59:15 PM net.sf.freecol.server.networking.Server sendToAll
INFO: Reap dead connection: [DummyConnection Server connection - model.nation.arawak]
Apr 27, 2018 11:59:15 PM net.sf.freecol.server.networking.Server sendToAll
INFO: Reap dead connection: [DummyConnection Server connection - model.nation.english]
Apr 27, 2018 11:59:15 PM net.sf.freecol.server.networking.Server sendToAll
INFO: Reap dead connection: [DummyConnection Server connection - model.nation.spanish]
Apr 27, 2018 11:59:15 PM net.sf.freecol.server.networking.Server sendToAll
INFO: Reap dead connection: [DummyConnection Server connection - model.nation.inca]
Apr 27, 2018 11:59:15 PM net.sf.freecol.server.networking.Server sendToAll
INFO: Reap dead connection: [DummyConnection Server connection - model.nation.tupi]
Apr 27, 2018 11:59:15 PM net.sf.freecol.server.networking.Server sendToAll
INFO: Reap dead connection: [DummyConnection Server connection - model.nation.apache]
Apr 27, 2018 11:59:15 PM net.sf.freecol.server.networking.Server sendToAll
INFO: Reap dead connection: [DummyConnection Server connection - model.nation.cherokee]
Apr 27, 2018 11:59:15 PM net.sf.freecol.server.networking.Server sendToAll
INFO: Reap dead connection: [DummyConnection Server connection - model.nation.dutch]
Apr 27, 2018 11:59:15 PM net.sf.freecol.server.model.ServerPlayer checkForDeath
INFO: William I alive, has embarked unit.
Apr 27, 2018 11:59:15 PM net.sf.freecol.server.model.ServerPlayer checkForDeath
INFO: William I dead, no presence >= 1600
Apr 27, 2018 11:59:15 PM net.sf.freecol.common.model.Specification applyDifficultyLevel
INFO: Applying difficulty level model.difficulty.medium
Apr 27, 2018 11:59:15 PM net.sf.freecol.common.FreeColSeed getFreeColSeed
INFO: Using seed: 280456826904185250
Apr 27, 2018 11:59:15 PM net.sf.freecol.server.networking.Server sendToAll
INFO: Reap dead connection: [DummyConnection Server connection - model.nation.arawak]
Apr 27, 2018 11:59:15 PM net.sf.freecol.server.networking.Server sendToAll
INFO: Reap dead connection: [DummyConnection Server connection - model.nation.apache]
Apr 27, 2018 11:59:15 PM net.sf.freecol.server.networking.Server sendToAll
INFO: Reap dead connection: [DummyConnection Server connection - model.nation.aztec]
Apr 27, 2018 11:59:15 PM net.sf.freecol.server.networking.Server sendToAll
INFO: Reap dead connection: [DummyConnection Server connection - model.nation.dutch]
Apr 27, 2018 11:59:15 PM net.sf.freecol.server.networking.Server sendToAll
INFO: Reap dead connection: [DummyConnection Server connection - model.nation.french]
Apr 27, 2018 11:59:15 PM net.sf.freecol.server.networking.Server sendToAll
INFO: Reap dead connection: [DummyConnection Server connection - model.nation.english]
Apr 27, 2018 11:59:15 PM net.sf.freecol.server.networking.Server sendToAll
INFO: Reap dead connection: [DummyConnection Server connection - model.nation.tupi]
Apr 27, 2018 11:59:15 PM net.sf.freecol.server.networking.Server sendToAll
INFO: Reap dead connection: [DummyConnection Server connection - model.nation.inca]
Apr 27, 2018 11:59:15 PM net.sf.freecol.server.networking.Server sendToAll
INFO: Reap dead connection: [DummyConnection Server connection - model.nation.sioux]
Apr 27, 2018 11:59:15 PM net.sf.freecol.server.networking.Server sendToAll
INFO: Reap dead connection: [DummyConnection Server connection - model.nation.spanish]
Apr 27, 2018 11:59:15 PM net.sf.freecol.server.networking.Server sendToAll
INFO: Reap dead connection: [DummyConnection Server connection - model.nation.cherokee]
Apr 27, 2018 11:59:15 PM net.sf.freecol.server.networking.Server sendToAll
INFO: Reap dead connection: [DummyConnection Server connection - model.nation.iroquois]
Apr 27, 2018 11:59:15 PM net.sf.freecol.common.model.MarketData price
INFO: Clamped price fall for marketData:67 from 10 to 16
Apr 27, 2018 11:59:15 PM net.sf.freecol.common.model.Specification applyDifficultyLevel
INFO: Applying difficulty level model.difficulty.medium
Apr 27, 2018 11:59:15 PM net.sf.freecol.common.FreeColSeed getFreeColSeed
INFO: Using seed: -1422867544453859052
Apr 27, 2018 11:59:15 PM net.sf.freecol.server.networking.Server sendToAll
INFO: Reap dead connection: [DummyConnection Server connection - model.nation.french]
Apr 27, 2018 11:59:15 PM net.sf.freecol.server.networking.Server sendToAll
INFO: Reap dead connection: [DummyConnection Server connection - model.nation.iroquois]
Apr 27, 2018 11:59:15 PM net.sf.freecol.server.networking.Server sendToAll
INFO: Reap dead connection: [DummyConnection Server connection - model.nation.aztec]
Apr 27, 2018 11:59:15 PM net.sf.freecol.server.networking.Server sendToAll
INFO: Reap dead connection: [DummyConnection Server connection - model.nation.english]
Apr 27, 2018 11:59:15 PM net.sf.freecol.server.networking.Server sendToAll
INFO: Reap dead connection: [DummyConnection Server connection - model.nation.dutch]
Apr 27, 2018 11:59:15 PM net.sf.freecol.server.networking.Server sendToAll
INFO: Reap dead connection: [DummyConnection Server connection - model.nation.apache]
Apr 27, 2018 11:59:15 PM net.sf.freecol.server.networking.Server sendToAll
INFO: Reap dead connection: [DummyConnection Server connection - model.nation.sioux]
Apr 27, 2018 11:59:15 PM net.sf.freecol.server.networking.Server sendToAll
INFO: Reap dead connection: [DummyConnection Server connection - model.nation.inca]
Apr 27, 2018 11:59:15 PM net.sf.freecol.server.networking.Server sendToAll
INFO: Reap dead connection: [DummyConnection Server connection - model.nation.cherokee]
Apr 27, 2018 11:59:15 PM net.sf.freecol.server.networking.Server sendToAll
INFO: Reap dead connection: [DummyConnection Server connection - model.nation.arawak]
Apr 27, 2018 11:59:15 PM net.sf.freecol.server.networking.Server sendToAll
INFO: Reap dead connection: [DummyConnection Server connection - model.nation.spanish]
Apr 27, 2018 11:59:15 PM net.sf.freecol.server.networking.Server sendToAll
INFO: Reap dead connection: [DummyConnection Server connection - model.nation.tupi]
Apr 27, 2018 11:59:15 PM net.sf.freecol.common.model.MarketData price
INFO: Clamped price fall for marketData:88 from 13 to 16
Apr 27, 2018 11:59:15 PM net.sf.freecol.common.model.Specification applyDifficultyLevel
INFO: Applying difficulty level model.difficulty.medium
Apr 27, 2018 11:59:15 PM net.sf.freecol.common.FreeColSeed getFreeColSeed
INFO: Using seed: -5409193786906122235
Apr 27, 2018 11:59:15 PM net.sf.freecol.server.networking.Server sendToAll
INFO: Reap dead connection: [DummyConnection Server connection - model.nation.apache]
Apr 27, 2018 11:59:15 PM net.sf.freecol.server.networking.Server sendToAll
INFO: Reap dead connection: [DummyConnection Server connection - model.nation.aztec]
Apr 27, 2018 11:59:15 PM net.sf.freecol.server.networking.Server sendToAll
INFO: Reap dead connection: [DummyConnection Server connection - model.nation.iroquois]
Apr 27, 2018 11:59:15 PM net.sf.freecol.server.networking.Server sendToAll
INFO: Reap dead connection: [DummyConnection Server connection - model.nation.inca]
Apr 27, 2018 11:59:15 PM net.sf.freecol.server.networking.Server sendToAll
INFO: Reap dead connection: [DummyConnection Server connection - model.nation.french]
Apr 27, 2018 11:59:15 PM net.sf.freecol.server.networking.Server sendToAll
INFO: Reap dead connection: [DummyConnection Server connection - model.nation.arawak]
Apr 27, 2018 11:59:15 PM net.sf.freecol.server.networking.Server sendToAll
INFO: Reap dead connection: [DummyConnection Server connection - model.nation.cherokee]
Apr 27, 2018 11:59:15 PM net.sf.freecol.server.networking.Server sendToAll
INFO: Reap dead connection: [DummyConnection Server connection - model.nation.tupi]
Apr 27, 2018 11:59:15 PM net.sf.freecol.server.networking.Server sendToAll
INFO: Reap dead connection: [DummyConnection Server connection - model.nation.sioux]
Apr 27, 2018 11:59:15 PM net.sf.freecol.server.networking.Server sendToAll
INFO: Reap dead connection: [DummyConnection Server connection - model.nation.dutch]
Apr 27, 2018 11:59:15 PM net.sf.freecol.server.networking.Server sendToAll
INFO: Reap dead connection: [DummyConnection Server connection - model.nation.spanish]
Apr 27, 2018 11:59:15 PM net.sf.freecol.server.networking.Server sendToAll
INFO: Reap dead connection: [DummyConnection Server connection - model.nation.english]
Apr 27, 2018 11:59:15 PM net.sf.freecol.common.networking.DOMMessage clientError
WARNING: Carrier not at location: New Amsterdam
Apr 27, 2018 11:59:15 PM net.sf.freecol.common.networking.DOMMessage clientError
WARNING: Too much goods
Apr 27, 2018 11:59:15 PM net.sf.freecol.common.networking.DOMMessage clientError
WARNING: Too much goods
Apr 27, 2018 11:59:15 PM net.sf.freecol.common.model.Specification applyDifficultyLevel
INFO: Applying difficulty level model.difficulty.medium
Apr 27, 2018 11:59:15 PM net.sf.freecol.common.FreeColSeed getFreeColSeed
INFO: Using seed: -2741088536131504692
Apr 27, 2018 11:59:15 PM net.sf.freecol.server.networking.Server sendToAll
INFO: Reap dead connection: [DummyConnection Server connection - model.nation.cherokee]
Apr 27, 2018 11:59:15 PM net.sf.freecol.server.networking.Server sendToAll
INFO: Reap dead connection: [DummyConnection Server connection - model.nation.tupi]
Apr 27, 2018 11:59:15 PM net.sf.freecol.server.networking.Server sendToAll
INFO: Reap dead connection: [DummyConnection Server connection - model.nation.dutch]
Apr 27, 2018 11:59:15 PM net.sf.freecol.server.networking.Server sendToAll
INFO: Reap dead connection: [DummyConnection Server connection - model.nation.aztec]
Apr 27, 2018 11:59:15 PM net.sf.freecol.server.networking.Server sendToAll
INFO: Reap dead connection: [DummyConnection Server connection - model.nation.french]
Apr 27, 2018 11:59:15 PM net.sf.freecol.server.networking.Server sendToAll
INFO: Reap dead connection: [DummyConnection Server connection - model.nation.arawak]
Apr 27, 2018 11:59:15 PM net.sf.freecol.server.networking.Server sendToAll
INFO: Reap dead connection: [DummyConnection Server connection - model.nation.english]
Apr 27, 2018 11:59:15 PM net.sf.freecol.server.networking.Server sendToAll
INFO: Reap dead connection: [DummyConnection Server connection - model.nation.sioux]
Apr 27, 2018 11:59:15 PM net.sf.freecol.server.networking.Server sendToAll
INFO: Reap dead connection: [DummyConnection Server connection - model.nation.apache]
Apr 27, 2018 11:59:15 PM net.sf.freecol.server.networking.Server sendToAll
INFO: Reap dead connection: [DummyConnection Server connection - model.nation.iroquois]
Apr 27, 2018 11:59:15 PM net.sf.freecol.server.networking.Server sendToAll
INFO: Reap dead connection: [DummyConnection Server connection - model.nation.spanish]
Apr 27, 2018 11:59:15 PM net.sf.freecol.server.networking.Server sendToAll
INFO: Reap dead connection: [DummyConnection Server connection - model.nation.inca]
Apr 27, 2018 11:59:15 PM net.sf.freecol.common.model.Unit setLocation
WARNING: Can not add [unit:249 dutch privateer 8/8] to tile:491
Apr 27, 2018 11:59:15 PM net.sf.freecol.common.networking.DOMMessage clientError
WARNING: Player William I tried to buy 10 cotton
Apr 27, 2018 11:59:15 PM net.sf.freecol.common.networking.DOMMessage clientError
WARNING: Carrier not in Europe: Europe
Apr 27, 2018 11:59:15 PM net.sf.freecol.common.networking.DOMMessage clientError
WARNING: Can not trade boycotted goods
Apr 27, 2018 11:59:15 PM net.sf.freecol.common.model.Specification applyDifficultyLevel
INFO: Applying difficulty level model.difficulty.medium
Apr 27, 2018 11:59:15 PM net.sf.freecol.common.FreeColSeed getFreeColSeed
INFO: Using seed: -6799363558313734975
Apr 27, 2018 11:59:15 PM net.sf.freecol.server.networking.Server sendToAll
INFO: Reap dead connection: [DummyConnection Server connection - model.nation.aztec]
Apr 27, 2018 11:59:15 PM net.sf.freecol.server.networking.Server sendToAll
INFO: Reap dead connection: [DummyConnection Server connection - model.nation.apache]
Apr 27, 2018 11:59:15 PM net.sf.freecol.server.networking.Server sendToAll
INFO: Reap dead connection: [DummyConnection Server connection - model.nation.cherokee]
Apr 27, 2018 11:59:15 PM net.sf.freecol.server.networking.Server sendToAll
INFO: Reap dead connection: [DummyConnection Server connection - model.nation.arawak]
Apr 27, 2018 11:59:15 PM net.sf.freecol.server.networking.Server sendToAll
INFO: Reap dead connection: [DummyConnection Server connection - model.nation.dutch]
Apr 27, 2018 11:59:15 PM net.sf.freecol.server.networking.Server sendToAll
INFO: Reap dead connection: [DummyConnection Server connection - model.nation.inca]
Apr 27, 2018 11:59:15 PM net.sf.freecol.server.networking.Server sendToAll
INFO: Reap dead connection: [DummyConnection Server connection - model.nation.spanish]
Apr 27, 2018 11:59:15 PM net.sf.freecol.server.networking.Server sendToAll
INFO: Reap dead connection: [DummyConnection Server connection - model.nation.iroquois]
Apr 27, 2018 11:59:15 PM net.sf.freecol.server.networking.Server sendToAll
INFO: Reap dead connection: [DummyConnection Server connection - model.nation.french]
Apr 27, 2018 11:59:15 PM net.sf.freecol.server.networking.Server sendToAll
INFO: Reap dead connection: [DummyConnection Server connection - model.nation.english]
Apr 27, 2018 11:59:15 PM net.sf.freecol.server.networking.Server sendToAll
INFO: Reap dead connection: [DummyConnection Server connection - model.nation.sioux]
Apr 27, 2018 11:59:15 PM net.sf.freecol.server.networking.Server sendToAll
INFO: Reap dead connection: [DummyConnection Server connection - model.nation.tupi]
Apr 27, 2018 11:59:15 PM net.sf.freecol.common.model.Specification applyDifficultyLevel
INFO: Applying difficulty level model.difficulty.medium
Apr 27, 2018 11:59:15 PM net.sf.freecol.common.FreeColSeed getFreeColSeed
INFO: Using seed: -8708238462535974929
Apr 27, 2018 11:59:15 PM net.sf.freecol.server.networking.Server sendToAll
INFO: Reap dead connection: [DummyConnection Server connection - model.nation.arawak]
Apr 27, 2018 11:59:15 PM net.sf.freecol.server.networking.Server sendToAll
INFO: Reap dead connection: [DummyConnection Server connection - model.nation.spanish]
Apr 27, 2018 11:59:15 PM net.sf.freecol.server.networking.Server sendToAll
INFO: Reap dead connection: [DummyConnection Server connection - model.nation.tupi]
Apr 27, 2018 11:59:15 PM net.sf.freecol.server.networking.Server sendToAll
INFO: Reap dead connection: [DummyConnection Server connection - model.nation.aztec]
Apr 27, 2018 11:59:15 PM net.sf.freecol.server.networking.Server sendToAll
INFO: Reap dead connection: [DummyConnection Server connection - model.nation.apache]
Apr 27, 2018 11:59:15 PM net.sf.freecol.server.networking.Server sendToAll
INFO: Reap dead connection: [DummyConnection Server connection - model.nation.cherokee]
Apr 27, 2018 11:59:15 PM net.sf.freecol.server.networking.Server sendToAll
INFO: Reap dead connection: [DummyConnection Server connection - model.nation.french]
Apr 27, 2018 11:59:15 PM net.sf.freecol.server.networking.Server sendToAll
INFO: Reap dead connection: [DummyConnection Server connection - model.nation.dutch]
Apr 27, 2018 11:59:15 PM net.sf.freecol.server.networking.Server sendToAll
INFO: Reap dead connection: [DummyConnection Server connection - model.nation.iroquois]
Apr 27, 2018 11:59:15 PM net.sf.freecol.server.networking.Server sendToAll
INFO: Reap dead connection: [DummyConnection Server connection - model.nation.english]
Apr 27, 2018 11:59:15 PM net.sf.freecol.server.networking.Server sendToAll
INFO: Reap dead connection: [DummyConnection Server connection - model.nation.inca]
Apr 27, 2018 11:59:15 PM net.sf.freecol.server.networking.Server sendToAll
INFO: Reap dead connection: [DummyConnection Server connection - model.nation.sioux]
Apr 27, 2018 11:59:15 PM net.sf.freecol.common.model.Specification applyDifficultyLevel
INFO: Applying difficulty level model.difficulty.medium
Apr 27, 2018 11:59:15 PM net.sf.freecol.common.FreeColSeed getFreeColSeed
INFO: Using seed: 3160148037177732483
Apr 27, 2018 11:59:15 PM net.sf.freecol.server.networking.Server sendToAll
INFO: Reap dead connection: [DummyConnection Server connection - model.nation.apache]
Apr 27, 2018 11:59:15 PM net.sf.freecol.server.networking.Server sendToAll
INFO: Reap dead connection: [DummyConnection Server connection - model.nation.tupi]
Apr 27, 2018 11:59:15 PM net.sf.freecol.server.networking.Server sendToAll
INFO: Reap dead connection: [DummyConnection Server connection - model.nation.french]
Apr 27, 2018 11:59:15 PM net.sf.freecol.server.networking.Server sendToAll
INFO: Reap dead connection: [DummyConnection Server connection - model.nation.arawak]
Apr 27, 2018 11:59:15 PM net.sf.freecol.server.networking.Server sendToAll
INFO: Reap dead connection: [DummyConnection Server connection - model.nation.inca]
Apr 27, 2018 11:59:15 PM net.sf.freecol.server.networking.Server sendToAll
INFO: Reap dead connection: [DummyConnection Server connection - model.nation.aztec]
Apr 27, 2018 11:59:15 PM net.sf.freecol.server.networking.Server sendToAll
INFO: Reap dead connection: [DummyConnection Server connection - model.nation.cherokee]
Apr 27, 2018 11:59:15 PM net.sf.freecol.server.networking.Server sendToAll
INFO: Reap dead connection: [DummyConnection Server connection - model.nation.sioux]
Apr 27, 2018 11:59:15 PM net.sf.freecol.server.networking.Server sendToAll
INFO: Reap dead connection: [DummyConnection Server connection - model.nation.dutch]
Apr 27, 2018 11:59:15 PM net.sf.freecol.server.networking.Server sendToAll
INFO: Reap dead connection: [DummyConnection Server connection - model.nation.iroquois]
Apr 27, 2018 11:59:15 PM net.sf.freecol.server.networking.Server sendToAll
INFO: Reap dead connection: [DummyConnection Server connection - model.nation.english]
Apr 27, 2018 11:59:15 PM net.sf.freecol.server.networking.Server sendToAll
INFO: Reap dead connection: [DummyConnection Server connection - model.nation.spanish]
Apr 27, 2018 11:59:15 PM net.sf.freecol.common.util.LogBuilder log
INFO: Destroying: tileImprovement:248
Apr 27, 2018 11:59:15 PM net.sf.freecol.common.model.Specification applyDifficultyLevel
INFO: Applying difficulty level model.difficulty.medium
Apr 27, 2018 11:59:15 PM net.sf.freecol.common.FreeColSeed getFreeColSeed
INFO: Using seed: -8195665008171661760
Apr 27, 2018 11:59:15 PM net.sf.freecol.server.networking.Server sendToAll
INFO: Reap dead connection: [DummyConnection Server connection - model.nation.cherokee]
Apr 27, 2018 11:59:15 PM net.sf.freecol.server.networking.Server sendToAll
INFO: Reap dead connection: [DummyConnection Server connection - model.nation.dutch]
Apr 27, 2018 11:59:15 PM net.sf.freecol.server.networking.Server sendToAll
INFO: Reap dead connection: [DummyConnection Server connection - model.nation.english]
Apr 27, 2018 11:59:15 PM net.sf.freecol.server.networking.Server sendToAll
INFO: Reap dead connection: [DummyConnection Server connection - model.nation.iroquois]
Apr 27, 2018 11:59:15 PM net.sf.freecol.server.networking.Server sendToAll
INFO: Reap dead connection: [DummyConnection Server connection - model.nation.french]
Apr 27, 2018 11:59:15 PM net.sf.freecol.server.networking.Server sendToAll
INFO: Reap dead connection: [DummyConnection Server connection - model.nation.arawak]
Apr 27, 2018 11:59:15 PM net.sf.freecol.server.networking.Server sendToAll
INFO: Reap dead connection: [DummyConnection Server connection - model.nation.inca]
Apr 27, 2018 11:59:15 PM net.sf.freecol.server.networking.Server sendToAll
INFO: Reap dead connection: [DummyConnection Server connection - model.nation.tupi]
Apr 27, 2018 11:59:15 PM net.sf.freecol.server.networking.Server sendToAll
INFO: Reap dead connection: [DummyConnection Server connection - model.nation.sioux]
Apr 27, 2018 11:59:15 PM net.sf.freecol.server.networking.Server sendToAll
INFO: Reap dead connection: [DummyConnection Server connection - model.nation.aztec]
Apr 27, 2018 11:59:15 PM net.sf.freecol.server.networking.Server sendToAll
INFO: Reap dead connection: [DummyConnection Server connection - model.nation.spanish]
Apr 27, 2018 11:59:15 PM net.sf.freecol.server.networking.Server sendToAll
INFO: Reap dead connection: [DummyConnection Server connection - model.nation.apache]
Apr 27, 2018 11:59:15 PM net.sf.freecol.common.util.LogBuilder log
INFO: Destroying: tileImprovement:252
Apr 27, 2018 11:59:15 PM net.sf.freecol.common.model.Specification applyDifficultyLevel
INFO: Applying difficulty level model.difficulty.medium
Apr 27, 2018 11:59:15 PM net.sf.freecol.common.FreeColSeed getFreeColSeed
INFO: Using seed: 2171002674638987127
Apr 27, 2018 11:59:15 PM net.sf.freecol.server.networking.Server sendToAll
INFO: Reap dead connection: [DummyConnection Server connection - model.nation.cherokee]
Apr 27, 2018 11:59:15 PM net.sf.freecol.server.networking.Server sendToAll
INFO: Reap dead connection: [DummyConnection Server connection - model.nation.english]
Apr 27, 2018 11:59:15 PM net.sf.freecol.server.networking.Server sendToAll
INFO: Reap dead connection: [DummyConnection Server connection - model.nation.dutch]
Apr 27, 2018 11:59:15 PM net.sf.freecol.server.networking.Server sendToAll
INFO: Reap dead connection: [DummyConnection Server connection - model.nation.spanish]
Apr 27, 2018 11:59:15 PM net.sf.freecol.server.networking.Server sendToAll
INFO: Reap dead connection: [DummyConnection Server connection - model.nation.inca]
Apr 27, 2018 11:59:15 PM net.sf.freecol.server.networking.Server sendToAll
INFO: Reap dead connection: [DummyConnection Server connection - model.nation.iroquois]
Apr 27, 2018 11:59:15 PM net.sf.freecol.server.networking.Server sendToAll
INFO: Reap dead connection: [DummyConnection Server connection - model.nation.french]
Apr 27, 2018 11:59:15 PM net.sf.freecol.server.networking.Server sendToAll
INFO: Reap dead connection: [DummyConnection Server connection - model.nation.tupi]
Apr 27, 2018 11:59:15 PM net.sf.freecol.server.networking.Server sendToAll
INFO: Reap dead connection: [DummyConnection Server connection - model.nation.apache]
Apr 27, 2018 11:59:15 PM net.sf.freecol.server.networking.Server sendToAll
INFO: Reap dead connection: [DummyConnection Server connection - model.nation.sioux]
Apr 27, 2018 11:59:15 PM net.sf.freecol.server.networking.Server sendToAll
INFO: Reap dead connection: [DummyConnection Server connection - model.nation.arawak]
Apr 27, 2018 11:59:15 PM net.sf.freecol.server.networking.Server sendToAll
INFO: Reap dead connection: [DummyConnection Server connection - model.nation.aztec]
Apr 27, 2018 11:59:15 PM net.sf.freecol.common.model.Specification applyDifficultyLevel
INFO: Applying difficulty level model.difficulty.medium
Apr 27, 2018 11:59:15 PM net.sf.freecol.common.FreeColSeed getFreeColSeed
INFO: Using seed: -6801970277381338393
Apr 27, 2018 11:59:15 PM net.sf.freecol.server.networking.Server sendToAll
INFO: Reap dead connection: [DummyConnection Server connection - model.nation.iroquois]
Apr 27, 2018 11:59:15 PM net.sf.freecol.server.networking.Server sendToAll
INFO: Reap dead connection: [DummyConnection Server connection - model.nation.dutch]
Apr 27, 2018 11:59:15 PM net.sf.freecol.server.networking.Server sendToAll
INFO: Reap dead connection: [DummyConnection Server connection - model.nation.apache]
Apr 27, 2018 11:59:15 PM net.sf.freecol.server.networking.Server sendToAll
INFO: Reap dead connection: [DummyConnection Server connection - model.nation.french]
Apr 27, 2018 11:59:15 PM net.sf.freecol.server.networking.Server sendToAll
INFO: Reap dead connection: [DummyConnection Server connection - model.nation.inca]
Apr 27, 2018 11:59:15 PM net.sf.freecol.server.networking.Server sendToAll
INFO: Reap dead connection: [DummyConnection Server connection - model.nation.spanish]
Apr 27, 2018 11:59:15 PM net.sf.freecol.server.networking.Server sendToAll
INFO: Reap dead connection: [DummyConnection Server connection - model.nation.aztec]
Apr 27, 2018 11:59:15 PM net.sf.freecol.server.networking.Server sendToAll
INFO: Reap dead connection: [DummyConnection Server connection - model.nation.cherokee]
Apr 27, 2018 11:59:15 PM net.sf.freecol.server.networking.Server sendToAll
INFO: Reap dead connection: [DummyConnection Server connection - model.nation.arawak]
Apr 27, 2018 11:59:15 PM net.sf.freecol.server.networking.Server sendToAll
INFO: Reap dead connection: [DummyConnection Server connection - model.nation.english]
Apr 27, 2018 11:59:15 PM net.sf.freecol.server.networking.Server sendToAll
INFO: Reap dead connection: [DummyConnection Server connection - model.nation.sioux]
Apr 27, 2018 11:59:15 PM net.sf.freecol.server.networking.Server sendToAll
INFO: Reap dead connection: [DummyConnection Server connection - model.nation.tupi]
Apr 27, 2018 11:59:15 PM net.sf.freecol.common.model.Specification applyDifficultyLevel
INFO: Applying difficulty level model.difficulty.medium
Apr 27, 2018 11:59:15 PM net.sf.freecol.common.FreeColSeed getFreeColSeed
INFO: Using seed: -7005964282106721816
Apr 27, 2018 11:59:16 PM net.sf.freecol.server.networking.Server sendToAll
INFO: Reap dead connection: [DummyConnection Server connection - model.nation.english]
Apr 27, 2018 11:59:16 PM net.sf.freecol.server.networking.Server sendToAll
INFO: Reap dead connection: [DummyConnection Server connection - model.nation.cherokee]
Apr 27, 2018 11:59:16 PM net.sf.freecol.server.networking.Server sendToAll
INFO: Reap dead connection: [DummyConnection Server connection - model.nation.iroquois]
Apr 27, 2018 11:59:16 PM net.sf.freecol.server.networking.Server sendToAll
INFO: Reap dead connection: [DummyConnection Server connection - model.nation.sioux]
Apr 27, 2018 11:59:16 PM net.sf.freecol.server.networking.Server sendToAll
INFO: Reap dead connection: [DummyConnection Server connection - model.nation.french]
Apr 27, 2018 11:59:16 PM net.sf.freecol.server.networking.Server sendToAll
INFO: Reap dead connection: [DummyConnection Server connection - model.nation.inca]
Apr 27, 2018 11:59:16 PM net.sf.freecol.server.networking.Server sendToAll
INFO: Reap dead connection: [DummyConnection Server connection - model.nation.apache]
Apr 27, 2018 11:59:16 PM net.sf.freecol.server.networking.Server sendToAll
INFO: Reap dead connection: [DummyConnection Server connection - model.nation.dutch]
Apr 27, 2018 11:59:16 PM net.sf.freecol.server.networking.Server sendToAll
INFO: Reap dead connection: [DummyConnection Server connection - model.nation.tupi]
Apr 27, 2018 11:59:16 PM net.sf.freecol.server.networking.Server sendToAll
INFO: Reap dead connection: [DummyConnection Server connection - model.nation.arawak]
Apr 27, 2018 11:59:16 PM net.sf.freecol.server.networking.Server sendToAll
INFO: Reap dead connection: [DummyConnection Server connection - model.nation.aztec]
Apr 27, 2018 11:59:16 PM net.sf.freecol.server.networking.Server sendToAll
INFO: Reap dead connection: [DummyConnection Server connection - model.nation.spanish]
Apr 27, 2018 11:59:16 PM net.sf.freecol.common.util.LogBuilder log
INFO: Destroying: tileImprovement:274
Apr 27, 2018 11:59:16 PM net.sf.freecol.common.util.LogBuilder log
INFO: Destroying: tileImprovement:276
Apr 27, 2018 11:59:16 PM net.sf.freecol.common.model.Specification applyDifficultyLevel
INFO: Applying difficulty level model.difficulty.medium
Apr 27, 2018 11:59:16 PM net.sf.freecol.common.FreeColSeed getFreeColSeed
INFO: Using seed: -7254488264878607681
Apr 27, 2018 11:59:16 PM net.sf.freecol.server.networking.Server sendToAll
INFO: Reap dead connection: [DummyConnection Server connection - model.nation.tupi]
Apr 27, 2018 11:59:16 PM net.sf.freecol.server.networking.Server sendToAll
INFO: Reap dead connection: [DummyConnection Server connection - model.nation.arawak]
Apr 27, 2018 11:59:16 PM net.sf.freecol.server.networking.Server sendToAll
INFO: Reap dead connection: [DummyConnection Server connection - model.nation.dutch]
Apr 27, 2018 11:59:16 PM net.sf.freecol.server.networking.Server sendToAll
INFO: Reap dead connection: [DummyConnection Server connection - model.nation.english]
Apr 27, 2018 11:59:16 PM net.sf.freecol.server.networking.Server sendToAll
INFO: Reap dead connection: [DummyConnection Server connection - model.nation.apache]
Apr 27, 2018 11:59:16 PM net.sf.freecol.server.networking.Server sendToAll
INFO: Reap dead connection: [DummyConnection Server connection - model.nation.inca]
Apr 27, 2018 11:59:16 PM net.sf.freecol.server.networking.Server sendToAll
INFO: Reap dead connection: [DummyConnection Server connection - model.nation.spanish]
Apr 27, 2018 11:59:16 PM net.sf.freecol.server.networking.Server sendToAll
INFO: Reap dead connection: [DummyConnection Server connection - model.nation.sioux]
Apr 27, 2018 11:59:16 PM net.sf.freecol.server.networking.Server sendToAll
INFO: Reap dead connection: [DummyConnection Server connection - model.nation.french]
Apr 27, 2018 11:59:16 PM net.sf.freecol.server.networking.Server sendToAll
INFO: Reap dead connection: [DummyConnection Server connection - model.nation.aztec]
Apr 27, 2018 11:59:16 PM net.sf.freecol.server.networking.Server sendToAll
INFO: Reap dead connection: [DummyConnection Server connection - model.nation.iroquois]
Apr 27, 2018 11:59:16 PM net.sf.freecol.server.networking.Server sendToAll
INFO: Reap dead connection: [DummyConnection Server connection - model.nation.cherokee]
Apr 27, 2018 11:59:16 PM net.sf.freecol.common.model.LandMap <init>
INFO: Using land generator model.option.landGeneratorType.classic
Apr 27, 2018 11:59:16 PM net.sf.freecol.common.util.LogBuilder log
INFO: Destroying: tileImprovement:4066
Apr 27, 2018 11:59:16 PM net.sf.freecol.common.util.LogBuilder log
INFO: Destroying: tileImprovement:4068
Apr 27, 2018 11:59:16 PM net.sf.freecol.common.util.LogBuilder log
INFO: Destroying: tileImprovement:4070
Apr 27, 2018 11:59:16 PM net.sf.freecol.common.util.LogBuilder log
INFO: Destroying: tileImprovement:4047
Apr 27, 2018 11:59:16 PM net.sf.freecol.common.util.LogBuilder log
INFO: Destroying: tileImprovement:4049
Apr 27, 2018 11:59:16 PM net.sf.freecol.common.util.LogBuilder log
INFO: Destroying: tileImprovement:4051
Apr 27, 2018 11:59:16 PM net.sf.freecol.common.util.LogBuilder log
INFO: Destroying: tileImprovement:4053
Apr 27, 2018 11:59:16 PM net.sf.freecol.common.util.LogBuilder log
INFO: Destroying: tileImprovement:4055
Apr 27, 2018 11:59:16 PM net.sf.freecol.common.util.LogBuilder log
INFO: Destroying: tileImprovement:4057
Apr 27, 2018 11:59:16 PM net.sf.freecol.common.util.LogBuilder log
INFO: Destroying: tileImprovement:4059
Apr 27, 2018 11:59:16 PM net.sf.freecol.common.util.LogBuilder log
INFO: Destroying: tileImprovement:4202
Apr 27, 2018 11:59:16 PM net.sf.freecol.common.util.LogBuilder log
INFO: Destroying: tileImprovement:4204
Apr 27, 2018 11:59:16 PM net.sf.freecol.common.util.LogBuilder log
INFO: Destroying: tileImprovement:4206
Apr 27, 2018 11:59:16 PM net.sf.freecol.common.util.LogBuilder log
INFO: Destroying: tileImprovement:4208
Apr 27, 2018 11:59:16 PM net.sf.freecol.common.util.LogBuilder log
INFO: Destroying: tileImprovement:4210
Apr 27, 2018 11:59:16 PM net.sf.freecol.common.util.LogBuilder log
INFO: Destroying: tileImprovement:4212
Apr 27, 2018 11:59:16 PM net.sf.freecol.common.util.LogBuilder log
INFO: Destroying: tileImprovement:4236
Apr 27, 2018 11:59:16 PM net.sf.freecol.common.util.LogBuilder log
INFO: Destroying: tileImprovement:4237
Apr 27, 2018 11:59:16 PM net.sf.freecol.common.util.LogBuilder log
INFO: Destroying: tileImprovement:4238
Apr 27, 2018 11:59:16 PM net.sf.freecol.common.util.LogBuilder log
INFO: Destroying: tileImprovement:4239
Apr 27, 2018 11:59:16 PM net.sf.freecol.common.util.LogBuilder log
INFO: Destroying: tileImprovement:4240
Apr 27, 2018 11:59:16 PM net.sf.freecol.common.util.LogBuilder log
INFO: Destroying: tileImprovement:4241
Apr 27, 2018 11:59:16 PM net.sf.freecol.common.util.LogBuilder log
INFO: Destroying: tileImprovement:4242
Apr 27, 2018 11:59:16 PM net.sf.freecol.common.util.LogBuilder log
INFO: Destroying: tileImprovement:4260
Apr 27, 2018 11:59:16 PM net.sf.freecol.common.util.LogBuilder log
INFO: Destroying: tileImprovement:4262
Apr 27, 2018 11:59:16 PM net.sf.freecol.common.util.LogBuilder log
INFO: Destroying: tileImprovement:4264
Apr 27, 2018 11:59:16 PM net.sf.freecol.common.util.LogBuilder log
INFO: Destroying: tileImprovement:4254
Apr 27, 2018 11:59:16 PM net.sf.freecol.common.util.LogBuilder log
INFO: Destroying: tileImprovement:4255
Apr 27, 2018 11:59:16 PM net.sf.freecol.common.util.LogBuilder log
INFO: Destroying: tileImprovement:4256
Apr 27, 2018 11:59:16 PM net.sf.freecol.common.util.LogBuilder log
INFO: Destroying: tileImprovement:4257
Apr 27, 2018 11:59:16 PM net.sf.freecol.common.util.LogBuilder log
INFO: Destroying: tileImprovement:4258
Apr 27, 2018 11:59:16 PM net.sf.freecol.common.util.LogBuilder log
INFO: Destroying: tileImprovement:4259
Apr 27, 2018 11:59:16 PM net.sf.freecol.common.util.LogBuilder log
INFO: Destroying: tileImprovement:4183
Apr 27, 2018 11:59:16 PM net.sf.freecol.common.util.LogBuilder log
INFO: Destroying: tileImprovement:4185
Apr 27, 2018 11:59:16 PM net.sf.freecol.common.util.LogBuilder log
INFO: Destroying: tileImprovement:4187
Apr 27, 2018 11:59:16 PM net.sf.freecol.common.util.LogBuilder log
INFO: Destroying: tileImprovement:4189
Apr 27, 2018 11:59:16 PM net.sf.freecol.common.util.LogBuilder log
INFO: Destroying: tileImprovement:4062
Apr 27, 2018 11:59:16 PM net.sf.freecol.common.util.LogBuilder log
INFO: Destroying: tileImprovement:4064
Apr 27, 2018 11:59:16 PM net.sf.freecol.common.util.LogBuilder log
INFO: Destroying: tileImprovement:4217
Apr 27, 2018 11:59:16 PM net.sf.freecol.common.util.LogBuilder log
INFO: Destroying: tileImprovement:4218
Apr 27, 2018 11:59:16 PM net.sf.freecol.common.util.LogBuilder log
INFO: Destroying: tileImprovement:4219
Apr 27, 2018 11:59:16 PM net.sf.freecol.common.util.LogBuilder log
INFO: Destroying: tileImprovement:4192
Apr 27, 2018 11:59:16 PM net.sf.freecol.common.util.LogBuilder log
INFO: Destroying: tileImprovement:4194
Apr 27, 2018 11:59:16 PM net.sf.freecol.common.util.LogBuilder log
INFO: Destroying: tileImprovement:4196
Apr 27, 2018 11:59:16 PM net.sf.freecol.common.util.LogBuilder log
INFO: Destroying: tileImprovement:4157
Apr 27, 2018 11:59:16 PM net.sf.freecol.common.util.LogBuilder log
INFO: Destroying: tileImprovement:4159
Apr 27, 2018 11:59:16 PM net.sf.freecol.common.util.LogBuilder log
INFO: Destroying: tileImprovement:4161
Apr 27, 2018 11:59:16 PM net.sf.freecol.common.util.LogBuilder log
INFO: Destroying: tileImprovement:4163
Apr 27, 2018 11:59:16 PM net.sf.freecol.common.util.LogBuilder log
INFO: Destroying: tileImprovement:4165
Apr 27, 2018 11:59:16 PM net.sf.freecol.common.util.LogBuilder log
INFO: Destroying: tileImprovement:4167
Apr 27, 2018 11:59:16 PM net.sf.freecol.common.util.LogBuilder log
INFO: Destroying: tileImprovement:4169
Apr 27, 2018 11:59:16 PM net.sf.freecol.common.util.LogBuilder log
INFO: Destroying: tileImprovement:4171
Apr 27, 2018 11:59:16 PM net.sf.freecol.common.util.LogBuilder log
INFO: Destroying: tileImprovement:4173
Apr 27, 2018 11:59:16 PM net.sf.freecol.common.util.LogBuilder log
INFO: Destroying: tileImprovement:4175
Apr 27, 2018 11:59:16 PM net.sf.freecol.common.util.LogBuilder log
INFO: Destroying: tileImprovement:4177
Apr 27, 2018 11:59:16 PM net.sf.freecol.common.util.LogBuilder log
INFO: Destroying: tileImprovement:4179
Apr 27, 2018 11:59:16 PM net.sf.freecol.common.util.LogBuilder log
INFO: Destroying: tileImprovement:4181
Apr 27, 2018 11:59:16 PM net.sf.freecol.common.util.LogBuilder log
INFO: Destroying: tileImprovement:4363
Apr 27, 2018 11:59:16 PM net.sf.freecol.common.util.LogBuilder log
INFO: Destroying: tileImprovement:4364
Apr 27, 2018 11:59:16 PM net.sf.freecol.common.util.LogBuilder log
INFO: Destroying: tileImprovement:4365
Apr 27, 2018 11:59:16 PM net.sf.freecol.common.util.LogBuilder log
INFO: Destroying: tileImprovement:4366
Apr 27, 2018 11:59:16 PM net.sf.freecol.common.util.LogBuilder log
INFO: Destroying: tileImprovement:4514
Apr 27, 2018 11:59:16 PM net.sf.freecol.common.util.LogBuilder log
INFO: Destroying: tileImprovement:4516
Apr 27, 2018 11:59:16 PM net.sf.freecol.common.util.LogBuilder log
INFO: Destroying: tileImprovement:4518
Apr 27, 2018 11:59:16 PM net.sf.freecol.common.util.LogBuilder log
INFO: Destroying: tileImprovement:4520
Apr 27, 2018 11:59:16 PM net.sf.freecol.common.util.LogBuilder log
INFO: Destroying: tileImprovement:4522
Apr 27, 2018 11:59:16 PM net.sf.freecol.common.util.LogBuilder log
INFO: Destroying: tileImprovement:4524
Apr 27, 2018 11:59:16 PM net.sf.freecol.common.util.LogBuilder log
INFO: Destroying: tileImprovement:4526
Apr 27, 2018 11:59:16 PM net.sf.freecol.common.util.LogBuilder log
INFO: Destroying: tileImprovement:4528
Apr 27, 2018 11:59:16 PM net.sf.freecol.common.util.LogBuilder log
INFO: Destroying: tileImprovement:4506
Apr 27, 2018 11:59:16 PM net.sf.freecol.common.util.LogBuilder log
INFO: Destroying: tileImprovement:4508
Apr 27, 2018 11:59:16 PM net.sf.freecol.common.util.LogBuilder log
INFO: Destroying: tileImprovement:4510
Apr 27, 2018 11:59:16 PM net.sf.freecol.common.util.LogBuilder log
INFO: Destroying: tileImprovement:4512
Apr 27, 2018 11:59:16 PM net.sf.freecol.common.util.LogBuilder log
INFO: Destroying: tileImprovement:4550
Apr 27, 2018 11:59:16 PM net.sf.freecol.common.util.LogBuilder log
INFO: Destroying: tileImprovement:4551
Apr 27, 2018 11:59:16 PM net.sf.freecol.common.util.LogBuilder log
INFO: Destroying: tileImprovement:4552
Apr 27, 2018 11:59:16 PM net.sf.freecol.common.util.LogBuilder log
INFO: Destroying: tileImprovement:4553
Apr 27, 2018 11:59:16 PM net.sf.freecol.common.util.LogBuilder log
INFO: Destroying: tileImprovement:4554
Apr 27, 2018 11:59:16 PM net.sf.freecol.common.util.LogBuilder log
INFO: Destroying: tileImprovement:4555
Apr 27, 2018 11:59:16 PM net.sf.freecol.common.util.LogBuilder log
INFO: Destroying: tileImprovement:4556
Apr 27, 2018 11:59:16 PM net.sf.freecol.common.util.LogBuilder log
INFO: Destroying: tileImprovement:4557
Apr 27, 2018 11:59:16 PM net.sf.freecol.common.util.LogBuilder log
INFO: Destroying: tileImprovement:4376
Apr 27, 2018 11:59:16 PM net.sf.freecol.common.util.LogBuilder log
INFO: Destroying: tileImprovement:4377
Apr 27, 2018 11:59:16 PM net.sf.freecol.common.util.LogBuilder log
INFO: Destroying: tileImprovement:4486
Apr 27, 2018 11:59:16 PM net.sf.freecol.common.util.LogBuilder log
INFO: Destroying: tileImprovement:4488
Apr 27, 2018 11:59:16 PM net.sf.freecol.common.util.LogBuilder log
INFO: Destroying: tileImprovement:4490
Apr 27, 2018 11:59:16 PM net.sf.freecol.common.util.LogBuilder log
INFO: Destroying: tileImprovement:4492
Apr 27, 2018 11:59:16 PM net.sf.freecol.common.util.LogBuilder log
INFO: Destroying: tileImprovement:4494
Apr 27, 2018 11:59:16 PM net.sf.freecol.common.util.LogBuilder log
INFO: Destroying: tileImprovement:4496
Apr 27, 2018 11:59:16 PM net.sf.freecol.common.util.LogBuilder log
INFO: Destroying: tileImprovement:4473
Apr 27, 2018 11:59:16 PM net.sf.freecol.common.util.LogBuilder log
INFO: Destroying: tileImprovement:4474
Apr 27, 2018 11:59:16 PM net.sf.freecol.common.util.LogBuilder log
INFO: Destroying: tileImprovement:4475
Apr 27, 2018 11:59:16 PM net.sf.freecol.common.util.LogBuilder log
INFO: Destroying: tileImprovement:4476
Apr 27, 2018 11:59:16 PM net.sf.freecol.common.util.LogBuilder log
INFO: Destroying: tileImprovement:4477
Apr 27, 2018 11:59:16 PM net.sf.freecol.common.util.LogBuilder log
INFO: Destroying: tileImprovement:4478
Apr 27, 2018 11:59:16 PM net.sf.freecol.common.util.LogBuilder log
INFO: Destroying: tileImprovement:4479
Apr 27, 2018 11:59:16 PM net.sf.freecol.common.util.LogBuilder log
INFO: Destroying: tileImprovement:4480
Apr 27, 2018 11:59:16 PM net.sf.freecol.common.util.LogBuilder log
INFO: Destroying: tileImprovement:4481
Apr 27, 2018 11:59:16 PM net.sf.freecol.common.util.LogBuilder log
INFO: Destroying: tileImprovement:4482
Apr 27, 2018 11:59:16 PM net.sf.freecol.common.util.LogBuilder log
INFO: Destroying: tileImprovement:4483
Apr 27, 2018 11:59:16 PM net.sf.freecol.common.util.LogBuilder log
INFO: Destroying: tileImprovement:4484
Apr 27, 2018 11:59:16 PM net.sf.freecol.common.util.LogBuilder log
INFO: Destroying: tileImprovement:4485
Apr 27, 2018 11:59:16 PM net.sf.freecol.common.util.LogBuilder log
INFO: Destroying: tileImprovement:4301
Apr 27, 2018 11:59:16 PM net.sf.freecol.common.util.LogBuilder log
INFO: Destroying: tileImprovement:4303
Apr 27, 2018 11:59:16 PM net.sf.freecol.common.util.LogBuilder log
INFO: Destroying: tileImprovement:4305
Apr 27, 2018 11:59:16 PM net.sf.freecol.common.util.LogBuilder log
INFO: Destroying: tileImprovement:4594
Apr 27, 2018 11:59:16 PM net.sf.freecol.common.util.LogBuilder log
INFO: Destroying: tileImprovement:4596
Apr 27, 2018 11:59:16 PM net.sf.freecol.common.util.LogBuilder log
INFO: Destroying: tileImprovement:4598
Apr 27, 2018 11:59:16 PM net.sf.freecol.common.util.LogBuilder log
INFO: Destroying: tileImprovement:4289
Apr 27, 2018 11:59:16 PM net.sf.freecol.common.util.LogBuilder log
INFO: Destroying: tileImprovement:4291
Apr 27, 2018 11:59:16 PM net.sf.freecol.common.util.LogBuilder log
INFO: Destroying: tileImprovement:4293
Apr 27, 2018 11:59:16 PM net.sf.freecol.common.util.LogBuilder log
INFO: Destroying: tileImprovement:4736
Apr 27, 2018 11:59:16 PM net.sf.freecol.common.util.LogBuilder log
INFO: Destroying: tileImprovement:4737
Apr 27, 2018 11:59:16 PM net.sf.freecol.common.util.LogBuilder log
INFO: Destroying: tileImprovement:4738
Apr 27, 2018 11:59:16 PM net.sf.freecol.common.util.LogBuilder log
INFO: Destroying: tileImprovement:4720
Apr 27, 2018 11:59:16 PM net.sf.freecol.common.util.LogBuilder log
INFO: Destroying: tileImprovement:4722
Apr 27, 2018 11:59:16 PM net.sf.freecol.common.util.LogBuilder log
INFO: Destroying: tileImprovement:4717
Apr 27, 2018 11:59:16 PM net.sf.freecol.common.util.LogBuilder log
INFO: Destroying: tileImprovement:4718
Apr 27, 2018 11:59:16 PM net.sf.freecol.common.util.LogBuilder log
INFO: Destroying: tileImprovement:4719
Apr 27, 2018 11:59:16 PM net.sf.freecol.common.util.LogBuilder log
INFO: Destroying: tileImprovement:4243
Apr 27, 2018 11:59:16 PM net.sf.freecol.common.util.LogBuilder log
INFO: Destroying: tileImprovement:4245
Apr 27, 2018 11:59:16 PM net.sf.freecol.common.util.LogBuilder log
INFO: Destroying: tileImprovement:4247
Apr 27, 2018 11:59:16 PM net.sf.freecol.common.util.LogBuilder log
INFO: Destroying: tileImprovement:4249
Apr 27, 2018 11:59:16 PM net.sf.freecol.common.util.LogBuilder log
INFO: Destroying: tileImprovement:4251
Apr 27, 2018 11:59:16 PM net.sf.freecol.common.util.LogBuilder log
INFO: Destroying: tileImprovement:4590
Apr 27, 2018 11:59:16 PM net.sf.freecol.common.util.LogBuilder log
INFO: Destroying: tileImprovement:4592
Apr 27, 2018 11:59:16 PM net.sf.freecol.server.FreeColServer readGame
INFO: Found savegame version 11
Apr 27, 2018 11:59:16 PM net.sf.freecol.server.FreeColServer readGame
INFO: Imported file data\maps\Africa.fsg
Apr 27, 2018 11:59:16 PM net.sf.freecol.server.FreeColServer readGame
INFO: Found savegame version 13
Apr 27, 2018 11:59:16 PM net.sf.freecol.server.FreeColServer readGame
INFO: Imported file data\maps\America_large.fsg
Apr 27, 2018 11:59:16 PM net.sf.freecol.server.FreeColServer readGame
INFO: Found savegame version 11
Apr 27, 2018 11:59:16 PM net.sf.freecol.server.FreeColServer readGame
INFO: Imported file data\maps\Australia.fsg
Apr 27, 2018 11:59:16 PM net.sf.freecol.server.FreeColServer readGame
INFO: Found savegame version 11
Apr 27, 2018 11:59:16 PM net.sf.freecol.server.FreeColServer readGame
INFO: Imported file data\maps\Caribbean_basin.fsg
Apr 27, 2018 11:59:16 PM net.sf.freecol.common.model.LandMap <init>
INFO: Using land generator model.option.landGeneratorType.classic
Apr 27, 2018 11:59:16 PM net.sf.freecol.common.util.LogBuilder log
INFO: Destroying: tileImprovement:4045
Apr 27, 2018 11:59:16 PM net.sf.freecol.common.util.LogBuilder log
INFO: Destroying: tileImprovement:4047
Apr 27, 2018 11:59:16 PM net.sf.freecol.common.util.LogBuilder log
INFO: Destroying: tileImprovement:4049
Apr 27, 2018 11:59:16 PM net.sf.freecol.common.util.LogBuilder log
INFO: Destroying: tileImprovement:4026
Apr 27, 2018 11:59:16 PM net.sf.freecol.common.util.LogBuilder log
INFO: Destroying: tileImprovement:4028
Apr 27, 2018 11:59:16 PM net.sf.freecol.common.util.LogBuilder log
INFO: Destroying: tileImprovement:4030
Apr 27, 2018 11:59:16 PM net.sf.freecol.common.util.LogBuilder log
INFO: Destroying: tileImprovement:4032
Apr 27, 2018 11:59:16 PM net.sf.freecol.common.util.LogBuilder log
INFO: Destroying: tileImprovement:4034
Apr 27, 2018 11:59:16 PM net.sf.freecol.common.util.LogBuilder log
INFO: Destroying: tileImprovement:4036
Apr 27, 2018 11:59:16 PM net.sf.freecol.common.util.LogBuilder log
INFO: Destroying: tileImprovement:4038
Apr 27, 2018 11:59:16 PM net.sf.freecol.common.util.LogBuilder log
INFO: Destroying: tileImprovement:4181
Apr 27, 2018 11:59:16 PM net.sf.freecol.common.util.LogBuilder log
INFO: Destroying: tileImprovement:4183
Apr 27, 2018 11:59:16 PM net.sf.freecol.common.util.LogBuilder log
INFO: Destroying: tileImprovement:4185
Apr 27, 2018 11:59:16 PM net.sf.freecol.common.util.LogBuilder log
INFO: Destroying: tileImprovement:4187
Apr 27, 2018 11:59:16 PM net.sf.freecol.common.util.LogBuilder log
INFO: Destroying: tileImprovement:4189
Apr 27, 2018 11:59:16 PM net.sf.freecol.common.util.LogBuilder log
INFO: Destroying: tileImprovement:4191
Apr 27, 2018 11:59:16 PM net.sf.freecol.common.util.LogBuilder log
INFO: Destroying: tileImprovement:4215
Apr 27, 2018 11:59:16 PM net.sf.freecol.common.util.LogBuilder log
INFO: Destroying: tileImprovement:4216
Apr 27, 2018 11:59:16 PM net.sf.freecol.common.util.LogBuilder log
INFO: Destroying: tileImprovement:4217
Apr 27, 2018 11:59:16 PM net.sf.freecol.common.util.LogBuilder log
INFO: Destroying: tileImprovement:4218
Apr 27, 2018 11:59:16 PM net.sf.freecol.common.util.LogBuilder log
INFO: Destroying: tileImprovement:4219
Apr 27, 2018 11:59:16 PM net.sf.freecol.common.util.LogBuilder log
INFO: Destroying: tileImprovement:4220
Apr 27, 2018 11:59:16 PM net.sf.freecol.common.util.LogBuilder log
INFO: Destroying: tileImprovement:4221
Apr 27, 2018 11:59:16 PM net.sf.freecol.common.util.LogBuilder log
INFO: Destroying: tileImprovement:4239
Apr 27, 2018 11:59:16 PM net.sf.freecol.common.util.LogBuilder log
INFO: Destroying: tileImprovement:4241
Apr 27, 2018 11:59:16 PM net.sf.freecol.common.util.LogBuilder log
INFO: Destroying: tileImprovement:4243
Apr 27, 2018 11:59:16 PM net.sf.freecol.common.util.LogBuilder log
INFO: Destroying: tileImprovement:4233
Apr 27, 2018 11:59:16 PM net.sf.freecol.common.util.LogBuilder log
INFO: Destroying: tileImprovement:4234
Apr 27, 2018 11:59:16 PM net.sf.freecol.common.util.LogBuilder log
INFO: Destroying: tileImprovement:4235
Apr 27, 2018 11:59:16 PM net.sf.freecol.common.util.LogBuilder log
INFO: Destroying: tileImprovement:4236
Apr 27, 2018 11:59:16 PM net.sf.freecol.common.util.LogBuilder log
INFO: Destroying: tileImprovement:4237
Apr 27, 2018 11:59:16 PM net.sf.freecol.common.util.LogBuilder log
INFO: Destroying: tileImprovement:4238
Apr 27, 2018 11:59:16 PM net.sf.freecol.common.util.LogBuilder log
INFO: Destroying: tileImprovement:4162
Apr 27, 2018 11:59:16 PM net.sf.freecol.common.util.LogBuilder log
INFO: Destroying: tileImprovement:4164
Apr 27, 2018 11:59:16 PM net.sf.freecol.common.util.LogBuilder log
INFO: Destroying: tileImprovement:4166
Apr 27, 2018 11:59:16 PM net.sf.freecol.common.util.LogBuilder log
INFO: Destroying: tileImprovement:4168
Apr 27, 2018 11:59:16 PM net.sf.freecol.common.util.LogBuilder log
INFO: Destroying: tileImprovement:4041
Apr 27, 2018 11:59:16 PM net.sf.freecol.common.util.LogBuilder log
INFO: Destroying: tileImprovement:4043
Apr 27, 2018 11:59:16 PM net.sf.freecol.common.util.LogBuilder log
INFO: Destroying: tileImprovement:4196
Apr 27, 2018 11:59:16 PM net.sf.freecol.common.util.LogBuilder log
INFO: Destroying: tileImprovement:4197
Apr 27, 2018 11:59:16 PM net.sf.freecol.common.util.LogBuilder log
INFO: Destroying: tileImprovement:4198
Apr 27, 2018 11:59:16 PM net.sf.freecol.common.util.LogBuilder log
INFO: Destroying: tileImprovement:4171
Apr 27, 2018 11:59:16 PM net.sf.freecol.common.util.LogBuilder log
INFO: Destroying: tileImprovement:4173
Apr 27, 2018 11:59:16 PM net.sf.freecol.common.util.LogBuilder log
INFO: Destroying: tileImprovement:4175
Apr 27, 2018 11:59:16 PM net.sf.freecol.common.util.LogBuilder log
INFO: Destroying: tileImprovement:4136
Apr 27, 2018 11:59:16 PM net.sf.freecol.common.util.LogBuilder log
INFO: Destroying: tileImprovement:4138
Apr 27, 2018 11:59:16 PM net.sf.freecol.common.util.LogBuilder log
INFO: Destroying: tileImprovement:4140
Apr 27, 2018 11:59:16 PM net.sf.freecol.common.util.LogBuilder log
INFO: Destroying: tileImprovement:4142
Apr 27, 2018 11:59:16 PM net.sf.freecol.common.util.LogBuilder log
INFO: Destroying: tileImprovement:4144
Apr 27, 2018 11:59:16 PM net.sf.freecol.common.util.LogBuilder log
INFO: Destroying: tileImprovement:4146
Apr 27, 2018 11:59:16 PM net.sf.freecol.common.util.LogBuilder log
INFO: Destroying: tileImprovement:4148
Apr 27, 2018 11:59:16 PM net.sf.freecol.common.util.LogBuilder log
INFO: Destroying: tileImprovement:4150
Apr 27, 2018 11:59:16 PM net.sf.freecol.common.util.LogBuilder log
INFO: Destroying: tileImprovement:4152
Apr 27, 2018 11:59:16 PM net.sf.freecol.common.util.LogBuilder log
INFO: Destroying: tileImprovement:4154
Apr 27, 2018 11:59:16 PM net.sf.freecol.common.util.LogBuilder log
INFO: Destroying: tileImprovement:4156
Apr 27, 2018 11:59:16 PM net.sf.freecol.common.util.LogBuilder log
INFO: Destroying: tileImprovement:4158
Apr 27, 2018 11:59:16 PM net.sf.freecol.common.util.LogBuilder log
INFO: Destroying: tileImprovement:4160
Apr 27, 2018 11:59:16 PM net.sf.freecol.common.util.LogBuilder log
INFO: Destroying: tileImprovement:4342
Apr 27, 2018 11:59:16 PM net.sf.freecol.common.util.LogBuilder log
INFO: Destroying: tileImprovement:4343
Apr 27, 2018 11:59:16 PM net.sf.freecol.common.util.LogBuilder log
INFO: Destroying: tileImprovement:4344
Apr 27, 2018 11:59:16 PM net.sf.freecol.common.util.LogBuilder log
INFO: Destroying: tileImprovement:4345
Apr 27, 2018 11:59:16 PM net.sf.freecol.common.util.LogBuilder log
INFO: Destroying: tileImprovement:4493
Apr 27, 2018 11:59:16 PM net.sf.freecol.common.util.LogBuilder log
INFO: Destroying: tileImprovement:4495
Apr 27, 2018 11:59:16 PM net.sf.freecol.common.util.LogBuilder log
INFO: Destroying: tileImprovement:4497
Apr 27, 2018 11:59:16 PM net.sf.freecol.common.util.LogBuilder log
INFO: Destroying: tileImprovement:4499
Apr 27, 2018 11:59:16 PM net.sf.freecol.common.util.LogBuilder log
INFO: Destroying: tileImprovement:4501
Apr 27, 2018 11:59:16 PM net.sf.freecol.common.util.LogBuilder log
INFO: Destroying: tileImprovement:4503
Apr 27, 2018 11:59:16 PM net.sf.freecol.common.util.LogBuilder log
INFO: Destroying: tileImprovement:4505
Apr 27, 2018 11:59:16 PM net.sf.freecol.common.util.LogBuilder log
INFO: Destroying: tileImprovement:4507
Apr 27, 2018 11:59:16 PM net.sf.freecol.common.util.LogBuilder log
INFO: Destroying: tileImprovement:4485
Apr 27, 2018 11:59:16 PM net.sf.freecol.common.util.LogBuilder log
INFO: Destroying: tileImprovement:4487
Apr 27, 2018 11:59:16 PM net.sf.freecol.common.util.LogBuilder log
INFO: Destroying: tileImprovement:4489
Apr 27, 2018 11:59:16 PM net.sf.freecol.common.util.LogBuilder log
INFO: Destroying: tileImprovement:4491
Apr 27, 2018 11:59:16 PM net.sf.freecol.common.util.LogBuilder log
INFO: Destroying: tileImprovement:4529
Apr 27, 2018 11:59:16 PM net.sf.freecol.common.util.LogBuilder log
INFO: Destroying: tileImprovement:4530
Apr 27, 2018 11:59:16 PM net.sf.freecol.common.util.LogBuilder log
INFO: Destroying: tileImprovement:4531
Apr 27, 2018 11:59:16 PM net.sf.freecol.common.util.LogBuilder log
INFO: Destroying: tileImprovement:4532
Apr 27, 2018 11:59:16 PM net.sf.freecol.common.util.LogBuilder log
INFO: Destroying: tileImprovement:4533
Apr 27, 2018 11:59:16 PM net.sf.freecol.common.util.LogBuilder log
INFO: Destroying: tileImprovement:4534
Apr 27, 2018 11:59:16 PM net.sf.freecol.common.util.LogBuilder log
INFO: Destroying: tileImprovement:4535
Apr 27, 2018 11:59:16 PM net.sf.freecol.common.util.LogBuilder log
INFO: Destroying: tileImprovement:4536
Apr 27, 2018 11:59:16 PM net.sf.freecol.common.util.LogBuilder log
INFO: Destroying: tileImprovement:4355
Apr 27, 2018 11:59:16 PM net.sf.freecol.common.util.LogBuilder log
INFO: Destroying: tileImprovement:4356
Apr 27, 2018 11:59:16 PM net.sf.freecol.common.util.LogBuilder log
INFO: Destroying: tileImprovement:4465
Apr 27, 2018 11:59:16 PM net.sf.freecol.common.util.LogBuilder log
INFO: Destroying: tileImprovement:4467
Apr 27, 2018 11:59:16 PM net.sf.freecol.common.util.LogBuilder log
INFO: Destroying: tileImprovement:4469
Apr 27, 2018 11:59:16 PM net.sf.freecol.common.util.LogBuilder log
INFO: Destroying: tileImprovement:4471
Apr 27, 2018 11:59:16 PM net.sf.freecol.common.util.LogBuilder log
INFO: Destroying: tileImprovement:4473
Apr 27, 2018 11:59:16 PM net.sf.freecol.common.util.LogBuilder log
INFO: Destroying: tileImprovement:4475
Apr 27, 2018 11:59:16 PM net.sf.freecol.common.util.LogBuilder log
INFO: Destroying: tileImprovement:4452
Apr 27, 2018 11:59:16 PM net.sf.freecol.common.util.LogBuilder log
INFO: Destroying: tileImprovement:4453
Apr 27, 2018 11:59:16 PM net.sf.freecol.common.util.LogBuilder log
INFO: Destroying: tileImprovement:4454
Apr 27, 2018 11:59:16 PM net.sf.freecol.common.util.LogBuilder log
INFO: Destroying: tileImprovement:4455
Apr 27, 2018 11:59:16 PM net.sf.freecol.common.util.LogBuilder log
INFO: Destroying: tileImprovement:4456
Apr 27, 2018 11:59:16 PM net.sf.freecol.common.util.LogBuilder log
INFO: Destroying: tileImprovement:4457
Apr 27, 2018 11:59:16 PM net.sf.freecol.common.util.LogBuilder log
INFO: Destroying: tileImprovement:4458
Apr 27, 2018 11:59:16 PM net.sf.freecol.common.util.LogBuilder log
INFO: Destroying: tileImprovement:4459
Apr 27, 2018 11:59:16 PM net.sf.freecol.common.util.LogBuilder log
INFO: Destroying: tileImprovement:4460
Apr 27, 2018 11:59:16 PM net.sf.freecol.common.util.LogBuilder log
INFO: Destroying: tileImprovement:4461
Apr 27, 2018 11:59:16 PM net.sf.freecol.common.util.LogBuilder log
INFO: Destroying: tileImprovement:4462
Apr 27, 2018 11:59:16 PM net.sf.freecol.common.util.LogBuilder log
INFO: Destroying: tileImprovement:4463
Apr 27, 2018 11:59:16 PM net.sf.freecol.common.util.LogBuilder log
INFO: Destroying: tileImprovement:4464
Apr 27, 2018 11:59:16 PM net.sf.freecol.common.util.LogBuilder log
INFO: Destroying: tileImprovement:4280
Apr 27, 2018 11:59:16 PM net.sf.freecol.common.util.LogBuilder log
INFO: Destroying: tileImprovement:4282
Apr 27, 2018 11:59:16 PM net.sf.freecol.common.util.LogBuilder log
INFO: Destroying: tileImprovement:4284
Apr 27, 2018 11:59:16 PM net.sf.freecol.common.util.LogBuilder log
INFO: Destroying: tileImprovement:4573
Apr 27, 2018 11:59:16 PM net.sf.freecol.common.util.LogBuilder log
INFO: Destroying: tileImprovement:4575
Apr 27, 2018 11:59:16 PM net.sf.freecol.common.util.LogBuilder log
INFO: Destroying: tileImprovement:4577
Apr 27, 2018 11:59:16 PM net.sf.freecol.common.util.LogBuilder log
INFO: Destroying: tileImprovement:4268
Apr 27, 2018 11:59:16 PM net.sf.freecol.common.util.LogBuilder log
INFO: Destroying: tileImprovement:4270
Apr 27, 2018 11:59:16 PM net.sf.freecol.common.util.LogBuilder log
INFO: Destroying: tileImprovement:4272
Apr 27, 2018 11:59:16 PM net.sf.freecol.common.util.LogBuilder log
INFO: Destroying: tileImprovement:4715
Apr 27, 2018 11:59:16 PM net.sf.freecol.common.util.LogBuilder log
INFO: Destroying: tileImprovement:4716
Apr 27, 2018 11:59:16 PM net.sf.freecol.common.util.LogBuilder log
INFO: Destroying: tileImprovement:4717
Apr 27, 2018 11:59:16 PM net.sf.freecol.common.util.LogBuilder log
INFO: Destroying: tileImprovement:4699
Apr 27, 2018 11:59:16 PM net.sf.freecol.common.util.LogBuilder log
INFO: Destroying: tileImprovement:4701
Apr 27, 2018 11:59:16 PM net.sf.freecol.common.util.LogBuilder log
INFO: Destroying: tileImprovement:4696
Apr 27, 2018 11:59:16 PM net.sf.freecol.common.util.LogBuilder log
INFO: Destroying: tileImprovement:4697
Apr 27, 2018 11:59:16 PM net.sf.freecol.common.util.LogBuilder log
INFO: Destroying: tileImprovement:4698
Apr 27, 2018 11:59:16 PM net.sf.freecol.common.util.LogBuilder log
INFO: Destroying: tileImprovement:4222
Apr 27, 2018 11:59:16 PM net.sf.freecol.common.util.LogBuilder log
INFO: Destroying: tileImprovement:4224
Apr 27, 2018 11:59:16 PM net.sf.freecol.common.util.LogBuilder log
INFO: Destroying: tileImprovement:4226
Apr 27, 2018 11:59:16 PM net.sf.freecol.common.util.LogBuilder log
INFO: Destroying: tileImprovement:4228
Apr 27, 2018 11:59:16 PM net.sf.freecol.common.util.LogBuilder log
INFO: Destroying: tileImprovement:4230
Apr 27, 2018 11:59:16 PM net.sf.freecol.common.util.LogBuilder log
INFO: Destroying: tileImprovement:4569
Apr 27, 2018 11:59:16 PM net.sf.freecol.common.util.LogBuilder log
INFO: Destroying: tileImprovement:4571
Apr 27, 2018 11:59:16 PM net.sf.freecol.common.model.Game addPlayer
WARNING: Game already full, but tried to add: Dom Manuel I
Apr 27, 2018 11:59:16 PM net.sf.freecol.common.model.Game addPlayer
WARNING: Game already full, but tried to add: Charles XI
Apr 27, 2018 11:59:16 PM net.sf.freecol.common.model.Game addPlayer
WARNING: Game already full, but tried to add: Frederick II
Apr 27, 2018 11:59:16 PM net.sf.freecol.common.model.Game addPlayer
WARNING: Game already full, but tried to add: Peter I
Apr 27, 2018 11:59:16 PM net.sf.freecol.common.model.LandMap <init>
INFO: Using land generator model.option.landGeneratorType.classic
Apr 27, 2018 11:59:16 PM net.sf.freecol.common.util.LogBuilder log
INFO: Destroying: tileImprovement:4213
Apr 27, 2018 11:59:16 PM net.sf.freecol.common.util.LogBuilder log
INFO: Destroying: tileImprovement:4215
Apr 27, 2018 11:59:16 PM net.sf.freecol.common.util.LogBuilder log
INFO: Destroying: tileImprovement:4217
Apr 27, 2018 11:59:16 PM net.sf.freecol.common.util.LogBuilder log
INFO: Destroying: tileImprovement:4194
Apr 27, 2018 11:59:16 PM net.sf.freecol.common.util.LogBuilder log
INFO: Destroying: tileImprovement:4196
Apr 27, 2018 11:59:16 PM net.sf.freecol.common.util.LogBuilder log
INFO: Destroying: tileImprovement:4198
Apr 27, 2018 11:59:16 PM net.sf.freecol.common.util.LogBuilder log
INFO: Destroying: tileImprovement:4200
Apr 27, 2018 11:59:16 PM net.sf.freecol.common.util.LogBuilder log
INFO: Destroying: tileImprovement:4202
Apr 27, 2018 11:59:16 PM net.sf.freecol.common.util.LogBuilder log
INFO: Destroying: tileImprovement:4204
Apr 27, 2018 11:59:16 PM net.sf.freecol.common.util.LogBuilder log
INFO: Destroying: tileImprovement:4206
Apr 27, 2018 11:59:16 PM net.sf.freecol.common.util.LogBuilder log
INFO: Destroying: tileImprovement:4349
Apr 27, 2018 11:59:16 PM net.sf.freecol.common.util.LogBuilder log
INFO: Destroying: tileImprovement:4351
Apr 27, 2018 11:59:16 PM net.sf.freecol.common.util.LogBuilder log
INFO: Destroying: tileImprovement:4353
Apr 27, 2018 11:59:16 PM net.sf.freecol.common.util.LogBuilder log
INFO: Destroying: tileImprovement:4355
Apr 27, 2018 11:59:16 PM net.sf.freecol.common.util.LogBuilder log
INFO: Destroying: tileImprovement:4357
Apr 27, 2018 11:59:16 PM net.sf.freecol.common.util.LogBuilder log
INFO: Destroying: tileImprovement:4359
Apr 27, 2018 11:59:16 PM net.sf.freecol.common.util.LogBuilder log
INFO: Destroying: tileImprovement:4383
Apr 27, 2018 11:59:16 PM net.sf.freecol.common.util.LogBuilder log
INFO: Destroying: tileImprovement:4384
Apr 27, 2018 11:59:16 PM net.sf.freecol.common.util.LogBuilder log
INFO: Destroying: tileImprovement:4385
Apr 27, 2018 11:59:16 PM net.sf.freecol.common.util.LogBuilder log
INFO: Destroying: tileImprovement:4386
Apr 27, 2018 11:59:16 PM net.sf.freecol.common.util.LogBuilder log
INFO: Destroying: tileImprovement:4387
Apr 27, 2018 11:59:16 PM net.sf.freecol.common.util.LogBuilder log
INFO: Destroying: tileImprovement:4388
Apr 27, 2018 11:59:16 PM net.sf.freecol.common.util.LogBuilder log
INFO: Destroying: tileImprovement:4389
Apr 27, 2018 11:59:16 PM net.sf.freecol.common.util.LogBuilder log
INFO: Destroying: tileImprovement:4407
Apr 27, 2018 11:59:16 PM net.sf.freecol.common.util.LogBuilder log
INFO: Destroying: tileImprovement:4409
Apr 27, 2018 11:59:16 PM net.sf.freecol.common.util.LogBuilder log
INFO: Destroying: tileImprovement:4411
Apr 27, 2018 11:59:16 PM net.sf.freecol.common.util.LogBuilder log
INFO: Destroying: tileImprovement:4401
Apr 27, 2018 11:59:16 PM net.sf.freecol.common.util.LogBuilder log
INFO: Destroying: tileImprovement:4402
Apr 27, 2018 11:59:16 PM net.sf.freecol.common.util.LogBuilder log
INFO: Destroying: tileImprovement:4403
Apr 27, 2018 11:59:16 PM net.sf.freecol.common.util.LogBuilder log
INFO: Destroying: tileImprovement:4404
Apr 27, 2018 11:59:16 PM net.sf.freecol.common.util.LogBuilder log
INFO: Destroying: tileImprovement:4405
Apr 27, 2018 11:59:16 PM net.sf.freecol.common.util.LogBuilder log
INFO: Destroying: tileImprovement:4406
Apr 27, 2018 11:59:16 PM net.sf.freecol.common.util.LogBuilder log
INFO: Destroying: tileImprovement:4330
Apr 27, 2018 11:59:16 PM net.sf.freecol.common.util.LogBuilder log
INFO: Destroying: tileImprovement:4332
Apr 27, 2018 11:59:16 PM net.sf.freecol.common.util.LogBuilder log
INFO: Destroying: tileImprovement:4334
Apr 27, 2018 11:59:16 PM net.sf.freecol.common.util.LogBuilder log
INFO: Destroying: tileImprovement:4336
Apr 27, 2018 11:59:16 PM net.sf.freecol.common.util.LogBuilder log
INFO: Destroying: tileImprovement:4209
Apr 27, 2018 11:59:16 PM net.sf.freecol.common.util.LogBuilder log
INFO: Destroying: tileImprovement:4211
Apr 27, 2018 11:59:16 PM net.sf.freecol.common.util.LogBuilder log
INFO: Destroying: tileImprovement:4364
Apr 27, 2018 11:59:16 PM net.sf.freecol.common.util.LogBuilder log
INFO: Destroying: tileImprovement:4365
Apr 27, 2018 11:59:16 PM net.sf.freecol.common.util.LogBuilder log
INFO: Destroying: tileImprovement:4366
Apr 27, 2018 11:59:16 PM net.sf.freecol.common.util.LogBuilder log
INFO: Destroying: tileImprovement:4339
Apr 27, 2018 11:59:16 PM net.sf.freecol.common.util.LogBuilder log
INFO: Destroying: tileImprovement:4341
Apr 27, 2018 11:59:16 PM net.sf.freecol.common.util.LogBuilder log
INFO: Destroying: tileImprovement:4343
Apr 27, 2018 11:59:16 PM net.sf.freecol.common.util.LogBuilder log
INFO: Destroying: tileImprovement:4304
Apr 27, 2018 11:59:16 PM net.sf.freecol.common.util.LogBuilder log
INFO: Destroying: tileImprovement:4306
Apr 27, 2018 11:59:16 PM net.sf.freecol.common.util.LogBuilder log
INFO: Destroying: tileImprovement:4308
Apr 27, 2018 11:59:16 PM net.sf.freecol.common.util.LogBuilder log
INFO: Destroying: tileImprovement:4310
Apr 27, 2018 11:59:16 PM net.sf.freecol.common.util.LogBuilder log
INFO: Destroying: tileImprovement:4312
Apr 27, 2018 11:59:16 PM net.sf.freecol.common.util.LogBuilder log
INFO: Destroying: tileImprovement:4314
Apr 27, 2018 11:59:16 PM net.sf.freecol.common.util.LogBuilder log
INFO: Destroying: tileImprovement:4316
Apr 27, 2018 11:59:16 PM net.sf.freecol.common.util.LogBuilder log
INFO: Destroying: tileImprovement:4318
Apr 27, 2018 11:59:16 PM net.sf.freecol.common.util.LogBuilder log
INFO: Destroying: tileImprovement:4320
Apr 27, 2018 11:59:16 PM net.sf.freecol.common.util.LogBuilder log
INFO: Destroying: tileImprovement:4322
Apr 27, 2018 11:59:16 PM net.sf.freecol.common.util.LogBuilder log
INFO: Destroying: tileImprovement:4324
Apr 27, 2018 11:59:16 PM net.sf.freecol.common.util.LogBuilder log
INFO: Destroying: tileImprovement:4326
Apr 27, 2018 11:59:16 PM net.sf.freecol.common.util.LogBuilder log
INFO: Destroying: tileImprovement:4328
Apr 27, 2018 11:59:16 PM net.sf.freecol.common.util.LogBuilder log
INFO: Destroying: tileImprovement:4510
Apr 27, 2018 11:59:16 PM net.sf.freecol.common.util.LogBuilder log
INFO: Destroying: tileImprovement:4511
Apr 27, 2018 11:59:16 PM net.sf.freecol.common.util.LogBuilder log
INFO: Destroying: tileImprovement:4512
Apr 27, 2018 11:59:16 PM net.sf.freecol.common.util.LogBuilder log
INFO: Destroying: tileImprovement:4513
Apr 27, 2018 11:59:16 PM net.sf.freecol.common.util.LogBuilder log
INFO: Destroying: tileImprovement:4661
Apr 27, 2018 11:59:16 PM net.sf.freecol.common.util.LogBuilder log
INFO: Destroying: tileImprovement:4663
Apr 27, 2018 11:59:16 PM net.sf.freecol.common.util.LogBuilder log
INFO: Destroying: tileImprovement:4665
Apr 27, 2018 11:59:17 PM net.sf.freecol.common.util.LogBuilder log
INFO: Destroying: tileImprovement:4667
Apr 27, 2018 11:59:17 PM net.sf.freecol.common.util.LogBuilder log
INFO: Destroying: tileImprovement:4669
Apr 27, 2018 11:59:17 PM net.sf.freecol.common.util.LogBuilder log
INFO: Destroying: tileImprovement:4671
Apr 27, 2018 11:59:17 PM net.sf.freecol.common.util.LogBuilder log
INFO: Destroying: tileImprovement:4673
Apr 27, 2018 11:59:17 PM net.sf.freecol.common.util.LogBuilder log
INFO: Destroying: tileImprovement:4675
Apr 27, 2018 11:59:17 PM net.sf.freecol.common.util.LogBuilder log
INFO: Destroying: tileImprovement:4653
Apr 27, 2018 11:59:17 PM net.sf.freecol.common.util.LogBuilder log
INFO: Destroying: tileImprovement:4655
Apr 27, 2018 11:59:17 PM net.sf.freecol.common.util.LogBuilder log
INFO: Destroying: tileImprovement:4657
Apr 27, 2018 11:59:17 PM net.sf.freecol.common.util.LogBuilder log
INFO: Destroying: tileImprovement:4659
Apr 27, 2018 11:59:17 PM net.sf.freecol.common.util.LogBuilder log
INFO: Destroying: tileImprovement:4697
Apr 27, 2018 11:59:17 PM net.sf.freecol.common.util.LogBuilder log
INFO: Destroying: tileImprovement:4698
Apr 27, 2018 11:59:17 PM net.sf.freecol.common.util.LogBuilder log
INFO: Destroying: tileImprovement:4699
Apr 27, 2018 11:59:17 PM net.sf.freecol.common.util.LogBuilder log
INFO: Destroying: tileImprovement:4700
Apr 27, 2018 11:59:17 PM net.sf.freecol.common.util.LogBuilder log
INFO: Destroying: tileImprovement:4701
Apr 27, 2018 11:59:17 PM net.sf.freecol.common.util.LogBuilder log
INFO: Destroying: tileImprovement:4702
Apr 27, 2018 11:59:17 PM net.sf.freecol.common.util.LogBuilder log
INFO: Destroying: tileImprovement:4703
Apr 27, 2018 11:59:17 PM net.sf.freecol.common.util.LogBuilder log
INFO: Destroying: tileImprovement:4704
Apr 27, 2018 11:59:17 PM net.sf.freecol.common.util.LogBuilder log
INFO: Destroying: tileImprovement:4523
Apr 27, 2018 11:59:17 PM net.sf.freecol.common.util.LogBuilder log
INFO: Destroying: tileImprovement:4524
Apr 27, 2018 11:59:17 PM net.sf.freecol.common.util.LogBuilder log
INFO: Destroying: tileImprovement:4633
Apr 27, 2018 11:59:17 PM net.sf.freecol.common.util.LogBuilder log
INFO: Destroying: tileImprovement:4635
Apr 27, 2018 11:59:17 PM net.sf.freecol.common.util.LogBuilder log
INFO: Destroying: tileImprovement:4637
Apr 27, 2018 11:59:17 PM net.sf.freecol.common.util.LogBuilder log
INFO: Destroying: tileImprovement:4639
Apr 27, 2018 11:59:17 PM net.sf.freecol.common.util.LogBuilder log
INFO: Destroying: tileImprovement:4641
Apr 27, 2018 11:59:17 PM net.sf.freecol.common.util.LogBuilder log
INFO: Destroying: tileImprovement:4643
Apr 27, 2018 11:59:17 PM net.sf.freecol.common.util.LogBuilder log
INFO: Destroying: tileImprovement:4620
Apr 27, 2018 11:59:17 PM net.sf.freecol.common.util.LogBuilder log
INFO: Destroying: tileImprovement:4621
Apr 27, 2018 11:59:17 PM net.sf.freecol.common.util.LogBuilder log
INFO: Destroying: tileImprovement:4622
Apr 27, 2018 11:59:17 PM net.sf.freecol.common.util.LogBuilder log
INFO: Destroying: tileImprovement:4623
Apr 27, 2018 11:59:17 PM net.sf.freecol.common.util.LogBuilder log
INFO: Destroying: tileImprovement:4624
Apr 27, 2018 11:59:17 PM net.sf.freecol.common.util.LogBuilder log
INFO: Destroying: tileImprovement:4625
Apr 27, 2018 11:59:17 PM net.sf.freecol.common.util.LogBuilder log
INFO: Destroying: tileImprovement:4626
Apr 27, 2018 11:59:17 PM net.sf.freecol.common.util.LogBuilder log
INFO: Destroying: tileImprovement:4627
Apr 27, 2018 11:59:17 PM net.sf.freecol.common.util.LogBuilder log
INFO: Destroying: tileImprovement:4628
Apr 27, 2018 11:59:17 PM net.sf.freecol.common.util.LogBuilder log
INFO: Destroying: tileImprovement:4629
Apr 27, 2018 11:59:17 PM net.sf.freecol.common.util.LogBuilder log
INFO: Destroying: tileImprovement:4630
Apr 27, 2018 11:59:17 PM net.sf.freecol.common.util.LogBuilder log
INFO: Destroying: tileImprovement:4631
Apr 27, 2018 11:59:17 PM net.sf.freecol.common.util.LogBuilder log
INFO: Destroying: tileImprovement:4632
Apr 27, 2018 11:59:17 PM net.sf.freecol.common.util.LogBuilder log
INFO: Destroying: tileImprovement:4448
Apr 27, 2018 11:59:17 PM net.sf.freecol.common.util.LogBuilder log
INFO: Destroying: tileImprovement:4450
Apr 27, 2018 11:59:17 PM net.sf.freecol.common.util.LogBuilder log
INFO: Destroying: tileImprovement:4452
Apr 27, 2018 11:59:17 PM net.sf.freecol.common.util.LogBuilder log
INFO: Destroying: tileImprovement:4741
Apr 27, 2018 11:59:17 PM net.sf.freecol.common.util.LogBuilder log
INFO: Destroying: tileImprovement:4743
Apr 27, 2018 11:59:17 PM net.sf.freecol.common.util.LogBuilder log
INFO: Destroying: tileImprovement:4745
Apr 27, 2018 11:59:17 PM net.sf.freecol.common.util.LogBuilder log
INFO: Destroying: tileImprovement:4436
Apr 27, 2018 11:59:17 PM net.sf.freecol.common.util.LogBuilder log
INFO: Destroying: tileImprovement:4438
Apr 27, 2018 11:59:17 PM net.sf.freecol.common.util.LogBuilder log
INFO: Destroying: tileImprovement:4440
Apr 27, 2018 11:59:17 PM net.sf.freecol.common.util.LogBuilder log
INFO: Destroying: tileImprovement:4883
Apr 27, 2018 11:59:17 PM net.sf.freecol.common.util.LogBuilder log
INFO: Destroying: tileImprovement:4884
Apr 27, 2018 11:59:17 PM net.sf.freecol.common.util.LogBuilder log
INFO: Destroying: tileImprovement:4885
Apr 27, 2018 11:59:17 PM net.sf.freecol.common.util.LogBuilder log
INFO: Destroying: tileImprovement:4867
Apr 27, 2018 11:59:17 PM net.sf.freecol.common.util.LogBuilder log
INFO: Destroying: tileImprovement:4869
Apr 27, 2018 11:59:17 PM net.sf.freecol.common.util.LogBuilder log
INFO: Destroying: tileImprovement:4864
Apr 27, 2018 11:59:17 PM net.sf.freecol.common.util.LogBuilder log
INFO: Destroying: tileImprovement:4865
Apr 27, 2018 11:59:17 PM net.sf.freecol.common.util.LogBuilder log
INFO: Destroying: tileImprovement:4866
Apr 27, 2018 11:59:17 PM net.sf.freecol.common.util.LogBuilder log
INFO: Destroying: tileImprovement:4390
Apr 27, 2018 11:59:17 PM net.sf.freecol.common.util.LogBuilder log
INFO: Destroying: tileImprovement:4392
Apr 27, 2018 11:59:17 PM net.sf.freecol.common.util.LogBuilder log
INFO: Destroying: tileImprovement:4394
Apr 27, 2018 11:59:17 PM net.sf.freecol.common.util.LogBuilder log
INFO: Destroying: tileImprovement:4396
Apr 27, 2018 11:59:17 PM net.sf.freecol.common.util.LogBuilder log
INFO: Destroying: tileImprovement:4398
Apr 27, 2018 11:59:17 PM net.sf.freecol.common.util.LogBuilder log
INFO: Destroying: tileImprovement:4737
Apr 27, 2018 11:59:17 PM net.sf.freecol.common.util.LogBuilder log
INFO: Destroying: tileImprovement:4739
Apr 27, 2018 11:59:17 PM net.sf.freecol.common.model.Game addPlayer
WARNING: Game already full, but tried to add: Dom Manuel I
Apr 27, 2018 11:59:17 PM net.sf.freecol.common.model.Game addPlayer
WARNING: Game already full, but tried to add: Charles XI
Apr 27, 2018 11:59:17 PM net.sf.freecol.common.model.Game addPlayer
WARNING: Game already full, but tried to add: Frederick II
Apr 27, 2018 11:59:17 PM net.sf.freecol.common.model.Game addPlayer
WARNING: Game already full, but tried to add: Peter I
Apr 27, 2018 11:59:17 PM net.sf.freecol.common.model.LandMap <init>
INFO: Using land generator model.option.landGeneratorType.classic
Apr 27, 2018 11:59:17 PM net.sf.freecol.common.util.LogBuilder log
INFO: Destroying: tileImprovement:4517
Apr 27, 2018 11:59:17 PM net.sf.freecol.common.util.LogBuilder log
INFO: Destroying: tileImprovement:4519
Apr 27, 2018 11:59:17 PM net.sf.freecol.common.util.LogBuilder log
INFO: Destroying: tileImprovement:4521
Apr 27, 2018 11:59:17 PM net.sf.freecol.common.util.LogBuilder log
INFO: Destroying: tileImprovement:4498
Apr 27, 2018 11:59:17 PM net.sf.freecol.common.util.LogBuilder log
INFO: Destroying: tileImprovement:4500
Apr 27, 2018 11:59:17 PM net.sf.freecol.common.util.LogBuilder log
INFO: Destroying: tileImprovement:4502
Apr 27, 2018 11:59:17 PM net.sf.freecol.common.util.LogBuilder log
INFO: Destroying: tileImprovement:4504
Apr 27, 2018 11:59:17 PM net.sf.freecol.common.util.LogBuilder log
INFO: Destroying: tileImprovement:4506
Apr 27, 2018 11:59:17 PM net.sf.freecol.common.util.LogBuilder log
INFO: Destroying: tileImprovement:4508
Apr 27, 2018 11:59:17 PM net.sf.freecol.common.util.LogBuilder log
INFO: Destroying: tileImprovement:4510
Apr 27, 2018 11:59:17 PM net.sf.freecol.common.util.LogBuilder log
INFO: Destroying: tileImprovement:4653
Apr 27, 2018 11:59:17 PM net.sf.freecol.common.util.LogBuilder log
INFO: Destroying: tileImprovement:4655
Apr 27, 2018 11:59:17 PM net.sf.freecol.common.util.LogBuilder log
INFO: Destroying: tileImprovement:4657
Apr 27, 2018 11:59:17 PM net.sf.freecol.common.util.LogBuilder log
INFO: Destroying: tileImprovement:4659
Apr 27, 2018 11:59:17 PM net.sf.freecol.common.util.LogBuilder log
INFO: Destroying: tileImprovement:4661
Apr 27, 2018 11:59:17 PM net.sf.freecol.common.util.LogBuilder log
INFO: Destroying: tileImprovement:4663
Apr 27, 2018 11:59:17 PM net.sf.freecol.common.util.LogBuilder log
INFO: Destroying: tileImprovement:4687
Apr 27, 2018 11:59:17 PM net.sf.freecol.common.util.LogBuilder log
INFO: Destroying: tileImprovement:4688
Apr 27, 2018 11:59:17 PM net.sf.freecol.common.util.LogBuilder log
INFO: Destroying: tileImprovement:4689
Apr 27, 2018 11:59:17 PM net.sf.freecol.common.util.LogBuilder log
INFO: Destroying: tileImprovement:4690
Apr 27, 2018 11:59:17 PM net.sf.freecol.common.util.LogBuilder log
INFO: Destroying: tileImprovement:4691
Apr 27, 2018 11:59:17 PM net.sf.freecol.common.util.LogBuilder log
INFO: Destroying: tileImprovement:4692
Apr 27, 2018 11:59:17 PM net.sf.freecol.common.util.LogBuilder log
INFO: Destroying: tileImprovement:4693
Apr 27, 2018 11:59:17 PM net.sf.freecol.common.util.LogBuilder log
INFO: Destroying: tileImprovement:4711
Apr 27, 2018 11:59:17 PM net.sf.freecol.common.util.LogBuilder log
INFO: Destroying: tileImprovement:4713
Apr 27, 2018 11:59:17 PM net.sf.freecol.common.util.LogBuilder log
INFO: Destroying: tileImprovement:4715
Apr 27, 2018 11:59:17 PM net.sf.freecol.common.util.LogBuilder log
INFO: Destroying: tileImprovement:4705
Apr 27, 2018 11:59:17 PM net.sf.freecol.common.util.LogBuilder log
INFO: Destroying: tileImprovement:4706
Apr 27, 2018 11:59:17 PM net.sf.freecol.common.util.LogBuilder log
INFO: Destroying: tileImprovement:4707
Apr 27, 2018 11:59:17 PM net.sf.freecol.common.util.LogBuilder log
INFO: Destroying: tileImprovement:4708
Apr 27, 2018 11:59:17 PM net.sf.freecol.common.util.LogBuilder log
INFO: Destroying: tileImprovement:4709
Apr 27, 2018 11:59:17 PM net.sf.freecol.common.util.LogBuilder log
INFO: Destroying: tileImprovement:4710
Apr 27, 2018 11:59:17 PM net.sf.freecol.common.util.LogBuilder log
INFO: Destroying: tileImprovement:4634
Apr 27, 2018 11:59:17 PM net.sf.freecol.common.util.LogBuilder log
INFO: Destroying: tileImprovement:4636
Apr 27, 2018 11:59:17 PM net.sf.freecol.common.util.LogBuilder log
INFO: Destroying: tileImprovement:4638
Apr 27, 2018 11:59:17 PM net.sf.freecol.common.util.LogBuilder log
INFO: Destroying: tileImprovement:4640
Apr 27, 2018 11:59:17 PM net.sf.freecol.common.util.LogBuilder log
INFO: Destroying: tileImprovement:4513
Apr 27, 2018 11:59:17 PM net.sf.freecol.common.util.LogBuilder log
INFO: Destroying: tileImprovement:4515
Apr 27, 2018 11:59:17 PM net.sf.freecol.common.util.LogBuilder log
INFO: Destroying: tileImprovement:4668
Apr 27, 2018 11:59:17 PM net.sf.freecol.common.util.LogBuilder log
INFO: Destroying: tileImprovement:4669
Apr 27, 2018 11:59:17 PM net.sf.freecol.common.util.LogBuilder log
INFO: Destroying: tileImprovement:4670
Apr 27, 2018 11:59:17 PM net.sf.freecol.common.util.LogBuilder log
INFO: Destroying: tileImprovement:4643
Apr 27, 2018 11:59:17 PM net.sf.freecol.common.util.LogBuilder log
INFO: Destroying: tileImprovement:4645
Apr 27, 2018 11:59:17 PM net.sf.freecol.common.util.LogBuilder log
INFO: Destroying: tileImprovement:4647
Apr 27, 2018 11:59:17 PM net.sf.freecol.common.util.LogBuilder log
INFO: Destroying: tileImprovement:4608
Apr 27, 2018 11:59:17 PM net.sf.freecol.common.util.LogBuilder log
INFO: Destroying: tileImprovement:4610
Apr 27, 2018 11:59:17 PM net.sf.freecol.common.util.LogBuilder log
INFO: Destroying: tileImprovement:4612
Apr 27, 2018 11:59:17 PM net.sf.freecol.common.util.LogBuilder log
INFO: Destroying: tileImprovement:4614
Apr 27, 2018 11:59:17 PM net.sf.freecol.common.util.LogBuilder log
INFO: Destroying: tileImprovement:4616
Apr 27, 2018 11:59:17 PM net.sf.freecol.common.util.LogBuilder log
INFO: Destroying: tileImprovement:4618
Apr 27, 2018 11:59:17 PM net.sf.freecol.common.util.LogBuilder log
INFO: Destroying: tileImprovement:4620
Apr 27, 2018 11:59:17 PM net.sf.freecol.common.util.LogBuilder log
INFO: Destroying: tileImprovement:4622
Apr 27, 2018 11:59:17 PM net.sf.freecol.common.util.LogBuilder log
INFO: Destroying: tileImprovement:4624
Apr 27, 2018 11:59:17 PM net.sf.freecol.common.util.LogBuilder log
INFO: Destroying: tileImprovement:4626
Apr 27, 2018 11:59:17 PM net.sf.freecol.common.util.LogBuilder log
INFO: Destroying: tileImprovement:4628
Apr 27, 2018 11:59:17 PM net.sf.freecol.common.util.LogBuilder log
INFO: Destroying: tileImprovement:4630
Apr 27, 2018 11:59:17 PM net.sf.freecol.common.util.LogBuilder log
INFO: Destroying: tileImprovement:4632
Apr 27, 2018 11:59:17 PM net.sf.freecol.common.util.LogBuilder log
INFO: Destroying: tileImprovement:4814
Apr 27, 2018 11:59:17 PM net.sf.freecol.common.util.LogBuilder log
INFO: Destroying: tileImprovement:4815
Apr 27, 2018 11:59:17 PM net.sf.freecol.common.util.LogBuilder log
INFO: Destroying: tileImprovement:4816
Apr 27, 2018 11:59:17 PM net.sf.freecol.common.util.LogBuilder log
INFO: Destroying: tileImprovement:4817
Apr 27, 2018 11:59:17 PM net.sf.freecol.common.util.LogBuilder log
INFO: Destroying: tileImprovement:4965
Apr 27, 2018 11:59:17 PM net.sf.freecol.common.util.LogBuilder log
INFO: Destroying: tileImprovement:4967
Apr 27, 2018 11:59:17 PM net.sf.freecol.common.util.LogBuilder log
INFO: Destroying: tileImprovement:4969
Apr 27, 2018 11:59:17 PM net.sf.freecol.common.util.LogBuilder log
INFO: Destroying: tileImprovement:4971
Apr 27, 2018 11:59:17 PM net.sf.freecol.common.util.LogBuilder log
INFO: Destroying: tileImprovement:4973
Apr 27, 2018 11:59:17 PM net.sf.freecol.common.util.LogBuilder log
INFO: Destroying: tileImprovement:4975
Apr 27, 2018 11:59:17 PM net.sf.freecol.common.util.LogBuilder log
INFO: Destroying: tileImprovement:4977
Apr 27, 2018 11:59:17 PM net.sf.freecol.common.util.LogBuilder log
INFO: Destroying: tileImprovement:4979
Apr 27, 2018 11:59:17 PM net.sf.freecol.common.util.LogBuilder log
INFO: Destroying: tileImprovement:4957
Apr 27, 2018 11:59:17 PM net.sf.freecol.common.util.LogBuilder log
INFO: Destroying: tileImprovement:4959
Apr 27, 2018 11:59:17 PM net.sf.freecol.common.util.LogBuilder log
INFO: Destroying: tileImprovement:4961
Apr 27, 2018 11:59:17 PM net.sf.freecol.common.util.LogBuilder log
INFO: Destroying: tileImprovement:4963
Apr 27, 2018 11:59:17 PM net.sf.freecol.common.util.LogBuilder log
INFO: Destroying: tileImprovement:5001
Apr 27, 2018 11:59:17 PM net.sf.freecol.common.util.LogBuilder log
INFO: Destroying: tileImprovement:5002
Apr 27, 2018 11:59:17 PM net.sf.freecol.common.util.LogBuilder log
INFO: Destroying: tileImprovement:5003
Apr 27, 2018 11:59:17 PM net.sf.freecol.common.util.LogBuilder log
INFO: Destroying: tileImprovement:5004
Apr 27, 2018 11:59:17 PM net.sf.freecol.common.util.LogBuilder log
INFO: Destroying: tileImprovement:5005
Apr 27, 2018 11:59:17 PM net.sf.freecol.common.util.LogBuilder log
INFO: Destroying: tileImprovement:5006
Apr 27, 2018 11:59:17 PM net.sf.freecol.common.util.LogBuilder log
INFO: Destroying: tileImprovement:5007
Apr 27, 2018 11:59:17 PM net.sf.freecol.common.util.LogBuilder log
INFO: Destroying: tileImprovement:5008
Apr 27, 2018 11:59:17 PM net.sf.freecol.common.util.LogBuilder log
INFO: Destroying: tileImprovement:4827
Apr 27, 2018 11:59:17 PM net.sf.freecol.common.util.LogBuilder log
INFO: Destroying: tileImprovement:4828
Apr 27, 2018 11:59:17 PM net.sf.freecol.common.util.LogBuilder log
INFO: Destroying: tileImprovement:4937
Apr 27, 2018 11:59:17 PM net.sf.freecol.common.util.LogBuilder log
INFO: Destroying: tileImprovement:4939
Apr 27, 2018 11:59:17 PM net.sf.freecol.common.util.LogBuilder log
INFO: Destroying: tileImprovement:4941
Apr 27, 2018 11:59:17 PM net.sf.freecol.common.util.LogBuilder log
INFO: Destroying: tileImprovement:4943
Apr 27, 2018 11:59:17 PM net.sf.freecol.common.util.LogBuilder log
INFO: Destroying: tileImprovement:4945
Apr 27, 2018 11:59:17 PM net.sf.freecol.common.util.LogBuilder log
INFO: Destroying: tileImprovement:4947
Apr 27, 2018 11:59:17 PM net.sf.freecol.common.util.LogBuilder log
INFO: Destroying: tileImprovement:4924
Apr 27, 2018 11:59:17 PM net.sf.freecol.common.util.LogBuilder log
INFO: Destroying: tileImprovement:4925
Apr 27, 2018 11:59:17 PM net.sf.freecol.common.util.LogBuilder log
INFO: Destroying: tileImprovement:4926
Apr 27, 2018 11:59:17 PM net.sf.freecol.common.util.LogBuilder log
INFO: Destroying: tileImprovement:4927
Apr 27, 2018 11:59:17 PM net.sf.freecol.common.util.LogBuilder log
INFO: Destroying: tileImprovement:4928
Apr 27, 2018 11:59:17 PM net.sf.freecol.common.util.LogBuilder log
INFO: Destroying: tileImprovement:4929
Apr 27, 2018 11:59:17 PM net.sf.freecol.common.util.LogBuilder log
INFO: Destroying: tileImprovement:4930
Apr 27, 2018 11:59:17 PM net.sf.freecol.common.util.LogBuilder log
INFO: Destroying: tileImprovement:4931
Apr 27, 2018 11:59:17 PM net.sf.freecol.common.util.LogBuilder log
INFO: Destroying: tileImprovement:4932
Apr 27, 2018 11:59:17 PM net.sf.freecol.common.util.LogBuilder log
INFO: Destroying: tileImprovement:4933
Apr 27, 2018 11:59:17 PM net.sf.freecol.common.util.LogBuilder log
INFO: Destroying: tileImprovement:4934
Apr 27, 2018 11:59:17 PM net.sf.freecol.common.util.LogBuilder log
INFO: Destroying: tileImprovement:4935
Apr 27, 2018 11:59:17 PM net.sf.freecol.common.util.LogBuilder log
INFO: Destroying: tileImprovement:4936
Apr 27, 2018 11:59:17 PM net.sf.freecol.common.util.LogBuilder log
INFO: Destroying: tileImprovement:4752
Apr 27, 2018 11:59:17 PM net.sf.freecol.common.util.LogBuilder log
INFO: Destroying: tileImprovement:4754
Apr 27, 2018 11:59:17 PM net.sf.freecol.common.util.LogBuilder log
INFO: Destroying: tileImprovement:4756
Apr 27, 2018 11:59:17 PM net.sf.freecol.common.util.LogBuilder log
INFO: Destroying: tileImprovement:5045
Apr 27, 2018 11:59:17 PM net.sf.freecol.common.util.LogBuilder log
INFO: Destroying: tileImprovement:5047
Apr 27, 2018 11:59:17 PM net.sf.freecol.common.util.LogBuilder log
INFO: Destroying: tileImprovement:5049
Apr 27, 2018 11:59:17 PM net.sf.freecol.common.util.LogBuilder log
INFO: Destroying: tileImprovement:4740
Apr 27, 2018 11:59:17 PM net.sf.freecol.common.util.LogBuilder log
INFO: Destroying: tileImprovement:4742
Apr 27, 2018 11:59:17 PM net.sf.freecol.common.util.LogBuilder log
INFO: Destroying: tileImprovement:4744
Apr 27, 2018 11:59:17 PM net.sf.freecol.common.util.LogBuilder log
INFO: Destroying: tileImprovement:5187
Apr 27, 2018 11:59:17 PM net.sf.freecol.common.util.LogBuilder log
INFO: Destroying: tileImprovement:5188
Apr 27, 2018 11:59:17 PM net.sf.freecol.common.util.LogBuilder log
INFO: Destroying: tileImprovement:5189
Apr 27, 2018 11:59:17 PM net.sf.freecol.common.util.LogBuilder log
INFO: Destroying: tileImprovement:5171
Apr 27, 2018 11:59:17 PM net.sf.freecol.common.util.LogBuilder log
INFO: Destroying: tileImprovement:5173
Apr 27, 2018 11:59:17 PM net.sf.freecol.common.util.LogBuilder log
INFO: Destroying: tileImprovement:5168
Apr 27, 2018 11:59:17 PM net.sf.freecol.common.util.LogBuilder log
INFO: Destroying: tileImprovement:5169
Apr 27, 2018 11:59:17 PM net.sf.freecol.common.util.LogBuilder log
INFO: Destroying: tileImprovement:5170
Apr 27, 2018 11:59:17 PM net.sf.freecol.common.util.LogBuilder log
INFO: Destroying: tileImprovement:4694
Apr 27, 2018 11:59:17 PM net.sf.freecol.common.util.LogBuilder log
INFO: Destroying: tileImprovement:4696
Apr 27, 2018 11:59:17 PM net.sf.freecol.common.util.LogBuilder log
INFO: Destroying: tileImprovement:4698
Apr 27, 2018 11:59:17 PM net.sf.freecol.common.util.LogBuilder log
INFO: Destroying: tileImprovement:4700
Apr 27, 2018 11:59:17 PM net.sf.freecol.common.util.LogBuilder log
INFO: Destroying: tileImprovement:4702
Apr 27, 2018 11:59:17 PM net.sf.freecol.common.util.LogBuilder log
INFO: Destroying: tileImprovement:5041
Apr 27, 2018 11:59:17 PM net.sf.freecol.common.util.LogBuilder log
INFO: Destroying: tileImprovement:5043
Apr 27, 2018 11:59:17 PM net.sf.freecol.common.model.Game addPlayer
WARNING: Game already full, but tried to add: Dom Manuel I
Apr 27, 2018 11:59:17 PM net.sf.freecol.common.model.Game addPlayer
WARNING: Game already full, but tried to add: Charles XI
Apr 27, 2018 11:59:17 PM net.sf.freecol.common.model.Game addPlayer
WARNING: Game already full, but tried to add: Frederick II
Apr 27, 2018 11:59:17 PM net.sf.freecol.common.model.Game addPlayer
WARNING: Game already full, but tried to add: Peter I
Apr 27, 2018 11:59:17 PM net.sf.freecol.common.model.LandMap <init>
INFO: Using land generator model.option.landGeneratorType.classic
Apr 27, 2018 11:59:17 PM net.sf.freecol.common.util.LogBuilder log
INFO: Destroying: tileImprovement:4517
Apr 27, 2018 11:59:17 PM net.sf.freecol.common.util.LogBuilder log
INFO: Destroying: tileImprovement:4519
Apr 27, 2018 11:59:17 PM net.sf.freecol.common.util.LogBuilder log
INFO: Destroying: tileImprovement:4521
Apr 27, 2018 11:59:17 PM net.sf.freecol.common.util.LogBuilder log
INFO: Destroying: tileImprovement:4498
Apr 27, 2018 11:59:17 PM net.sf.freecol.common.util.LogBuilder log
INFO: Destroying: tileImprovement:4500
Apr 27, 2018 11:59:17 PM net.sf.freecol.common.util.LogBuilder log
INFO: Destroying: tileImprovement:4502
Apr 27, 2018 11:59:17 PM net.sf.freecol.common.util.LogBuilder log
INFO: Destroying: tileImprovement:4504
Apr 27, 2018 11:59:17 PM net.sf.freecol.common.util.LogBuilder log
INFO: Destroying: tileImprovement:4506
Apr 27, 2018 11:59:17 PM net.sf.freecol.common.util.LogBuilder log
INFO: Destroying: tileImprovement:4508
Apr 27, 2018 11:59:17 PM net.sf.freecol.common.util.LogBuilder log
INFO: Destroying: tileImprovement:4510
Apr 27, 2018 11:59:17 PM net.sf.freecol.common.util.LogBuilder log
INFO: Destroying: tileImprovement:4653
Apr 27, 2018 11:59:17 PM net.sf.freecol.common.util.LogBuilder log
INFO: Destroying: tileImprovement:4655
Apr 27, 2018 11:59:17 PM net.sf.freecol.common.util.LogBuilder log
INFO: Destroying: tileImprovement:4657
Apr 27, 2018 11:59:17 PM net.sf.freecol.common.util.LogBuilder log
INFO: Destroying: tileImprovement:4659
Apr 27, 2018 11:59:17 PM net.sf.freecol.common.util.LogBuilder log
INFO: Destroying: tileImprovement:4661
Apr 27, 2018 11:59:17 PM net.sf.freecol.common.util.LogBuilder log
INFO: Destroying: tileImprovement:4663
Apr 27, 2018 11:59:17 PM net.sf.freecol.common.util.LogBuilder log
INFO: Destroying: tileImprovement:4687
Apr 27, 2018 11:59:17 PM net.sf.freecol.common.util.LogBuilder log
INFO: Destroying: tileImprovement:4688
Apr 27, 2018 11:59:17 PM net.sf.freecol.common.util.LogBuilder log
INFO: Destroying: tileImprovement:4689
Apr 27, 2018 11:59:17 PM net.sf.freecol.common.util.LogBuilder log
INFO: Destroying: tileImprovement:4690
Apr 27, 2018 11:59:17 PM net.sf.freecol.common.util.LogBuilder log
INFO: Destroying: tileImprovement:4691
Apr 27, 2018 11:59:17 PM net.sf.freecol.common.util.LogBuilder log
INFO: Destroying: tileImprovement:4692
Apr 27, 2018 11:59:17 PM net.sf.freecol.common.util.LogBuilder log
INFO: Destroying: tileImprovement:4693
Apr 27, 2018 11:59:17 PM net.sf.freecol.common.util.LogBuilder log
INFO: Destroying: tileImprovement:4711
Apr 27, 2018 11:59:17 PM net.sf.freecol.common.util.LogBuilder log
INFO: Destroying: tileImprovement:4713
Apr 27, 2018 11:59:17 PM net.sf.freecol.common.util.LogBuilder log
INFO: Destroying: tileImprovement:4715
Apr 27, 2018 11:59:17 PM net.sf.freecol.common.util.LogBuilder log
INFO: Destroying: tileImprovement:4705
Apr 27, 2018 11:59:17 PM net.sf.freecol.common.util.LogBuilder log
INFO: Destroying: tileImprovement:4706
Apr 27, 2018 11:59:17 PM net.sf.freecol.common.util.LogBuilder log
INFO: Destroying: tileImprovement:4707
Apr 27, 2018 11:59:17 PM net.sf.freecol.common.util.LogBuilder log
INFO: Destroying: tileImprovement:4708
Apr 27, 2018 11:59:17 PM net.sf.freecol.common.util.LogBuilder log
INFO: Destroying: tileImprovement:4709
Apr 27, 2018 11:59:17 PM net.sf.freecol.common.util.LogBuilder log
INFO: Destroying: tileImprovement:4710
Apr 27, 2018 11:59:17 PM net.sf.freecol.common.util.LogBuilder log
INFO: Destroying: tileImprovement:4634
Apr 27, 2018 11:59:17 PM net.sf.freecol.common.util.LogBuilder log
INFO: Destroying: tileImprovement:4636
Apr 27, 2018 11:59:17 PM net.sf.freecol.common.util.LogBuilder log
INFO: Destroying: tileImprovement:4638
Apr 27, 2018 11:59:17 PM net.sf.freecol.common.util.LogBuilder log
INFO: Destroying: tileImprovement:4640
Apr 27, 2018 11:59:17 PM net.sf.freecol.common.util.LogBuilder log
INFO: Destroying: tileImprovement:4513
Apr 27, 2018 11:59:17 PM net.sf.freecol.common.util.LogBuilder log
INFO: Destroying: tileImprovement:4515
Apr 27, 2018 11:59:17 PM net.sf.freecol.common.util.LogBuilder log
INFO: Destroying: tileImprovement:4668
Apr 27, 2018 11:59:17 PM net.sf.freecol.common.util.LogBuilder log
INFO: Destroying: tileImprovement:4669
Apr 27, 2018 11:59:17 PM net.sf.freecol.common.util.LogBuilder log
INFO: Destroying: tileImprovement:4670
Apr 27, 2018 11:59:17 PM net.sf.freecol.common.util.LogBuilder log
INFO: Destroying: tileImprovement:4643
Apr 27, 2018 11:59:17 PM net.sf.freecol.common.util.LogBuilder log
INFO: Destroying: tileImprovement:4645
Apr 27, 2018 11:59:17 PM net.sf.freecol.common.util.LogBuilder log
INFO: Destroying: tileImprovement:4647
Apr 27, 2018 11:59:17 PM net.sf.freecol.common.util.LogBuilder log
INFO: Destroying: tileImprovement:4608
Apr 27, 2018 11:59:17 PM net.sf.freecol.common.util.LogBuilder log
INFO: Destroying: tileImprovement:4610
Apr 27, 2018 11:59:17 PM net.sf.freecol.common.util.LogBuilder log
INFO: Destroying: tileImprovement:4612
Apr 27, 2018 11:59:17 PM net.sf.freecol.common.util.LogBuilder log
INFO: Destroying: tileImprovement:4614
Apr 27, 2018 11:59:17 PM net.sf.freecol.common.util.LogBuilder log
INFO: Destroying: tileImprovement:4616
Apr 27, 2018 11:59:17 PM net.sf.freecol.common.util.LogBuilder log
INFO: Destroying: tileImprovement:4618
Apr 27, 2018 11:59:17 PM net.sf.freecol.common.util.LogBuilder log
INFO: Destroying: tileImprovement:4620
Apr 27, 2018 11:59:17 PM net.sf.freecol.common.util.LogBuilder log
INFO: Destroying: tileImprovement:4622
Apr 27, 2018 11:59:17 PM net.sf.freecol.common.util.LogBuilder log
INFO: Destroying: tileImprovement:4624
Apr 27, 2018 11:59:17 PM net.sf.freecol.common.util.LogBuilder log
INFO: Destroying: tileImprovement:4626
Apr 27, 2018 11:59:17 PM net.sf.freecol.common.util.LogBuilder log
INFO: Destroying: tileImprovement:4628
Apr 27, 2018 11:59:17 PM net.sf.freecol.common.util.LogBuilder log
INFO: Destroying: tileImprovement:4630
Apr 27, 2018 11:59:17 PM net.sf.freecol.common.util.LogBuilder log
INFO: Destroying: tileImprovement:4632
Apr 27, 2018 11:59:17 PM net.sf.freecol.common.util.LogBuilder log
INFO: Destroying: tileImprovement:4814
Apr 27, 2018 11:59:17 PM net.sf.freecol.common.util.LogBuilder log
INFO: Destroying: tileImprovement:4815
Apr 27, 2018 11:59:17 PM net.sf.freecol.common.util.LogBuilder log
INFO: Destroying: tileImprovement:4816
Apr 27, 2018 11:59:17 PM net.sf.freecol.common.util.LogBuilder log
INFO: Destroying: tileImprovement:4817
Apr 27, 2018 11:59:17 PM net.sf.freecol.common.util.LogBuilder log
INFO: Destroying: tileImprovement:4965
Apr 27, 2018 11:59:17 PM net.sf.freecol.common.util.LogBuilder log
INFO: Destroying: tileImprovement:4967
Apr 27, 2018 11:59:17 PM net.sf.freecol.common.util.LogBuilder log
INFO: Destroying: tileImprovement:4969
Apr 27, 2018 11:59:17 PM net.sf.freecol.common.util.LogBuilder log
INFO: Destroying: tileImprovement:4971
Apr 27, 2018 11:59:17 PM net.sf.freecol.common.util.LogBuilder log
INFO: Destroying: tileImprovement:4973
Apr 27, 2018 11:59:17 PM net.sf.freecol.common.util.LogBuilder log
INFO: Destroying: tileImprovement:4975
Apr 27, 2018 11:59:17 PM net.sf.freecol.common.util.LogBuilder log
INFO: Destroying: tileImprovement:4977
Apr 27, 2018 11:59:17 PM net.sf.freecol.common.util.LogBuilder log
INFO: Destroying: tileImprovement:4979
Apr 27, 2018 11:59:17 PM net.sf.freecol.common.util.LogBuilder log
INFO: Destroying: tileImprovement:4957
Apr 27, 2018 11:59:17 PM net.sf.freecol.common.util.LogBuilder log
INFO: Destroying: tileImprovement:4959
Apr 27, 2018 11:59:17 PM net.sf.freecol.common.util.LogBuilder log
INFO: Destroying: tileImprovement:4961
Apr 27, 2018 11:59:17 PM net.sf.freecol.common.util.LogBuilder log
INFO: Destroying: tileImprovement:4963
Apr 27, 2018 11:59:17 PM net.sf.freecol.common.util.LogBuilder log
INFO: Destroying: tileImprovement:5001
Apr 27, 2018 11:59:17 PM net.sf.freecol.common.util.LogBuilder log
INFO: Destroying: tileImprovement:5002
Apr 27, 2018 11:59:17 PM net.sf.freecol.common.util.LogBuilder log
INFO: Destroying: tileImprovement:5003
Apr 27, 2018 11:59:17 PM net.sf.freecol.common.util.LogBuilder log
INFO: Destroying: tileImprovement:5004
Apr 27, 2018 11:59:17 PM net.sf.freecol.common.util.LogBuilder log
INFO: Destroying: tileImprovement:5005
Apr 27, 2018 11:59:17 PM net.sf.freecol.common.util.LogBuilder log
INFO: Destroying: tileImprovement:5006
Apr 27, 2018 11:59:17 PM net.sf.freecol.common.util.LogBuilder log
INFO: Destroying: tileImprovement:5007
Apr 27, 2018 11:59:17 PM net.sf.freecol.common.util.LogBuilder log
INFO: Destroying: tileImprovement:5008
Apr 27, 2018 11:59:17 PM net.sf.freecol.common.util.LogBuilder log
INFO: Destroying: tileImprovement:4827
Apr 27, 2018 11:59:17 PM net.sf.freecol.common.util.LogBuilder log
INFO: Destroying: tileImprovement:4828
Apr 27, 2018 11:59:17 PM net.sf.freecol.common.util.LogBuilder log
INFO: Destroying: tileImprovement:4937
Apr 27, 2018 11:59:17 PM net.sf.freecol.common.util.LogBuilder log
INFO: Destroying: tileImprovement:4939
Apr 27, 2018 11:59:17 PM net.sf.freecol.common.util.LogBuilder log
INFO: Destroying: tileImprovement:4941
Apr 27, 2018 11:59:17 PM net.sf.freecol.common.util.LogBuilder log
INFO: Destroying: tileImprovement:4943
Apr 27, 2018 11:59:17 PM net.sf.freecol.common.util.LogBuilder log
INFO: Destroying: tileImprovement:4945
Apr 27, 2018 11:59:17 PM net.sf.freecol.common.util.LogBuilder log
INFO: Destroying: tileImprovement:4947
Apr 27, 2018 11:59:17 PM net.sf.freecol.common.util.LogBuilder log
INFO: Destroying: tileImprovement:4924
Apr 27, 2018 11:59:17 PM net.sf.freecol.common.util.LogBuilder log
INFO: Destroying: tileImprovement:4925
Apr 27, 2018 11:59:17 PM net.sf.freecol.common.util.LogBuilder log
INFO: Destroying: tileImprovement:4926
Apr 27, 2018 11:59:17 PM net.sf.freecol.common.util.LogBuilder log
INFO: Destroying: tileImprovement:4927
Apr 27, 2018 11:59:17 PM net.sf.freecol.common.util.LogBuilder log
INFO: Destroying: tileImprovement:4928
Apr 27, 2018 11:59:17 PM net.sf.freecol.common.util.LogBuilder log
INFO: Destroying: tileImprovement:4929
Apr 27, 2018 11:59:17 PM net.sf.freecol.common.util.LogBuilder log
INFO: Destroying: tileImprovement:4930
Apr 27, 2018 11:59:17 PM net.sf.freecol.common.util.LogBuilder log
INFO: Destroying: tileImprovement:4931
Apr 27, 2018 11:59:17 PM net.sf.freecol.common.util.LogBuilder log
INFO: Destroying: tileImprovement:4932
Apr 27, 2018 11:59:17 PM net.sf.freecol.common.util.LogBuilder log
INFO: Destroying: tileImprovement:4933
Apr 27, 2018 11:59:17 PM net.sf.freecol.common.util.LogBuilder log
INFO: Destroying: tileImprovement:4934
Apr 27, 2018 11:59:17 PM net.sf.freecol.common.util.LogBuilder log
INFO: Destroying: tileImprovement:4935
Apr 27, 2018 11:59:17 PM net.sf.freecol.common.util.LogBuilder log
INFO: Destroying: tileImprovement:4936
Apr 27, 2018 11:59:17 PM net.sf.freecol.common.util.LogBuilder log
INFO: Destroying: tileImprovement:4752
Apr 27, 2018 11:59:17 PM net.sf.freecol.common.util.LogBuilder log
INFO: Destroying: tileImprovement:4754
Apr 27, 2018 11:59:17 PM net.sf.freecol.common.util.LogBuilder log
INFO: Destroying: tileImprovement:4756
Apr 27, 2018 11:59:17 PM net.sf.freecol.common.util.LogBuilder log
INFO: Destroying: tileImprovement:5045
Apr 27, 2018 11:59:17 PM net.sf.freecol.common.util.LogBuilder log
INFO: Destroying: tileImprovement:5047
Apr 27, 2018 11:59:17 PM net.sf.freecol.common.util.LogBuilder log
INFO: Destroying: tileImprovement:5049
Apr 27, 2018 11:59:17 PM net.sf.freecol.common.util.LogBuilder log
INFO: Destroying: tileImprovement:4740
Apr 27, 2018 11:59:17 PM net.sf.freecol.common.util.LogBuilder log
INFO: Destroying: tileImprovement:4742
Apr 27, 2018 11:59:17 PM net.sf.freecol.common.util.LogBuilder log
INFO: Destroying: tileImprovement:4744
Apr 27, 2018 11:59:17 PM net.sf.freecol.common.util.LogBuilder log
INFO: Destroying: tileImprovement:5187
Apr 27, 2018 11:59:17 PM net.sf.freecol.common.util.LogBuilder log
INFO: Destroying: tileImprovement:5188
Apr 27, 2018 11:59:17 PM net.sf.freecol.common.util.LogBuilder log
INFO: Destroying: tileImprovement:5189
Apr 27, 2018 11:59:17 PM net.sf.freecol.common.util.LogBuilder log
INFO: Destroying: tileImprovement:5171
Apr 27, 2018 11:59:17 PM net.sf.freecol.common.util.LogBuilder log
INFO: Destroying: tileImprovement:5173
Apr 27, 2018 11:59:17 PM net.sf.freecol.common.util.LogBuilder log
INFO: Destroying: tileImprovement:5168
Apr 27, 2018 11:59:17 PM net.sf.freecol.common.util.LogBuilder log
INFO: Destroying: tileImprovement:5169
Apr 27, 2018 11:59:17 PM net.sf.freecol.common.util.LogBuilder log
INFO: Destroying: tileImprovement:5170
Apr 27, 2018 11:59:17 PM net.sf.freecol.common.util.LogBuilder log
INFO: Destroying: tileImprovement:4694
Apr 27, 2018 11:59:17 PM net.sf.freecol.common.util.LogBuilder log
INFO: Destroying: tileImprovement:4696
Apr 27, 2018 11:59:17 PM net.sf.freecol.common.util.LogBuilder log
INFO: Destroying: tileImprovement:4698
Apr 27, 2018 11:59:17 PM net.sf.freecol.common.util.LogBuilder log
INFO: Destroying: tileImprovement:4700
Apr 27, 2018 11:59:17 PM net.sf.freecol.common.util.LogBuilder log
INFO: Destroying: tileImprovement:4702
Apr 27, 2018 11:59:17 PM net.sf.freecol.common.util.LogBuilder log
INFO: Destroying: tileImprovement:5041
Apr 27, 2018 11:59:17 PM net.sf.freecol.common.util.LogBuilder log
INFO: Destroying: tileImprovement:5043
]]></system-err>
</testsuite>
