<?xml version="1.0" encoding="UTF-8" ?>
<testsuite errors="0" failures="0" hostname="CSREEF16" name="net.sf.freecol.AllTests" skipped="0" tests="430" time="17.303" timestamp="2018-05-17T00:06:31">
  <properties>
    <property name="java.vendor" value="Oracle Corporation" />
    <property name="env.USERDOMAIN_ROAMINGPROFILE" value="TOWSONU" />
    <property name="miglayout-core.jar" value="jars/miglayout-core-4.2.jar" />
    <property name="sun.java.launcher" value="SUN_STANDARD" />
    <property name="eclipse.pdebuild.templates" value="/C:/cs/eclipse/plugins/org.eclipse.pde.build_3.9.200.v20160204-0642/templates/" />
    <property name="sun.management.compiler" value="HotSpot Client Compiler" />
    <property name="env.PROMPT" value="$P$G" />
    <property name="freecol.javadoc.dir" value="C:\cshome\sschei7\documents\FreeCol\COSC442-finalproject\FreeCol/doc/javadoc" />
    <property name="os.name" value="Windows 7" />
    <property name="env.FP_NO_HOST_CHECK" value="NO" />
    <property name="sun.boot.class.path" value="C:\cs\Java\jdk1.8.0_101\jre\lib\resources.jar;C:\cs\Java\jdk1.8.0_101\jre\lib\rt.jar;C:\cs\Java\jdk1.8.0_101\jre\lib\sunrsasign.jar;C:\cs\Java\jdk1.8.0_101\jre\lib\jsse.jar;C:\cs\Java\jdk1.8.0_101\jre\lib\jce.jar;C:\cs\Java\jdk1.8.0_101\jre\lib\charsets.jar;C:\cs\Java\jdk1.8.0_101\jre\lib\jfr.jar;C:\cs\Java\jdk1.8.0_101\jre\classes" />
    <property name="env.COMPUTERNAME" value="CSREEF16" />
    <property name="env.CommonProgramW6432" value="C:\Program Files\Common Files" />
    <property name="TODAY" value="May 16 2018" />
    <property name="env.ALLUSERSPROFILE" value="C:\ProgramData" />
    <property name="sun.desktop" value="windows" />
    <property name="java.vm.specification.vendor" value="Oracle Corporation" />
    <property name="ant.home" value="C:\cs\eclipse\plugins\org.apache.ant_1.9.6.v201510161327" />
    <property name="freecol.metaserver.jar.file" value="C:\cshome\sschei7\documents\FreeCol\COSC442-finalproject\FreeCol/FreeCol-metaserver.jar" />
    <property name="java.runtime.version" value="1.8.0_101-b13" />
    <property name="env.HOMEPATH" value="\" />
    <property name="env.HOMESHARE" value="\\studentshare.towson.edu\sschei7$" />
    <property name="user.name" value="sschei7" />
    <property name="freecol.overview.file" value="C:\cshome\sschei7\documents\FreeCol\COSC442-finalproject\FreeCol/src/overview.html" />
    <property name="ant.file.type.FreeCol" value="file" />
    <property name="freecol.release.dir" value="C:\cshome\sschei7\documents\FreeCol\COSC442-finalproject\FreeCol/dist" />
    <property name="user.language" value="en" />
    <property name="env.windows_tracing_flags" value="3" />
    <property name="env.SBT_HOME" value="C:\cs\sbt\" />
    <property name="sun.boot.library.path" value="C:\cs\Java\jdk1.8.0_101\jre\bin" />
    <property name="ant.project.default-target" value="package" />
    <property name="ant.project.name" value="FreeCol" />
    <property name="DSTAMP" value="20180516" />
    <property name="cortado.jar" value="jars/cortado-0.6.0.jar" />
    <property name="java.version" value="1.8.0_101" />
    <property name="env.PROCESSOR_IDENTIFIER" value="Intel64 Family 6 Model 58 Stepping 9, GenuineIntel" />
    <property name="user.timezone" value="" />
    <property name="freecol.name" value="freecol" />
    <property name="env.TEMP" value="C:\Users\sschei7\AppData\Local\Temp" />
    <property name="sun.arch.data.model" value="32" />
    <property name="java.endorsed.dirs" value="C:\cs\Java\jdk1.8.0_101\jre\lib\endorsed" />
    <property name="env.PROCESSOR_ARCHITEW6432" value="AMD64" />
    <property name="sun.cpu.isalist" value="pentium_pro+mmx pentium_pro pentium+mmx pentium i486 i386 i86" />
    <property name="env.HOMEDRIVE" value="H:" />
    <property name="sun.jnu.encoding" value="Cp1252" />
    <property name="file.encoding.pkg" value="sun.io" />
    <property name="file.separator" value="\" />
    <property name="isOsWindows" value="true" />
    <property name="java.specification.name" value="Java Platform API Specification" />
    <property name="java.class.version" value="52.0" />
    <property name="user.country" value="US" />
    <property name="java.home" value="C:\cs\Java\jdk1.8.0_101\jre" />
    <property name="env.PSModulePath" value="C:\Windows\system32\WindowsPowerShell\v1.0\Modules\;c:\Program Files\Microsoft Security Client\MpProvider\" />
    <property name="env.APPDATA" value="C:\Users\sschei7\AppData\Roaming" />
    <property name="env.PUBLIC" value="C:\Users\Public" />
    <property name="env.windows_tracing_logfile" value="C:\BVTBin\Tests\installpackage\csilogfile.log" />
    <property name="java.vm.info" value="mixed mode, sharing" />
    <property name="env.ComSpec" value="C:\Windows\system32\cmd.exe" />
    <property name="env.OS" value="Windows_NT" />
    <property name="env.CommonProgramFiles" value="C:\Program Files (x86)\Common Files" />
    <property name="ant.file" value="C:\cshome\sschei7\documents\FreeCol\COSC442-finalproject\FreeCol\build.xml" />
    <property name="os.version" value="6.1" />
    <property name="env.ProgramW6432" value="C:\Program Files" />
    <property name="env.curdir" value="C:\cs\bin\" />
    <property name="miglayout-swing.jar" value="jars/miglayout-swing-4.2.jar" />
    <property name="freecol.build.dir" value="C:\cshome\sschei7\documents\FreeCol\COSC442-finalproject\FreeCol/build" />
    <property name="path.separator" value=";" />
    <property name="java.vm.version" value="25.101-b13" />
    <property name="java.target.version" value="1.8" />
    <property name="env.USERPROFILE" value="C:\Users\sschei7" />
    <property name="user.variant" value="" />
    <property name="ant.library.dir" value="C:\cs\eclipse\plugins\org.apache.ant_1.9.6.v201510161327\lib" />
    <property name="env.JAVA_HOME" value="C:\cs\java\jdk1.8.0_101" />
    <property name="java.awt.printerjob" value="sun.awt.windows.WPrinterJob" />
    <property name="freecol.packaging.dir" value="C:\cshome\sschei7\documents\FreeCol\COSC442-finalproject\FreeCol/packaging" />
    <property name="env.TMP" value="C:\Users\sschei7\AppData\Local\Temp" />
    <property name="sun.io.unicode.encoding" value="UnicodeLittle" />
    <property name="awt.toolkit" value="sun.awt.windows.WToolkit" />
    <property name="user.script" value="" />
    <property name="ant.file.FreeCol" value="C:\cshome\sschei7\documents\FreeCol\COSC442-finalproject\FreeCol\build.xml" />
    <property name="eclipse.pdebuild.scripts" value="/C:/cs/eclipse/plugins/org.eclipse.pde.build_3.9.200.v20160204-0642/scripts/" />
    <property name="env.ALICE_HOME" value="C:\Program Files (x86)\Alice\share\alice" />
    <property name="user.home" value="C:\Users\sschei7" />
    <property name="freecol.rules.dir" value="C:\cshome\sschei7\documents\FreeCol\COSC442-finalproject\FreeCol/data/rules" />
    <property name="env.VS140COMNTOOLS" value="C:\Program Files (x86)\Microsoft Visual Studio 14.0\Common7\Tools\" />
    <property name="env.ProgramData" value="C:\ProgramData" />
    <property name="env.ProgramFiles(x86)" value="C:\Program Files (x86)" />
    <property name="env.SESSIONNAME" value="Console" />
    <property name="test" value="AllTests" />
    <property name="env.RoxioCentral" value="C:\Program Files (x86)\Common Files\Roxio Shared\10.0\Roxio Central36\" />
    <property name="java.specification.vendor" value="Oracle Corporation" />
    <property name="java.library.path" value="C:\cs\Java\jdk1.8.0_101\jre\bin;C:\Windows\Sun\Java\bin;C:\Windows\system32;C:\Windows;C:\ProgramData\Oracle\Java\javapath;C:\cs\Ruby22-x64\bin;C:\cs\java\jdk1.8.0_101\bin;C:\Windows\system32;C:\Windows;C:\Windows\System32\Wbem;C:\Windows\System32\WindowsPowerShell\v1.0\;C:\Strawberry\c\bin;C:\Strawberry\perl\site\bin;C:\Strawberry\perl\bin;C:\Python35;C:\Python35\Scripts;C:\Python35\Library\bin;C:\cs\MiKTeX29\miktex\bin\;C:\cs\mysqlwb63ce;C:\cs\MySQLwb63ce\MySQLutilities\;C:\Program Files\TortoiseSVN\bin;C:\Program Files\Microsoft Network Monitor 3\;C:\Windows\system32\config\systemprofile\.dnx\bin;C:\Program Files\Microsoft DNX\Dnvm\;C:\Program Files (x86)\Windows Kits\8.1\Windows Performance Toolkit\;C:\Program Files\Microsoft SQL Server\120\Tools\Binn\;C:\Program Files\Microsoft SQL Server\130\Tools\Binn\;C:\Program Files (x86)\SMLNJ\bin\;C:\Program Files (x86)\Common Files\Roxio Shared\DLLShared\;C:\Program Files (x86)\Common Files\Roxio Shared\10.0\DLLShared\;C:\cs\sbt\\bin;C:\Windows\System32\WindowsPowerShell\v1.0\;C:\cs\ssh;." />
    <property name="java.vendor.url" value="http://java.oracle.com/" />
    <property name="env.NUMBER_OF_PROCESSORS" value="8" />
    <property name="env.USERDNSDOMAIN" value="TOWSON.EDU" />
    <property name="java.vm.vendor" value="Oracle Corporation" />
    <property name="java.runtime.name" value="Java(TM) SE Runtime Environment" />
    <property name="ant.version" value="Apache Ant(TM) version 1.9.6 compiled on June 29 2015" />
    <property name="sun.java.command" value="org.apache.tools.ant.taskdefs.optional.junit.JUnitTestRunner net.sf.freecol.AllTests skipNonTests=false filtertrace=true haltOnError=false haltOnFailure=false formatter=org.apache.tools.ant.taskdefs.optional.junit.SummaryJUnitResultFormatter showoutput=false outputtoformatters=true logfailedtests=true threadid=0 logtestlistenerevents=false formatter=org.apache.tools.ant.taskdefs.optional.junit.XMLJUnitResultFormatter,C:\cshome\sschei7\documents\FreeCol\COSC442-finalproject\FreeCol\build\report\xml\TEST-net.sf.freecol.AllTests.xml crashfile=C:\cshome\sschei7\documents\FreeCol\COSC442-finalproject\FreeCol\junitvmwatcher4091567631343213796.properties propsfile=C:\cshome\sschei7\documents\FreeCol\COSC442-finalproject\FreeCol\junit8615280308244490452.properties" />
    <property name="java.class.path" value="C:\cshome\sschei7\documents\FreeCol\COSC442-finalproject\FreeCol\build;C:\cshome\sschei7\documents\FreeCol\COSC442-finalproject\FreeCol\test\lib\junit.jar;C:\cshome\sschei7\documents\FreeCol\COSC442-finalproject\FreeCol\jars\miglayout-swing-4.2.jar;C:\cshome\sschei7\documents\FreeCol\COSC442-finalproject\FreeCol\jars\miglayout-core-4.2.jar;C:\cshome\sschei7\documents\FreeCol\COSC442-finalproject\FreeCol\jars\commons-cli-1.1.jar;C:\cshome\sschei7\documents\FreeCol\COSC442-finalproject\FreeCol\jars\cortado-0.6.0.jar;C:\cshome\sschei7\documents\FreeCol\COSC442-finalproject\FreeCol\jars\jogg-0.0.17.jar;C:\cshome\sschei7\documents\FreeCol\COSC442-finalproject\FreeCol\jars\jorbis-0.0.17.jar;C:\cs\eclipse\plugins\org.apache.ant_1.9.6.v201510161327\lib\ant-launcher.jar;C:\cs\eclipse\plugins\org.apache.ant_1.9.6.v201510161327\lib\ant.jar;C:\cs\eclipse\plugins\org.apache.ant_1.9.6.v201510161327\lib\ant-junit.jar;C:\cs\eclipse\plugins\org.apache.ant_1.9.6.v201510161327\lib\ant-junit4.jar" />
    <property name="TSTAMP" value="2006" />
    <property name="java.vm.specification.name" value="Java Virtual Machine Specification" />
    <property name="env.SMLNJ_HOME" value="C:\Program Files (x86)\SMLNJ\" />
    <property name="env.windir" value="C:\Windows" />
    <property name="env.LOGONSERVER" value="\\DC1-CDC" />
    <property name="env.PROCESSOR_ARCHITECTURE" value="x86" />
    <property name="java.vm.specification.version" value="1.8" />
    <property name="sun.os.patch.level" value="Service Pack 1" />
    <property name="sun.cpu.endian" value="little" />
    <property name="java.awt.headless" value="true" />
    <property name="env.ProgramFiles" value="C:\Program Files (x86)" />
    <property name="env.ANT_HOME" value="C:\cs\eclipse\plugins\org.apache.ant_1.9.6.v201510161327" />
    <property name="java.io.tmpdir" value="C:\Users\sschei7\AppData\Local\Temp\" />
    <property name="env.UATDATA" value="C:\Windows\CCM\UATData\D9F8C395-CAB8-491d-B8AC-179A1FE1BE77" />
    <property name="env.PROCESSOR_REVISION" value="3a09" />
    <property name="eclipse.pdebuild.home" value="/C:/cs/eclipse/plugins/org.eclipse.pde.build_3.9.200.v20160204-0642/./" />
    <property name="freecol.src.dir" value="C:\cshome\sschei7\documents\FreeCol\COSC442-finalproject\FreeCol/src" />
    <property name="env.CommonProgramFiles(x86)" value="C:\Program Files (x86)\Common Files" />
    <property name="java.vendor.url.bug" value="http://bugreport.sun.com/bugreport/" />
    <property name="env.SystemRoot" value="C:\Windows" />
    <property name="java.awt.graphicsenv" value="sun.awt.Win32GraphicsEnvironment" />
    <property name="os.arch" value="x86" />
    <property name="java.ext.dirs" value="C:\cs\Java\jdk1.8.0_101\jre\lib\ext;C:\Windows\Sun\Java\lib\ext" />
    <property name="user.dir" value="C:\cshome\sschei7\documents\FreeCol\COSC442-finalproject\FreeCol" />
    <property name="env.LOCALAPPDATA" value="C:\Users\sschei7\AppData\Local" />
    <property name="line.separator" value="&#xd;&#xa;" />
    <property name="java.vm.name" value="Java HotSpot(TM) Client VM" />
    <property name="env.PATHEXT" value=".COM;.EXE;.BAT;.CMD;.VBS;.VBE;.JS;.JSE;.WSF;.WSH;.MSC;.RB;.RBW" />
    <property name="env.Path" value="C:\ProgramData\Oracle\Java\javapath;C:\cs\Ruby22-x64\bin;C:\cs\java\jdk1.8.0_101\bin;C:\Windows\system32;C:\Windows;C:\Windows\System32\Wbem;C:\Windows\System32\WindowsPowerShell\v1.0\;C:\Strawberry\c\bin;C:\Strawberry\perl\site\bin;C:\Strawberry\perl\bin;C:\Python35;C:\Python35\Scripts;C:\Python35\Library\bin;C:\cs\MiKTeX29\miktex\bin\;C:\cs\mysqlwb63ce;C:\cs\MySQLwb63ce\MySQLutilities\;C:\Program Files\TortoiseSVN\bin;C:\Program Files\Microsoft Network Monitor 3\;C:\Windows\system32\config\systemprofile\.dnx\bin;C:\Program Files\Microsoft DNX\Dnvm\;C:\Program Files (x86)\Windows Kits\8.1\Windows Performance Toolkit\;C:\Program Files\Microsoft SQL Server\120\Tools\Binn\;C:\Program Files\Microsoft SQL Server\130\Tools\Binn\;C:\Program Files (x86)\SMLNJ\bin\;C:\Program Files (x86)\Common Files\Roxio Shared\DLLShared\;C:\Program Files (x86)\Common Files\Roxio Shared\10.0\DLLShared\;C:\cs\sbt\\bin;C:\Windows\System32\WindowsPowerShell\v1.0\;C:\cs\ssh" />
    <property name="basedir" value="C:\cshome\sschei7\documents\FreeCol\COSC442-finalproject\FreeCol" />
    <property name="ant.java.version" value="1.8" />
    <property name="ant.core.lib" value="C:\cs\eclipse\plugins\org.apache.ant_1.9.6.v201510161327\lib\ant.jar" />
    <property name="freecol.jar.file" value="C:\cshome\sschei7\documents\FreeCol\COSC442-finalproject\FreeCol/FreeCol.jar" />
    <property name="env.USERNAME" value="sschei7" />
    <property name="cli.jar" value="jars/commons-cli-1.1.jar" />
    <property name="env.SystemDrive" value="C:" />
    <property name="file.encoding" value="Cp1252" />
    <property name="freecol.data.dir" value="C:\cshome\sschei7\documents\FreeCol\COSC442-finalproject\FreeCol/data" />
    <property name="freecol.doc.dir" value="C:\cshome\sschei7\documents\FreeCol\COSC442-finalproject\FreeCol/doc" />
    <property name="env.USERDOMAIN" value="TOWSONU" />
    <property name="java.specification.version" value="1.8" />
    <property name="ant.project.invoked-targets" value="testall" />
    <property name="env.PROCESSOR_LEVEL" value="6" />
  </properties>
  <testcase classname="net.sf.freecol.common.i18n.CLDRTest" name="testRuleParsing" time="0.03" />
  <testcase classname="net.sf.freecol.common.i18n.CLDRTest" name="testPlurals" time="0.002" />
  <testcase classname="net.sf.freecol.common.i18n.MessagesTest" name="testReplaceArbitraryTag" time="0.013" />
  <testcase classname="net.sf.freecol.common.i18n.MessagesTest" name="testReplaceNumber" time="0.011" />
  <testcase classname="net.sf.freecol.common.i18n.MessagesTest" name="testReplaceChoicesGrammar" time="0.011" />
  <testcase classname="net.sf.freecol.common.i18n.MessagesTest" name="testMessageWithSpecialChars" time="0.01" />
  <testcase classname="net.sf.freecol.common.i18n.MessagesTest" name="testReplaceGarbage" time="0.011" />
  <testcase classname="net.sf.freecol.common.i18n.MessagesTest" name="testAbstractUnitDescription" time="0.008" />
  <testcase classname="net.sf.freecol.common.i18n.MessagesTest" name="testChangeLocaleSettings" time="0.036" />
  <testcase classname="net.sf.freecol.common.i18n.MessagesTest" name="testMessageString" time="0.01" />
  <testcase classname="net.sf.freecol.common.i18n.MessagesTest" name="testNestedChoices" time="0.011" />
  <testcase classname="net.sf.freecol.common.i18n.MessagesTest" name="testStringTemplates" time="0.166" />
  <testcase classname="net.sf.freecol.common.i18n.MessagesTest" name="testReplaceChoicesPlural" time="0.01" />
  <testcase classname="net.sf.freecol.common.i18n.MessagesTest" name="testUnitDescription" time="0.016" />
  <testcase classname="net.sf.freecol.common.i18n.MessagesTest" name="testREFMessages" time="0.009" />
  <testcase classname="net.sf.freecol.common.io.ModTest" name="testGetRuleSets" time="0.002" />
  <testcase classname="net.sf.freecol.common.io.ModTest" name="testGetAllMods" time="0.009" />
  <testcase classname="net.sf.freecol.common.option.OptionTest" name="testGameOptions" time="0.001" />
  <testcase classname="net.sf.freecol.common.option.OptionTest" name="testUnitListOption" time="0.0" />
  <testcase classname="net.sf.freecol.common.option.OptionTest" name="testInheritsEditable" time="0.0" />
  <testcase classname="net.sf.freecol.common.option.OptionTest" name="testCloneIntegerOption" time="0.001" />
  <testcase classname="net.sf.freecol.common.model.SpecificationTest" name="testExtendsDelete" time="0.063" />
  <testcase classname="net.sf.freecol.common.model.SpecificationTest" name="testLoadMods" time="0.029" />
  <testcase classname="net.sf.freecol.common.model.SpecificationTest" name="testExtends" time="0.049" />
  <testcase classname="net.sf.freecol.common.model.SpecificationTest" name="testModifiers" time="0.0" />
  <testcase classname="net.sf.freecol.common.model.SpecificationTest" name="testLoad" time="0.023" />
  <testcase classname="net.sf.freecol.common.model.SpecificationTest" name="testNationTypes" time="0.0" />
  <testcase classname="net.sf.freecol.common.model.SpecificationTest" name="testGetDefaultUnitType" time="0.001" />
  <testcase classname="net.sf.freecol.common.model.SpecificationTest" name="testGoodsTypes" time="0.0" />
  <testcase classname="net.sf.freecol.common.model.SpecificationTest" name="testFoundingFathers" time="0.0" />
  <testcase classname="net.sf.freecol.common.model.SpecificationTest" name="testRequiredAbilitiesForRoles" time="0.0" />
  <testcase classname="net.sf.freecol.common.model.SpecificationTest" name="testNations" time="0.0" />
  <testcase classname="net.sf.freecol.common.model.SpecificationTest" name="testUnitAbilities" time="0.0" />
  <testcase classname="net.sf.freecol.common.model.BaseCostDeciderTest" name="testNavalUnitMoveToTileWithSettlement" time="0.033" />
  <testcase classname="net.sf.freecol.common.model.BaseCostDeciderTest" name="testInvalidMoveThroughTileWithSettlement" time="0.004" />
  <testcase classname="net.sf.freecol.common.model.BaseCostDeciderTest" name="testGetRemainingMovesAndNewTurn" time="0.004" />
  <testcase classname="net.sf.freecol.common.model.BaseCostDeciderTest" name="testGetCostLandLand" time="0.003" />
  <testcase classname="net.sf.freecol.common.model.BaseCostDeciderTest" name="testInvalidMoveOfLandUnitToAnOceanTile" time="0.003" />
  <testcase classname="net.sf.freecol.common.model.BaseCostDeciderTest" name="testInvalidMoveOfNavalUnitToALandTile" time="0.003" />
  <testcase classname="net.sf.freecol.common.model.BuildingTest" name="testStockade" time="0.011" />
  <testcase classname="net.sf.freecol.common.model.BuildingTest" name="testCottonClothProduction" time="0.009" />
  <testcase classname="net.sf.freecol.common.model.BuildingTest" name="testPasture" time="0.008" />
  <testcase classname="net.sf.freecol.common.model.BuildingTest" name="testCanBuildNext" time="0.004" />
  <testcase classname="net.sf.freecol.common.model.BuildingTest" name="testFortRequiresMinimumPopulation" time="0.01" />
  <testcase classname="net.sf.freecol.common.model.BuildingTest" name="testUnitProduction" time="0.013" />
  <testcase classname="net.sf.freecol.common.model.BuildingTest" name="testPrintingPressBonus" time="0.011" />
  <testcase classname="net.sf.freecol.common.model.BuildingTest" name="testCanAddToBuilding" time="0.02" />
  <testcase classname="net.sf.freecol.common.model.BuildingTest" name="testToolsMusketProduction" time="0.021" />
  <testcase classname="net.sf.freecol.common.model.BuildingTest" name="testFortressRequiresMinimumPopulation" time="0.009" />
  <testcase classname="net.sf.freecol.common.model.BuildingTest" name="testSerialize" time="0.011" />
  <testcase classname="net.sf.freecol.common.model.BuildingTest" name="testTownhallProduction" time="0.011" />
  <testcase classname="net.sf.freecol.common.model.BuildingTest" name="testChurch" time="0.018" />
  <testcase classname="net.sf.freecol.common.model.BuildingTest" name="testInitialColony" time="0.004" />
  <testcase classname="net.sf.freecol.common.model.BuildingTest" name="testStockadeRequiresMinimumPopulation" time="0.006" />
  <testcase classname="net.sf.freecol.common.model.BuildingTest" name="testNewspaperBonus" time="0.008" />
  <testcase classname="net.sf.freecol.common.model.BuildingTest" name="testCanAddToSchool" time="0.01" />
  <testcase classname="net.sf.freecol.common.model.ColonyTest" name="testCopyColony" time="0.018" />
  <testcase classname="net.sf.freecol.common.model.ColonyTest" name="testFoundColony" time="0.006" />
  <testcase classname="net.sf.freecol.common.model.ColonyTest" name="testTeaParty" time="0.004" />
  <testcase classname="net.sf.freecol.common.model.ColonyTest" name="testAddUnitToColony" time="0.01" />
  <testcase classname="net.sf.freecol.common.model.ColonyTest" name="testCurrentlyBuilding" time="0.003" />
  <testcase classname="net.sf.freecol.common.model.ColonyTest" name="testBuildQueueDoesNotAcceptBuildingDoubles" time="0.003" />
  <testcase classname="net.sf.freecol.common.model.ColonyTest" name="testBuildQueueAcceptsUnitDoubles" time="0.003" />
  <testcase classname="net.sf.freecol.common.model.ColonyTest" name="testUpkeep" time="0.007" />
  <testcase classname="net.sf.freecol.common.model.ColonyTest" name="testUnderSiege" time="0.005" />
  <testcase classname="net.sf.freecol.common.model.ColonyTest" name="testOccupationWithFood" time="0.004" />
  <testcase classname="net.sf.freecol.common.model.ColonyProductionTest" name="testNoHorsesOverProduction" time="0.002" />
  <testcase classname="net.sf.freecol.common.model.ColonyProductionTest" name="testBellNetProduction" time="0.003" />
  <testcase classname="net.sf.freecol.common.model.ColonyProductionTest" name="testProductionMap" time="0.0" />
  <testcase classname="net.sf.freecol.common.model.ColonyProductionTest" name="testProductionSoldier" time="0.004" />
  <testcase classname="net.sf.freecol.common.model.ColonyProductionTest" name="testConsumers" time="0.004" />
  <testcase classname="net.sf.freecol.common.model.ColonyProductionTest" name="testProductionPioneer" time="0.004" />
  <testcase classname="net.sf.freecol.common.model.ColonyProductionTest" name="testProduction" time="0.004" />
  <testcase classname="net.sf.freecol.common.model.ColonyProductionTest" name="testGetPotentialProduction" time="0.004" />
  <testcase classname="net.sf.freecol.common.model.CombatTest" name="testCaptureConvert" time="0.227" />
  <testcase classname="net.sf.freecol.common.model.CombatTest" name="testGalleonAttackedByPrivateer" time="0.001" />
  <testcase classname="net.sf.freecol.common.model.CombatTest" name="testDefendColonyWithUnarmedColonist" time="0.005" />
  <testcase classname="net.sf.freecol.common.model.CombatTest" name="testRegulars" time="0.083" />
  <testcase classname="net.sf.freecol.common.model.CombatTest" name="testSpanishAgainstNatives" time="0.002" />
  <testcase classname="net.sf.freecol.common.model.CombatTest" name="testColonistAttackedByVeteran" time="0.001" />
  <testcase classname="net.sf.freecol.common.model.CombatTest" name="testAttackIgnoresMovementPoints" time="0.001" />
  <testcase classname="net.sf.freecol.common.model.CombatTest" name="testAttackShipWithLandUnit" time="0.002" />
  <testcase classname="net.sf.freecol.common.model.CombatTest" name="testDefendColonyWithRevere" time="0.002" />
  <testcase classname="net.sf.freecol.common.model.CombatTest" name="testDefendSettlement" time="0.001" />
  <testcase classname="net.sf.freecol.common.model.DisasterTest" name="testDisastersPresent" time="0.0" />
  <testcase classname="net.sf.freecol.common.model.EuropeTest" name="testMissionary" time="0.001" />
  <testcase classname="net.sf.freecol.common.model.FoundingFatherTest" name="testAddAllFathers" time="0.004" />
  <testcase classname="net.sf.freecol.common.model.FoundingFatherTest" name="testAvailableTo" time="0.002" />
  <testcase classname="net.sf.freecol.common.model.FoundingFatherTest" name="testFeatures" time="0.0" />
  <testcase classname="net.sf.freecol.common.model.FoundingFatherTest" name="testBellsRequired" time="0.001" />
  <testcase classname="net.sf.freecol.common.model.GameTest" name="testGame" time="0.001" />
  <testcase classname="net.sf.freecol.common.model.GameTest" name="testTurn" time="0.0" />
  <testcase classname="net.sf.freecol.common.model.GameTest" name="testAddPlayer" time="0.0" />
  <testcase classname="net.sf.freecol.common.model.GoodsTest" name="testGetTakeSpace" time="0.002" />
  <testcase classname="net.sf.freecol.common.model.GoodsTest" name="testGetInputType" time="0.0" />
  <testcase classname="net.sf.freecol.common.model.GoodsTest" name="testSetGetAmount" time="0.001" />
  <testcase classname="net.sf.freecol.common.model.GoodsTest" name="testGoodsGameLocationIntInt" time="0.001" />
  <testcase classname="net.sf.freecol.common.model.GoodsTest" name="testToString" time="0.011" />
  <testcase classname="net.sf.freecol.common.model.GoodsTest" name="testBuildingMaterials" time="0.0" />
  <testcase classname="net.sf.freecol.common.model.GoodsTest" name="testIsFarmedGoods" time="0.0" />
  <testcase classname="net.sf.freecol.common.model.GoodsTest" name="testGetName" time="0.001" />
  <testcase classname="net.sf.freecol.common.model.GoodsTest" name="testSerialize" time="0.021" />
  <testcase classname="net.sf.freecol.common.model.GoodsTest" name="testGetOutputType" time="0.0" />
  <testcase classname="net.sf.freecol.common.model.GoodsTest" name="testMilitaryGoods" time="0.0" />
  <testcase classname="net.sf.freecol.common.model.GoodsTest" name="testTradeGoods" time="0.0" />
  <testcase classname="net.sf.freecol.common.model.GoodsTest" name="testProductionChain" time="0.0" />
  <testcase classname="net.sf.freecol.common.model.GoodsTest" name="testAdjustAmount" time="0.002" />
  <testcase classname="net.sf.freecol.common.model.GoodsTest" name="testSetOwner" time="0.0" />
  <testcase classname="net.sf.freecol.common.model.GoodsContainerTest" name="testContainer" time="0.002" />
  <testcase classname="net.sf.freecol.common.model.IndianSettlementTest" name="testAutomaticEquipBraves" time="0.001" />
  <testcase classname="net.sf.freecol.common.model.IndianSettlementTest" name="testSettlementDoesNotOwnWaterTiles" time="0.019" />
  <testcase classname="net.sf.freecol.common.model.IndianSettlementTest" name="testTradeGoodsWithSetlement" time="0.001" />
  <testcase classname="net.sf.freecol.common.model.IndividualFatherTest" name="testPaine" time="0.004" />
  <testcase classname="net.sf.freecol.common.model.IndividualFatherTest" name="testBolivar" time="0.003" />
  <testcase classname="net.sf.freecol.common.model.IndividualFatherTest" name="testBrebeuf" time="0.001" />
  <testcase classname="net.sf.freecol.common.model.IndividualFatherTest" name="testStuyvesant" time="0.004" />
  <testcase classname="net.sf.freecol.common.model.IndividualFatherTest" name="testBrewster" time="0.001" />
  <testcase classname="net.sf.freecol.common.model.IndividualFatherTest" name="testCortes" time="0.003" />
  <testcase classname="net.sf.freecol.common.model.IndividualFatherTest" name="testDeWitt" time="0.001" />
  <testcase classname="net.sf.freecol.common.model.IndividualFatherTest" name="testJefferson" time="0.005" />
  <testcase classname="net.sf.freecol.common.model.IndividualFatherTest" name="testMinuit" time="0.002" />
  <testcase classname="net.sf.freecol.common.model.IndividualFatherTest" name="testRevere" time="0.001" />
  <testcase classname="net.sf.freecol.common.model.IndividualFatherTest" name="testDeLasCasas" time="0.003" />
  <testcase classname="net.sf.freecol.common.model.LimitTest" name="testSuccessionLimits" time="0.002" />
  <testcase classname="net.sf.freecol.common.model.LimitTest" name="testWagonTrainLimit" time="0.006" />
  <testcase classname="net.sf.freecol.common.model.LimitTest" name="testOperand" time="0.0" />
  <testcase classname="net.sf.freecol.common.model.LimitTest" name="testIndependenceLimits" time="0.002" />
  <testcase classname="net.sf.freecol.common.model.MapTest" name="testSearchForColony" time="0.02" />
  <testcase classname="net.sf.freecol.common.model.MapTest" name="testCopy" time="0.008" />
  <testcase classname="net.sf.freecol.common.model.MapTest" name="testNoPathAvailableDueToUnitInTheWay" time="0.001" />
  <testcase classname="net.sf.freecol.common.model.MapTest" name="testGetAllTiles" time="0.002" />
  <testcase classname="net.sf.freecol.common.model.MapTest" name="testGetSurroundingTiles" time="0.001" />
  <testcase classname="net.sf.freecol.common.model.MapTest" name="testMapGameInt" time="0.001" />
  <testcase classname="net.sf.freecol.common.model.MapTest" name="testLatitude" time="0.0" />
  <testcase classname="net.sf.freecol.common.model.MapTest" name="testRandomDirection" time="0.001" />
  <testcase classname="net.sf.freecol.common.model.MapTest" name="testShortestPathObstructed" time="0.001" />
  <testcase classname="net.sf.freecol.common.model.MapTest" name="testFindPath" time="0.036" />
  <testcase classname="net.sf.freecol.common.model.MapTest" name="testMoveThroughTileWithEnemyUnit" time="0.001" />
  <testcase classname="net.sf.freecol.common.model.MapTest" name="testNoPathAvailableDueToColonyInTheWay" time="0.001" />
  <testcase classname="net.sf.freecol.common.model.MapTest" name="testNoPathAvailableDueToCampInTheWay" time="0.001" />
  <testcase classname="net.sf.freecol.common.model.MapTest" name="testGetReverseDirection" time="0.0" />
  <testcase classname="net.sf.freecol.common.model.MarketTest" name="testSerialization" time="0.0" />
  <testcase classname="net.sf.freecol.common.model.MarketTest" name="testTransactionListeners" time="0.0" />
  <testcase classname="net.sf.freecol.common.model.MarketTest" name="testInitialMarket" time="0.001" />
  <testcase classname="net.sf.freecol.common.model.ModelMessageTest" name="testDefaultId" time="0.003" />
  <testcase classname="net.sf.freecol.common.model.ModelMessageTest" name="testHashCode" time="0.002" />
  <testcase classname="net.sf.freecol.common.model.ModelMessageTest" name="testModelMapSet2" time="0.002" />
  <testcase classname="net.sf.freecol.common.model.ModifierTest" name="testScope" time="0.0" />
  <testcase classname="net.sf.freecol.common.model.ModifierTest" name="testCombinedModifier" time="0.0" />
  <testcase classname="net.sf.freecol.common.model.ModifierTest" name="testPercentageModifier" time="0.0" />
  <testcase classname="net.sf.freecol.common.model.ModifierTest" name="testHashEquals" time="0.0" />
  <testcase classname="net.sf.freecol.common.model.ModifierTest" name="testAdditiveModifier" time="0.0" />
  <testcase classname="net.sf.freecol.common.model.ModifierTest" name="testTimeLimits" time="0.0" />
  <testcase classname="net.sf.freecol.common.model.ModifierTest" name="testCombinePercentageModifiers" time="0.0" />
  <testcase classname="net.sf.freecol.common.model.ModifierTest" name="testModifierUnknown" time="0.0" />
  <testcase classname="net.sf.freecol.common.model.ModifierTest" name="testCombineMultiplicativeModifiers" time="0.0" />
  <testcase classname="net.sf.freecol.common.model.ModifierTest" name="testMultiplicativeModifier" time="0.0" />
  <testcase classname="net.sf.freecol.common.model.ModifierTest" name="testIncrements" time="0.0" />
  <testcase classname="net.sf.freecol.common.model.ModifierTest" name="testCombineAdditiveModifiers" time="0.0" />
  <testcase classname="net.sf.freecol.common.model.MonarchTest" name="testTaxActionChoices" time="0.003" />
  <testcase classname="net.sf.freecol.common.model.MonarchTest" name="testSerialize" time="0.001" />
  <testcase classname="net.sf.freecol.common.model.MovementTest" name="testMoveAlongRoad" time="0.001" />
  <testcase classname="net.sf.freecol.common.model.MovementTest" name="testMoveAlongRiver" time="0.004" />
  <testcase classname="net.sf.freecol.common.model.MovementTest" name="testMoveFromPlainsToHills" time="0.001" />
  <testcase classname="net.sf.freecol.common.model.MovementTest" name="testMoveFromPlainsToPlains" time="0.0" />
  <testcase classname="net.sf.freecol.common.model.MovementTest" name="testScoutIndianSettlement" time="0.001" />
  <testcase classname="net.sf.freecol.common.model.MovementTest" name="testScoutColony" time="0.002" />
  <testcase classname="net.sf.freecol.common.model.NationTypeTest" name="testSettlementType" time="0.0" />
  <testcase classname="net.sf.freecol.common.model.NationTypeTest" name="testIsREF" time="0.0" />
  <testcase classname="net.sf.freecol.common.model.NationTypeTest" name="testisRef" time="0.0" />
  <testcase classname="net.sf.freecol.common.model.NationTypeTest" name="testAdvantagesThatOnlyApplyToPersons" time="0.001" />
  <testcase classname="net.sf.freecol.common.model.NationTypeTest" name="testHasType" time="0.0" />
  <testcase classname="net.sf.freecol.common.model.NationTypeTest" name="testStartingUnits" time="0.001" />
  <testcase classname="net.sf.freecol.common.model.PlayerTest" name="testAddAnotherPlayersUnit" time="0.003" />
  <testcase classname="net.sf.freecol.common.model.PlayerTest" name="testFreecolPlayers" time="0.002" />
  <testcase classname="net.sf.freecol.common.model.PlayerTest" name="testTension" time="0.001" />
  <testcase classname="net.sf.freecol.common.model.PlayerTest" name="testUnits" time="0.001" />
  <testcase classname="net.sf.freecol.common.model.PlayerTest" name="testClassicPlayers" time="0.001" />
  <testcase classname="net.sf.freecol.common.model.ProductionTypeTest" name="testOtherBuildings" time="0.0" />
  <testcase classname="net.sf.freecol.common.model.ProductionTypeTest" name="testRainForest" time="0.0" />
  <testcase classname="net.sf.freecol.common.model.ProductionTypeTest" name="testHorseProduction" time="0.0" />
  <testcase classname="net.sf.freecol.common.model.ProductionTypeTest" name="testSavannah" time="0.0" />
  <testcase classname="net.sf.freecol.common.model.ProductionTypeTest" name="testHills" time="0.0" />
  <testcase classname="net.sf.freecol.common.model.ProductionTypeTest" name="testMarsh" time="0.0" />
  <testcase classname="net.sf.freecol.common.model.ProductionTypeTest" name="testOcean" time="0.0" />
  <testcase classname="net.sf.freecol.common.model.ProductionTypeTest" name="testSwamp" time="0.0" />
  <testcase classname="net.sf.freecol.common.model.ProductionTypeTest" name="testCoatProduction" time="0.0" />
  <testcase classname="net.sf.freecol.common.model.ProductionTypeTest" name="testLake" time="0.0" />
  <testcase classname="net.sf.freecol.common.model.ProductionTypeTest" name="testHighSeas" time="0.0" />
  <testcase classname="net.sf.freecol.common.model.ProductionTypeTest" name="testPrairie" time="0.0" />
  <testcase classname="net.sf.freecol.common.model.ProductionTypeTest" name="testWetlandForest" time="0.0" />
  <testcase classname="net.sf.freecol.common.model.ProductionTypeTest" name="testGrassland" time="0.0" />
  <testcase classname="net.sf.freecol.common.model.ProductionTypeTest" name="testBroadleafForest" time="0.0" />
  <testcase classname="net.sf.freecol.common.model.ProductionTypeTest" name="testCrossProduction" time="0.0" />
  <testcase classname="net.sf.freecol.common.model.ProductionTypeTest" name="testGreatRiver" time="0.0" />
  <testcase classname="net.sf.freecol.common.model.ProductionTypeTest" name="testToolsProduction" time="0.0" />
  <testcase classname="net.sf.freecol.common.model.ProductionTypeTest" name="testMixedForest" time="0.0" />
  <testcase classname="net.sf.freecol.common.model.ProductionTypeTest" name="testBorealForest" time="0.0" />
  <testcase classname="net.sf.freecol.common.model.ProductionTypeTest" name="testBellProduction" time="0.0" />
  <testcase classname="net.sf.freecol.common.model.ProductionTypeTest" name="testClothProduction" time="0.0" />
  <testcase classname="net.sf.freecol.common.model.ProductionTypeTest" name="testMountains" time="0.0" />
  <testcase classname="net.sf.freecol.common.model.ProductionTypeTest" name="testArctic" time="0.0" />
  <testcase classname="net.sf.freecol.common.model.ProductionTypeTest" name="testConiferForest" time="0.0" />
  <testcase classname="net.sf.freecol.common.model.ProductionTypeTest" name="testDesert" time="0.0" />
  <testcase classname="net.sf.freecol.common.model.ProductionTypeTest" name="testHammerProduction" time="0.001" />
  <testcase classname="net.sf.freecol.common.model.ProductionTypeTest" name="testPlains" time="0.0" />
  <testcase classname="net.sf.freecol.common.model.ProductionTypeTest" name="testMusketProduction" time="0.0" />
  <testcase classname="net.sf.freecol.common.model.ProductionTypeTest" name="testCigarProduction" time="0.0" />
  <testcase classname="net.sf.freecol.common.model.ProductionTypeTest" name="testTundra" time="0.0" />
  <testcase classname="net.sf.freecol.common.model.ProductionTypeTest" name="testRumProduction" time="0.0" />
  <testcase classname="net.sf.freecol.common.model.ProductionTypeTest" name="testTropicalForest" time="0.0" />
  <testcase classname="net.sf.freecol.common.model.ProductionTypeTest" name="testScrubForest" time="0.0" />
  <testcase classname="net.sf.freecol.common.model.RandomRangeTest" name="testRandomRange" time="0.0" />
  <testcase classname="net.sf.freecol.common.model.RoleTest" name="testRoleComparator" time="0.0" />
  <testcase classname="net.sf.freecol.common.model.RoleTest" name="testMilitaryRoles" time="0.001" />
  <testcase classname="net.sf.freecol.common.model.RoleTest" name="testGoodsDifference" time="0.0" />
  <testcase classname="net.sf.freecol.common.model.RoleTest" name="testCompatibleRoles" time="0.0" />
  <testcase classname="net.sf.freecol.common.model.RoleTest" name="testGetRoleWithAbility" time="0.0" />
  <testcase classname="net.sf.freecol.common.model.SchoolTest" name="testEducationOption" time="0.006" />
  <testcase classname="net.sf.freecol.common.model.SchoolTest" name="testChangeTeachers" time="0.003" />
  <testcase classname="net.sf.freecol.common.model.SchoolTest" name="testUpgrades" time="0.0" />
  <testcase classname="net.sf.freecol.common.model.ScopeTest" name="testEmptyScope" time="0.0" />
  <testcase classname="net.sf.freecol.common.model.ScopeTest" name="testMethodScope" time="0.0" />
  <testcase classname="net.sf.freecol.common.model.ScopeTest" name="testCombinedScope" time="0.0" />
  <testcase classname="net.sf.freecol.common.model.ScopeTest" name="testTypeScope" time="0.0" />
  <testcase classname="net.sf.freecol.common.model.ScopeTest" name="testAbilityScope" time="0.0" />
  <testcase classname="net.sf.freecol.common.model.ScopeTest" name="testEquality" time="0.0" />
  <testcase classname="net.sf.freecol.common.model.ScopeTest" name="testMatchesNull" time="0.0" />
  <testcase classname="net.sf.freecol.common.model.ScopeTest" name="testGameObjects" time="0.0" />
  <testcase classname="net.sf.freecol.common.model.SerializationTest" name="testMapAmerica" time="0.331" />
  <testcase classname="net.sf.freecol.common.model.SerializationTest" name="testSpecification" time="0.051" />
  <testcase classname="net.sf.freecol.common.model.SerializationTest" name="testValidation" time="0.13" />
  <testcase classname="net.sf.freecol.common.model.SerializationTest" name="testStringTemplate" time="0.004" />
  <testcase classname="net.sf.freecol.common.model.SerializationTest" name="testMapAfrica" time="0.124" />
  <testcase classname="net.sf.freecol.common.model.SerializationTest" name="testMapCaribbean" time="0.063" />
  <testcase classname="net.sf.freecol.common.model.SerializationTest" name="testDifficulty" time="0.052" />
  <testcase classname="net.sf.freecol.common.model.SerializationTest" name="testGeneratedLists" time="0.031" />
  <testcase classname="net.sf.freecol.common.model.SerializationTest" name="testMapAustralia" time="0.085" />
  <testcase classname="net.sf.freecol.common.model.SettlementTest" name="testColonyClaimsWater" time="0.001" />
  <testcase classname="net.sf.freecol.common.model.SettlementTest" name="testLineOfSight" time="0.001" />
  <testcase classname="net.sf.freecol.common.model.SettlementTest" name="testSettlementRadius" time="0.002" />
  <testcase classname="net.sf.freecol.common.model.SettlementTest" name="testCanImproveUnitMilitaryRole" time="0.005" />
  <testcase classname="net.sf.freecol.common.model.SettlementTest" name="testSettlementDoesNotClaimWater" time="0.001" />
  <testcase classname="net.sf.freecol.common.model.SettlementTest" name="testColonyRadius" time="0.001" />
  <testcase classname="net.sf.freecol.common.model.SoLTest" name="testSoL" time="0.005" />
  <testcase classname="net.sf.freecol.common.model.TileImprovementTest" name="testRiverWithExtras" time="0.0" />
  <testcase classname="net.sf.freecol.common.model.TileImprovementTest" name="testRiverNoExtras" time="0.0" />
  <testcase classname="net.sf.freecol.common.model.TileImprovementTest" name="testAllFrills" time="0.0" />
  <testcase classname="net.sf.freecol.common.model.TileImprovementTest" name="testOldStyle" time="0.0" />
  <testcase classname="net.sf.freecol.common.model.TileImprovementTest" name="testEquality" time="0.0" />
  <testcase classname="net.sf.freecol.common.model.TileItemContainerTest" name="testCopyFromWithEveryThing" time="0.001" />
  <testcase classname="net.sf.freecol.common.model.TileTest" name="testTileTypeChangeProduction" time="0.0" />
  <testcase classname="net.sf.freecol.common.model.TileTest" name="testDefenceModifiers" time="0.0" />
  <testcase classname="net.sf.freecol.common.model.TileTest" name="testPrimarySecondaryGoods" time="0.005" />
  <testcase classname="net.sf.freecol.common.model.TileTest" name="testPotential" time="0.001" />
  <testcase classname="net.sf.freecol.common.model.TileTest" name="testCopy" time="0.002" />
  <testcase classname="net.sf.freecol.common.model.TileTest" name="testImprovements" time="0.001" />
  <testcase classname="net.sf.freecol.common.model.TileTest" name="testMinerals" time="0.002" />
  <testcase classname="net.sf.freecol.common.model.TileTest" name="testMaximumPotential" time="0.001" />
  <testcase classname="net.sf.freecol.common.model.TileTest" name="testIsTileTypeAllowed" time="0.0" />
  <testcase classname="net.sf.freecol.common.model.TileTest" name="testGetWorkAmount" time="0.001" />
  <testcase classname="net.sf.freecol.common.model.TileTest" name="testGetBestDisembarkTile" time="0.003" />
  <testcase classname="net.sf.freecol.common.model.TileTest" name="testColonyImprovements" time="0.001" />
  <testcase classname="net.sf.freecol.common.model.TileTest" name="testConiferForest" time="0.006" />
  <testcase classname="net.sf.freecol.common.model.TileTest" name="testProductionModifiers" time="0.002" />
  <testcase classname="net.sf.freecol.common.model.TileTest" name="testZIndex" time="0.0" />
  <testcase classname="net.sf.freecol.common.model.TradeRouteTest" name="testTradeRoute" time="0.007" />
  <testcase classname="net.sf.freecol.common.model.UnitTest" name="testIsColonist" time="0.002" />
  <testcase classname="net.sf.freecol.common.model.UnitTest" name="testElement" time="0.003" />
  <testcase classname="net.sf.freecol.common.model.UnitTest" name="testUnitLosesExperienceWithRoleChange" time="0.0" />
  <testcase classname="net.sf.freecol.common.model.UnitTest" name="testUnitAvailability" time="0.0" />
  <testcase classname="net.sf.freecol.common.model.UnitTest" name="testOwnerChange" time="0.001" />
  <testcase classname="net.sf.freecol.common.model.UnitTest" name="testIndianDies" time="0.001" />
  <testcase classname="net.sf.freecol.common.model.UnitTest" name="testGetMovesAsString" time="0.001" />
  <testcase classname="net.sf.freecol.common.model.UnitTest" name="testCopy" time="0.002" />
  <testcase classname="net.sf.freecol.common.model.UnitTest" name="testDefaultRole" time="0.0" />
  <testcase classname="net.sf.freecol.common.model.UnitTest" name="testMissionary" time="0.003" />
  <testcase classname="net.sf.freecol.common.model.UnitTest" name="testUnitCanBuildColony" time="0.001" />
  <testcase classname="net.sf.freecol.common.model.UnitTest" name="testCarrierOwnerChange" time="0.001" />
  <testcase classname="net.sf.freecol.common.model.UnitTest" name="testTreasureTransportFee" time="0.001" />
  <testcase classname="net.sf.freecol.common.model.UnitTest" name="testFailedAddGoods" time="0.002" />
  <testcase classname="net.sf.freecol.common.model.UnitTest" name="testGetLineOfSight" time="0.001" />
  <testcase classname="net.sf.freecol.common.model.UnitTest" name="testCanAdd" time="0.001" />
  <testcase classname="net.sf.freecol.common.model.UnitTest" name="testUnitLocationAfterBuildingColony" time="0.002" />
  <testcase classname="net.sf.freecol.common.model.UnitTypeChangeTest" name="testEmptyScope" time="0.001" />
  <testcase classname="net.sf.freecol.common.model.UnitTypeChangeTest" name="testCreation" time="0.0" />
  <testcase classname="net.sf.freecol.common.model.UnitTypeChangeTest" name="testAbilityScope" time="0.0" />
  <testcase classname="net.sf.freecol.common.model.UnitTypeChangeTest" name="testEquality" time="0.0" />
  <testcase classname="net.sf.freecol.common.utils.UtilsTest" name="testComparator" time="0.001" />
  <testcase classname="net.sf.freecol.common.utils.UtilsTest" name="testGetPermutations" time="0.001" />
  <testcase classname="net.sf.freecol.common.sound.SoundTest" name="testSound" time="0.371" />
  <testcase classname="net.sf.freecol.common.sound.SoundTest" name="testClassic" time="3.245" />
  <testcase classname="net.sf.freecol.server.SaveLoadTest" name="testDelayedLoading" time="0.422" />
  <testcase classname="net.sf.freecol.server.SaveLoadTest" name="testImmediateLoading" time="0.336" />
  <testcase classname="net.sf.freecol.server.SaveLoadTest" name="testImport" time="0.47" />
  <testcase classname="net.sf.freecol.server.ai.AIColonyTest" name="testBuildersAllocation" time="0.123" />
  <testcase classname="net.sf.freecol.server.ai.AIColonyTest" name="testBestDefender" time="0.05" />
  <testcase classname="net.sf.freecol.server.ai.AIColonyTest" name="testBuildersAllocNoRawMatTiles" time="0.108" />
  <testcase classname="net.sf.freecol.server.ai.AIColonyTest" name="testExpertAllocColonyHasEnoughRawMat" time="0.057" />
  <testcase classname="net.sf.freecol.server.ai.ContactTest" name="testNativeMeetsEuropean" time="0.056" />
  <testcase classname="net.sf.freecol.server.ai.ContactTest" name="testNativeMeetsColony" time="0.055" />
  <testcase classname="net.sf.freecol.server.ai.ContactTest" name="testShipMeetsShip" time="0.05" />
  <testcase classname="net.sf.freecol.server.ai.ContactTest" name="testNativeMeetsNative" time="0.049" />
  <testcase classname="net.sf.freecol.server.ai.ContactTest" name="testNativeMeetsIndianSettlement" time="0.05" />
  <testcase classname="net.sf.freecol.server.ai.ContactTest" name="testEuropeanMeetsIndianSettlement" time="0.049" />
  <testcase classname="net.sf.freecol.server.ai.ContactTest" name="testEuropeanMeetsNative" time="0.058" />
  <testcase classname="net.sf.freecol.server.ai.ColonyPlanTest" name="testGetBestWorker" time="0.071" />
  <testcase classname="net.sf.freecol.server.ai.ColonyPlanTest" name="testBestImprovements" time="0.002" />
  <testcase classname="net.sf.freecol.server.ai.ColonyPlanTest" name="testNoBuildRawMatTiles" time="0.052" />
  <testcase classname="net.sf.freecol.server.ai.ColonyPlanTest" name="testReqLumberAndHammersForBuild" time="0.047" />
  <testcase classname="net.sf.freecol.server.ai.ColonyPlanTest" name="testReqOreAndToolsWithEnoughHammersForBuild" time="0.047" />
  <testcase classname="net.sf.freecol.server.ai.MissionAssignmentTest" name="testIsTargetValidForSeekAndDestroy" time="0.042" />
  <testcase classname="net.sf.freecol.server.ai.MissionAssignmentTest" name="testImpossibleConditionsForTargetSelection" time="0.041" />
  <testcase classname="net.sf.freecol.server.ai.MissionAssignmentTest" name="testSecureIndianSettlementMissionIgnoreNavalThreat" time="0.058" />
  <testcase classname="net.sf.freecol.server.ai.MissionAssignmentTest" name="testSecureIndianSettlementMission" time="0.044" />
  <testcase classname="net.sf.freecol.server.ai.MissionAssignmentTest" name="testAssignDefendSettlementMission" time="0.042" />
  <testcase classname="net.sf.freecol.server.ai.REFTest" name="testCreateREFPlayer" time="0.05" />
  <testcase classname="net.sf.freecol.server.ai.StandardAIPlayerTest" name="testEquipBravesNotEnoughReqGoods" time="0.044" />
  <testcase classname="net.sf.freecol.server.ai.StandardAIPlayerTest" name="testEquipBraves" time="0.043" />
  <testcase classname="net.sf.freecol.server.ai.TensionTest" name="testTension" time="0.051" />
  <testcase classname="net.sf.freecol.server.ai.mission.PioneeringMissionTest" name="testImprovementNoLongerValid" time="0.062" />
  <testcase classname="net.sf.freecol.server.ai.mission.PrivateerMissionTest" name="testIsMissionValid" time="0.046" />
  <testcase classname="net.sf.freecol.server.ai.mission.ScoutingMissionTest" name="testHorsesLost" time="0.045" />
  <testcase classname="net.sf.freecol.server.ai.mission.TransportMissionTest" name="testGetNextStopAlreadyAtDestination" time="0.05" />
  <testcase classname="net.sf.freecol.server.ai.mission.TransportMissionTest" name="testGetDefaultDestination" time="0.051" />
  <testcase classname="net.sf.freecol.server.ai.mission.TransportMissionTest" name="testWagonTrain" time="0.052" />
  <testcase classname="net.sf.freecol.server.ai.mission.TransportMissionTest" name="testGetNextStopIsColony" time="0.048" />
  <testcase classname="net.sf.freecol.server.ai.mission.TransportMissionTest" name="testGetNextStopIsEurope" time="0.056" />
  <testcase classname="net.sf.freecol.server.ai.mission.TransportMissionTest" name="testTransportMissionInvalidAfterCombatLost" time="0.06" />
  <testcase classname="net.sf.freecol.server.ai.mission.UnitSeekAndDestroyMissionTest" name="testCapturedUnitsLoseMission" time="0.039" />
  <testcase classname="net.sf.freecol.server.ai.mission.UnitSeekAndDestroyMissionTest" name="testDoNotPursueUnitsInColonies" time="0.039" />
  <testcase classname="net.sf.freecol.server.control.InGameControllerTest" name="testWarDeclarationAffectsSettlementAlarm" time="0.048" />
  <testcase classname="net.sf.freecol.server.control.InGameControllerTest" name="testArtilleryDemotedBySoldier" time="0.05" />
  <testcase classname="net.sf.freecol.server.control.InGameControllerTest" name="testPeaceTreatyFromWarStance" time="0.045" />
  <testcase classname="net.sf.freecol.server.control.InGameControllerTest" name="testScoutDiesNotLosesEquipment" time="0.046" />
  <testcase classname="net.sf.freecol.server.control.InGameControllerTest" name="testDragoonDemotedByBrave" time="0.056" />
  <testcase classname="net.sf.freecol.server.control.InGameControllerTest" name="testCeaseFireTreaty" time="0.042" />
  <testcase classname="net.sf.freecol.server.control.InGameControllerTest" name="testDeclarationOfWarFromPeace" time="0.043" />
  <testcase classname="net.sf.freecol.server.control.InGameControllerTest" name="testAttackColonyWithVeteran" time="0.069" />
  <testcase classname="net.sf.freecol.server.control.InGameControllerTest" name="testDragoonDemotedBySoldier" time="0.054" />
  <testcase classname="net.sf.freecol.server.control.InGameControllerTest" name="testAddFatherUnits" time="0.04" />
  <testcase classname="net.sf.freecol.server.control.InGameControllerTest" name="testDumpGoods" time="0.041" />
  <testcase classname="net.sf.freecol.server.control.InGameControllerTest" name="testAtackedNavalUnitIsDamaged" time="0.049" />
  <testcase classname="net.sf.freecol.server.control.InGameControllerTest" name="testLaSalle" time="0.045" />
  <testcase classname="net.sf.freecol.server.control.InGameControllerTest" name="testPocahontas" time="0.05" />
  <testcase classname="net.sf.freecol.server.control.InGameControllerTest" name="testPioneerDiesNotLosesEquipment" time="0.044" />
  <testcase classname="net.sf.freecol.server.control.InGameControllerTest" name="testPromotion" time="0.06" />
  <testcase classname="net.sf.freecol.server.control.InGameControllerTest" name="testClearSpecialty" time="0.04" />
  <testcase classname="net.sf.freecol.server.control.InGameControllerTest" name="testPeaceTreatyFromCeaseFireStance" time="0.043" />
  <testcase classname="net.sf.freecol.server.control.InGameControllerTest" name="testUnitLosesExperienceWithWorkChange" time="0.043" />
  <testcase classname="net.sf.freecol.server.control.InGameControllerTest" name="testEquipIndianNotEnoughReqGoods" time="0.04" />
  <testcase classname="net.sf.freecol.server.control.InGameControllerTest" name="testCashInTreasure" time="0.05" />
  <testcase classname="net.sf.freecol.server.control.InGameControllerTest" name="testAddFatherUpgrades" time="0.086" />
  <testcase classname="net.sf.freecol.server.control.InGameControllerTest" name="testUnitTypeChangeOnEnterColony" time="0.044" />
  <testcase classname="net.sf.freecol.server.control.InGameControllerTest" name="testSoldierDemotedBySoldier" time="0.048" />
  <testcase classname="net.sf.freecol.server.control.InGameControllerTest" name="testUnarmedAttack" time="0.058" />
  <testcase classname="net.sf.freecol.server.control.InGameControllerTest" name="testCarpenterHouseNationalAdvantage" time="0.049" />
  <testcase classname="net.sf.freecol.server.control.InGameControllerTest" name="testCreateMission" time="0.052" />
  <testcase classname="net.sf.freecol.server.control.InGameControllerTest" name="testDoAssignedWorkAmateurAndHardyPioneer" time="2.097" />
  <testcase classname="net.sf.freecol.server.control.InGameControllerTest" name="testEmbark" time="0.043" />
  <testcase classname="net.sf.freecol.server.control.InGameControllerTest" name="testVeteranSoldierDemotedBySoldier" time="0.048" />
  <testcase classname="net.sf.freecol.server.control.InGameControllerTest" name="testLoseColonyDefenceWithRevere" time="0.048" />
  <testcase classname="net.sf.freecol.server.control.InGameControllerTest" name="testBuildingBonus" time="0.046" />
  <testcase classname="net.sf.freecol.server.control.InGameControllerTest" name="testColonistDemotedBySoldier" time="0.047" />
  <testcase classname="net.sf.freecol.server.control.InGameControllerTest" name="testScoutDefeatedBySoldier" time="0.044" />
  <testcase classname="net.sf.freecol.server.control.InGameControllerTest" name="testAddFatherBuildingEvent" time="0.042" />
  <testcase classname="net.sf.freecol.server.control.InGameControllerTest" name="testAttackColonyWithBrave" time="0.103" />
  <testcase classname="net.sf.freecol.server.control.InGameControllerTest" name="testEquipIndian" time="0.039" />
  <testcase classname="net.sf.freecol.server.model.ServerBuildingTest" name="testMoveTeacherOutside" time="0.05" />
  <testcase classname="net.sf.freecol.server.model.ServerBuildingTest" name="testTeacherStoresProgress" time="0.046" />
  <testcase classname="net.sf.freecol.server.model.ServerBuildingTest" name="testCaseTwoTeachersWithDifferentExp" time="0.045" />
  <testcase classname="net.sf.freecol.server.model.ServerBuildingTest" name="testMoveTeacherInside" time="0.045" />
  <testcase classname="net.sf.freecol.server.model.ServerBuildingTest" name="testConcurrentUpgrade" time="0.043" />
  <testcase classname="net.sf.freecol.server.model.ServerBuildingTest" name="testTeachingOrder" time="0.045" />
  <testcase classname="net.sf.freecol.server.model.ServerBuildingTest" name="testTeachPettyCriminalsByMaster" time="0.041" />
  <testcase classname="net.sf.freecol.server.model.ServerBuildingTest" name="testTeachingDoublePromotion" time="0.045" />
  <testcase classname="net.sf.freecol.server.model.ServerBuildingTest" name="testUniversity" time="0.044" />
  <testcase classname="net.sf.freecol.server.model.ServerBuildingTest" name="testTwoTeachersSimple" time="0.045" />
  <testcase classname="net.sf.freecol.server.model.ServerBuildingTest" name="testTrackerBug1616384" time="0.05" />
  <testcase classname="net.sf.freecol.server.model.ServerBuildingTest" name="testSingleGuyTwoTeachers2" time="0.045" />
  <testcase classname="net.sf.freecol.server.model.ServerBuildingTest" name="testCollege" time="0.043" />
  <testcase classname="net.sf.freecol.server.model.ServerBuildingTest" name="testSingleGuyTwoTeachers" time="0.044" />
  <testcase classname="net.sf.freecol.server.model.ServerBuildingTest" name="testSonsOfLiberty" time="0.042" />
  <testcase classname="net.sf.freecol.server.model.ServerBuildingTest" name="testTwoTeachersOfSameKind" time="0.044" />
  <testcase classname="net.sf.freecol.server.model.ServerBuildingTest" name="testTeachPettyCriminals" time="0.044" />
  <testcase classname="net.sf.freecol.server.model.ServerBuildingTest" name="testProductionBonus" time="0.042" />
  <testcase classname="net.sf.freecol.server.model.ServerBuildingTest" name="testPartTraining" time="0.041" />
  <testcase classname="net.sf.freecol.server.model.ServerBuildingTest" name="testExpertTeaching" time="0.04" />
  <testcase classname="net.sf.freecol.server.model.ServerBuildingTest" name="testColonialRegular" time="0.043" />
  <testcase classname="net.sf.freecol.server.model.ServerBuildingTest" name="testTeachIndenturedServants" time="0.042" />
  <testcase classname="net.sf.freecol.server.model.ServerColonyTest" name="testEqualFoodProductionConsumptionCase" time="0.042" />
  <testcase classname="net.sf.freecol.server.model.ServerColonyTest" name="testDeathByStarvation" time="0.042" />
  <testcase classname="net.sf.freecol.server.model.ServerColonyTest" name="testBuildingCompletion" time="0.044" />
  <testcase classname="net.sf.freecol.server.model.ServerColonyTest" name="testInvalidCompletion" time="0.042" />
  <testcase classname="net.sf.freecol.server.model.ServerColonyTest" name="testAvoidStarvation" time="0.041" />
  <testcase classname="net.sf.freecol.server.model.ServerColonyTest" name="testNoBuildingMaterialsProductionWhenBuildingNothing" time="0.003" />
  <testcase classname="net.sf.freecol.server.model.ServerColonyTest" name="testFoodConsumption" time="0.041" />
  <testcase classname="net.sf.freecol.server.model.ServerColonyTest" name="testLibertyAndImmigration" time="0.041" />
  <testcase classname="net.sf.freecol.server.model.ServerIndianSettlementTest" name="testHorseBreedingNoFoodAvail" time="0.042" />
  <testcase classname="net.sf.freecol.server.model.ServerIndianSettlementTest" name="testPricing" time="0.042" />
  <testcase classname="net.sf.freecol.server.model.ServerIndianSettlementTest" name="testHorseBreeding" time="0.043" />
  <testcase classname="net.sf.freecol.server.model.ServerIndianSettlementTest" name="testFoodConsumption" time="0.041" />
  <testcase classname="net.sf.freecol.server.model.ServerPlayerTest" name="testCheckNoGameOverEnoughMoney" time="0.039" />
  <testcase classname="net.sf.freecol.server.model.ServerPlayerTest" name="testCheckGameOver1600Threshold" time="0.04" />
  <testcase classname="net.sf.freecol.server.model.ServerPlayerTest" name="testCheckNoGameOverHasColonistInNewWorld" time="0.04" />
  <testcase classname="net.sf.freecol.server.model.ServerPlayerTest" name="testHasExploredTile" time="0.048" />
  <testcase classname="net.sf.freecol.server.model.ServerPlayerTest" name="testBuyingMakesPricesRaise" time="0.037" />
  <testcase classname="net.sf.freecol.server.model.ServerPlayerTest" name="testCheckGameOverUnitsGoingToEurope" time="0.042" />
  <testcase classname="net.sf.freecol.server.model.ServerPlayerTest" name="testDutchMarket" time="0.079" />
  <testcase classname="net.sf.freecol.server.model.ServerPlayerTest" name="testCheckGameOverNoUnits" time="0.039" />
  <testcase classname="net.sf.freecol.server.model.ServerPlayerTest" name="testCheckGameOverUnitsGoingToNewWorld" time="0.04" />
  <testcase classname="net.sf.freecol.server.model.ServerPlayerTest" name="testSellingMakesPricesFall" time="0.038" />
  <testcase classname="net.sf.freecol.server.model.ServerPlayerTest" name="testMarketRecovery" time="0.071" />
  <testcase classname="net.sf.freecol.server.model.ServerPlayerTest" name="testLoadInColony" time="0.042" />
  <testcase classname="net.sf.freecol.server.model.ServerPlayerTest" name="testLoadInEurope" time="0.042" />
  <testcase classname="net.sf.freecol.server.model.ServerUnitTest" name="testDoAssignedWorkHardyPioneerPlowPlain" time="0.037" />
  <testcase classname="net.sf.freecol.server.model.ServerUnitTest" name="testColonyProfitFromEnhancement" time="0.041" />
  <testcase classname="net.sf.freecol.server.model.ServerUnitTest" name="testExposeResource" time="0.04" />
  <testcase classname="net.sf.freecol.server.model.ServerUnitTest" name="testDoAssignedWorkHardyPioneerBuildRoad" time="0.041" />
  <testcase classname="net.sf.freecol.server.model.ServerUnitTest" name="testUnitPromotionWorkingInWorkTile" time="0.039" />
  <testcase classname="net.sf.freecol.server.model.ServerUnitTest" name="testUnitGetsExperienceThroughWork" time="0.038" />
  <testcase classname="net.sf.freecol.server.model.ServerUnitTest" name="testUnitLumberDelivery" time="0.042" />
  <testcase classname="net.sf.freecol.server.model.ServerUnitTest" name="testToggleHorses" time="0.036" />
  <testcase classname="net.sf.freecol.server.generator.MapGeneratorTest" name="testSinglePlayerOnSmallMap" time="0.122" />
  <testcase classname="net.sf.freecol.server.generator.MapGeneratorTest" name="testImportMap" time="0.502" />
  <testcase classname="net.sf.freecol.server.generator.MapGeneratorTest" name="testRegions" time="0.099" />
  <testcase classname="net.sf.freecol.server.generator.MapGeneratorTest" name="testWithNoIndians" time="0.09" />
  <testcase classname="net.sf.freecol.server.generator.MapGeneratorTest" name="testIndianCapital" time="0.109" />
  <testcase classname="net.sf.freecol.server.generator.MapGeneratorTest" name="testMapGenerator" time="0.113" />
  <testcase classname="net.sf.freecol.client.gui.FontTest" name="testLogicalSerif" time="0.002" />
  <system-out><![CDATA[]]></system-out>
  <system-err><![CDATA[May 16, 2018 8:06:31 PM net.sf.freecol.common.model.Specification fixRoles
INFO: Loading role backward compatibility fragment: roles-compat.xml with roles: model.role.defaultmodel.role.scoutmodel.role.soldiermodel.role.dragoonmodel.role.pioneermodel.role.missionarymodel.role.infantrymodel.role.cavalrymodel.role.mountedBravemodel.role.armedBravemodel.role.nativeDragoon
May 16, 2018 8:06:31 PM net.sf.freecol.common.model.Specification checkDifficultyOptionGroup
INFO: Check group model.difficulty.immigration
May 16, 2018 8:06:31 PM net.sf.freecol.common.model.Specification checkDifficultyOptionGroup
INFO: Check group model.difficulty.natives
May 16, 2018 8:06:31 PM net.sf.freecol.common.model.Specification checkDifficultyOptionGroup
INFO: Check group model.difficulty.monarch
May 16, 2018 8:06:31 PM net.sf.freecol.common.model.Specification checkDifficultyOptionGroup
INFO: Check group model.difficulty.government
May 16, 2018 8:06:31 PM net.sf.freecol.common.model.Specification checkDifficultyOptionGroup
INFO: Check group model.difficulty.other
May 16, 2018 8:06:31 PM net.sf.freecol.common.model.Specification checkDifficultyOptionGroup
INFO: Check group model.difficulty.cheat
May 16, 2018 8:06:31 PM net.sf.freecol.common.model.Specification checkDifficultyUnitListOption
INFO: Added difficulty unit list option: model.option.immigrants
May 16, 2018 8:06:31 PM net.sf.freecol.common.model.Specification clean
INFO: Specification clean following load from InputStream complete, starting year=1492, season year=1600, ages=[1,109,309], seasons=2, 259 FreeColGameObjectTypes, 79 Abilities, 41 BuildingTypes, 14 Disasters, 9 EuropeanNationTypes, 2 Events, 25 FoundingFathers, 21 GoodsTypes, 8 IndianNationTypes, 60 Modifiers, 25 Nations, 65 Options, 16 Option Groups, 12 ResourceTypes, 11 Roles, 23 TileTypes, 6 TileImprovementTypes, 42 UnitTypes read.
May 16, 2018 8:06:31 PM net.sf.freecol.common.model.Specification checkDifficultyOptionGroup
INFO: Check group model.difficulty.immigration
May 16, 2018 8:06:31 PM net.sf.freecol.common.model.Specification checkDifficultyOptionGroup
INFO: Check group model.difficulty.natives
May 16, 2018 8:06:31 PM net.sf.freecol.common.model.Specification checkDifficultyOptionGroup
INFO: Check group model.difficulty.monarch
May 16, 2018 8:06:31 PM net.sf.freecol.common.model.Specification checkDifficultyOptionGroup
INFO: Check group model.difficulty.government
May 16, 2018 8:06:31 PM net.sf.freecol.common.model.Specification checkDifficultyOptionGroup
INFO: Check group model.difficulty.other
May 16, 2018 8:06:31 PM net.sf.freecol.common.model.Specification checkDifficultyOptionGroup
INFO: Check group model.difficulty.cheat
May 16, 2018 8:06:31 PM net.sf.freecol.common.model.Specification applyDifficultyLevel
INFO: Applying difficulty level model.difficulty.medium
May 16, 2018 8:06:31 PM net.sf.freecol.common.model.Specification fixRoles
INFO: Loading role backward compatibility fragment: roles-compat.xml with roles: model.role.defaultmodel.role.scoutmodel.role.soldiermodel.role.dragoonmodel.role.pioneermodel.role.missionarymodel.role.infantrymodel.role.cavalrymodel.role.mountedBravemodel.role.armedBravemodel.role.nativeDragoon
May 16, 2018 8:06:31 PM net.sf.freecol.common.model.Specification checkDifficultyOptionGroup
INFO: Check group model.difficulty.immigration
May 16, 2018 8:06:31 PM net.sf.freecol.common.model.Specification checkDifficultyOptionGroup
INFO: Check group model.difficulty.natives
May 16, 2018 8:06:31 PM net.sf.freecol.common.model.Specification checkDifficultyOptionGroup
INFO: Check group model.difficulty.monarch
May 16, 2018 8:06:31 PM net.sf.freecol.common.model.Specification checkDifficultyOptionGroup
INFO: Check group model.difficulty.government
May 16, 2018 8:06:31 PM net.sf.freecol.common.model.Specification checkDifficultyOptionGroup
INFO: Check group model.difficulty.other
May 16, 2018 8:06:31 PM net.sf.freecol.common.model.Specification checkDifficultyOptionGroup
INFO: Check group model.difficulty.cheat
May 16, 2018 8:06:31 PM net.sf.freecol.common.model.Specification checkDifficultyUnitListOption
INFO: Added difficulty unit list option: model.option.immigrants
May 16, 2018 8:06:31 PM net.sf.freecol.common.model.Specification clean
INFO: Specification clean following load from InputStream complete, starting year=1492, season year=1600, ages=[1,109,309], seasons=2, 247 FreeColGameObjectTypes, 78 Abilities, 41 BuildingTypes, 14 Disasters, 5 EuropeanNationTypes, 2 Events, 25 FoundingFathers, 21 GoodsTypes, 8 IndianNationTypes, 60 Modifiers, 17 Nations, 65 Options, 16 Option Groups, 12 ResourceTypes, 11 Roles, 23 TileTypes, 6 TileImprovementTypes, 42 UnitTypes read.
May 16, 2018 8:06:31 PM net.sf.freecol.common.model.Specification checkDifficultyOptionGroup
INFO: Check group model.difficulty.immigration
May 16, 2018 8:06:31 PM net.sf.freecol.common.model.Specification checkDifficultyOptionGroup
INFO: Check group model.difficulty.natives
May 16, 2018 8:06:31 PM net.sf.freecol.common.model.Specification checkDifficultyOptionGroup
INFO: Check group model.difficulty.monarch
May 16, 2018 8:06:31 PM net.sf.freecol.common.model.Specification checkDifficultyOptionGroup
INFO: Check group model.difficulty.government
May 16, 2018 8:06:31 PM net.sf.freecol.common.model.Specification checkDifficultyOptionGroup
INFO: Check group model.difficulty.other
May 16, 2018 8:06:31 PM net.sf.freecol.common.model.Specification checkDifficultyOptionGroup
INFO: Check group model.difficulty.cheat
May 16, 2018 8:06:31 PM net.sf.freecol.common.model.Specification applyDifficultyLevel
INFO: Applying difficulty level model.difficulty.medium
May 16, 2018 8:06:31 PM net.sf.freecol.common.i18n.Messages replaceChoices
WARNING: Unknown key or untagged choice: 'west=westward|east=eastward|default=into the wind', selector was 'whatever', trying 'default' instead
May 16, 2018 8:06:31 PM net.sf.freecol.common.i18n.Messages replaceChoices
WARNING: No tag found: {{}}abc   {{xyz}}def{{123|567}}
May 16, 2018 8:06:31 PM net.sf.freecol.common.i18n.Messages replaceChoices
WARNING: No tag found: {{}}abc   {{xyz}}def{{123|567}}
May 16, 2018 8:06:31 PM net.sf.freecol.common.i18n.Messages replaceChoices
WARNING: No tag found: {{}}abc   {{xyz}}def{{123|567}}
May 16, 2018 8:06:31 PM net.sf.freecol.common.model.Specification applyDifficultyLevel
INFO: Applying difficulty level model.difficulty.medium
May 16, 2018 8:06:31 PM net.sf.freecol.common.model.Specification applyDifficultyLevel
INFO: Applying difficulty level model.difficulty.medium
May 16, 2018 8:06:31 PM net.sf.freecol.common.util.LogBuilder log
INFO: In data\mods found mod: bryce classic_ui convertUpgrade daySeasons example fourSeasons hutzli markovoss misiulo monthSeasons plantForest weekSeasons
May 16, 2018 8:06:31 PM net.sf.freecol.common.model.Specification fixRoles
INFO: Loading role backward compatibility fragment: roles-compat.xml with roles: model.role.defaultmodel.role.scoutmodel.role.soldiermodel.role.dragoonmodel.role.pioneermodel.role.missionarymodel.role.infantrymodel.role.cavalrymodel.role.mountedBravemodel.role.armedBravemodel.role.nativeDragoon
May 16, 2018 8:06:31 PM net.sf.freecol.common.model.Specification checkDifficultyOptionGroup
INFO: Check group model.difficulty.immigration
May 16, 2018 8:06:31 PM net.sf.freecol.common.model.Specification checkDifficultyOptionGroup
INFO: Check group model.difficulty.natives
May 16, 2018 8:06:31 PM net.sf.freecol.common.model.Specification checkDifficultyOptionGroup
INFO: Check group model.difficulty.monarch
May 16, 2018 8:06:31 PM net.sf.freecol.common.model.Specification checkDifficultyOptionGroup
INFO: Check group model.difficulty.government
May 16, 2018 8:06:31 PM net.sf.freecol.common.model.Specification checkDifficultyOptionGroup
INFO: Check group model.difficulty.other
May 16, 2018 8:06:31 PM net.sf.freecol.common.model.Specification checkDifficultyOptionGroup
INFO: Check group model.difficulty.cheat
May 16, 2018 8:06:31 PM net.sf.freecol.common.model.Specification checkDifficultyUnitListOption
INFO: Added difficulty unit list option: model.option.immigrants
May 16, 2018 8:06:31 PM net.sf.freecol.common.model.Specification clean
INFO: Specification clean following load from InputStream complete, starting year=1492, season year=1600, ages=[1,109,309], seasons=2, 258 FreeColGameObjectTypes, 79 Abilities, 41 BuildingTypes, 14 Disasters, 9 EuropeanNationTypes, 2 Events, 25 FoundingFathers, 21 GoodsTypes, 8 IndianNationTypes, 60 Modifiers, 25 Nations, 65 Options, 16 Option Groups, 12 ResourceTypes, 11 Roles, 23 TileTypes, 6 TileImprovementTypes, 41 UnitTypes read.
May 16, 2018 8:06:31 PM net.sf.freecol.common.model.Specification fixRoles
INFO: Loading role backward compatibility fragment: roles-compat.xml with roles: model.role.defaultmodel.role.scoutmodel.role.soldiermodel.role.dragoonmodel.role.pioneermodel.role.missionarymodel.role.infantrymodel.role.cavalrymodel.role.mountedBravemodel.role.armedBravemodel.role.nativeDragoon
May 16, 2018 8:06:31 PM net.sf.freecol.common.model.Specification checkDifficultyOptionGroup
INFO: Check group model.difficulty.immigration
May 16, 2018 8:06:31 PM net.sf.freecol.common.model.Specification checkDifficultyOptionGroup
INFO: Check group model.difficulty.natives
May 16, 2018 8:06:31 PM net.sf.freecol.common.model.Specification checkDifficultyOptionGroup
INFO: Check group model.difficulty.monarch
May 16, 2018 8:06:31 PM net.sf.freecol.common.model.Specification checkDifficultyOptionGroup
INFO: Check group model.difficulty.government
May 16, 2018 8:06:31 PM net.sf.freecol.common.model.Specification checkDifficultyOptionGroup
INFO: Check group model.difficulty.other
May 16, 2018 8:06:31 PM net.sf.freecol.common.model.Specification checkDifficultyOptionGroup
INFO: Check group model.difficulty.cheat
May 16, 2018 8:06:31 PM net.sf.freecol.common.model.Specification checkDifficultyUnitListOption
INFO: Added difficulty unit list option: model.option.immigrants
May 16, 2018 8:06:31 PM net.sf.freecol.common.model.Specification clean
INFO: Specification clean following load from InputStream complete, starting year=1492, season year=1600, ages=[1,109,309], seasons=2, 259 FreeColGameObjectTypes, 79 Abilities, 41 BuildingTypes, 14 Disasters, 9 EuropeanNationTypes, 2 Events, 25 FoundingFathers, 21 GoodsTypes, 8 IndianNationTypes, 60 Modifiers, 25 Nations, 65 Options, 16 Option Groups, 12 ResourceTypes, 11 Roles, 23 TileTypes, 6 TileImprovementTypes, 42 UnitTypes read.
May 16, 2018 8:06:31 PM net.sf.freecol.common.model.Specification fixRoles
INFO: Loading role backward compatibility fragment: roles-compat.xml with roles: model.role.defaultmodel.role.scoutmodel.role.soldiermodel.role.dragoonmodel.role.pioneermodel.role.missionarymodel.role.infantrymodel.role.cavalrymodel.role.mountedBravemodel.role.armedBravemodel.role.nativeDragoon
May 16, 2018 8:06:31 PM net.sf.freecol.common.model.Specification checkDifficultyOptionGroup
INFO: Check group model.difficulty.immigration
May 16, 2018 8:06:31 PM net.sf.freecol.common.model.Specification checkDifficultyOptionGroup
INFO: Check group model.difficulty.natives
May 16, 2018 8:06:31 PM net.sf.freecol.common.model.Specification checkDifficultyOptionGroup
INFO: Check group model.difficulty.monarch
May 16, 2018 8:06:31 PM net.sf.freecol.common.model.Specification checkDifficultyOptionGroup
INFO: Check group model.difficulty.government
May 16, 2018 8:06:31 PM net.sf.freecol.common.model.Specification checkDifficultyOptionGroup
INFO: Check group model.difficulty.other
May 16, 2018 8:06:31 PM net.sf.freecol.common.model.Specification checkDifficultyOptionGroup
INFO: Check group model.difficulty.cheat
May 16, 2018 8:06:31 PM net.sf.freecol.common.model.Specification checkDifficultyUnitListOption
INFO: Added difficulty unit list option: model.option.immigrants
May 16, 2018 8:06:31 PM net.sf.freecol.common.model.Specification clean
INFO: Specification clean following load from InputStream complete, starting year=1492, season year=1600, ages=[1,109,309], seasons=2, 259 FreeColGameObjectTypes, 79 Abilities, 41 BuildingTypes, 14 Disasters, 9 EuropeanNationTypes, 2 Events, 25 FoundingFathers, 21 GoodsTypes, 8 IndianNationTypes, 60 Modifiers, 25 Nations, 65 Options, 16 Option Groups, 12 ResourceTypes, 11 Roles, 23 TileTypes, 6 TileImprovementTypes, 42 UnitTypes read.
May 16, 2018 8:06:31 PM net.sf.freecol.common.model.Specification loadMods
INFO: Loaded mod example
May 16, 2018 8:06:31 PM net.sf.freecol.common.model.Specification clean
INFO: Specification clean following mod loading complete, starting year=1492, season year=1600, ages=[1,109,309], seasons=2, 260 FreeColGameObjectTypes, 79 Abilities, 41 BuildingTypes, 14 Disasters, 9 EuropeanNationTypes, 2 Events, 25 FoundingFathers, 21 GoodsTypes, 8 IndianNationTypes, 60 Modifiers, 25 Nations, 65 Options, 16 Option Groups, 12 ResourceTypes, 11 Roles, 23 TileTypes, 6 TileImprovementTypes, 43 UnitTypes read.
May 16, 2018 8:06:31 PM net.sf.freecol.common.model.Specification fixRoles
INFO: Loading role backward compatibility fragment: roles-compat.xml with roles: model.role.defaultmodel.role.scoutmodel.role.soldiermodel.role.dragoonmodel.role.pioneermodel.role.missionarymodel.role.infantrymodel.role.cavalrymodel.role.mountedBravemodel.role.armedBravemodel.role.nativeDragoon
May 16, 2018 8:06:31 PM net.sf.freecol.common.model.Specification checkDifficultyOptionGroup
INFO: Check group model.difficulty.immigration
May 16, 2018 8:06:31 PM net.sf.freecol.common.model.Specification checkDifficultyOptionGroup
INFO: Check group model.difficulty.natives
May 16, 2018 8:06:31 PM net.sf.freecol.common.model.Specification checkDifficultyOptionGroup
INFO: Check group model.difficulty.monarch
May 16, 2018 8:06:31 PM net.sf.freecol.common.model.Specification checkDifficultyOptionGroup
INFO: Check group model.difficulty.government
May 16, 2018 8:06:31 PM net.sf.freecol.common.model.Specification checkDifficultyOptionGroup
INFO: Check group model.difficulty.other
May 16, 2018 8:06:31 PM net.sf.freecol.common.model.Specification checkDifficultyOptionGroup
INFO: Check group model.difficulty.cheat
May 16, 2018 8:06:31 PM net.sf.freecol.common.model.Specification checkDifficultyUnitListOption
INFO: Added difficulty unit list option: model.option.immigrants
May 16, 2018 8:06:31 PM net.sf.freecol.common.model.Specification clean
INFO: Specification clean following load from InputStream complete, starting year=1492, season year=1600, ages=[1,109,309], seasons=2, 260 FreeColGameObjectTypes, 79 Abilities, 41 BuildingTypes, 14 Disasters, 9 EuropeanNationTypes, 2 Events, 25 FoundingFathers, 21 GoodsTypes, 8 IndianNationTypes, 60 Modifiers, 25 Nations, 65 Options, 16 Option Groups, 12 ResourceTypes, 11 Roles, 23 TileTypes, 6 TileImprovementTypes, 43 UnitTypes read.
May 16, 2018 8:06:31 PM net.sf.freecol.common.model.Specification fixRoles
INFO: Loading role backward compatibility fragment: roles-compat.xml with roles: model.role.defaultmodel.role.scoutmodel.role.soldiermodel.role.dragoonmodel.role.pioneermodel.role.missionarymodel.role.infantrymodel.role.cavalrymodel.role.mountedBravemodel.role.armedBravemodel.role.nativeDragoon
May 16, 2018 8:06:31 PM net.sf.freecol.common.model.Specification checkDifficultyOptionGroup
INFO: Check group model.difficulty.immigration
May 16, 2018 8:06:31 PM net.sf.freecol.common.model.Specification checkDifficultyOptionGroup
INFO: Check group model.difficulty.natives
May 16, 2018 8:06:31 PM net.sf.freecol.common.model.Specification checkDifficultyOptionGroup
INFO: Check group model.difficulty.monarch
May 16, 2018 8:06:31 PM net.sf.freecol.common.model.Specification checkDifficultyOptionGroup
INFO: Check group model.difficulty.government
May 16, 2018 8:06:31 PM net.sf.freecol.common.model.Specification checkDifficultyOptionGroup
INFO: Check group model.difficulty.other
May 16, 2018 8:06:31 PM net.sf.freecol.common.model.Specification checkDifficultyOptionGroup
INFO: Check group model.difficulty.cheat
May 16, 2018 8:06:31 PM net.sf.freecol.common.model.Specification checkDifficultyUnitListOption
INFO: Added difficulty unit list option: model.option.immigrants
May 16, 2018 8:06:31 PM net.sf.freecol.common.model.Specification clean
INFO: Specification clean following load from InputStream complete, starting year=1492, season year=1600, ages=[1,109,309], seasons=2, 259 FreeColGameObjectTypes, 79 Abilities, 41 BuildingTypes, 14 Disasters, 9 EuropeanNationTypes, 2 Events, 25 FoundingFathers, 21 GoodsTypes, 8 IndianNationTypes, 60 Modifiers, 25 Nations, 65 Options, 16 Option Groups, 12 ResourceTypes, 11 Roles, 23 TileTypes, 6 TileImprovementTypes, 42 UnitTypes read.
May 16, 2018 8:06:31 PM net.sf.freecol.common.model.Specification fixRoles
INFO: Loading role backward compatibility fragment: roles-compat.xml with roles: model.role.defaultmodel.role.scoutmodel.role.soldiermodel.role.dragoonmodel.role.pioneermodel.role.missionarymodel.role.infantrymodel.role.cavalrymodel.role.mountedBravemodel.role.armedBravemodel.role.nativeDragoon
May 16, 2018 8:06:31 PM net.sf.freecol.common.model.Specification checkDifficultyOptionGroup
INFO: Check group model.difficulty.immigration
May 16, 2018 8:06:31 PM net.sf.freecol.common.model.Specification checkDifficultyOptionGroup
INFO: Check group model.difficulty.natives
May 16, 2018 8:06:31 PM net.sf.freecol.common.model.Specification checkDifficultyOptionGroup
INFO: Check group model.difficulty.monarch
May 16, 2018 8:06:31 PM net.sf.freecol.common.model.Specification checkDifficultyOptionGroup
INFO: Check group model.difficulty.government
May 16, 2018 8:06:31 PM net.sf.freecol.common.model.Specification checkDifficultyOptionGroup
INFO: Check group model.difficulty.other
May 16, 2018 8:06:31 PM net.sf.freecol.common.model.Specification checkDifficultyOptionGroup
INFO: Check group model.difficulty.cheat
May 16, 2018 8:06:31 PM net.sf.freecol.common.model.Specification checkDifficultyUnitListOption
INFO: Added difficulty unit list option: model.option.immigrants
May 16, 2018 8:06:31 PM net.sf.freecol.common.model.Specification clean
INFO: Specification clean following load from InputStream complete, starting year=1492, season year=1600, ages=[1,109,309], seasons=2, 259 FreeColGameObjectTypes, 79 Abilities, 41 BuildingTypes, 14 Disasters, 9 EuropeanNationTypes, 2 Events, 25 FoundingFathers, 21 GoodsTypes, 8 IndianNationTypes, 60 Modifiers, 25 Nations, 65 Options, 16 Option Groups, 12 ResourceTypes, 11 Roles, 23 TileTypes, 6 TileImprovementTypes, 42 UnitTypes read.
May 16, 2018 8:06:31 PM net.sf.freecol.common.model.Specification applyDifficultyLevel
INFO: Applying difficulty level model.difficulty.medium
May 16, 2018 8:06:31 PM net.sf.freecol.common.model.Specification applyDifficultyLevel
INFO: Applying difficulty level model.difficulty.medium
May 16, 2018 8:06:31 PM net.sf.freecol.common.model.Specification applyDifficultyLevel
INFO: Applying difficulty level model.difficulty.medium
May 16, 2018 8:06:31 PM net.sf.freecol.common.model.Specification applyDifficultyLevel
INFO: Applying difficulty level model.difficulty.medium
May 16, 2018 8:06:32 PM net.sf.freecol.common.model.Specification applyDifficultyLevel
INFO: Applying difficulty level model.difficulty.medium
May 16, 2018 8:06:32 PM net.sf.freecol.common.model.Specification applyDifficultyLevel
INFO: Applying difficulty level model.difficulty.medium
May 16, 2018 8:06:32 PM net.sf.freecol.common.model.Specification applyDifficultyLevel
INFO: Applying difficulty level model.difficulty.medium
May 16, 2018 8:06:32 PM net.sf.freecol.common.model.Specification applyDifficultyLevel
INFO: Applying difficulty level model.difficulty.medium
May 16, 2018 8:06:32 PM net.sf.freecol.common.model.Specification applyDifficultyLevel
INFO: Applying difficulty level model.difficulty.medium
May 16, 2018 8:06:32 PM net.sf.freecol.common.model.Specification applyDifficultyLevel
INFO: Applying difficulty level model.difficulty.medium
May 16, 2018 8:06:32 PM net.sf.freecol.common.model.Specification applyDifficultyLevel
INFO: Applying difficulty level model.difficulty.medium
May 16, 2018 8:06:32 PM net.sf.freecol.common.model.Unit setLocation
WARNING: Can not add [unit:798 dutch indianConvert 0/1] to building:794
May 16, 2018 8:06:32 PM net.sf.freecol.common.model.Unit setLocation
WARNING: Can not add [unit:798 dutch indianConvert 0/1] to building:795
May 16, 2018 8:06:32 PM net.sf.freecol.common.model.Unit setLocation
WARNING: Can not add [unit:798 dutch indianConvert 0/1] to building:793
May 16, 2018 8:06:32 PM net.sf.freecol.common.model.Specification applyDifficultyLevel
INFO: Applying difficulty level model.difficulty.medium
May 16, 2018 8:06:32 PM net.sf.freecol.common.model.Specification applyDifficultyLevel
INFO: Applying difficulty level model.difficulty.medium
May 16, 2018 8:06:32 PM net.sf.freecol.common.model.Specification applyDifficultyLevel
INFO: Applying difficulty level model.difficulty.medium
May 16, 2018 8:06:32 PM net.sf.freecol.common.model.Specification applyDifficultyLevel
INFO: Applying difficulty level model.difficulty.medium
May 16, 2018 8:06:32 PM net.sf.freecol.common.model.Specification applyDifficultyLevel
INFO: Applying difficulty level model.difficulty.medium
May 16, 2018 8:06:32 PM net.sf.freecol.common.model.Specification applyDifficultyLevel
INFO: Applying difficulty level model.difficulty.medium
May 16, 2018 8:06:32 PM net.sf.freecol.common.model.Specification applyDifficultyLevel
INFO: Applying difficulty level model.difficulty.medium
May 16, 2018 8:06:32 PM net.sf.freecol.common.model.Specification applyDifficultyLevel
INFO: Applying difficulty level model.difficulty.medium
May 16, 2018 8:06:32 PM net.sf.freecol.common.model.Specification applyDifficultyLevel
INFO: Applying difficulty level model.difficulty.medium
May 16, 2018 8:06:32 PM net.sf.freecol.common.model.Specification applyDifficultyLevel
INFO: Applying difficulty level model.difficulty.medium
May 16, 2018 8:06:32 PM net.sf.freecol.common.model.Specification applyDifficultyLevel
INFO: Applying difficulty level model.difficulty.medium
May 16, 2018 8:06:32 PM net.sf.freecol.common.model.Specification applyDifficultyLevel
INFO: Applying difficulty level model.difficulty.medium
May 16, 2018 8:06:32 PM net.sf.freecol.common.model.Specification applyDifficultyLevel
INFO: Applying difficulty level model.difficulty.medium
May 16, 2018 8:06:32 PM net.sf.freecol.common.model.Specification applyDifficultyLevel
INFO: Applying difficulty level model.difficulty.medium
May 16, 2018 8:06:32 PM net.sf.freecol.common.model.Specification applyDifficultyLevel
INFO: Applying difficulty level model.difficulty.medium
May 16, 2018 8:06:32 PM net.sf.freecol.common.model.Specification applyDifficultyLevel
INFO: Applying difficulty level model.difficulty.medium
May 16, 2018 8:06:32 PM net.sf.freecol.common.model.Specification applyDifficultyLevel
INFO: Applying difficulty level model.difficulty.medium
May 16, 2018 8:06:32 PM net.sf.freecol.common.model.Specification applyDifficultyLevel
INFO: Applying difficulty level model.difficulty.medium
May 16, 2018 8:06:32 PM net.sf.freecol.common.model.Specification applyDifficultyLevel
INFO: Applying difficulty level model.difficulty.medium
May 16, 2018 8:06:32 PM net.sf.freecol.common.model.Specification applyDifficultyLevel
INFO: Applying difficulty level model.difficulty.medium
May 16, 2018 8:06:32 PM net.sf.freecol.common.model.Specification applyDifficultyLevel
INFO: Applying difficulty level model.difficulty.medium
May 16, 2018 8:06:32 PM net.sf.freecol.common.model.Specification applyDifficultyLevel
INFO: Applying difficulty level model.difficulty.medium
May 16, 2018 8:06:32 PM net.sf.freecol.common.model.Specification applyDifficultyLevel
INFO: Applying difficulty level model.difficulty.medium
May 16, 2018 8:06:32 PM net.sf.freecol.common.model.Specification applyDifficultyLevel
INFO: Applying difficulty level model.difficulty.medium
May 16, 2018 8:06:32 PM net.sf.freecol.common.model.Specification applyDifficultyLevel
INFO: Applying difficulty level model.difficulty.medium
May 16, 2018 8:06:32 PM net.sf.freecol.common.model.Specification applyDifficultyLevel
INFO: Applying difficulty level model.difficulty.medium
May 16, 2018 8:06:32 PM net.sf.freecol.common.model.Specification applyDifficultyLevel
INFO: Applying difficulty level model.difficulty.medium
May 16, 2018 8:06:32 PM net.sf.freecol.common.model.Specification applyDifficultyLevel
INFO: Applying difficulty level model.difficulty.medium
May 16, 2018 8:06:32 PM net.sf.freecol.common.model.Specification applyDifficultyLevel
INFO: Applying difficulty level model.difficulty.medium
May 16, 2018 8:06:32 PM net.sf.freecol.common.FreeColSeed getFreeColSeed
INFO: Using seed: 2533029005918131282
May 16, 2018 8:06:32 PM net.sf.freecol.server.networking.Server sendToAll
INFO: Reap dead connection: [DummyConnection Server connection - model.nation.tupi]
May 16, 2018 8:06:32 PM net.sf.freecol.server.networking.Server sendToAll
INFO: Reap dead connection: [DummyConnection Server connection - model.nation.english]
May 16, 2018 8:06:32 PM net.sf.freecol.server.networking.Server sendToAll
INFO: Reap dead connection: [DummyConnection Server connection - model.nation.spanish]
May 16, 2018 8:06:32 PM net.sf.freecol.server.networking.Server sendToAll
INFO: Reap dead connection: [DummyConnection Server connection - model.nation.cherokee]
May 16, 2018 8:06:32 PM net.sf.freecol.server.networking.Server sendToAll
INFO: Reap dead connection: [DummyConnection Server connection - model.nation.sioux]
May 16, 2018 8:06:32 PM net.sf.freecol.server.networking.Server sendToAll
INFO: Reap dead connection: [DummyConnection Server connection - model.nation.dutch]
May 16, 2018 8:06:32 PM net.sf.freecol.server.networking.Server sendToAll
INFO: Reap dead connection: [DummyConnection Server connection - model.nation.inca]
May 16, 2018 8:06:32 PM net.sf.freecol.server.networking.Server sendToAll
INFO: Reap dead connection: [DummyConnection Server connection - model.nation.iroquois]
May 16, 2018 8:06:32 PM net.sf.freecol.server.networking.Server sendToAll
INFO: Reap dead connection: [DummyConnection Server connection - model.nation.french]
May 16, 2018 8:06:32 PM net.sf.freecol.server.networking.Server sendToAll
INFO: Reap dead connection: [DummyConnection Server connection - model.nation.aztec]
May 16, 2018 8:06:32 PM net.sf.freecol.server.networking.Server sendToAll
INFO: Reap dead connection: [DummyConnection Server connection - model.nation.arawak]
May 16, 2018 8:06:32 PM net.sf.freecol.server.networking.Server sendToAll
INFO: Reap dead connection: [DummyConnection Server connection - model.nation.apache]
May 16, 2018 8:06:32 PM net.sf.freecol.common.util.LogBuilder log
INFO: Combat attacker=unit:268-veteranSoldier-soldier [Modifier model.modifier.offence (model.source.baseOffence) ADDITIVE 0.0 index=10] [Modifier model.modifier.offence (model.role.soldier) ADDITIVE 2.0 index=30] [Modifier model.modifier.offence (model.unit.veteranSoldier) PERCENTAGE 50.0 index=40] [Modifier model.modifier.attackBonus (model.source.attackBonus) PERCENTAGE 50.0 index=50] = 4.5 defender=unit:250-brave [Modifier model.modifier.defence (model.source.baseDefence) ADDITIVE 1.0 index=10] [Modifier model.modifier.defence (model.settlement.inca.capital) PERCENTAGE 200.0 index=50] = 3.0 odds=0.6 random(1.0)=0.0 great=true Attack WIN SLAUGHTER_UNIT CAPTURE_CONVERT
May 16, 2018 8:06:32 PM net.sf.freecol.common.util.LogBuilder log
INFO: Destroying: goodsContainer:251 unit:250
May 16, 2018 8:06:32 PM net.sf.freecol.common.model.Specification applyDifficultyLevel
INFO: Applying difficulty level model.difficulty.medium
May 16, 2018 8:06:32 PM net.sf.freecol.common.model.Specification applyDifficultyLevel
INFO: Applying difficulty level model.difficulty.medium
May 16, 2018 8:06:32 PM net.sf.freecol.common.model.Specification applyDifficultyLevel
INFO: Applying difficulty level model.difficulty.medium
May 16, 2018 8:06:32 PM net.sf.freecol.common.FreeColSeed getFreeColSeed
INFO: Using seed: 8620223744587153008
May 16, 2018 8:06:32 PM net.sf.freecol.server.networking.Server sendToAll
INFO: Reap dead connection: [DummyConnection Server connection - model.nation.dutch]
May 16, 2018 8:06:32 PM net.sf.freecol.server.networking.Server sendToAll
INFO: Reap dead connection: [DummyConnection Server connection - model.nation.inca]
May 16, 2018 8:06:32 PM net.sf.freecol.server.networking.Server sendToAll
INFO: Reap dead connection: [DummyConnection Server connection - model.nation.tupi]
May 16, 2018 8:06:32 PM net.sf.freecol.server.networking.Server sendToAll
INFO: Reap dead connection: [DummyConnection Server connection - model.nation.apache]
May 16, 2018 8:06:32 PM net.sf.freecol.server.networking.Server sendToAll
INFO: Reap dead connection: [DummyConnection Server connection - model.nation.spanish]
May 16, 2018 8:06:32 PM net.sf.freecol.server.networking.Server sendToAll
INFO: Reap dead connection: [DummyConnection Server connection - model.nation.arawak]
May 16, 2018 8:06:32 PM net.sf.freecol.server.networking.Server sendToAll
INFO: Reap dead connection: [DummyConnection Server connection - model.nation.english]
May 16, 2018 8:06:32 PM net.sf.freecol.server.networking.Server sendToAll
INFO: Reap dead connection: [DummyConnection Server connection - model.nation.french]
May 16, 2018 8:06:32 PM net.sf.freecol.server.networking.Server sendToAll
INFO: Reap dead connection: [DummyConnection Server connection - model.nation.aztec]
May 16, 2018 8:06:32 PM net.sf.freecol.server.networking.Server sendToAll
INFO: Reap dead connection: [DummyConnection Server connection - model.nation.cherokee]
May 16, 2018 8:06:32 PM net.sf.freecol.server.networking.Server sendToAll
INFO: Reap dead connection: [DummyConnection Server connection - model.nation.iroquois]
May 16, 2018 8:06:32 PM net.sf.freecol.server.networking.Server sendToAll
INFO: Reap dead connection: [DummyConnection Server connection - model.nation.sioux]
May 16, 2018 8:06:32 PM net.sf.freecol.common.util.LogBuilder log
INFO: Combat attacker=unit:347-kingsRegular-cavalry [Modifier model.modifier.offence (model.source.baseOffence) ADDITIVE 0.0 index=10] [Modifier model.modifier.offence (model.unit.kingsRegular) ADDITIVE 4.0 index=20] [Modifier model.modifier.offence (model.role.cavalry) ADDITIVE 3.0 index=30] [Modifier model.modifier.attackBonus (model.source.attackBonus) PERCENTAGE 50.0 index=50] = 10.5 defender=unit:348-colonialRegular-dragoon [Modifier model.modifier.defence (model.source.baseDefence) ADDITIVE 1.0 index=10] [Modifier model.modifier.defence (model.unit.colonialRegular) ADDITIVE 3.0 index=20] [Modifier model.modifier.defence (model.role.dragoon) ADDITIVE 2.0 index=30] = 6.0 odds=0.6363636363636364 random(1.0)=0.8500000238418579 great=false Attack LOSE LOSE_EQUIP
May 16, 2018 8:06:32 PM net.sf.freecol.server.model.ServerPlayer csChangeStance
INFO: Stance modification Louis XV PEACE -> WAR wrt Louis XIV
May 16, 2018 8:06:32 PM net.sf.freecol.server.model.ServerPlayer csChangeStance
INFO: Stance modification Louis XIV PEACE -> WAR wrt Louis XV (symmetric)
May 16, 2018 8:06:32 PM net.sf.freecol.common.util.LogBuilder log
INFO: Combat attacker=unit:348-colonialRegular-dragoon [Modifier model.modifier.offence (model.source.baseOffence) ADDITIVE 0.0 index=10] [Modifier model.modifier.offence (model.unit.colonialRegular) ADDITIVE 3.0 index=20] [Modifier model.modifier.offence (model.role.dragoon) ADDITIVE 3.0 index=30] [Modifier model.modifier.attackBonus (model.source.attackBonus) PERCENTAGE 50.0 index=50] = 9.0 defender=unit:347-kingsRegular-infantry [Modifier model.modifier.defence (model.source.baseDefence) ADDITIVE 1.0 index=10] [Modifier model.modifier.defence (model.unit.kingsRegular) ADDITIVE 4.0 index=20] [Modifier model.modifier.defence (model.role.infantry) ADDITIVE 1.0 index=30] = 6.0 odds=0.6 random(1.0)=0.20000000298023224 great=false Attack WIN SLAUGHTER_UNIT
May 16, 2018 8:06:32 PM net.sf.freecol.common.util.LogBuilder log
INFO: Combat attacker=unit:349-kingsRegular-cavalry [Modifier model.modifier.offence (model.source.baseOffence) ADDITIVE 0.0 index=10] [Modifier model.modifier.offence (model.unit.kingsRegular) ADDITIVE 4.0 index=20] [Modifier model.modifier.offence (model.role.cavalry) ADDITIVE 3.0 index=30] [Modifier model.modifier.attackBonus (model.source.attackBonus) PERCENTAGE 50.0 index=50] = 10.5 defender=unit:348-colonialRegular-dragoon [Modifier model.modifier.defence (model.source.baseDefence) ADDITIVE 1.0 index=10] [Modifier model.modifier.defence (model.unit.colonialRegular) ADDITIVE 3.0 index=20] [Modifier model.modifier.defence (model.role.dragoon) ADDITIVE 2.0 index=30] = 6.0 odds=0.6363636363636364 random(1.0)=0.20000000298023224 great=false Attack WIN LOSE_EQUIP
May 16, 2018 8:06:32 PM net.sf.freecol.common.util.LogBuilder log
INFO: Combat attacker=unit:349-kingsRegular-cavalry [Modifier model.modifier.offence (model.source.baseOffence) ADDITIVE 0.0 index=10] [Modifier model.modifier.offence (model.unit.kingsRegular) ADDITIVE 4.0 index=20] [Modifier model.modifier.offence (model.role.cavalry) ADDITIVE 3.0 index=30] [Modifier model.modifier.attackBonus (model.source.attackBonus) PERCENTAGE 50.0 index=50] = 10.5 defender=unit:348-colonialRegular-soldier [Modifier model.modifier.defence (model.source.baseDefence) ADDITIVE 1.0 index=10] [Modifier model.modifier.defence (model.unit.colonialRegular) ADDITIVE 3.0 index=20] [Modifier model.modifier.defence (model.role.soldier) ADDITIVE 1.0 index=30] = 5.0 odds=0.6774193548387096 random(1.0)=0.20000000298023224 great=false Attack WIN LOSE_EQUIP DEMOTE_UNIT
May 16, 2018 8:06:32 PM net.sf.freecol.common.util.LogBuilder log
INFO: Combat attacker=unit:349-kingsRegular-cavalry [Modifier model.modifier.offence (model.source.baseOffence) ADDITIVE 0.0 index=10] [Modifier model.modifier.offence (model.unit.kingsRegular) ADDITIVE 4.0 index=20] [Modifier model.modifier.offence (model.role.cavalry) ADDITIVE 3.0 index=30] [Modifier model.modifier.attackBonus (model.source.attackBonus) PERCENTAGE 50.0 index=50] = 10.5 defender=unit:348-veteranSoldier [Modifier model.modifier.defence (model.source.baseDefence) ADDITIVE 1.0 index=10] [Modifier model.modifier.defence (model.unit.veteranSoldier) PERCENTAGE 50.0 index=40] = 1.5 odds=0.875 random(1.0)=0.20000000298023224 great=false Attack WIN CAPTURE_UNIT
May 16, 2018 8:06:32 PM net.sf.freecol.common.model.Specification applyDifficultyLevel
INFO: Applying difficulty level model.difficulty.medium
May 16, 2018 8:06:32 PM net.sf.freecol.common.model.Specification applyDifficultyLevel
INFO: Applying difficulty level model.difficulty.medium
May 16, 2018 8:06:32 PM net.sf.freecol.common.model.Specification applyDifficultyLevel
INFO: Applying difficulty level model.difficulty.medium
May 16, 2018 8:06:32 PM net.sf.freecol.common.model.Specification applyDifficultyLevel
INFO: Applying difficulty level model.difficulty.medium
May 16, 2018 8:06:32 PM net.sf.freecol.common.model.Specification applyDifficultyLevel
INFO: Applying difficulty level model.difficulty.medium
May 16, 2018 8:06:32 PM net.sf.freecol.common.model.Specification applyDifficultyLevel
INFO: Applying difficulty level model.difficulty.medium
May 16, 2018 8:06:32 PM net.sf.freecol.common.model.Specification applyDifficultyLevel
INFO: Applying difficulty level model.difficulty.medium
May 16, 2018 8:06:32 PM net.sf.freecol.common.model.Specification applyDifficultyLevel
INFO: Applying difficulty level model.difficulty.medium
May 16, 2018 8:06:32 PM net.sf.freecol.common.model.Specification applyDifficultyLevel
INFO: Applying difficulty level model.difficulty.medium
May 16, 2018 8:06:32 PM net.sf.freecol.common.model.Specification applyDifficultyLevel
INFO: Applying difficulty level model.difficulty.medium
May 16, 2018 8:06:32 PM net.sf.freecol.common.model.Specification applyDifficultyLevel
INFO: Applying difficulty level model.difficulty.medium
May 16, 2018 8:06:32 PM net.sf.freecol.common.model.Specification applyDifficultyLevel
INFO: Applying difficulty level model.difficulty.medium
May 16, 2018 8:06:32 PM net.sf.freecol.common.model.Specification applyDifficultyLevel
INFO: Applying difficulty level model.difficulty.medium
May 16, 2018 8:06:32 PM net.sf.freecol.common.model.Specification applyDifficultyLevel
INFO: Applying difficulty level model.difficulty.medium
May 16, 2018 8:06:32 PM net.sf.freecol.common.model.Specification applyDifficultyLevel
INFO: Applying difficulty level model.difficulty.medium
May 16, 2018 8:06:32 PM net.sf.freecol.common.model.Specification applyDifficultyLevel
INFO: Applying difficulty level model.difficulty.medium
May 16, 2018 8:06:32 PM net.sf.freecol.common.model.Specification applyDifficultyLevel
INFO: Applying difficulty level model.difficulty.medium
May 16, 2018 8:06:32 PM net.sf.freecol.common.model.Specification applyDifficultyLevel
INFO: Applying difficulty level model.difficulty.medium
May 16, 2018 8:06:32 PM net.sf.freecol.common.model.Specification applyDifficultyLevel
INFO: Applying difficulty level model.difficulty.medium
May 16, 2018 8:06:32 PM net.sf.freecol.common.model.Specification applyDifficultyLevel
INFO: Applying difficulty level model.difficulty.medium
May 16, 2018 8:06:32 PM net.sf.freecol.common.model.Specification applyDifficultyLevel
INFO: Applying difficulty level model.difficulty.medium
May 16, 2018 8:06:32 PM net.sf.freecol.common.model.Specification applyDifficultyLevel
INFO: Applying difficulty level model.difficulty.medium
May 16, 2018 8:06:32 PM net.sf.freecol.common.model.Specification applyDifficultyLevel
INFO: Applying difficulty level model.difficulty.medium
May 16, 2018 8:06:32 PM net.sf.freecol.common.model.Specification applyDifficultyLevel
INFO: Applying difficulty level model.difficulty.medium
May 16, 2018 8:06:32 PM net.sf.freecol.common.model.Specification applyDifficultyLevel
INFO: Applying difficulty level model.difficulty.medium
May 16, 2018 8:06:32 PM net.sf.freecol.common.model.Specification applyDifficultyLevel
INFO: Applying difficulty level model.difficulty.medium
May 16, 2018 8:06:32 PM net.sf.freecol.common.model.Specification applyDifficultyLevel
INFO: Applying difficulty level model.difficulty.medium
May 16, 2018 8:06:32 PM net.sf.freecol.common.model.Specification applyDifficultyLevel
INFO: Applying difficulty level model.difficulty.medium
May 16, 2018 8:06:32 PM net.sf.freecol.common.model.Specification applyDifficultyLevel
INFO: Applying difficulty level model.difficulty.medium
May 16, 2018 8:06:32 PM net.sf.freecol.common.model.Specification applyDifficultyLevel
INFO: Applying difficulty level model.difficulty.medium
May 16, 2018 8:06:32 PM net.sf.freecol.common.model.Specification applyDifficultyLevel
INFO: Applying difficulty level model.difficulty.medium
May 16, 2018 8:06:32 PM net.sf.freecol.common.model.Specification applyDifficultyLevel
INFO: Applying difficulty level model.difficulty.medium
May 16, 2018 8:06:32 PM net.sf.freecol.common.model.Specification applyDifficultyLevel
INFO: Applying difficulty level model.difficulty.medium
May 16, 2018 8:06:32 PM net.sf.freecol.common.model.Specification applyDifficultyLevel
INFO: Applying difficulty level model.difficulty.medium
May 16, 2018 8:06:32 PM net.sf.freecol.common.model.Specification applyDifficultyLevel
INFO: Applying difficulty level model.difficulty.medium
May 16, 2018 8:06:32 PM net.sf.freecol.common.model.Specification applyDifficultyLevel
INFO: Applying difficulty level model.difficulty.medium
May 16, 2018 8:06:32 PM net.sf.freecol.common.model.Specification applyDifficultyLevel
INFO: Applying difficulty level model.difficulty.medium
May 16, 2018 8:06:32 PM net.sf.freecol.common.model.Specification applyDifficultyLevel
INFO: Applying difficulty level model.difficulty.medium
May 16, 2018 8:06:32 PM net.sf.freecol.common.model.Specification applyDifficultyLevel
INFO: Applying difficulty level model.difficulty.medium
May 16, 2018 8:06:32 PM net.sf.freecol.common.model.Specification applyDifficultyLevel
INFO: Applying difficulty level model.difficulty.medium
May 16, 2018 8:06:32 PM net.sf.freecol.common.model.Specification applyDifficultyLevel
INFO: Applying difficulty level model.difficulty.medium
May 16, 2018 8:06:32 PM net.sf.freecol.common.model.Specification applyDifficultyLevel
INFO: Applying difficulty level model.difficulty.medium
May 16, 2018 8:06:32 PM net.sf.freecol.common.model.Specification applyDifficultyLevel
INFO: Applying difficulty level model.difficulty.medium
May 16, 2018 8:06:32 PM net.sf.freecol.common.model.Specification applyDifficultyLevel
INFO: Applying difficulty level model.difficulty.medium
May 16, 2018 8:06:32 PM net.sf.freecol.common.model.Specification applyDifficultyLevel
INFO: Applying difficulty level model.difficulty.medium
May 16, 2018 8:06:32 PM net.sf.freecol.common.model.Specification applyDifficultyLevel
INFO: Applying difficulty level model.difficulty.medium
May 16, 2018 8:06:32 PM net.sf.freecol.common.model.Specification applyDifficultyLevel
INFO: Applying difficulty level model.difficulty.medium
May 16, 2018 8:06:32 PM net.sf.freecol.common.model.Specification applyDifficultyLevel
INFO: Applying difficulty level model.difficulty.medium
May 16, 2018 8:06:33 PM net.sf.freecol.common.model.Specification applyDifficultyLevel
INFO: Applying difficulty level model.difficulty.medium
May 16, 2018 8:06:33 PM net.sf.freecol.common.model.Specification applyDifficultyLevel
INFO: Applying difficulty level model.difficulty.medium
May 16, 2018 8:06:33 PM net.sf.freecol.common.model.Specification applyDifficultyLevel
INFO: Applying difficulty level model.difficulty.medium
May 16, 2018 8:06:33 PM net.sf.freecol.common.model.Specification applyDifficultyLevel
INFO: Applying difficulty level model.difficulty.medium
May 16, 2018 8:06:33 PM net.sf.freecol.common.model.Specification applyDifficultyLevel
INFO: Applying difficulty level model.difficulty.medium
May 16, 2018 8:06:33 PM net.sf.freecol.common.model.Specification applyDifficultyLevel
INFO: Applying difficulty level model.difficulty.medium
May 16, 2018 8:06:33 PM net.sf.freecol.common.model.Specification applyDifficultyLevel
INFO: Applying difficulty level model.difficulty.medium
May 16, 2018 8:06:33 PM net.sf.freecol.common.model.Specification applyDifficultyLevel
INFO: Applying difficulty level model.difficulty.medium
May 16, 2018 8:06:33 PM net.sf.freecol.common.model.Specification applyDifficultyLevel
INFO: Applying difficulty level model.difficulty.medium
May 16, 2018 8:06:33 PM net.sf.freecol.common.model.Specification applyDifficultyLevel
INFO: Applying difficulty level model.difficulty.medium
May 16, 2018 8:06:33 PM net.sf.freecol.common.model.Specification applyDifficultyLevel
INFO: Applying difficulty level model.difficulty.medium
May 16, 2018 8:06:33 PM net.sf.freecol.common.model.Specification applyDifficultyLevel
INFO: Applying difficulty level model.difficulty.medium
May 16, 2018 8:06:33 PM net.sf.freecol.common.model.Specification applyDifficultyLevel
INFO: Applying difficulty level model.difficulty.medium
May 16, 2018 8:06:33 PM net.sf.freecol.common.model.Specification applyDifficultyLevel
INFO: Applying difficulty level model.difficulty.medium
May 16, 2018 8:06:33 PM net.sf.freecol.common.model.Specification applyDifficultyLevel
INFO: Applying difficulty level model.difficulty.medium
May 16, 2018 8:06:33 PM net.sf.freecol.common.model.Specification applyDifficultyLevel
INFO: Applying difficulty level model.difficulty.medium
May 16, 2018 8:06:33 PM net.sf.freecol.common.model.Specification applyDifficultyLevel
INFO: Applying difficulty level model.difficulty.veryEasy
May 16, 2018 8:06:33 PM net.sf.freecol.common.model.Specification applyDifficultyLevel
INFO: Applying difficulty level model.difficulty.easy
May 16, 2018 8:06:33 PM net.sf.freecol.common.model.Specification applyDifficultyLevel
INFO: Applying difficulty level model.difficulty.medium
May 16, 2018 8:06:33 PM net.sf.freecol.common.model.Specification applyDifficultyLevel
INFO: Applying difficulty level model.difficulty.hard
May 16, 2018 8:06:33 PM net.sf.freecol.common.model.Specification applyDifficultyLevel
INFO: Applying difficulty level model.difficulty.veryHard
May 16, 2018 8:06:33 PM net.sf.freecol.common.model.Specification applyDifficultyLevel
INFO: Applying difficulty level model.difficulty.custom
May 16, 2018 8:06:33 PM net.sf.freecol.common.model.Specification applyDifficultyLevel
INFO: Applying difficulty level model.difficulty.medium
May 16, 2018 8:06:33 PM net.sf.freecol.common.model.Specification applyDifficultyLevel
INFO: Applying difficulty level model.difficulty.medium
May 16, 2018 8:06:33 PM net.sf.freecol.common.model.Specification applyDifficultyLevel
INFO: Applying difficulty level model.difficulty.medium
May 16, 2018 8:06:33 PM net.sf.freecol.common.model.Specification applyDifficultyLevel
INFO: Applying difficulty level model.difficulty.medium
May 16, 2018 8:06:33 PM net.sf.freecol.common.util.LogBuilder log
INFO: Destroying: unit:775
May 16, 2018 8:06:33 PM net.sf.freecol.common.model.Specification applyDifficultyLevel
INFO: Applying difficulty level model.difficulty.medium
May 16, 2018 8:06:33 PM net.sf.freecol.common.model.Specification applyDifficultyLevel
INFO: Applying difficulty level model.difficulty.medium
May 16, 2018 8:06:33 PM net.sf.freecol.common.model.Specification applyDifficultyLevel
INFO: Applying difficulty level model.difficulty.medium
May 16, 2018 8:06:33 PM net.sf.freecol.common.model.Specification applyDifficultyLevel
INFO: Applying difficulty level model.difficulty.medium
May 16, 2018 8:06:33 PM net.sf.freecol.common.model.Specification applyDifficultyLevel
INFO: Applying difficulty level model.difficulty.medium
May 16, 2018 8:06:33 PM net.sf.freecol.common.model.Specification applyDifficultyLevel
INFO: Applying difficulty level model.difficulty.medium
May 16, 2018 8:06:33 PM net.sf.freecol.common.FreeColSeed getFreeColSeed
INFO: Using seed: 659034834357897091
May 16, 2018 8:06:33 PM net.sf.freecol.server.networking.Server sendToAll
INFO: Reap dead connection: [DummyConnection Server connection - model.nation.tupi]
May 16, 2018 8:06:33 PM net.sf.freecol.server.networking.Server sendToAll
INFO: Reap dead connection: [DummyConnection Server connection - model.nation.iroquois]
May 16, 2018 8:06:33 PM net.sf.freecol.server.networking.Server sendToAll
INFO: Reap dead connection: [DummyConnection Server connection - model.nation.arawak]
May 16, 2018 8:06:33 PM net.sf.freecol.server.networking.Server sendToAll
INFO: Reap dead connection: [DummyConnection Server connection - model.nation.dutch]
May 16, 2018 8:06:33 PM net.sf.freecol.server.networking.Server sendToAll
INFO: Reap dead connection: [DummyConnection Server connection - model.nation.cherokee]
May 16, 2018 8:06:33 PM net.sf.freecol.server.networking.Server sendToAll
INFO: Reap dead connection: [DummyConnection Server connection - model.nation.english]
May 16, 2018 8:06:33 PM net.sf.freecol.server.networking.Server sendToAll
INFO: Reap dead connection: [DummyConnection Server connection - model.nation.sioux]
May 16, 2018 8:06:33 PM net.sf.freecol.server.networking.Server sendToAll
INFO: Reap dead connection: [DummyConnection Server connection - model.nation.inca]
May 16, 2018 8:06:33 PM net.sf.freecol.server.networking.Server sendToAll
INFO: Reap dead connection: [DummyConnection Server connection - model.nation.aztec]
May 16, 2018 8:06:33 PM net.sf.freecol.server.networking.Server sendToAll
INFO: Reap dead connection: [DummyConnection Server connection - model.nation.spanish]
May 16, 2018 8:06:33 PM net.sf.freecol.server.networking.Server sendToAll
INFO: Reap dead connection: [DummyConnection Server connection - model.nation.french]
May 16, 2018 8:06:33 PM net.sf.freecol.server.networking.Server sendToAll
INFO: Reap dead connection: [DummyConnection Server connection - model.nation.apache]
May 16, 2018 8:06:33 PM net.sf.freecol.common.model.Specification applyDifficultyLevel
INFO: Applying difficulty level model.difficulty.medium
May 16, 2018 8:06:33 PM net.sf.freecol.common.model.Specification fixRoles
INFO: Loading role backward compatibility fragment: roles-compat.xml with roles: model.role.defaultmodel.role.scoutmodel.role.soldiermodel.role.dragoonmodel.role.pioneermodel.role.missionarymodel.role.infantrymodel.role.cavalrymodel.role.mountedBravemodel.role.armedBravemodel.role.nativeDragoon
May 16, 2018 8:06:33 PM net.sf.freecol.common.model.Specification checkDifficultyOptionGroup
INFO: Check group model.difficulty.immigration
May 16, 2018 8:06:33 PM net.sf.freecol.common.model.Specification checkDifficultyOptionGroup
INFO: Check group model.difficulty.natives
May 16, 2018 8:06:33 PM net.sf.freecol.common.model.Specification checkDifficultyOptionGroup
INFO: Check group model.difficulty.monarch
May 16, 2018 8:06:33 PM net.sf.freecol.common.model.Specification checkDifficultyOptionGroup
INFO: Check group model.difficulty.government
May 16, 2018 8:06:33 PM net.sf.freecol.common.model.Specification checkDifficultyOptionGroup
INFO: Check group model.difficulty.other
May 16, 2018 8:06:33 PM net.sf.freecol.common.model.Specification checkDifficultyOptionGroup
INFO: Check group model.difficulty.cheat
May 16, 2018 8:06:33 PM net.sf.freecol.common.model.Specification checkDifficultyUnitListOption
INFO: Added difficulty unit list option: model.option.immigrants
May 16, 2018 8:06:33 PM net.sf.freecol.common.model.Specification clean
INFO: Specification clean following load from InputStream complete, starting year=1492, season year=1600, ages=[1,109,309], seasons=2, 247 FreeColGameObjectTypes, 78 Abilities, 41 BuildingTypes, 14 Disasters, 5 EuropeanNationTypes, 2 Events, 25 FoundingFathers, 21 GoodsTypes, 8 IndianNationTypes, 60 Modifiers, 17 Nations, 65 Options, 16 Option Groups, 12 ResourceTypes, 11 Roles, 23 TileTypes, 6 TileImprovementTypes, 42 UnitTypes read.
May 16, 2018 8:06:33 PM net.sf.freecol.common.model.Specification applyDifficultyLevel
INFO: Applying difficulty level model.difficulty.veryEasy
May 16, 2018 8:06:33 PM net.sf.freecol.common.model.Specification checkDifficultyOptionGroup
INFO: Check group model.difficulty.immigration
May 16, 2018 8:06:33 PM net.sf.freecol.common.model.Specification checkDifficultyOptionGroup
INFO: Check group model.difficulty.natives
May 16, 2018 8:06:33 PM net.sf.freecol.common.model.Specification checkDifficultyOptionGroup
INFO: Check group model.difficulty.monarch
May 16, 2018 8:06:33 PM net.sf.freecol.common.model.Specification checkDifficultyOptionGroup
INFO: Check group model.difficulty.government
May 16, 2018 8:06:33 PM net.sf.freecol.common.model.Specification checkDifficultyOptionGroup
INFO: Check group model.difficulty.other
May 16, 2018 8:06:33 PM net.sf.freecol.common.model.Specification checkDifficultyOptionGroup
INFO: Check group model.difficulty.cheat
May 16, 2018 8:06:33 PM net.sf.freecol.common.model.Specification applyDifficultyLevel
INFO: Applying difficulty level model.difficulty.veryEasy
May 16, 2018 8:06:33 PM net.sf.freecol.common.model.Specification clean
INFO: Specification clean following load from InputStream complete, starting year=1492, season year=1600, ages=[1,109,309], seasons=2, 241 FreeColGameObjectTypes, 78 Abilities, 41 BuildingTypes, 14 Disasters, 5 EuropeanNationTypes, 2 Events, 25 FoundingFathers, 21 GoodsTypes, 8 IndianNationTypes, 60 Modifiers, 17 Nations, 112 Options, 22 Option Groups, 12 ResourceTypes, 11 Roles, 23 TileTypes, 6 TileImprovementTypes, 42 UnitTypes read.
May 16, 2018 8:06:34 PM net.sf.freecol.common.model.Specification fixRoles
INFO: Loading role backward compatibility fragment: roles-compat.xml with roles: model.role.defaultmodel.role.scoutmodel.role.soldiermodel.role.dragoonmodel.role.pioneermodel.role.missionarymodel.role.infantrymodel.role.cavalrymodel.role.mountedBravemodel.role.armedBravemodel.role.nativeDragoon
May 16, 2018 8:06:34 PM net.sf.freecol.common.model.Specification checkDifficultyOptionGroup
INFO: Check group model.difficulty.immigration
May 16, 2018 8:06:34 PM net.sf.freecol.common.model.Specification checkDifficultyOptionGroup
INFO: Check group model.difficulty.natives
May 16, 2018 8:06:34 PM net.sf.freecol.common.model.Specification checkDifficultyOptionGroup
INFO: Check group model.difficulty.monarch
May 16, 2018 8:06:34 PM net.sf.freecol.common.model.Specification checkDifficultyOptionGroup
INFO: Check group model.difficulty.government
May 16, 2018 8:06:34 PM net.sf.freecol.common.model.Specification checkDifficultyOptionGroup
INFO: Check group model.difficulty.other
May 16, 2018 8:06:34 PM net.sf.freecol.common.model.Specification checkDifficultyOptionGroup
INFO: Check group model.difficulty.cheat
May 16, 2018 8:06:34 PM net.sf.freecol.common.model.Specification checkDifficultyUnitListOption
INFO: Added difficulty unit list option: model.option.immigrants
May 16, 2018 8:06:34 PM net.sf.freecol.common.model.Specification clean
INFO: Specification clean following load from InputStream complete, starting year=1492, season year=1600, ages=[1,109,309], seasons=2, 247 FreeColGameObjectTypes, 78 Abilities, 41 BuildingTypes, 14 Disasters, 5 EuropeanNationTypes, 2 Events, 25 FoundingFathers, 21 GoodsTypes, 8 IndianNationTypes, 60 Modifiers, 17 Nations, 65 Options, 16 Option Groups, 12 ResourceTypes, 11 Roles, 23 TileTypes, 6 TileImprovementTypes, 42 UnitTypes read.
May 16, 2018 8:06:34 PM net.sf.freecol.common.model.Specification applyDifficultyLevel
INFO: Applying difficulty level model.difficulty.veryEasy
May 16, 2018 8:06:34 PM net.sf.freecol.common.model.Specification checkDifficultyOptionGroup
INFO: Check group model.difficulty.immigration
May 16, 2018 8:06:34 PM net.sf.freecol.common.model.Specification checkDifficultyOptionGroup
INFO: Check group model.difficulty.natives
May 16, 2018 8:06:34 PM net.sf.freecol.common.model.Specification checkDifficultyOptionGroup
INFO: Check group model.difficulty.monarch
May 16, 2018 8:06:34 PM net.sf.freecol.common.model.Specification checkDifficultyOptionGroup
INFO: Check group model.difficulty.government
May 16, 2018 8:06:34 PM net.sf.freecol.common.model.Specification checkDifficultyOptionGroup
INFO: Check group model.difficulty.other
May 16, 2018 8:06:34 PM net.sf.freecol.common.model.Specification checkDifficultyOptionGroup
INFO: Check group model.difficulty.cheat
May 16, 2018 8:06:34 PM net.sf.freecol.common.model.Specification applyDifficultyLevel
INFO: Applying difficulty level model.difficulty.veryEasy
May 16, 2018 8:06:34 PM net.sf.freecol.common.model.Specification clean
INFO: Specification clean following load from InputStream complete, starting year=1492, season year=1600, ages=[1,109,309], seasons=2, 241 FreeColGameObjectTypes, 78 Abilities, 41 BuildingTypes, 14 Disasters, 5 EuropeanNationTypes, 2 Events, 25 FoundingFathers, 21 GoodsTypes, 8 IndianNationTypes, 60 Modifiers, 17 Nations, 112 Options, 22 Option Groups, 12 ResourceTypes, 11 Roles, 23 TileTypes, 6 TileImprovementTypes, 42 UnitTypes read.
May 16, 2018 8:06:34 PM net.sf.freecol.common.model.Specification applyDifficultyLevel
INFO: Applying difficulty level model.difficulty.medium
May 16, 2018 8:06:34 PM net.sf.freecol.common.model.Specification applyDifficultyLevel
INFO: Applying difficulty level model.difficulty.medium
May 16, 2018 8:06:34 PM net.sf.freecol.common.model.Specification applyDifficultyLevel
INFO: Applying difficulty level model.difficulty.medium
May 16, 2018 8:06:34 PM net.sf.freecol.common.util.LogBuilder log
INFO: Destroying: goodsContainer:776 goodsContainer:778 unit:777 indianSettlement:775
May 16, 2018 8:06:34 PM net.sf.freecol.common.util.LogBuilder log
INFO: Destroying: goodsContainer:782 goodsContainer:784 unit:783 indianSettlement:781
May 16, 2018 8:06:34 PM net.sf.freecol.common.util.LogBuilder log
INFO: Destroying: goodsContainer:786 goodsContainer:788 unit:787 indianSettlement:785
May 16, 2018 8:06:34 PM net.sf.freecol.common.util.LogBuilder log
INFO: Destroying: goodsContainer:790 goodsContainer:792 unit:791 indianSettlement:789
May 16, 2018 8:06:34 PM net.sf.freecol.common.model.Specification applyDifficultyLevel
INFO: Applying difficulty level model.difficulty.medium
May 16, 2018 8:06:34 PM net.sf.freecol.common.model.Specification applyDifficultyLevel
INFO: Applying difficulty level model.difficulty.medium
May 16, 2018 8:06:34 PM net.sf.freecol.common.model.Specification applyDifficultyLevel
INFO: Applying difficulty level model.difficulty.medium
May 16, 2018 8:06:34 PM net.sf.freecol.common.model.Specification applyDifficultyLevel
INFO: Applying difficulty level model.difficulty.medium
May 16, 2018 8:06:34 PM net.sf.freecol.common.model.Specification applyDifficultyLevel
INFO: Applying difficulty level model.difficulty.medium
May 16, 2018 8:06:34 PM net.sf.freecol.common.model.Specification applyDifficultyLevel
INFO: Applying difficulty level model.difficulty.medium
May 16, 2018 8:06:34 PM net.sf.freecol.common.util.LogBuilder log
INFO: Destroying: tileImprovement:799
May 16, 2018 8:06:34 PM net.sf.freecol.common.model.Specification applyDifficultyLevel
INFO: Applying difficulty level model.difficulty.medium
May 16, 2018 8:06:34 PM net.sf.freecol.common.model.Specification applyDifficultyLevel
INFO: Applying difficulty level model.difficulty.medium
May 16, 2018 8:06:34 PM net.sf.freecol.common.model.Specification applyDifficultyLevel
INFO: Applying difficulty level model.difficulty.medium
May 16, 2018 8:06:34 PM net.sf.freecol.common.util.LogBuilder log
INFO: Destroying: tileImprovement:780
May 16, 2018 8:06:34 PM net.sf.freecol.common.model.Specification applyDifficultyLevel
INFO: Applying difficulty level model.difficulty.medium
May 16, 2018 8:06:34 PM net.sf.freecol.common.model.Specification applyDifficultyLevel
INFO: Applying difficulty level model.difficulty.medium
May 16, 2018 8:06:34 PM net.sf.freecol.common.model.Specification applyDifficultyLevel
INFO: Applying difficulty level model.difficulty.medium
May 16, 2018 8:06:34 PM net.sf.freecol.common.model.Specification applyDifficultyLevel
INFO: Applying difficulty level model.difficulty.medium
May 16, 2018 8:06:34 PM net.sf.freecol.common.model.Specification applyDifficultyLevel
INFO: Applying difficulty level model.difficulty.medium
May 16, 2018 8:06:34 PM net.sf.freecol.common.model.Specification applyDifficultyLevel
INFO: Applying difficulty level model.difficulty.medium
May 16, 2018 8:06:34 PM net.sf.freecol.common.model.Specification applyDifficultyLevel
INFO: Applying difficulty level model.difficulty.medium
May 16, 2018 8:06:34 PM net.sf.freecol.common.util.LogBuilder log
INFO: Destroying: tileImprovement:804
May 16, 2018 8:06:34 PM net.sf.freecol.common.model.Specification applyDifficultyLevel
INFO: Applying difficulty level model.difficulty.medium
May 16, 2018 8:06:34 PM net.sf.freecol.common.model.Specification applyDifficultyLevel
INFO: Applying difficulty level model.difficulty.medium
May 16, 2018 8:06:34 PM net.sf.freecol.common.model.Unit setLocation
WARNING: Can not add [unit:775 dutch merchantman 5/5] to tile:573
May 16, 2018 8:06:34 PM net.sf.freecol.common.model.Specification applyDifficultyLevel
INFO: Applying difficulty level model.difficulty.medium
May 16, 2018 8:06:34 PM net.sf.freecol.common.model.Unit setLocation
WARNING: Can not add [unit:775 dutch merchantman 5/5] to tile:573
May 16, 2018 8:06:34 PM net.sf.freecol.common.model.Specification applyDifficultyLevel
INFO: Applying difficulty level model.difficulty.medium
May 16, 2018 8:06:34 PM net.sf.freecol.common.model.Specification applyDifficultyLevel
INFO: Applying difficulty level model.difficulty.medium
May 16, 2018 8:06:34 PM net.sf.freecol.common.model.Specification applyDifficultyLevel
INFO: Applying difficulty level model.difficulty.medium
May 16, 2018 8:06:34 PM net.sf.freecol.common.model.Specification applyDifficultyLevel
INFO: Applying difficulty level model.difficulty.medium
May 16, 2018 8:06:34 PM net.sf.freecol.common.util.LogBuilder log
INFO: Destroying: goodsContainer:782 unit:781
May 16, 2018 8:06:34 PM net.sf.freecol.common.model.Specification applyDifficultyLevel
INFO: Applying difficulty level model.difficulty.medium
May 16, 2018 8:06:34 PM net.sf.freecol.common.model.Specification applyDifficultyLevel
INFO: Applying difficulty level model.difficulty.medium
May 16, 2018 8:06:34 PM net.sf.freecol.common.model.Unit setLocation
WARNING: Can not add [unit:775 dutch merchantman 5/5] to tile:573
May 16, 2018 8:06:34 PM net.sf.freecol.common.model.Specification applyDifficultyLevel
INFO: Applying difficulty level model.difficulty.medium
May 16, 2018 8:06:34 PM net.sf.freecol.common.model.Specification applyDifficultyLevel
INFO: Applying difficulty level model.difficulty.medium
May 16, 2018 8:06:34 PM net.sf.freecol.common.model.Unit setLocation
WARNING: Can not add [unit:777 dutch galleon 6/6] to tile:629
May 16, 2018 8:06:34 PM net.sf.freecol.common.model.Specification applyDifficultyLevel
INFO: Applying difficulty level model.difficulty.medium
May 16, 2018 8:06:34 PM net.sf.freecol.common.model.Specification applyDifficultyLevel
INFO: Applying difficulty level model.difficulty.medium
May 16, 2018 8:06:34 PM net.sf.freecol.common.model.Specification applyDifficultyLevel
INFO: Applying difficulty level model.difficulty.veryEasy
May 16, 2018 8:06:34 PM net.sf.freecol.common.model.Specification applyDifficultyLevel
INFO: Applying difficulty level model.difficulty.easy
May 16, 2018 8:06:34 PM net.sf.freecol.common.model.Specification applyDifficultyLevel
INFO: Applying difficulty level model.difficulty.medium
May 16, 2018 8:06:34 PM net.sf.freecol.common.model.Specification applyDifficultyLevel
INFO: Applying difficulty level model.difficulty.hard
May 16, 2018 8:06:34 PM net.sf.freecol.common.model.Specification applyDifficultyLevel
INFO: Applying difficulty level model.difficulty.veryHard
May 16, 2018 8:06:34 PM net.sf.freecol.common.model.Specification applyDifficultyLevel
INFO: Applying difficulty level model.difficulty.veryEasy
May 16, 2018 8:06:34 PM net.sf.freecol.common.model.Specification applyDifficultyLevel
INFO: Applying difficulty level model.difficulty.easy
May 16, 2018 8:06:34 PM net.sf.freecol.common.model.Specification applyDifficultyLevel
INFO: Applying difficulty level model.difficulty.medium
May 16, 2018 8:06:34 PM net.sf.freecol.common.model.Specification applyDifficultyLevel
INFO: Applying difficulty level model.difficulty.hard
May 16, 2018 8:06:34 PM net.sf.freecol.common.model.Specification applyDifficultyLevel
INFO: Applying difficulty level model.difficulty.veryHard
May 16, 2018 8:06:34 PM net.sf.freecol.common.model.Specification applyDifficultyLevel
INFO: Applying difficulty level model.difficulty.medium
May 16, 2018 8:06:34 PM net.sf.freecol.common.model.Specification applyDifficultyLevel
INFO: Applying difficulty level model.difficulty.medium
May 16, 2018 8:06:34 PM net.sf.freecol.common.model.Unit setLocation
WARNING: Can not add [unit:775 dutch frigate 6/6] to tile:574
May 16, 2018 8:06:34 PM net.sf.freecol.common.model.Specification applyDifficultyLevel
INFO: Applying difficulty level model.difficulty.medium
May 16, 2018 8:06:34 PM net.sf.freecol.common.model.Specification applyDifficultyLevel
INFO: Applying difficulty level model.difficulty.medium
May 16, 2018 8:06:34 PM net.sf.freecol.common.model.Specification applyDifficultyLevel
INFO: Applying difficulty level model.difficulty.medium
May 16, 2018 8:06:34 PM net.sf.freecol.common.model.Specification applyDifficultyLevel
INFO: Applying difficulty level model.difficulty.medium
May 16, 2018 8:06:34 PM net.sf.freecol.common.model.Specification applyDifficultyLevel
INFO: Applying difficulty level model.difficulty.medium
May 16, 2018 8:06:34 PM net.sf.freecol.common.resources.FontResource <init>
INFO: Loaded font: Serif.plain from: urn:font:Serif-PLAIN-12
May 16, 2018 8:06:34 PM net.sf.freecol.common.resources.FontResource <init>
INFO: Loaded font: Dialog.plain from: urn:font:Dialog-PLAIN-12
May 16, 2018 8:06:34 PM net.sf.freecol.common.resources.FontResource <init>
INFO: Loaded font: ShadowedBlack from: file:/C:/cshome/sschei7/documents/FreeCol/COSC442-finalproject/FreeCol/data/base/resources/fonts/ShadowedBlack.ttf
May 16, 2018 8:06:34 PM net.sf.freecol.common.util.LogBuilder log
INFO: Resource mapping, data\base/resources.properties loaded, data\base/resources_en.properties not found
May 16, 2018 8:06:34 PM net.sf.freecol.common.resources.ResourceManager setBaseMapping
INFO: setBaseMapping net.sf.freecol.common.resources.ResourceMapping@5b7c14
May 16, 2018 8:06:34 PM net.sf.freecol.common.util.LogBuilder log
INFO: Resource mapping, data\base/resources.properties loaded, data\base/resources_en.properties not found
May 16, 2018 8:06:34 PM net.sf.freecol.common.resources.ResourceManager setBaseMapping
INFO: setBaseMapping net.sf.freecol.common.resources.ResourceMapping@9cd4d8
May 16, 2018 8:06:34 PM net.sf.freecol.common.resources.ResourceMapping add
WARNING: Rejecting malformed resource key: sound.josh
May 16, 2018 8:06:34 PM net.sf.freecol.common.util.LogBuilder log
INFO: Resource mapping, data\rules\classic/resources.properties loaded, data\rules\classic/resources_en.properties not found
May 16, 2018 8:06:34 PM net.sf.freecol.common.resources.ResourceManager setTcMapping
INFO: setTcMapping net.sf.freecol.common.resources.ResourceMapping@18704ef
May 16, 2018 8:06:37 PM net.sf.freecol.common.FreeColSeed getFreeColSeed
INFO: Using seed: -3535091256670237081
May 16, 2018 8:06:37 PM net.sf.freecol.common.model.LandMap <init>
INFO: Using land generator model.option.landGeneratorType.classic
May 16, 2018 8:06:38 PM net.sf.freecol.common.util.LogBuilder log
INFO: Destroying: tileImprovement:4271
May 16, 2018 8:06:38 PM net.sf.freecol.common.util.LogBuilder log
INFO: Destroying: tileImprovement:4273
May 16, 2018 8:06:38 PM net.sf.freecol.common.util.LogBuilder log
INFO: Destroying: tileImprovement:4275
May 16, 2018 8:06:38 PM net.sf.freecol.common.util.LogBuilder log
INFO: Destroying: tileImprovement:4277
May 16, 2018 8:06:38 PM net.sf.freecol.common.util.LogBuilder log
INFO: Destroying: tileImprovement:4279
May 16, 2018 8:06:38 PM net.sf.freecol.common.util.LogBuilder log
INFO: Destroying: tileImprovement:4281
May 16, 2018 8:06:38 PM net.sf.freecol.common.util.LogBuilder log
INFO: Destroying: tileImprovement:4283
May 16, 2018 8:06:38 PM net.sf.freecol.common.util.LogBuilder log
INFO: Destroying: tileImprovement:4297
May 16, 2018 8:06:38 PM net.sf.freecol.common.util.LogBuilder log
INFO: Destroying: tileImprovement:4299
May 16, 2018 8:06:38 PM net.sf.freecol.common.util.LogBuilder log
INFO: Destroying: tileImprovement:4286
May 16, 2018 8:06:38 PM net.sf.freecol.common.util.LogBuilder log
INFO: Destroying: tileImprovement:4287
May 16, 2018 8:06:38 PM net.sf.freecol.common.util.LogBuilder log
INFO: Destroying: tileImprovement:4288
May 16, 2018 8:06:38 PM net.sf.freecol.common.util.LogBuilder log
INFO: Destroying: tileImprovement:4289
May 16, 2018 8:06:38 PM net.sf.freecol.common.util.LogBuilder log
INFO: Destroying: tileImprovement:4290
May 16, 2018 8:06:38 PM net.sf.freecol.common.util.LogBuilder log
INFO: Destroying: tileImprovement:4291
May 16, 2018 8:06:38 PM net.sf.freecol.common.util.LogBuilder log
INFO: Destroying: tileImprovement:4292
May 16, 2018 8:06:38 PM net.sf.freecol.common.util.LogBuilder log
INFO: Destroying: tileImprovement:4351
May 16, 2018 8:06:38 PM net.sf.freecol.common.util.LogBuilder log
INFO: Destroying: tileImprovement:4353
May 16, 2018 8:06:38 PM net.sf.freecol.common.util.LogBuilder log
INFO: Destroying: tileImprovement:4355
May 16, 2018 8:06:38 PM net.sf.freecol.common.util.LogBuilder log
INFO: Destroying: tileImprovement:4357
May 16, 2018 8:06:38 PM net.sf.freecol.common.util.LogBuilder log
INFO: Destroying: tileImprovement:4359
May 16, 2018 8:06:38 PM net.sf.freecol.common.util.LogBuilder log
INFO: Destroying: tileImprovement:4361
May 16, 2018 8:06:38 PM net.sf.freecol.common.util.LogBuilder log
INFO: Destroying: tileImprovement:4363
May 16, 2018 8:06:38 PM net.sf.freecol.common.util.LogBuilder log
INFO: Destroying: tileImprovement:4365
May 16, 2018 8:06:38 PM net.sf.freecol.common.util.LogBuilder log
INFO: Destroying: tileImprovement:4367
May 16, 2018 8:06:38 PM net.sf.freecol.common.util.LogBuilder log
INFO: Destroying: tileImprovement:4369
May 16, 2018 8:06:38 PM net.sf.freecol.common.util.LogBuilder log
INFO: Destroying: tileImprovement:4371
May 16, 2018 8:06:38 PM net.sf.freecol.common.util.LogBuilder log
INFO: Destroying: tileImprovement:4373
May 16, 2018 8:06:38 PM net.sf.freecol.common.util.LogBuilder log
INFO: Destroying: tileImprovement:4375
May 16, 2018 8:06:38 PM net.sf.freecol.common.util.LogBuilder log
INFO: Destroying: tileImprovement:4329
May 16, 2018 8:06:38 PM net.sf.freecol.common.util.LogBuilder log
INFO: Destroying: tileImprovement:4331
May 16, 2018 8:06:38 PM net.sf.freecol.common.util.LogBuilder log
INFO: Destroying: tileImprovement:4319
May 16, 2018 8:06:38 PM net.sf.freecol.common.util.LogBuilder log
INFO: Destroying: tileImprovement:4321
May 16, 2018 8:06:38 PM net.sf.freecol.common.util.LogBuilder log
INFO: Destroying: tileImprovement:4323
May 16, 2018 8:06:38 PM net.sf.freecol.common.util.LogBuilder log
INFO: Destroying: tileImprovement:4325
May 16, 2018 8:06:38 PM net.sf.freecol.common.util.LogBuilder log
INFO: Destroying: tileImprovement:4327
May 16, 2018 8:06:38 PM net.sf.freecol.common.util.LogBuilder log
INFO: Destroying: tileImprovement:4433
May 16, 2018 8:06:38 PM net.sf.freecol.common.util.LogBuilder log
INFO: Destroying: tileImprovement:4434
May 16, 2018 8:06:38 PM net.sf.freecol.common.util.LogBuilder log
INFO: Destroying: tileImprovement:4399
May 16, 2018 8:06:38 PM net.sf.freecol.common.util.LogBuilder log
INFO: Destroying: tileImprovement:4401
May 16, 2018 8:06:38 PM net.sf.freecol.common.util.LogBuilder log
INFO: Destroying: tileImprovement:4403
May 16, 2018 8:06:38 PM net.sf.freecol.common.util.LogBuilder log
INFO: Destroying: tileImprovement:4386
May 16, 2018 8:06:38 PM net.sf.freecol.common.util.LogBuilder log
INFO: Destroying: tileImprovement:4387
May 16, 2018 8:06:38 PM net.sf.freecol.common.util.LogBuilder log
INFO: Destroying: tileImprovement:4388
May 16, 2018 8:06:38 PM net.sf.freecol.common.util.LogBuilder log
INFO: Destroying: tileImprovement:4389
May 16, 2018 8:06:38 PM net.sf.freecol.common.util.LogBuilder log
INFO: Destroying: tileImprovement:4390
May 16, 2018 8:06:38 PM net.sf.freecol.common.util.LogBuilder log
INFO: Destroying: tileImprovement:4391
May 16, 2018 8:06:38 PM net.sf.freecol.common.util.LogBuilder log
INFO: Destroying: tileImprovement:4392
May 16, 2018 8:06:38 PM net.sf.freecol.common.util.LogBuilder log
INFO: Destroying: tileImprovement:4393
May 16, 2018 8:06:38 PM net.sf.freecol.common.util.LogBuilder log
INFO: Destroying: tileImprovement:4394
May 16, 2018 8:06:38 PM net.sf.freecol.common.util.LogBuilder log
INFO: Destroying: tileImprovement:4395
May 16, 2018 8:06:38 PM net.sf.freecol.common.util.LogBuilder log
INFO: Destroying: tileImprovement:4396
May 16, 2018 8:06:38 PM net.sf.freecol.common.util.LogBuilder log
INFO: Destroying: tileImprovement:4397
May 16, 2018 8:06:38 PM net.sf.freecol.common.util.LogBuilder log
INFO: Destroying: tileImprovement:4398
May 16, 2018 8:06:38 PM net.sf.freecol.common.util.LogBuilder log
INFO: Destroying: tileImprovement:4482
May 16, 2018 8:06:38 PM net.sf.freecol.common.util.LogBuilder log
INFO: Destroying: tileImprovement:4465
May 16, 2018 8:06:38 PM net.sf.freecol.common.util.LogBuilder log
INFO: Destroying: tileImprovement:4466
May 16, 2018 8:06:38 PM net.sf.freecol.common.util.LogBuilder log
INFO: Destroying: tileImprovement:4467
May 16, 2018 8:06:38 PM net.sf.freecol.common.util.LogBuilder log
INFO: Destroying: tileImprovement:4497
May 16, 2018 8:06:38 PM net.sf.freecol.common.util.LogBuilder log
INFO: Destroying: tileImprovement:4499
May 16, 2018 8:06:38 PM net.sf.freecol.common.util.LogBuilder log
INFO: Destroying: tileImprovement:4501
May 16, 2018 8:06:38 PM net.sf.freecol.common.util.LogBuilder log
INFO: Destroying: tileImprovement:4503
May 16, 2018 8:06:38 PM net.sf.freecol.common.util.LogBuilder log
INFO: Destroying: tileImprovement:4505
May 16, 2018 8:06:38 PM net.sf.freecol.common.util.LogBuilder log
INFO: Destroying: tileImprovement:4507
May 16, 2018 8:06:38 PM net.sf.freecol.common.util.LogBuilder log
INFO: Destroying: tileImprovement:4509
May 16, 2018 8:06:38 PM net.sf.freecol.common.util.LogBuilder log
INFO: Destroying: tileImprovement:4511
May 16, 2018 8:06:38 PM net.sf.freecol.common.util.LogBuilder log
INFO: Destroying: tileImprovement:4513
May 16, 2018 8:06:38 PM net.sf.freecol.common.util.LogBuilder log
INFO: Destroying: tileImprovement:4488
May 16, 2018 8:06:38 PM net.sf.freecol.common.util.LogBuilder log
INFO: Destroying: tileImprovement:4446
May 16, 2018 8:06:38 PM net.sf.freecol.common.util.LogBuilder log
INFO: Destroying: tileImprovement:4448
May 16, 2018 8:06:38 PM net.sf.freecol.common.util.LogBuilder log
INFO: Destroying: tileImprovement:4450
May 16, 2018 8:06:38 PM net.sf.freecol.common.util.LogBuilder log
INFO: Destroying: tileImprovement:4335
May 16, 2018 8:06:38 PM net.sf.freecol.common.util.LogBuilder log
INFO: Destroying: tileImprovement:4337
May 16, 2018 8:06:38 PM net.sf.freecol.common.util.LogBuilder log
INFO: Destroying: tileImprovement:4339
May 16, 2018 8:06:38 PM net.sf.freecol.common.util.LogBuilder log
INFO: Destroying: tileImprovement:4341
May 16, 2018 8:06:38 PM net.sf.freecol.common.util.LogBuilder log
INFO: Destroying: tileImprovement:4343
May 16, 2018 8:06:38 PM net.sf.freecol.common.util.LogBuilder log
INFO: Destroying: tileImprovement:4345
May 16, 2018 8:06:38 PM net.sf.freecol.common.util.LogBuilder log
INFO: Destroying: tileImprovement:4347
May 16, 2018 8:06:38 PM net.sf.freecol.common.util.LogBuilder log
INFO: Destroying: tileImprovement:4349
May 16, 2018 8:06:38 PM net.sf.freecol.common.util.LogBuilder log
INFO: Destroying: tileImprovement:4521
May 16, 2018 8:06:38 PM net.sf.freecol.common.util.LogBuilder log
INFO: Destroying: tileImprovement:4523
May 16, 2018 8:06:38 PM net.sf.freecol.common.util.LogBuilder log
INFO: Destroying: tileImprovement:4525
May 16, 2018 8:06:38 PM net.sf.freecol.common.util.LogBuilder log
INFO: Destroying: tileImprovement:4527
May 16, 2018 8:06:38 PM net.sf.freecol.common.util.LogBuilder log
INFO: Destroying: tileImprovement:4529
May 16, 2018 8:06:38 PM net.sf.freecol.common.util.LogBuilder log
INFO: Destroying: tileImprovement:4531
May 16, 2018 8:06:38 PM net.sf.freecol.common.util.LogBuilder log
INFO: Destroying: tileImprovement:4533
May 16, 2018 8:06:38 PM net.sf.freecol.common.util.LogBuilder log
INFO: Destroying: tileImprovement:4535
May 16, 2018 8:06:38 PM net.sf.freecol.common.util.LogBuilder log
INFO: Destroying: tileImprovement:4537
May 16, 2018 8:06:38 PM net.sf.freecol.common.util.LogBuilder log
INFO: Destroying: tileImprovement:4439
May 16, 2018 8:06:38 PM net.sf.freecol.common.util.LogBuilder log
INFO: Destroying: tileImprovement:4441
May 16, 2018 8:06:38 PM net.sf.freecol.common.util.LogBuilder log
INFO: Destroying: tileImprovement:4443
May 16, 2018 8:06:38 PM net.sf.freecol.common.util.LogBuilder log
INFO: Destroying: tileImprovement:4306
May 16, 2018 8:06:38 PM net.sf.freecol.common.util.LogBuilder log
INFO: Destroying: tileImprovement:4308
May 16, 2018 8:06:38 PM net.sf.freecol.common.util.LogBuilder log
INFO: Destroying: tileImprovement:4310
May 16, 2018 8:06:38 PM net.sf.freecol.common.util.LogBuilder log
INFO: Destroying: tileImprovement:4312
May 16, 2018 8:06:38 PM net.sf.freecol.common.util.LogBuilder log
INFO: Destroying: tileImprovement:4314
May 16, 2018 8:06:38 PM net.sf.freecol.common.util.LogBuilder log
INFO: Destroying: tileImprovement:4304
May 16, 2018 8:06:38 PM net.sf.freecol.common.util.LogBuilder log
INFO: Destroying: tileImprovement:4305
May 16, 2018 8:06:38 PM net.sf.freecol.common.util.LogBuilder log
INFO: Destroying: tileImprovement:4418
May 16, 2018 8:06:38 PM net.sf.freecol.common.util.LogBuilder log
INFO: Destroying: tileImprovement:4420
May 16, 2018 8:06:38 PM net.sf.freecol.common.util.LogBuilder log
INFO: Destroying: tileImprovement:4422
May 16, 2018 8:06:38 PM net.sf.freecol.common.util.LogBuilder log
INFO: Destroying: tileImprovement:4424
May 16, 2018 8:06:38 PM net.sf.freecol.common.util.LogBuilder log
INFO: Destroying: tileImprovement:4406
May 16, 2018 8:06:38 PM net.sf.freecol.common.util.LogBuilder log
INFO: Destroying: tileImprovement:4408
May 16, 2018 8:06:38 PM net.sf.freecol.common.util.LogBuilder log
INFO: Destroying: tileImprovement:4410
May 16, 2018 8:06:38 PM net.sf.freecol.common.util.LogBuilder log
INFO: Destroying: tileImprovement:4412
May 16, 2018 8:06:38 PM net.sf.freecol.common.util.LogBuilder log
INFO: Destroying: tileImprovement:4414
May 16, 2018 8:06:38 PM net.sf.freecol.common.util.LogBuilder log
INFO: Destroying: tileImprovement:4416
May 16, 2018 8:06:38 PM net.sf.freecol.common.util.LogBuilder log
INFO: Destroying: tileImprovement:4741
May 16, 2018 8:06:38 PM net.sf.freecol.common.util.LogBuilder log
INFO: Destroying: tileImprovement:4742
May 16, 2018 8:06:38 PM net.sf.freecol.common.util.LogBuilder log
INFO: Destroying: tileImprovement:4743
May 16, 2018 8:06:38 PM net.sf.freecol.common.util.LogBuilder log
INFO: Destroying: tileImprovement:4744
May 16, 2018 8:06:38 PM net.sf.freecol.common.util.LogBuilder log
INFO: Destroying: tileImprovement:4701
May 16, 2018 8:06:38 PM net.sf.freecol.common.util.LogBuilder log
INFO: Destroying: tileImprovement:4703
May 16, 2018 8:06:38 PM net.sf.freecol.common.util.LogBuilder log
INFO: Destroying: tileImprovement:4761
May 16, 2018 8:06:38 PM net.sf.freecol.common.util.LogBuilder log
INFO: Destroying: tileImprovement:4589
May 16, 2018 8:06:38 PM net.sf.freecol.common.util.LogBuilder log
INFO: Destroying: tileImprovement:4590
May 16, 2018 8:06:38 PM net.sf.freecol.common.util.LogBuilder log
INFO: Destroying: tileImprovement:4591
May 16, 2018 8:06:38 PM net.sf.freecol.common.util.LogBuilder log
INFO: Destroying: tileImprovement:4458
May 16, 2018 8:06:38 PM net.sf.freecol.common.util.LogBuilder log
INFO: Destroying: tileImprovement:4460
May 16, 2018 8:06:38 PM net.sf.freecol.common.util.LogBuilder log
INFO: Destroying: tileImprovement:4462
May 16, 2018 8:06:38 PM net.sf.freecol.common.util.LogBuilder log
INFO: Destroying: tileImprovement:4453
May 16, 2018 8:06:38 PM net.sf.freecol.common.util.LogBuilder log
INFO: Destroying: tileImprovement:4454
May 16, 2018 8:06:38 PM net.sf.freecol.common.util.LogBuilder log
INFO: Destroying: tileImprovement:4455
May 16, 2018 8:06:38 PM net.sf.freecol.common.util.LogBuilder log
INFO: Destroying: tileImprovement:4456
May 16, 2018 8:06:38 PM net.sf.freecol.common.util.LogBuilder log
INFO: Destroying: tileImprovement:4457
May 16, 2018 8:06:38 PM net.sf.freecol.common.util.LogBuilder log
INFO: Destroying: tileImprovement:4757
May 16, 2018 8:06:38 PM net.sf.freecol.common.util.LogBuilder log
INFO: Destroying: tileImprovement:4759
May 16, 2018 8:06:38 PM net.sf.freecol.common.util.LogBuilder log
INFO: Destroying: tileImprovement:4804
May 16, 2018 8:06:38 PM net.sf.freecol.common.util.LogBuilder log
INFO: Destroying: tileImprovement:4927
May 16, 2018 8:06:38 PM net.sf.freecol.common.util.LogBuilder log
INFO: Destroying: tileImprovement:4929
May 16, 2018 8:06:38 PM net.sf.freecol.common.util.LogBuilder log
INFO: Destroying: tileImprovement:4919
May 16, 2018 8:06:38 PM net.sf.freecol.common.util.LogBuilder log
INFO: Destroying: tileImprovement:4920
May 16, 2018 8:06:38 PM net.sf.freecol.common.util.LogBuilder log
INFO: Destroying: tileImprovement:4611
May 16, 2018 8:06:38 PM net.sf.freecol.common.util.LogBuilder log
INFO: Destroying: tileImprovement:4613
May 16, 2018 8:06:38 PM net.sf.freecol.common.util.LogBuilder log
INFO: Destroying: tileImprovement:4615
May 16, 2018 8:06:38 PM net.sf.freecol.common.util.LogBuilder log
INFO: Destroying: tileImprovement:4617
May 16, 2018 8:06:38 PM net.sf.freecol.common.util.LogBuilder log
INFO: Destroying: tileImprovement:4619
May 16, 2018 8:06:38 PM net.sf.freecol.common.util.LogBuilder log
INFO: Destroying: tileImprovement:4621
May 16, 2018 8:06:38 PM net.sf.freecol.common.util.LogBuilder log
INFO: Destroying: tileImprovement:4623
May 16, 2018 8:06:38 PM net.sf.freecol.common.util.LogBuilder log
INFO: Destroying: tileImprovement:4625
May 16, 2018 8:06:38 PM net.sf.freecol.common.util.LogBuilder log
INFO: Destroying: tileImprovement:4627
May 16, 2018 8:06:38 PM net.sf.freecol.common.util.LogBuilder log
INFO: Destroying: tileImprovement:4629
May 16, 2018 8:06:38 PM net.sf.freecol.common.util.LogBuilder log
INFO: Destroying: tileImprovement:4560
May 16, 2018 8:06:38 PM net.sf.freecol.common.util.LogBuilder log
INFO: Destroying: tileImprovement:4562
May 16, 2018 8:06:38 PM net.sf.freecol.common.util.LogBuilder log
INFO: Destroying: tileImprovement:4564
May 16, 2018 8:06:38 PM net.sf.freecol.common.util.LogBuilder log
INFO: Destroying: tileImprovement:4566
May 16, 2018 8:06:38 PM net.sf.freecol.common.util.LogBuilder log
INFO: Destroying: tileImprovement:4540
May 16, 2018 8:06:38 PM net.sf.freecol.common.util.LogBuilder log
INFO: Destroying: tileImprovement:4541
May 16, 2018 8:06:38 PM net.sf.freecol.common.util.LogBuilder log
INFO: Destroying: tileImprovement:4542
May 16, 2018 8:06:38 PM net.sf.freecol.common.util.LogBuilder log
INFO: Destroying: tileImprovement:4543
May 16, 2018 8:06:38 PM net.sf.freecol.common.util.LogBuilder log
INFO: Destroying: tileImprovement:4544
May 16, 2018 8:06:38 PM net.sf.freecol.common.util.LogBuilder log
INFO: Destroying: tileImprovement:4545
May 16, 2018 8:06:38 PM net.sf.freecol.common.util.LogBuilder log
INFO: Destroying: tileImprovement:4546
May 16, 2018 8:06:38 PM net.sf.freecol.common.util.LogBuilder log
INFO: Destroying: tileImprovement:4547
May 16, 2018 8:06:38 PM net.sf.freecol.common.util.LogBuilder log
INFO: Destroying: tileImprovement:4548
May 16, 2018 8:06:38 PM net.sf.freecol.common.util.LogBuilder log
INFO: Destroying: tileImprovement:4829
May 16, 2018 8:06:38 PM net.sf.freecol.common.util.LogBuilder log
INFO: Destroying: tileImprovement:4831
May 16, 2018 8:06:38 PM net.sf.freecol.common.util.LogBuilder log
INFO: Destroying: tileImprovement:4833
May 16, 2018 8:06:38 PM net.sf.freecol.common.util.LogBuilder log
INFO: Destroying: tileImprovement:4835
May 16, 2018 8:06:38 PM net.sf.freecol.common.util.LogBuilder log
INFO: Destroying: tileImprovement:4837
May 16, 2018 8:06:38 PM net.sf.freecol.common.util.LogBuilder log
INFO: Destroying: tileImprovement:4775
May 16, 2018 8:06:38 PM net.sf.freecol.common.util.LogBuilder log
INFO: Destroying: tileImprovement:4777
May 16, 2018 8:06:38 PM net.sf.freecol.common.util.LogBuilder log
INFO: Destroying: tileImprovement:4765
May 16, 2018 8:06:38 PM net.sf.freecol.common.util.LogBuilder log
INFO: Destroying: tileImprovement:4766
May 16, 2018 8:06:38 PM net.sf.freecol.common.util.LogBuilder log
INFO: Destroying: tileImprovement:4767
May 16, 2018 8:06:38 PM net.sf.freecol.common.util.LogBuilder log
INFO: Destroying: tileImprovement:4768
May 16, 2018 8:06:38 PM net.sf.freecol.common.util.LogBuilder log
INFO: Destroying: tileImprovement:4769
May 16, 2018 8:06:38 PM net.sf.freecol.common.util.LogBuilder log
INFO: Destroying: tileImprovement:4770
May 16, 2018 8:06:38 PM net.sf.freecol.common.util.LogBuilder log
INFO: Destroying: tileImprovement:5028
May 16, 2018 8:06:38 PM net.sf.freecol.common.util.LogBuilder log
INFO: Destroying: tileImprovement:5015
May 16, 2018 8:06:38 PM net.sf.freecol.common.util.LogBuilder log
INFO: Destroying: tileImprovement:5016
May 16, 2018 8:06:38 PM net.sf.freecol.common.util.LogBuilder log
INFO: Destroying: tileImprovement:5017
May 16, 2018 8:06:38 PM net.sf.freecol.common.util.LogBuilder log
INFO: Destroying: tileImprovement:5018
May 16, 2018 8:06:38 PM net.sf.freecol.common.util.LogBuilder log
INFO: Destroying: tileImprovement:5019
May 16, 2018 8:06:38 PM net.sf.freecol.common.util.LogBuilder log
INFO: Destroying: tileImprovement:4662
May 16, 2018 8:06:38 PM net.sf.freecol.common.util.LogBuilder log
INFO: Destroying: tileImprovement:4664
May 16, 2018 8:06:38 PM net.sf.freecol.common.util.LogBuilder log
INFO: Destroying: tileImprovement:4666
May 16, 2018 8:06:38 PM net.sf.freecol.common.util.LogBuilder log
INFO: Destroying: tileImprovement:4668
May 16, 2018 8:06:38 PM net.sf.freecol.common.util.LogBuilder log
INFO: Destroying: tileImprovement:4670
May 16, 2018 8:06:38 PM net.sf.freecol.common.util.LogBuilder log
INFO: Destroying: tileImprovement:4672
May 16, 2018 8:06:38 PM net.sf.freecol.server.networking.Server sendToAll
INFO: Reap dead connection: [DummyConnection Server connection - model.nation.arawak]
May 16, 2018 8:06:38 PM net.sf.freecol.server.networking.Server sendToAll
INFO: Reap dead connection: [DummyConnection Server connection - model.nation.french]
May 16, 2018 8:06:38 PM net.sf.freecol.server.networking.Server sendToAll
INFO: Reap dead connection: [DummyConnection Server connection - model.nation.apache]
May 16, 2018 8:06:38 PM net.sf.freecol.server.networking.Server sendToAll
INFO: Reap dead connection: [DummyConnection Server connection - model.nation.tupi]
May 16, 2018 8:06:38 PM net.sf.freecol.server.networking.Server sendToAll
INFO: Reap dead connection: [DummyConnection Server connection - model.nation.sioux]
May 16, 2018 8:06:38 PM net.sf.freecol.server.networking.Server sendToAll
INFO: Reap dead connection: [DummyConnection Server connection - model.nation.dutch]
May 16, 2018 8:06:38 PM net.sf.freecol.server.networking.Server sendToAll
INFO: Reap dead connection: [DummyConnection Server connection - model.nation.aztec]
May 16, 2018 8:06:38 PM net.sf.freecol.server.networking.Server sendToAll
INFO: Reap dead connection: [DummyConnection Server connection - model.nation.cherokee]
May 16, 2018 8:06:38 PM net.sf.freecol.server.networking.Server sendToAll
INFO: Reap dead connection: [DummyConnection Server connection - model.nation.iroquois]
May 16, 2018 8:06:38 PM net.sf.freecol.server.networking.Server sendToAll
INFO: Reap dead connection: [DummyConnection Server connection - model.nation.english]
May 16, 2018 8:06:38 PM net.sf.freecol.server.networking.Server sendToAll
INFO: Reap dead connection: [DummyConnection Server connection - model.nation.inca]
May 16, 2018 8:06:38 PM net.sf.freecol.server.networking.Server sendToAll
INFO: Reap dead connection: [DummyConnection Server connection - model.nation.spanish]
May 16, 2018 8:06:38 PM net.sf.freecol.common.FreeColSeed getFreeColSeed
INFO: Using seed: -5925029389425536113
May 16, 2018 8:06:38 PM net.sf.freecol.server.FreeColServer readGame
INFO: Found savegame version 13
May 16, 2018 8:06:38 PM net.sf.freecol.common.model.Game readChild
INFO: Loading specification.
May 16, 2018 8:06:38 PM net.sf.freecol.common.model.Specification checkDifficultyOptionGroup
INFO: Check group model.difficulty.immigration
May 16, 2018 8:06:38 PM net.sf.freecol.common.model.Specification checkDifficultyOptionGroup
INFO: Check group model.difficulty.natives
May 16, 2018 8:06:38 PM net.sf.freecol.common.model.Specification checkDifficultyOptionGroup
INFO: Check group model.difficulty.monarch
May 16, 2018 8:06:38 PM net.sf.freecol.common.model.Specification checkDifficultyOptionGroup
INFO: Check group model.difficulty.government
May 16, 2018 8:06:38 PM net.sf.freecol.common.model.Specification checkDifficultyOptionGroup
INFO: Check group model.difficulty.other
May 16, 2018 8:06:38 PM net.sf.freecol.common.model.Specification checkDifficultyOptionGroup
INFO: Check group model.difficulty.cheat
May 16, 2018 8:06:38 PM net.sf.freecol.common.model.Specification applyDifficultyLevel
INFO: Applying difficulty level model.difficulty.medium
May 16, 2018 8:06:38 PM net.sf.freecol.common.model.Specification clean
INFO: Specification clean following load from stream complete, starting year=1492, season year=1600, ages=[1,109,309], seasons=2, 253 FreeColGameObjectTypes, 79 Abilities, 41 BuildingTypes, 14 Disasters, 9 EuropeanNationTypes, 2 Events, 25 FoundingFathers, 21 GoodsTypes, 8 IndianNationTypes, 59 Modifiers, 25 Nations, 161 Options, 23 Option Groups, 12 ResourceTypes, 11 Roles, 23 TileTypes, 6 TileImprovementTypes, 42 UnitTypes read.
May 16, 2018 8:06:38 PM net.sf.freecol.server.FreeColServer loadGame
INFO: Game integrity test succeeded.
May 16, 2018 8:06:38 PM net.sf.freecol.server.FreeColServer loadGame
INFO: AI integrity test succeeded
May 16, 2018 8:06:38 PM net.sf.freecol.common.FreeColSeed getFreeColSeed
INFO: Using seed: 3181600311981258519
May 16, 2018 8:06:38 PM net.sf.freecol.common.model.LandMap <init>
INFO: Using land generator model.option.landGeneratorType.classic
May 16, 2018 8:06:38 PM net.sf.freecol.common.util.LogBuilder log
INFO: Destroying: tileImprovement:4367
May 16, 2018 8:06:38 PM net.sf.freecol.common.util.LogBuilder log
INFO: Destroying: tileImprovement:4369
May 16, 2018 8:06:38 PM net.sf.freecol.common.util.LogBuilder log
INFO: Destroying: tileImprovement:4446
May 16, 2018 8:06:38 PM net.sf.freecol.common.util.LogBuilder log
INFO: Destroying: tileImprovement:4448
May 16, 2018 8:06:38 PM net.sf.freecol.common.util.LogBuilder log
INFO: Destroying: tileImprovement:4469
May 16, 2018 8:06:38 PM net.sf.freecol.common.util.LogBuilder log
INFO: Destroying: tileImprovement:4471
May 16, 2018 8:06:38 PM net.sf.freecol.common.util.LogBuilder log
INFO: Destroying: tileImprovement:4473
May 16, 2018 8:06:38 PM net.sf.freecol.common.util.LogBuilder log
INFO: Destroying: tileImprovement:4475
May 16, 2018 8:06:38 PM net.sf.freecol.common.util.LogBuilder log
INFO: Destroying: tileImprovement:4477
May 16, 2018 8:06:38 PM net.sf.freecol.common.util.LogBuilder log
INFO: Destroying: tileImprovement:4479
May 16, 2018 8:06:38 PM net.sf.freecol.common.util.LogBuilder log
INFO: Destroying: tileImprovement:4481
May 16, 2018 8:06:38 PM net.sf.freecol.common.util.LogBuilder log
INFO: Destroying: tileImprovement:4483
May 16, 2018 8:06:38 PM net.sf.freecol.common.util.LogBuilder log
INFO: Destroying: tileImprovement:4398
May 16, 2018 8:06:38 PM net.sf.freecol.common.util.LogBuilder log
INFO: Destroying: tileImprovement:4378
May 16, 2018 8:06:38 PM net.sf.freecol.common.util.LogBuilder log
INFO: Destroying: tileImprovement:4380
May 16, 2018 8:06:38 PM net.sf.freecol.common.util.LogBuilder log
INFO: Destroying: tileImprovement:4382
May 16, 2018 8:06:38 PM net.sf.freecol.common.util.LogBuilder log
INFO: Destroying: tileImprovement:4384
May 16, 2018 8:06:38 PM net.sf.freecol.common.util.LogBuilder log
INFO: Destroying: tileImprovement:4386
May 16, 2018 8:06:38 PM net.sf.freecol.common.util.LogBuilder log
INFO: Destroying: tileImprovement:4388
May 16, 2018 8:06:38 PM net.sf.freecol.common.util.LogBuilder log
INFO: Destroying: tileImprovement:4390
May 16, 2018 8:06:38 PM net.sf.freecol.common.util.LogBuilder log
INFO: Destroying: tileImprovement:4392
May 16, 2018 8:06:38 PM net.sf.freecol.common.util.LogBuilder log
INFO: Destroying: tileImprovement:4394
May 16, 2018 8:06:38 PM net.sf.freecol.common.util.LogBuilder log
INFO: Destroying: tileImprovement:4396
May 16, 2018 8:06:38 PM net.sf.freecol.common.util.LogBuilder log
INFO: Destroying: tileImprovement:4548
May 16, 2018 8:06:38 PM net.sf.freecol.common.util.LogBuilder log
INFO: Destroying: tileImprovement:4516
May 16, 2018 8:06:38 PM net.sf.freecol.common.util.LogBuilder log
INFO: Destroying: tileImprovement:4517
May 16, 2018 8:06:38 PM net.sf.freecol.common.util.LogBuilder log
INFO: Destroying: tileImprovement:4518
May 16, 2018 8:06:38 PM net.sf.freecol.common.util.LogBuilder log
INFO: Destroying: tileImprovement:4519
May 16, 2018 8:06:38 PM net.sf.freecol.common.util.LogBuilder log
INFO: Destroying: tileImprovement:4520
May 16, 2018 8:06:38 PM net.sf.freecol.common.util.LogBuilder log
INFO: Destroying: tileImprovement:4521
May 16, 2018 8:06:38 PM net.sf.freecol.common.util.LogBuilder log
INFO: Destroying: tileImprovement:4522
May 16, 2018 8:06:38 PM net.sf.freecol.common.util.LogBuilder log
INFO: Destroying: tileImprovement:4533
May 16, 2018 8:06:38 PM net.sf.freecol.common.util.LogBuilder log
INFO: Destroying: tileImprovement:4515
May 16, 2018 8:06:38 PM net.sf.freecol.common.util.LogBuilder log
INFO: Destroying: tileImprovement:4461
May 16, 2018 8:06:38 PM net.sf.freecol.common.util.LogBuilder log
INFO: Destroying: tileImprovement:4451
May 16, 2018 8:06:38 PM net.sf.freecol.common.util.LogBuilder log
INFO: Destroying: tileImprovement:4303
May 16, 2018 8:06:38 PM net.sf.freecol.common.util.LogBuilder log
INFO: Destroying: tileImprovement:4305
May 16, 2018 8:06:38 PM net.sf.freecol.common.util.LogBuilder log
INFO: Destroying: tileImprovement:4307
May 16, 2018 8:06:38 PM net.sf.freecol.common.util.LogBuilder log
INFO: Destroying: tileImprovement:4309
May 16, 2018 8:06:38 PM net.sf.freecol.common.util.LogBuilder log
INFO: Destroying: tileImprovement:4311
May 16, 2018 8:06:38 PM net.sf.freecol.common.util.LogBuilder log
INFO: Destroying: tileImprovement:4313
May 16, 2018 8:06:38 PM net.sf.freecol.common.util.LogBuilder log
INFO: Destroying: tileImprovement:4315
May 16, 2018 8:06:38 PM net.sf.freecol.common.util.LogBuilder log
INFO: Destroying: tileImprovement:4317
May 16, 2018 8:06:38 PM net.sf.freecol.common.util.LogBuilder log
INFO: Destroying: tileImprovement:4319
May 16, 2018 8:06:38 PM net.sf.freecol.common.util.LogBuilder log
INFO: Destroying: tileImprovement:4321
May 16, 2018 8:06:38 PM net.sf.freecol.common.util.LogBuilder log
INFO: Destroying: tileImprovement:4323
May 16, 2018 8:06:38 PM net.sf.freecol.common.util.LogBuilder log
INFO: Destroying: tileImprovement:4325
May 16, 2018 8:06:38 PM net.sf.freecol.common.util.LogBuilder log
INFO: Destroying: tileImprovement:4327
May 16, 2018 8:06:38 PM net.sf.freecol.common.util.LogBuilder log
INFO: Destroying: tileImprovement:4329
May 16, 2018 8:06:38 PM net.sf.freecol.common.util.LogBuilder log
INFO: Destroying: tileImprovement:4331
May 16, 2018 8:06:38 PM net.sf.freecol.common.util.LogBuilder log
INFO: Destroying: tileImprovement:4333
May 16, 2018 8:06:38 PM net.sf.freecol.common.util.LogBuilder log
INFO: Destroying: tileImprovement:4335
May 16, 2018 8:06:38 PM net.sf.freecol.common.util.LogBuilder log
INFO: Destroying: tileImprovement:4337
May 16, 2018 8:06:38 PM net.sf.freecol.common.util.LogBuilder log
INFO: Destroying: tileImprovement:4339
May 16, 2018 8:06:38 PM net.sf.freecol.common.util.LogBuilder log
INFO: Destroying: tileImprovement:4341
May 16, 2018 8:06:38 PM net.sf.freecol.common.util.LogBuilder log
INFO: Destroying: tileImprovement:4343
May 16, 2018 8:06:38 PM net.sf.freecol.common.util.LogBuilder log
INFO: Destroying: tileImprovement:4345
May 16, 2018 8:06:38 PM net.sf.freecol.common.util.LogBuilder log
INFO: Destroying: tileImprovement:4347
May 16, 2018 8:06:38 PM net.sf.freecol.common.util.LogBuilder log
INFO: Destroying: tileImprovement:4349
May 16, 2018 8:06:38 PM net.sf.freecol.common.util.LogBuilder log
INFO: Destroying: tileImprovement:4351
May 16, 2018 8:06:38 PM net.sf.freecol.common.util.LogBuilder log
INFO: Destroying: tileImprovement:4353
May 16, 2018 8:06:38 PM net.sf.freecol.common.util.LogBuilder log
INFO: Destroying: tileImprovement:4355
May 16, 2018 8:06:38 PM net.sf.freecol.common.util.LogBuilder log
INFO: Destroying: tileImprovement:4357
May 16, 2018 8:06:38 PM net.sf.freecol.common.util.LogBuilder log
INFO: Destroying: tileImprovement:4359
May 16, 2018 8:06:38 PM net.sf.freecol.common.util.LogBuilder log
INFO: Destroying: tileImprovement:4361
May 16, 2018 8:06:38 PM net.sf.freecol.common.util.LogBuilder log
INFO: Destroying: tileImprovement:4363
May 16, 2018 8:06:38 PM net.sf.freecol.common.util.LogBuilder log
INFO: Destroying: tileImprovement:4365
May 16, 2018 8:06:38 PM net.sf.freecol.common.util.LogBuilder log
INFO: Destroying: tileImprovement:4433
May 16, 2018 8:06:38 PM net.sf.freecol.common.util.LogBuilder log
INFO: Destroying: tileImprovement:4434
May 16, 2018 8:06:38 PM net.sf.freecol.common.util.LogBuilder log
INFO: Destroying: tileImprovement:4494
May 16, 2018 8:06:38 PM net.sf.freecol.common.util.LogBuilder log
INFO: Destroying: tileImprovement:4496
May 16, 2018 8:06:38 PM net.sf.freecol.common.util.LogBuilder log
INFO: Destroying: tileImprovement:4498
May 16, 2018 8:06:38 PM net.sf.freecol.common.util.LogBuilder log
INFO: Destroying: tileImprovement:4488
May 16, 2018 8:06:38 PM net.sf.freecol.common.util.LogBuilder log
INFO: Destroying: tileImprovement:4489
May 16, 2018 8:06:38 PM net.sf.freecol.common.util.LogBuilder log
INFO: Destroying: tileImprovement:4465
May 16, 2018 8:06:38 PM net.sf.freecol.common.util.LogBuilder log
INFO: Destroying: tileImprovement:4467
May 16, 2018 8:06:38 PM net.sf.freecol.common.util.LogBuilder log
INFO: Destroying: tileImprovement:4583
May 16, 2018 8:06:38 PM net.sf.freecol.common.util.LogBuilder log
INFO: Destroying: tileImprovement:4585
May 16, 2018 8:06:38 PM net.sf.freecol.common.util.LogBuilder log
INFO: Destroying: tileImprovement:4587
May 16, 2018 8:06:38 PM net.sf.freecol.common.util.LogBuilder log
INFO: Destroying: tileImprovement:4589
May 16, 2018 8:06:38 PM net.sf.freecol.common.util.LogBuilder log
INFO: Destroying: tileImprovement:4591
May 16, 2018 8:06:38 PM net.sf.freecol.common.util.LogBuilder log
INFO: Destroying: tileImprovement:4593
May 16, 2018 8:06:38 PM net.sf.freecol.common.util.LogBuilder log
INFO: Destroying: tileImprovement:4578
May 16, 2018 8:06:38 PM net.sf.freecol.common.util.LogBuilder log
INFO: Destroying: tileImprovement:4556
May 16, 2018 8:06:38 PM net.sf.freecol.common.util.LogBuilder log
INFO: Destroying: tileImprovement:4557
May 16, 2018 8:06:38 PM net.sf.freecol.common.util.LogBuilder log
INFO: Destroying: tileImprovement:4558
May 16, 2018 8:06:38 PM net.sf.freecol.common.util.LogBuilder log
INFO: Destroying: tileImprovement:4559
May 16, 2018 8:06:38 PM net.sf.freecol.common.util.LogBuilder log
INFO: Destroying: tileImprovement:4560
May 16, 2018 8:06:38 PM net.sf.freecol.common.util.LogBuilder log
INFO: Destroying: tileImprovement:4561
May 16, 2018 8:06:38 PM net.sf.freecol.common.util.LogBuilder log
INFO: Destroying: tileImprovement:4562
May 16, 2018 8:06:38 PM net.sf.freecol.common.util.LogBuilder log
INFO: Destroying: tileImprovement:4563
May 16, 2018 8:06:38 PM net.sf.freecol.common.util.LogBuilder log
INFO: Destroying: tileImprovement:4564
May 16, 2018 8:06:38 PM net.sf.freecol.common.util.LogBuilder log
INFO: Destroying: tileImprovement:4565
May 16, 2018 8:06:38 PM net.sf.freecol.common.util.LogBuilder log
INFO: Destroying: tileImprovement:4774
May 16, 2018 8:06:38 PM net.sf.freecol.common.util.LogBuilder log
INFO: Destroying: tileImprovement:4775
May 16, 2018 8:06:38 PM net.sf.freecol.common.util.LogBuilder log
INFO: Destroying: tileImprovement:4776
May 16, 2018 8:06:38 PM net.sf.freecol.common.util.LogBuilder log
INFO: Destroying: tileImprovement:4777
May 16, 2018 8:06:38 PM net.sf.freecol.common.util.LogBuilder log
INFO: Destroying: tileImprovement:4778
May 16, 2018 8:06:38 PM net.sf.freecol.common.util.LogBuilder log
INFO: Destroying: tileImprovement:4490
May 16, 2018 8:06:38 PM net.sf.freecol.common.util.LogBuilder log
INFO: Destroying: tileImprovement:4492
May 16, 2018 8:06:38 PM net.sf.freecol.common.util.LogBuilder log
INFO: Destroying: tileImprovement:4724
May 16, 2018 8:06:38 PM net.sf.freecol.common.util.LogBuilder log
INFO: Destroying: tileImprovement:4725
May 16, 2018 8:06:38 PM net.sf.freecol.common.util.LogBuilder log
INFO: Destroying: tileImprovement:4726
May 16, 2018 8:06:38 PM net.sf.freecol.common.util.LogBuilder log
INFO: Destroying: tileImprovement:4504
May 16, 2018 8:06:38 PM net.sf.freecol.common.util.LogBuilder log
INFO: Destroying: tileImprovement:4506
May 16, 2018 8:06:38 PM net.sf.freecol.common.util.LogBuilder log
INFO: Destroying: tileImprovement:4508
May 16, 2018 8:06:38 PM net.sf.freecol.common.util.LogBuilder log
INFO: Destroying: tileImprovement:4510
May 16, 2018 8:06:38 PM net.sf.freecol.common.util.LogBuilder log
INFO: Destroying: tileImprovement:4838
May 16, 2018 8:06:38 PM net.sf.freecol.common.util.LogBuilder log
INFO: Destroying: tileImprovement:4840
May 16, 2018 8:06:38 PM net.sf.freecol.common.util.LogBuilder log
INFO: Destroying: tileImprovement:4842
May 16, 2018 8:06:38 PM net.sf.freecol.common.util.LogBuilder log
INFO: Destroying: tileImprovement:4844
May 16, 2018 8:06:38 PM net.sf.freecol.common.util.LogBuilder log
INFO: Destroying: tileImprovement:4846
May 16, 2018 8:06:38 PM net.sf.freecol.common.util.LogBuilder log
INFO: Destroying: tileImprovement:4848
May 16, 2018 8:06:38 PM net.sf.freecol.common.util.LogBuilder log
INFO: Destroying: tileImprovement:4850
May 16, 2018 8:06:38 PM net.sf.freecol.common.util.LogBuilder log
INFO: Destroying: tileImprovement:4834
May 16, 2018 8:06:38 PM net.sf.freecol.common.util.LogBuilder log
INFO: Destroying: tileImprovement:4835
May 16, 2018 8:06:38 PM net.sf.freecol.common.util.LogBuilder log
INFO: Destroying: tileImprovement:4836
May 16, 2018 8:06:38 PM net.sf.freecol.common.util.LogBuilder log
INFO: Destroying: tileImprovement:4837
May 16, 2018 8:06:38 PM net.sf.freecol.common.util.LogBuilder log
INFO: Destroying: tileImprovement:4435
May 16, 2018 8:06:38 PM net.sf.freecol.common.util.LogBuilder log
INFO: Destroying: tileImprovement:4437
May 16, 2018 8:06:38 PM net.sf.freecol.common.util.LogBuilder log
INFO: Destroying: tileImprovement:4439
May 16, 2018 8:06:38 PM net.sf.freecol.common.util.LogBuilder log
INFO: Destroying: tileImprovement:4824
May 16, 2018 8:06:38 PM net.sf.freecol.common.util.LogBuilder log
INFO: Destroying: tileImprovement:4826
May 16, 2018 8:06:38 PM net.sf.freecol.common.util.LogBuilder log
INFO: Destroying: tileImprovement:4828
May 16, 2018 8:06:38 PM net.sf.freecol.common.util.LogBuilder log
INFO: Destroying: tileImprovement:4830
May 16, 2018 8:06:38 PM net.sf.freecol.common.util.LogBuilder log
INFO: Destroying: tileImprovement:4820
May 16, 2018 8:06:38 PM net.sf.freecol.common.util.LogBuilder log
INFO: Destroying: tileImprovement:4821
May 16, 2018 8:06:38 PM net.sf.freecol.common.util.LogBuilder log
INFO: Destroying: tileImprovement:4616
May 16, 2018 8:06:38 PM net.sf.freecol.common.util.LogBuilder log
INFO: Destroying: tileImprovement:4618
May 16, 2018 8:06:38 PM net.sf.freecol.common.util.LogBuilder log
INFO: Destroying: tileImprovement:4620
May 16, 2018 8:06:38 PM net.sf.freecol.common.util.LogBuilder log
INFO: Destroying: tileImprovement:4622
May 16, 2018 8:06:38 PM net.sf.freecol.common.util.LogBuilder log
INFO: Destroying: tileImprovement:4624
May 16, 2018 8:06:38 PM net.sf.freecol.common.util.LogBuilder log
INFO: Destroying: tileImprovement:4626
May 16, 2018 8:06:38 PM net.sf.freecol.common.util.LogBuilder log
INFO: Destroying: tileImprovement:4628
May 16, 2018 8:06:38 PM net.sf.freecol.common.util.LogBuilder log
INFO: Destroying: tileImprovement:4630
May 16, 2018 8:06:38 PM net.sf.freecol.common.util.LogBuilder log
INFO: Destroying: tileImprovement:4632
May 16, 2018 8:06:38 PM net.sf.freecol.common.util.LogBuilder log
INFO: Destroying: tileImprovement:4613
May 16, 2018 8:06:38 PM net.sf.freecol.common.util.LogBuilder log
INFO: Destroying: tileImprovement:4736
May 16, 2018 8:06:38 PM net.sf.freecol.common.util.LogBuilder log
INFO: Destroying: tileImprovement:4738
May 16, 2018 8:06:38 PM net.sf.freecol.common.util.LogBuilder log
INFO: Destroying: tileImprovement:4740
May 16, 2018 8:06:38 PM net.sf.freecol.common.util.LogBuilder log
INFO: Destroying: tileImprovement:4742
May 16, 2018 8:06:38 PM net.sf.freecol.common.util.LogBuilder log
INFO: Destroying: tileImprovement:4734
May 16, 2018 8:06:38 PM net.sf.freecol.common.util.LogBuilder log
INFO: Destroying: tileImprovement:4862
May 16, 2018 8:06:38 PM net.sf.freecol.common.util.LogBuilder log
INFO: Destroying: tileImprovement:4864
May 16, 2018 8:06:38 PM net.sf.freecol.common.util.LogBuilder log
INFO: Destroying: tileImprovement:4866
May 16, 2018 8:06:38 PM net.sf.freecol.common.util.LogBuilder log
INFO: Destroying: tileImprovement:4855
May 16, 2018 8:06:38 PM net.sf.freecol.common.util.LogBuilder log
INFO: Destroying: tileImprovement:4856
May 16, 2018 8:06:38 PM net.sf.freecol.common.util.LogBuilder log
INFO: Destroying: tileImprovement:4857
May 16, 2018 8:06:38 PM net.sf.freecol.common.util.LogBuilder log
INFO: Destroying: tileImprovement:4858
May 16, 2018 8:06:38 PM net.sf.freecol.common.util.LogBuilder log
INFO: Destroying: tileImprovement:4859
May 16, 2018 8:06:38 PM net.sf.freecol.common.util.LogBuilder log
INFO: Destroying: tileImprovement:4860
May 16, 2018 8:06:38 PM net.sf.freecol.common.util.LogBuilder log
INFO: Destroying: tileImprovement:4861
May 16, 2018 8:06:38 PM net.sf.freecol.common.util.LogBuilder log
INFO: Destroying: tileImprovement:4707
May 16, 2018 8:06:38 PM net.sf.freecol.common.util.LogBuilder log
INFO: Destroying: tileImprovement:4709
May 16, 2018 8:06:38 PM net.sf.freecol.common.util.LogBuilder log
INFO: Destroying: tileImprovement:4711
May 16, 2018 8:06:38 PM net.sf.freecol.common.util.LogBuilder log
INFO: Destroying: tileImprovement:4713
May 16, 2018 8:06:38 PM net.sf.freecol.common.util.LogBuilder log
INFO: Destroying: tileImprovement:4715
May 16, 2018 8:06:38 PM net.sf.freecol.common.util.LogBuilder log
INFO: Destroying: tileImprovement:4717
May 16, 2018 8:06:38 PM net.sf.freecol.common.util.LogBuilder log
INFO: Destroying: tileImprovement:4697
May 16, 2018 8:06:38 PM net.sf.freecol.server.networking.Server sendToAll
INFO: Reap dead connection: [DummyConnection Server connection - model.nation.tupi]
May 16, 2018 8:06:38 PM net.sf.freecol.server.networking.Server sendToAll
INFO: Reap dead connection: [DummyConnection Server connection - model.nation.inca]
May 16, 2018 8:06:38 PM net.sf.freecol.server.networking.Server sendToAll
INFO: Reap dead connection: [DummyConnection Server connection - model.nation.apache]
May 16, 2018 8:06:38 PM net.sf.freecol.server.networking.Server sendToAll
INFO: Reap dead connection: [DummyConnection Server connection - model.nation.aztec]
May 16, 2018 8:06:38 PM net.sf.freecol.server.networking.Server sendToAll
INFO: Reap dead connection: [DummyConnection Server connection - model.nation.cherokee]
May 16, 2018 8:06:38 PM net.sf.freecol.server.networking.Server sendToAll
INFO: Reap dead connection: [DummyConnection Server connection - model.nation.english]
May 16, 2018 8:06:38 PM net.sf.freecol.server.networking.Server sendToAll
INFO: Reap dead connection: [DummyConnection Server connection - model.nation.iroquois]
May 16, 2018 8:06:38 PM net.sf.freecol.server.networking.Server sendToAll
INFO: Reap dead connection: [DummyConnection Server connection - model.nation.dutch]
May 16, 2018 8:06:38 PM net.sf.freecol.server.networking.Server sendToAll
INFO: Reap dead connection: [DummyConnection Server connection - model.nation.french]
May 16, 2018 8:06:38 PM net.sf.freecol.server.networking.Server sendToAll
INFO: Reap dead connection: [DummyConnection Server connection - model.nation.arawak]
May 16, 2018 8:06:38 PM net.sf.freecol.server.networking.Server sendToAll
INFO: Reap dead connection: [DummyConnection Server connection - model.nation.sioux]
May 16, 2018 8:06:38 PM net.sf.freecol.server.networking.Server sendToAll
INFO: Reap dead connection: [DummyConnection Server connection - model.nation.spanish]
May 16, 2018 8:06:38 PM net.sf.freecol.server.FreeColServer readGame
INFO: Found savegame version 13
May 16, 2018 8:06:38 PM net.sf.freecol.common.model.Game readChild
INFO: Loading specification.
May 16, 2018 8:06:38 PM net.sf.freecol.common.model.Specification checkDifficultyOptionGroup
INFO: Check group model.difficulty.immigration
May 16, 2018 8:06:38 PM net.sf.freecol.common.model.Specification checkDifficultyOptionGroup
INFO: Check group model.difficulty.natives
May 16, 2018 8:06:38 PM net.sf.freecol.common.model.Specification checkDifficultyOptionGroup
INFO: Check group model.difficulty.monarch
May 16, 2018 8:06:38 PM net.sf.freecol.common.model.Specification checkDifficultyOptionGroup
INFO: Check group model.difficulty.government
May 16, 2018 8:06:38 PM net.sf.freecol.common.model.Specification checkDifficultyOptionGroup
INFO: Check group model.difficulty.other
May 16, 2018 8:06:38 PM net.sf.freecol.common.model.Specification checkDifficultyOptionGroup
INFO: Check group model.difficulty.cheat
May 16, 2018 8:06:38 PM net.sf.freecol.common.model.Specification applyDifficultyLevel
INFO: Applying difficulty level model.difficulty.medium
May 16, 2018 8:06:38 PM net.sf.freecol.common.model.Specification clean
INFO: Specification clean following load from stream complete, starting year=1492, season year=1600, ages=[1,109,309], seasons=2, 253 FreeColGameObjectTypes, 79 Abilities, 41 BuildingTypes, 14 Disasters, 9 EuropeanNationTypes, 2 Events, 25 FoundingFathers, 21 GoodsTypes, 8 IndianNationTypes, 59 Modifiers, 25 Nations, 161 Options, 23 Option Groups, 12 ResourceTypes, 11 Roles, 23 TileTypes, 6 TileImprovementTypes, 42 UnitTypes read.
May 16, 2018 8:06:38 PM net.sf.freecol.server.FreeColServer loadGame
INFO: Game integrity test succeeded.
May 16, 2018 8:06:38 PM net.sf.freecol.server.FreeColServer loadGame
INFO: AI integrity test succeeded
May 16, 2018 8:06:38 PM net.sf.freecol.common.FreeColSeed getFreeColSeed
INFO: Using seed: -2303536563697014773
May 16, 2018 8:06:38 PM net.sf.freecol.common.model.LandMap <init>
INFO: Using land generator model.option.landGeneratorType.classic
May 16, 2018 8:06:38 PM net.sf.freecol.common.util.LogBuilder log
INFO: Destroying: tileImprovement:4433
May 16, 2018 8:06:38 PM net.sf.freecol.common.util.LogBuilder log
INFO: Destroying: tileImprovement:4435
May 16, 2018 8:06:38 PM net.sf.freecol.common.util.LogBuilder log
INFO: Destroying: tileImprovement:4437
May 16, 2018 8:06:38 PM net.sf.freecol.common.util.LogBuilder log
INFO: Destroying: tileImprovement:4439
May 16, 2018 8:06:38 PM net.sf.freecol.common.util.LogBuilder log
INFO: Destroying: tileImprovement:4441
May 16, 2018 8:06:38 PM net.sf.freecol.common.util.LogBuilder log
INFO: Destroying: tileImprovement:4443
May 16, 2018 8:06:38 PM net.sf.freecol.common.util.LogBuilder log
INFO: Destroying: tileImprovement:4445
May 16, 2018 8:06:38 PM net.sf.freecol.common.util.LogBuilder log
INFO: Destroying: tileImprovement:4447
May 16, 2018 8:06:38 PM net.sf.freecol.common.util.LogBuilder log
INFO: Destroying: tileImprovement:4449
May 16, 2018 8:06:38 PM net.sf.freecol.common.util.LogBuilder log
INFO: Destroying: tileImprovement:4451
May 16, 2018 8:06:38 PM net.sf.freecol.common.util.LogBuilder log
INFO: Destroying: tileImprovement:4453
May 16, 2018 8:06:38 PM net.sf.freecol.common.util.LogBuilder log
INFO: Destroying: tileImprovement:4423
May 16, 2018 8:06:38 PM net.sf.freecol.common.util.LogBuilder log
INFO: Destroying: tileImprovement:4465
May 16, 2018 8:06:38 PM net.sf.freecol.common.util.LogBuilder log
INFO: Destroying: tileImprovement:4466
May 16, 2018 8:06:38 PM net.sf.freecol.common.util.LogBuilder log
INFO: Destroying: tileImprovement:4467
May 16, 2018 8:06:38 PM net.sf.freecol.common.util.LogBuilder log
INFO: Destroying: tileImprovement:4468
May 16, 2018 8:06:38 PM net.sf.freecol.common.util.LogBuilder log
INFO: Destroying: tileImprovement:4469
May 16, 2018 8:06:38 PM net.sf.freecol.common.util.LogBuilder log
INFO: Destroying: tileImprovement:4470
May 16, 2018 8:06:38 PM net.sf.freecol.common.util.LogBuilder log
INFO: Destroying: tileImprovement:4471
May 16, 2018 8:06:38 PM net.sf.freecol.common.util.LogBuilder log
INFO: Destroying: tileImprovement:4472
May 16, 2018 8:06:38 PM net.sf.freecol.common.util.LogBuilder log
INFO: Destroying: tileImprovement:4279
May 16, 2018 8:06:38 PM net.sf.freecol.common.util.LogBuilder log
INFO: Destroying: tileImprovement:4281
May 16, 2018 8:06:38 PM net.sf.freecol.common.util.LogBuilder log
INFO: Destroying: tileImprovement:4283
May 16, 2018 8:06:38 PM net.sf.freecol.common.util.LogBuilder log
INFO: Destroying: tileImprovement:4285
May 16, 2018 8:06:38 PM net.sf.freecol.common.util.LogBuilder log
INFO: Destroying: tileImprovement:4287
May 16, 2018 8:06:38 PM net.sf.freecol.common.util.LogBuilder log
INFO: Destroying: tileImprovement:4289
May 16, 2018 8:06:38 PM net.sf.freecol.common.util.LogBuilder log
INFO: Destroying: tileImprovement:4291
May 16, 2018 8:06:38 PM net.sf.freecol.common.util.LogBuilder log
INFO: Destroying: tileImprovement:4293
May 16, 2018 8:06:38 PM net.sf.freecol.common.util.LogBuilder log
INFO: Destroying: tileImprovement:4295
May 16, 2018 8:06:38 PM net.sf.freecol.common.util.LogBuilder log
INFO: Destroying: tileImprovement:4297
May 16, 2018 8:06:38 PM net.sf.freecol.common.util.LogBuilder log
INFO: Destroying: tileImprovement:4299
May 16, 2018 8:06:38 PM net.sf.freecol.common.util.LogBuilder log
INFO: Destroying: tileImprovement:4301
May 16, 2018 8:06:38 PM net.sf.freecol.common.util.LogBuilder log
INFO: Destroying: tileImprovement:4303
May 16, 2018 8:06:38 PM net.sf.freecol.common.util.LogBuilder log
INFO: Destroying: tileImprovement:4305
May 16, 2018 8:06:38 PM net.sf.freecol.common.util.LogBuilder log
INFO: Destroying: tileImprovement:4307
May 16, 2018 8:06:38 PM net.sf.freecol.common.util.LogBuilder log
INFO: Destroying: tileImprovement:4309
May 16, 2018 8:06:38 PM net.sf.freecol.common.util.LogBuilder log
INFO: Destroying: tileImprovement:4311
May 16, 2018 8:06:38 PM net.sf.freecol.common.util.LogBuilder log
INFO: Destroying: tileImprovement:4313
May 16, 2018 8:06:38 PM net.sf.freecol.common.util.LogBuilder log
INFO: Destroying: tileImprovement:4315
May 16, 2018 8:06:38 PM net.sf.freecol.common.util.LogBuilder log
INFO: Destroying: tileImprovement:4317
May 16, 2018 8:06:38 PM net.sf.freecol.common.util.LogBuilder log
INFO: Destroying: tileImprovement:4319
May 16, 2018 8:06:38 PM net.sf.freecol.common.util.LogBuilder log
INFO: Destroying: tileImprovement:4321
May 16, 2018 8:06:38 PM net.sf.freecol.common.util.LogBuilder log
INFO: Destroying: tileImprovement:4323
May 16, 2018 8:06:38 PM net.sf.freecol.common.util.LogBuilder log
INFO: Destroying: tileImprovement:4325
May 16, 2018 8:06:38 PM net.sf.freecol.common.util.LogBuilder log
INFO: Destroying: tileImprovement:4327
May 16, 2018 8:06:38 PM net.sf.freecol.common.util.LogBuilder log
INFO: Destroying: tileImprovement:4329
May 16, 2018 8:06:38 PM net.sf.freecol.common.util.LogBuilder log
INFO: Destroying: tileImprovement:4331
May 16, 2018 8:06:38 PM net.sf.freecol.common.util.LogBuilder log
INFO: Destroying: tileImprovement:4333
May 16, 2018 8:06:38 PM net.sf.freecol.common.util.LogBuilder log
INFO: Destroying: tileImprovement:4335
May 16, 2018 8:06:38 PM net.sf.freecol.common.util.LogBuilder log
INFO: Destroying: tileImprovement:4337
May 16, 2018 8:06:38 PM net.sf.freecol.common.util.LogBuilder log
INFO: Destroying: tileImprovement:4339
May 16, 2018 8:06:38 PM net.sf.freecol.common.util.LogBuilder log
INFO: Destroying: tileImprovement:4341
May 16, 2018 8:06:38 PM net.sf.freecol.common.util.LogBuilder log
INFO: Destroying: tileImprovement:4343
May 16, 2018 8:06:38 PM net.sf.freecol.common.util.LogBuilder log
INFO: Destroying: tileImprovement:4345
May 16, 2018 8:06:38 PM net.sf.freecol.common.util.LogBuilder log
INFO: Destroying: tileImprovement:4569
May 16, 2018 8:06:38 PM net.sf.freecol.common.util.LogBuilder log
INFO: Destroying: tileImprovement:4570
May 16, 2018 8:06:38 PM net.sf.freecol.common.util.LogBuilder log
INFO: Destroying: tileImprovement:4571
May 16, 2018 8:06:38 PM net.sf.freecol.common.util.LogBuilder log
INFO: Destroying: tileImprovement:4572
May 16, 2018 8:06:38 PM net.sf.freecol.common.util.LogBuilder log
INFO: Destroying: tileImprovement:4573
May 16, 2018 8:06:38 PM net.sf.freecol.common.util.LogBuilder log
INFO: Destroying: tileImprovement:4574
May 16, 2018 8:06:38 PM net.sf.freecol.common.util.LogBuilder log
INFO: Destroying: tileImprovement:4575
May 16, 2018 8:06:38 PM net.sf.freecol.common.util.LogBuilder log
INFO: Destroying: tileImprovement:4576
May 16, 2018 8:06:38 PM net.sf.freecol.common.util.LogBuilder log
INFO: Destroying: tileImprovement:4577
May 16, 2018 8:06:38 PM net.sf.freecol.common.util.LogBuilder log
INFO: Destroying: tileImprovement:4578
May 16, 2018 8:06:38 PM net.sf.freecol.common.util.LogBuilder log
INFO: Destroying: tileImprovement:4557
May 16, 2018 8:06:38 PM net.sf.freecol.common.util.LogBuilder log
INFO: Destroying: tileImprovement:4558
May 16, 2018 8:06:38 PM net.sf.freecol.common.util.LogBuilder log
INFO: Destroying: tileImprovement:4559
May 16, 2018 8:06:38 PM net.sf.freecol.common.util.LogBuilder log
INFO: Destroying: tileImprovement:4560
May 16, 2018 8:06:38 PM net.sf.freecol.common.util.LogBuilder log
INFO: Destroying: tileImprovement:4561
May 16, 2018 8:06:38 PM net.sf.freecol.common.util.LogBuilder log
INFO: Destroying: tileImprovement:4562
May 16, 2018 8:06:38 PM net.sf.freecol.common.util.LogBuilder log
INFO: Destroying: tileImprovement:4563
May 16, 2018 8:06:38 PM net.sf.freecol.common.util.LogBuilder log
INFO: Destroying: tileImprovement:4564
May 16, 2018 8:06:38 PM net.sf.freecol.common.util.LogBuilder log
INFO: Destroying: tileImprovement:4565
May 16, 2018 8:06:38 PM net.sf.freecol.common.util.LogBuilder log
INFO: Destroying: tileImprovement:4566
May 16, 2018 8:06:38 PM net.sf.freecol.common.util.LogBuilder log
INFO: Destroying: tileImprovement:4567
May 16, 2018 8:06:38 PM net.sf.freecol.common.util.LogBuilder log
INFO: Destroying: tileImprovement:4568
May 16, 2018 8:06:38 PM net.sf.freecol.common.util.LogBuilder log
INFO: Destroying: tileImprovement:4392
May 16, 2018 8:06:38 PM net.sf.freecol.common.util.LogBuilder log
INFO: Destroying: tileImprovement:4394
May 16, 2018 8:06:38 PM net.sf.freecol.common.util.LogBuilder log
INFO: Destroying: tileImprovement:4396
May 16, 2018 8:06:38 PM net.sf.freecol.common.util.LogBuilder log
INFO: Destroying: tileImprovement:4398
May 16, 2018 8:06:38 PM net.sf.freecol.common.util.LogBuilder log
INFO: Destroying: tileImprovement:4400
May 16, 2018 8:06:38 PM net.sf.freecol.common.util.LogBuilder log
INFO: Destroying: tileImprovement:4402
May 16, 2018 8:06:38 PM net.sf.freecol.common.util.LogBuilder log
INFO: Destroying: tileImprovement:4404
May 16, 2018 8:06:38 PM net.sf.freecol.common.util.LogBuilder log
INFO: Destroying: tileImprovement:4406
May 16, 2018 8:06:38 PM net.sf.freecol.common.util.LogBuilder log
INFO: Destroying: tileImprovement:4408
May 16, 2018 8:06:38 PM net.sf.freecol.common.util.LogBuilder log
INFO: Destroying: tileImprovement:4410
May 16, 2018 8:06:38 PM net.sf.freecol.common.util.LogBuilder log
INFO: Destroying: tileImprovement:4412
May 16, 2018 8:06:38 PM net.sf.freecol.common.util.LogBuilder log
INFO: Destroying: tileImprovement:4414
May 16, 2018 8:06:38 PM net.sf.freecol.common.util.LogBuilder log
INFO: Destroying: tileImprovement:4416
May 16, 2018 8:06:38 PM net.sf.freecol.common.util.LogBuilder log
INFO: Destroying: tileImprovement:4418
May 16, 2018 8:06:38 PM net.sf.freecol.common.util.LogBuilder log
INFO: Destroying: tileImprovement:4351
May 16, 2018 8:06:38 PM net.sf.freecol.common.util.LogBuilder log
INFO: Destroying: tileImprovement:4353
May 16, 2018 8:06:38 PM net.sf.freecol.common.util.LogBuilder log
INFO: Destroying: tileImprovement:4355
May 16, 2018 8:06:38 PM net.sf.freecol.common.util.LogBuilder log
INFO: Destroying: tileImprovement:4357
May 16, 2018 8:06:38 PM net.sf.freecol.common.util.LogBuilder log
INFO: Destroying: tileImprovement:4359
May 16, 2018 8:06:38 PM net.sf.freecol.common.util.LogBuilder log
INFO: Destroying: tileImprovement:4361
May 16, 2018 8:06:38 PM net.sf.freecol.common.util.LogBuilder log
INFO: Destroying: tileImprovement:4363
May 16, 2018 8:06:38 PM net.sf.freecol.common.util.LogBuilder log
INFO: Destroying: tileImprovement:4365
May 16, 2018 8:06:38 PM net.sf.freecol.common.util.LogBuilder log
INFO: Destroying: tileImprovement:4367
May 16, 2018 8:06:38 PM net.sf.freecol.common.util.LogBuilder log
INFO: Destroying: tileImprovement:4369
May 16, 2018 8:06:38 PM net.sf.freecol.common.util.LogBuilder log
INFO: Destroying: tileImprovement:4371
May 16, 2018 8:06:38 PM net.sf.freecol.common.util.LogBuilder log
INFO: Destroying: tileImprovement:4373
May 16, 2018 8:06:38 PM net.sf.freecol.common.util.LogBuilder log
INFO: Destroying: tileImprovement:4375
May 16, 2018 8:06:38 PM net.sf.freecol.common.util.LogBuilder log
INFO: Destroying: tileImprovement:4377
May 16, 2018 8:06:38 PM net.sf.freecol.common.util.LogBuilder log
INFO: Destroying: tileImprovement:4379
May 16, 2018 8:06:38 PM net.sf.freecol.common.util.LogBuilder log
INFO: Destroying: tileImprovement:4381
May 16, 2018 8:06:38 PM net.sf.freecol.common.util.LogBuilder log
INFO: Destroying: tileImprovement:4383
May 16, 2018 8:06:38 PM net.sf.freecol.common.util.LogBuilder log
INFO: Destroying: tileImprovement:4385
May 16, 2018 8:06:38 PM net.sf.freecol.common.util.LogBuilder log
INFO: Destroying: tileImprovement:4387
May 16, 2018 8:06:38 PM net.sf.freecol.common.util.LogBuilder log
INFO: Destroying: tileImprovement:4389
May 16, 2018 8:06:38 PM net.sf.freecol.common.util.LogBuilder log
INFO: Destroying: tileImprovement:4473
May 16, 2018 8:06:38 PM net.sf.freecol.common.util.LogBuilder log
INFO: Destroying: tileImprovement:4475
May 16, 2018 8:06:38 PM net.sf.freecol.common.util.LogBuilder log
INFO: Destroying: tileImprovement:4477
May 16, 2018 8:06:38 PM net.sf.freecol.common.util.LogBuilder log
INFO: Destroying: tileImprovement:4479
May 16, 2018 8:06:38 PM net.sf.freecol.common.util.LogBuilder log
INFO: Destroying: tileImprovement:4481
May 16, 2018 8:06:38 PM net.sf.freecol.common.util.LogBuilder log
INFO: Destroying: tileImprovement:4483
May 16, 2018 8:06:38 PM net.sf.freecol.common.util.LogBuilder log
INFO: Destroying: tileImprovement:4485
May 16, 2018 8:06:38 PM net.sf.freecol.common.util.LogBuilder log
INFO: Destroying: tileImprovement:4487
May 16, 2018 8:06:38 PM net.sf.freecol.common.util.LogBuilder log
INFO: Destroying: tileImprovement:4489
May 16, 2018 8:06:38 PM net.sf.freecol.common.util.LogBuilder log
INFO: Destroying: tileImprovement:4491
May 16, 2018 8:06:38 PM net.sf.freecol.common.util.LogBuilder log
INFO: Destroying: tileImprovement:4493
May 16, 2018 8:06:38 PM net.sf.freecol.common.util.LogBuilder log
INFO: Destroying: tileImprovement:4495
May 16, 2018 8:06:38 PM net.sf.freecol.common.util.LogBuilder log
INFO: Destroying: tileImprovement:4497
May 16, 2018 8:06:38 PM net.sf.freecol.common.util.LogBuilder log
INFO: Destroying: tileImprovement:4499
May 16, 2018 8:06:38 PM net.sf.freecol.common.util.LogBuilder log
INFO: Destroying: tileImprovement:4501
May 16, 2018 8:06:38 PM net.sf.freecol.common.util.LogBuilder log
INFO: Destroying: tileImprovement:4503
May 16, 2018 8:06:38 PM net.sf.freecol.common.util.LogBuilder log
INFO: Destroying: tileImprovement:4505
May 16, 2018 8:06:38 PM net.sf.freecol.common.util.LogBuilder log
INFO: Destroying: tileImprovement:4507
May 16, 2018 8:06:38 PM net.sf.freecol.common.util.LogBuilder log
INFO: Destroying: tileImprovement:4509
May 16, 2018 8:06:38 PM net.sf.freecol.common.util.LogBuilder log
INFO: Destroying: tileImprovement:4511
May 16, 2018 8:06:38 PM net.sf.freecol.common.util.LogBuilder log
INFO: Destroying: tileImprovement:4513
May 16, 2018 8:06:38 PM net.sf.freecol.common.util.LogBuilder log
INFO: Destroying: tileImprovement:4515
May 16, 2018 8:06:38 PM net.sf.freecol.common.util.LogBuilder log
INFO: Destroying: tileImprovement:4517
May 16, 2018 8:06:38 PM net.sf.freecol.common.util.LogBuilder log
INFO: Destroying: tileImprovement:4519
May 16, 2018 8:06:38 PM net.sf.freecol.common.util.LogBuilder log
INFO: Destroying: tileImprovement:4461
May 16, 2018 8:06:38 PM net.sf.freecol.common.util.LogBuilder log
INFO: Destroying: tileImprovement:4462
May 16, 2018 8:06:38 PM net.sf.freecol.common.util.LogBuilder log
INFO: Destroying: tileImprovement:4463
May 16, 2018 8:06:38 PM net.sf.freecol.common.util.LogBuilder log
INFO: Destroying: tileImprovement:4464
May 16, 2018 8:06:38 PM net.sf.freecol.common.util.LogBuilder log
INFO: Destroying: tileImprovement:4702
May 16, 2018 8:06:38 PM net.sf.freecol.common.util.LogBuilder log
INFO: Destroying: tileImprovement:4703
May 16, 2018 8:06:38 PM net.sf.freecol.common.util.LogBuilder log
INFO: Destroying: tileImprovement:4704
May 16, 2018 8:06:38 PM net.sf.freecol.common.util.LogBuilder log
INFO: Destroying: tileImprovement:4705
May 16, 2018 8:06:38 PM net.sf.freecol.common.util.LogBuilder log
INFO: Destroying: tileImprovement:4737
May 16, 2018 8:06:38 PM net.sf.freecol.common.util.LogBuilder log
INFO: Destroying: tileImprovement:4739
May 16, 2018 8:06:38 PM net.sf.freecol.common.util.LogBuilder log
INFO: Destroying: tileImprovement:4713
May 16, 2018 8:06:38 PM net.sf.freecol.common.util.LogBuilder log
INFO: Destroying: tileImprovement:4714
May 16, 2018 8:06:38 PM net.sf.freecol.common.util.LogBuilder log
INFO: Destroying: tileImprovement:4715
May 16, 2018 8:06:38 PM net.sf.freecol.common.util.LogBuilder log
INFO: Destroying: tileImprovement:4716
May 16, 2018 8:06:38 PM net.sf.freecol.common.util.LogBuilder log
INFO: Destroying: tileImprovement:4717
May 16, 2018 8:06:38 PM net.sf.freecol.common.util.LogBuilder log
INFO: Destroying: tileImprovement:4718
May 16, 2018 8:06:38 PM net.sf.freecol.common.util.LogBuilder log
INFO: Destroying: tileImprovement:4719
May 16, 2018 8:06:38 PM net.sf.freecol.common.util.LogBuilder log
INFO: Destroying: tileImprovement:4720
May 16, 2018 8:06:38 PM net.sf.freecol.common.util.LogBuilder log
INFO: Destroying: tileImprovement:4721
May 16, 2018 8:06:38 PM net.sf.freecol.common.util.LogBuilder log
INFO: Destroying: tileImprovement:4722
May 16, 2018 8:06:38 PM net.sf.freecol.common.util.LogBuilder log
INFO: Destroying: tileImprovement:4723
May 16, 2018 8:06:38 PM net.sf.freecol.common.util.LogBuilder log
INFO: Destroying: tileImprovement:4724
May 16, 2018 8:06:38 PM net.sf.freecol.common.util.LogBuilder log
INFO: Destroying: tileImprovement:4725
May 16, 2018 8:06:38 PM net.sf.freecol.common.util.LogBuilder log
INFO: Destroying: tileImprovement:4726
May 16, 2018 8:06:38 PM net.sf.freecol.common.util.LogBuilder log
INFO: Destroying: tileImprovement:4727
May 16, 2018 8:06:38 PM net.sf.freecol.common.util.LogBuilder log
INFO: Destroying: tileImprovement:4728
May 16, 2018 8:06:38 PM net.sf.freecol.common.util.LogBuilder log
INFO: Destroying: tileImprovement:4729
May 16, 2018 8:06:38 PM net.sf.freecol.common.util.LogBuilder log
INFO: Destroying: tileImprovement:4730
May 16, 2018 8:06:38 PM net.sf.freecol.common.util.LogBuilder log
INFO: Destroying: tileImprovement:4731
May 16, 2018 8:06:38 PM net.sf.freecol.common.util.LogBuilder log
INFO: Destroying: tileImprovement:4732
May 16, 2018 8:06:38 PM net.sf.freecol.common.util.LogBuilder log
INFO: Destroying: tileImprovement:4640
May 16, 2018 8:06:38 PM net.sf.freecol.common.util.LogBuilder log
INFO: Destroying: tileImprovement:4642
May 16, 2018 8:06:38 PM net.sf.freecol.common.util.LogBuilder log
INFO: Destroying: tileImprovement:4644
May 16, 2018 8:06:38 PM net.sf.freecol.common.util.LogBuilder log
INFO: Destroying: tileImprovement:4646
May 16, 2018 8:06:38 PM net.sf.freecol.common.util.LogBuilder log
INFO: Destroying: tileImprovement:4648
May 16, 2018 8:06:38 PM net.sf.freecol.common.util.LogBuilder log
INFO: Destroying: tileImprovement:4650
May 16, 2018 8:06:38 PM net.sf.freecol.common.util.LogBuilder log
INFO: Destroying: tileImprovement:4271
May 16, 2018 8:06:38 PM net.sf.freecol.common.util.LogBuilder log
INFO: Destroying: tileImprovement:4273
May 16, 2018 8:06:38 PM net.sf.freecol.common.util.LogBuilder log
INFO: Destroying: tileImprovement:4275
May 16, 2018 8:06:38 PM net.sf.freecol.common.util.LogBuilder log
INFO: Destroying: tileImprovement:4277
May 16, 2018 8:06:38 PM net.sf.freecol.common.util.LogBuilder log
INFO: Destroying: tileImprovement:4545
May 16, 2018 8:06:38 PM net.sf.freecol.common.util.LogBuilder log
INFO: Destroying: tileImprovement:4546
May 16, 2018 8:06:38 PM net.sf.freecol.common.util.LogBuilder log
INFO: Destroying: tileImprovement:4547
May 16, 2018 8:06:38 PM net.sf.freecol.common.util.LogBuilder log
INFO: Destroying: tileImprovement:4548
May 16, 2018 8:06:38 PM net.sf.freecol.common.util.LogBuilder log
INFO: Destroying: tileImprovement:4549
May 16, 2018 8:06:38 PM net.sf.freecol.common.util.LogBuilder log
INFO: Destroying: tileImprovement:4550
May 16, 2018 8:06:38 PM net.sf.freecol.common.util.LogBuilder log
INFO: Destroying: tileImprovement:4551
May 16, 2018 8:06:38 PM net.sf.freecol.common.util.LogBuilder log
INFO: Destroying: tileImprovement:4552
May 16, 2018 8:06:38 PM net.sf.freecol.common.util.LogBuilder log
INFO: Destroying: tileImprovement:4553
May 16, 2018 8:06:38 PM net.sf.freecol.common.util.LogBuilder log
INFO: Destroying: tileImprovement:4554
May 16, 2018 8:06:38 PM net.sf.freecol.common.util.LogBuilder log
INFO: Destroying: tileImprovement:4555
May 16, 2018 8:06:38 PM net.sf.freecol.common.util.LogBuilder log
INFO: Destroying: tileImprovement:4556
May 16, 2018 8:06:38 PM net.sf.freecol.common.util.LogBuilder log
INFO: Destroying: tileImprovement:4638
May 16, 2018 8:06:38 PM net.sf.freecol.common.util.LogBuilder log
INFO: Destroying: tileImprovement:4825
May 16, 2018 8:06:38 PM net.sf.freecol.common.util.LogBuilder log
INFO: Destroying: tileImprovement:4826
May 16, 2018 8:06:38 PM net.sf.freecol.common.util.LogBuilder log
INFO: Destroying: tileImprovement:4827
May 16, 2018 8:06:38 PM net.sf.freecol.common.util.LogBuilder log
INFO: Destroying: tileImprovement:4828
May 16, 2018 8:06:38 PM net.sf.freecol.common.util.LogBuilder log
INFO: Destroying: tileImprovement:4829
May 16, 2018 8:06:38 PM net.sf.freecol.common.util.LogBuilder log
INFO: Destroying: tileImprovement:4830
May 16, 2018 8:06:38 PM net.sf.freecol.common.util.LogBuilder log
INFO: Destroying: tileImprovement:4765
May 16, 2018 8:06:38 PM net.sf.freecol.common.util.LogBuilder log
INFO: Destroying: tileImprovement:4766
May 16, 2018 8:06:38 PM net.sf.freecol.common.util.LogBuilder log
INFO: Destroying: tileImprovement:4767
May 16, 2018 8:06:38 PM net.sf.freecol.common.util.LogBuilder log
INFO: Destroying: tileImprovement:4768
May 16, 2018 8:06:38 PM net.sf.freecol.common.util.LogBuilder log
INFO: Destroying: tileImprovement:4769
May 16, 2018 8:06:38 PM net.sf.freecol.common.util.LogBuilder log
INFO: Destroying: tileImprovement:4770
May 16, 2018 8:06:38 PM net.sf.freecol.common.util.LogBuilder log
INFO: Destroying: tileImprovement:4771
May 16, 2018 8:06:38 PM net.sf.freecol.common.util.LogBuilder log
INFO: Destroying: tileImprovement:4772
May 16, 2018 8:06:38 PM net.sf.freecol.common.util.LogBuilder log
INFO: Destroying: tileImprovement:4773
May 16, 2018 8:06:38 PM net.sf.freecol.common.util.LogBuilder log
INFO: Destroying: tileImprovement:4774
May 16, 2018 8:06:38 PM net.sf.freecol.common.util.LogBuilder log
INFO: Destroying: tileImprovement:4775
May 16, 2018 8:06:38 PM net.sf.freecol.common.util.LogBuilder log
INFO: Destroying: tileImprovement:4776
May 16, 2018 8:06:38 PM net.sf.freecol.common.util.LogBuilder log
INFO: Destroying: tileImprovement:4777
May 16, 2018 8:06:38 PM net.sf.freecol.common.util.LogBuilder log
INFO: Destroying: tileImprovement:4778
May 16, 2018 8:06:38 PM net.sf.freecol.common.util.LogBuilder log
INFO: Destroying: tileImprovement:4530
May 16, 2018 8:06:38 PM net.sf.freecol.common.util.LogBuilder log
INFO: Destroying: tileImprovement:4532
May 16, 2018 8:06:38 PM net.sf.freecol.common.util.LogBuilder log
INFO: Destroying: tileImprovement:4534
May 16, 2018 8:06:38 PM net.sf.freecol.common.util.LogBuilder log
INFO: Destroying: tileImprovement:4536
May 16, 2018 8:06:38 PM net.sf.freecol.common.util.LogBuilder log
INFO: Destroying: tileImprovement:4538
May 16, 2018 8:06:38 PM net.sf.freecol.common.util.LogBuilder log
INFO: Destroying: tileImprovement:4425
May 16, 2018 8:06:38 PM net.sf.freecol.common.util.LogBuilder log
INFO: Destroying: tileImprovement:4427
May 16, 2018 8:06:38 PM net.sf.freecol.common.util.LogBuilder log
INFO: Destroying: tileImprovement:4429
May 16, 2018 8:06:38 PM net.sf.freecol.common.util.LogBuilder log
INFO: Destroying: tileImprovement:4431
May 16, 2018 8:06:38 PM net.sf.freecol.common.util.LogBuilder log
INFO: Destroying: tileImprovement:4587
May 16, 2018 8:06:38 PM net.sf.freecol.common.util.LogBuilder log
INFO: Destroying: tileImprovement:4589
May 16, 2018 8:06:38 PM net.sf.freecol.common.util.LogBuilder log
INFO: Destroying: tileImprovement:4591
May 16, 2018 8:06:38 PM net.sf.freecol.common.util.LogBuilder log
INFO: Destroying: tileImprovement:4593
May 16, 2018 8:06:38 PM net.sf.freecol.common.util.LogBuilder log
INFO: Destroying: tileImprovement:4595
May 16, 2018 8:06:38 PM net.sf.freecol.common.util.LogBuilder log
INFO: Destroying: tileImprovement:4597
May 16, 2018 8:06:38 PM net.sf.freecol.common.util.LogBuilder log
INFO: Destroying: tileImprovement:4599
May 16, 2018 8:06:38 PM net.sf.freecol.common.util.LogBuilder log
INFO: Destroying: tileImprovement:4601
May 16, 2018 8:06:38 PM net.sf.freecol.common.util.LogBuilder log
INFO: Destroying: tileImprovement:4757
May 16, 2018 8:06:38 PM net.sf.freecol.common.util.LogBuilder log
INFO: Destroying: tileImprovement:4758
May 16, 2018 8:06:38 PM net.sf.freecol.common.util.LogBuilder log
INFO: Destroying: tileImprovement:4759
May 16, 2018 8:06:38 PM net.sf.freecol.common.util.LogBuilder log
INFO: Destroying: tileImprovement:4760
May 16, 2018 8:06:38 PM net.sf.freecol.common.util.LogBuilder log
INFO: Destroying: tileImprovement:4761
May 16, 2018 8:06:38 PM net.sf.freecol.common.util.LogBuilder log
INFO: Destroying: tileImprovement:4762
May 16, 2018 8:06:38 PM net.sf.freecol.common.util.LogBuilder log
INFO: Destroying: tileImprovement:4763
May 16, 2018 8:06:38 PM net.sf.freecol.common.util.LogBuilder log
INFO: Destroying: tileImprovement:4764
May 16, 2018 8:06:38 PM net.sf.freecol.common.util.LogBuilder log
INFO: Destroying: tileImprovement:5047
May 16, 2018 8:06:38 PM net.sf.freecol.common.util.LogBuilder log
INFO: Destroying: tileImprovement:5048
May 16, 2018 8:06:38 PM net.sf.freecol.common.util.LogBuilder log
INFO: Destroying: tileImprovement:5049
May 16, 2018 8:06:38 PM net.sf.freecol.common.util.LogBuilder log
INFO: Destroying: tileImprovement:5050
May 16, 2018 8:06:38 PM net.sf.freecol.common.util.LogBuilder log
INFO: Destroying: tileImprovement:5051
May 16, 2018 8:06:38 PM net.sf.freecol.common.util.LogBuilder log
INFO: Destroying: tileImprovement:5052
May 16, 2018 8:06:38 PM net.sf.freecol.common.util.LogBuilder log
INFO: Destroying: tileImprovement:5053
May 16, 2018 8:06:38 PM net.sf.freecol.common.util.LogBuilder log
INFO: Destroying: tileImprovement:5054
May 16, 2018 8:06:38 PM net.sf.freecol.common.util.LogBuilder log
INFO: Destroying: tileImprovement:4708
May 16, 2018 8:06:38 PM net.sf.freecol.common.util.LogBuilder log
INFO: Destroying: tileImprovement:4692
May 16, 2018 8:06:38 PM net.sf.freecol.common.util.LogBuilder log
INFO: Destroying: tileImprovement:4693
May 16, 2018 8:06:38 PM net.sf.freecol.common.util.LogBuilder log
INFO: Destroying: tileImprovement:4694
May 16, 2018 8:06:38 PM net.sf.freecol.common.util.LogBuilder log
INFO: Destroying: tileImprovement:4695
May 16, 2018 8:06:38 PM net.sf.freecol.common.util.LogBuilder log
INFO: Destroying: tileImprovement:4696
May 16, 2018 8:06:38 PM net.sf.freecol.common.util.LogBuilder log
INFO: Destroying: tileImprovement:4697
May 16, 2018 8:06:38 PM net.sf.freecol.common.util.LogBuilder log
INFO: Destroying: tileImprovement:4698
May 16, 2018 8:06:38 PM net.sf.freecol.common.util.LogBuilder log
INFO: Destroying: tileImprovement:4699
May 16, 2018 8:06:38 PM net.sf.freecol.common.util.LogBuilder log
INFO: Destroying: tileImprovement:4700
May 16, 2018 8:06:38 PM net.sf.freecol.common.util.LogBuilder log
INFO: Destroying: tileImprovement:4701
May 16, 2018 8:06:38 PM net.sf.freecol.common.util.LogBuilder log
INFO: Destroying: tileImprovement:5066
May 16, 2018 8:06:38 PM net.sf.freecol.common.util.LogBuilder log
INFO: Destroying: tileImprovement:5068
May 16, 2018 8:06:38 PM net.sf.freecol.common.util.LogBuilder log
INFO: Destroying: tileImprovement:5070
May 16, 2018 8:06:38 PM net.sf.freecol.common.util.LogBuilder log
INFO: Destroying: tileImprovement:5031
May 16, 2018 8:06:38 PM net.sf.freecol.common.util.LogBuilder log
INFO: Destroying: tileImprovement:5033
May 16, 2018 8:06:38 PM net.sf.freecol.common.util.LogBuilder log
INFO: Destroying: tileImprovement:5035
May 16, 2018 8:06:38 PM net.sf.freecol.common.util.LogBuilder log
INFO: Destroying: tileImprovement:5037
May 16, 2018 8:06:38 PM net.sf.freecol.common.util.LogBuilder log
INFO: Destroying: tileImprovement:5039
May 16, 2018 8:06:38 PM net.sf.freecol.server.networking.Server sendToAll
INFO: Reap dead connection: [DummyConnection Server connection - model.nation.tupi]
May 16, 2018 8:06:38 PM net.sf.freecol.server.networking.Server sendToAll
INFO: Reap dead connection: [DummyConnection Server connection - model.nation.english]
May 16, 2018 8:06:38 PM net.sf.freecol.server.networking.Server sendToAll
INFO: Reap dead connection: [DummyConnection Server connection - model.nation.apache]
May 16, 2018 8:06:38 PM net.sf.freecol.server.networking.Server sendToAll
INFO: Reap dead connection: [DummyConnection Server connection - model.nation.inca]
May 16, 2018 8:06:38 PM net.sf.freecol.server.networking.Server sendToAll
INFO: Reap dead connection: [DummyConnection Server connection - model.nation.spanish]
May 16, 2018 8:06:38 PM net.sf.freecol.server.networking.Server sendToAll
INFO: Reap dead connection: [DummyConnection Server connection - model.nation.arawak]
May 16, 2018 8:06:38 PM net.sf.freecol.server.networking.Server sendToAll
INFO: Reap dead connection: [DummyConnection Server connection - model.nation.french]
May 16, 2018 8:06:38 PM net.sf.freecol.server.networking.Server sendToAll
INFO: Reap dead connection: [DummyConnection Server connection - model.nation.sioux]
May 16, 2018 8:06:38 PM net.sf.freecol.server.networking.Server sendToAll
INFO: Reap dead connection: [DummyConnection Server connection - model.nation.aztec]
May 16, 2018 8:06:38 PM net.sf.freecol.server.networking.Server sendToAll
INFO: Reap dead connection: [DummyConnection Server connection - model.nation.dutch]
May 16, 2018 8:06:38 PM net.sf.freecol.server.networking.Server sendToAll
INFO: Reap dead connection: [DummyConnection Server connection - model.nation.iroquois]
May 16, 2018 8:06:38 PM net.sf.freecol.server.networking.Server sendToAll
INFO: Reap dead connection: [DummyConnection Server connection - model.nation.cherokee]
May 16, 2018 8:06:38 PM net.sf.freecol.common.FreeColSeed getFreeColSeed
INFO: Using seed: -3787214249887137968
May 16, 2018 8:06:39 PM net.sf.freecol.server.FreeColServer readGame
INFO: Found savegame version 13
May 16, 2018 8:06:39 PM net.sf.freecol.common.model.Game readChild
INFO: Reloading specification.
May 16, 2018 8:06:39 PM net.sf.freecol.common.model.Specification checkDifficultyOptionGroup
INFO: Check group model.difficulty.immigration
May 16, 2018 8:06:39 PM net.sf.freecol.common.model.Specification checkDifficultyOptionGroup
INFO: Check group model.difficulty.natives
May 16, 2018 8:06:39 PM net.sf.freecol.common.model.Specification checkDifficultyOptionGroup
INFO: Check group model.difficulty.monarch
May 16, 2018 8:06:39 PM net.sf.freecol.common.model.Specification checkDifficultyOptionGroup
INFO: Check group model.difficulty.government
May 16, 2018 8:06:39 PM net.sf.freecol.common.model.Specification checkDifficultyOptionGroup
INFO: Check group model.difficulty.other
May 16, 2018 8:06:39 PM net.sf.freecol.common.model.Specification checkDifficultyOptionGroup
INFO: Check group model.difficulty.cheat
May 16, 2018 8:06:39 PM net.sf.freecol.common.model.Specification applyDifficultyLevel
INFO: Applying difficulty level model.difficulty.medium
May 16, 2018 8:06:39 PM net.sf.freecol.common.model.Specification clean
INFO: Specification clean following load from stream complete, starting year=1492, season year=1600, ages=[1,109,309], seasons=2, 253 FreeColGameObjectTypes, 79 Abilities, 41 BuildingTypes, 14 Disasters, 9 EuropeanNationTypes, 2 Events, 25 FoundingFathers, 21 GoodsTypes, 8 IndianNationTypes, 59 Modifiers, 25 Nations, 161 Options, 23 Option Groups, 12 ResourceTypes, 11 Roles, 23 TileTypes, 6 TileImprovementTypes, 42 UnitTypes read.
May 16, 2018 8:06:39 PM net.sf.freecol.server.FreeColServer readGame
INFO: Imported file test\data\test.fsg
May 16, 2018 8:06:39 PM net.sf.freecol.server.networking.Server sendToAll
INFO: Reap dead connection: [DummyConnection Server connection - model.nation.dutch]
May 16, 2018 8:06:39 PM net.sf.freecol.server.networking.Server sendToAll
INFO: Reap dead connection: [DummyConnection Server connection - model.nation.cherokee]
May 16, 2018 8:06:39 PM net.sf.freecol.server.networking.Server sendToAll
INFO: Reap dead connection: [DummyConnection Server connection - model.nation.tupi]
May 16, 2018 8:06:39 PM net.sf.freecol.server.networking.Server sendToAll
INFO: Reap dead connection: [DummyConnection Server connection - model.nation.sioux]
May 16, 2018 8:06:39 PM net.sf.freecol.server.networking.Server sendToAll
INFO: Reap dead connection: [DummyConnection Server connection - model.nation.arawak]
May 16, 2018 8:06:39 PM net.sf.freecol.server.networking.Server sendToAll
INFO: Reap dead connection: [DummyConnection Server connection - model.nation.english]
May 16, 2018 8:06:39 PM net.sf.freecol.server.networking.Server sendToAll
INFO: Reap dead connection: [DummyConnection Server connection - model.nation.iroquois]
May 16, 2018 8:06:39 PM net.sf.freecol.server.networking.Server sendToAll
INFO: Reap dead connection: [DummyConnection Server connection - model.nation.spanish]
May 16, 2018 8:06:39 PM net.sf.freecol.server.networking.Server sendToAll
INFO: Reap dead connection: [DummyConnection Server connection - model.nation.apache]
May 16, 2018 8:06:39 PM net.sf.freecol.server.networking.Server sendToAll
INFO: Reap dead connection: [DummyConnection Server connection - model.nation.french]
May 16, 2018 8:06:39 PM net.sf.freecol.server.networking.Server sendToAll
INFO: Reap dead connection: [DummyConnection Server connection - model.nation.inca]
May 16, 2018 8:06:39 PM net.sf.freecol.server.networking.Server sendToAll
INFO: Reap dead connection: [DummyConnection Server connection - model.nation.aztec]
May 16, 2018 8:06:39 PM net.sf.freecol.common.model.Specification applyDifficultyLevel
INFO: Applying difficulty level model.difficulty.medium
May 16, 2018 8:06:39 PM net.sf.freecol.common.FreeColSeed getFreeColSeed
INFO: Using seed: -5521838365830321929
May 16, 2018 8:06:39 PM net.sf.freecol.server.networking.Server sendToAll
INFO: Reap dead connection: [DummyConnection Server connection - model.nation.tupi]
May 16, 2018 8:06:39 PM net.sf.freecol.server.networking.Server sendToAll
INFO: Reap dead connection: [DummyConnection Server connection - model.nation.cherokee]
May 16, 2018 8:06:39 PM net.sf.freecol.server.networking.Server sendToAll
INFO: Reap dead connection: [DummyConnection Server connection - model.nation.dutch]
May 16, 2018 8:06:39 PM net.sf.freecol.server.networking.Server sendToAll
INFO: Reap dead connection: [DummyConnection Server connection - model.nation.arawak]
May 16, 2018 8:06:39 PM net.sf.freecol.server.networking.Server sendToAll
INFO: Reap dead connection: [DummyConnection Server connection - model.nation.english]
May 16, 2018 8:06:39 PM net.sf.freecol.server.networking.Server sendToAll
INFO: Reap dead connection: [DummyConnection Server connection - model.nation.sioux]
May 16, 2018 8:06:39 PM net.sf.freecol.server.networking.Server sendToAll
INFO: Reap dead connection: [DummyConnection Server connection - model.nation.spanish]
May 16, 2018 8:06:39 PM net.sf.freecol.server.networking.Server sendToAll
INFO: Reap dead connection: [DummyConnection Server connection - model.nation.french]
May 16, 2018 8:06:39 PM net.sf.freecol.server.networking.Server sendToAll
INFO: Reap dead connection: [DummyConnection Server connection - model.nation.apache]
May 16, 2018 8:06:39 PM net.sf.freecol.server.networking.Server sendToAll
INFO: Reap dead connection: [DummyConnection Server connection - model.nation.inca]
May 16, 2018 8:06:39 PM net.sf.freecol.server.networking.Server sendToAll
INFO: Reap dead connection: [DummyConnection Server connection - model.nation.aztec]
May 16, 2018 8:06:39 PM net.sf.freecol.server.networking.Server sendToAll
INFO: Reap dead connection: [DummyConnection Server connection - model.nation.iroquois]
May 16, 2018 8:06:39 PM net.sf.freecol.common.model.Specification applyDifficultyLevel
INFO: Applying difficulty level model.difficulty.medium
May 16, 2018 8:06:39 PM net.sf.freecol.common.FreeColSeed getFreeColSeed
INFO: Using seed: 5945437454395380174
May 16, 2018 8:06:39 PM net.sf.freecol.server.networking.Server sendToAll
INFO: Reap dead connection: [DummyConnection Server connection - model.nation.french]
May 16, 2018 8:06:39 PM net.sf.freecol.server.networking.Server sendToAll
INFO: Reap dead connection: [DummyConnection Server connection - model.nation.apache]
May 16, 2018 8:06:39 PM net.sf.freecol.server.networking.Server sendToAll
INFO: Reap dead connection: [DummyConnection Server connection - model.nation.dutch]
May 16, 2018 8:06:39 PM net.sf.freecol.server.networking.Server sendToAll
INFO: Reap dead connection: [DummyConnection Server connection - model.nation.tupi]
May 16, 2018 8:06:39 PM net.sf.freecol.server.networking.Server sendToAll
INFO: Reap dead connection: [DummyConnection Server connection - model.nation.sioux]
May 16, 2018 8:06:39 PM net.sf.freecol.server.networking.Server sendToAll
INFO: Reap dead connection: [DummyConnection Server connection - model.nation.inca]
May 16, 2018 8:06:39 PM net.sf.freecol.server.networking.Server sendToAll
INFO: Reap dead connection: [DummyConnection Server connection - model.nation.arawak]
May 16, 2018 8:06:39 PM net.sf.freecol.server.networking.Server sendToAll
INFO: Reap dead connection: [DummyConnection Server connection - model.nation.aztec]
May 16, 2018 8:06:39 PM net.sf.freecol.server.networking.Server sendToAll
INFO: Reap dead connection: [DummyConnection Server connection - model.nation.cherokee]
May 16, 2018 8:06:39 PM net.sf.freecol.server.networking.Server sendToAll
INFO: Reap dead connection: [DummyConnection Server connection - model.nation.iroquois]
May 16, 2018 8:06:39 PM net.sf.freecol.server.networking.Server sendToAll
INFO: Reap dead connection: [DummyConnection Server connection - model.nation.english]
May 16, 2018 8:06:39 PM net.sf.freecol.server.networking.Server sendToAll
INFO: Reap dead connection: [DummyConnection Server connection - model.nation.spanish]
May 16, 2018 8:06:39 PM net.sf.freecol.common.model.Specification applyDifficultyLevel
INFO: Applying difficulty level model.difficulty.medium
May 16, 2018 8:06:39 PM net.sf.freecol.common.FreeColSeed getFreeColSeed
INFO: Using seed: 1633222589796162698
May 16, 2018 8:06:39 PM net.sf.freecol.server.networking.Server sendToAll
INFO: Reap dead connection: [DummyConnection Server connection - model.nation.apache]
May 16, 2018 8:06:39 PM net.sf.freecol.server.networking.Server sendToAll
INFO: Reap dead connection: [DummyConnection Server connection - model.nation.french]
May 16, 2018 8:06:39 PM net.sf.freecol.server.networking.Server sendToAll
INFO: Reap dead connection: [DummyConnection Server connection - model.nation.iroquois]
May 16, 2018 8:06:39 PM net.sf.freecol.server.networking.Server sendToAll
INFO: Reap dead connection: [DummyConnection Server connection - model.nation.tupi]
May 16, 2018 8:06:39 PM net.sf.freecol.server.networking.Server sendToAll
INFO: Reap dead connection: [DummyConnection Server connection - model.nation.arawak]
May 16, 2018 8:06:39 PM net.sf.freecol.server.networking.Server sendToAll
INFO: Reap dead connection: [DummyConnection Server connection - model.nation.cherokee]
May 16, 2018 8:06:39 PM net.sf.freecol.server.networking.Server sendToAll
INFO: Reap dead connection: [DummyConnection Server connection - model.nation.english]
May 16, 2018 8:06:39 PM net.sf.freecol.server.networking.Server sendToAll
INFO: Reap dead connection: [DummyConnection Server connection - model.nation.aztec]
May 16, 2018 8:06:39 PM net.sf.freecol.server.networking.Server sendToAll
INFO: Reap dead connection: [DummyConnection Server connection - model.nation.sioux]
May 16, 2018 8:06:39 PM net.sf.freecol.server.networking.Server sendToAll
INFO: Reap dead connection: [DummyConnection Server connection - model.nation.dutch]
May 16, 2018 8:06:39 PM net.sf.freecol.server.networking.Server sendToAll
INFO: Reap dead connection: [DummyConnection Server connection - model.nation.inca]
May 16, 2018 8:06:39 PM net.sf.freecol.server.networking.Server sendToAll
INFO: Reap dead connection: [DummyConnection Server connection - model.nation.spanish]
May 16, 2018 8:06:39 PM net.sf.freecol.common.model.Specification applyDifficultyLevel
INFO: Applying difficulty level model.difficulty.medium
May 16, 2018 8:06:39 PM net.sf.freecol.common.FreeColSeed getFreeColSeed
INFO: Using seed: 3520176444539134174
May 16, 2018 8:06:39 PM net.sf.freecol.server.networking.Server sendToAll
INFO: Reap dead connection: [DummyConnection Server connection - model.nation.french]
May 16, 2018 8:06:39 PM net.sf.freecol.server.networking.Server sendToAll
INFO: Reap dead connection: [DummyConnection Server connection - model.nation.cherokee]
May 16, 2018 8:06:39 PM net.sf.freecol.server.networking.Server sendToAll
INFO: Reap dead connection: [DummyConnection Server connection - model.nation.iroquois]
May 16, 2018 8:06:39 PM net.sf.freecol.server.networking.Server sendToAll
INFO: Reap dead connection: [DummyConnection Server connection - model.nation.dutch]
May 16, 2018 8:06:39 PM net.sf.freecol.server.networking.Server sendToAll
INFO: Reap dead connection: [DummyConnection Server connection - model.nation.english]
May 16, 2018 8:06:39 PM net.sf.freecol.server.networking.Server sendToAll
INFO: Reap dead connection: [DummyConnection Server connection - model.nation.inca]
May 16, 2018 8:06:39 PM net.sf.freecol.server.networking.Server sendToAll
INFO: Reap dead connection: [DummyConnection Server connection - model.nation.aztec]
May 16, 2018 8:06:39 PM net.sf.freecol.server.networking.Server sendToAll
INFO: Reap dead connection: [DummyConnection Server connection - model.nation.spanish]
May 16, 2018 8:06:39 PM net.sf.freecol.server.networking.Server sendToAll
INFO: Reap dead connection: [DummyConnection Server connection - model.nation.arawak]
May 16, 2018 8:06:39 PM net.sf.freecol.server.networking.Server sendToAll
INFO: Reap dead connection: [DummyConnection Server connection - model.nation.sioux]
May 16, 2018 8:06:39 PM net.sf.freecol.server.networking.Server sendToAll
INFO: Reap dead connection: [DummyConnection Server connection - model.nation.apache]
May 16, 2018 8:06:39 PM net.sf.freecol.server.networking.Server sendToAll
INFO: Reap dead connection: [DummyConnection Server connection - model.nation.tupi]
May 16, 2018 8:06:39 PM net.sf.freecol.common.model.Specification applyDifficultyLevel
INFO: Applying difficulty level model.difficulty.medium
May 16, 2018 8:06:39 PM net.sf.freecol.common.FreeColSeed getFreeColSeed
INFO: Using seed: 229439791042473042
May 16, 2018 8:06:39 PM net.sf.freecol.server.networking.Server sendToAll
INFO: Reap dead connection: [DummyConnection Server connection - model.nation.inca]
May 16, 2018 8:06:39 PM net.sf.freecol.server.networking.Server sendToAll
INFO: Reap dead connection: [DummyConnection Server connection - model.nation.english]
May 16, 2018 8:06:39 PM net.sf.freecol.server.networking.Server sendToAll
INFO: Reap dead connection: [DummyConnection Server connection - model.nation.spanish]
May 16, 2018 8:06:39 PM net.sf.freecol.server.networking.Server sendToAll
INFO: Reap dead connection: [DummyConnection Server connection - model.nation.tupi]
May 16, 2018 8:06:39 PM net.sf.freecol.server.networking.Server sendToAll
INFO: Reap dead connection: [DummyConnection Server connection - model.nation.french]
May 16, 2018 8:06:39 PM net.sf.freecol.server.networking.Server sendToAll
INFO: Reap dead connection: [DummyConnection Server connection - model.nation.arawak]
May 16, 2018 8:06:39 PM net.sf.freecol.server.networking.Server sendToAll
INFO: Reap dead connection: [DummyConnection Server connection - model.nation.dutch]
May 16, 2018 8:06:39 PM net.sf.freecol.server.networking.Server sendToAll
INFO: Reap dead connection: [DummyConnection Server connection - model.nation.cherokee]
May 16, 2018 8:06:39 PM net.sf.freecol.server.networking.Server sendToAll
INFO: Reap dead connection: [DummyConnection Server connection - model.nation.aztec]
May 16, 2018 8:06:39 PM net.sf.freecol.server.networking.Server sendToAll
INFO: Reap dead connection: [DummyConnection Server connection - model.nation.iroquois]
May 16, 2018 8:06:39 PM net.sf.freecol.server.networking.Server sendToAll
INFO: Reap dead connection: [DummyConnection Server connection - model.nation.apache]
May 16, 2018 8:06:39 PM net.sf.freecol.server.networking.Server sendToAll
INFO: Reap dead connection: [DummyConnection Server connection - model.nation.sioux]
May 16, 2018 8:06:39 PM net.sf.freecol.server.model.ServerPlayer csChangeStance
INFO: Stance modification Louis XIV UNCONTACTED -> PEACE wrt Geronimo
May 16, 2018 8:06:39 PM net.sf.freecol.server.model.ServerPlayer csChangeStance
INFO: Stance modification Geronimo UNCONTACTED -> PEACE wrt Louis XIV (symmetric)
May 16, 2018 8:06:39 PM net.sf.freecol.common.model.Specification applyDifficultyLevel
INFO: Applying difficulty level model.difficulty.medium
May 16, 2018 8:06:39 PM net.sf.freecol.common.FreeColSeed getFreeColSeed
INFO: Using seed: -3441287728383652270
May 16, 2018 8:06:39 PM net.sf.freecol.server.networking.Server sendToAll
INFO: Reap dead connection: [DummyConnection Server connection - model.nation.arawak]
May 16, 2018 8:06:39 PM net.sf.freecol.server.networking.Server sendToAll
INFO: Reap dead connection: [DummyConnection Server connection - model.nation.cherokee]
May 16, 2018 8:06:39 PM net.sf.freecol.server.networking.Server sendToAll
INFO: Reap dead connection: [DummyConnection Server connection - model.nation.apache]
May 16, 2018 8:06:39 PM net.sf.freecol.server.networking.Server sendToAll
INFO: Reap dead connection: [DummyConnection Server connection - model.nation.tupi]
May 16, 2018 8:06:39 PM net.sf.freecol.server.networking.Server sendToAll
INFO: Reap dead connection: [DummyConnection Server connection - model.nation.english]
May 16, 2018 8:06:39 PM net.sf.freecol.server.networking.Server sendToAll
INFO: Reap dead connection: [DummyConnection Server connection - model.nation.dutch]
May 16, 2018 8:06:39 PM net.sf.freecol.server.networking.Server sendToAll
INFO: Reap dead connection: [DummyConnection Server connection - model.nation.spanish]
May 16, 2018 8:06:39 PM net.sf.freecol.server.networking.Server sendToAll
INFO: Reap dead connection: [DummyConnection Server connection - model.nation.french]
May 16, 2018 8:06:39 PM net.sf.freecol.server.networking.Server sendToAll
INFO: Reap dead connection: [DummyConnection Server connection - model.nation.iroquois]
May 16, 2018 8:06:39 PM net.sf.freecol.server.networking.Server sendToAll
INFO: Reap dead connection: [DummyConnection Server connection - model.nation.sioux]
May 16, 2018 8:06:39 PM net.sf.freecol.server.networking.Server sendToAll
INFO: Reap dead connection: [DummyConnection Server connection - model.nation.aztec]
May 16, 2018 8:06:39 PM net.sf.freecol.server.networking.Server sendToAll
INFO: Reap dead connection: [DummyConnection Server connection - model.nation.inca]
May 16, 2018 8:06:39 PM net.sf.freecol.server.model.ServerPlayer csChangeStance
INFO: Stance modification William I UNCONTACTED -> PEACE wrt Geronimo
May 16, 2018 8:06:39 PM net.sf.freecol.server.model.ServerPlayer csChangeStance
INFO: Stance modification Geronimo UNCONTACTED -> PEACE wrt William I (symmetric)
May 16, 2018 8:06:39 PM net.sf.freecol.common.model.Specification applyDifficultyLevel
INFO: Applying difficulty level model.difficulty.medium
May 16, 2018 8:06:39 PM net.sf.freecol.common.FreeColSeed getFreeColSeed
INFO: Using seed: 3890529710813436621
May 16, 2018 8:06:39 PM net.sf.freecol.server.networking.Server sendToAll
INFO: Reap dead connection: [DummyConnection Server connection - model.nation.iroquois]
May 16, 2018 8:06:39 PM net.sf.freecol.server.networking.Server sendToAll
INFO: Reap dead connection: [DummyConnection Server connection - model.nation.apache]
May 16, 2018 8:06:39 PM net.sf.freecol.server.networking.Server sendToAll
INFO: Reap dead connection: [DummyConnection Server connection - model.nation.cherokee]
May 16, 2018 8:06:39 PM net.sf.freecol.server.networking.Server sendToAll
INFO: Reap dead connection: [DummyConnection Server connection - model.nation.arawak]
May 16, 2018 8:06:39 PM net.sf.freecol.server.networking.Server sendToAll
INFO: Reap dead connection: [DummyConnection Server connection - model.nation.english]
May 16, 2018 8:06:39 PM net.sf.freecol.server.networking.Server sendToAll
INFO: Reap dead connection: [DummyConnection Server connection - model.nation.inca]
May 16, 2018 8:06:39 PM net.sf.freecol.server.networking.Server sendToAll
INFO: Reap dead connection: [DummyConnection Server connection - model.nation.spanish]
May 16, 2018 8:06:39 PM net.sf.freecol.server.networking.Server sendToAll
INFO: Reap dead connection: [DummyConnection Server connection - model.nation.sioux]
May 16, 2018 8:06:39 PM net.sf.freecol.server.networking.Server sendToAll
INFO: Reap dead connection: [DummyConnection Server connection - model.nation.tupi]
May 16, 2018 8:06:39 PM net.sf.freecol.server.networking.Server sendToAll
INFO: Reap dead connection: [DummyConnection Server connection - model.nation.dutch]
May 16, 2018 8:06:39 PM net.sf.freecol.server.networking.Server sendToAll
INFO: Reap dead connection: [DummyConnection Server connection - model.nation.french]
May 16, 2018 8:06:39 PM net.sf.freecol.server.networking.Server sendToAll
INFO: Reap dead connection: [DummyConnection Server connection - model.nation.aztec]
May 16, 2018 8:06:39 PM net.sf.freecol.common.model.Specification applyDifficultyLevel
INFO: Applying difficulty level model.difficulty.medium
May 16, 2018 8:06:39 PM net.sf.freecol.common.FreeColSeed getFreeColSeed
INFO: Using seed: -7037197911436898537
May 16, 2018 8:06:39 PM net.sf.freecol.server.networking.Server sendToAll
INFO: Reap dead connection: [DummyConnection Server connection - model.nation.french]
May 16, 2018 8:06:39 PM net.sf.freecol.server.networking.Server sendToAll
INFO: Reap dead connection: [DummyConnection Server connection - model.nation.english]
May 16, 2018 8:06:39 PM net.sf.freecol.server.networking.Server sendToAll
INFO: Reap dead connection: [DummyConnection Server connection - model.nation.aztec]
May 16, 2018 8:06:39 PM net.sf.freecol.server.networking.Server sendToAll
INFO: Reap dead connection: [DummyConnection Server connection - model.nation.tupi]
May 16, 2018 8:06:39 PM net.sf.freecol.server.networking.Server sendToAll
INFO: Reap dead connection: [DummyConnection Server connection - model.nation.apache]
May 16, 2018 8:06:39 PM net.sf.freecol.server.networking.Server sendToAll
INFO: Reap dead connection: [DummyConnection Server connection - model.nation.cherokee]
May 16, 2018 8:06:39 PM net.sf.freecol.server.networking.Server sendToAll
INFO: Reap dead connection: [DummyConnection Server connection - model.nation.sioux]
May 16, 2018 8:06:39 PM net.sf.freecol.server.networking.Server sendToAll
INFO: Reap dead connection: [DummyConnection Server connection - model.nation.dutch]
May 16, 2018 8:06:39 PM net.sf.freecol.server.networking.Server sendToAll
INFO: Reap dead connection: [DummyConnection Server connection - model.nation.iroquois]
May 16, 2018 8:06:39 PM net.sf.freecol.server.networking.Server sendToAll
INFO: Reap dead connection: [DummyConnection Server connection - model.nation.spanish]
May 16, 2018 8:06:39 PM net.sf.freecol.server.networking.Server sendToAll
INFO: Reap dead connection: [DummyConnection Server connection - model.nation.arawak]
May 16, 2018 8:06:39 PM net.sf.freecol.server.networking.Server sendToAll
INFO: Reap dead connection: [DummyConnection Server connection - model.nation.inca]
May 16, 2018 8:06:39 PM net.sf.freecol.common.model.Specification applyDifficultyLevel
INFO: Applying difficulty level model.difficulty.medium
May 16, 2018 8:06:39 PM net.sf.freecol.common.FreeColSeed getFreeColSeed
INFO: Using seed: -3199892990164789031
May 16, 2018 8:06:39 PM net.sf.freecol.server.networking.Server sendToAll
INFO: Reap dead connection: [DummyConnection Server connection - model.nation.tupi]
May 16, 2018 8:06:39 PM net.sf.freecol.server.networking.Server sendToAll
INFO: Reap dead connection: [DummyConnection Server connection - model.nation.sioux]
May 16, 2018 8:06:39 PM net.sf.freecol.server.networking.Server sendToAll
INFO: Reap dead connection: [DummyConnection Server connection - model.nation.french]
May 16, 2018 8:06:39 PM net.sf.freecol.server.networking.Server sendToAll
INFO: Reap dead connection: [DummyConnection Server connection - model.nation.apache]
May 16, 2018 8:06:39 PM net.sf.freecol.server.networking.Server sendToAll
INFO: Reap dead connection: [DummyConnection Server connection - model.nation.iroquois]
May 16, 2018 8:06:39 PM net.sf.freecol.server.networking.Server sendToAll
INFO: Reap dead connection: [DummyConnection Server connection - model.nation.dutch]
May 16, 2018 8:06:39 PM net.sf.freecol.server.networking.Server sendToAll
INFO: Reap dead connection: [DummyConnection Server connection - model.nation.spanish]
May 16, 2018 8:06:39 PM net.sf.freecol.server.networking.Server sendToAll
INFO: Reap dead connection: [DummyConnection Server connection - model.nation.cherokee]
May 16, 2018 8:06:39 PM net.sf.freecol.server.networking.Server sendToAll
INFO: Reap dead connection: [DummyConnection Server connection - model.nation.arawak]
May 16, 2018 8:06:39 PM net.sf.freecol.server.networking.Server sendToAll
INFO: Reap dead connection: [DummyConnection Server connection - model.nation.english]
May 16, 2018 8:06:39 PM net.sf.freecol.server.networking.Server sendToAll
INFO: Reap dead connection: [DummyConnection Server connection - model.nation.inca]
May 16, 2018 8:06:39 PM net.sf.freecol.server.networking.Server sendToAll
INFO: Reap dead connection: [DummyConnection Server connection - model.nation.aztec]
May 16, 2018 8:06:39 PM net.sf.freecol.common.model.Specification applyDifficultyLevel
INFO: Applying difficulty level model.difficulty.medium
May 16, 2018 8:06:39 PM net.sf.freecol.common.FreeColSeed getFreeColSeed
INFO: Using seed: -7092444906536491908
May 16, 2018 8:06:39 PM net.sf.freecol.server.networking.Server sendToAll
INFO: Reap dead connection: [DummyConnection Server connection - model.nation.french]
May 16, 2018 8:06:39 PM net.sf.freecol.server.networking.Server sendToAll
INFO: Reap dead connection: [DummyConnection Server connection - model.nation.spanish]
May 16, 2018 8:06:39 PM net.sf.freecol.server.networking.Server sendToAll
INFO: Reap dead connection: [DummyConnection Server connection - model.nation.apache]
May 16, 2018 8:06:39 PM net.sf.freecol.server.networking.Server sendToAll
INFO: Reap dead connection: [DummyConnection Server connection - model.nation.inca]
May 16, 2018 8:06:39 PM net.sf.freecol.server.networking.Server sendToAll
INFO: Reap dead connection: [DummyConnection Server connection - model.nation.sioux]
May 16, 2018 8:06:39 PM net.sf.freecol.server.networking.Server sendToAll
INFO: Reap dead connection: [DummyConnection Server connection - model.nation.english]
May 16, 2018 8:06:39 PM net.sf.freecol.server.networking.Server sendToAll
INFO: Reap dead connection: [DummyConnection Server connection - model.nation.aztec]
May 16, 2018 8:06:39 PM net.sf.freecol.server.networking.Server sendToAll
INFO: Reap dead connection: [DummyConnection Server connection - model.nation.dutch]
May 16, 2018 8:06:39 PM net.sf.freecol.server.networking.Server sendToAll
INFO: Reap dead connection: [DummyConnection Server connection - model.nation.arawak]
May 16, 2018 8:06:39 PM net.sf.freecol.server.networking.Server sendToAll
INFO: Reap dead connection: [DummyConnection Server connection - model.nation.tupi]
May 16, 2018 8:06:39 PM net.sf.freecol.server.networking.Server sendToAll
INFO: Reap dead connection: [DummyConnection Server connection - model.nation.iroquois]
May 16, 2018 8:06:39 PM net.sf.freecol.server.networking.Server sendToAll
INFO: Reap dead connection: [DummyConnection Server connection - model.nation.cherokee]
May 16, 2018 8:06:39 PM net.sf.freecol.server.model.ServerPlayer csChangeStance
INFO: Stance modification William I UNCONTACTED -> PEACE wrt Segoyewatha
May 16, 2018 8:06:39 PM net.sf.freecol.server.model.ServerPlayer csChangeStance
INFO: Stance modification Segoyewatha UNCONTACTED -> PEACE wrt William I (symmetric)
May 16, 2018 8:06:39 PM net.sf.freecol.common.model.Specification applyDifficultyLevel
INFO: Applying difficulty level model.difficulty.medium
May 16, 2018 8:06:39 PM net.sf.freecol.common.FreeColSeed getFreeColSeed
INFO: Using seed: 6769750732003965942
May 16, 2018 8:06:39 PM net.sf.freecol.server.networking.Server sendToAll
INFO: Reap dead connection: [DummyConnection Server connection - model.nation.dutch]
May 16, 2018 8:06:39 PM net.sf.freecol.server.networking.Server sendToAll
INFO: Reap dead connection: [DummyConnection Server connection - model.nation.cherokee]
May 16, 2018 8:06:39 PM net.sf.freecol.server.networking.Server sendToAll
INFO: Reap dead connection: [DummyConnection Server connection - model.nation.arawak]
May 16, 2018 8:06:39 PM net.sf.freecol.server.networking.Server sendToAll
INFO: Reap dead connection: [DummyConnection Server connection - model.nation.inca]
May 16, 2018 8:06:39 PM net.sf.freecol.server.networking.Server sendToAll
INFO: Reap dead connection: [DummyConnection Server connection - model.nation.english]
May 16, 2018 8:06:39 PM net.sf.freecol.server.networking.Server sendToAll
INFO: Reap dead connection: [DummyConnection Server connection - model.nation.spanish]
May 16, 2018 8:06:39 PM net.sf.freecol.server.networking.Server sendToAll
INFO: Reap dead connection: [DummyConnection Server connection - model.nation.tupi]
May 16, 2018 8:06:39 PM net.sf.freecol.server.networking.Server sendToAll
INFO: Reap dead connection: [DummyConnection Server connection - model.nation.sioux]
May 16, 2018 8:06:39 PM net.sf.freecol.server.networking.Server sendToAll
INFO: Reap dead connection: [DummyConnection Server connection - model.nation.aztec]
May 16, 2018 8:06:39 PM net.sf.freecol.server.networking.Server sendToAll
INFO: Reap dead connection: [DummyConnection Server connection - model.nation.french]
May 16, 2018 8:06:39 PM net.sf.freecol.server.networking.Server sendToAll
INFO: Reap dead connection: [DummyConnection Server connection - model.nation.apache]
May 16, 2018 8:06:39 PM net.sf.freecol.server.networking.Server sendToAll
INFO: Reap dead connection: [DummyConnection Server connection - model.nation.iroquois]
May 16, 2018 8:06:39 PM net.sf.freecol.server.model.ServerPlayer csChangeStance
INFO: Stance modification William I UNCONTACTED -> PEACE wrt Segoyewatha
May 16, 2018 8:06:39 PM net.sf.freecol.server.model.ServerPlayer csChangeStance
INFO: Stance modification Segoyewatha UNCONTACTED -> PEACE wrt William I (symmetric)
May 16, 2018 8:06:39 PM net.sf.freecol.common.model.Specification applyDifficultyLevel
INFO: Applying difficulty level model.difficulty.medium
May 16, 2018 8:06:39 PM net.sf.freecol.common.FreeColSeed getFreeColSeed
INFO: Using seed: 2366852085400236010
May 16, 2018 8:06:39 PM net.sf.freecol.server.networking.Server sendToAll
INFO: Reap dead connection: [DummyConnection Server connection - model.nation.spanish]
May 16, 2018 8:06:39 PM net.sf.freecol.server.networking.Server sendToAll
INFO: Reap dead connection: [DummyConnection Server connection - model.nation.english]
May 16, 2018 8:06:39 PM net.sf.freecol.server.networking.Server sendToAll
INFO: Reap dead connection: [DummyConnection Server connection - model.nation.arawak]
May 16, 2018 8:06:39 PM net.sf.freecol.server.networking.Server sendToAll
INFO: Reap dead connection: [DummyConnection Server connection - model.nation.iroquois]
May 16, 2018 8:06:39 PM net.sf.freecol.server.networking.Server sendToAll
INFO: Reap dead connection: [DummyConnection Server connection - model.nation.dutch]
May 16, 2018 8:06:39 PM net.sf.freecol.server.networking.Server sendToAll
INFO: Reap dead connection: [DummyConnection Server connection - model.nation.inca]
May 16, 2018 8:06:39 PM net.sf.freecol.server.networking.Server sendToAll
INFO: Reap dead connection: [DummyConnection Server connection - model.nation.tupi]
May 16, 2018 8:06:39 PM net.sf.freecol.server.networking.Server sendToAll
INFO: Reap dead connection: [DummyConnection Server connection - model.nation.apache]
May 16, 2018 8:06:39 PM net.sf.freecol.server.networking.Server sendToAll
INFO: Reap dead connection: [DummyConnection Server connection - model.nation.french]
May 16, 2018 8:06:39 PM net.sf.freecol.server.networking.Server sendToAll
INFO: Reap dead connection: [DummyConnection Server connection - model.nation.cherokee]
May 16, 2018 8:06:39 PM net.sf.freecol.server.networking.Server sendToAll
INFO: Reap dead connection: [DummyConnection Server connection - model.nation.sioux]
May 16, 2018 8:06:39 PM net.sf.freecol.server.networking.Server sendToAll
INFO: Reap dead connection: [DummyConnection Server connection - model.nation.aztec]
May 16, 2018 8:06:39 PM net.sf.freecol.common.model.Specification applyDifficultyLevel
INFO: Applying difficulty level model.difficulty.medium
May 16, 2018 8:06:39 PM net.sf.freecol.common.model.Specification applyDifficultyLevel
INFO: Applying difficulty level model.difficulty.medium
May 16, 2018 8:06:39 PM net.sf.freecol.common.model.Specification applyDifficultyLevel
INFO: Applying difficulty level model.difficulty.medium
May 16, 2018 8:06:39 PM net.sf.freecol.common.FreeColSeed getFreeColSeed
INFO: Using seed: -6716596222970398541
May 16, 2018 8:06:39 PM net.sf.freecol.server.networking.Server sendToAll
INFO: Reap dead connection: [DummyConnection Server connection - model.nation.french]
May 16, 2018 8:06:39 PM net.sf.freecol.server.networking.Server sendToAll
INFO: Reap dead connection: [DummyConnection Server connection - model.nation.sioux]
May 16, 2018 8:06:39 PM net.sf.freecol.server.networking.Server sendToAll
INFO: Reap dead connection: [DummyConnection Server connection - model.nation.iroquois]
May 16, 2018 8:06:39 PM net.sf.freecol.server.networking.Server sendToAll
INFO: Reap dead connection: [DummyConnection Server connection - model.nation.inca]
May 16, 2018 8:06:39 PM net.sf.freecol.server.networking.Server sendToAll
INFO: Reap dead connection: [DummyConnection Server connection - model.nation.dutch]
May 16, 2018 8:06:39 PM net.sf.freecol.server.networking.Server sendToAll
INFO: Reap dead connection: [DummyConnection Server connection - model.nation.arawak]
May 16, 2018 8:06:39 PM net.sf.freecol.server.networking.Server sendToAll
INFO: Reap dead connection: [DummyConnection Server connection - model.nation.apache]
May 16, 2018 8:06:39 PM net.sf.freecol.server.networking.Server sendToAll
INFO: Reap dead connection: [DummyConnection Server connection - model.nation.english]
May 16, 2018 8:06:39 PM net.sf.freecol.server.networking.Server sendToAll
INFO: Reap dead connection: [DummyConnection Server connection - model.nation.cherokee]
May 16, 2018 8:06:39 PM net.sf.freecol.server.networking.Server sendToAll
INFO: Reap dead connection: [DummyConnection Server connection - model.nation.spanish]
May 16, 2018 8:06:39 PM net.sf.freecol.server.networking.Server sendToAll
INFO: Reap dead connection: [DummyConnection Server connection - model.nation.aztec]
May 16, 2018 8:06:39 PM net.sf.freecol.server.networking.Server sendToAll
INFO: Reap dead connection: [DummyConnection Server connection - model.nation.tupi]
May 16, 2018 8:06:39 PM net.sf.freecol.common.model.Specification applyDifficultyLevel
INFO: Applying difficulty level model.difficulty.medium
May 16, 2018 8:06:40 PM net.sf.freecol.common.FreeColSeed getFreeColSeed
INFO: Using seed: -9214769871885291018
May 16, 2018 8:06:40 PM net.sf.freecol.server.networking.Server sendToAll
INFO: Reap dead connection: [DummyConnection Server connection - model.nation.iroquois]
May 16, 2018 8:06:40 PM net.sf.freecol.server.networking.Server sendToAll
INFO: Reap dead connection: [DummyConnection Server connection - model.nation.dutch]
May 16, 2018 8:06:40 PM net.sf.freecol.server.networking.Server sendToAll
INFO: Reap dead connection: [DummyConnection Server connection - model.nation.english]
May 16, 2018 8:06:40 PM net.sf.freecol.server.networking.Server sendToAll
INFO: Reap dead connection: [DummyConnection Server connection - model.nation.apache]
May 16, 2018 8:06:40 PM net.sf.freecol.server.networking.Server sendToAll
INFO: Reap dead connection: [DummyConnection Server connection - model.nation.inca]
May 16, 2018 8:06:40 PM net.sf.freecol.server.networking.Server sendToAll
INFO: Reap dead connection: [DummyConnection Server connection - model.nation.arawak]
May 16, 2018 8:06:40 PM net.sf.freecol.server.networking.Server sendToAll
INFO: Reap dead connection: [DummyConnection Server connection - model.nation.cherokee]
May 16, 2018 8:06:40 PM net.sf.freecol.server.networking.Server sendToAll
INFO: Reap dead connection: [DummyConnection Server connection - model.nation.sioux]
May 16, 2018 8:06:40 PM net.sf.freecol.server.networking.Server sendToAll
INFO: Reap dead connection: [DummyConnection Server connection - model.nation.french]
May 16, 2018 8:06:40 PM net.sf.freecol.server.networking.Server sendToAll
INFO: Reap dead connection: [DummyConnection Server connection - model.nation.spanish]
May 16, 2018 8:06:40 PM net.sf.freecol.server.networking.Server sendToAll
INFO: Reap dead connection: [DummyConnection Server connection - model.nation.tupi]
May 16, 2018 8:06:40 PM net.sf.freecol.server.networking.Server sendToAll
INFO: Reap dead connection: [DummyConnection Server connection - model.nation.aztec]
May 16, 2018 8:06:40 PM net.sf.freecol.common.model.Specification applyDifficultyLevel
INFO: Applying difficulty level model.difficulty.medium
May 16, 2018 8:06:40 PM net.sf.freecol.common.FreeColSeed getFreeColSeed
INFO: Using seed: -6398360417318062408
May 16, 2018 8:06:40 PM net.sf.freecol.server.networking.Server sendToAll
INFO: Reap dead connection: [DummyConnection Server connection - model.nation.arawak]
May 16, 2018 8:06:40 PM net.sf.freecol.server.networking.Server sendToAll
INFO: Reap dead connection: [DummyConnection Server connection - model.nation.tupi]
May 16, 2018 8:06:40 PM net.sf.freecol.server.networking.Server sendToAll
INFO: Reap dead connection: [DummyConnection Server connection - model.nation.english]
May 16, 2018 8:06:40 PM net.sf.freecol.server.networking.Server sendToAll
INFO: Reap dead connection: [DummyConnection Server connection - model.nation.apache]
May 16, 2018 8:06:40 PM net.sf.freecol.server.networking.Server sendToAll
INFO: Reap dead connection: [DummyConnection Server connection - model.nation.aztec]
May 16, 2018 8:06:40 PM net.sf.freecol.server.networking.Server sendToAll
INFO: Reap dead connection: [DummyConnection Server connection - model.nation.inca]
May 16, 2018 8:06:40 PM net.sf.freecol.server.networking.Server sendToAll
INFO: Reap dead connection: [DummyConnection Server connection - model.nation.iroquois]
May 16, 2018 8:06:40 PM net.sf.freecol.server.networking.Server sendToAll
INFO: Reap dead connection: [DummyConnection Server connection - model.nation.french]
May 16, 2018 8:06:40 PM net.sf.freecol.server.networking.Server sendToAll
INFO: Reap dead connection: [DummyConnection Server connection - model.nation.cherokee]
May 16, 2018 8:06:40 PM net.sf.freecol.server.networking.Server sendToAll
INFO: Reap dead connection: [DummyConnection Server connection - model.nation.sioux]
May 16, 2018 8:06:40 PM net.sf.freecol.server.networking.Server sendToAll
INFO: Reap dead connection: [DummyConnection Server connection - model.nation.spanish]
May 16, 2018 8:06:40 PM net.sf.freecol.server.networking.Server sendToAll
INFO: Reap dead connection: [DummyConnection Server connection - model.nation.dutch]
May 16, 2018 8:06:40 PM net.sf.freecol.common.model.Specification applyDifficultyLevel
INFO: Applying difficulty level model.difficulty.medium
May 16, 2018 8:06:40 PM net.sf.freecol.common.FreeColSeed getFreeColSeed
INFO: Using seed: -4104275199318916364
May 16, 2018 8:06:40 PM net.sf.freecol.server.networking.Server sendToAll
INFO: Reap dead connection: [DummyConnection Server connection - model.nation.iroquois]
May 16, 2018 8:06:40 PM net.sf.freecol.server.networking.Server sendToAll
INFO: Reap dead connection: [DummyConnection Server connection - model.nation.aztec]
May 16, 2018 8:06:40 PM net.sf.freecol.server.networking.Server sendToAll
INFO: Reap dead connection: [DummyConnection Server connection - model.nation.cherokee]
May 16, 2018 8:06:40 PM net.sf.freecol.server.networking.Server sendToAll
INFO: Reap dead connection: [DummyConnection Server connection - model.nation.inca]
May 16, 2018 8:06:40 PM net.sf.freecol.server.networking.Server sendToAll
INFO: Reap dead connection: [DummyConnection Server connection - model.nation.french]
May 16, 2018 8:06:40 PM net.sf.freecol.server.networking.Server sendToAll
INFO: Reap dead connection: [DummyConnection Server connection - model.nation.english]
May 16, 2018 8:06:40 PM net.sf.freecol.server.networking.Server sendToAll
INFO: Reap dead connection: [DummyConnection Server connection - model.nation.tupi]
May 16, 2018 8:06:40 PM net.sf.freecol.server.networking.Server sendToAll
INFO: Reap dead connection: [DummyConnection Server connection - model.nation.dutch]
May 16, 2018 8:06:40 PM net.sf.freecol.server.networking.Server sendToAll
INFO: Reap dead connection: [DummyConnection Server connection - model.nation.spanish]
May 16, 2018 8:06:40 PM net.sf.freecol.server.networking.Server sendToAll
INFO: Reap dead connection: [DummyConnection Server connection - model.nation.apache]
May 16, 2018 8:06:40 PM net.sf.freecol.server.networking.Server sendToAll
INFO: Reap dead connection: [DummyConnection Server connection - model.nation.sioux]
May 16, 2018 8:06:40 PM net.sf.freecol.server.networking.Server sendToAll
INFO: Reap dead connection: [DummyConnection Server connection - model.nation.arawak]
May 16, 2018 8:06:40 PM net.sf.freecol.common.model.Specification applyDifficultyLevel
INFO: Applying difficulty level model.difficulty.medium
May 16, 2018 8:06:40 PM net.sf.freecol.common.FreeColSeed getFreeColSeed
INFO: Using seed: -7186627431703959789
May 16, 2018 8:06:40 PM net.sf.freecol.server.networking.Server sendToAll
INFO: Reap dead connection: [DummyConnection Server connection - model.nation.iroquois]
May 16, 2018 8:06:40 PM net.sf.freecol.server.networking.Server sendToAll
INFO: Reap dead connection: [DummyConnection Server connection - model.nation.french]
May 16, 2018 8:06:40 PM net.sf.freecol.server.networking.Server sendToAll
INFO: Reap dead connection: [DummyConnection Server connection - model.nation.apache]
May 16, 2018 8:06:40 PM net.sf.freecol.server.networking.Server sendToAll
INFO: Reap dead connection: [DummyConnection Server connection - model.nation.arawak]
May 16, 2018 8:06:40 PM net.sf.freecol.server.networking.Server sendToAll
INFO: Reap dead connection: [DummyConnection Server connection - model.nation.english]
May 16, 2018 8:06:40 PM net.sf.freecol.server.networking.Server sendToAll
INFO: Reap dead connection: [DummyConnection Server connection - model.nation.dutch]
May 16, 2018 8:06:40 PM net.sf.freecol.server.networking.Server sendToAll
INFO: Reap dead connection: [DummyConnection Server connection - model.nation.inca]
May 16, 2018 8:06:40 PM net.sf.freecol.server.networking.Server sendToAll
INFO: Reap dead connection: [DummyConnection Server connection - model.nation.cherokee]
May 16, 2018 8:06:40 PM net.sf.freecol.server.networking.Server sendToAll
INFO: Reap dead connection: [DummyConnection Server connection - model.nation.aztec]
May 16, 2018 8:06:40 PM net.sf.freecol.server.networking.Server sendToAll
INFO: Reap dead connection: [DummyConnection Server connection - model.nation.sioux]
May 16, 2018 8:06:40 PM net.sf.freecol.server.networking.Server sendToAll
INFO: Reap dead connection: [DummyConnection Server connection - model.nation.spanish]
May 16, 2018 8:06:40 PM net.sf.freecol.server.networking.Server sendToAll
INFO: Reap dead connection: [DummyConnection Server connection - model.nation.tupi]
May 16, 2018 8:06:40 PM net.sf.freecol.common.model.Specification applyDifficultyLevel
INFO: Applying difficulty level model.difficulty.medium
May 16, 2018 8:06:40 PM net.sf.freecol.common.FreeColSeed getFreeColSeed
INFO: Using seed: -8270295483461177545
May 16, 2018 8:06:40 PM net.sf.freecol.server.networking.Server sendToAll
INFO: Reap dead connection: [DummyConnection Server connection - model.nation.french]
May 16, 2018 8:06:40 PM net.sf.freecol.server.networking.Server sendToAll
INFO: Reap dead connection: [DummyConnection Server connection - model.nation.inca]
May 16, 2018 8:06:40 PM net.sf.freecol.server.networking.Server sendToAll
INFO: Reap dead connection: [DummyConnection Server connection - model.nation.apache]
May 16, 2018 8:06:40 PM net.sf.freecol.server.networking.Server sendToAll
INFO: Reap dead connection: [DummyConnection Server connection - model.nation.dutch]
May 16, 2018 8:06:40 PM net.sf.freecol.server.networking.Server sendToAll
INFO: Reap dead connection: [DummyConnection Server connection - model.nation.cherokee]
May 16, 2018 8:06:40 PM net.sf.freecol.server.networking.Server sendToAll
INFO: Reap dead connection: [DummyConnection Server connection - model.nation.iroquois]
May 16, 2018 8:06:40 PM net.sf.freecol.server.networking.Server sendToAll
INFO: Reap dead connection: [DummyConnection Server connection - model.nation.tupi]
May 16, 2018 8:06:40 PM net.sf.freecol.server.networking.Server sendToAll
INFO: Reap dead connection: [DummyConnection Server connection - model.nation.aztec]
May 16, 2018 8:06:40 PM net.sf.freecol.server.networking.Server sendToAll
INFO: Reap dead connection: [DummyConnection Server connection - model.nation.arawak]
May 16, 2018 8:06:40 PM net.sf.freecol.server.networking.Server sendToAll
INFO: Reap dead connection: [DummyConnection Server connection - model.nation.spanish]
May 16, 2018 8:06:40 PM net.sf.freecol.server.networking.Server sendToAll
INFO: Reap dead connection: [DummyConnection Server connection - model.nation.sioux]
May 16, 2018 8:06:40 PM net.sf.freecol.server.networking.Server sendToAll
INFO: Reap dead connection: [DummyConnection Server connection - model.nation.english]
May 16, 2018 8:06:40 PM net.sf.freecol.common.model.Specification applyDifficultyLevel
INFO: Applying difficulty level model.difficulty.medium
May 16, 2018 8:06:40 PM net.sf.freecol.common.FreeColSeed getFreeColSeed
INFO: Using seed: 5855436139434023748
May 16, 2018 8:06:40 PM net.sf.freecol.server.networking.Server sendToAll
INFO: Reap dead connection: [DummyConnection Server connection - model.nation.tupi]
May 16, 2018 8:06:40 PM net.sf.freecol.server.networking.Server sendToAll
INFO: Reap dead connection: [DummyConnection Server connection - model.nation.french]
May 16, 2018 8:06:40 PM net.sf.freecol.server.networking.Server sendToAll
INFO: Reap dead connection: [DummyConnection Server connection - model.nation.english]
May 16, 2018 8:06:40 PM net.sf.freecol.server.networking.Server sendToAll
INFO: Reap dead connection: [DummyConnection Server connection - model.nation.sioux]
May 16, 2018 8:06:40 PM net.sf.freecol.server.networking.Server sendToAll
INFO: Reap dead connection: [DummyConnection Server connection - model.nation.iroquois]
May 16, 2018 8:06:40 PM net.sf.freecol.server.networking.Server sendToAll
INFO: Reap dead connection: [DummyConnection Server connection - model.nation.dutch]
May 16, 2018 8:06:40 PM net.sf.freecol.server.networking.Server sendToAll
INFO: Reap dead connection: [DummyConnection Server connection - model.nation.arawak]
May 16, 2018 8:06:40 PM net.sf.freecol.server.networking.Server sendToAll
INFO: Reap dead connection: [DummyConnection Server connection - model.nation.cherokee]
May 16, 2018 8:06:40 PM net.sf.freecol.server.networking.Server sendToAll
INFO: Reap dead connection: [DummyConnection Server connection - model.nation.spanish]
May 16, 2018 8:06:40 PM net.sf.freecol.server.networking.Server sendToAll
INFO: Reap dead connection: [DummyConnection Server connection - model.nation.inca]
May 16, 2018 8:06:40 PM net.sf.freecol.server.networking.Server sendToAll
INFO: Reap dead connection: [DummyConnection Server connection - model.nation.apache]
May 16, 2018 8:06:40 PM net.sf.freecol.server.networking.Server sendToAll
INFO: Reap dead connection: [DummyConnection Server connection - model.nation.aztec]
May 16, 2018 8:06:40 PM net.sf.freecol.common.model.Specification applyDifficultyLevel
INFO: Applying difficulty level model.difficulty.medium
May 16, 2018 8:06:40 PM net.sf.freecol.common.FreeColSeed getFreeColSeed
INFO: Using seed: 4726542472755573797
May 16, 2018 8:06:40 PM net.sf.freecol.server.networking.Server sendToAll
INFO: Reap dead connection: [DummyConnection Server connection - model.nation.english]
May 16, 2018 8:06:40 PM net.sf.freecol.server.networking.Server sendToAll
INFO: Reap dead connection: [DummyConnection Server connection - model.nation.iroquois]
May 16, 2018 8:06:40 PM net.sf.freecol.server.networking.Server sendToAll
INFO: Reap dead connection: [DummyConnection Server connection - model.nation.french]
May 16, 2018 8:06:40 PM net.sf.freecol.server.networking.Server sendToAll
INFO: Reap dead connection: [DummyConnection Server connection - model.nation.sioux]
May 16, 2018 8:06:40 PM net.sf.freecol.server.networking.Server sendToAll
INFO: Reap dead connection: [DummyConnection Server connection - model.nation.apache]
May 16, 2018 8:06:40 PM net.sf.freecol.server.networking.Server sendToAll
INFO: Reap dead connection: [DummyConnection Server connection - model.nation.tupi]
May 16, 2018 8:06:40 PM net.sf.freecol.server.networking.Server sendToAll
INFO: Reap dead connection: [DummyConnection Server connection - model.nation.inca]
May 16, 2018 8:06:40 PM net.sf.freecol.server.networking.Server sendToAll
INFO: Reap dead connection: [DummyConnection Server connection - model.nation.cherokee]
May 16, 2018 8:06:40 PM net.sf.freecol.server.networking.Server sendToAll
INFO: Reap dead connection: [DummyConnection Server connection - model.nation.aztec]
May 16, 2018 8:06:40 PM net.sf.freecol.server.networking.Server sendToAll
INFO: Reap dead connection: [DummyConnection Server connection - model.nation.spanish]
May 16, 2018 8:06:40 PM net.sf.freecol.server.networking.Server sendToAll
INFO: Reap dead connection: [DummyConnection Server connection - model.nation.dutch]
May 16, 2018 8:06:40 PM net.sf.freecol.server.networking.Server sendToAll
INFO: Reap dead connection: [DummyConnection Server connection - model.nation.arawak]
May 16, 2018 8:06:40 PM net.sf.freecol.common.model.Specification applyDifficultyLevel
INFO: Applying difficulty level model.difficulty.medium
May 16, 2018 8:06:40 PM net.sf.freecol.common.FreeColSeed getFreeColSeed
INFO: Using seed: -4170275857350426934
May 16, 2018 8:06:40 PM net.sf.freecol.server.networking.Server sendToAll
INFO: Reap dead connection: [DummyConnection Server connection - model.nation.apache]
May 16, 2018 8:06:40 PM net.sf.freecol.server.networking.Server sendToAll
INFO: Reap dead connection: [DummyConnection Server connection - model.nation.cherokee]
May 16, 2018 8:06:40 PM net.sf.freecol.server.networking.Server sendToAll
INFO: Reap dead connection: [DummyConnection Server connection - model.nation.dutch]
May 16, 2018 8:06:40 PM net.sf.freecol.server.networking.Server sendToAll
INFO: Reap dead connection: [DummyConnection Server connection - model.nation.iroquois]
May 16, 2018 8:06:40 PM net.sf.freecol.server.networking.Server sendToAll
INFO: Reap dead connection: [DummyConnection Server connection - model.nation.arawak]
May 16, 2018 8:06:40 PM net.sf.freecol.server.networking.Server sendToAll
INFO: Reap dead connection: [DummyConnection Server connection - model.nation.aztec]
May 16, 2018 8:06:40 PM net.sf.freecol.server.networking.Server sendToAll
INFO: Reap dead connection: [DummyConnection Server connection - model.nation.inca]
May 16, 2018 8:06:40 PM net.sf.freecol.server.networking.Server sendToAll
INFO: Reap dead connection: [DummyConnection Server connection - model.nation.tupi]
May 16, 2018 8:06:40 PM net.sf.freecol.server.networking.Server sendToAll
INFO: Reap dead connection: [DummyConnection Server connection - model.nation.french]
May 16, 2018 8:06:40 PM net.sf.freecol.server.networking.Server sendToAll
INFO: Reap dead connection: [DummyConnection Server connection - model.nation.sioux]
May 16, 2018 8:06:40 PM net.sf.freecol.server.networking.Server sendToAll
INFO: Reap dead connection: [DummyConnection Server connection - model.nation.spanish]
May 16, 2018 8:06:40 PM net.sf.freecol.server.networking.Server sendToAll
INFO: Reap dead connection: [DummyConnection Server connection - model.nation.english]
May 16, 2018 8:06:40 PM net.sf.freecol.common.model.Specification applyDifficultyLevel
INFO: Applying difficulty level model.difficulty.medium
May 16, 2018 8:06:40 PM net.sf.freecol.common.FreeColSeed getFreeColSeed
INFO: Using seed: 168457449403010512
May 16, 2018 8:06:40 PM net.sf.freecol.server.networking.Server sendToAll
INFO: Reap dead connection: [DummyConnection Server connection - model.nation.french]
May 16, 2018 8:06:40 PM net.sf.freecol.server.networking.Server sendToAll
INFO: Reap dead connection: [DummyConnection Server connection - model.nation.iroquois]
May 16, 2018 8:06:40 PM net.sf.freecol.server.networking.Server sendToAll
INFO: Reap dead connection: [DummyConnection Server connection - model.nation.aztec]
May 16, 2018 8:06:40 PM net.sf.freecol.server.networking.Server sendToAll
INFO: Reap dead connection: [DummyConnection Server connection - model.nation.sioux]
May 16, 2018 8:06:40 PM net.sf.freecol.server.networking.Server sendToAll
INFO: Reap dead connection: [DummyConnection Server connection - model.nation.arawak]
May 16, 2018 8:06:40 PM net.sf.freecol.server.networking.Server sendToAll
INFO: Reap dead connection: [DummyConnection Server connection - model.nation.tupi]
May 16, 2018 8:06:40 PM net.sf.freecol.server.networking.Server sendToAll
INFO: Reap dead connection: [DummyConnection Server connection - model.nation.inca]
May 16, 2018 8:06:40 PM net.sf.freecol.server.networking.Server sendToAll
INFO: Reap dead connection: [DummyConnection Server connection - model.nation.spanish]
May 16, 2018 8:06:40 PM net.sf.freecol.server.networking.Server sendToAll
INFO: Reap dead connection: [DummyConnection Server connection - model.nation.english]
May 16, 2018 8:06:40 PM net.sf.freecol.server.networking.Server sendToAll
INFO: Reap dead connection: [DummyConnection Server connection - model.nation.cherokee]
May 16, 2018 8:06:40 PM net.sf.freecol.server.networking.Server sendToAll
INFO: Reap dead connection: [DummyConnection Server connection - model.nation.dutch]
May 16, 2018 8:06:40 PM net.sf.freecol.server.networking.Server sendToAll
INFO: Reap dead connection: [DummyConnection Server connection - model.nation.apache]
May 16, 2018 8:06:40 PM net.sf.freecol.common.model.Specification applyDifficultyLevel
INFO: Applying difficulty level model.difficulty.medium
May 16, 2018 8:06:40 PM net.sf.freecol.common.FreeColSeed getFreeColSeed
INFO: Using seed: -6897619723484921020
May 16, 2018 8:06:40 PM net.sf.freecol.server.networking.Server sendToAll
INFO: Reap dead connection: [DummyConnection Server connection - model.nation.french]
May 16, 2018 8:06:40 PM net.sf.freecol.server.networking.Server sendToAll
INFO: Reap dead connection: [DummyConnection Server connection - model.nation.spanish]
May 16, 2018 8:06:40 PM net.sf.freecol.server.networking.Server sendToAll
INFO: Reap dead connection: [DummyConnection Server connection - model.nation.english]
May 16, 2018 8:06:40 PM net.sf.freecol.server.networking.Server sendToAll
INFO: Reap dead connection: [DummyConnection Server connection - model.nation.inca]
May 16, 2018 8:06:40 PM net.sf.freecol.server.networking.Server sendToAll
INFO: Reap dead connection: [DummyConnection Server connection - model.nation.aztec]
May 16, 2018 8:06:40 PM net.sf.freecol.server.networking.Server sendToAll
INFO: Reap dead connection: [DummyConnection Server connection - model.nation.dutch]
May 16, 2018 8:06:40 PM net.sf.freecol.server.networking.Server sendToAll
INFO: Reap dead connection: [DummyConnection Server connection - model.nation.apache]
May 16, 2018 8:06:40 PM net.sf.freecol.server.networking.Server sendToAll
INFO: Reap dead connection: [DummyConnection Server connection - model.nation.tupi]
May 16, 2018 8:06:40 PM net.sf.freecol.server.networking.Server sendToAll
INFO: Reap dead connection: [DummyConnection Server connection - model.nation.cherokee]
May 16, 2018 8:06:40 PM net.sf.freecol.server.networking.Server sendToAll
INFO: Reap dead connection: [DummyConnection Server connection - model.nation.sioux]
May 16, 2018 8:06:40 PM net.sf.freecol.server.networking.Server sendToAll
INFO: Reap dead connection: [DummyConnection Server connection - model.nation.arawak]
May 16, 2018 8:06:40 PM net.sf.freecol.server.networking.Server sendToAll
INFO: Reap dead connection: [DummyConnection Server connection - model.nation.iroquois]
May 16, 2018 8:06:40 PM net.sf.freecol.common.model.Specification applyDifficultyLevel
INFO: Applying difficulty level model.difficulty.medium
May 16, 2018 8:06:40 PM net.sf.freecol.common.FreeColSeed getFreeColSeed
INFO: Using seed: 8586282889545117926
May 16, 2018 8:06:40 PM net.sf.freecol.server.networking.Server sendToAll
INFO: Reap dead connection: [DummyConnection Server connection - model.nation.iroquois]
May 16, 2018 8:06:40 PM net.sf.freecol.server.networking.Server sendToAll
INFO: Reap dead connection: [DummyConnection Server connection - model.nation.dutch]
May 16, 2018 8:06:40 PM net.sf.freecol.server.networking.Server sendToAll
INFO: Reap dead connection: [DummyConnection Server connection - model.nation.arawak]
May 16, 2018 8:06:40 PM net.sf.freecol.server.networking.Server sendToAll
INFO: Reap dead connection: [DummyConnection Server connection - model.nation.tupi]
May 16, 2018 8:06:40 PM net.sf.freecol.server.networking.Server sendToAll
INFO: Reap dead connection: [DummyConnection Server connection - model.nation.french]
May 16, 2018 8:06:40 PM net.sf.freecol.server.networking.Server sendToAll
INFO: Reap dead connection: [DummyConnection Server connection - model.nation.sioux]
May 16, 2018 8:06:40 PM net.sf.freecol.server.networking.Server sendToAll
INFO: Reap dead connection: [DummyConnection Server connection - model.nation.inca]
May 16, 2018 8:06:40 PM net.sf.freecol.server.networking.Server sendToAll
INFO: Reap dead connection: [DummyConnection Server connection - model.nation.apache]
May 16, 2018 8:06:40 PM net.sf.freecol.server.networking.Server sendToAll
INFO: Reap dead connection: [DummyConnection Server connection - model.nation.english]
May 16, 2018 8:06:40 PM net.sf.freecol.server.networking.Server sendToAll
INFO: Reap dead connection: [DummyConnection Server connection - model.nation.cherokee]
May 16, 2018 8:06:40 PM net.sf.freecol.server.networking.Server sendToAll
INFO: Reap dead connection: [DummyConnection Server connection - model.nation.aztec]
May 16, 2018 8:06:40 PM net.sf.freecol.server.networking.Server sendToAll
INFO: Reap dead connection: [DummyConnection Server connection - model.nation.spanish]
May 16, 2018 8:06:40 PM net.sf.freecol.common.model.Specification applyDifficultyLevel
INFO: Applying difficulty level model.difficulty.medium
May 16, 2018 8:06:40 PM net.sf.freecol.common.FreeColSeed getFreeColSeed
INFO: Using seed: -1544850428227862134
May 16, 2018 8:06:40 PM net.sf.freecol.server.networking.Server sendToAll
INFO: Reap dead connection: [DummyConnection Server connection - model.nation.dutch]
May 16, 2018 8:06:40 PM net.sf.freecol.server.networking.Server sendToAll
INFO: Reap dead connection: [DummyConnection Server connection - model.nation.apache]
May 16, 2018 8:06:40 PM net.sf.freecol.server.networking.Server sendToAll
INFO: Reap dead connection: [DummyConnection Server connection - model.nation.tupi]
May 16, 2018 8:06:40 PM net.sf.freecol.server.networking.Server sendToAll
INFO: Reap dead connection: [DummyConnection Server connection - model.nation.english]
May 16, 2018 8:06:40 PM net.sf.freecol.server.networking.Server sendToAll
INFO: Reap dead connection: [DummyConnection Server connection - model.nation.sioux]
May 16, 2018 8:06:40 PM net.sf.freecol.server.networking.Server sendToAll
INFO: Reap dead connection: [DummyConnection Server connection - model.nation.aztec]
May 16, 2018 8:06:40 PM net.sf.freecol.server.networking.Server sendToAll
INFO: Reap dead connection: [DummyConnection Server connection - model.nation.french]
May 16, 2018 8:06:40 PM net.sf.freecol.server.networking.Server sendToAll
INFO: Reap dead connection: [DummyConnection Server connection - model.nation.arawak]
May 16, 2018 8:06:40 PM net.sf.freecol.server.networking.Server sendToAll
INFO: Reap dead connection: [DummyConnection Server connection - model.nation.inca]
May 16, 2018 8:06:40 PM net.sf.freecol.server.networking.Server sendToAll
INFO: Reap dead connection: [DummyConnection Server connection - model.nation.cherokee]
May 16, 2018 8:06:40 PM net.sf.freecol.server.networking.Server sendToAll
INFO: Reap dead connection: [DummyConnection Server connection - model.nation.iroquois]
May 16, 2018 8:06:40 PM net.sf.freecol.server.networking.Server sendToAll
INFO: Reap dead connection: [DummyConnection Server connection - model.nation.spanish]
May 16, 2018 8:06:40 PM net.sf.freecol.common.model.FreeColObject getIdNumber
WARNING: Exception formatting ID number.
java.lang.NumberFormatException: For input string: "am2"
	at java.lang.NumberFormatException.forInputString(NumberFormatException.java:65)
	at java.lang.Integer.parseInt(Integer.java:580)
	at java.lang.Integer.parseInt(Integer.java:615)
	at net.sf.freecol.common.model.FreeColObject.getIdNumber(FreeColObject.java:203)
	at net.sf.freecol.common.model.FreeColObject.compareIds(FreeColObject.java:233)
	at net.sf.freecol.common.model.FreeColObject.compareTo(FreeColObject.java:246)
	at net.sf.freecol.server.ai.ValuedAIObject.compareTo(ValuedAIObject.java:126)
	at net.sf.freecol.server.ai.ValuedAIObject.compareTo(ValuedAIObject.java:37)
	at java.util.ComparableTimSort.countRunAndMakeAscending(ComparableTimSort.java:320)
	at java.util.ComparableTimSort.sort(ComparableTimSort.java:188)
	at java.util.Arrays.sort(Arrays.java:1312)
	at java.util.Arrays.sort(Arrays.java:1506)
	at java.util.ArrayList.sort(ArrayList.java:1454)
	at java.util.Collections.sort(Collections.java:141)
	at net.sf.freecol.server.ai.AIColony.updateTileImprovementPlans(AIColony.java:1406)
	at net.sf.freecol.server.ai.mission.PioneeringMissionTest.testImprovementNoLongerValid(PioneeringMissionTest.java:84)
	at sun.reflect.NativeMethodAccessorImpl.invoke0(Native Method)
	at sun.reflect.NativeMethodAccessorImpl.invoke(NativeMethodAccessorImpl.java:62)
	at sun.reflect.DelegatingMethodAccessorImpl.invoke(DelegatingMethodAccessorImpl.java:43)
	at java.lang.reflect.Method.invoke(Method.java:498)
	at junit.framework.TestCase.runTest(TestCase.java:176)
	at junit.framework.TestCase.runBare(TestCase.java:141)
	at junit.framework.TestResult$1.protect(TestResult.java:122)
	at junit.framework.TestResult.runProtected(TestResult.java:142)
	at junit.framework.TestResult.run(TestResult.java:125)
	at junit.framework.TestCase.run(TestCase.java:129)
	at junit.framework.TestSuite.runTest(TestSuite.java:255)
	at junit.framework.TestSuite.run(TestSuite.java:250)
	at junit.framework.TestSuite.runTest(TestSuite.java:255)
	at junit.framework.TestSuite.run(TestSuite.java:250)
	at junit.framework.TestSuite.runTest(TestSuite.java:255)
	at junit.framework.TestSuite.run(TestSuite.java:250)
	at junit.framework.TestSuite.runTest(TestSuite.java:255)
	at junit.framework.TestSuite.run(TestSuite.java:250)
	at junit.framework.TestSuite.runTest(TestSuite.java:255)
	at junit.framework.TestSuite.run(TestSuite.java:250)
	at junit.extensions.TestDecorator.basicRun(TestDecorator.java:23)
	at junit.extensions.TestSetup$1.protect(TestSetup.java:23)
	at junit.framework.TestResult.runProtected(TestResult.java:142)
	at junit.extensions.TestSetup.run(TestSetup.java:27)
	at org.apache.tools.ant.taskdefs.optional.junit.JUnitTestRunner.run(JUnitTestRunner.java:535)
	at org.apache.tools.ant.taskdefs.optional.junit.JUnitTestRunner.launch(JUnitTestRunner.java:1182)
	at org.apache.tools.ant.taskdefs.optional.junit.JUnitTestRunner.main(JUnitTestRunner.java:1033)

May 16, 2018 8:06:40 PM net.sf.freecol.common.model.FreeColObject getIdNumber
WARNING: Exception formatting ID number.
java.lang.NumberFormatException: For input string: "am1"
	at java.lang.NumberFormatException.forInputString(NumberFormatException.java:65)
	at java.lang.Integer.parseInt(Integer.java:580)
	at java.lang.Integer.parseInt(Integer.java:615)
	at net.sf.freecol.common.model.FreeColObject.getIdNumber(FreeColObject.java:203)
	at net.sf.freecol.common.model.FreeColObject.compareIds(FreeColObject.java:233)
	at net.sf.freecol.common.model.FreeColObject.compareTo(FreeColObject.java:246)
	at net.sf.freecol.server.ai.ValuedAIObject.compareTo(ValuedAIObject.java:126)
	at net.sf.freecol.server.ai.ValuedAIObject.compareTo(ValuedAIObject.java:37)
	at java.util.ComparableTimSort.countRunAndMakeAscending(ComparableTimSort.java:320)
	at java.util.ComparableTimSort.sort(ComparableTimSort.java:188)
	at java.util.Arrays.sort(Arrays.java:1312)
	at java.util.Arrays.sort(Arrays.java:1506)
	at java.util.ArrayList.sort(ArrayList.java:1454)
	at java.util.Collections.sort(Collections.java:141)
	at net.sf.freecol.server.ai.AIColony.updateTileImprovementPlans(AIColony.java:1406)
	at net.sf.freecol.server.ai.mission.PioneeringMissionTest.testImprovementNoLongerValid(PioneeringMissionTest.java:84)
	at sun.reflect.NativeMethodAccessorImpl.invoke0(Native Method)
	at sun.reflect.NativeMethodAccessorImpl.invoke(NativeMethodAccessorImpl.java:62)
	at sun.reflect.DelegatingMethodAccessorImpl.invoke(DelegatingMethodAccessorImpl.java:43)
	at java.lang.reflect.Method.invoke(Method.java:498)
	at junit.framework.TestCase.runTest(TestCase.java:176)
	at junit.framework.TestCase.runBare(TestCase.java:141)
	at junit.framework.TestResult$1.protect(TestResult.java:122)
	at junit.framework.TestResult.runProtected(TestResult.java:142)
	at junit.framework.TestResult.run(TestResult.java:125)
	at junit.framework.TestCase.run(TestCase.java:129)
	at junit.framework.TestSuite.runTest(TestSuite.java:255)
	at junit.framework.TestSuite.run(TestSuite.java:250)
	at junit.framework.TestSuite.runTest(TestSuite.java:255)
	at junit.framework.TestSuite.run(TestSuite.java:250)
	at junit.framework.TestSuite.runTest(TestSuite.java:255)
	at junit.framework.TestSuite.run(TestSuite.java:250)
	at junit.framework.TestSuite.runTest(TestSuite.java:255)
	at junit.framework.TestSuite.run(TestSuite.java:250)
	at junit.framework.TestSuite.runTest(TestSuite.java:255)
	at junit.framework.TestSuite.run(TestSuite.java:250)
	at junit.extensions.TestDecorator.basicRun(TestDecorator.java:23)
	at junit.extensions.TestSetup$1.protect(TestSetup.java:23)
	at junit.framework.TestResult.runProtected(TestResult.java:142)
	at junit.extensions.TestSetup.run(TestSetup.java:27)
	at org.apache.tools.ant.taskdefs.optional.junit.JUnitTestRunner.run(JUnitTestRunner.java:535)
	at org.apache.tools.ant.taskdefs.optional.junit.JUnitTestRunner.launch(JUnitTestRunner.java:1182)
	at org.apache.tools.ant.taskdefs.optional.junit.JUnitTestRunner.main(JUnitTestRunner.java:1033)

May 16, 2018 8:06:40 PM net.sf.freecol.common.model.Specification applyDifficultyLevel
INFO: Applying difficulty level model.difficulty.medium
May 16, 2018 8:06:40 PM net.sf.freecol.common.FreeColSeed getFreeColSeed
INFO: Using seed: -5256113318105298604
May 16, 2018 8:06:40 PM net.sf.freecol.server.networking.Server sendToAll
INFO: Reap dead connection: [DummyConnection Server connection - model.nation.arawak]
May 16, 2018 8:06:40 PM net.sf.freecol.server.networking.Server sendToAll
INFO: Reap dead connection: [DummyConnection Server connection - model.nation.english]
May 16, 2018 8:06:40 PM net.sf.freecol.server.networking.Server sendToAll
INFO: Reap dead connection: [DummyConnection Server connection - model.nation.cherokee]
May 16, 2018 8:06:40 PM net.sf.freecol.server.networking.Server sendToAll
INFO: Reap dead connection: [DummyConnection Server connection - model.nation.aztec]
May 16, 2018 8:06:40 PM net.sf.freecol.server.networking.Server sendToAll
INFO: Reap dead connection: [DummyConnection Server connection - model.nation.apache]
May 16, 2018 8:06:40 PM net.sf.freecol.server.networking.Server sendToAll
INFO: Reap dead connection: [DummyConnection Server connection - model.nation.dutch]
May 16, 2018 8:06:40 PM net.sf.freecol.server.networking.Server sendToAll
INFO: Reap dead connection: [DummyConnection Server connection - model.nation.iroquois]
May 16, 2018 8:06:40 PM net.sf.freecol.server.networking.Server sendToAll
INFO: Reap dead connection: [DummyConnection Server connection - model.nation.french]
May 16, 2018 8:06:40 PM net.sf.freecol.server.networking.Server sendToAll
INFO: Reap dead connection: [DummyConnection Server connection - model.nation.sioux]
May 16, 2018 8:06:40 PM net.sf.freecol.server.networking.Server sendToAll
INFO: Reap dead connection: [DummyConnection Server connection - model.nation.tupi]
May 16, 2018 8:06:40 PM net.sf.freecol.server.networking.Server sendToAll
INFO: Reap dead connection: [DummyConnection Server connection - model.nation.spanish]
May 16, 2018 8:06:40 PM net.sf.freecol.server.networking.Server sendToAll
INFO: Reap dead connection: [DummyConnection Server connection - model.nation.inca]
May 16, 2018 8:06:40 PM net.sf.freecol.common.model.Specification applyDifficultyLevel
INFO: Applying difficulty level model.difficulty.medium
May 16, 2018 8:06:40 PM net.sf.freecol.common.FreeColSeed getFreeColSeed
INFO: Using seed: -5785956278777600538
May 16, 2018 8:06:40 PM net.sf.freecol.server.networking.Server sendToAll
INFO: Reap dead connection: [DummyConnection Server connection - model.nation.english]
May 16, 2018 8:06:40 PM net.sf.freecol.server.networking.Server sendToAll
INFO: Reap dead connection: [DummyConnection Server connection - model.nation.iroquois]
May 16, 2018 8:06:40 PM net.sf.freecol.server.networking.Server sendToAll
INFO: Reap dead connection: [DummyConnection Server connection - model.nation.french]
May 16, 2018 8:06:40 PM net.sf.freecol.server.networking.Server sendToAll
INFO: Reap dead connection: [DummyConnection Server connection - model.nation.apache]
May 16, 2018 8:06:40 PM net.sf.freecol.server.networking.Server sendToAll
INFO: Reap dead connection: [DummyConnection Server connection - model.nation.aztec]
May 16, 2018 8:06:40 PM net.sf.freecol.server.networking.Server sendToAll
INFO: Reap dead connection: [DummyConnection Server connection - model.nation.arawak]
May 16, 2018 8:06:40 PM net.sf.freecol.server.networking.Server sendToAll
INFO: Reap dead connection: [DummyConnection Server connection - model.nation.dutch]
May 16, 2018 8:06:40 PM net.sf.freecol.server.networking.Server sendToAll
INFO: Reap dead connection: [DummyConnection Server connection - model.nation.inca]
May 16, 2018 8:06:40 PM net.sf.freecol.server.networking.Server sendToAll
INFO: Reap dead connection: [DummyConnection Server connection - model.nation.spanish]
May 16, 2018 8:06:40 PM net.sf.freecol.server.networking.Server sendToAll
INFO: Reap dead connection: [DummyConnection Server connection - model.nation.sioux]
May 16, 2018 8:06:40 PM net.sf.freecol.server.networking.Server sendToAll
INFO: Reap dead connection: [DummyConnection Server connection - model.nation.tupi]
May 16, 2018 8:06:40 PM net.sf.freecol.server.networking.Server sendToAll
INFO: Reap dead connection: [DummyConnection Server connection - model.nation.cherokee]
May 16, 2018 8:06:40 PM net.sf.freecol.common.model.Specification applyDifficultyLevel
INFO: Applying difficulty level model.difficulty.medium
May 16, 2018 8:06:40 PM net.sf.freecol.common.FreeColSeed getFreeColSeed
INFO: Using seed: -8716785311258661939
May 16, 2018 8:06:40 PM net.sf.freecol.server.networking.Server sendToAll
INFO: Reap dead connection: [DummyConnection Server connection - model.nation.english]
May 16, 2018 8:06:40 PM net.sf.freecol.server.networking.Server sendToAll
INFO: Reap dead connection: [DummyConnection Server connection - model.nation.iroquois]
May 16, 2018 8:06:40 PM net.sf.freecol.server.networking.Server sendToAll
INFO: Reap dead connection: [DummyConnection Server connection - model.nation.inca]
May 16, 2018 8:06:40 PM net.sf.freecol.server.networking.Server sendToAll
INFO: Reap dead connection: [DummyConnection Server connection - model.nation.sioux]
May 16, 2018 8:06:40 PM net.sf.freecol.server.networking.Server sendToAll
INFO: Reap dead connection: [DummyConnection Server connection - model.nation.tupi]
May 16, 2018 8:06:40 PM net.sf.freecol.server.networking.Server sendToAll
INFO: Reap dead connection: [DummyConnection Server connection - model.nation.french]
May 16, 2018 8:06:40 PM net.sf.freecol.server.networking.Server sendToAll
INFO: Reap dead connection: [DummyConnection Server connection - model.nation.arawak]
May 16, 2018 8:06:40 PM net.sf.freecol.server.networking.Server sendToAll
INFO: Reap dead connection: [DummyConnection Server connection - model.nation.cherokee]
May 16, 2018 8:06:40 PM net.sf.freecol.server.networking.Server sendToAll
INFO: Reap dead connection: [DummyConnection Server connection - model.nation.dutch]
May 16, 2018 8:06:40 PM net.sf.freecol.server.networking.Server sendToAll
INFO: Reap dead connection: [DummyConnection Server connection - model.nation.apache]
May 16, 2018 8:06:40 PM net.sf.freecol.server.networking.Server sendToAll
INFO: Reap dead connection: [DummyConnection Server connection - model.nation.aztec]
May 16, 2018 8:06:40 PM net.sf.freecol.server.networking.Server sendToAll
INFO: Reap dead connection: [DummyConnection Server connection - model.nation.spanish]
May 16, 2018 8:06:40 PM net.sf.freecol.common.model.Specification applyDifficultyLevel
INFO: Applying difficulty level model.difficulty.medium
May 16, 2018 8:06:40 PM net.sf.freecol.common.FreeColSeed getFreeColSeed
INFO: Using seed: 2903647746869231081
May 16, 2018 8:06:40 PM net.sf.freecol.server.networking.Server sendToAll
INFO: Reap dead connection: [DummyConnection Server connection - model.nation.apache]
May 16, 2018 8:06:40 PM net.sf.freecol.server.networking.Server sendToAll
INFO: Reap dead connection: [DummyConnection Server connection - model.nation.english]
May 16, 2018 8:06:40 PM net.sf.freecol.server.networking.Server sendToAll
INFO: Reap dead connection: [DummyConnection Server connection - model.nation.inca]
May 16, 2018 8:06:40 PM net.sf.freecol.server.networking.Server sendToAll
INFO: Reap dead connection: [DummyConnection Server connection - model.nation.sioux]
May 16, 2018 8:06:40 PM net.sf.freecol.server.networking.Server sendToAll
INFO: Reap dead connection: [DummyConnection Server connection - model.nation.cherokee]
May 16, 2018 8:06:40 PM net.sf.freecol.server.networking.Server sendToAll
INFO: Reap dead connection: [DummyConnection Server connection - model.nation.arawak]
May 16, 2018 8:06:40 PM net.sf.freecol.server.networking.Server sendToAll
INFO: Reap dead connection: [DummyConnection Server connection - model.nation.spanish]
May 16, 2018 8:06:40 PM net.sf.freecol.server.networking.Server sendToAll
INFO: Reap dead connection: [DummyConnection Server connection - model.nation.iroquois]
May 16, 2018 8:06:40 PM net.sf.freecol.server.networking.Server sendToAll
INFO: Reap dead connection: [DummyConnection Server connection - model.nation.dutch]
May 16, 2018 8:06:40 PM net.sf.freecol.server.networking.Server sendToAll
INFO: Reap dead connection: [DummyConnection Server connection - model.nation.french]
May 16, 2018 8:06:40 PM net.sf.freecol.server.networking.Server sendToAll
INFO: Reap dead connection: [DummyConnection Server connection - model.nation.tupi]
May 16, 2018 8:06:40 PM net.sf.freecol.server.networking.Server sendToAll
INFO: Reap dead connection: [DummyConnection Server connection - model.nation.aztec]
May 16, 2018 8:06:40 PM net.sf.freecol.common.model.Specification applyDifficultyLevel
INFO: Applying difficulty level model.difficulty.medium
May 16, 2018 8:06:40 PM net.sf.freecol.common.FreeColSeed getFreeColSeed
INFO: Using seed: -7684104709546135101
May 16, 2018 8:06:40 PM net.sf.freecol.server.networking.Server sendToAll
INFO: Reap dead connection: [DummyConnection Server connection - model.nation.french]
May 16, 2018 8:06:40 PM net.sf.freecol.server.networking.Server sendToAll
INFO: Reap dead connection: [DummyConnection Server connection - model.nation.tupi]
May 16, 2018 8:06:40 PM net.sf.freecol.server.networking.Server sendToAll
INFO: Reap dead connection: [DummyConnection Server connection - model.nation.cherokee]
May 16, 2018 8:06:40 PM net.sf.freecol.server.networking.Server sendToAll
INFO: Reap dead connection: [DummyConnection Server connection - model.nation.sioux]
May 16, 2018 8:06:40 PM net.sf.freecol.server.networking.Server sendToAll
INFO: Reap dead connection: [DummyConnection Server connection - model.nation.arawak]
May 16, 2018 8:06:40 PM net.sf.freecol.server.networking.Server sendToAll
INFO: Reap dead connection: [DummyConnection Server connection - model.nation.dutch]
May 16, 2018 8:06:40 PM net.sf.freecol.server.networking.Server sendToAll
INFO: Reap dead connection: [DummyConnection Server connection - model.nation.apache]
May 16, 2018 8:06:40 PM net.sf.freecol.server.networking.Server sendToAll
INFO: Reap dead connection: [DummyConnection Server connection - model.nation.inca]
May 16, 2018 8:06:40 PM net.sf.freecol.server.networking.Server sendToAll
INFO: Reap dead connection: [DummyConnection Server connection - model.nation.spanish]
May 16, 2018 8:06:40 PM net.sf.freecol.server.networking.Server sendToAll
INFO: Reap dead connection: [DummyConnection Server connection - model.nation.aztec]
May 16, 2018 8:06:40 PM net.sf.freecol.server.networking.Server sendToAll
INFO: Reap dead connection: [DummyConnection Server connection - model.nation.iroquois]
May 16, 2018 8:06:40 PM net.sf.freecol.server.networking.Server sendToAll
INFO: Reap dead connection: [DummyConnection Server connection - model.nation.english]
May 16, 2018 8:06:40 PM net.sf.freecol.common.networking.DOMMessage clientError
WARNING: Received message: move out of turn from player: model.nation.dutch
May 16, 2018 8:06:40 PM net.sf.freecol.server.ai.AIMessage checkError
WARNING: AIMessage.move error, messageId: server.reject message: Received message: move out of turn from player: model.nation.dutch
May 16, 2018 8:06:40 PM net.sf.freecol.common.model.Specification applyDifficultyLevel
INFO: Applying difficulty level model.difficulty.medium
May 16, 2018 8:06:40 PM net.sf.freecol.common.FreeColSeed getFreeColSeed
INFO: Using seed: -102212197906633288
May 16, 2018 8:06:40 PM net.sf.freecol.server.networking.Server sendToAll
INFO: Reap dead connection: [DummyConnection Server connection - model.nation.dutch]
May 16, 2018 8:06:40 PM net.sf.freecol.server.networking.Server sendToAll
INFO: Reap dead connection: [DummyConnection Server connection - model.nation.spanish]
May 16, 2018 8:06:40 PM net.sf.freecol.server.networking.Server sendToAll
INFO: Reap dead connection: [DummyConnection Server connection - model.nation.iroquois]
May 16, 2018 8:06:40 PM net.sf.freecol.server.networking.Server sendToAll
INFO: Reap dead connection: [DummyConnection Server connection - model.nation.apache]
May 16, 2018 8:06:40 PM net.sf.freecol.server.networking.Server sendToAll
INFO: Reap dead connection: [DummyConnection Server connection - model.nation.inca]
May 16, 2018 8:06:40 PM net.sf.freecol.server.networking.Server sendToAll
INFO: Reap dead connection: [DummyConnection Server connection - model.nation.cherokee]
May 16, 2018 8:06:40 PM net.sf.freecol.server.networking.Server sendToAll
INFO: Reap dead connection: [DummyConnection Server connection - model.nation.tupi]
May 16, 2018 8:06:40 PM net.sf.freecol.server.networking.Server sendToAll
INFO: Reap dead connection: [DummyConnection Server connection - model.nation.sioux]
May 16, 2018 8:06:40 PM net.sf.freecol.server.networking.Server sendToAll
INFO: Reap dead connection: [DummyConnection Server connection - model.nation.english]
May 16, 2018 8:06:40 PM net.sf.freecol.server.networking.Server sendToAll
INFO: Reap dead connection: [DummyConnection Server connection - model.nation.french]
May 16, 2018 8:06:40 PM net.sf.freecol.server.networking.Server sendToAll
INFO: Reap dead connection: [DummyConnection Server connection - model.nation.aztec]
May 16, 2018 8:06:40 PM net.sf.freecol.server.networking.Server sendToAll
INFO: Reap dead connection: [DummyConnection Server connection - model.nation.arawak]
May 16, 2018 8:06:40 PM net.sf.freecol.common.networking.DOMMessage clientError
WARNING: Received message: move out of turn from player: model.nation.dutch
May 16, 2018 8:06:40 PM net.sf.freecol.server.ai.AIMessage checkError
WARNING: AIMessage.move error, messageId: server.reject message: Received message: move out of turn from player: model.nation.dutch
May 16, 2018 8:06:40 PM net.sf.freecol.common.model.Specification applyDifficultyLevel
INFO: Applying difficulty level model.difficulty.medium
May 16, 2018 8:06:40 PM net.sf.freecol.common.FreeColSeed getFreeColSeed
INFO: Using seed: -6588708914549930407
May 16, 2018 8:06:40 PM net.sf.freecol.server.networking.Server sendToAll
INFO: Reap dead connection: [DummyConnection Server connection - model.nation.arawak]
May 16, 2018 8:06:40 PM net.sf.freecol.server.networking.Server sendToAll
INFO: Reap dead connection: [DummyConnection Server connection - model.nation.inca]
May 16, 2018 8:06:40 PM net.sf.freecol.server.networking.Server sendToAll
INFO: Reap dead connection: [DummyConnection Server connection - model.nation.spanish]
May 16, 2018 8:06:40 PM net.sf.freecol.server.networking.Server sendToAll
INFO: Reap dead connection: [DummyConnection Server connection - model.nation.iroquois]
May 16, 2018 8:06:40 PM net.sf.freecol.server.networking.Server sendToAll
INFO: Reap dead connection: [DummyConnection Server connection - model.nation.english]
May 16, 2018 8:06:40 PM net.sf.freecol.server.networking.Server sendToAll
INFO: Reap dead connection: [DummyConnection Server connection - model.nation.sioux]
May 16, 2018 8:06:40 PM net.sf.freecol.server.networking.Server sendToAll
INFO: Reap dead connection: [DummyConnection Server connection - model.nation.french]
May 16, 2018 8:06:40 PM net.sf.freecol.server.networking.Server sendToAll
INFO: Reap dead connection: [DummyConnection Server connection - model.nation.cherokee]
May 16, 2018 8:06:40 PM net.sf.freecol.server.networking.Server sendToAll
INFO: Reap dead connection: [DummyConnection Server connection - model.nation.tupi]
May 16, 2018 8:06:40 PM net.sf.freecol.server.networking.Server sendToAll
INFO: Reap dead connection: [DummyConnection Server connection - model.nation.dutch]
May 16, 2018 8:06:40 PM net.sf.freecol.server.networking.Server sendToAll
INFO: Reap dead connection: [DummyConnection Server connection - model.nation.apache]
May 16, 2018 8:06:40 PM net.sf.freecol.server.networking.Server sendToAll
INFO: Reap dead connection: [DummyConnection Server connection - model.nation.aztec]
May 16, 2018 8:06:40 PM net.sf.freecol.common.networking.DOMMessage clientError
WARNING: Received message: move out of turn from player: model.nation.dutch
May 16, 2018 8:06:40 PM net.sf.freecol.server.ai.AIMessage checkError
WARNING: AIMessage.move error, messageId: server.reject message: Received message: move out of turn from player: model.nation.dutch
May 16, 2018 8:06:40 PM net.sf.freecol.common.model.Specification applyDifficultyLevel
INFO: Applying difficulty level model.difficulty.medium
May 16, 2018 8:06:40 PM net.sf.freecol.common.FreeColSeed getFreeColSeed
INFO: Using seed: -1097300746540761213
May 16, 2018 8:06:40 PM net.sf.freecol.server.networking.Server sendToAll
INFO: Reap dead connection: [DummyConnection Server connection - model.nation.tupi]
May 16, 2018 8:06:40 PM net.sf.freecol.server.networking.Server sendToAll
INFO: Reap dead connection: [DummyConnection Server connection - model.nation.apache]
May 16, 2018 8:06:40 PM net.sf.freecol.server.networking.Server sendToAll
INFO: Reap dead connection: [DummyConnection Server connection - model.nation.iroquois]
May 16, 2018 8:06:40 PM net.sf.freecol.server.networking.Server sendToAll
INFO: Reap dead connection: [DummyConnection Server connection - model.nation.aztec]
May 16, 2018 8:06:40 PM net.sf.freecol.server.networking.Server sendToAll
INFO: Reap dead connection: [DummyConnection Server connection - model.nation.arawak]
May 16, 2018 8:06:40 PM net.sf.freecol.server.networking.Server sendToAll
INFO: Reap dead connection: [DummyConnection Server connection - model.nation.inca]
May 16, 2018 8:06:40 PM net.sf.freecol.server.networking.Server sendToAll
INFO: Reap dead connection: [DummyConnection Server connection - model.nation.french]
May 16, 2018 8:06:40 PM net.sf.freecol.server.networking.Server sendToAll
INFO: Reap dead connection: [DummyConnection Server connection - model.nation.english]
May 16, 2018 8:06:40 PM net.sf.freecol.server.networking.Server sendToAll
INFO: Reap dead connection: [DummyConnection Server connection - model.nation.sioux]
May 16, 2018 8:06:40 PM net.sf.freecol.server.networking.Server sendToAll
INFO: Reap dead connection: [DummyConnection Server connection - model.nation.spanish]
May 16, 2018 8:06:40 PM net.sf.freecol.server.networking.Server sendToAll
INFO: Reap dead connection: [DummyConnection Server connection - model.nation.cherokee]
May 16, 2018 8:06:40 PM net.sf.freecol.server.networking.Server sendToAll
INFO: Reap dead connection: [DummyConnection Server connection - model.nation.dutch]
May 16, 2018 8:06:40 PM net.sf.freecol.common.util.LogBuilder log
INFO: Combat attacker=unit:250-privateer [Modifier model.modifier.offence (model.source.baseOffence) ADDITIVE 8.0 index=10] [Modifier model.modifier.attackBonus (model.source.attackBonus) PERCENTAGE 50.0 index=50] = 12.0 defender=unit:247-galleon [Modifier model.modifier.defence (model.source.baseDefence) ADDITIVE 10.0 index=10] = 10.0 odds=0.5454545454545454 random(1.0)=0.5254545211791992 great=false Attack WIN DAMAGE_SHIP_ATTACK
May 16, 2018 8:06:40 PM net.sf.freecol.common.util.LogBuilder log
INFO: Destroying: unit:249
May 16, 2018 8:06:41 PM net.sf.freecol.common.networking.DOMMessage clientError
WARNING: Received message: emigrateUnit out of turn from player: model.nation.dutch
May 16, 2018 8:06:41 PM net.sf.freecol.server.ai.AIMessage checkError
WARNING: AIMessage.emigrateUnit error, messageId: server.reject message: Received message: emigrateUnit out of turn from player: model.nation.dutch
May 16, 2018 8:06:41 PM net.sf.freecol.common.model.Specification applyDifficultyLevel
INFO: Applying difficulty level model.difficulty.medium
May 16, 2018 8:06:41 PM net.sf.freecol.common.FreeColSeed getFreeColSeed
INFO: Using seed: -4269571091141599107
May 16, 2018 8:06:41 PM net.sf.freecol.server.networking.Server sendToAll
INFO: Reap dead connection: [DummyConnection Server connection - model.nation.tupi]
May 16, 2018 8:06:41 PM net.sf.freecol.server.networking.Server sendToAll
INFO: Reap dead connection: [DummyConnection Server connection - model.nation.aztec]
May 16, 2018 8:06:41 PM net.sf.freecol.server.networking.Server sendToAll
INFO: Reap dead connection: [DummyConnection Server connection - model.nation.french]
May 16, 2018 8:06:41 PM net.sf.freecol.server.networking.Server sendToAll
INFO: Reap dead connection: [DummyConnection Server connection - model.nation.sioux]
May 16, 2018 8:06:41 PM net.sf.freecol.server.networking.Server sendToAll
INFO: Reap dead connection: [DummyConnection Server connection - model.nation.english]
May 16, 2018 8:06:41 PM net.sf.freecol.server.networking.Server sendToAll
INFO: Reap dead connection: [DummyConnection Server connection - model.nation.iroquois]
May 16, 2018 8:06:41 PM net.sf.freecol.server.networking.Server sendToAll
INFO: Reap dead connection: [DummyConnection Server connection - model.nation.arawak]
May 16, 2018 8:06:41 PM net.sf.freecol.server.networking.Server sendToAll
INFO: Reap dead connection: [DummyConnection Server connection - model.nation.inca]
May 16, 2018 8:06:41 PM net.sf.freecol.server.networking.Server sendToAll
INFO: Reap dead connection: [DummyConnection Server connection - model.nation.cherokee]
May 16, 2018 8:06:41 PM net.sf.freecol.server.networking.Server sendToAll
INFO: Reap dead connection: [DummyConnection Server connection - model.nation.dutch]
May 16, 2018 8:06:41 PM net.sf.freecol.server.networking.Server sendToAll
INFO: Reap dead connection: [DummyConnection Server connection - model.nation.apache]
May 16, 2018 8:06:41 PM net.sf.freecol.server.networking.Server sendToAll
INFO: Reap dead connection: [DummyConnection Server connection - model.nation.spanish]
May 16, 2018 8:06:41 PM net.sf.freecol.common.model.Specification applyDifficultyLevel
INFO: Applying difficulty level model.difficulty.medium
May 16, 2018 8:06:41 PM net.sf.freecol.common.FreeColSeed getFreeColSeed
INFO: Using seed: 2018236196839046264
May 16, 2018 8:06:41 PM net.sf.freecol.server.networking.Server sendToAll
INFO: Reap dead connection: [DummyConnection Server connection - model.nation.apache]
May 16, 2018 8:06:41 PM net.sf.freecol.server.networking.Server sendToAll
INFO: Reap dead connection: [DummyConnection Server connection - model.nation.aztec]
May 16, 2018 8:06:41 PM net.sf.freecol.server.networking.Server sendToAll
INFO: Reap dead connection: [DummyConnection Server connection - model.nation.french]
May 16, 2018 8:06:41 PM net.sf.freecol.server.networking.Server sendToAll
INFO: Reap dead connection: [DummyConnection Server connection - model.nation.tupi]
May 16, 2018 8:06:41 PM net.sf.freecol.server.networking.Server sendToAll
INFO: Reap dead connection: [DummyConnection Server connection - model.nation.iroquois]
May 16, 2018 8:06:41 PM net.sf.freecol.server.networking.Server sendToAll
INFO: Reap dead connection: [DummyConnection Server connection - model.nation.sioux]
May 16, 2018 8:06:41 PM net.sf.freecol.server.networking.Server sendToAll
INFO: Reap dead connection: [DummyConnection Server connection - model.nation.dutch]
May 16, 2018 8:06:41 PM net.sf.freecol.server.networking.Server sendToAll
INFO: Reap dead connection: [DummyConnection Server connection - model.nation.cherokee]
May 16, 2018 8:06:41 PM net.sf.freecol.server.networking.Server sendToAll
INFO: Reap dead connection: [DummyConnection Server connection - model.nation.arawak]
May 16, 2018 8:06:41 PM net.sf.freecol.server.networking.Server sendToAll
INFO: Reap dead connection: [DummyConnection Server connection - model.nation.english]
May 16, 2018 8:06:41 PM net.sf.freecol.server.networking.Server sendToAll
INFO: Reap dead connection: [DummyConnection Server connection - model.nation.inca]
May 16, 2018 8:06:41 PM net.sf.freecol.server.networking.Server sendToAll
INFO: Reap dead connection: [DummyConnection Server connection - model.nation.spanish]
May 16, 2018 8:06:41 PM net.sf.freecol.common.model.Specification applyDifficultyLevel
INFO: Applying difficulty level model.difficulty.medium
May 16, 2018 8:06:41 PM net.sf.freecol.common.FreeColSeed getFreeColSeed
INFO: Using seed: -7886221475487770541
May 16, 2018 8:06:41 PM net.sf.freecol.server.networking.Server sendToAll
INFO: Reap dead connection: [DummyConnection Server connection - model.nation.iroquois]
May 16, 2018 8:06:41 PM net.sf.freecol.server.networking.Server sendToAll
INFO: Reap dead connection: [DummyConnection Server connection - model.nation.arawak]
May 16, 2018 8:06:41 PM net.sf.freecol.server.networking.Server sendToAll
INFO: Reap dead connection: [DummyConnection Server connection - model.nation.spanish]
May 16, 2018 8:06:41 PM net.sf.freecol.server.networking.Server sendToAll
INFO: Reap dead connection: [DummyConnection Server connection - model.nation.cherokee]
May 16, 2018 8:06:41 PM net.sf.freecol.server.networking.Server sendToAll
INFO: Reap dead connection: [DummyConnection Server connection - model.nation.tupi]
May 16, 2018 8:06:41 PM net.sf.freecol.server.networking.Server sendToAll
INFO: Reap dead connection: [DummyConnection Server connection - model.nation.french]
May 16, 2018 8:06:41 PM net.sf.freecol.server.networking.Server sendToAll
INFO: Reap dead connection: [DummyConnection Server connection - model.nation.english]
May 16, 2018 8:06:41 PM net.sf.freecol.server.networking.Server sendToAll
INFO: Reap dead connection: [DummyConnection Server connection - model.nation.inca]
May 16, 2018 8:06:41 PM net.sf.freecol.server.networking.Server sendToAll
INFO: Reap dead connection: [DummyConnection Server connection - model.nation.aztec]
May 16, 2018 8:06:41 PM net.sf.freecol.server.networking.Server sendToAll
INFO: Reap dead connection: [DummyConnection Server connection - model.nation.apache]
May 16, 2018 8:06:41 PM net.sf.freecol.server.networking.Server sendToAll
INFO: Reap dead connection: [DummyConnection Server connection - model.nation.sioux]
May 16, 2018 8:06:41 PM net.sf.freecol.server.networking.Server sendToAll
INFO: Reap dead connection: [DummyConnection Server connection - model.nation.dutch]
May 16, 2018 8:06:41 PM net.sf.freecol.server.model.ServerPlayer csChangeStance
INFO: Stance modification William I PEACE -> WAR wrt Atahualpa
May 16, 2018 8:06:41 PM net.sf.freecol.server.model.ServerPlayer csChangeStance
INFO: Stance modification Atahualpa PEACE -> WAR wrt William I (symmetric)
May 16, 2018 8:06:41 PM net.sf.freecol.common.model.Specification applyDifficultyLevel
INFO: Applying difficulty level model.difficulty.medium
May 16, 2018 8:06:41 PM net.sf.freecol.common.FreeColSeed getFreeColSeed
INFO: Using seed: -5907823271126730077
May 16, 2018 8:06:41 PM net.sf.freecol.server.networking.Server sendToAll
INFO: Reap dead connection: [DummyConnection Server connection - model.nation.inca]
May 16, 2018 8:06:41 PM net.sf.freecol.server.networking.Server sendToAll
INFO: Reap dead connection: [DummyConnection Server connection - model.nation.sioux]
May 16, 2018 8:06:41 PM net.sf.freecol.server.networking.Server sendToAll
INFO: Reap dead connection: [DummyConnection Server connection - model.nation.aztec]
May 16, 2018 8:06:41 PM net.sf.freecol.server.networking.Server sendToAll
INFO: Reap dead connection: [DummyConnection Server connection - model.nation.tupi]
May 16, 2018 8:06:41 PM net.sf.freecol.server.networking.Server sendToAll
INFO: Reap dead connection: [DummyConnection Server connection - model.nation.apache]
May 16, 2018 8:06:41 PM net.sf.freecol.server.networking.Server sendToAll
INFO: Reap dead connection: [DummyConnection Server connection - model.nation.spanish]
May 16, 2018 8:06:41 PM net.sf.freecol.server.networking.Server sendToAll
INFO: Reap dead connection: [DummyConnection Server connection - model.nation.english]
May 16, 2018 8:06:41 PM net.sf.freecol.server.networking.Server sendToAll
INFO: Reap dead connection: [DummyConnection Server connection - model.nation.iroquois]
May 16, 2018 8:06:41 PM net.sf.freecol.server.networking.Server sendToAll
INFO: Reap dead connection: [DummyConnection Server connection - model.nation.dutch]
May 16, 2018 8:06:41 PM net.sf.freecol.server.networking.Server sendToAll
INFO: Reap dead connection: [DummyConnection Server connection - model.nation.french]
May 16, 2018 8:06:41 PM net.sf.freecol.server.networking.Server sendToAll
INFO: Reap dead connection: [DummyConnection Server connection - model.nation.cherokee]
May 16, 2018 8:06:41 PM net.sf.freecol.server.networking.Server sendToAll
INFO: Reap dead connection: [DummyConnection Server connection - model.nation.arawak]
May 16, 2018 8:06:41 PM net.sf.freecol.server.model.ServerPlayer csChangeStance
INFO: Stance modification William I UNCONTACTED -> WAR wrt Louis XIV
May 16, 2018 8:06:41 PM net.sf.freecol.server.model.ServerPlayer csChangeStance
INFO: Stance modification Louis XIV UNCONTACTED -> WAR wrt William I (symmetric)
May 16, 2018 8:06:41 PM net.sf.freecol.common.util.LogBuilder log
INFO: Combat attacker=unit:247-artillery [Modifier model.modifier.offence (model.source.baseOffence) ADDITIVE 7.0 index=10] [Modifier model.modifier.artilleryInTheOpen (model.source.artilleryInTheOpen) PERCENTAGE -75.0 index=50] [Modifier model.modifier.attackBonus (model.source.attackBonus) PERCENTAGE 50.0 index=50] = 2.625 defender=unit:248-freeColonist-soldier [Modifier model.modifier.defence (model.source.baseDefence) ADDITIVE 1.0 index=10] [Modifier model.modifier.defence (model.role.soldier) ADDITIVE 1.0 index=30] = 2.0 odds=0.5675675675675675 random(1.0)=0.5875675678253174 great=false Attack LOSE DEMOTE_UNIT
May 16, 2018 8:06:41 PM net.sf.freecol.common.util.LogBuilder log
INFO: Combat attacker=unit:247-damagedArtillery [Modifier model.modifier.offence (model.source.baseOffence) ADDITIVE 5.0 index=10] [Modifier model.modifier.artilleryInTheOpen (model.source.artilleryInTheOpen) PERCENTAGE -75.0 index=50] [Modifier model.modifier.attackBonus (model.source.attackBonus) PERCENTAGE 50.0 index=50] = 1.875 defender=unit:248-freeColonist-soldier [Modifier model.modifier.defence (model.source.baseDefence) ADDITIVE 1.0 index=10] [Modifier model.modifier.defence (model.role.soldier) ADDITIVE 1.0 index=30] = 2.0 odds=0.4838709677419355 random(1.0)=0.503870964050293 great=false Attack LOSE SLAUGHTER_UNIT
May 16, 2018 8:06:41 PM net.sf.freecol.common.util.LogBuilder log
INFO: Destroying: unit:247
May 16, 2018 8:06:41 PM net.sf.freecol.common.model.Specification applyDifficultyLevel
INFO: Applying difficulty level model.difficulty.medium
May 16, 2018 8:06:41 PM net.sf.freecol.common.FreeColSeed getFreeColSeed
INFO: Using seed: -2692023887964513105
May 16, 2018 8:06:41 PM net.sf.freecol.server.networking.Server sendToAll
INFO: Reap dead connection: [DummyConnection Server connection - model.nation.dutch]
May 16, 2018 8:06:41 PM net.sf.freecol.server.networking.Server sendToAll
INFO: Reap dead connection: [DummyConnection Server connection - model.nation.aztec]
May 16, 2018 8:06:41 PM net.sf.freecol.server.networking.Server sendToAll
INFO: Reap dead connection: [DummyConnection Server connection - model.nation.tupi]
May 16, 2018 8:06:41 PM net.sf.freecol.server.networking.Server sendToAll
INFO: Reap dead connection: [DummyConnection Server connection - model.nation.french]
May 16, 2018 8:06:41 PM net.sf.freecol.server.networking.Server sendToAll
INFO: Reap dead connection: [DummyConnection Server connection - model.nation.apache]
May 16, 2018 8:06:41 PM net.sf.freecol.server.networking.Server sendToAll
INFO: Reap dead connection: [DummyConnection Server connection - model.nation.english]
May 16, 2018 8:06:41 PM net.sf.freecol.server.networking.Server sendToAll
INFO: Reap dead connection: [DummyConnection Server connection - model.nation.sioux]
May 16, 2018 8:06:41 PM net.sf.freecol.server.networking.Server sendToAll
INFO: Reap dead connection: [DummyConnection Server connection - model.nation.spanish]
May 16, 2018 8:06:41 PM net.sf.freecol.server.networking.Server sendToAll
INFO: Reap dead connection: [DummyConnection Server connection - model.nation.cherokee]
May 16, 2018 8:06:41 PM net.sf.freecol.server.networking.Server sendToAll
INFO: Reap dead connection: [DummyConnection Server connection - model.nation.iroquois]
May 16, 2018 8:06:41 PM net.sf.freecol.server.networking.Server sendToAll
INFO: Reap dead connection: [DummyConnection Server connection - model.nation.arawak]
May 16, 2018 8:06:41 PM net.sf.freecol.server.networking.Server sendToAll
INFO: Reap dead connection: [DummyConnection Server connection - model.nation.inca]
May 16, 2018 8:06:41 PM net.sf.freecol.server.model.ServerPlayer csChangeStance
INFO: Stance modification William I WAR -> PEACE wrt Louis XIV
May 16, 2018 8:06:41 PM net.sf.freecol.server.model.ServerPlayer csChangeStance
INFO: Stance modification Louis XIV WAR -> PEACE wrt William I (symmetric)
May 16, 2018 8:06:41 PM net.sf.freecol.common.model.Specification applyDifficultyLevel
INFO: Applying difficulty level model.difficulty.medium
May 16, 2018 8:06:41 PM net.sf.freecol.common.FreeColSeed getFreeColSeed
INFO: Using seed: 6569103572376022198
May 16, 2018 8:06:41 PM net.sf.freecol.server.networking.Server sendToAll
INFO: Reap dead connection: [DummyConnection Server connection - model.nation.sioux]
May 16, 2018 8:06:41 PM net.sf.freecol.server.networking.Server sendToAll
INFO: Reap dead connection: [DummyConnection Server connection - model.nation.dutch]
May 16, 2018 8:06:41 PM net.sf.freecol.server.networking.Server sendToAll
INFO: Reap dead connection: [DummyConnection Server connection - model.nation.iroquois]
May 16, 2018 8:06:41 PM net.sf.freecol.server.networking.Server sendToAll
INFO: Reap dead connection: [DummyConnection Server connection - model.nation.spanish]
May 16, 2018 8:06:41 PM net.sf.freecol.server.networking.Server sendToAll
INFO: Reap dead connection: [DummyConnection Server connection - model.nation.tupi]
May 16, 2018 8:06:41 PM net.sf.freecol.server.networking.Server sendToAll
INFO: Reap dead connection: [DummyConnection Server connection - model.nation.inca]
May 16, 2018 8:06:41 PM net.sf.freecol.server.networking.Server sendToAll
INFO: Reap dead connection: [DummyConnection Server connection - model.nation.cherokee]
May 16, 2018 8:06:41 PM net.sf.freecol.server.networking.Server sendToAll
INFO: Reap dead connection: [DummyConnection Server connection - model.nation.french]
May 16, 2018 8:06:41 PM net.sf.freecol.server.networking.Server sendToAll
INFO: Reap dead connection: [DummyConnection Server connection - model.nation.english]
May 16, 2018 8:06:41 PM net.sf.freecol.server.networking.Server sendToAll
INFO: Reap dead connection: [DummyConnection Server connection - model.nation.arawak]
May 16, 2018 8:06:41 PM net.sf.freecol.server.networking.Server sendToAll
INFO: Reap dead connection: [DummyConnection Server connection - model.nation.apache]
May 16, 2018 8:06:41 PM net.sf.freecol.server.networking.Server sendToAll
INFO: Reap dead connection: [DummyConnection Server connection - model.nation.aztec]
May 16, 2018 8:06:41 PM net.sf.freecol.server.model.ServerPlayer csChangeStance
INFO: Stance modification William I UNCONTACTED -> WAR wrt Louis XIV
May 16, 2018 8:06:41 PM net.sf.freecol.server.model.ServerPlayer csChangeStance
INFO: Stance modification Louis XIV UNCONTACTED -> WAR wrt William I (symmetric)
May 16, 2018 8:06:41 PM net.sf.freecol.common.util.LogBuilder log
INFO: Combat attacker=unit:248-veteranSoldier-soldier [Modifier model.modifier.offence (model.source.baseOffence) ADDITIVE 0.0 index=10] [Modifier model.modifier.offence (model.role.soldier) ADDITIVE 2.0 index=30] [Modifier model.modifier.offence (model.unit.veteranSoldier) PERCENTAGE 50.0 index=40] [Modifier model.modifier.attackBonus (model.source.attackBonus) PERCENTAGE 50.0 index=50] = 4.5 defender=unit:247-freeColonist-scout [Modifier model.modifier.defence (model.source.baseDefence) ADDITIVE 1.0 index=10] [Modifier model.modifier.defence (model.role.scout) ADDITIVE 1.0 index=30] = 2.0 odds=0.6923076923076923 random(1.0)=0.6723076701164246 great=false Attack WIN SLAUGHTER_UNIT
May 16, 2018 8:06:41 PM net.sf.freecol.common.util.LogBuilder log
INFO: Destroying: unit:247
May 16, 2018 8:06:41 PM net.sf.freecol.common.model.Specification applyDifficultyLevel
INFO: Applying difficulty level model.difficulty.medium
May 16, 2018 8:06:41 PM net.sf.freecol.common.FreeColSeed getFreeColSeed
INFO: Using seed: -1629891428095325792
May 16, 2018 8:06:41 PM net.sf.freecol.server.networking.Server sendToAll
INFO: Reap dead connection: [DummyConnection Server connection - model.nation.spanish]
May 16, 2018 8:06:41 PM net.sf.freecol.server.networking.Server sendToAll
INFO: Reap dead connection: [DummyConnection Server connection - model.nation.cherokee]
May 16, 2018 8:06:41 PM net.sf.freecol.server.networking.Server sendToAll
INFO: Reap dead connection: [DummyConnection Server connection - model.nation.iroquois]
May 16, 2018 8:06:41 PM net.sf.freecol.server.networking.Server sendToAll
INFO: Reap dead connection: [DummyConnection Server connection - model.nation.tupi]
May 16, 2018 8:06:41 PM net.sf.freecol.server.networking.Server sendToAll
INFO: Reap dead connection: [DummyConnection Server connection - model.nation.dutch]
May 16, 2018 8:06:41 PM net.sf.freecol.server.networking.Server sendToAll
INFO: Reap dead connection: [DummyConnection Server connection - model.nation.arawak]
May 16, 2018 8:06:41 PM net.sf.freecol.server.networking.Server sendToAll
INFO: Reap dead connection: [DummyConnection Server connection - model.nation.apache]
May 16, 2018 8:06:41 PM net.sf.freecol.server.networking.Server sendToAll
INFO: Reap dead connection: [DummyConnection Server connection - model.nation.aztec]
May 16, 2018 8:06:41 PM net.sf.freecol.server.networking.Server sendToAll
INFO: Reap dead connection: [DummyConnection Server connection - model.nation.french]
May 16, 2018 8:06:41 PM net.sf.freecol.server.networking.Server sendToAll
INFO: Reap dead connection: [DummyConnection Server connection - model.nation.english]
May 16, 2018 8:06:41 PM net.sf.freecol.server.networking.Server sendToAll
INFO: Reap dead connection: [DummyConnection Server connection - model.nation.sioux]
May 16, 2018 8:06:41 PM net.sf.freecol.server.networking.Server sendToAll
INFO: Reap dead connection: [DummyConnection Server connection - model.nation.inca]
May 16, 2018 8:06:41 PM net.sf.freecol.server.model.ServerPlayer csChangeStance
INFO: Stance modification William I UNCONTACTED -> WAR wrt Atahualpa
May 16, 2018 8:06:41 PM net.sf.freecol.server.model.ServerPlayer csChangeStance
INFO: Stance modification Atahualpa UNCONTACTED -> WAR wrt William I (symmetric)
May 16, 2018 8:06:41 PM net.sf.freecol.common.util.LogBuilder log
INFO: Combat attacker=unit:259-freeColonist-dragoon [Modifier model.modifier.offence (model.source.baseOffence) ADDITIVE 0.0 index=10] [Modifier model.modifier.offence (model.role.dragoon) ADDITIVE 3.0 index=30] [Modifier model.modifier.attackBonus (model.source.attackBonus) PERCENTAGE 50.0 index=50] = 4.5 defender=unit:260-brave [Modifier model.modifier.defence (model.source.baseDefence) ADDITIVE 1.0 index=10] = 1.0 odds=0.8181818181818182 random(1.0)=0.8381817936897278 great=false Attack LOSE CAPTURE_EQUIP
May 16, 2018 8:06:41 PM net.sf.freecol.common.util.LogBuilder log
INFO: Combat attacker=unit:259-freeColonist-soldier [Modifier model.modifier.offence (model.source.baseOffence) ADDITIVE 0.0 index=10] [Modifier model.modifier.offence (model.role.soldier) ADDITIVE 2.0 index=30] [Modifier model.modifier.attackBonus (model.source.attackBonus) PERCENTAGE 50.0 index=50] = 3.0 defender=unit:260-brave-mountedBrave [Modifier model.modifier.defence (model.source.baseDefence) ADDITIVE 1.0 index=10] [Modifier model.modifier.defence (model.role.mountedBrave) ADDITIVE 1.0 index=30] = 2.0 odds=0.6 random(1.0)=0.6200000047683716 great=false Attack LOSE CAPTURE_EQUIP
May 16, 2018 8:06:41 PM net.sf.freecol.common.util.LogBuilder log
INFO: Combat attacker=unit:259-freeColonist [Modifier model.modifier.offence (model.source.baseOffence) ADDITIVE 0.0 index=10] [Modifier model.modifier.attackBonus (model.source.attackBonus) PERCENTAGE 50.0 index=50] = 0.0 defender=unit:260-brave-nativeDragoon [Modifier model.modifier.defence (model.source.baseDefence) ADDITIVE 1.0 index=10] [Modifier model.modifier.defence (model.role.nativeDragoon) ADDITIVE 2.0 index=30] = 3.0 odds=0.0 random(1.0)=0.019999999552965164 great=false Attack LOSE SLAUGHTER_UNIT
May 16, 2018 8:06:41 PM net.sf.freecol.common.util.LogBuilder log
INFO: Destroying: unit:259
May 16, 2018 8:06:41 PM net.sf.freecol.common.model.Specification applyDifficultyLevel
INFO: Applying difficulty level model.difficulty.medium
May 16, 2018 8:06:41 PM net.sf.freecol.common.FreeColSeed getFreeColSeed
INFO: Using seed: 5823855173698519634
May 16, 2018 8:06:41 PM net.sf.freecol.server.networking.Server sendToAll
INFO: Reap dead connection: [DummyConnection Server connection - model.nation.tupi]
May 16, 2018 8:06:41 PM net.sf.freecol.server.networking.Server sendToAll
INFO: Reap dead connection: [DummyConnection Server connection - model.nation.iroquois]
May 16, 2018 8:06:41 PM net.sf.freecol.server.networking.Server sendToAll
INFO: Reap dead connection: [DummyConnection Server connection - model.nation.apache]
May 16, 2018 8:06:41 PM net.sf.freecol.server.networking.Server sendToAll
INFO: Reap dead connection: [DummyConnection Server connection - model.nation.spanish]
May 16, 2018 8:06:41 PM net.sf.freecol.server.networking.Server sendToAll
INFO: Reap dead connection: [DummyConnection Server connection - model.nation.sioux]
May 16, 2018 8:06:41 PM net.sf.freecol.server.networking.Server sendToAll
INFO: Reap dead connection: [DummyConnection Server connection - model.nation.inca]
May 16, 2018 8:06:41 PM net.sf.freecol.server.networking.Server sendToAll
INFO: Reap dead connection: [DummyConnection Server connection - model.nation.cherokee]
May 16, 2018 8:06:41 PM net.sf.freecol.server.networking.Server sendToAll
INFO: Reap dead connection: [DummyConnection Server connection - model.nation.aztec]
May 16, 2018 8:06:41 PM net.sf.freecol.server.networking.Server sendToAll
INFO: Reap dead connection: [DummyConnection Server connection - model.nation.arawak]
May 16, 2018 8:06:41 PM net.sf.freecol.server.networking.Server sendToAll
INFO: Reap dead connection: [DummyConnection Server connection - model.nation.dutch]
May 16, 2018 8:06:41 PM net.sf.freecol.server.networking.Server sendToAll
INFO: Reap dead connection: [DummyConnection Server connection - model.nation.french]
May 16, 2018 8:06:41 PM net.sf.freecol.server.networking.Server sendToAll
INFO: Reap dead connection: [DummyConnection Server connection - model.nation.english]
May 16, 2018 8:06:41 PM net.sf.freecol.server.model.ServerPlayer csChangeStance
INFO: Stance modification William I WAR -> CEASE_FIRE wrt Louis XIV
May 16, 2018 8:06:41 PM net.sf.freecol.server.model.ServerPlayer csChangeStance
INFO: Stance modification Louis XIV WAR -> CEASE_FIRE wrt William I (symmetric)
May 16, 2018 8:06:41 PM net.sf.freecol.common.model.Specification applyDifficultyLevel
INFO: Applying difficulty level model.difficulty.medium
May 16, 2018 8:06:41 PM net.sf.freecol.common.FreeColSeed getFreeColSeed
INFO: Using seed: -5298343592949433657
May 16, 2018 8:06:41 PM net.sf.freecol.server.networking.Server sendToAll
INFO: Reap dead connection: [DummyConnection Server connection - model.nation.sioux]
May 16, 2018 8:06:41 PM net.sf.freecol.server.networking.Server sendToAll
INFO: Reap dead connection: [DummyConnection Server connection - model.nation.apache]
May 16, 2018 8:06:41 PM net.sf.freecol.server.networking.Server sendToAll
INFO: Reap dead connection: [DummyConnection Server connection - model.nation.arawak]
May 16, 2018 8:06:41 PM net.sf.freecol.server.networking.Server sendToAll
INFO: Reap dead connection: [DummyConnection Server connection - model.nation.aztec]
May 16, 2018 8:06:41 PM net.sf.freecol.server.networking.Server sendToAll
INFO: Reap dead connection: [DummyConnection Server connection - model.nation.inca]
May 16, 2018 8:06:41 PM net.sf.freecol.server.networking.Server sendToAll
INFO: Reap dead connection: [DummyConnection Server connection - model.nation.cherokee]
May 16, 2018 8:06:41 PM net.sf.freecol.server.networking.Server sendToAll
INFO: Reap dead connection: [DummyConnection Server connection - model.nation.tupi]
May 16, 2018 8:06:41 PM net.sf.freecol.server.networking.Server sendToAll
INFO: Reap dead connection: [DummyConnection Server connection - model.nation.dutch]
May 16, 2018 8:06:41 PM net.sf.freecol.server.networking.Server sendToAll
INFO: Reap dead connection: [DummyConnection Server connection - model.nation.english]
May 16, 2018 8:06:41 PM net.sf.freecol.server.networking.Server sendToAll
INFO: Reap dead connection: [DummyConnection Server connection - model.nation.spanish]
May 16, 2018 8:06:41 PM net.sf.freecol.server.networking.Server sendToAll
INFO: Reap dead connection: [DummyConnection Server connection - model.nation.iroquois]
May 16, 2018 8:06:41 PM net.sf.freecol.server.networking.Server sendToAll
INFO: Reap dead connection: [DummyConnection Server connection - model.nation.french]
May 16, 2018 8:06:41 PM net.sf.freecol.server.model.ServerPlayer csChangeStance
INFO: Stance modification Louis XIV PEACE -> WAR wrt William I
May 16, 2018 8:06:41 PM net.sf.freecol.server.model.ServerPlayer csChangeStance
INFO: Stance modification William I PEACE -> WAR wrt Louis XIV (symmetric)
May 16, 2018 8:06:41 PM net.sf.freecol.common.model.Specification applyDifficultyLevel
INFO: Applying difficulty level model.difficulty.medium
May 16, 2018 8:06:41 PM net.sf.freecol.common.FreeColSeed getFreeColSeed
INFO: Using seed: 4335201702428708946
May 16, 2018 8:06:41 PM net.sf.freecol.server.networking.Server sendToAll
INFO: Reap dead connection: [DummyConnection Server connection - model.nation.iroquois]
May 16, 2018 8:06:41 PM net.sf.freecol.server.networking.Server sendToAll
INFO: Reap dead connection: [DummyConnection Server connection - model.nation.spanish]
May 16, 2018 8:06:41 PM net.sf.freecol.server.networking.Server sendToAll
INFO: Reap dead connection: [DummyConnection Server connection - model.nation.cherokee]
May 16, 2018 8:06:41 PM net.sf.freecol.server.networking.Server sendToAll
INFO: Reap dead connection: [DummyConnection Server connection - model.nation.english]
May 16, 2018 8:06:41 PM net.sf.freecol.server.networking.Server sendToAll
INFO: Reap dead connection: [DummyConnection Server connection - model.nation.arawak]
May 16, 2018 8:06:41 PM net.sf.freecol.server.networking.Server sendToAll
INFO: Reap dead connection: [DummyConnection Server connection - model.nation.apache]
May 16, 2018 8:06:41 PM net.sf.freecol.server.networking.Server sendToAll
INFO: Reap dead connection: [DummyConnection Server connection - model.nation.inca]
May 16, 2018 8:06:41 PM net.sf.freecol.server.networking.Server sendToAll
INFO: Reap dead connection: [DummyConnection Server connection - model.nation.aztec]
May 16, 2018 8:06:41 PM net.sf.freecol.server.networking.Server sendToAll
INFO: Reap dead connection: [DummyConnection Server connection - model.nation.dutch]
May 16, 2018 8:06:41 PM net.sf.freecol.server.networking.Server sendToAll
INFO: Reap dead connection: [DummyConnection Server connection - model.nation.sioux]
May 16, 2018 8:06:41 PM net.sf.freecol.server.networking.Server sendToAll
INFO: Reap dead connection: [DummyConnection Server connection - model.nation.tupi]
May 16, 2018 8:06:41 PM net.sf.freecol.server.networking.Server sendToAll
INFO: Reap dead connection: [DummyConnection Server connection - model.nation.french]
May 16, 2018 8:06:41 PM net.sf.freecol.server.model.ServerPlayer csChangeStance
INFO: Stance modification Louis XIV UNCONTACTED -> WAR wrt William I
May 16, 2018 8:06:41 PM net.sf.freecol.server.model.ServerPlayer csChangeStance
INFO: Stance modification William I UNCONTACTED -> WAR wrt Louis XIV (symmetric)
May 16, 2018 8:06:41 PM net.sf.freecol.common.util.LogBuilder log
INFO: Combat attacker=unit:272-veteranSoldier-dragoon [Modifier model.modifier.offence (model.source.baseOffence) ADDITIVE 0.0 index=10] [Modifier model.modifier.offence (model.role.dragoon) ADDITIVE 3.0 index=30] [Modifier model.modifier.offence (model.unit.veteranSoldier) PERCENTAGE 50.0 index=40] [Modifier model.modifier.attackBonus (model.source.attackBonus) PERCENTAGE 50.0 index=50] = 6.75 defender=unit:271-veteranSoldier-dragoon [Modifier model.modifier.defence (model.source.baseDefence) ADDITIVE 1.0 index=10] [Modifier model.modifier.defence (model.role.dragoon) ADDITIVE 2.0 index=30] [Modifier model.modifier.defence (model.unit.veteranSoldier) PERCENTAGE 50.0 index=40] [Modifier model.modifier.defence (model.settlement.colony) PERCENTAGE 50.0 index=50] = 6.75 odds=0.5 random(1.0)=0.47999998927116394 great=false Attack WIN LOSE_EQUIP
May 16, 2018 8:06:41 PM net.sf.freecol.common.util.LogBuilder log
INFO: Combat attacker=unit:272-veteranSoldier-dragoon [Modifier model.modifier.offence (model.source.baseOffence) ADDITIVE 0.0 index=10] [Modifier model.modifier.offence (model.role.dragoon) ADDITIVE 3.0 index=30] [Modifier model.modifier.offence (model.unit.veteranSoldier) PERCENTAGE 50.0 index=40] [Modifier model.modifier.attackBonus (model.source.attackBonus) PERCENTAGE 50.0 index=50] = 6.75 defender=unit:271-veteranSoldier-soldier [Modifier model.modifier.defence (model.source.baseDefence) ADDITIVE 1.0 index=10] [Modifier model.modifier.defence (model.role.soldier) ADDITIVE 1.0 index=30] [Modifier model.modifier.defence (model.unit.veteranSoldier) PERCENTAGE 50.0 index=40] [Modifier model.modifier.defence (model.settlement.colony) PERCENTAGE 50.0 index=50] = 4.5 odds=0.6 random(1.0)=0.6200000047683716 great=false Attack LOSE LOSE_EQUIP
May 16, 2018 8:06:41 PM net.sf.freecol.common.util.LogBuilder log
INFO: Combat attacker=unit:272-veteranSoldier-soldier [Modifier model.modifier.offence (model.source.baseOffence) ADDITIVE 0.0 index=10] [Modifier model.modifier.offence (model.role.soldier) ADDITIVE 2.0 index=30] [Modifier model.modifier.offence (model.unit.veteranSoldier) PERCENTAGE 50.0 index=40] [Modifier model.modifier.attackBonus (model.source.attackBonus) PERCENTAGE 50.0 index=50] = 4.5 defender=unit:271-veteranSoldier-soldier [Modifier model.modifier.defence (model.source.baseDefence) ADDITIVE 1.0 index=10] [Modifier model.modifier.defence (model.role.soldier) ADDITIVE 1.0 index=30] [Modifier model.modifier.defence (model.unit.veteranSoldier) PERCENTAGE 50.0 index=40] [Modifier model.modifier.defence (model.settlement.colony) PERCENTAGE 50.0 index=50] = 4.5 odds=0.5 random(1.0)=0.47999998927116394 great=false Attack WIN LOSE_EQUIP
May 16, 2018 8:06:41 PM net.sf.freecol.common.util.LogBuilder log
INFO: Combat attacker=unit:272-veteranSoldier-soldier [Modifier model.modifier.offence (model.source.baseOffence) ADDITIVE 0.0 index=10] [Modifier model.modifier.offence (model.role.soldier) ADDITIVE 2.0 index=30] [Modifier model.modifier.offence (model.unit.veteranSoldier) PERCENTAGE 50.0 index=40] [Modifier model.modifier.attackBonus (model.source.attackBonus) PERCENTAGE 50.0 index=50] = 4.5 defender=unit:271-veteranSoldier [Modifier model.modifier.defence (model.source.baseDefence) ADDITIVE 1.0 index=10] [Modifier model.modifier.defence (model.unit.veteranSoldier) PERCENTAGE 50.0 index=40] [Modifier model.modifier.defence (model.settlement.colony) PERCENTAGE 50.0 index=50] = 2.25 odds=0.6666666666666666 random(1.0)=0.6466666460037231 great=false Attack WIN CAPTURE_COLONY
May 16, 2018 8:06:41 PM net.sf.freecol.common.model.Specification applyDifficultyLevel
INFO: Applying difficulty level model.difficulty.medium
May 16, 2018 8:06:41 PM net.sf.freecol.common.FreeColSeed getFreeColSeed
INFO: Using seed: -6932244464993090999
May 16, 2018 8:06:41 PM net.sf.freecol.server.networking.Server sendToAll
INFO: Reap dead connection: [DummyConnection Server connection - model.nation.iroquois]
May 16, 2018 8:06:41 PM net.sf.freecol.server.networking.Server sendToAll
INFO: Reap dead connection: [DummyConnection Server connection - model.nation.tupi]
May 16, 2018 8:06:41 PM net.sf.freecol.server.networking.Server sendToAll
INFO: Reap dead connection: [DummyConnection Server connection - model.nation.spanish]
May 16, 2018 8:06:41 PM net.sf.freecol.server.networking.Server sendToAll
INFO: Reap dead connection: [DummyConnection Server connection - model.nation.dutch]
May 16, 2018 8:06:41 PM net.sf.freecol.server.networking.Server sendToAll
INFO: Reap dead connection: [DummyConnection Server connection - model.nation.inca]
May 16, 2018 8:06:41 PM net.sf.freecol.server.networking.Server sendToAll
INFO: Reap dead connection: [DummyConnection Server connection - model.nation.english]
May 16, 2018 8:06:41 PM net.sf.freecol.server.networking.Server sendToAll
INFO: Reap dead connection: [DummyConnection Server connection - model.nation.french]
May 16, 2018 8:06:41 PM net.sf.freecol.server.networking.Server sendToAll
INFO: Reap dead connection: [DummyConnection Server connection - model.nation.apache]
May 16, 2018 8:06:41 PM net.sf.freecol.server.networking.Server sendToAll
INFO: Reap dead connection: [DummyConnection Server connection - model.nation.cherokee]
May 16, 2018 8:06:41 PM net.sf.freecol.server.networking.Server sendToAll
INFO: Reap dead connection: [DummyConnection Server connection - model.nation.aztec]
May 16, 2018 8:06:41 PM net.sf.freecol.server.networking.Server sendToAll
INFO: Reap dead connection: [DummyConnection Server connection - model.nation.arawak]
May 16, 2018 8:06:41 PM net.sf.freecol.server.networking.Server sendToAll
INFO: Reap dead connection: [DummyConnection Server connection - model.nation.sioux]
May 16, 2018 8:06:41 PM net.sf.freecol.server.model.ServerPlayer csChangeStance
INFO: Stance modification William I UNCONTACTED -> WAR wrt Louis XIV
May 16, 2018 8:06:41 PM net.sf.freecol.server.model.ServerPlayer csChangeStance
INFO: Stance modification Louis XIV UNCONTACTED -> WAR wrt William I (symmetric)
May 16, 2018 8:06:41 PM net.sf.freecol.common.util.LogBuilder log
INFO: Combat attacker=unit:247-freeColonist-dragoon [Modifier model.modifier.offence (model.source.baseOffence) ADDITIVE 0.0 index=10] [Modifier model.modifier.offence (model.role.dragoon) ADDITIVE 3.0 index=30] [Modifier model.modifier.attackBonus (model.source.attackBonus) PERCENTAGE 50.0 index=50] = 4.5 defender=unit:248-freeColonist-soldier [Modifier model.modifier.defence (model.source.baseDefence) ADDITIVE 1.0 index=10] [Modifier model.modifier.defence (model.role.soldier) ADDITIVE 1.0 index=30] = 2.0 odds=0.6923076923076923 random(1.0)=0.7123076915740967 great=false Attack LOSE LOSE_EQUIP
May 16, 2018 8:06:41 PM net.sf.freecol.common.util.LogBuilder log
INFO: Combat attacker=unit:247-freeColonist-soldier [Modifier model.modifier.offence (model.source.baseOffence) ADDITIVE 0.0 index=10] [Modifier model.modifier.offence (model.role.soldier) ADDITIVE 2.0 index=30] [Modifier model.modifier.attackBonus (model.source.attackBonus) PERCENTAGE 50.0 index=50] = 3.0 defender=unit:248-freeColonist-soldier [Modifier model.modifier.defence (model.source.baseDefence) ADDITIVE 1.0 index=10] [Modifier model.modifier.defence (model.role.soldier) ADDITIVE 1.0 index=30] = 2.0 odds=0.6 random(1.0)=0.6200000047683716 great=false Attack LOSE LOSE_EQUIP
May 16, 2018 8:06:41 PM net.sf.freecol.common.util.LogBuilder log
INFO: Combat attacker=unit:248-freeColonist-soldier [Modifier model.modifier.offence (model.source.baseOffence) ADDITIVE 0.0 index=10] [Modifier model.modifier.offence (model.role.soldier) ADDITIVE 2.0 index=30] [Modifier model.modifier.attackBonus (model.source.attackBonus) PERCENTAGE 50.0 index=50] = 3.0 defender=unit:247-freeColonist [Modifier model.modifier.defence (model.source.baseDefence) ADDITIVE 1.0 index=10] = 1.0 odds=0.75 random(1.0)=0.7300000190734863 great=false Attack WIN CAPTURE_UNIT
May 16, 2018 8:06:41 PM net.sf.freecol.common.model.Specification applyDifficultyLevel
INFO: Applying difficulty level model.difficulty.medium
May 16, 2018 8:06:41 PM net.sf.freecol.common.FreeColSeed getFreeColSeed
INFO: Using seed: -490066054709140636
May 16, 2018 8:06:41 PM net.sf.freecol.server.networking.Server sendToAll
INFO: Reap dead connection: [DummyConnection Server connection - model.nation.apache]
May 16, 2018 8:06:41 PM net.sf.freecol.server.networking.Server sendToAll
INFO: Reap dead connection: [DummyConnection Server connection - model.nation.sioux]
May 16, 2018 8:06:41 PM net.sf.freecol.server.networking.Server sendToAll
INFO: Reap dead connection: [DummyConnection Server connection - model.nation.spanish]
May 16, 2018 8:06:41 PM net.sf.freecol.server.networking.Server sendToAll
INFO: Reap dead connection: [DummyConnection Server connection - model.nation.dutch]
May 16, 2018 8:06:41 PM net.sf.freecol.server.networking.Server sendToAll
INFO: Reap dead connection: [DummyConnection Server connection - model.nation.arawak]
May 16, 2018 8:06:41 PM net.sf.freecol.server.networking.Server sendToAll
INFO: Reap dead connection: [DummyConnection Server connection - model.nation.french]
May 16, 2018 8:06:41 PM net.sf.freecol.server.networking.Server sendToAll
INFO: Reap dead connection: [DummyConnection Server connection - model.nation.cherokee]
May 16, 2018 8:06:41 PM net.sf.freecol.server.networking.Server sendToAll
INFO: Reap dead connection: [DummyConnection Server connection - model.nation.inca]
May 16, 2018 8:06:41 PM net.sf.freecol.server.networking.Server sendToAll
INFO: Reap dead connection: [DummyConnection Server connection - model.nation.iroquois]
May 16, 2018 8:06:41 PM net.sf.freecol.server.networking.Server sendToAll
INFO: Reap dead connection: [DummyConnection Server connection - model.nation.tupi]
May 16, 2018 8:06:41 PM net.sf.freecol.server.networking.Server sendToAll
INFO: Reap dead connection: [DummyConnection Server connection - model.nation.english]
May 16, 2018 8:06:41 PM net.sf.freecol.server.networking.Server sendToAll
INFO: Reap dead connection: [DummyConnection Server connection - model.nation.aztec]
May 16, 2018 8:06:41 PM net.sf.freecol.common.model.Specification applyDifficultyLevel
INFO: Applying difficulty level model.difficulty.medium
May 16, 2018 8:06:41 PM net.sf.freecol.common.FreeColSeed getFreeColSeed
INFO: Using seed: 348863275802794934
May 16, 2018 8:06:41 PM net.sf.freecol.server.networking.Server sendToAll
INFO: Reap dead connection: [DummyConnection Server connection - model.nation.dutch]
May 16, 2018 8:06:41 PM net.sf.freecol.server.networking.Server sendToAll
INFO: Reap dead connection: [DummyConnection Server connection - model.nation.sioux]
May 16, 2018 8:06:41 PM net.sf.freecol.server.networking.Server sendToAll
INFO: Reap dead connection: [DummyConnection Server connection - model.nation.french]
May 16, 2018 8:06:41 PM net.sf.freecol.server.networking.Server sendToAll
INFO: Reap dead connection: [DummyConnection Server connection - model.nation.aztec]
May 16, 2018 8:06:41 PM net.sf.freecol.server.networking.Server sendToAll
INFO: Reap dead connection: [DummyConnection Server connection - model.nation.inca]
May 16, 2018 8:06:41 PM net.sf.freecol.server.networking.Server sendToAll
INFO: Reap dead connection: [DummyConnection Server connection - model.nation.cherokee]
May 16, 2018 8:06:41 PM net.sf.freecol.server.networking.Server sendToAll
INFO: Reap dead connection: [DummyConnection Server connection - model.nation.iroquois]
May 16, 2018 8:06:41 PM net.sf.freecol.server.networking.Server sendToAll
INFO: Reap dead connection: [DummyConnection Server connection - model.nation.spanish]
May 16, 2018 8:06:41 PM net.sf.freecol.server.networking.Server sendToAll
INFO: Reap dead connection: [DummyConnection Server connection - model.nation.apache]
May 16, 2018 8:06:41 PM net.sf.freecol.server.networking.Server sendToAll
INFO: Reap dead connection: [DummyConnection Server connection - model.nation.tupi]
May 16, 2018 8:06:41 PM net.sf.freecol.server.networking.Server sendToAll
INFO: Reap dead connection: [DummyConnection Server connection - model.nation.arawak]
May 16, 2018 8:06:41 PM net.sf.freecol.server.networking.Server sendToAll
INFO: Reap dead connection: [DummyConnection Server connection - model.nation.english]
May 16, 2018 8:06:41 PM net.sf.freecol.common.networking.DOMMessage clientError
WARNING: Too few goods
May 16, 2018 8:06:41 PM net.sf.freecol.common.model.Specification applyDifficultyLevel
INFO: Applying difficulty level model.difficulty.medium
May 16, 2018 8:06:41 PM net.sf.freecol.common.FreeColSeed getFreeColSeed
INFO: Using seed: 5348348316347072606
May 16, 2018 8:06:41 PM net.sf.freecol.server.networking.Server sendToAll
INFO: Reap dead connection: [DummyConnection Server connection - model.nation.dutch]
May 16, 2018 8:06:41 PM net.sf.freecol.server.networking.Server sendToAll
INFO: Reap dead connection: [DummyConnection Server connection - model.nation.sioux]
May 16, 2018 8:06:41 PM net.sf.freecol.server.networking.Server sendToAll
INFO: Reap dead connection: [DummyConnection Server connection - model.nation.french]
May 16, 2018 8:06:41 PM net.sf.freecol.server.networking.Server sendToAll
INFO: Reap dead connection: [DummyConnection Server connection - model.nation.apache]
May 16, 2018 8:06:41 PM net.sf.freecol.server.networking.Server sendToAll
INFO: Reap dead connection: [DummyConnection Server connection - model.nation.cherokee]
May 16, 2018 8:06:41 PM net.sf.freecol.server.networking.Server sendToAll
INFO: Reap dead connection: [DummyConnection Server connection - model.nation.english]
May 16, 2018 8:06:41 PM net.sf.freecol.server.networking.Server sendToAll
INFO: Reap dead connection: [DummyConnection Server connection - model.nation.inca]
May 16, 2018 8:06:41 PM net.sf.freecol.server.networking.Server sendToAll
INFO: Reap dead connection: [DummyConnection Server connection - model.nation.iroquois]
May 16, 2018 8:06:41 PM net.sf.freecol.server.networking.Server sendToAll
INFO: Reap dead connection: [DummyConnection Server connection - model.nation.arawak]
May 16, 2018 8:06:41 PM net.sf.freecol.server.networking.Server sendToAll
INFO: Reap dead connection: [DummyConnection Server connection - model.nation.tupi]
May 16, 2018 8:06:41 PM net.sf.freecol.server.networking.Server sendToAll
INFO: Reap dead connection: [DummyConnection Server connection - model.nation.spanish]
May 16, 2018 8:06:41 PM net.sf.freecol.server.networking.Server sendToAll
INFO: Reap dead connection: [DummyConnection Server connection - model.nation.aztec]
May 16, 2018 8:06:41 PM net.sf.freecol.server.model.ServerPlayer csChangeStance
INFO: Stance modification Louis XIV UNCONTACTED -> WAR wrt William I
May 16, 2018 8:06:41 PM net.sf.freecol.server.model.ServerPlayer csChangeStance
INFO: Stance modification William I UNCONTACTED -> WAR wrt Louis XIV (symmetric)
May 16, 2018 8:06:41 PM net.sf.freecol.common.util.LogBuilder log
INFO: Combat attacker=unit:249-privateer [Modifier model.modifier.offence (model.source.baseOffence) ADDITIVE 8.0 index=10] [Modifier model.modifier.attackBonus (model.source.attackBonus) PERCENTAGE 50.0 index=50] = 12.0 defender=unit:247-galleon [Modifier model.modifier.defence (model.source.baseDefence) ADDITIVE 10.0 index=10] [Modifier model.modifier.cargoPenalty (model.source.cargoPenalty) PERCENTAGE -12.5 index=50] = 8.75 odds=0.5783132530120482 random(1.0)=0.558313250541687 great=false Attack WIN LOOT_SHIP DAMAGE_SHIP_ATTACK
May 16, 2018 8:06:41 PM net.sf.freecol.common.networking.DOMMessage clientError
WARNING: Received message: lootCargo out of turn from player: model.nation.french
May 16, 2018 8:06:41 PM net.sf.freecol.server.ai.AIMessage checkError
WARNING: AIMessage.lootCargo error, messageId: server.reject message: Received message: lootCargo out of turn from player: model.nation.french
May 16, 2018 8:06:41 PM net.sf.freecol.common.model.Specification applyDifficultyLevel
INFO: Applying difficulty level model.difficulty.medium
May 16, 2018 8:06:41 PM net.sf.freecol.common.FreeColSeed getFreeColSeed
INFO: Using seed: -713807852856181521
May 16, 2018 8:06:41 PM net.sf.freecol.server.networking.Server sendToAll
INFO: Reap dead connection: [DummyConnection Server connection - model.nation.inca]
May 16, 2018 8:06:41 PM net.sf.freecol.server.networking.Server sendToAll
INFO: Reap dead connection: [DummyConnection Server connection - model.nation.iroquois]
May 16, 2018 8:06:41 PM net.sf.freecol.server.networking.Server sendToAll
INFO: Reap dead connection: [DummyConnection Server connection - model.nation.dutch]
May 16, 2018 8:06:41 PM net.sf.freecol.server.networking.Server sendToAll
INFO: Reap dead connection: [DummyConnection Server connection - model.nation.cherokee]
May 16, 2018 8:06:41 PM net.sf.freecol.server.networking.Server sendToAll
INFO: Reap dead connection: [DummyConnection Server connection - model.nation.sioux]
May 16, 2018 8:06:41 PM net.sf.freecol.server.networking.Server sendToAll
INFO: Reap dead connection: [DummyConnection Server connection - model.nation.tupi]
May 16, 2018 8:06:41 PM net.sf.freecol.server.networking.Server sendToAll
INFO: Reap dead connection: [DummyConnection Server connection - model.nation.arawak]
May 16, 2018 8:06:41 PM net.sf.freecol.server.networking.Server sendToAll
INFO: Reap dead connection: [DummyConnection Server connection - model.nation.apache]
May 16, 2018 8:06:41 PM net.sf.freecol.server.networking.Server sendToAll
INFO: Reap dead connection: [DummyConnection Server connection - model.nation.aztec]
May 16, 2018 8:06:41 PM net.sf.freecol.server.networking.Server sendToAll
INFO: Reap dead connection: [DummyConnection Server connection - model.nation.french]
May 16, 2018 8:06:41 PM net.sf.freecol.server.networking.Server sendToAll
INFO: Reap dead connection: [DummyConnection Server connection - model.nation.english]
May 16, 2018 8:06:41 PM net.sf.freecol.server.networking.Server sendToAll
INFO: Reap dead connection: [DummyConnection Server connection - model.nation.spanish]
May 16, 2018 8:06:41 PM net.sf.freecol.common.model.Specification applyDifficultyLevel
INFO: Applying difficulty level model.difficulty.medium
May 16, 2018 8:06:41 PM net.sf.freecol.common.FreeColSeed getFreeColSeed
INFO: Using seed: -3509139110564014656
May 16, 2018 8:06:41 PM net.sf.freecol.server.networking.Server sendToAll
INFO: Reap dead connection: [DummyConnection Server connection - model.nation.sioux]
May 16, 2018 8:06:41 PM net.sf.freecol.server.networking.Server sendToAll
INFO: Reap dead connection: [DummyConnection Server connection - model.nation.aztec]
May 16, 2018 8:06:41 PM net.sf.freecol.server.networking.Server sendToAll
INFO: Reap dead connection: [DummyConnection Server connection - model.nation.tupi]
May 16, 2018 8:06:41 PM net.sf.freecol.server.networking.Server sendToAll
INFO: Reap dead connection: [DummyConnection Server connection - model.nation.inca]
May 16, 2018 8:06:41 PM net.sf.freecol.server.networking.Server sendToAll
INFO: Reap dead connection: [DummyConnection Server connection - model.nation.dutch]
May 16, 2018 8:06:41 PM net.sf.freecol.server.networking.Server sendToAll
INFO: Reap dead connection: [DummyConnection Server connection - model.nation.arawak]
May 16, 2018 8:06:41 PM net.sf.freecol.server.networking.Server sendToAll
INFO: Reap dead connection: [DummyConnection Server connection - model.nation.spanish]
May 16, 2018 8:06:41 PM net.sf.freecol.server.networking.Server sendToAll
INFO: Reap dead connection: [DummyConnection Server connection - model.nation.cherokee]
May 16, 2018 8:06:41 PM net.sf.freecol.server.networking.Server sendToAll
INFO: Reap dead connection: [DummyConnection Server connection - model.nation.apache]
May 16, 2018 8:06:41 PM net.sf.freecol.server.networking.Server sendToAll
INFO: Reap dead connection: [DummyConnection Server connection - model.nation.french]
May 16, 2018 8:06:41 PM net.sf.freecol.server.networking.Server sendToAll
INFO: Reap dead connection: [DummyConnection Server connection - model.nation.iroquois]
May 16, 2018 8:06:41 PM net.sf.freecol.server.networking.Server sendToAll
INFO: Reap dead connection: [DummyConnection Server connection - model.nation.english]
May 16, 2018 8:06:41 PM net.sf.freecol.server.model.ServerPlayer csChangeStance
INFO: Stance modification Guaira PEACE -> WAR wrt William I
May 16, 2018 8:06:41 PM net.sf.freecol.server.model.ServerPlayer csChangeStance
INFO: Stance modification William I PEACE -> WAR wrt Guaira (symmetric)
May 16, 2018 8:06:41 PM net.sf.freecol.server.model.ServerPlayer csChangeStance
INFO: Stance modification William I WAR -> PEACE wrt Guaira
May 16, 2018 8:06:41 PM net.sf.freecol.server.model.ServerPlayer csChangeStance
INFO: Stance modification Guaira WAR -> PEACE wrt William I (symmetric)
May 16, 2018 8:06:41 PM net.sf.freecol.common.model.Specification applyDifficultyLevel
INFO: Applying difficulty level model.difficulty.medium
May 16, 2018 8:06:41 PM net.sf.freecol.common.FreeColSeed getFreeColSeed
INFO: Using seed: 7056069410954018378
May 16, 2018 8:06:41 PM net.sf.freecol.server.networking.Server sendToAll
INFO: Reap dead connection: [DummyConnection Server connection - model.nation.french]
May 16, 2018 8:06:41 PM net.sf.freecol.server.networking.Server sendToAll
INFO: Reap dead connection: [DummyConnection Server connection - model.nation.inca]
May 16, 2018 8:06:41 PM net.sf.freecol.server.networking.Server sendToAll
INFO: Reap dead connection: [DummyConnection Server connection - model.nation.spanish]
May 16, 2018 8:06:41 PM net.sf.freecol.server.networking.Server sendToAll
INFO: Reap dead connection: [DummyConnection Server connection - model.nation.dutch]
May 16, 2018 8:06:41 PM net.sf.freecol.server.networking.Server sendToAll
INFO: Reap dead connection: [DummyConnection Server connection - model.nation.english]
May 16, 2018 8:06:41 PM net.sf.freecol.server.networking.Server sendToAll
INFO: Reap dead connection: [DummyConnection Server connection - model.nation.arawak]
May 16, 2018 8:06:41 PM net.sf.freecol.server.networking.Server sendToAll
INFO: Reap dead connection: [DummyConnection Server connection - model.nation.apache]
May 16, 2018 8:06:41 PM net.sf.freecol.server.networking.Server sendToAll
INFO: Reap dead connection: [DummyConnection Server connection - model.nation.cherokee]
May 16, 2018 8:06:41 PM net.sf.freecol.server.networking.Server sendToAll
INFO: Reap dead connection: [DummyConnection Server connection - model.nation.iroquois]
May 16, 2018 8:06:41 PM net.sf.freecol.server.networking.Server sendToAll
INFO: Reap dead connection: [DummyConnection Server connection - model.nation.sioux]
May 16, 2018 8:06:41 PM net.sf.freecol.server.networking.Server sendToAll
INFO: Reap dead connection: [DummyConnection Server connection - model.nation.tupi]
May 16, 2018 8:06:41 PM net.sf.freecol.server.networking.Server sendToAll
INFO: Reap dead connection: [DummyConnection Server connection - model.nation.aztec]
May 16, 2018 8:06:41 PM net.sf.freecol.common.util.LogBuilder log
INFO: Combat attacker=unit:248-veteranSoldier-dragoon [Modifier model.modifier.offence (model.source.baseOffence) ADDITIVE 0.0 index=10] [Modifier model.modifier.offence (model.role.dragoon) ADDITIVE 3.0 index=30] [Modifier model.modifier.offence (model.unit.veteranSoldier) PERCENTAGE 50.0 index=40] [Modifier model.modifier.attackBonus (model.source.attackBonus) PERCENTAGE 50.0 index=50] [Modifier model.modifier.bigMovementPenalty (model.source.movementPenalty) PERCENTAGE -66.0 index=50] = 2.2950000762939453 defender=unit:247-freeColonist-pioneer.5 [Modifier model.modifier.defence (model.source.baseDefence) ADDITIVE 1.0 index=10] = 1.0 odds=0.6965098704565885 random(1.0)=0.6765098571777344 great=false Attack WIN SLAUGHTER_UNIT
May 16, 2018 8:06:41 PM net.sf.freecol.common.util.LogBuilder log
INFO: Destroying: unit:247
May 16, 2018 8:06:41 PM net.sf.freecol.server.model.ServerPlayer csChangeStance
INFO: Stance modification Louis XIV UNCONTACTED -> WAR wrt William I
May 16, 2018 8:06:41 PM net.sf.freecol.server.model.ServerPlayer csChangeStance
INFO: Stance modification William I UNCONTACTED -> WAR wrt Louis XIV (symmetric)
May 16, 2018 8:06:41 PM net.sf.freecol.common.model.Specification applyDifficultyLevel
INFO: Applying difficulty level model.difficulty.medium
May 16, 2018 8:06:41 PM net.sf.freecol.common.FreeColSeed getFreeColSeed
INFO: Using seed: -2959464896317040563
May 16, 2018 8:06:41 PM net.sf.freecol.server.networking.Server sendToAll
INFO: Reap dead connection: [DummyConnection Server connection - model.nation.cherokee]
May 16, 2018 8:06:41 PM net.sf.freecol.server.networking.Server sendToAll
INFO: Reap dead connection: [DummyConnection Server connection - model.nation.arawak]
May 16, 2018 8:06:41 PM net.sf.freecol.server.networking.Server sendToAll
INFO: Reap dead connection: [DummyConnection Server connection - model.nation.iroquois]
May 16, 2018 8:06:41 PM net.sf.freecol.server.networking.Server sendToAll
INFO: Reap dead connection: [DummyConnection Server connection - model.nation.spanish]
May 16, 2018 8:06:41 PM net.sf.freecol.server.networking.Server sendToAll
INFO: Reap dead connection: [DummyConnection Server connection - model.nation.sioux]
May 16, 2018 8:06:41 PM net.sf.freecol.server.networking.Server sendToAll
INFO: Reap dead connection: [DummyConnection Server connection - model.nation.inca]
May 16, 2018 8:06:41 PM net.sf.freecol.server.networking.Server sendToAll
INFO: Reap dead connection: [DummyConnection Server connection - model.nation.aztec]
May 16, 2018 8:06:41 PM net.sf.freecol.server.networking.Server sendToAll
INFO: Reap dead connection: [DummyConnection Server connection - model.nation.tupi]
May 16, 2018 8:06:41 PM net.sf.freecol.server.networking.Server sendToAll
INFO: Reap dead connection: [DummyConnection Server connection - model.nation.dutch]
May 16, 2018 8:06:41 PM net.sf.freecol.server.networking.Server sendToAll
INFO: Reap dead connection: [DummyConnection Server connection - model.nation.english]
May 16, 2018 8:06:41 PM net.sf.freecol.server.networking.Server sendToAll
INFO: Reap dead connection: [DummyConnection Server connection - model.nation.apache]
May 16, 2018 8:06:41 PM net.sf.freecol.server.networking.Server sendToAll
INFO: Reap dead connection: [DummyConnection Server connection - model.nation.french]
May 16, 2018 8:06:41 PM net.sf.freecol.server.model.ServerPlayer csChangeStance
INFO: Stance modification William I UNCONTACTED -> WAR wrt Louis XIV
May 16, 2018 8:06:41 PM net.sf.freecol.server.model.ServerPlayer csChangeStance
INFO: Stance modification Louis XIV UNCONTACTED -> WAR wrt William I (symmetric)
May 16, 2018 8:06:41 PM net.sf.freecol.common.util.LogBuilder log
INFO: Combat attacker=unit:247-pettyCriminal-soldier [Modifier model.modifier.offence (model.source.baseOffence) ADDITIVE 0.0 index=10] [Modifier model.modifier.offence (model.role.soldier) ADDITIVE 2.0 index=30] [Modifier model.modifier.attackBonus (model.source.attackBonus) PERCENTAGE 50.0 index=50] = 3.0 defender=unit:248-freeColonist-soldier [Modifier model.modifier.defence (model.source.baseDefence) ADDITIVE 1.0 index=10] [Modifier model.modifier.defence (model.role.soldier) ADDITIVE 1.0 index=30] = 2.0 odds=0.6 random(1.0)=0.5799999833106995 great=false Attack WIN LOSE_EQUIP PROMOTE_UNIT
May 16, 2018 8:06:41 PM net.sf.freecol.common.util.LogBuilder log
INFO: Combat attacker=unit:247-indenturedServant-soldier [Modifier model.modifier.offence (model.source.baseOffence) ADDITIVE 0.0 index=10] [Modifier model.modifier.offence (model.role.soldier) ADDITIVE 2.0 index=30] [Modifier model.modifier.attackBonus (model.source.attackBonus) PERCENTAGE 50.0 index=50] = 3.0 defender=unit:248-freeColonist-soldier [Modifier model.modifier.defence (model.source.baseDefence) ADDITIVE 1.0 index=10] [Modifier model.modifier.defence (model.role.soldier) ADDITIVE 1.0 index=30] = 2.0 odds=0.6 random(1.0)=0.5799999833106995 great=false Attack WIN LOSE_EQUIP PROMOTE_UNIT
May 16, 2018 8:06:41 PM net.sf.freecol.common.util.LogBuilder log
INFO: Combat attacker=unit:247-freeColonist-soldier [Modifier model.modifier.offence (model.source.baseOffence) ADDITIVE 0.0 index=10] [Modifier model.modifier.offence (model.role.soldier) ADDITIVE 2.0 index=30] [Modifier model.modifier.attackBonus (model.source.attackBonus) PERCENTAGE 50.0 index=50] = 3.0 defender=unit:248-freeColonist-soldier [Modifier model.modifier.defence (model.source.baseDefence) ADDITIVE 1.0 index=10] [Modifier model.modifier.defence (model.role.soldier) ADDITIVE 1.0 index=30] = 2.0 odds=0.6 random(1.0)=0.5799999833106995 great=false Attack WIN LOSE_EQUIP PROMOTE_UNIT
May 16, 2018 8:06:41 PM net.sf.freecol.common.util.LogBuilder log
INFO: Combat attacker=unit:247-veteranSoldier-soldier [Modifier model.modifier.offence (model.source.baseOffence) ADDITIVE 0.0 index=10] [Modifier model.modifier.offence (model.role.soldier) ADDITIVE 2.0 index=30] [Modifier model.modifier.offence (model.unit.veteranSoldier) PERCENTAGE 50.0 index=40] [Modifier model.modifier.attackBonus (model.source.attackBonus) PERCENTAGE 50.0 index=50] = 4.5 defender=unit:248-freeColonist-soldier [Modifier model.modifier.defence (model.source.baseDefence) ADDITIVE 1.0 index=10] [Modifier model.modifier.defence (model.role.soldier) ADDITIVE 1.0 index=30] = 2.0 odds=0.6923076923076923 random(1.0)=0.6723076701164246 great=false Attack WIN LOSE_EQUIP PROMOTE_UNIT
May 16, 2018 8:06:41 PM net.sf.freecol.common.util.LogBuilder log
INFO: Combat attacker=unit:247-colonialRegular-soldier [Modifier model.modifier.offence (model.source.baseOffence) ADDITIVE 0.0 index=10] [Modifier model.modifier.offence (model.unit.colonialRegular) ADDITIVE 3.0 index=20] [Modifier model.modifier.offence (model.role.soldier) ADDITIVE 2.0 index=30] [Modifier model.modifier.attackBonus (model.source.attackBonus) PERCENTAGE 50.0 index=50] = 7.5 defender=unit:248-freeColonist-soldier [Modifier model.modifier.defence (model.source.baseDefence) ADDITIVE 1.0 index=10] [Modifier model.modifier.defence (model.role.soldier) ADDITIVE 1.0 index=30] = 2.0 odds=0.7894736842105263 random(1.0)=0.769473671913147 great=false Attack WIN LOSE_EQUIP
May 16, 2018 8:06:41 PM net.sf.freecol.common.model.Specification applyDifficultyLevel
INFO: Applying difficulty level model.difficulty.medium
May 16, 2018 8:06:41 PM net.sf.freecol.common.FreeColSeed getFreeColSeed
INFO: Using seed: 5910190209114453691
May 16, 2018 8:06:41 PM net.sf.freecol.server.networking.Server sendToAll
INFO: Reap dead connection: [DummyConnection Server connection - model.nation.iroquois]
May 16, 2018 8:06:41 PM net.sf.freecol.server.networking.Server sendToAll
INFO: Reap dead connection: [DummyConnection Server connection - model.nation.spanish]
May 16, 2018 8:06:41 PM net.sf.freecol.server.networking.Server sendToAll
INFO: Reap dead connection: [DummyConnection Server connection - model.nation.cherokee]
May 16, 2018 8:06:41 PM net.sf.freecol.server.networking.Server sendToAll
INFO: Reap dead connection: [DummyConnection Server connection - model.nation.sioux]
May 16, 2018 8:06:41 PM net.sf.freecol.server.networking.Server sendToAll
INFO: Reap dead connection: [DummyConnection Server connection - model.nation.arawak]
May 16, 2018 8:06:41 PM net.sf.freecol.server.networking.Server sendToAll
INFO: Reap dead connection: [DummyConnection Server connection - model.nation.tupi]
May 16, 2018 8:06:41 PM net.sf.freecol.server.networking.Server sendToAll
INFO: Reap dead connection: [DummyConnection Server connection - model.nation.aztec]
May 16, 2018 8:06:41 PM net.sf.freecol.server.networking.Server sendToAll
INFO: Reap dead connection: [DummyConnection Server connection - model.nation.french]
May 16, 2018 8:06:41 PM net.sf.freecol.server.networking.Server sendToAll
INFO: Reap dead connection: [DummyConnection Server connection - model.nation.english]
May 16, 2018 8:06:41 PM net.sf.freecol.server.networking.Server sendToAll
INFO: Reap dead connection: [DummyConnection Server connection - model.nation.inca]
May 16, 2018 8:06:41 PM net.sf.freecol.server.networking.Server sendToAll
INFO: Reap dead connection: [DummyConnection Server connection - model.nation.dutch]
May 16, 2018 8:06:41 PM net.sf.freecol.server.networking.Server sendToAll
INFO: Reap dead connection: [DummyConnection Server connection - model.nation.apache]
May 16, 2018 8:06:41 PM net.sf.freecol.common.networking.DOMMessage clientError
WARNING: Can not clear speciality of a teacher.
May 16, 2018 8:06:41 PM net.sf.freecol.common.model.Specification applyDifficultyLevel
INFO: Applying difficulty level model.difficulty.medium
May 16, 2018 8:06:41 PM net.sf.freecol.common.FreeColSeed getFreeColSeed
INFO: Using seed: 7737784310694092642
May 16, 2018 8:06:42 PM net.sf.freecol.server.networking.Server sendToAll
INFO: Reap dead connection: [DummyConnection Server connection - model.nation.iroquois]
May 16, 2018 8:06:42 PM net.sf.freecol.server.networking.Server sendToAll
INFO: Reap dead connection: [DummyConnection Server connection - model.nation.tupi]
May 16, 2018 8:06:42 PM net.sf.freecol.server.networking.Server sendToAll
INFO: Reap dead connection: [DummyConnection Server connection - model.nation.english]
May 16, 2018 8:06:42 PM net.sf.freecol.server.networking.Server sendToAll
INFO: Reap dead connection: [DummyConnection Server connection - model.nation.dutch]
May 16, 2018 8:06:42 PM net.sf.freecol.server.networking.Server sendToAll
INFO: Reap dead connection: [DummyConnection Server connection - model.nation.french]
May 16, 2018 8:06:42 PM net.sf.freecol.server.networking.Server sendToAll
INFO: Reap dead connection: [DummyConnection Server connection - model.nation.arawak]
May 16, 2018 8:06:42 PM net.sf.freecol.server.networking.Server sendToAll
INFO: Reap dead connection: [DummyConnection Server connection - model.nation.inca]
May 16, 2018 8:06:42 PM net.sf.freecol.server.networking.Server sendToAll
INFO: Reap dead connection: [DummyConnection Server connection - model.nation.sioux]
May 16, 2018 8:06:42 PM net.sf.freecol.server.networking.Server sendToAll
INFO: Reap dead connection: [DummyConnection Server connection - model.nation.apache]
May 16, 2018 8:06:42 PM net.sf.freecol.server.networking.Server sendToAll
INFO: Reap dead connection: [DummyConnection Server connection - model.nation.cherokee]
May 16, 2018 8:06:42 PM net.sf.freecol.server.networking.Server sendToAll
INFO: Reap dead connection: [DummyConnection Server connection - model.nation.spanish]
May 16, 2018 8:06:42 PM net.sf.freecol.server.networking.Server sendToAll
INFO: Reap dead connection: [DummyConnection Server connection - model.nation.aztec]
May 16, 2018 8:06:42 PM net.sf.freecol.server.model.ServerPlayer csChangeStance
INFO: Stance modification William I CEASE_FIRE -> PEACE wrt Louis XIV
May 16, 2018 8:06:42 PM net.sf.freecol.server.model.ServerPlayer csChangeStance
INFO: Stance modification Louis XIV CEASE_FIRE -> PEACE wrt William I (symmetric)
May 16, 2018 8:06:42 PM net.sf.freecol.common.model.Specification applyDifficultyLevel
INFO: Applying difficulty level model.difficulty.medium
May 16, 2018 8:06:42 PM net.sf.freecol.common.FreeColSeed getFreeColSeed
INFO: Using seed: -7344509640287801612
May 16, 2018 8:06:42 PM net.sf.freecol.server.networking.Server sendToAll
INFO: Reap dead connection: [DummyConnection Server connection - model.nation.dutch]
May 16, 2018 8:06:42 PM net.sf.freecol.server.networking.Server sendToAll
INFO: Reap dead connection: [DummyConnection Server connection - model.nation.english]
May 16, 2018 8:06:42 PM net.sf.freecol.server.networking.Server sendToAll
INFO: Reap dead connection: [DummyConnection Server connection - model.nation.aztec]
May 16, 2018 8:06:42 PM net.sf.freecol.server.networking.Server sendToAll
INFO: Reap dead connection: [DummyConnection Server connection - model.nation.arawak]
May 16, 2018 8:06:42 PM net.sf.freecol.server.networking.Server sendToAll
INFO: Reap dead connection: [DummyConnection Server connection - model.nation.iroquois]
May 16, 2018 8:06:42 PM net.sf.freecol.server.networking.Server sendToAll
INFO: Reap dead connection: [DummyConnection Server connection - model.nation.sioux]
May 16, 2018 8:06:42 PM net.sf.freecol.server.networking.Server sendToAll
INFO: Reap dead connection: [DummyConnection Server connection - model.nation.french]
May 16, 2018 8:06:42 PM net.sf.freecol.server.networking.Server sendToAll
INFO: Reap dead connection: [DummyConnection Server connection - model.nation.tupi]
May 16, 2018 8:06:42 PM net.sf.freecol.server.networking.Server sendToAll
INFO: Reap dead connection: [DummyConnection Server connection - model.nation.inca]
May 16, 2018 8:06:42 PM net.sf.freecol.server.networking.Server sendToAll
INFO: Reap dead connection: [DummyConnection Server connection - model.nation.spanish]
May 16, 2018 8:06:42 PM net.sf.freecol.server.networking.Server sendToAll
INFO: Reap dead connection: [DummyConnection Server connection - model.nation.apache]
May 16, 2018 8:06:42 PM net.sf.freecol.server.networking.Server sendToAll
INFO: Reap dead connection: [DummyConnection Server connection - model.nation.cherokee]
May 16, 2018 8:06:42 PM net.sf.freecol.common.model.Specification applyDifficultyLevel
INFO: Applying difficulty level model.difficulty.medium
May 16, 2018 8:06:42 PM net.sf.freecol.common.FreeColSeed getFreeColSeed
INFO: Using seed: 7216047080471119937
May 16, 2018 8:06:42 PM net.sf.freecol.server.networking.Server sendToAll
INFO: Reap dead connection: [DummyConnection Server connection - model.nation.tupi]
May 16, 2018 8:06:42 PM net.sf.freecol.server.networking.Server sendToAll
INFO: Reap dead connection: [DummyConnection Server connection - model.nation.apache]
May 16, 2018 8:06:42 PM net.sf.freecol.server.networking.Server sendToAll
INFO: Reap dead connection: [DummyConnection Server connection - model.nation.aztec]
May 16, 2018 8:06:42 PM net.sf.freecol.server.networking.Server sendToAll
INFO: Reap dead connection: [DummyConnection Server connection - model.nation.arawak]
May 16, 2018 8:06:42 PM net.sf.freecol.server.networking.Server sendToAll
INFO: Reap dead connection: [DummyConnection Server connection - model.nation.spanish]
May 16, 2018 8:06:42 PM net.sf.freecol.server.networking.Server sendToAll
INFO: Reap dead connection: [DummyConnection Server connection - model.nation.cherokee]
May 16, 2018 8:06:42 PM net.sf.freecol.server.networking.Server sendToAll
INFO: Reap dead connection: [DummyConnection Server connection - model.nation.french]
May 16, 2018 8:06:42 PM net.sf.freecol.server.networking.Server sendToAll
INFO: Reap dead connection: [DummyConnection Server connection - model.nation.inca]
May 16, 2018 8:06:42 PM net.sf.freecol.server.networking.Server sendToAll
INFO: Reap dead connection: [DummyConnection Server connection - model.nation.iroquois]
May 16, 2018 8:06:42 PM net.sf.freecol.server.networking.Server sendToAll
INFO: Reap dead connection: [DummyConnection Server connection - model.nation.english]
May 16, 2018 8:06:42 PM net.sf.freecol.server.networking.Server sendToAll
INFO: Reap dead connection: [DummyConnection Server connection - model.nation.dutch]
May 16, 2018 8:06:42 PM net.sf.freecol.server.networking.Server sendToAll
INFO: Reap dead connection: [DummyConnection Server connection - model.nation.sioux]
May 16, 2018 8:06:42 PM net.sf.freecol.common.model.Specification applyDifficultyLevel
INFO: Applying difficulty level model.difficulty.medium
May 16, 2018 8:06:42 PM net.sf.freecol.common.FreeColSeed getFreeColSeed
INFO: Using seed: -6443047860245382221
May 16, 2018 8:06:42 PM net.sf.freecol.server.networking.Server sendToAll
INFO: Reap dead connection: [DummyConnection Server connection - model.nation.spanish]
May 16, 2018 8:06:42 PM net.sf.freecol.server.networking.Server sendToAll
INFO: Reap dead connection: [DummyConnection Server connection - model.nation.french]
May 16, 2018 8:06:42 PM net.sf.freecol.server.networking.Server sendToAll
INFO: Reap dead connection: [DummyConnection Server connection - model.nation.english]
May 16, 2018 8:06:42 PM net.sf.freecol.server.networking.Server sendToAll
INFO: Reap dead connection: [DummyConnection Server connection - model.nation.cherokee]
May 16, 2018 8:06:42 PM net.sf.freecol.server.networking.Server sendToAll
INFO: Reap dead connection: [DummyConnection Server connection - model.nation.arawak]
May 16, 2018 8:06:42 PM net.sf.freecol.server.networking.Server sendToAll
INFO: Reap dead connection: [DummyConnection Server connection - model.nation.dutch]
May 16, 2018 8:06:42 PM net.sf.freecol.server.networking.Server sendToAll
INFO: Reap dead connection: [DummyConnection Server connection - model.nation.apache]
May 16, 2018 8:06:42 PM net.sf.freecol.server.networking.Server sendToAll
INFO: Reap dead connection: [DummyConnection Server connection - model.nation.inca]
May 16, 2018 8:06:42 PM net.sf.freecol.server.networking.Server sendToAll
INFO: Reap dead connection: [DummyConnection Server connection - model.nation.aztec]
May 16, 2018 8:06:42 PM net.sf.freecol.server.networking.Server sendToAll
INFO: Reap dead connection: [DummyConnection Server connection - model.nation.sioux]
May 16, 2018 8:06:42 PM net.sf.freecol.server.networking.Server sendToAll
INFO: Reap dead connection: [DummyConnection Server connection - model.nation.tupi]
May 16, 2018 8:06:42 PM net.sf.freecol.server.networking.Server sendToAll
INFO: Reap dead connection: [DummyConnection Server connection - model.nation.iroquois]
May 16, 2018 8:06:42 PM net.sf.freecol.common.model.Unit setLocation
WARNING: Can not add [unit:249 dutch treasureTrain 1/1] to tile:629
May 16, 2018 8:06:42 PM net.sf.freecol.common.util.LogBuilder log
INFO: Destroying: unit:249
May 16, 2018 8:06:42 PM net.sf.freecol.common.model.Unit setLocation
WARNING: Can not add [unit:250 dutch treasureTrain 1/1] to tile:629
May 16, 2018 8:06:42 PM net.sf.freecol.common.model.Specification applyDifficultyLevel
INFO: Applying difficulty level model.difficulty.medium
May 16, 2018 8:06:42 PM net.sf.freecol.common.FreeColSeed getFreeColSeed
INFO: Using seed: -4643760471109944275
May 16, 2018 8:06:42 PM net.sf.freecol.server.networking.Server sendToAll
INFO: Reap dead connection: [DummyConnection Server connection - model.nation.arawak]
May 16, 2018 8:06:42 PM net.sf.freecol.server.networking.Server sendToAll
INFO: Reap dead connection: [DummyConnection Server connection - model.nation.english]
May 16, 2018 8:06:42 PM net.sf.freecol.server.networking.Server sendToAll
INFO: Reap dead connection: [DummyConnection Server connection - model.nation.iroquois]
May 16, 2018 8:06:42 PM net.sf.freecol.server.networking.Server sendToAll
INFO: Reap dead connection: [DummyConnection Server connection - model.nation.apache]
May 16, 2018 8:06:42 PM net.sf.freecol.server.networking.Server sendToAll
INFO: Reap dead connection: [DummyConnection Server connection - model.nation.spanish]
May 16, 2018 8:06:42 PM net.sf.freecol.server.networking.Server sendToAll
INFO: Reap dead connection: [DummyConnection Server connection - model.nation.tupi]
May 16, 2018 8:06:42 PM net.sf.freecol.server.networking.Server sendToAll
INFO: Reap dead connection: [DummyConnection Server connection - model.nation.sioux]
May 16, 2018 8:06:42 PM net.sf.freecol.server.networking.Server sendToAll
INFO: Reap dead connection: [DummyConnection Server connection - model.nation.french]
May 16, 2018 8:06:42 PM net.sf.freecol.server.networking.Server sendToAll
INFO: Reap dead connection: [DummyConnection Server connection - model.nation.dutch]
May 16, 2018 8:06:42 PM net.sf.freecol.server.networking.Server sendToAll
INFO: Reap dead connection: [DummyConnection Server connection - model.nation.aztec]
May 16, 2018 8:06:42 PM net.sf.freecol.server.networking.Server sendToAll
INFO: Reap dead connection: [DummyConnection Server connection - model.nation.cherokee]
May 16, 2018 8:06:42 PM net.sf.freecol.server.networking.Server sendToAll
INFO: Reap dead connection: [DummyConnection Server connection - model.nation.inca]
May 16, 2018 8:06:42 PM net.sf.freecol.common.model.Specification applyDifficultyLevel
INFO: Applying difficulty level model.difficulty.medium
May 16, 2018 8:06:42 PM net.sf.freecol.common.FreeColSeed getFreeColSeed
INFO: Using seed: 7830748663060420369
May 16, 2018 8:06:42 PM net.sf.freecol.server.networking.Server sendToAll
INFO: Reap dead connection: [DummyConnection Server connection - model.nation.spanish]
May 16, 2018 8:06:42 PM net.sf.freecol.server.networking.Server sendToAll
INFO: Reap dead connection: [DummyConnection Server connection - model.nation.tupi]
May 16, 2018 8:06:42 PM net.sf.freecol.server.networking.Server sendToAll
INFO: Reap dead connection: [DummyConnection Server connection - model.nation.inca]
May 16, 2018 8:06:42 PM net.sf.freecol.server.networking.Server sendToAll
INFO: Reap dead connection: [DummyConnection Server connection - model.nation.dutch]
May 16, 2018 8:06:42 PM net.sf.freecol.server.networking.Server sendToAll
INFO: Reap dead connection: [DummyConnection Server connection - model.nation.sioux]
May 16, 2018 8:06:42 PM net.sf.freecol.server.networking.Server sendToAll
INFO: Reap dead connection: [DummyConnection Server connection - model.nation.english]
May 16, 2018 8:06:42 PM net.sf.freecol.server.networking.Server sendToAll
INFO: Reap dead connection: [DummyConnection Server connection - model.nation.iroquois]
May 16, 2018 8:06:42 PM net.sf.freecol.server.networking.Server sendToAll
INFO: Reap dead connection: [DummyConnection Server connection - model.nation.aztec]
May 16, 2018 8:06:42 PM net.sf.freecol.server.networking.Server sendToAll
INFO: Reap dead connection: [DummyConnection Server connection - model.nation.arawak]
May 16, 2018 8:06:42 PM net.sf.freecol.server.networking.Server sendToAll
INFO: Reap dead connection: [DummyConnection Server connection - model.nation.apache]
May 16, 2018 8:06:42 PM net.sf.freecol.server.networking.Server sendToAll
INFO: Reap dead connection: [DummyConnection Server connection - model.nation.french]
May 16, 2018 8:06:42 PM net.sf.freecol.server.networking.Server sendToAll
INFO: Reap dead connection: [DummyConnection Server connection - model.nation.cherokee]
May 16, 2018 8:06:42 PM net.sf.freecol.common.model.Specification applyDifficultyLevel
INFO: Applying difficulty level model.difficulty.medium
May 16, 2018 8:06:42 PM net.sf.freecol.common.FreeColSeed getFreeColSeed
INFO: Using seed: -6936132351995941999
May 16, 2018 8:06:42 PM net.sf.freecol.server.networking.Server sendToAll
INFO: Reap dead connection: [DummyConnection Server connection - model.nation.tupi]
May 16, 2018 8:06:42 PM net.sf.freecol.server.networking.Server sendToAll
INFO: Reap dead connection: [DummyConnection Server connection - model.nation.dutch]
May 16, 2018 8:06:42 PM net.sf.freecol.server.networking.Server sendToAll
INFO: Reap dead connection: [DummyConnection Server connection - model.nation.inca]
May 16, 2018 8:06:42 PM net.sf.freecol.server.networking.Server sendToAll
INFO: Reap dead connection: [DummyConnection Server connection - model.nation.cherokee]
May 16, 2018 8:06:42 PM net.sf.freecol.server.networking.Server sendToAll
INFO: Reap dead connection: [DummyConnection Server connection - model.nation.spanish]
May 16, 2018 8:06:42 PM net.sf.freecol.server.networking.Server sendToAll
INFO: Reap dead connection: [DummyConnection Server connection - model.nation.iroquois]
May 16, 2018 8:06:42 PM net.sf.freecol.server.networking.Server sendToAll
INFO: Reap dead connection: [DummyConnection Server connection - model.nation.english]
May 16, 2018 8:06:42 PM net.sf.freecol.server.networking.Server sendToAll
INFO: Reap dead connection: [DummyConnection Server connection - model.nation.french]
May 16, 2018 8:06:42 PM net.sf.freecol.server.networking.Server sendToAll
INFO: Reap dead connection: [DummyConnection Server connection - model.nation.apache]
May 16, 2018 8:06:42 PM net.sf.freecol.server.networking.Server sendToAll
INFO: Reap dead connection: [DummyConnection Server connection - model.nation.aztec]
May 16, 2018 8:06:42 PM net.sf.freecol.server.networking.Server sendToAll
INFO: Reap dead connection: [DummyConnection Server connection - model.nation.sioux]
May 16, 2018 8:06:42 PM net.sf.freecol.server.networking.Server sendToAll
INFO: Reap dead connection: [DummyConnection Server connection - model.nation.arawak]
May 16, 2018 8:06:42 PM net.sf.freecol.server.model.ServerPlayer csChangeStance
INFO: Stance modification William I UNCONTACTED -> WAR wrt Louis XIV
May 16, 2018 8:06:42 PM net.sf.freecol.server.model.ServerPlayer csChangeStance
INFO: Stance modification Louis XIV UNCONTACTED -> WAR wrt William I (symmetric)
May 16, 2018 8:06:42 PM net.sf.freecol.common.util.LogBuilder log
INFO: Combat attacker=unit:247-freeColonist-soldier [Modifier model.modifier.offence (model.source.baseOffence) ADDITIVE 0.0 index=10] [Modifier model.modifier.offence (model.role.soldier) ADDITIVE 2.0 index=30] [Modifier model.modifier.attackBonus (model.source.attackBonus) PERCENTAGE 50.0 index=50] = 3.0 defender=unit:248-freeColonist-soldier [Modifier model.modifier.defence (model.source.baseDefence) ADDITIVE 1.0 index=10] [Modifier model.modifier.defence (model.role.soldier) ADDITIVE 1.0 index=30] = 2.0 odds=0.6 random(1.0)=0.6200000047683716 great=false Attack LOSE LOSE_EQUIP
May 16, 2018 8:06:42 PM net.sf.freecol.common.util.LogBuilder log
INFO: Combat attacker=unit:247-freeColonist [Modifier model.modifier.offence (model.source.baseOffence) ADDITIVE 0.0 index=10] [Modifier model.modifier.attackBonus (model.source.attackBonus) PERCENTAGE 50.0 index=50] = 0.0 defender=unit:248-freeColonist-soldier [Modifier model.modifier.defence (model.source.baseDefence) ADDITIVE 1.0 index=10] [Modifier model.modifier.defence (model.role.soldier) ADDITIVE 1.0 index=30] = 2.0 odds=0.0 random(1.0)=0.019999999552965164 great=false Attack LOSE CAPTURE_UNIT
May 16, 2018 8:06:42 PM net.sf.freecol.common.model.Specification applyDifficultyLevel
INFO: Applying difficulty level model.difficulty.medium
May 16, 2018 8:06:42 PM net.sf.freecol.common.FreeColSeed getFreeColSeed
INFO: Using seed: -2765356290460352111
May 16, 2018 8:06:42 PM net.sf.freecol.server.networking.Server sendToAll
INFO: Reap dead connection: [DummyConnection Server connection - model.nation.cherokee]
May 16, 2018 8:06:42 PM net.sf.freecol.server.networking.Server sendToAll
INFO: Reap dead connection: [DummyConnection Server connection - model.nation.inca]
May 16, 2018 8:06:42 PM net.sf.freecol.server.networking.Server sendToAll
INFO: Reap dead connection: [DummyConnection Server connection - model.nation.aztec]
May 16, 2018 8:06:42 PM net.sf.freecol.server.networking.Server sendToAll
INFO: Reap dead connection: [DummyConnection Server connection - model.nation.spanish]
May 16, 2018 8:06:42 PM net.sf.freecol.server.networking.Server sendToAll
INFO: Reap dead connection: [DummyConnection Server connection - model.nation.english]
May 16, 2018 8:06:42 PM net.sf.freecol.server.networking.Server sendToAll
INFO: Reap dead connection: [DummyConnection Server connection - model.nation.arawak]
May 16, 2018 8:06:42 PM net.sf.freecol.server.networking.Server sendToAll
INFO: Reap dead connection: [DummyConnection Server connection - model.nation.french]
May 16, 2018 8:06:42 PM net.sf.freecol.server.networking.Server sendToAll
INFO: Reap dead connection: [DummyConnection Server connection - model.nation.iroquois]
May 16, 2018 8:06:42 PM net.sf.freecol.server.networking.Server sendToAll
INFO: Reap dead connection: [DummyConnection Server connection - model.nation.tupi]
May 16, 2018 8:06:42 PM net.sf.freecol.server.networking.Server sendToAll
INFO: Reap dead connection: [DummyConnection Server connection - model.nation.sioux]
May 16, 2018 8:06:42 PM net.sf.freecol.server.networking.Server sendToAll
INFO: Reap dead connection: [DummyConnection Server connection - model.nation.dutch]
May 16, 2018 8:06:42 PM net.sf.freecol.server.networking.Server sendToAll
INFO: Reap dead connection: [DummyConnection Server connection - model.nation.apache]
May 16, 2018 8:06:42 PM net.sf.freecol.server.model.ServerPlayer csChangeStance
INFO: Stance modification Louis XIV UNCONTACTED -> WAR wrt William I
May 16, 2018 8:06:42 PM net.sf.freecol.server.model.ServerPlayer csChangeStance
INFO: Stance modification William I UNCONTACTED -> WAR wrt Louis XIV (symmetric)
May 16, 2018 8:06:42 PM net.sf.freecol.common.util.LogBuilder log
INFO: Combat attacker=unit:248-veteranSoldier-soldier [Modifier model.modifier.offence (model.source.baseOffence) ADDITIVE 0.0 index=10] [Modifier model.modifier.offence (model.role.soldier) ADDITIVE 2.0 index=30] [Modifier model.modifier.offence (model.unit.veteranSoldier) PERCENTAGE 50.0 index=40] [Modifier model.modifier.attackBonus (model.source.attackBonus) PERCENTAGE 50.0 index=50] = 4.5 defender=unit:247-colonialRegular-soldier [Modifier model.modifier.defence (model.source.baseDefence) ADDITIVE 1.0 index=10] [Modifier model.modifier.defence (model.unit.colonialRegular) ADDITIVE 3.0 index=20] [Modifier model.modifier.defence (model.role.soldier) ADDITIVE 1.0 index=30] = 5.0 odds=0.47368421052631576 random(1.0)=0.4536842107772827 great=false Attack WIN LOSE_EQUIP DEMOTE_UNIT
May 16, 2018 8:06:42 PM net.sf.freecol.common.util.LogBuilder log
INFO: Combat attacker=unit:248-veteranSoldier-soldier [Modifier model.modifier.offence (model.source.baseOffence) ADDITIVE 0.0 index=10] [Modifier model.modifier.offence (model.role.soldier) ADDITIVE 2.0 index=30] [Modifier model.modifier.offence (model.unit.veteranSoldier) PERCENTAGE 50.0 index=40] [Modifier model.modifier.attackBonus (model.source.attackBonus) PERCENTAGE 50.0 index=50] = 4.5 defender=unit:247-veteranSoldier [Modifier model.modifier.defence (model.source.baseDefence) ADDITIVE 1.0 index=10] [Modifier model.modifier.defence (model.unit.veteranSoldier) PERCENTAGE 50.0 index=40] = 1.5 odds=0.75 random(1.0)=0.7300000190734863 great=false Attack WIN CAPTURE_UNIT
May 16, 2018 8:06:42 PM net.sf.freecol.common.model.Specification applyDifficultyLevel
INFO: Applying difficulty level model.difficulty.medium
May 16, 2018 8:06:42 PM net.sf.freecol.common.FreeColSeed getFreeColSeed
INFO: Using seed: 545396669360354232
May 16, 2018 8:06:42 PM net.sf.freecol.server.networking.Server sendToAll
INFO: Reap dead connection: [DummyConnection Server connection - model.nation.aztec]
May 16, 2018 8:06:42 PM net.sf.freecol.server.networking.Server sendToAll
INFO: Reap dead connection: [DummyConnection Server connection - model.nation.spanish]
May 16, 2018 8:06:42 PM net.sf.freecol.server.networking.Server sendToAll
INFO: Reap dead connection: [DummyConnection Server connection - model.nation.cherokee]
May 16, 2018 8:06:42 PM net.sf.freecol.server.networking.Server sendToAll
INFO: Reap dead connection: [DummyConnection Server connection - model.nation.tupi]
May 16, 2018 8:06:42 PM net.sf.freecol.server.networking.Server sendToAll
INFO: Reap dead connection: [DummyConnection Server connection - model.nation.inca]
May 16, 2018 8:06:42 PM net.sf.freecol.server.networking.Server sendToAll
INFO: Reap dead connection: [DummyConnection Server connection - model.nation.sioux]
May 16, 2018 8:06:42 PM net.sf.freecol.server.networking.Server sendToAll
INFO: Reap dead connection: [DummyConnection Server connection - model.nation.dutch]
May 16, 2018 8:06:42 PM net.sf.freecol.server.networking.Server sendToAll
INFO: Reap dead connection: [DummyConnection Server connection - model.nation.iroquois]
May 16, 2018 8:06:42 PM net.sf.freecol.server.networking.Server sendToAll
INFO: Reap dead connection: [DummyConnection Server connection - model.nation.english]
May 16, 2018 8:06:42 PM net.sf.freecol.server.networking.Server sendToAll
INFO: Reap dead connection: [DummyConnection Server connection - model.nation.arawak]
May 16, 2018 8:06:42 PM net.sf.freecol.server.networking.Server sendToAll
INFO: Reap dead connection: [DummyConnection Server connection - model.nation.french]
May 16, 2018 8:06:42 PM net.sf.freecol.server.networking.Server sendToAll
INFO: Reap dead connection: [DummyConnection Server connection - model.nation.apache]
May 16, 2018 8:06:42 PM net.sf.freecol.server.ai.AIUnit dispose
WARNING: Disposing of unit:271 but owner is null!
May 16, 2018 8:06:42 PM net.sf.freecol.server.ai.AIUnit dispose
WARNING: Disposing of unit:270 but owner is null!
May 16, 2018 8:06:42 PM net.sf.freecol.common.model.Specification applyDifficultyLevel
INFO: Applying difficulty level model.difficulty.medium
May 16, 2018 8:06:42 PM net.sf.freecol.common.FreeColSeed getFreeColSeed
INFO: Using seed: 3819137870431924471
May 16, 2018 8:06:42 PM net.sf.freecol.server.networking.Server sendToAll
INFO: Reap dead connection: [DummyConnection Server connection - model.nation.dutch]
May 16, 2018 8:06:42 PM net.sf.freecol.server.networking.Server sendToAll
INFO: Reap dead connection: [DummyConnection Server connection - model.nation.iroquois]
May 16, 2018 8:06:42 PM net.sf.freecol.server.networking.Server sendToAll
INFO: Reap dead connection: [DummyConnection Server connection - model.nation.sioux]
May 16, 2018 8:06:42 PM net.sf.freecol.server.networking.Server sendToAll
INFO: Reap dead connection: [DummyConnection Server connection - model.nation.english]
May 16, 2018 8:06:42 PM net.sf.freecol.server.networking.Server sendToAll
INFO: Reap dead connection: [DummyConnection Server connection - model.nation.tupi]
May 16, 2018 8:06:42 PM net.sf.freecol.server.networking.Server sendToAll
INFO: Reap dead connection: [DummyConnection Server connection - model.nation.inca]
May 16, 2018 8:06:42 PM net.sf.freecol.server.networking.Server sendToAll
INFO: Reap dead connection: [DummyConnection Server connection - model.nation.arawak]
May 16, 2018 8:06:42 PM net.sf.freecol.server.networking.Server sendToAll
INFO: Reap dead connection: [DummyConnection Server connection - model.nation.apache]
May 16, 2018 8:06:42 PM net.sf.freecol.server.networking.Server sendToAll
INFO: Reap dead connection: [DummyConnection Server connection - model.nation.aztec]
May 16, 2018 8:06:42 PM net.sf.freecol.server.networking.Server sendToAll
INFO: Reap dead connection: [DummyConnection Server connection - model.nation.french]
May 16, 2018 8:06:42 PM net.sf.freecol.server.networking.Server sendToAll
INFO: Reap dead connection: [DummyConnection Server connection - model.nation.spanish]
May 16, 2018 8:06:42 PM net.sf.freecol.server.networking.Server sendToAll
INFO: Reap dead connection: [DummyConnection Server connection - model.nation.cherokee]
May 16, 2018 8:06:42 PM net.sf.freecol.server.model.ServerPlayer csChangeStance
INFO: Stance modification William I UNCONTACTED -> PEACE wrt Guaira
May 16, 2018 8:06:42 PM net.sf.freecol.server.model.ServerPlayer csChangeStance
INFO: Stance modification Guaira UNCONTACTED -> PEACE wrt William I (symmetric)
May 16, 2018 8:06:42 PM net.sf.freecol.common.util.LogBuilder log
INFO: Destroying: unit:253
May 16, 2018 8:06:42 PM net.sf.freecol.server.model.ServerPlayer csChangeStance
INFO: Stance modification Louis XIV UNCONTACTED -> PEACE wrt Guaira
May 16, 2018 8:06:42 PM net.sf.freecol.server.model.ServerPlayer csChangeStance
INFO: Stance modification Guaira UNCONTACTED -> PEACE wrt Louis XIV (symmetric)
May 16, 2018 8:06:42 PM net.sf.freecol.common.model.Specification applyDifficultyLevel
INFO: Applying difficulty level model.difficulty.medium
May 16, 2018 8:06:42 PM net.sf.freecol.common.FreeColSeed getFreeColSeed
INFO: Using seed: -8267520939504320878
May 16, 2018 8:06:42 PM net.sf.freecol.server.networking.Server sendToAll
INFO: Reap dead connection: [DummyConnection Server connection - model.nation.apache]
May 16, 2018 8:06:42 PM net.sf.freecol.server.networking.Server sendToAll
INFO: Reap dead connection: [DummyConnection Server connection - model.nation.english]
May 16, 2018 8:06:42 PM net.sf.freecol.server.networking.Server sendToAll
INFO: Reap dead connection: [DummyConnection Server connection - model.nation.dutch]
May 16, 2018 8:06:42 PM net.sf.freecol.server.networking.Server sendToAll
INFO: Reap dead connection: [DummyConnection Server connection - model.nation.sioux]
May 16, 2018 8:06:42 PM net.sf.freecol.server.networking.Server sendToAll
INFO: Reap dead connection: [DummyConnection Server connection - model.nation.spanish]
May 16, 2018 8:06:42 PM net.sf.freecol.server.networking.Server sendToAll
INFO: Reap dead connection: [DummyConnection Server connection - model.nation.iroquois]
May 16, 2018 8:06:42 PM net.sf.freecol.server.networking.Server sendToAll
INFO: Reap dead connection: [DummyConnection Server connection - model.nation.cherokee]
May 16, 2018 8:06:42 PM net.sf.freecol.server.networking.Server sendToAll
INFO: Reap dead connection: [DummyConnection Server connection - model.nation.aztec]
May 16, 2018 8:06:42 PM net.sf.freecol.server.networking.Server sendToAll
INFO: Reap dead connection: [DummyConnection Server connection - model.nation.french]
May 16, 2018 8:06:42 PM net.sf.freecol.server.networking.Server sendToAll
INFO: Reap dead connection: [DummyConnection Server connection - model.nation.arawak]
May 16, 2018 8:06:42 PM net.sf.freecol.server.networking.Server sendToAll
INFO: Reap dead connection: [DummyConnection Server connection - model.nation.tupi]
May 16, 2018 8:06:42 PM net.sf.freecol.server.networking.Server sendToAll
INFO: Reap dead connection: [DummyConnection Server connection - model.nation.inca]
May 16, 2018 8:06:42 PM net.sf.freecol.common.model.Specification applyDifficultyLevel
INFO: Applying difficulty level model.difficulty.medium
May 16, 2018 8:06:42 PM net.sf.freecol.common.FreeColSeed getFreeColSeed
INFO: Using seed: -7475703757044589597
May 16, 2018 8:06:42 PM net.sf.freecol.server.networking.Server sendToAll
INFO: Reap dead connection: [DummyConnection Server connection - model.nation.tupi]
May 16, 2018 8:06:42 PM net.sf.freecol.server.networking.Server sendToAll
INFO: Reap dead connection: [DummyConnection Server connection - model.nation.sioux]
May 16, 2018 8:06:42 PM net.sf.freecol.server.networking.Server sendToAll
INFO: Reap dead connection: [DummyConnection Server connection - model.nation.english]
May 16, 2018 8:06:42 PM net.sf.freecol.server.networking.Server sendToAll
INFO: Reap dead connection: [DummyConnection Server connection - model.nation.arawak]
May 16, 2018 8:06:42 PM net.sf.freecol.server.networking.Server sendToAll
INFO: Reap dead connection: [DummyConnection Server connection - model.nation.iroquois]
May 16, 2018 8:06:42 PM net.sf.freecol.server.networking.Server sendToAll
INFO: Reap dead connection: [DummyConnection Server connection - model.nation.dutch]
May 16, 2018 8:06:42 PM net.sf.freecol.server.networking.Server sendToAll
INFO: Reap dead connection: [DummyConnection Server connection - model.nation.apache]
May 16, 2018 8:06:42 PM net.sf.freecol.server.networking.Server sendToAll
INFO: Reap dead connection: [DummyConnection Server connection - model.nation.inca]
May 16, 2018 8:06:42 PM net.sf.freecol.server.networking.Server sendToAll
INFO: Reap dead connection: [DummyConnection Server connection - model.nation.french]
May 16, 2018 8:06:42 PM net.sf.freecol.server.networking.Server sendToAll
INFO: Reap dead connection: [DummyConnection Server connection - model.nation.spanish]
May 16, 2018 8:06:42 PM net.sf.freecol.server.networking.Server sendToAll
INFO: Reap dead connection: [DummyConnection Server connection - model.nation.cherokee]
May 16, 2018 8:06:42 PM net.sf.freecol.server.networking.Server sendToAll
INFO: Reap dead connection: [DummyConnection Server connection - model.nation.aztec]
May 16, 2018 8:06:42 PM net.sf.freecol.common.model.Specification applyDifficultyLevel
INFO: Applying difficulty level model.difficulty.medium
May 16, 2018 8:06:42 PM net.sf.freecol.common.FreeColSeed getFreeColSeed
INFO: Using seed: 3810544177520542778
May 16, 2018 8:06:42 PM net.sf.freecol.server.networking.Server sendToAll
INFO: Reap dead connection: [DummyConnection Server connection - model.nation.tupi]
May 16, 2018 8:06:42 PM net.sf.freecol.server.networking.Server sendToAll
INFO: Reap dead connection: [DummyConnection Server connection - model.nation.dutch]
May 16, 2018 8:06:42 PM net.sf.freecol.server.networking.Server sendToAll
INFO: Reap dead connection: [DummyConnection Server connection - model.nation.aztec]
May 16, 2018 8:06:42 PM net.sf.freecol.server.networking.Server sendToAll
INFO: Reap dead connection: [DummyConnection Server connection - model.nation.iroquois]
May 16, 2018 8:06:42 PM net.sf.freecol.server.networking.Server sendToAll
INFO: Reap dead connection: [DummyConnection Server connection - model.nation.english]
May 16, 2018 8:06:42 PM net.sf.freecol.server.networking.Server sendToAll
INFO: Reap dead connection: [DummyConnection Server connection - model.nation.sioux]
May 16, 2018 8:06:42 PM net.sf.freecol.server.networking.Server sendToAll
INFO: Reap dead connection: [DummyConnection Server connection - model.nation.arawak]
May 16, 2018 8:06:42 PM net.sf.freecol.server.networking.Server sendToAll
INFO: Reap dead connection: [DummyConnection Server connection - model.nation.apache]
May 16, 2018 8:06:42 PM net.sf.freecol.server.networking.Server sendToAll
INFO: Reap dead connection: [DummyConnection Server connection - model.nation.spanish]
May 16, 2018 8:06:42 PM net.sf.freecol.server.networking.Server sendToAll
INFO: Reap dead connection: [DummyConnection Server connection - model.nation.inca]
May 16, 2018 8:06:42 PM net.sf.freecol.server.networking.Server sendToAll
INFO: Reap dead connection: [DummyConnection Server connection - model.nation.french]
May 16, 2018 8:06:42 PM net.sf.freecol.server.networking.Server sendToAll
INFO: Reap dead connection: [DummyConnection Server connection - model.nation.cherokee]
May 16, 2018 8:06:42 PM net.sf.freecol.common.model.Specification applyDifficultyLevel
INFO: Applying difficulty level model.difficulty.medium
May 16, 2018 8:06:42 PM net.sf.freecol.common.FreeColSeed getFreeColSeed
INFO: Using seed: -6823690921862436174
May 16, 2018 8:06:42 PM net.sf.freecol.server.networking.Server sendToAll
INFO: Reap dead connection: [DummyConnection Server connection - model.nation.french]
May 16, 2018 8:06:42 PM net.sf.freecol.server.networking.Server sendToAll
INFO: Reap dead connection: [DummyConnection Server connection - model.nation.sioux]
May 16, 2018 8:06:42 PM net.sf.freecol.server.networking.Server sendToAll
INFO: Reap dead connection: [DummyConnection Server connection - model.nation.dutch]
May 16, 2018 8:06:42 PM net.sf.freecol.server.networking.Server sendToAll
INFO: Reap dead connection: [DummyConnection Server connection - model.nation.spanish]
May 16, 2018 8:06:42 PM net.sf.freecol.server.networking.Server sendToAll
INFO: Reap dead connection: [DummyConnection Server connection - model.nation.inca]
May 16, 2018 8:06:42 PM net.sf.freecol.server.networking.Server sendToAll
INFO: Reap dead connection: [DummyConnection Server connection - model.nation.cherokee]
May 16, 2018 8:06:42 PM net.sf.freecol.server.networking.Server sendToAll
INFO: Reap dead connection: [DummyConnection Server connection - model.nation.tupi]
May 16, 2018 8:06:42 PM net.sf.freecol.server.networking.Server sendToAll
INFO: Reap dead connection: [DummyConnection Server connection - model.nation.english]
May 16, 2018 8:06:42 PM net.sf.freecol.server.networking.Server sendToAll
INFO: Reap dead connection: [DummyConnection Server connection - model.nation.arawak]
May 16, 2018 8:06:42 PM net.sf.freecol.server.networking.Server sendToAll
INFO: Reap dead connection: [DummyConnection Server connection - model.nation.apache]
May 16, 2018 8:06:42 PM net.sf.freecol.server.networking.Server sendToAll
INFO: Reap dead connection: [DummyConnection Server connection - model.nation.aztec]
May 16, 2018 8:06:42 PM net.sf.freecol.server.networking.Server sendToAll
INFO: Reap dead connection: [DummyConnection Server connection - model.nation.iroquois]
May 16, 2018 8:06:42 PM net.sf.freecol.common.model.Specification applyDifficultyLevel
INFO: Applying difficulty level model.difficulty.medium
May 16, 2018 8:06:42 PM net.sf.freecol.common.FreeColSeed getFreeColSeed
INFO: Using seed: 8213363859343273591
May 16, 2018 8:06:42 PM net.sf.freecol.server.networking.Server sendToAll
INFO: Reap dead connection: [DummyConnection Server connection - model.nation.tupi]
May 16, 2018 8:06:42 PM net.sf.freecol.server.networking.Server sendToAll
INFO: Reap dead connection: [DummyConnection Server connection - model.nation.french]
May 16, 2018 8:06:42 PM net.sf.freecol.server.networking.Server sendToAll
INFO: Reap dead connection: [DummyConnection Server connection - model.nation.apache]
May 16, 2018 8:06:42 PM net.sf.freecol.server.networking.Server sendToAll
INFO: Reap dead connection: [DummyConnection Server connection - model.nation.inca]
May 16, 2018 8:06:42 PM net.sf.freecol.server.networking.Server sendToAll
INFO: Reap dead connection: [DummyConnection Server connection - model.nation.arawak]
May 16, 2018 8:06:42 PM net.sf.freecol.server.networking.Server sendToAll
INFO: Reap dead connection: [DummyConnection Server connection - model.nation.aztec]
May 16, 2018 8:06:42 PM net.sf.freecol.server.networking.Server sendToAll
INFO: Reap dead connection: [DummyConnection Server connection - model.nation.spanish]
May 16, 2018 8:06:42 PM net.sf.freecol.server.networking.Server sendToAll
INFO: Reap dead connection: [DummyConnection Server connection - model.nation.english]
May 16, 2018 8:06:42 PM net.sf.freecol.server.networking.Server sendToAll
INFO: Reap dead connection: [DummyConnection Server connection - model.nation.dutch]
May 16, 2018 8:06:42 PM net.sf.freecol.server.networking.Server sendToAll
INFO: Reap dead connection: [DummyConnection Server connection - model.nation.cherokee]
May 16, 2018 8:06:42 PM net.sf.freecol.server.networking.Server sendToAll
INFO: Reap dead connection: [DummyConnection Server connection - model.nation.iroquois]
May 16, 2018 8:06:42 PM net.sf.freecol.server.networking.Server sendToAll
INFO: Reap dead connection: [DummyConnection Server connection - model.nation.sioux]
May 16, 2018 8:06:42 PM net.sf.freecol.common.model.Specification applyDifficultyLevel
INFO: Applying difficulty level model.difficulty.medium
May 16, 2018 8:06:42 PM net.sf.freecol.common.FreeColSeed getFreeColSeed
INFO: Using seed: 6963472033852359613
May 16, 2018 8:06:42 PM net.sf.freecol.server.networking.Server sendToAll
INFO: Reap dead connection: [DummyConnection Server connection - model.nation.tupi]
May 16, 2018 8:06:42 PM net.sf.freecol.server.networking.Server sendToAll
INFO: Reap dead connection: [DummyConnection Server connection - model.nation.english]
May 16, 2018 8:06:42 PM net.sf.freecol.server.networking.Server sendToAll
INFO: Reap dead connection: [DummyConnection Server connection - model.nation.iroquois]
May 16, 2018 8:06:42 PM net.sf.freecol.server.networking.Server sendToAll
INFO: Reap dead connection: [DummyConnection Server connection - model.nation.french]
May 16, 2018 8:06:42 PM net.sf.freecol.server.networking.Server sendToAll
INFO: Reap dead connection: [DummyConnection Server connection - model.nation.inca]
May 16, 2018 8:06:42 PM net.sf.freecol.server.networking.Server sendToAll
INFO: Reap dead connection: [DummyConnection Server connection - model.nation.dutch]
May 16, 2018 8:06:42 PM net.sf.freecol.server.networking.Server sendToAll
INFO: Reap dead connection: [DummyConnection Server connection - model.nation.apache]
May 16, 2018 8:06:42 PM net.sf.freecol.server.networking.Server sendToAll
INFO: Reap dead connection: [DummyConnection Server connection - model.nation.aztec]
May 16, 2018 8:06:42 PM net.sf.freecol.server.networking.Server sendToAll
INFO: Reap dead connection: [DummyConnection Server connection - model.nation.arawak]
May 16, 2018 8:06:42 PM net.sf.freecol.server.networking.Server sendToAll
INFO: Reap dead connection: [DummyConnection Server connection - model.nation.spanish]
May 16, 2018 8:06:42 PM net.sf.freecol.server.networking.Server sendToAll
INFO: Reap dead connection: [DummyConnection Server connection - model.nation.sioux]
May 16, 2018 8:06:42 PM net.sf.freecol.server.networking.Server sendToAll
INFO: Reap dead connection: [DummyConnection Server connection - model.nation.cherokee]
May 16, 2018 8:06:42 PM net.sf.freecol.common.model.Specification applyDifficultyLevel
INFO: Applying difficulty level model.difficulty.medium
May 16, 2018 8:06:42 PM net.sf.freecol.common.FreeColSeed getFreeColSeed
INFO: Using seed: 9118431182704795081
May 16, 2018 8:06:42 PM net.sf.freecol.server.networking.Server sendToAll
INFO: Reap dead connection: [DummyConnection Server connection - model.nation.dutch]
May 16, 2018 8:06:42 PM net.sf.freecol.server.networking.Server sendToAll
INFO: Reap dead connection: [DummyConnection Server connection - model.nation.cherokee]
May 16, 2018 8:06:42 PM net.sf.freecol.server.networking.Server sendToAll
INFO: Reap dead connection: [DummyConnection Server connection - model.nation.sioux]
May 16, 2018 8:06:42 PM net.sf.freecol.server.networking.Server sendToAll
INFO: Reap dead connection: [DummyConnection Server connection - model.nation.spanish]
May 16, 2018 8:06:42 PM net.sf.freecol.server.networking.Server sendToAll
INFO: Reap dead connection: [DummyConnection Server connection - model.nation.iroquois]
May 16, 2018 8:06:42 PM net.sf.freecol.server.networking.Server sendToAll
INFO: Reap dead connection: [DummyConnection Server connection - model.nation.arawak]
May 16, 2018 8:06:42 PM net.sf.freecol.server.networking.Server sendToAll
INFO: Reap dead connection: [DummyConnection Server connection - model.nation.french]
May 16, 2018 8:06:42 PM net.sf.freecol.server.networking.Server sendToAll
INFO: Reap dead connection: [DummyConnection Server connection - model.nation.aztec]
May 16, 2018 8:06:42 PM net.sf.freecol.server.networking.Server sendToAll
INFO: Reap dead connection: [DummyConnection Server connection - model.nation.inca]
May 16, 2018 8:06:42 PM net.sf.freecol.server.networking.Server sendToAll
INFO: Reap dead connection: [DummyConnection Server connection - model.nation.english]
May 16, 2018 8:06:42 PM net.sf.freecol.server.networking.Server sendToAll
INFO: Reap dead connection: [DummyConnection Server connection - model.nation.apache]
May 16, 2018 8:06:42 PM net.sf.freecol.server.networking.Server sendToAll
INFO: Reap dead connection: [DummyConnection Server connection - model.nation.tupi]
May 16, 2018 8:06:42 PM net.sf.freecol.common.model.Specification applyDifficultyLevel
INFO: Applying difficulty level model.difficulty.medium
May 16, 2018 8:06:42 PM net.sf.freecol.common.FreeColSeed getFreeColSeed
INFO: Using seed: -3389600215612127671
May 16, 2018 8:06:42 PM net.sf.freecol.server.networking.Server sendToAll
INFO: Reap dead connection: [DummyConnection Server connection - model.nation.dutch]
May 16, 2018 8:06:42 PM net.sf.freecol.server.networking.Server sendToAll
INFO: Reap dead connection: [DummyConnection Server connection - model.nation.inca]
May 16, 2018 8:06:42 PM net.sf.freecol.server.networking.Server sendToAll
INFO: Reap dead connection: [DummyConnection Server connection - model.nation.tupi]
May 16, 2018 8:06:42 PM net.sf.freecol.server.networking.Server sendToAll
INFO: Reap dead connection: [DummyConnection Server connection - model.nation.spanish]
May 16, 2018 8:06:42 PM net.sf.freecol.server.networking.Server sendToAll
INFO: Reap dead connection: [DummyConnection Server connection - model.nation.sioux]
May 16, 2018 8:06:42 PM net.sf.freecol.server.networking.Server sendToAll
INFO: Reap dead connection: [DummyConnection Server connection - model.nation.arawak]
May 16, 2018 8:06:42 PM net.sf.freecol.server.networking.Server sendToAll
INFO: Reap dead connection: [DummyConnection Server connection - model.nation.french]
May 16, 2018 8:06:42 PM net.sf.freecol.server.networking.Server sendToAll
INFO: Reap dead connection: [DummyConnection Server connection - model.nation.aztec]
May 16, 2018 8:06:42 PM net.sf.freecol.server.networking.Server sendToAll
INFO: Reap dead connection: [DummyConnection Server connection - model.nation.cherokee]
May 16, 2018 8:06:42 PM net.sf.freecol.server.networking.Server sendToAll
INFO: Reap dead connection: [DummyConnection Server connection - model.nation.iroquois]
May 16, 2018 8:06:42 PM net.sf.freecol.server.networking.Server sendToAll
INFO: Reap dead connection: [DummyConnection Server connection - model.nation.english]
May 16, 2018 8:06:42 PM net.sf.freecol.server.networking.Server sendToAll
INFO: Reap dead connection: [DummyConnection Server connection - model.nation.apache]
May 16, 2018 8:06:42 PM net.sf.freecol.common.model.Specification applyDifficultyLevel
INFO: Applying difficulty level model.difficulty.medium
May 16, 2018 8:06:42 PM net.sf.freecol.common.FreeColSeed getFreeColSeed
INFO: Using seed: -2242834165216761484
May 16, 2018 8:06:42 PM net.sf.freecol.server.networking.Server sendToAll
INFO: Reap dead connection: [DummyConnection Server connection - model.nation.french]
May 16, 2018 8:06:42 PM net.sf.freecol.server.networking.Server sendToAll
INFO: Reap dead connection: [DummyConnection Server connection - model.nation.spanish]
May 16, 2018 8:06:42 PM net.sf.freecol.server.networking.Server sendToAll
INFO: Reap dead connection: [DummyConnection Server connection - model.nation.aztec]
May 16, 2018 8:06:42 PM net.sf.freecol.server.networking.Server sendToAll
INFO: Reap dead connection: [DummyConnection Server connection - model.nation.arawak]
May 16, 2018 8:06:42 PM net.sf.freecol.server.networking.Server sendToAll
INFO: Reap dead connection: [DummyConnection Server connection - model.nation.tupi]
May 16, 2018 8:06:42 PM net.sf.freecol.server.networking.Server sendToAll
INFO: Reap dead connection: [DummyConnection Server connection - model.nation.apache]
May 16, 2018 8:06:42 PM net.sf.freecol.server.networking.Server sendToAll
INFO: Reap dead connection: [DummyConnection Server connection - model.nation.cherokee]
May 16, 2018 8:06:42 PM net.sf.freecol.server.networking.Server sendToAll
INFO: Reap dead connection: [DummyConnection Server connection - model.nation.dutch]
May 16, 2018 8:06:42 PM net.sf.freecol.server.networking.Server sendToAll
INFO: Reap dead connection: [DummyConnection Server connection - model.nation.sioux]
May 16, 2018 8:06:42 PM net.sf.freecol.server.networking.Server sendToAll
INFO: Reap dead connection: [DummyConnection Server connection - model.nation.english]
May 16, 2018 8:06:42 PM net.sf.freecol.server.networking.Server sendToAll
INFO: Reap dead connection: [DummyConnection Server connection - model.nation.iroquois]
May 16, 2018 8:06:42 PM net.sf.freecol.server.networking.Server sendToAll
INFO: Reap dead connection: [DummyConnection Server connection - model.nation.inca]
May 16, 2018 8:06:42 PM net.sf.freecol.common.model.Specification applyDifficultyLevel
INFO: Applying difficulty level model.difficulty.medium
May 16, 2018 8:06:42 PM net.sf.freecol.common.FreeColSeed getFreeColSeed
INFO: Using seed: 3913592106332186045
May 16, 2018 8:06:42 PM net.sf.freecol.server.networking.Server sendToAll
INFO: Reap dead connection: [DummyConnection Server connection - model.nation.english]
May 16, 2018 8:06:42 PM net.sf.freecol.server.networking.Server sendToAll
INFO: Reap dead connection: [DummyConnection Server connection - model.nation.inca]
May 16, 2018 8:06:42 PM net.sf.freecol.server.networking.Server sendToAll
INFO: Reap dead connection: [DummyConnection Server connection - model.nation.iroquois]
May 16, 2018 8:06:42 PM net.sf.freecol.server.networking.Server sendToAll
INFO: Reap dead connection: [DummyConnection Server connection - model.nation.french]
May 16, 2018 8:06:42 PM net.sf.freecol.server.networking.Server sendToAll
INFO: Reap dead connection: [DummyConnection Server connection - model.nation.tupi]
May 16, 2018 8:06:42 PM net.sf.freecol.server.networking.Server sendToAll
INFO: Reap dead connection: [DummyConnection Server connection - model.nation.sioux]
May 16, 2018 8:06:42 PM net.sf.freecol.server.networking.Server sendToAll
INFO: Reap dead connection: [DummyConnection Server connection - model.nation.arawak]
May 16, 2018 8:06:42 PM net.sf.freecol.server.networking.Server sendToAll
INFO: Reap dead connection: [DummyConnection Server connection - model.nation.spanish]
May 16, 2018 8:06:42 PM net.sf.freecol.server.networking.Server sendToAll
INFO: Reap dead connection: [DummyConnection Server connection - model.nation.cherokee]
May 16, 2018 8:06:42 PM net.sf.freecol.server.networking.Server sendToAll
INFO: Reap dead connection: [DummyConnection Server connection - model.nation.dutch]
May 16, 2018 8:06:42 PM net.sf.freecol.server.networking.Server sendToAll
INFO: Reap dead connection: [DummyConnection Server connection - model.nation.apache]
May 16, 2018 8:06:42 PM net.sf.freecol.server.networking.Server sendToAll
INFO: Reap dead connection: [DummyConnection Server connection - model.nation.aztec]
May 16, 2018 8:06:42 PM net.sf.freecol.common.model.Specification applyDifficultyLevel
INFO: Applying difficulty level model.difficulty.medium
May 16, 2018 8:06:42 PM net.sf.freecol.common.FreeColSeed getFreeColSeed
INFO: Using seed: 9196470806511734309
May 16, 2018 8:06:42 PM net.sf.freecol.server.networking.Server sendToAll
INFO: Reap dead connection: [DummyConnection Server connection - model.nation.dutch]
May 16, 2018 8:06:42 PM net.sf.freecol.server.networking.Server sendToAll
INFO: Reap dead connection: [DummyConnection Server connection - model.nation.french]
May 16, 2018 8:06:42 PM net.sf.freecol.server.networking.Server sendToAll
INFO: Reap dead connection: [DummyConnection Server connection - model.nation.inca]
May 16, 2018 8:06:42 PM net.sf.freecol.server.networking.Server sendToAll
INFO: Reap dead connection: [DummyConnection Server connection - model.nation.spanish]
May 16, 2018 8:06:42 PM net.sf.freecol.server.networking.Server sendToAll
INFO: Reap dead connection: [DummyConnection Server connection - model.nation.english]
May 16, 2018 8:06:42 PM net.sf.freecol.server.networking.Server sendToAll
INFO: Reap dead connection: [DummyConnection Server connection - model.nation.aztec]
May 16, 2018 8:06:42 PM net.sf.freecol.server.networking.Server sendToAll
INFO: Reap dead connection: [DummyConnection Server connection - model.nation.cherokee]
May 16, 2018 8:06:42 PM net.sf.freecol.server.networking.Server sendToAll
INFO: Reap dead connection: [DummyConnection Server connection - model.nation.sioux]
May 16, 2018 8:06:42 PM net.sf.freecol.server.networking.Server sendToAll
INFO: Reap dead connection: [DummyConnection Server connection - model.nation.tupi]
May 16, 2018 8:06:42 PM net.sf.freecol.server.networking.Server sendToAll
INFO: Reap dead connection: [DummyConnection Server connection - model.nation.arawak]
May 16, 2018 8:06:42 PM net.sf.freecol.server.networking.Server sendToAll
INFO: Reap dead connection: [DummyConnection Server connection - model.nation.apache]
May 16, 2018 8:06:42 PM net.sf.freecol.server.networking.Server sendToAll
INFO: Reap dead connection: [DummyConnection Server connection - model.nation.iroquois]
May 16, 2018 8:06:42 PM net.sf.freecol.common.model.Specification applyDifficultyLevel
INFO: Applying difficulty level model.difficulty.medium
May 16, 2018 8:06:42 PM net.sf.freecol.common.FreeColSeed getFreeColSeed
INFO: Using seed: -5634124108585335724
May 16, 2018 8:06:42 PM net.sf.freecol.server.networking.Server sendToAll
INFO: Reap dead connection: [DummyConnection Server connection - model.nation.iroquois]
May 16, 2018 8:06:42 PM net.sf.freecol.server.networking.Server sendToAll
INFO: Reap dead connection: [DummyConnection Server connection - model.nation.inca]
May 16, 2018 8:06:42 PM net.sf.freecol.server.networking.Server sendToAll
INFO: Reap dead connection: [DummyConnection Server connection - model.nation.apache]
May 16, 2018 8:06:42 PM net.sf.freecol.server.networking.Server sendToAll
INFO: Reap dead connection: [DummyConnection Server connection - model.nation.spanish]
May 16, 2018 8:06:42 PM net.sf.freecol.server.networking.Server sendToAll
INFO: Reap dead connection: [DummyConnection Server connection - model.nation.aztec]
May 16, 2018 8:06:42 PM net.sf.freecol.server.networking.Server sendToAll
INFO: Reap dead connection: [DummyConnection Server connection - model.nation.tupi]
May 16, 2018 8:06:42 PM net.sf.freecol.server.networking.Server sendToAll
INFO: Reap dead connection: [DummyConnection Server connection - model.nation.sioux]
May 16, 2018 8:06:42 PM net.sf.freecol.server.networking.Server sendToAll
INFO: Reap dead connection: [DummyConnection Server connection - model.nation.french]
May 16, 2018 8:06:42 PM net.sf.freecol.server.networking.Server sendToAll
INFO: Reap dead connection: [DummyConnection Server connection - model.nation.arawak]
May 16, 2018 8:06:42 PM net.sf.freecol.server.networking.Server sendToAll
INFO: Reap dead connection: [DummyConnection Server connection - model.nation.dutch]
May 16, 2018 8:06:42 PM net.sf.freecol.server.networking.Server sendToAll
INFO: Reap dead connection: [DummyConnection Server connection - model.nation.cherokee]
May 16, 2018 8:06:42 PM net.sf.freecol.server.networking.Server sendToAll
INFO: Reap dead connection: [DummyConnection Server connection - model.nation.english]
May 16, 2018 8:06:42 PM net.sf.freecol.common.model.Specification applyDifficultyLevel
INFO: Applying difficulty level model.difficulty.medium
May 16, 2018 8:06:42 PM net.sf.freecol.common.FreeColSeed getFreeColSeed
INFO: Using seed: 2346851279384728810
May 16, 2018 8:06:43 PM net.sf.freecol.server.networking.Server sendToAll
INFO: Reap dead connection: [DummyConnection Server connection - model.nation.iroquois]
May 16, 2018 8:06:43 PM net.sf.freecol.server.networking.Server sendToAll
INFO: Reap dead connection: [DummyConnection Server connection - model.nation.english]
May 16, 2018 8:06:43 PM net.sf.freecol.server.networking.Server sendToAll
INFO: Reap dead connection: [DummyConnection Server connection - model.nation.french]
May 16, 2018 8:06:43 PM net.sf.freecol.server.networking.Server sendToAll
INFO: Reap dead connection: [DummyConnection Server connection - model.nation.cherokee]
May 16, 2018 8:06:43 PM net.sf.freecol.server.networking.Server sendToAll
INFO: Reap dead connection: [DummyConnection Server connection - model.nation.spanish]
May 16, 2018 8:06:43 PM net.sf.freecol.server.networking.Server sendToAll
INFO: Reap dead connection: [DummyConnection Server connection - model.nation.tupi]
May 16, 2018 8:06:43 PM net.sf.freecol.server.networking.Server sendToAll
INFO: Reap dead connection: [DummyConnection Server connection - model.nation.apache]
May 16, 2018 8:06:43 PM net.sf.freecol.server.networking.Server sendToAll
INFO: Reap dead connection: [DummyConnection Server connection - model.nation.arawak]
May 16, 2018 8:06:43 PM net.sf.freecol.server.networking.Server sendToAll
INFO: Reap dead connection: [DummyConnection Server connection - model.nation.inca]
May 16, 2018 8:06:43 PM net.sf.freecol.server.networking.Server sendToAll
INFO: Reap dead connection: [DummyConnection Server connection - model.nation.aztec]
May 16, 2018 8:06:43 PM net.sf.freecol.server.networking.Server sendToAll
INFO: Reap dead connection: [DummyConnection Server connection - model.nation.sioux]
May 16, 2018 8:06:43 PM net.sf.freecol.server.networking.Server sendToAll
INFO: Reap dead connection: [DummyConnection Server connection - model.nation.dutch]
May 16, 2018 8:06:43 PM net.sf.freecol.common.model.Specification applyDifficultyLevel
INFO: Applying difficulty level model.difficulty.medium
May 16, 2018 8:06:43 PM net.sf.freecol.common.FreeColSeed getFreeColSeed
INFO: Using seed: 3559004848013385047
May 16, 2018 8:06:43 PM net.sf.freecol.server.networking.Server sendToAll
INFO: Reap dead connection: [DummyConnection Server connection - model.nation.dutch]
May 16, 2018 8:06:43 PM net.sf.freecol.server.networking.Server sendToAll
INFO: Reap dead connection: [DummyConnection Server connection - model.nation.cherokee]
May 16, 2018 8:06:43 PM net.sf.freecol.server.networking.Server sendToAll
INFO: Reap dead connection: [DummyConnection Server connection - model.nation.arawak]
May 16, 2018 8:06:43 PM net.sf.freecol.server.networking.Server sendToAll
INFO: Reap dead connection: [DummyConnection Server connection - model.nation.inca]
May 16, 2018 8:06:43 PM net.sf.freecol.server.networking.Server sendToAll
INFO: Reap dead connection: [DummyConnection Server connection - model.nation.aztec]
May 16, 2018 8:06:43 PM net.sf.freecol.server.networking.Server sendToAll
INFO: Reap dead connection: [DummyConnection Server connection - model.nation.english]
May 16, 2018 8:06:43 PM net.sf.freecol.server.networking.Server sendToAll
INFO: Reap dead connection: [DummyConnection Server connection - model.nation.apache]
May 16, 2018 8:06:43 PM net.sf.freecol.server.networking.Server sendToAll
INFO: Reap dead connection: [DummyConnection Server connection - model.nation.tupi]
May 16, 2018 8:06:43 PM net.sf.freecol.server.networking.Server sendToAll
INFO: Reap dead connection: [DummyConnection Server connection - model.nation.spanish]
May 16, 2018 8:06:43 PM net.sf.freecol.server.networking.Server sendToAll
INFO: Reap dead connection: [DummyConnection Server connection - model.nation.sioux]
May 16, 2018 8:06:43 PM net.sf.freecol.server.networking.Server sendToAll
INFO: Reap dead connection: [DummyConnection Server connection - model.nation.iroquois]
May 16, 2018 8:06:43 PM net.sf.freecol.server.networking.Server sendToAll
INFO: Reap dead connection: [DummyConnection Server connection - model.nation.french]
May 16, 2018 8:06:43 PM net.sf.freecol.common.model.Specification applyDifficultyLevel
INFO: Applying difficulty level model.difficulty.medium
May 16, 2018 8:06:43 PM net.sf.freecol.common.FreeColSeed getFreeColSeed
INFO: Using seed: -4368654950900240121
May 16, 2018 8:06:43 PM net.sf.freecol.server.networking.Server sendToAll
INFO: Reap dead connection: [DummyConnection Server connection - model.nation.cherokee]
May 16, 2018 8:06:43 PM net.sf.freecol.server.networking.Server sendToAll
INFO: Reap dead connection: [DummyConnection Server connection - model.nation.sioux]
May 16, 2018 8:06:43 PM net.sf.freecol.server.networking.Server sendToAll
INFO: Reap dead connection: [DummyConnection Server connection - model.nation.aztec]
May 16, 2018 8:06:43 PM net.sf.freecol.server.networking.Server sendToAll
INFO: Reap dead connection: [DummyConnection Server connection - model.nation.apache]
May 16, 2018 8:06:43 PM net.sf.freecol.server.networking.Server sendToAll
INFO: Reap dead connection: [DummyConnection Server connection - model.nation.spanish]
May 16, 2018 8:06:43 PM net.sf.freecol.server.networking.Server sendToAll
INFO: Reap dead connection: [DummyConnection Server connection - model.nation.english]
May 16, 2018 8:06:43 PM net.sf.freecol.server.networking.Server sendToAll
INFO: Reap dead connection: [DummyConnection Server connection - model.nation.dutch]
May 16, 2018 8:06:43 PM net.sf.freecol.server.networking.Server sendToAll
INFO: Reap dead connection: [DummyConnection Server connection - model.nation.inca]
May 16, 2018 8:06:43 PM net.sf.freecol.server.networking.Server sendToAll
INFO: Reap dead connection: [DummyConnection Server connection - model.nation.iroquois]
May 16, 2018 8:06:43 PM net.sf.freecol.server.networking.Server sendToAll
INFO: Reap dead connection: [DummyConnection Server connection - model.nation.tupi]
May 16, 2018 8:06:43 PM net.sf.freecol.server.networking.Server sendToAll
INFO: Reap dead connection: [DummyConnection Server connection - model.nation.french]
May 16, 2018 8:06:43 PM net.sf.freecol.server.networking.Server sendToAll
INFO: Reap dead connection: [DummyConnection Server connection - model.nation.arawak]
May 16, 2018 8:06:43 PM net.sf.freecol.common.model.Specification applyDifficultyLevel
INFO: Applying difficulty level model.difficulty.medium
May 16, 2018 8:06:43 PM net.sf.freecol.common.FreeColSeed getFreeColSeed
INFO: Using seed: -4683337767510416973
May 16, 2018 8:06:43 PM net.sf.freecol.server.networking.Server sendToAll
INFO: Reap dead connection: [DummyConnection Server connection - model.nation.iroquois]
May 16, 2018 8:06:43 PM net.sf.freecol.server.networking.Server sendToAll
INFO: Reap dead connection: [DummyConnection Server connection - model.nation.dutch]
May 16, 2018 8:06:43 PM net.sf.freecol.server.networking.Server sendToAll
INFO: Reap dead connection: [DummyConnection Server connection - model.nation.inca]
May 16, 2018 8:06:43 PM net.sf.freecol.server.networking.Server sendToAll
INFO: Reap dead connection: [DummyConnection Server connection - model.nation.aztec]
May 16, 2018 8:06:43 PM net.sf.freecol.server.networking.Server sendToAll
INFO: Reap dead connection: [DummyConnection Server connection - model.nation.french]
May 16, 2018 8:06:43 PM net.sf.freecol.server.networking.Server sendToAll
INFO: Reap dead connection: [DummyConnection Server connection - model.nation.tupi]
May 16, 2018 8:06:43 PM net.sf.freecol.server.networking.Server sendToAll
INFO: Reap dead connection: [DummyConnection Server connection - model.nation.cherokee]
May 16, 2018 8:06:43 PM net.sf.freecol.server.networking.Server sendToAll
INFO: Reap dead connection: [DummyConnection Server connection - model.nation.english]
May 16, 2018 8:06:43 PM net.sf.freecol.server.networking.Server sendToAll
INFO: Reap dead connection: [DummyConnection Server connection - model.nation.apache]
May 16, 2018 8:06:43 PM net.sf.freecol.server.networking.Server sendToAll
INFO: Reap dead connection: [DummyConnection Server connection - model.nation.sioux]
May 16, 2018 8:06:43 PM net.sf.freecol.server.networking.Server sendToAll
INFO: Reap dead connection: [DummyConnection Server connection - model.nation.arawak]
May 16, 2018 8:06:43 PM net.sf.freecol.server.networking.Server sendToAll
INFO: Reap dead connection: [DummyConnection Server connection - model.nation.spanish]
May 16, 2018 8:06:43 PM net.sf.freecol.common.model.Specification applyDifficultyLevel
INFO: Applying difficulty level model.difficulty.medium
May 16, 2018 8:06:43 PM net.sf.freecol.common.FreeColSeed getFreeColSeed
INFO: Using seed: 3861873598345524752
May 16, 2018 8:06:43 PM net.sf.freecol.server.networking.Server sendToAll
INFO: Reap dead connection: [DummyConnection Server connection - model.nation.tupi]
May 16, 2018 8:06:43 PM net.sf.freecol.server.networking.Server sendToAll
INFO: Reap dead connection: [DummyConnection Server connection - model.nation.inca]
May 16, 2018 8:06:43 PM net.sf.freecol.server.networking.Server sendToAll
INFO: Reap dead connection: [DummyConnection Server connection - model.nation.aztec]
May 16, 2018 8:06:43 PM net.sf.freecol.server.networking.Server sendToAll
INFO: Reap dead connection: [DummyConnection Server connection - model.nation.french]
May 16, 2018 8:06:43 PM net.sf.freecol.server.networking.Server sendToAll
INFO: Reap dead connection: [DummyConnection Server connection - model.nation.cherokee]
May 16, 2018 8:06:43 PM net.sf.freecol.server.networking.Server sendToAll
INFO: Reap dead connection: [DummyConnection Server connection - model.nation.english]
May 16, 2018 8:06:43 PM net.sf.freecol.server.networking.Server sendToAll
INFO: Reap dead connection: [DummyConnection Server connection - model.nation.apache]
May 16, 2018 8:06:43 PM net.sf.freecol.server.networking.Server sendToAll
INFO: Reap dead connection: [DummyConnection Server connection - model.nation.spanish]
May 16, 2018 8:06:43 PM net.sf.freecol.server.networking.Server sendToAll
INFO: Reap dead connection: [DummyConnection Server connection - model.nation.sioux]
May 16, 2018 8:06:43 PM net.sf.freecol.server.networking.Server sendToAll
INFO: Reap dead connection: [DummyConnection Server connection - model.nation.dutch]
May 16, 2018 8:06:43 PM net.sf.freecol.server.networking.Server sendToAll
INFO: Reap dead connection: [DummyConnection Server connection - model.nation.iroquois]
May 16, 2018 8:06:43 PM net.sf.freecol.server.networking.Server sendToAll
INFO: Reap dead connection: [DummyConnection Server connection - model.nation.arawak]
May 16, 2018 8:06:43 PM net.sf.freecol.common.model.Specification applyDifficultyLevel
INFO: Applying difficulty level model.difficulty.medium
May 16, 2018 8:06:43 PM net.sf.freecol.common.FreeColSeed getFreeColSeed
INFO: Using seed: -4123568292960267317
May 16, 2018 8:06:43 PM net.sf.freecol.server.networking.Server sendToAll
INFO: Reap dead connection: [DummyConnection Server connection - model.nation.sioux]
May 16, 2018 8:06:43 PM net.sf.freecol.server.networking.Server sendToAll
INFO: Reap dead connection: [DummyConnection Server connection - model.nation.inca]
May 16, 2018 8:06:43 PM net.sf.freecol.server.networking.Server sendToAll
INFO: Reap dead connection: [DummyConnection Server connection - model.nation.english]
May 16, 2018 8:06:43 PM net.sf.freecol.server.networking.Server sendToAll
INFO: Reap dead connection: [DummyConnection Server connection - model.nation.aztec]
May 16, 2018 8:06:43 PM net.sf.freecol.server.networking.Server sendToAll
INFO: Reap dead connection: [DummyConnection Server connection - model.nation.dutch]
May 16, 2018 8:06:43 PM net.sf.freecol.server.networking.Server sendToAll
INFO: Reap dead connection: [DummyConnection Server connection - model.nation.arawak]
May 16, 2018 8:06:43 PM net.sf.freecol.server.networking.Server sendToAll
INFO: Reap dead connection: [DummyConnection Server connection - model.nation.spanish]
May 16, 2018 8:06:43 PM net.sf.freecol.server.networking.Server sendToAll
INFO: Reap dead connection: [DummyConnection Server connection - model.nation.iroquois]
May 16, 2018 8:06:43 PM net.sf.freecol.server.networking.Server sendToAll
INFO: Reap dead connection: [DummyConnection Server connection - model.nation.french]
May 16, 2018 8:06:43 PM net.sf.freecol.server.networking.Server sendToAll
INFO: Reap dead connection: [DummyConnection Server connection - model.nation.tupi]
May 16, 2018 8:06:43 PM net.sf.freecol.server.networking.Server sendToAll
INFO: Reap dead connection: [DummyConnection Server connection - model.nation.apache]
May 16, 2018 8:06:43 PM net.sf.freecol.server.networking.Server sendToAll
INFO: Reap dead connection: [DummyConnection Server connection - model.nation.cherokee]
May 16, 2018 8:06:43 PM net.sf.freecol.common.model.Specification applyDifficultyLevel
INFO: Applying difficulty level model.difficulty.medium
May 16, 2018 8:06:43 PM net.sf.freecol.common.FreeColSeed getFreeColSeed
INFO: Using seed: 7051587755164925621
May 16, 2018 8:06:43 PM net.sf.freecol.server.networking.Server sendToAll
INFO: Reap dead connection: [DummyConnection Server connection - model.nation.french]
May 16, 2018 8:06:43 PM net.sf.freecol.server.networking.Server sendToAll
INFO: Reap dead connection: [DummyConnection Server connection - model.nation.aztec]
May 16, 2018 8:06:43 PM net.sf.freecol.server.networking.Server sendToAll
INFO: Reap dead connection: [DummyConnection Server connection - model.nation.iroquois]
May 16, 2018 8:06:43 PM net.sf.freecol.server.networking.Server sendToAll
INFO: Reap dead connection: [DummyConnection Server connection - model.nation.arawak]
May 16, 2018 8:06:43 PM net.sf.freecol.server.networking.Server sendToAll
INFO: Reap dead connection: [DummyConnection Server connection - model.nation.tupi]
May 16, 2018 8:06:43 PM net.sf.freecol.server.networking.Server sendToAll
INFO: Reap dead connection: [DummyConnection Server connection - model.nation.spanish]
May 16, 2018 8:06:43 PM net.sf.freecol.server.networking.Server sendToAll
INFO: Reap dead connection: [DummyConnection Server connection - model.nation.inca]
May 16, 2018 8:06:43 PM net.sf.freecol.server.networking.Server sendToAll
INFO: Reap dead connection: [DummyConnection Server connection - model.nation.apache]
May 16, 2018 8:06:43 PM net.sf.freecol.server.networking.Server sendToAll
INFO: Reap dead connection: [DummyConnection Server connection - model.nation.dutch]
May 16, 2018 8:06:43 PM net.sf.freecol.server.networking.Server sendToAll
INFO: Reap dead connection: [DummyConnection Server connection - model.nation.english]
May 16, 2018 8:06:43 PM net.sf.freecol.server.networking.Server sendToAll
INFO: Reap dead connection: [DummyConnection Server connection - model.nation.cherokee]
May 16, 2018 8:06:43 PM net.sf.freecol.server.networking.Server sendToAll
INFO: Reap dead connection: [DummyConnection Server connection - model.nation.sioux]
May 16, 2018 8:06:43 PM net.sf.freecol.common.model.Specification applyDifficultyLevel
INFO: Applying difficulty level model.difficulty.medium
May 16, 2018 8:06:43 PM net.sf.freecol.common.FreeColSeed getFreeColSeed
INFO: Using seed: -346882329155219431
May 16, 2018 8:06:43 PM net.sf.freecol.server.networking.Server sendToAll
INFO: Reap dead connection: [DummyConnection Server connection - model.nation.iroquois]
May 16, 2018 8:06:43 PM net.sf.freecol.server.networking.Server sendToAll
INFO: Reap dead connection: [DummyConnection Server connection - model.nation.inca]
May 16, 2018 8:06:43 PM net.sf.freecol.server.networking.Server sendToAll
INFO: Reap dead connection: [DummyConnection Server connection - model.nation.french]
May 16, 2018 8:06:43 PM net.sf.freecol.server.networking.Server sendToAll
INFO: Reap dead connection: [DummyConnection Server connection - model.nation.aztec]
May 16, 2018 8:06:43 PM net.sf.freecol.server.networking.Server sendToAll
INFO: Reap dead connection: [DummyConnection Server connection - model.nation.cherokee]
May 16, 2018 8:06:43 PM net.sf.freecol.server.networking.Server sendToAll
INFO: Reap dead connection: [DummyConnection Server connection - model.nation.arawak]
May 16, 2018 8:06:43 PM net.sf.freecol.server.networking.Server sendToAll
INFO: Reap dead connection: [DummyConnection Server connection - model.nation.english]
May 16, 2018 8:06:43 PM net.sf.freecol.server.networking.Server sendToAll
INFO: Reap dead connection: [DummyConnection Server connection - model.nation.sioux]
May 16, 2018 8:06:43 PM net.sf.freecol.server.networking.Server sendToAll
INFO: Reap dead connection: [DummyConnection Server connection - model.nation.dutch]
May 16, 2018 8:06:43 PM net.sf.freecol.server.networking.Server sendToAll
INFO: Reap dead connection: [DummyConnection Server connection - model.nation.apache]
May 16, 2018 8:06:43 PM net.sf.freecol.server.networking.Server sendToAll
INFO: Reap dead connection: [DummyConnection Server connection - model.nation.spanish]
May 16, 2018 8:06:43 PM net.sf.freecol.server.networking.Server sendToAll
INFO: Reap dead connection: [DummyConnection Server connection - model.nation.tupi]
May 16, 2018 8:06:43 PM net.sf.freecol.common.model.Specification applyDifficultyLevel
INFO: Applying difficulty level model.difficulty.medium
May 16, 2018 8:06:43 PM net.sf.freecol.common.FreeColSeed getFreeColSeed
INFO: Using seed: 1030134556021656583
May 16, 2018 8:06:43 PM net.sf.freecol.server.networking.Server sendToAll
INFO: Reap dead connection: [DummyConnection Server connection - model.nation.french]
May 16, 2018 8:06:43 PM net.sf.freecol.server.networking.Server sendToAll
INFO: Reap dead connection: [DummyConnection Server connection - model.nation.arawak]
May 16, 2018 8:06:43 PM net.sf.freecol.server.networking.Server sendToAll
INFO: Reap dead connection: [DummyConnection Server connection - model.nation.dutch]
May 16, 2018 8:06:43 PM net.sf.freecol.server.networking.Server sendToAll
INFO: Reap dead connection: [DummyConnection Server connection - model.nation.apache]
May 16, 2018 8:06:43 PM net.sf.freecol.server.networking.Server sendToAll
INFO: Reap dead connection: [DummyConnection Server connection - model.nation.english]
May 16, 2018 8:06:43 PM net.sf.freecol.server.networking.Server sendToAll
INFO: Reap dead connection: [DummyConnection Server connection - model.nation.spanish]
May 16, 2018 8:06:43 PM net.sf.freecol.server.networking.Server sendToAll
INFO: Reap dead connection: [DummyConnection Server connection - model.nation.inca]
May 16, 2018 8:06:43 PM net.sf.freecol.server.networking.Server sendToAll
INFO: Reap dead connection: [DummyConnection Server connection - model.nation.iroquois]
May 16, 2018 8:06:43 PM net.sf.freecol.server.networking.Server sendToAll
INFO: Reap dead connection: [DummyConnection Server connection - model.nation.cherokee]
May 16, 2018 8:06:43 PM net.sf.freecol.server.networking.Server sendToAll
INFO: Reap dead connection: [DummyConnection Server connection - model.nation.tupi]
May 16, 2018 8:06:43 PM net.sf.freecol.server.networking.Server sendToAll
INFO: Reap dead connection: [DummyConnection Server connection - model.nation.sioux]
May 16, 2018 8:06:43 PM net.sf.freecol.server.networking.Server sendToAll
INFO: Reap dead connection: [DummyConnection Server connection - model.nation.aztec]
May 16, 2018 8:06:43 PM net.sf.freecol.common.model.Specification applyDifficultyLevel
INFO: Applying difficulty level model.difficulty.medium
May 16, 2018 8:06:43 PM net.sf.freecol.common.FreeColSeed getFreeColSeed
INFO: Using seed: -950489892547219453
May 16, 2018 8:06:43 PM net.sf.freecol.server.networking.Server sendToAll
INFO: Reap dead connection: [DummyConnection Server connection - model.nation.apache]
May 16, 2018 8:06:43 PM net.sf.freecol.server.networking.Server sendToAll
INFO: Reap dead connection: [DummyConnection Server connection - model.nation.tupi]
May 16, 2018 8:06:43 PM net.sf.freecol.server.networking.Server sendToAll
INFO: Reap dead connection: [DummyConnection Server connection - model.nation.iroquois]
May 16, 2018 8:06:43 PM net.sf.freecol.server.networking.Server sendToAll
INFO: Reap dead connection: [DummyConnection Server connection - model.nation.french]
May 16, 2018 8:06:43 PM net.sf.freecol.server.networking.Server sendToAll
INFO: Reap dead connection: [DummyConnection Server connection - model.nation.sioux]
May 16, 2018 8:06:43 PM net.sf.freecol.server.networking.Server sendToAll
INFO: Reap dead connection: [DummyConnection Server connection - model.nation.aztec]
May 16, 2018 8:06:43 PM net.sf.freecol.server.networking.Server sendToAll
INFO: Reap dead connection: [DummyConnection Server connection - model.nation.spanish]
May 16, 2018 8:06:43 PM net.sf.freecol.server.networking.Server sendToAll
INFO: Reap dead connection: [DummyConnection Server connection - model.nation.dutch]
May 16, 2018 8:06:43 PM net.sf.freecol.server.networking.Server sendToAll
INFO: Reap dead connection: [DummyConnection Server connection - model.nation.inca]
May 16, 2018 8:06:43 PM net.sf.freecol.server.networking.Server sendToAll
INFO: Reap dead connection: [DummyConnection Server connection - model.nation.cherokee]
May 16, 2018 8:06:43 PM net.sf.freecol.server.networking.Server sendToAll
INFO: Reap dead connection: [DummyConnection Server connection - model.nation.arawak]
May 16, 2018 8:06:43 PM net.sf.freecol.server.networking.Server sendToAll
INFO: Reap dead connection: [DummyConnection Server connection - model.nation.english]
May 16, 2018 8:06:43 PM net.sf.freecol.common.model.Specification applyDifficultyLevel
INFO: Applying difficulty level model.difficulty.medium
May 16, 2018 8:06:43 PM net.sf.freecol.common.FreeColSeed getFreeColSeed
INFO: Using seed: 2236404992102471276
May 16, 2018 8:06:43 PM net.sf.freecol.server.networking.Server sendToAll
INFO: Reap dead connection: [DummyConnection Server connection - model.nation.english]
May 16, 2018 8:06:43 PM net.sf.freecol.server.networking.Server sendToAll
INFO: Reap dead connection: [DummyConnection Server connection - model.nation.inca]
May 16, 2018 8:06:43 PM net.sf.freecol.server.networking.Server sendToAll
INFO: Reap dead connection: [DummyConnection Server connection - model.nation.iroquois]
May 16, 2018 8:06:43 PM net.sf.freecol.server.networking.Server sendToAll
INFO: Reap dead connection: [DummyConnection Server connection - model.nation.apache]
May 16, 2018 8:06:43 PM net.sf.freecol.server.networking.Server sendToAll
INFO: Reap dead connection: [DummyConnection Server connection - model.nation.sioux]
May 16, 2018 8:06:43 PM net.sf.freecol.server.networking.Server sendToAll
INFO: Reap dead connection: [DummyConnection Server connection - model.nation.aztec]
May 16, 2018 8:06:43 PM net.sf.freecol.server.networking.Server sendToAll
INFO: Reap dead connection: [DummyConnection Server connection - model.nation.tupi]
May 16, 2018 8:06:43 PM net.sf.freecol.server.networking.Server sendToAll
INFO: Reap dead connection: [DummyConnection Server connection - model.nation.cherokee]
May 16, 2018 8:06:43 PM net.sf.freecol.server.networking.Server sendToAll
INFO: Reap dead connection: [DummyConnection Server connection - model.nation.dutch]
May 16, 2018 8:06:43 PM net.sf.freecol.server.networking.Server sendToAll
INFO: Reap dead connection: [DummyConnection Server connection - model.nation.arawak]
May 16, 2018 8:06:43 PM net.sf.freecol.server.networking.Server sendToAll
INFO: Reap dead connection: [DummyConnection Server connection - model.nation.spanish]
May 16, 2018 8:06:43 PM net.sf.freecol.server.networking.Server sendToAll
INFO: Reap dead connection: [DummyConnection Server connection - model.nation.french]
May 16, 2018 8:06:43 PM net.sf.freecol.common.model.Specification applyDifficultyLevel
INFO: Applying difficulty level model.difficulty.medium
May 16, 2018 8:06:43 PM net.sf.freecol.common.FreeColSeed getFreeColSeed
INFO: Using seed: -4432054186916940804
May 16, 2018 8:06:43 PM net.sf.freecol.server.networking.Server sendToAll
INFO: Reap dead connection: [DummyConnection Server connection - model.nation.tupi]
May 16, 2018 8:06:43 PM net.sf.freecol.server.networking.Server sendToAll
INFO: Reap dead connection: [DummyConnection Server connection - model.nation.sioux]
May 16, 2018 8:06:43 PM net.sf.freecol.server.networking.Server sendToAll
INFO: Reap dead connection: [DummyConnection Server connection - model.nation.english]
May 16, 2018 8:06:43 PM net.sf.freecol.server.networking.Server sendToAll
INFO: Reap dead connection: [DummyConnection Server connection - model.nation.arawak]
May 16, 2018 8:06:43 PM net.sf.freecol.server.networking.Server sendToAll
INFO: Reap dead connection: [DummyConnection Server connection - model.nation.inca]
May 16, 2018 8:06:43 PM net.sf.freecol.server.networking.Server sendToAll
INFO: Reap dead connection: [DummyConnection Server connection - model.nation.dutch]
May 16, 2018 8:06:43 PM net.sf.freecol.server.networking.Server sendToAll
INFO: Reap dead connection: [DummyConnection Server connection - model.nation.cherokee]
May 16, 2018 8:06:43 PM net.sf.freecol.server.networking.Server sendToAll
INFO: Reap dead connection: [DummyConnection Server connection - model.nation.french]
May 16, 2018 8:06:43 PM net.sf.freecol.server.networking.Server sendToAll
INFO: Reap dead connection: [DummyConnection Server connection - model.nation.apache]
May 16, 2018 8:06:43 PM net.sf.freecol.server.networking.Server sendToAll
INFO: Reap dead connection: [DummyConnection Server connection - model.nation.aztec]
May 16, 2018 8:06:43 PM net.sf.freecol.server.networking.Server sendToAll
INFO: Reap dead connection: [DummyConnection Server connection - model.nation.spanish]
May 16, 2018 8:06:43 PM net.sf.freecol.server.networking.Server sendToAll
INFO: Reap dead connection: [DummyConnection Server connection - model.nation.iroquois]
May 16, 2018 8:06:43 PM net.sf.freecol.common.model.Specification applyDifficultyLevel
INFO: Applying difficulty level model.difficulty.medium
May 16, 2018 8:06:43 PM net.sf.freecol.common.FreeColSeed getFreeColSeed
INFO: Using seed: 8876298522199883190
May 16, 2018 8:06:43 PM net.sf.freecol.server.networking.Server sendToAll
INFO: Reap dead connection: [DummyConnection Server connection - model.nation.spanish]
May 16, 2018 8:06:43 PM net.sf.freecol.server.networking.Server sendToAll
INFO: Reap dead connection: [DummyConnection Server connection - model.nation.dutch]
May 16, 2018 8:06:43 PM net.sf.freecol.server.networking.Server sendToAll
INFO: Reap dead connection: [DummyConnection Server connection - model.nation.french]
May 16, 2018 8:06:43 PM net.sf.freecol.server.networking.Server sendToAll
INFO: Reap dead connection: [DummyConnection Server connection - model.nation.inca]
May 16, 2018 8:06:43 PM net.sf.freecol.server.networking.Server sendToAll
INFO: Reap dead connection: [DummyConnection Server connection - model.nation.cherokee]
May 16, 2018 8:06:43 PM net.sf.freecol.server.networking.Server sendToAll
INFO: Reap dead connection: [DummyConnection Server connection - model.nation.iroquois]
May 16, 2018 8:06:43 PM net.sf.freecol.server.networking.Server sendToAll
INFO: Reap dead connection: [DummyConnection Server connection - model.nation.apache]
May 16, 2018 8:06:43 PM net.sf.freecol.server.networking.Server sendToAll
INFO: Reap dead connection: [DummyConnection Server connection - model.nation.english]
May 16, 2018 8:06:43 PM net.sf.freecol.server.networking.Server sendToAll
INFO: Reap dead connection: [DummyConnection Server connection - model.nation.tupi]
May 16, 2018 8:06:43 PM net.sf.freecol.server.networking.Server sendToAll
INFO: Reap dead connection: [DummyConnection Server connection - model.nation.sioux]
May 16, 2018 8:06:43 PM net.sf.freecol.server.networking.Server sendToAll
INFO: Reap dead connection: [DummyConnection Server connection - model.nation.arawak]
May 16, 2018 8:06:43 PM net.sf.freecol.server.networking.Server sendToAll
INFO: Reap dead connection: [DummyConnection Server connection - model.nation.aztec]
May 16, 2018 8:06:43 PM net.sf.freecol.common.model.Specification applyDifficultyLevel
INFO: Applying difficulty level model.difficulty.medium
May 16, 2018 8:06:43 PM net.sf.freecol.common.FreeColSeed getFreeColSeed
INFO: Using seed: 7142194299469536358
May 16, 2018 8:06:43 PM net.sf.freecol.server.networking.Server sendToAll
INFO: Reap dead connection: [DummyConnection Server connection - model.nation.inca]
May 16, 2018 8:06:43 PM net.sf.freecol.server.networking.Server sendToAll
INFO: Reap dead connection: [DummyConnection Server connection - model.nation.english]
May 16, 2018 8:06:43 PM net.sf.freecol.server.networking.Server sendToAll
INFO: Reap dead connection: [DummyConnection Server connection - model.nation.tupi]
May 16, 2018 8:06:43 PM net.sf.freecol.server.networking.Server sendToAll
INFO: Reap dead connection: [DummyConnection Server connection - model.nation.arawak]
May 16, 2018 8:06:43 PM net.sf.freecol.server.networking.Server sendToAll
INFO: Reap dead connection: [DummyConnection Server connection - model.nation.spanish]
May 16, 2018 8:06:43 PM net.sf.freecol.server.networking.Server sendToAll
INFO: Reap dead connection: [DummyConnection Server connection - model.nation.cherokee]
May 16, 2018 8:06:43 PM net.sf.freecol.server.networking.Server sendToAll
INFO: Reap dead connection: [DummyConnection Server connection - model.nation.apache]
May 16, 2018 8:06:43 PM net.sf.freecol.server.networking.Server sendToAll
INFO: Reap dead connection: [DummyConnection Server connection - model.nation.iroquois]
May 16, 2018 8:06:43 PM net.sf.freecol.server.networking.Server sendToAll
INFO: Reap dead connection: [DummyConnection Server connection - model.nation.french]
May 16, 2018 8:06:43 PM net.sf.freecol.server.networking.Server sendToAll
INFO: Reap dead connection: [DummyConnection Server connection - model.nation.sioux]
May 16, 2018 8:06:43 PM net.sf.freecol.server.networking.Server sendToAll
INFO: Reap dead connection: [DummyConnection Server connection - model.nation.aztec]
May 16, 2018 8:06:43 PM net.sf.freecol.server.networking.Server sendToAll
INFO: Reap dead connection: [DummyConnection Server connection - model.nation.dutch]
May 16, 2018 8:06:43 PM net.sf.freecol.common.model.Specification applyDifficultyLevel
INFO: Applying difficulty level model.difficulty.medium
May 16, 2018 8:06:43 PM net.sf.freecol.common.FreeColSeed getFreeColSeed
INFO: Using seed: -8934982381706784386
May 16, 2018 8:06:43 PM net.sf.freecol.server.networking.Server sendToAll
INFO: Reap dead connection: [DummyConnection Server connection - model.nation.cherokee]
May 16, 2018 8:06:43 PM net.sf.freecol.server.networking.Server sendToAll
INFO: Reap dead connection: [DummyConnection Server connection - model.nation.dutch]
May 16, 2018 8:06:43 PM net.sf.freecol.server.networking.Server sendToAll
INFO: Reap dead connection: [DummyConnection Server connection - model.nation.sioux]
May 16, 2018 8:06:43 PM net.sf.freecol.server.networking.Server sendToAll
INFO: Reap dead connection: [DummyConnection Server connection - model.nation.inca]
May 16, 2018 8:06:43 PM net.sf.freecol.server.networking.Server sendToAll
INFO: Reap dead connection: [DummyConnection Server connection - model.nation.tupi]
May 16, 2018 8:06:43 PM net.sf.freecol.server.networking.Server sendToAll
INFO: Reap dead connection: [DummyConnection Server connection - model.nation.aztec]
May 16, 2018 8:06:43 PM net.sf.freecol.server.networking.Server sendToAll
INFO: Reap dead connection: [DummyConnection Server connection - model.nation.iroquois]
May 16, 2018 8:06:43 PM net.sf.freecol.server.networking.Server sendToAll
INFO: Reap dead connection: [DummyConnection Server connection - model.nation.arawak]
May 16, 2018 8:06:43 PM net.sf.freecol.server.networking.Server sendToAll
INFO: Reap dead connection: [DummyConnection Server connection - model.nation.apache]
May 16, 2018 8:06:43 PM net.sf.freecol.server.networking.Server sendToAll
INFO: Reap dead connection: [DummyConnection Server connection - model.nation.french]
May 16, 2018 8:06:43 PM net.sf.freecol.server.networking.Server sendToAll
INFO: Reap dead connection: [DummyConnection Server connection - model.nation.spanish]
May 16, 2018 8:06:43 PM net.sf.freecol.server.networking.Server sendToAll
INFO: Reap dead connection: [DummyConnection Server connection - model.nation.english]
May 16, 2018 8:06:43 PM net.sf.freecol.common.model.Specification applyDifficultyLevel
INFO: Applying difficulty level model.difficulty.medium
May 16, 2018 8:06:43 PM net.sf.freecol.common.FreeColSeed getFreeColSeed
INFO: Using seed: 3132230541975427225
May 16, 2018 8:06:43 PM net.sf.freecol.server.networking.Server sendToAll
INFO: Reap dead connection: [DummyConnection Server connection - model.nation.tupi]
May 16, 2018 8:06:43 PM net.sf.freecol.server.networking.Server sendToAll
INFO: Reap dead connection: [DummyConnection Server connection - model.nation.french]
May 16, 2018 8:06:43 PM net.sf.freecol.server.networking.Server sendToAll
INFO: Reap dead connection: [DummyConnection Server connection - model.nation.inca]
May 16, 2018 8:06:43 PM net.sf.freecol.server.networking.Server sendToAll
INFO: Reap dead connection: [DummyConnection Server connection - model.nation.spanish]
May 16, 2018 8:06:43 PM net.sf.freecol.server.networking.Server sendToAll
INFO: Reap dead connection: [DummyConnection Server connection - model.nation.aztec]
May 16, 2018 8:06:43 PM net.sf.freecol.server.networking.Server sendToAll
INFO: Reap dead connection: [DummyConnection Server connection - model.nation.sioux]
May 16, 2018 8:06:43 PM net.sf.freecol.server.networking.Server sendToAll
INFO: Reap dead connection: [DummyConnection Server connection - model.nation.arawak]
May 16, 2018 8:06:43 PM net.sf.freecol.server.networking.Server sendToAll
INFO: Reap dead connection: [DummyConnection Server connection - model.nation.cherokee]
May 16, 2018 8:06:43 PM net.sf.freecol.server.networking.Server sendToAll
INFO: Reap dead connection: [DummyConnection Server connection - model.nation.dutch]
May 16, 2018 8:06:43 PM net.sf.freecol.server.networking.Server sendToAll
INFO: Reap dead connection: [DummyConnection Server connection - model.nation.english]
May 16, 2018 8:06:43 PM net.sf.freecol.server.networking.Server sendToAll
INFO: Reap dead connection: [DummyConnection Server connection - model.nation.iroquois]
May 16, 2018 8:06:43 PM net.sf.freecol.server.networking.Server sendToAll
INFO: Reap dead connection: [DummyConnection Server connection - model.nation.apache]
May 16, 2018 8:06:43 PM net.sf.freecol.common.model.Specification applyDifficultyLevel
INFO: Applying difficulty level model.difficulty.medium
May 16, 2018 8:06:43 PM net.sf.freecol.common.FreeColSeed getFreeColSeed
INFO: Using seed: -8356571412442323815
May 16, 2018 8:06:43 PM net.sf.freecol.server.networking.Server sendToAll
INFO: Reap dead connection: [DummyConnection Server connection - model.nation.aztec]
May 16, 2018 8:06:43 PM net.sf.freecol.server.networking.Server sendToAll
INFO: Reap dead connection: [DummyConnection Server connection - model.nation.apache]
May 16, 2018 8:06:43 PM net.sf.freecol.server.networking.Server sendToAll
INFO: Reap dead connection: [DummyConnection Server connection - model.nation.french]
May 16, 2018 8:06:43 PM net.sf.freecol.server.networking.Server sendToAll
INFO: Reap dead connection: [DummyConnection Server connection - model.nation.cherokee]
May 16, 2018 8:06:43 PM net.sf.freecol.server.networking.Server sendToAll
INFO: Reap dead connection: [DummyConnection Server connection - model.nation.tupi]
May 16, 2018 8:06:43 PM net.sf.freecol.server.networking.Server sendToAll
INFO: Reap dead connection: [DummyConnection Server connection - model.nation.sioux]
May 16, 2018 8:06:43 PM net.sf.freecol.server.networking.Server sendToAll
INFO: Reap dead connection: [DummyConnection Server connection - model.nation.spanish]
May 16, 2018 8:06:43 PM net.sf.freecol.server.networking.Server sendToAll
INFO: Reap dead connection: [DummyConnection Server connection - model.nation.iroquois]
May 16, 2018 8:06:43 PM net.sf.freecol.server.networking.Server sendToAll
INFO: Reap dead connection: [DummyConnection Server connection - model.nation.arawak]
May 16, 2018 8:06:43 PM net.sf.freecol.server.networking.Server sendToAll
INFO: Reap dead connection: [DummyConnection Server connection - model.nation.dutch]
May 16, 2018 8:06:43 PM net.sf.freecol.server.networking.Server sendToAll
INFO: Reap dead connection: [DummyConnection Server connection - model.nation.english]
May 16, 2018 8:06:43 PM net.sf.freecol.server.networking.Server sendToAll
INFO: Reap dead connection: [DummyConnection Server connection - model.nation.inca]
May 16, 2018 8:06:43 PM net.sf.freecol.common.model.Specification applyDifficultyLevel
INFO: Applying difficulty level model.difficulty.medium
May 16, 2018 8:06:43 PM net.sf.freecol.common.FreeColSeed getFreeColSeed
INFO: Using seed: 2949650262108893493
May 16, 2018 8:06:43 PM net.sf.freecol.server.networking.Server sendToAll
INFO: Reap dead connection: [DummyConnection Server connection - model.nation.aztec]
May 16, 2018 8:06:43 PM net.sf.freecol.server.networking.Server sendToAll
INFO: Reap dead connection: [DummyConnection Server connection - model.nation.english]
May 16, 2018 8:06:43 PM net.sf.freecol.server.networking.Server sendToAll
INFO: Reap dead connection: [DummyConnection Server connection - model.nation.spanish]
May 16, 2018 8:06:43 PM net.sf.freecol.server.networking.Server sendToAll
INFO: Reap dead connection: [DummyConnection Server connection - model.nation.french]
May 16, 2018 8:06:43 PM net.sf.freecol.server.networking.Server sendToAll
INFO: Reap dead connection: [DummyConnection Server connection - model.nation.cherokee]
May 16, 2018 8:06:43 PM net.sf.freecol.server.networking.Server sendToAll
INFO: Reap dead connection: [DummyConnection Server connection - model.nation.arawak]
May 16, 2018 8:06:43 PM net.sf.freecol.server.networking.Server sendToAll
INFO: Reap dead connection: [DummyConnection Server connection - model.nation.apache]
May 16, 2018 8:06:43 PM net.sf.freecol.server.networking.Server sendToAll
INFO: Reap dead connection: [DummyConnection Server connection - model.nation.tupi]
May 16, 2018 8:06:43 PM net.sf.freecol.server.networking.Server sendToAll
INFO: Reap dead connection: [DummyConnection Server connection - model.nation.dutch]
May 16, 2018 8:06:43 PM net.sf.freecol.server.networking.Server sendToAll
INFO: Reap dead connection: [DummyConnection Server connection - model.nation.inca]
May 16, 2018 8:06:43 PM net.sf.freecol.server.networking.Server sendToAll
INFO: Reap dead connection: [DummyConnection Server connection - model.nation.iroquois]
May 16, 2018 8:06:43 PM net.sf.freecol.server.networking.Server sendToAll
INFO: Reap dead connection: [DummyConnection Server connection - model.nation.sioux]
May 16, 2018 8:06:43 PM net.sf.freecol.common.model.Specification applyDifficultyLevel
INFO: Applying difficulty level model.difficulty.medium
May 16, 2018 8:06:43 PM net.sf.freecol.common.FreeColSeed getFreeColSeed
INFO: Using seed: 7958646294583999166
May 16, 2018 8:06:43 PM net.sf.freecol.server.networking.Server sendToAll
INFO: Reap dead connection: [DummyConnection Server connection - model.nation.dutch]
May 16, 2018 8:06:43 PM net.sf.freecol.server.networking.Server sendToAll
INFO: Reap dead connection: [DummyConnection Server connection - model.nation.aztec]
May 16, 2018 8:06:43 PM net.sf.freecol.server.networking.Server sendToAll
INFO: Reap dead connection: [DummyConnection Server connection - model.nation.sioux]
May 16, 2018 8:06:43 PM net.sf.freecol.server.networking.Server sendToAll
INFO: Reap dead connection: [DummyConnection Server connection - model.nation.spanish]
May 16, 2018 8:06:43 PM net.sf.freecol.server.networking.Server sendToAll
INFO: Reap dead connection: [DummyConnection Server connection - model.nation.english]
May 16, 2018 8:06:43 PM net.sf.freecol.server.networking.Server sendToAll
INFO: Reap dead connection: [DummyConnection Server connection - model.nation.iroquois]
May 16, 2018 8:06:43 PM net.sf.freecol.server.networking.Server sendToAll
INFO: Reap dead connection: [DummyConnection Server connection - model.nation.inca]
May 16, 2018 8:06:43 PM net.sf.freecol.server.networking.Server sendToAll
INFO: Reap dead connection: [DummyConnection Server connection - model.nation.cherokee]
May 16, 2018 8:06:43 PM net.sf.freecol.server.networking.Server sendToAll
INFO: Reap dead connection: [DummyConnection Server connection - model.nation.apache]
May 16, 2018 8:06:43 PM net.sf.freecol.server.networking.Server sendToAll
INFO: Reap dead connection: [DummyConnection Server connection - model.nation.arawak]
May 16, 2018 8:06:43 PM net.sf.freecol.server.networking.Server sendToAll
INFO: Reap dead connection: [DummyConnection Server connection - model.nation.tupi]
May 16, 2018 8:06:43 PM net.sf.freecol.server.networking.Server sendToAll
INFO: Reap dead connection: [DummyConnection Server connection - model.nation.french]
May 16, 2018 8:06:43 PM net.sf.freecol.common.model.Specification applyDifficultyLevel
INFO: Applying difficulty level model.difficulty.medium
May 16, 2018 8:06:43 PM net.sf.freecol.common.FreeColSeed getFreeColSeed
INFO: Using seed: 4489916187110658062
May 16, 2018 8:06:43 PM net.sf.freecol.server.networking.Server sendToAll
INFO: Reap dead connection: [DummyConnection Server connection - model.nation.tupi]
May 16, 2018 8:06:43 PM net.sf.freecol.server.networking.Server sendToAll
INFO: Reap dead connection: [DummyConnection Server connection - model.nation.french]
May 16, 2018 8:06:43 PM net.sf.freecol.server.networking.Server sendToAll
INFO: Reap dead connection: [DummyConnection Server connection - model.nation.english]
May 16, 2018 8:06:43 PM net.sf.freecol.server.networking.Server sendToAll
INFO: Reap dead connection: [DummyConnection Server connection - model.nation.cherokee]
May 16, 2018 8:06:43 PM net.sf.freecol.server.networking.Server sendToAll
INFO: Reap dead connection: [DummyConnection Server connection - model.nation.sioux]
May 16, 2018 8:06:43 PM net.sf.freecol.server.networking.Server sendToAll
INFO: Reap dead connection: [DummyConnection Server connection - model.nation.iroquois]
May 16, 2018 8:06:43 PM net.sf.freecol.server.networking.Server sendToAll
INFO: Reap dead connection: [DummyConnection Server connection - model.nation.arawak]
May 16, 2018 8:06:43 PM net.sf.freecol.server.networking.Server sendToAll
INFO: Reap dead connection: [DummyConnection Server connection - model.nation.apache]
May 16, 2018 8:06:43 PM net.sf.freecol.server.networking.Server sendToAll
INFO: Reap dead connection: [DummyConnection Server connection - model.nation.spanish]
May 16, 2018 8:06:43 PM net.sf.freecol.server.networking.Server sendToAll
INFO: Reap dead connection: [DummyConnection Server connection - model.nation.dutch]
May 16, 2018 8:06:43 PM net.sf.freecol.server.networking.Server sendToAll
INFO: Reap dead connection: [DummyConnection Server connection - model.nation.aztec]
May 16, 2018 8:06:43 PM net.sf.freecol.server.networking.Server sendToAll
INFO: Reap dead connection: [DummyConnection Server connection - model.nation.inca]
May 16, 2018 8:06:43 PM net.sf.freecol.common.model.Specification applyDifficultyLevel
INFO: Applying difficulty level model.difficulty.medium
May 16, 2018 8:06:43 PM net.sf.freecol.common.FreeColSeed getFreeColSeed
INFO: Using seed: 5302862639702523180
May 16, 2018 8:06:43 PM net.sf.freecol.server.networking.Server sendToAll
INFO: Reap dead connection: [DummyConnection Server connection - model.nation.aztec]
May 16, 2018 8:06:43 PM net.sf.freecol.server.networking.Server sendToAll
INFO: Reap dead connection: [DummyConnection Server connection - model.nation.iroquois]
May 16, 2018 8:06:43 PM net.sf.freecol.server.networking.Server sendToAll
INFO: Reap dead connection: [DummyConnection Server connection - model.nation.apache]
May 16, 2018 8:06:43 PM net.sf.freecol.server.networking.Server sendToAll
INFO: Reap dead connection: [DummyConnection Server connection - model.nation.inca]
May 16, 2018 8:06:43 PM net.sf.freecol.server.networking.Server sendToAll
INFO: Reap dead connection: [DummyConnection Server connection - model.nation.french]
May 16, 2018 8:06:43 PM net.sf.freecol.server.networking.Server sendToAll
INFO: Reap dead connection: [DummyConnection Server connection - model.nation.spanish]
May 16, 2018 8:06:43 PM net.sf.freecol.server.networking.Server sendToAll
INFO: Reap dead connection: [DummyConnection Server connection - model.nation.dutch]
May 16, 2018 8:06:43 PM net.sf.freecol.server.networking.Server sendToAll
INFO: Reap dead connection: [DummyConnection Server connection - model.nation.tupi]
May 16, 2018 8:06:43 PM net.sf.freecol.server.networking.Server sendToAll
INFO: Reap dead connection: [DummyConnection Server connection - model.nation.sioux]
May 16, 2018 8:06:43 PM net.sf.freecol.server.networking.Server sendToAll
INFO: Reap dead connection: [DummyConnection Server connection - model.nation.english]
May 16, 2018 8:06:43 PM net.sf.freecol.server.networking.Server sendToAll
INFO: Reap dead connection: [DummyConnection Server connection - model.nation.cherokee]
May 16, 2018 8:06:43 PM net.sf.freecol.server.networking.Server sendToAll
INFO: Reap dead connection: [DummyConnection Server connection - model.nation.arawak]
May 16, 2018 8:06:43 PM net.sf.freecol.common.model.Specification applyDifficultyLevel
INFO: Applying difficulty level model.difficulty.medium
May 16, 2018 8:06:43 PM net.sf.freecol.common.FreeColSeed getFreeColSeed
INFO: Using seed: -2758063604476496658
May 16, 2018 8:06:43 PM net.sf.freecol.server.networking.Server sendToAll
INFO: Reap dead connection: [DummyConnection Server connection - model.nation.cherokee]
May 16, 2018 8:06:43 PM net.sf.freecol.server.networking.Server sendToAll
INFO: Reap dead connection: [DummyConnection Server connection - model.nation.iroquois]
May 16, 2018 8:06:43 PM net.sf.freecol.server.networking.Server sendToAll
INFO: Reap dead connection: [DummyConnection Server connection - model.nation.aztec]
May 16, 2018 8:06:43 PM net.sf.freecol.server.networking.Server sendToAll
INFO: Reap dead connection: [DummyConnection Server connection - model.nation.arawak]
May 16, 2018 8:06:43 PM net.sf.freecol.server.networking.Server sendToAll
INFO: Reap dead connection: [DummyConnection Server connection - model.nation.dutch]
May 16, 2018 8:06:43 PM net.sf.freecol.server.networking.Server sendToAll
INFO: Reap dead connection: [DummyConnection Server connection - model.nation.spanish]
May 16, 2018 8:06:43 PM net.sf.freecol.server.networking.Server sendToAll
INFO: Reap dead connection: [DummyConnection Server connection - model.nation.french]
May 16, 2018 8:06:43 PM net.sf.freecol.server.networking.Server sendToAll
INFO: Reap dead connection: [DummyConnection Server connection - model.nation.inca]
May 16, 2018 8:06:43 PM net.sf.freecol.server.networking.Server sendToAll
INFO: Reap dead connection: [DummyConnection Server connection - model.nation.sioux]
May 16, 2018 8:06:43 PM net.sf.freecol.server.networking.Server sendToAll
INFO: Reap dead connection: [DummyConnection Server connection - model.nation.english]
May 16, 2018 8:06:43 PM net.sf.freecol.server.networking.Server sendToAll
INFO: Reap dead connection: [DummyConnection Server connection - model.nation.tupi]
May 16, 2018 8:06:43 PM net.sf.freecol.server.networking.Server sendToAll
INFO: Reap dead connection: [DummyConnection Server connection - model.nation.apache]
May 16, 2018 8:06:43 PM net.sf.freecol.common.model.Specification applyDifficultyLevel
INFO: Applying difficulty level model.difficulty.medium
May 16, 2018 8:06:43 PM net.sf.freecol.common.FreeColSeed getFreeColSeed
INFO: Using seed: -6265085112750723406
May 16, 2018 8:06:43 PM net.sf.freecol.server.networking.Server sendToAll
INFO: Reap dead connection: [DummyConnection Server connection - model.nation.dutch]
May 16, 2018 8:06:43 PM net.sf.freecol.server.networking.Server sendToAll
INFO: Reap dead connection: [DummyConnection Server connection - model.nation.apache]
May 16, 2018 8:06:43 PM net.sf.freecol.server.networking.Server sendToAll
INFO: Reap dead connection: [DummyConnection Server connection - model.nation.english]
May 16, 2018 8:06:43 PM net.sf.freecol.server.networking.Server sendToAll
INFO: Reap dead connection: [DummyConnection Server connection - model.nation.iroquois]
May 16, 2018 8:06:43 PM net.sf.freecol.server.networking.Server sendToAll
INFO: Reap dead connection: [DummyConnection Server connection - model.nation.tupi]
May 16, 2018 8:06:43 PM net.sf.freecol.server.networking.Server sendToAll
INFO: Reap dead connection: [DummyConnection Server connection - model.nation.aztec]
May 16, 2018 8:06:43 PM net.sf.freecol.server.networking.Server sendToAll
INFO: Reap dead connection: [DummyConnection Server connection - model.nation.sioux]
May 16, 2018 8:06:43 PM net.sf.freecol.server.networking.Server sendToAll
INFO: Reap dead connection: [DummyConnection Server connection - model.nation.french]
May 16, 2018 8:06:43 PM net.sf.freecol.server.networking.Server sendToAll
INFO: Reap dead connection: [DummyConnection Server connection - model.nation.arawak]
May 16, 2018 8:06:43 PM net.sf.freecol.server.networking.Server sendToAll
INFO: Reap dead connection: [DummyConnection Server connection - model.nation.inca]
May 16, 2018 8:06:43 PM net.sf.freecol.server.networking.Server sendToAll
INFO: Reap dead connection: [DummyConnection Server connection - model.nation.spanish]
May 16, 2018 8:06:43 PM net.sf.freecol.server.networking.Server sendToAll
INFO: Reap dead connection: [DummyConnection Server connection - model.nation.cherokee]
May 16, 2018 8:06:43 PM net.sf.freecol.common.model.Specification applyDifficultyLevel
INFO: Applying difficulty level model.difficulty.medium
May 16, 2018 8:06:43 PM net.sf.freecol.common.FreeColSeed getFreeColSeed
INFO: Using seed: 8391720743865808483
May 16, 2018 8:06:43 PM net.sf.freecol.server.networking.Server sendToAll
INFO: Reap dead connection: [DummyConnection Server connection - model.nation.arawak]
May 16, 2018 8:06:43 PM net.sf.freecol.server.networking.Server sendToAll
INFO: Reap dead connection: [DummyConnection Server connection - model.nation.inca]
May 16, 2018 8:06:43 PM net.sf.freecol.server.networking.Server sendToAll
INFO: Reap dead connection: [DummyConnection Server connection - model.nation.spanish]
May 16, 2018 8:06:43 PM net.sf.freecol.server.networking.Server sendToAll
INFO: Reap dead connection: [DummyConnection Server connection - model.nation.apache]
May 16, 2018 8:06:43 PM net.sf.freecol.server.networking.Server sendToAll
INFO: Reap dead connection: [DummyConnection Server connection - model.nation.cherokee]
May 16, 2018 8:06:43 PM net.sf.freecol.server.networking.Server sendToAll
INFO: Reap dead connection: [DummyConnection Server connection - model.nation.french]
May 16, 2018 8:06:43 PM net.sf.freecol.server.networking.Server sendToAll
INFO: Reap dead connection: [DummyConnection Server connection - model.nation.english]
May 16, 2018 8:06:43 PM net.sf.freecol.server.networking.Server sendToAll
INFO: Reap dead connection: [DummyConnection Server connection - model.nation.aztec]
May 16, 2018 8:06:43 PM net.sf.freecol.server.networking.Server sendToAll
INFO: Reap dead connection: [DummyConnection Server connection - model.nation.dutch]
May 16, 2018 8:06:43 PM net.sf.freecol.server.networking.Server sendToAll
INFO: Reap dead connection: [DummyConnection Server connection - model.nation.tupi]
May 16, 2018 8:06:43 PM net.sf.freecol.server.networking.Server sendToAll
INFO: Reap dead connection: [DummyConnection Server connection - model.nation.sioux]
May 16, 2018 8:06:43 PM net.sf.freecol.server.networking.Server sendToAll
INFO: Reap dead connection: [DummyConnection Server connection - model.nation.iroquois]
May 16, 2018 8:06:43 PM net.sf.freecol.common.model.Specification applyDifficultyLevel
INFO: Applying difficulty level model.difficulty.medium
May 16, 2018 8:06:43 PM net.sf.freecol.common.FreeColSeed getFreeColSeed
INFO: Using seed: 1621523102047672054
May 16, 2018 8:06:43 PM net.sf.freecol.server.networking.Server sendToAll
INFO: Reap dead connection: [DummyConnection Server connection - model.nation.iroquois]
May 16, 2018 8:06:43 PM net.sf.freecol.server.networking.Server sendToAll
INFO: Reap dead connection: [DummyConnection Server connection - model.nation.sioux]
May 16, 2018 8:06:43 PM net.sf.freecol.server.networking.Server sendToAll
INFO: Reap dead connection: [DummyConnection Server connection - model.nation.arawak]
May 16, 2018 8:06:43 PM net.sf.freecol.server.networking.Server sendToAll
INFO: Reap dead connection: [DummyConnection Server connection - model.nation.dutch]
May 16, 2018 8:06:43 PM net.sf.freecol.server.networking.Server sendToAll
INFO: Reap dead connection: [DummyConnection Server connection - model.nation.spanish]
May 16, 2018 8:06:43 PM net.sf.freecol.server.networking.Server sendToAll
INFO: Reap dead connection: [DummyConnection Server connection - model.nation.french]
May 16, 2018 8:06:43 PM net.sf.freecol.server.networking.Server sendToAll
INFO: Reap dead connection: [DummyConnection Server connection - model.nation.cherokee]
May 16, 2018 8:06:43 PM net.sf.freecol.server.networking.Server sendToAll
INFO: Reap dead connection: [DummyConnection Server connection - model.nation.english]
May 16, 2018 8:06:43 PM net.sf.freecol.server.networking.Server sendToAll
INFO: Reap dead connection: [DummyConnection Server connection - model.nation.apache]
May 16, 2018 8:06:43 PM net.sf.freecol.server.networking.Server sendToAll
INFO: Reap dead connection: [DummyConnection Server connection - model.nation.inca]
May 16, 2018 8:06:43 PM net.sf.freecol.server.networking.Server sendToAll
INFO: Reap dead connection: [DummyConnection Server connection - model.nation.tupi]
May 16, 2018 8:06:43 PM net.sf.freecol.server.networking.Server sendToAll
INFO: Reap dead connection: [DummyConnection Server connection - model.nation.aztec]
May 16, 2018 8:06:43 PM net.sf.freecol.common.model.Specification applyDifficultyLevel
INFO: Applying difficulty level model.difficulty.medium
May 16, 2018 8:06:43 PM net.sf.freecol.common.FreeColSeed getFreeColSeed
INFO: Using seed: -3064795199911108206
May 16, 2018 8:06:44 PM net.sf.freecol.server.networking.Server sendToAll
INFO: Reap dead connection: [DummyConnection Server connection - model.nation.arawak]
May 16, 2018 8:06:44 PM net.sf.freecol.server.networking.Server sendToAll
INFO: Reap dead connection: [DummyConnection Server connection - model.nation.english]
May 16, 2018 8:06:44 PM net.sf.freecol.server.networking.Server sendToAll
INFO: Reap dead connection: [DummyConnection Server connection - model.nation.iroquois]
May 16, 2018 8:06:44 PM net.sf.freecol.server.networking.Server sendToAll
INFO: Reap dead connection: [DummyConnection Server connection - model.nation.spanish]
May 16, 2018 8:06:44 PM net.sf.freecol.server.networking.Server sendToAll
INFO: Reap dead connection: [DummyConnection Server connection - model.nation.apache]
May 16, 2018 8:06:44 PM net.sf.freecol.server.networking.Server sendToAll
INFO: Reap dead connection: [DummyConnection Server connection - model.nation.tupi]
May 16, 2018 8:06:44 PM net.sf.freecol.server.networking.Server sendToAll
INFO: Reap dead connection: [DummyConnection Server connection - model.nation.dutch]
May 16, 2018 8:06:44 PM net.sf.freecol.server.networking.Server sendToAll
INFO: Reap dead connection: [DummyConnection Server connection - model.nation.aztec]
May 16, 2018 8:06:44 PM net.sf.freecol.server.networking.Server sendToAll
INFO: Reap dead connection: [DummyConnection Server connection - model.nation.sioux]
May 16, 2018 8:06:44 PM net.sf.freecol.server.networking.Server sendToAll
INFO: Reap dead connection: [DummyConnection Server connection - model.nation.french]
May 16, 2018 8:06:44 PM net.sf.freecol.server.networking.Server sendToAll
INFO: Reap dead connection: [DummyConnection Server connection - model.nation.inca]
May 16, 2018 8:06:44 PM net.sf.freecol.server.networking.Server sendToAll
INFO: Reap dead connection: [DummyConnection Server connection - model.nation.cherokee]
May 16, 2018 8:06:44 PM net.sf.freecol.common.model.Specification applyDifficultyLevel
INFO: Applying difficulty level model.difficulty.medium
May 16, 2018 8:06:44 PM net.sf.freecol.common.FreeColSeed getFreeColSeed
INFO: Using seed: -3936788685787943756
May 16, 2018 8:06:44 PM net.sf.freecol.server.networking.Server sendToAll
INFO: Reap dead connection: [DummyConnection Server connection - model.nation.iroquois]
May 16, 2018 8:06:44 PM net.sf.freecol.server.networking.Server sendToAll
INFO: Reap dead connection: [DummyConnection Server connection - model.nation.sioux]
May 16, 2018 8:06:44 PM net.sf.freecol.server.networking.Server sendToAll
INFO: Reap dead connection: [DummyConnection Server connection - model.nation.arawak]
May 16, 2018 8:06:44 PM net.sf.freecol.server.networking.Server sendToAll
INFO: Reap dead connection: [DummyConnection Server connection - model.nation.spanish]
May 16, 2018 8:06:44 PM net.sf.freecol.server.networking.Server sendToAll
INFO: Reap dead connection: [DummyConnection Server connection - model.nation.french]
May 16, 2018 8:06:44 PM net.sf.freecol.server.networking.Server sendToAll
INFO: Reap dead connection: [DummyConnection Server connection - model.nation.apache]
May 16, 2018 8:06:44 PM net.sf.freecol.server.networking.Server sendToAll
INFO: Reap dead connection: [DummyConnection Server connection - model.nation.tupi]
May 16, 2018 8:06:44 PM net.sf.freecol.server.networking.Server sendToAll
INFO: Reap dead connection: [DummyConnection Server connection - model.nation.english]
May 16, 2018 8:06:44 PM net.sf.freecol.server.networking.Server sendToAll
INFO: Reap dead connection: [DummyConnection Server connection - model.nation.dutch]
May 16, 2018 8:06:44 PM net.sf.freecol.server.networking.Server sendToAll
INFO: Reap dead connection: [DummyConnection Server connection - model.nation.aztec]
May 16, 2018 8:06:44 PM net.sf.freecol.server.networking.Server sendToAll
INFO: Reap dead connection: [DummyConnection Server connection - model.nation.cherokee]
May 16, 2018 8:06:44 PM net.sf.freecol.server.networking.Server sendToAll
INFO: Reap dead connection: [DummyConnection Server connection - model.nation.inca]
May 16, 2018 8:06:44 PM net.sf.freecol.common.model.Specification applyDifficultyLevel
INFO: Applying difficulty level model.difficulty.medium
May 16, 2018 8:06:44 PM net.sf.freecol.common.FreeColSeed getFreeColSeed
INFO: Using seed: 5319162708428305420
May 16, 2018 8:06:44 PM net.sf.freecol.server.networking.Server sendToAll
INFO: Reap dead connection: [DummyConnection Server connection - model.nation.arawak]
May 16, 2018 8:06:44 PM net.sf.freecol.server.networking.Server sendToAll
INFO: Reap dead connection: [DummyConnection Server connection - model.nation.tupi]
May 16, 2018 8:06:44 PM net.sf.freecol.server.networking.Server sendToAll
INFO: Reap dead connection: [DummyConnection Server connection - model.nation.spanish]
May 16, 2018 8:06:44 PM net.sf.freecol.server.networking.Server sendToAll
INFO: Reap dead connection: [DummyConnection Server connection - model.nation.english]
May 16, 2018 8:06:44 PM net.sf.freecol.server.networking.Server sendToAll
INFO: Reap dead connection: [DummyConnection Server connection - model.nation.french]
May 16, 2018 8:06:44 PM net.sf.freecol.server.networking.Server sendToAll
INFO: Reap dead connection: [DummyConnection Server connection - model.nation.inca]
May 16, 2018 8:06:44 PM net.sf.freecol.server.networking.Server sendToAll
INFO: Reap dead connection: [DummyConnection Server connection - model.nation.iroquois]
May 16, 2018 8:06:44 PM net.sf.freecol.server.networking.Server sendToAll
INFO: Reap dead connection: [DummyConnection Server connection - model.nation.dutch]
May 16, 2018 8:06:44 PM net.sf.freecol.server.networking.Server sendToAll
INFO: Reap dead connection: [DummyConnection Server connection - model.nation.sioux]
May 16, 2018 8:06:44 PM net.sf.freecol.server.networking.Server sendToAll
INFO: Reap dead connection: [DummyConnection Server connection - model.nation.aztec]
May 16, 2018 8:06:44 PM net.sf.freecol.server.networking.Server sendToAll
INFO: Reap dead connection: [DummyConnection Server connection - model.nation.cherokee]
May 16, 2018 8:06:44 PM net.sf.freecol.server.networking.Server sendToAll
INFO: Reap dead connection: [DummyConnection Server connection - model.nation.apache]
May 16, 2018 8:06:44 PM net.sf.freecol.common.model.Specification applyDifficultyLevel
INFO: Applying difficulty level model.difficulty.medium
May 16, 2018 8:06:44 PM net.sf.freecol.common.FreeColSeed getFreeColSeed
INFO: Using seed: -95326258475222161
May 16, 2018 8:06:44 PM net.sf.freecol.server.networking.Server sendToAll
INFO: Reap dead connection: [DummyConnection Server connection - model.nation.english]
May 16, 2018 8:06:44 PM net.sf.freecol.server.networking.Server sendToAll
INFO: Reap dead connection: [DummyConnection Server connection - model.nation.aztec]
May 16, 2018 8:06:44 PM net.sf.freecol.server.networking.Server sendToAll
INFO: Reap dead connection: [DummyConnection Server connection - model.nation.apache]
May 16, 2018 8:06:44 PM net.sf.freecol.server.networking.Server sendToAll
INFO: Reap dead connection: [DummyConnection Server connection - model.nation.arawak]
May 16, 2018 8:06:44 PM net.sf.freecol.server.networking.Server sendToAll
INFO: Reap dead connection: [DummyConnection Server connection - model.nation.cherokee]
May 16, 2018 8:06:44 PM net.sf.freecol.server.networking.Server sendToAll
INFO: Reap dead connection: [DummyConnection Server connection - model.nation.iroquois]
May 16, 2018 8:06:44 PM net.sf.freecol.server.networking.Server sendToAll
INFO: Reap dead connection: [DummyConnection Server connection - model.nation.tupi]
May 16, 2018 8:06:44 PM net.sf.freecol.server.networking.Server sendToAll
INFO: Reap dead connection: [DummyConnection Server connection - model.nation.spanish]
May 16, 2018 8:06:44 PM net.sf.freecol.server.networking.Server sendToAll
INFO: Reap dead connection: [DummyConnection Server connection - model.nation.inca]
May 16, 2018 8:06:44 PM net.sf.freecol.server.networking.Server sendToAll
INFO: Reap dead connection: [DummyConnection Server connection - model.nation.sioux]
May 16, 2018 8:06:44 PM net.sf.freecol.server.networking.Server sendToAll
INFO: Reap dead connection: [DummyConnection Server connection - model.nation.french]
May 16, 2018 8:06:44 PM net.sf.freecol.server.networking.Server sendToAll
INFO: Reap dead connection: [DummyConnection Server connection - model.nation.dutch]
May 16, 2018 8:06:44 PM net.sf.freecol.common.model.Specification applyDifficultyLevel
INFO: Applying difficulty level model.difficulty.medium
May 16, 2018 8:06:44 PM net.sf.freecol.common.FreeColSeed getFreeColSeed
INFO: Using seed: 7039623415037170829
May 16, 2018 8:06:44 PM net.sf.freecol.server.networking.Server sendToAll
INFO: Reap dead connection: [DummyConnection Server connection - model.nation.apache]
May 16, 2018 8:06:44 PM net.sf.freecol.server.networking.Server sendToAll
INFO: Reap dead connection: [DummyConnection Server connection - model.nation.aztec]
May 16, 2018 8:06:44 PM net.sf.freecol.server.networking.Server sendToAll
INFO: Reap dead connection: [DummyConnection Server connection - model.nation.cherokee]
May 16, 2018 8:06:44 PM net.sf.freecol.server.networking.Server sendToAll
INFO: Reap dead connection: [DummyConnection Server connection - model.nation.tupi]
May 16, 2018 8:06:44 PM net.sf.freecol.server.networking.Server sendToAll
INFO: Reap dead connection: [DummyConnection Server connection - model.nation.spanish]
May 16, 2018 8:06:44 PM net.sf.freecol.server.networking.Server sendToAll
INFO: Reap dead connection: [DummyConnection Server connection - model.nation.dutch]
May 16, 2018 8:06:44 PM net.sf.freecol.server.networking.Server sendToAll
INFO: Reap dead connection: [DummyConnection Server connection - model.nation.iroquois]
May 16, 2018 8:06:44 PM net.sf.freecol.server.networking.Server sendToAll
INFO: Reap dead connection: [DummyConnection Server connection - model.nation.french]
May 16, 2018 8:06:44 PM net.sf.freecol.server.networking.Server sendToAll
INFO: Reap dead connection: [DummyConnection Server connection - model.nation.english]
May 16, 2018 8:06:44 PM net.sf.freecol.server.networking.Server sendToAll
INFO: Reap dead connection: [DummyConnection Server connection - model.nation.sioux]
May 16, 2018 8:06:44 PM net.sf.freecol.server.networking.Server sendToAll
INFO: Reap dead connection: [DummyConnection Server connection - model.nation.arawak]
May 16, 2018 8:06:44 PM net.sf.freecol.server.networking.Server sendToAll
INFO: Reap dead connection: [DummyConnection Server connection - model.nation.inca]
May 16, 2018 8:06:44 PM net.sf.freecol.common.model.Specification applyDifficultyLevel
INFO: Applying difficulty level model.difficulty.medium
May 16, 2018 8:06:44 PM net.sf.freecol.common.FreeColSeed getFreeColSeed
INFO: Using seed: -3441589259817112254
May 16, 2018 8:06:44 PM net.sf.freecol.server.networking.Server sendToAll
INFO: Reap dead connection: [DummyConnection Server connection - model.nation.english]
May 16, 2018 8:06:44 PM net.sf.freecol.server.networking.Server sendToAll
INFO: Reap dead connection: [DummyConnection Server connection - model.nation.aztec]
May 16, 2018 8:06:44 PM net.sf.freecol.server.networking.Server sendToAll
INFO: Reap dead connection: [DummyConnection Server connection - model.nation.iroquois]
May 16, 2018 8:06:44 PM net.sf.freecol.server.networking.Server sendToAll
INFO: Reap dead connection: [DummyConnection Server connection - model.nation.french]
May 16, 2018 8:06:44 PM net.sf.freecol.server.networking.Server sendToAll
INFO: Reap dead connection: [DummyConnection Server connection - model.nation.tupi]
May 16, 2018 8:06:44 PM net.sf.freecol.server.networking.Server sendToAll
INFO: Reap dead connection: [DummyConnection Server connection - model.nation.arawak]
May 16, 2018 8:06:44 PM net.sf.freecol.server.networking.Server sendToAll
INFO: Reap dead connection: [DummyConnection Server connection - model.nation.sioux]
May 16, 2018 8:06:44 PM net.sf.freecol.server.networking.Server sendToAll
INFO: Reap dead connection: [DummyConnection Server connection - model.nation.spanish]
May 16, 2018 8:06:44 PM net.sf.freecol.server.networking.Server sendToAll
INFO: Reap dead connection: [DummyConnection Server connection - model.nation.cherokee]
May 16, 2018 8:06:44 PM net.sf.freecol.server.networking.Server sendToAll
INFO: Reap dead connection: [DummyConnection Server connection - model.nation.inca]
May 16, 2018 8:06:44 PM net.sf.freecol.server.networking.Server sendToAll
INFO: Reap dead connection: [DummyConnection Server connection - model.nation.dutch]
May 16, 2018 8:06:44 PM net.sf.freecol.server.networking.Server sendToAll
INFO: Reap dead connection: [DummyConnection Server connection - model.nation.apache]
May 16, 2018 8:06:44 PM net.sf.freecol.common.model.Specification applyDifficultyLevel
INFO: Applying difficulty level model.difficulty.medium
May 16, 2018 8:06:44 PM net.sf.freecol.common.FreeColSeed getFreeColSeed
INFO: Using seed: -791808635941733979
May 16, 2018 8:06:44 PM net.sf.freecol.server.networking.Server sendToAll
INFO: Reap dead connection: [DummyConnection Server connection - model.nation.tupi]
May 16, 2018 8:06:44 PM net.sf.freecol.server.networking.Server sendToAll
INFO: Reap dead connection: [DummyConnection Server connection - model.nation.french]
May 16, 2018 8:06:44 PM net.sf.freecol.server.networking.Server sendToAll
INFO: Reap dead connection: [DummyConnection Server connection - model.nation.dutch]
May 16, 2018 8:06:44 PM net.sf.freecol.server.networking.Server sendToAll
INFO: Reap dead connection: [DummyConnection Server connection - model.nation.spanish]
May 16, 2018 8:06:44 PM net.sf.freecol.server.networking.Server sendToAll
INFO: Reap dead connection: [DummyConnection Server connection - model.nation.arawak]
May 16, 2018 8:06:44 PM net.sf.freecol.server.networking.Server sendToAll
INFO: Reap dead connection: [DummyConnection Server connection - model.nation.sioux]
May 16, 2018 8:06:44 PM net.sf.freecol.server.networking.Server sendToAll
INFO: Reap dead connection: [DummyConnection Server connection - model.nation.aztec]
May 16, 2018 8:06:44 PM net.sf.freecol.server.networking.Server sendToAll
INFO: Reap dead connection: [DummyConnection Server connection - model.nation.english]
May 16, 2018 8:06:44 PM net.sf.freecol.server.networking.Server sendToAll
INFO: Reap dead connection: [DummyConnection Server connection - model.nation.iroquois]
May 16, 2018 8:06:44 PM net.sf.freecol.server.networking.Server sendToAll
INFO: Reap dead connection: [DummyConnection Server connection - model.nation.inca]
May 16, 2018 8:06:44 PM net.sf.freecol.server.networking.Server sendToAll
INFO: Reap dead connection: [DummyConnection Server connection - model.nation.cherokee]
May 16, 2018 8:06:44 PM net.sf.freecol.server.networking.Server sendToAll
INFO: Reap dead connection: [DummyConnection Server connection - model.nation.apache]
May 16, 2018 8:06:44 PM net.sf.freecol.common.model.Specification applyDifficultyLevel
INFO: Applying difficulty level model.difficulty.medium
May 16, 2018 8:06:44 PM net.sf.freecol.common.FreeColSeed getFreeColSeed
INFO: Using seed: 7085016658370188148
May 16, 2018 8:06:44 PM net.sf.freecol.server.networking.Server sendToAll
INFO: Reap dead connection: [DummyConnection Server connection - model.nation.tupi]
May 16, 2018 8:06:44 PM net.sf.freecol.server.networking.Server sendToAll
INFO: Reap dead connection: [DummyConnection Server connection - model.nation.english]
May 16, 2018 8:06:44 PM net.sf.freecol.server.networking.Server sendToAll
INFO: Reap dead connection: [DummyConnection Server connection - model.nation.inca]
May 16, 2018 8:06:44 PM net.sf.freecol.server.networking.Server sendToAll
INFO: Reap dead connection: [DummyConnection Server connection - model.nation.iroquois]
May 16, 2018 8:06:44 PM net.sf.freecol.server.networking.Server sendToAll
INFO: Reap dead connection: [DummyConnection Server connection - model.nation.apache]
May 16, 2018 8:06:44 PM net.sf.freecol.server.networking.Server sendToAll
INFO: Reap dead connection: [DummyConnection Server connection - model.nation.spanish]
May 16, 2018 8:06:44 PM net.sf.freecol.server.networking.Server sendToAll
INFO: Reap dead connection: [DummyConnection Server connection - model.nation.dutch]
May 16, 2018 8:06:44 PM net.sf.freecol.server.networking.Server sendToAll
INFO: Reap dead connection: [DummyConnection Server connection - model.nation.aztec]
May 16, 2018 8:06:44 PM net.sf.freecol.server.networking.Server sendToAll
INFO: Reap dead connection: [DummyConnection Server connection - model.nation.arawak]
May 16, 2018 8:06:44 PM net.sf.freecol.server.networking.Server sendToAll
INFO: Reap dead connection: [DummyConnection Server connection - model.nation.cherokee]
May 16, 2018 8:06:44 PM net.sf.freecol.server.networking.Server sendToAll
INFO: Reap dead connection: [DummyConnection Server connection - model.nation.french]
May 16, 2018 8:06:44 PM net.sf.freecol.server.networking.Server sendToAll
INFO: Reap dead connection: [DummyConnection Server connection - model.nation.sioux]
May 16, 2018 8:06:44 PM net.sf.freecol.common.model.Specification applyDifficultyLevel
INFO: Applying difficulty level model.difficulty.medium
May 16, 2018 8:06:44 PM net.sf.freecol.common.FreeColSeed getFreeColSeed
INFO: Using seed: -1988990029239499515
May 16, 2018 8:06:44 PM net.sf.freecol.server.networking.Server sendToAll
INFO: Reap dead connection: [DummyConnection Server connection - model.nation.apache]
May 16, 2018 8:06:44 PM net.sf.freecol.server.networking.Server sendToAll
INFO: Reap dead connection: [DummyConnection Server connection - model.nation.arawak]
May 16, 2018 8:06:44 PM net.sf.freecol.server.networking.Server sendToAll
INFO: Reap dead connection: [DummyConnection Server connection - model.nation.aztec]
May 16, 2018 8:06:44 PM net.sf.freecol.server.networking.Server sendToAll
INFO: Reap dead connection: [DummyConnection Server connection - model.nation.inca]
May 16, 2018 8:06:44 PM net.sf.freecol.server.networking.Server sendToAll
INFO: Reap dead connection: [DummyConnection Server connection - model.nation.cherokee]
May 16, 2018 8:06:44 PM net.sf.freecol.server.networking.Server sendToAll
INFO: Reap dead connection: [DummyConnection Server connection - model.nation.sioux]
May 16, 2018 8:06:44 PM net.sf.freecol.server.networking.Server sendToAll
INFO: Reap dead connection: [DummyConnection Server connection - model.nation.english]
May 16, 2018 8:06:44 PM net.sf.freecol.server.networking.Server sendToAll
INFO: Reap dead connection: [DummyConnection Server connection - model.nation.iroquois]
May 16, 2018 8:06:44 PM net.sf.freecol.server.networking.Server sendToAll
INFO: Reap dead connection: [DummyConnection Server connection - model.nation.tupi]
May 16, 2018 8:06:44 PM net.sf.freecol.server.networking.Server sendToAll
INFO: Reap dead connection: [DummyConnection Server connection - model.nation.french]
May 16, 2018 8:06:44 PM net.sf.freecol.server.networking.Server sendToAll
INFO: Reap dead connection: [DummyConnection Server connection - model.nation.dutch]
May 16, 2018 8:06:44 PM net.sf.freecol.server.networking.Server sendToAll
INFO: Reap dead connection: [DummyConnection Server connection - model.nation.spanish]
May 16, 2018 8:06:44 PM net.sf.freecol.common.model.Specification applyDifficultyLevel
INFO: Applying difficulty level model.difficulty.medium
May 16, 2018 8:06:44 PM net.sf.freecol.common.FreeColSeed getFreeColSeed
INFO: Using seed: 8415918604136877649
May 16, 2018 8:06:44 PM net.sf.freecol.server.networking.Server sendToAll
INFO: Reap dead connection: [DummyConnection Server connection - model.nation.cherokee]
May 16, 2018 8:06:44 PM net.sf.freecol.server.networking.Server sendToAll
INFO: Reap dead connection: [DummyConnection Server connection - model.nation.english]
May 16, 2018 8:06:44 PM net.sf.freecol.server.networking.Server sendToAll
INFO: Reap dead connection: [DummyConnection Server connection - model.nation.tupi]
May 16, 2018 8:06:44 PM net.sf.freecol.server.networking.Server sendToAll
INFO: Reap dead connection: [DummyConnection Server connection - model.nation.arawak]
May 16, 2018 8:06:44 PM net.sf.freecol.server.networking.Server sendToAll
INFO: Reap dead connection: [DummyConnection Server connection - model.nation.french]
May 16, 2018 8:06:44 PM net.sf.freecol.server.networking.Server sendToAll
INFO: Reap dead connection: [DummyConnection Server connection - model.nation.spanish]
May 16, 2018 8:06:44 PM net.sf.freecol.server.networking.Server sendToAll
INFO: Reap dead connection: [DummyConnection Server connection - model.nation.inca]
May 16, 2018 8:06:44 PM net.sf.freecol.server.networking.Server sendToAll
INFO: Reap dead connection: [DummyConnection Server connection - model.nation.sioux]
May 16, 2018 8:06:44 PM net.sf.freecol.server.networking.Server sendToAll
INFO: Reap dead connection: [DummyConnection Server connection - model.nation.aztec]
May 16, 2018 8:06:44 PM net.sf.freecol.server.networking.Server sendToAll
INFO: Reap dead connection: [DummyConnection Server connection - model.nation.apache]
May 16, 2018 8:06:44 PM net.sf.freecol.server.networking.Server sendToAll
INFO: Reap dead connection: [DummyConnection Server connection - model.nation.iroquois]
May 16, 2018 8:06:44 PM net.sf.freecol.server.networking.Server sendToAll
INFO: Reap dead connection: [DummyConnection Server connection - model.nation.dutch]
May 16, 2018 8:06:44 PM net.sf.freecol.common.model.Specification applyDifficultyLevel
INFO: Applying difficulty level model.difficulty.medium
May 16, 2018 8:06:44 PM net.sf.freecol.common.FreeColSeed getFreeColSeed
INFO: Using seed: 2312962196402873747
May 16, 2018 8:06:44 PM net.sf.freecol.server.networking.Server sendToAll
INFO: Reap dead connection: [DummyConnection Server connection - model.nation.dutch]
May 16, 2018 8:06:44 PM net.sf.freecol.server.networking.Server sendToAll
INFO: Reap dead connection: [DummyConnection Server connection - model.nation.arawak]
May 16, 2018 8:06:44 PM net.sf.freecol.server.networking.Server sendToAll
INFO: Reap dead connection: [DummyConnection Server connection - model.nation.inca]
May 16, 2018 8:06:44 PM net.sf.freecol.server.networking.Server sendToAll
INFO: Reap dead connection: [DummyConnection Server connection - model.nation.iroquois]
May 16, 2018 8:06:44 PM net.sf.freecol.server.networking.Server sendToAll
INFO: Reap dead connection: [DummyConnection Server connection - model.nation.tupi]
May 16, 2018 8:06:44 PM net.sf.freecol.server.networking.Server sendToAll
INFO: Reap dead connection: [DummyConnection Server connection - model.nation.english]
May 16, 2018 8:06:44 PM net.sf.freecol.server.networking.Server sendToAll
INFO: Reap dead connection: [DummyConnection Server connection - model.nation.aztec]
May 16, 2018 8:06:44 PM net.sf.freecol.server.networking.Server sendToAll
INFO: Reap dead connection: [DummyConnection Server connection - model.nation.french]
May 16, 2018 8:06:44 PM net.sf.freecol.server.networking.Server sendToAll
INFO: Reap dead connection: [DummyConnection Server connection - model.nation.apache]
May 16, 2018 8:06:44 PM net.sf.freecol.server.networking.Server sendToAll
INFO: Reap dead connection: [DummyConnection Server connection - model.nation.sioux]
May 16, 2018 8:06:44 PM net.sf.freecol.server.networking.Server sendToAll
INFO: Reap dead connection: [DummyConnection Server connection - model.nation.spanish]
May 16, 2018 8:06:44 PM net.sf.freecol.server.networking.Server sendToAll
INFO: Reap dead connection: [DummyConnection Server connection - model.nation.cherokee]
May 16, 2018 8:06:44 PM net.sf.freecol.common.model.Specification applyDifficultyLevel
INFO: Applying difficulty level model.difficulty.medium
May 16, 2018 8:06:44 PM net.sf.freecol.common.FreeColSeed getFreeColSeed
INFO: Using seed: -4553678699256757365
May 16, 2018 8:06:44 PM net.sf.freecol.server.networking.Server sendToAll
INFO: Reap dead connection: [DummyConnection Server connection - model.nation.sioux]
May 16, 2018 8:06:44 PM net.sf.freecol.server.networking.Server sendToAll
INFO: Reap dead connection: [DummyConnection Server connection - model.nation.tupi]
May 16, 2018 8:06:44 PM net.sf.freecol.server.networking.Server sendToAll
INFO: Reap dead connection: [DummyConnection Server connection - model.nation.spanish]
May 16, 2018 8:06:44 PM net.sf.freecol.server.networking.Server sendToAll
INFO: Reap dead connection: [DummyConnection Server connection - model.nation.dutch]
May 16, 2018 8:06:44 PM net.sf.freecol.server.networking.Server sendToAll
INFO: Reap dead connection: [DummyConnection Server connection - model.nation.aztec]
May 16, 2018 8:06:44 PM net.sf.freecol.server.networking.Server sendToAll
INFO: Reap dead connection: [DummyConnection Server connection - model.nation.cherokee]
May 16, 2018 8:06:44 PM net.sf.freecol.server.networking.Server sendToAll
INFO: Reap dead connection: [DummyConnection Server connection - model.nation.iroquois]
May 16, 2018 8:06:44 PM net.sf.freecol.server.networking.Server sendToAll
INFO: Reap dead connection: [DummyConnection Server connection - model.nation.arawak]
May 16, 2018 8:06:44 PM net.sf.freecol.server.networking.Server sendToAll
INFO: Reap dead connection: [DummyConnection Server connection - model.nation.english]
May 16, 2018 8:06:44 PM net.sf.freecol.server.networking.Server sendToAll
INFO: Reap dead connection: [DummyConnection Server connection - model.nation.french]
May 16, 2018 8:06:44 PM net.sf.freecol.server.networking.Server sendToAll
INFO: Reap dead connection: [DummyConnection Server connection - model.nation.apache]
May 16, 2018 8:06:44 PM net.sf.freecol.server.networking.Server sendToAll
INFO: Reap dead connection: [DummyConnection Server connection - model.nation.inca]
May 16, 2018 8:06:44 PM net.sf.freecol.common.model.Specification applyDifficultyLevel
INFO: Applying difficulty level model.difficulty.medium
May 16, 2018 8:06:44 PM net.sf.freecol.common.FreeColSeed getFreeColSeed
INFO: Using seed: -2554948967163048535
May 16, 2018 8:06:44 PM net.sf.freecol.server.networking.Server sendToAll
INFO: Reap dead connection: [DummyConnection Server connection - model.nation.aztec]
May 16, 2018 8:06:44 PM net.sf.freecol.server.networking.Server sendToAll
INFO: Reap dead connection: [DummyConnection Server connection - model.nation.dutch]
May 16, 2018 8:06:44 PM net.sf.freecol.server.networking.Server sendToAll
INFO: Reap dead connection: [DummyConnection Server connection - model.nation.tupi]
May 16, 2018 8:06:44 PM net.sf.freecol.server.networking.Server sendToAll
INFO: Reap dead connection: [DummyConnection Server connection - model.nation.french]
May 16, 2018 8:06:44 PM net.sf.freecol.server.networking.Server sendToAll
INFO: Reap dead connection: [DummyConnection Server connection - model.nation.apache]
May 16, 2018 8:06:44 PM net.sf.freecol.server.networking.Server sendToAll
INFO: Reap dead connection: [DummyConnection Server connection - model.nation.arawak]
May 16, 2018 8:06:44 PM net.sf.freecol.server.networking.Server sendToAll
INFO: Reap dead connection: [DummyConnection Server connection - model.nation.cherokee]
May 16, 2018 8:06:44 PM net.sf.freecol.server.networking.Server sendToAll
INFO: Reap dead connection: [DummyConnection Server connection - model.nation.inca]
May 16, 2018 8:06:44 PM net.sf.freecol.server.networking.Server sendToAll
INFO: Reap dead connection: [DummyConnection Server connection - model.nation.sioux]
May 16, 2018 8:06:44 PM net.sf.freecol.server.networking.Server sendToAll
INFO: Reap dead connection: [DummyConnection Server connection - model.nation.spanish]
May 16, 2018 8:06:44 PM net.sf.freecol.server.networking.Server sendToAll
INFO: Reap dead connection: [DummyConnection Server connection - model.nation.iroquois]
May 16, 2018 8:06:44 PM net.sf.freecol.server.networking.Server sendToAll
INFO: Reap dead connection: [DummyConnection Server connection - model.nation.english]
May 16, 2018 8:06:44 PM net.sf.freecol.common.model.Specification applyDifficultyLevel
INFO: Applying difficulty level model.difficulty.medium
May 16, 2018 8:06:44 PM net.sf.freecol.common.FreeColSeed getFreeColSeed
INFO: Using seed: -5856302335277962383
May 16, 2018 8:06:44 PM net.sf.freecol.server.networking.Server sendToAll
INFO: Reap dead connection: [DummyConnection Server connection - model.nation.dutch]
May 16, 2018 8:06:44 PM net.sf.freecol.server.networking.Server sendToAll
INFO: Reap dead connection: [DummyConnection Server connection - model.nation.english]
May 16, 2018 8:06:44 PM net.sf.freecol.server.networking.Server sendToAll
INFO: Reap dead connection: [DummyConnection Server connection - model.nation.spanish]
May 16, 2018 8:06:44 PM net.sf.freecol.server.networking.Server sendToAll
INFO: Reap dead connection: [DummyConnection Server connection - model.nation.arawak]
May 16, 2018 8:06:44 PM net.sf.freecol.server.networking.Server sendToAll
INFO: Reap dead connection: [DummyConnection Server connection - model.nation.aztec]
May 16, 2018 8:06:44 PM net.sf.freecol.server.networking.Server sendToAll
INFO: Reap dead connection: [DummyConnection Server connection - model.nation.cherokee]
May 16, 2018 8:06:44 PM net.sf.freecol.server.networking.Server sendToAll
INFO: Reap dead connection: [DummyConnection Server connection - model.nation.apache]
May 16, 2018 8:06:44 PM net.sf.freecol.server.networking.Server sendToAll
INFO: Reap dead connection: [DummyConnection Server connection - model.nation.tupi]
May 16, 2018 8:06:44 PM net.sf.freecol.server.networking.Server sendToAll
INFO: Reap dead connection: [DummyConnection Server connection - model.nation.iroquois]
May 16, 2018 8:06:44 PM net.sf.freecol.server.networking.Server sendToAll
INFO: Reap dead connection: [DummyConnection Server connection - model.nation.french]
May 16, 2018 8:06:44 PM net.sf.freecol.server.networking.Server sendToAll
INFO: Reap dead connection: [DummyConnection Server connection - model.nation.sioux]
May 16, 2018 8:06:44 PM net.sf.freecol.server.networking.Server sendToAll
INFO: Reap dead connection: [DummyConnection Server connection - model.nation.inca]
May 16, 2018 8:06:44 PM net.sf.freecol.common.model.Specification applyDifficultyLevel
INFO: Applying difficulty level model.difficulty.medium
May 16, 2018 8:06:44 PM net.sf.freecol.common.FreeColSeed getFreeColSeed
INFO: Using seed: -6463093872362867069
May 16, 2018 8:06:44 PM net.sf.freecol.server.networking.Server sendToAll
INFO: Reap dead connection: [DummyConnection Server connection - model.nation.iroquois]
May 16, 2018 8:06:44 PM net.sf.freecol.server.networking.Server sendToAll
INFO: Reap dead connection: [DummyConnection Server connection - model.nation.dutch]
May 16, 2018 8:06:44 PM net.sf.freecol.server.networking.Server sendToAll
INFO: Reap dead connection: [DummyConnection Server connection - model.nation.french]
May 16, 2018 8:06:44 PM net.sf.freecol.server.networking.Server sendToAll
INFO: Reap dead connection: [DummyConnection Server connection - model.nation.tupi]
May 16, 2018 8:06:44 PM net.sf.freecol.server.networking.Server sendToAll
INFO: Reap dead connection: [DummyConnection Server connection - model.nation.arawak]
May 16, 2018 8:06:44 PM net.sf.freecol.server.networking.Server sendToAll
INFO: Reap dead connection: [DummyConnection Server connection - model.nation.apache]
May 16, 2018 8:06:44 PM net.sf.freecol.server.networking.Server sendToAll
INFO: Reap dead connection: [DummyConnection Server connection - model.nation.sioux]
May 16, 2018 8:06:44 PM net.sf.freecol.server.networking.Server sendToAll
INFO: Reap dead connection: [DummyConnection Server connection - model.nation.aztec]
May 16, 2018 8:06:44 PM net.sf.freecol.server.networking.Server sendToAll
INFO: Reap dead connection: [DummyConnection Server connection - model.nation.cherokee]
May 16, 2018 8:06:44 PM net.sf.freecol.server.networking.Server sendToAll
INFO: Reap dead connection: [DummyConnection Server connection - model.nation.spanish]
May 16, 2018 8:06:44 PM net.sf.freecol.server.networking.Server sendToAll
INFO: Reap dead connection: [DummyConnection Server connection - model.nation.inca]
May 16, 2018 8:06:44 PM net.sf.freecol.server.networking.Server sendToAll
INFO: Reap dead connection: [DummyConnection Server connection - model.nation.english]
May 16, 2018 8:06:44 PM net.sf.freecol.common.model.Specification applyDifficultyLevel
INFO: Applying difficulty level model.difficulty.medium
May 16, 2018 8:06:44 PM net.sf.freecol.common.FreeColSeed getFreeColSeed
INFO: Using seed: -952509261522708004
May 16, 2018 8:06:44 PM net.sf.freecol.server.networking.Server sendToAll
INFO: Reap dead connection: [DummyConnection Server connection - model.nation.apache]
May 16, 2018 8:06:44 PM net.sf.freecol.server.networking.Server sendToAll
INFO: Reap dead connection: [DummyConnection Server connection - model.nation.dutch]
May 16, 2018 8:06:44 PM net.sf.freecol.server.networking.Server sendToAll
INFO: Reap dead connection: [DummyConnection Server connection - model.nation.aztec]
May 16, 2018 8:06:44 PM net.sf.freecol.server.networking.Server sendToAll
INFO: Reap dead connection: [DummyConnection Server connection - model.nation.french]
May 16, 2018 8:06:44 PM net.sf.freecol.server.networking.Server sendToAll
INFO: Reap dead connection: [DummyConnection Server connection - model.nation.english]
May 16, 2018 8:06:44 PM net.sf.freecol.server.networking.Server sendToAll
INFO: Reap dead connection: [DummyConnection Server connection - model.nation.sioux]
May 16, 2018 8:06:44 PM net.sf.freecol.server.networking.Server sendToAll
INFO: Reap dead connection: [DummyConnection Server connection - model.nation.arawak]
May 16, 2018 8:06:44 PM net.sf.freecol.server.networking.Server sendToAll
INFO: Reap dead connection: [DummyConnection Server connection - model.nation.iroquois]
May 16, 2018 8:06:44 PM net.sf.freecol.server.networking.Server sendToAll
INFO: Reap dead connection: [DummyConnection Server connection - model.nation.inca]
May 16, 2018 8:06:44 PM net.sf.freecol.server.networking.Server sendToAll
INFO: Reap dead connection: [DummyConnection Server connection - model.nation.spanish]
May 16, 2018 8:06:44 PM net.sf.freecol.server.networking.Server sendToAll
INFO: Reap dead connection: [DummyConnection Server connection - model.nation.tupi]
May 16, 2018 8:06:44 PM net.sf.freecol.server.networking.Server sendToAll
INFO: Reap dead connection: [DummyConnection Server connection - model.nation.cherokee]
May 16, 2018 8:06:44 PM net.sf.freecol.common.networking.DOMMessage clientError
WARNING: Naval unit unit:250 can not embark.
May 16, 2018 8:06:44 PM net.sf.freecol.common.networking.DOMMessage clientError
WARNING: Carrier: unit:248 can not carry unit:252: CAPACITY_EXCEEDED
May 16, 2018 8:06:44 PM net.sf.freecol.common.model.Specification applyDifficultyLevel
INFO: Applying difficulty level model.difficulty.medium
May 16, 2018 8:06:44 PM net.sf.freecol.common.FreeColSeed getFreeColSeed
INFO: Using seed: -8718399518661787134
May 16, 2018 8:06:44 PM net.sf.freecol.server.networking.Server sendToAll
INFO: Reap dead connection: [DummyConnection Server connection - model.nation.spanish]
May 16, 2018 8:06:44 PM net.sf.freecol.server.networking.Server sendToAll
INFO: Reap dead connection: [DummyConnection Server connection - model.nation.apache]
May 16, 2018 8:06:44 PM net.sf.freecol.server.networking.Server sendToAll
INFO: Reap dead connection: [DummyConnection Server connection - model.nation.sioux]
May 16, 2018 8:06:44 PM net.sf.freecol.server.networking.Server sendToAll
INFO: Reap dead connection: [DummyConnection Server connection - model.nation.english]
May 16, 2018 8:06:44 PM net.sf.freecol.server.networking.Server sendToAll
INFO: Reap dead connection: [DummyConnection Server connection - model.nation.dutch]
May 16, 2018 8:06:44 PM net.sf.freecol.server.networking.Server sendToAll
INFO: Reap dead connection: [DummyConnection Server connection - model.nation.french]
May 16, 2018 8:06:44 PM net.sf.freecol.server.networking.Server sendToAll
INFO: Reap dead connection: [DummyConnection Server connection - model.nation.aztec]
May 16, 2018 8:06:44 PM net.sf.freecol.server.networking.Server sendToAll
INFO: Reap dead connection: [DummyConnection Server connection - model.nation.cherokee]
May 16, 2018 8:06:44 PM net.sf.freecol.server.networking.Server sendToAll
INFO: Reap dead connection: [DummyConnection Server connection - model.nation.iroquois]
May 16, 2018 8:06:44 PM net.sf.freecol.server.networking.Server sendToAll
INFO: Reap dead connection: [DummyConnection Server connection - model.nation.inca]
May 16, 2018 8:06:44 PM net.sf.freecol.server.networking.Server sendToAll
INFO: Reap dead connection: [DummyConnection Server connection - model.nation.tupi]
May 16, 2018 8:06:44 PM net.sf.freecol.server.networking.Server sendToAll
INFO: Reap dead connection: [DummyConnection Server connection - model.nation.arawak]
May 16, 2018 8:06:44 PM net.sf.freecol.server.model.ServerPlayer csChangeStance
INFO: Stance modification William I UNCONTACTED -> WAR wrt Louis XIV
May 16, 2018 8:06:44 PM net.sf.freecol.server.model.ServerPlayer csChangeStance
INFO: Stance modification Louis XIV UNCONTACTED -> WAR wrt William I (symmetric)
May 16, 2018 8:06:44 PM net.sf.freecol.common.util.LogBuilder log
INFO: Combat attacker=unit:247-veteranSoldier-soldier [Modifier model.modifier.offence (model.source.baseOffence) ADDITIVE 0.0 index=10] [Modifier model.modifier.offence (model.role.soldier) ADDITIVE 2.0 index=30] [Modifier model.modifier.offence (model.unit.veteranSoldier) PERCENTAGE 50.0 index=40] [Modifier model.modifier.attackBonus (model.source.attackBonus) PERCENTAGE 50.0 index=50] = 4.5 defender=unit:248-freeColonist-soldier [Modifier model.modifier.defence (model.source.baseDefence) ADDITIVE 1.0 index=10] [Modifier model.modifier.defence (model.role.soldier) ADDITIVE 1.0 index=30] = 2.0 odds=0.6923076923076923 random(1.0)=0.7123076915740967 great=false Attack LOSE LOSE_EQUIP
May 16, 2018 8:06:44 PM net.sf.freecol.common.util.LogBuilder log
INFO: Combat attacker=unit:247-veteranSoldier [Modifier model.modifier.offence (model.source.baseOffence) ADDITIVE 0.0 index=10] [Modifier model.modifier.offence (model.unit.veteranSoldier) PERCENTAGE 50.0 index=40] [Modifier model.modifier.attackBonus (model.source.attackBonus) PERCENTAGE 50.0 index=50] = 0.0 defender=unit:248-freeColonist-soldier [Modifier model.modifier.defence (model.source.baseDefence) ADDITIVE 1.0 index=10] [Modifier model.modifier.defence (model.role.soldier) ADDITIVE 1.0 index=30] = 2.0 odds=0.0 random(1.0)=0.019999999552965164 great=false Attack LOSE CAPTURE_UNIT
May 16, 2018 8:06:44 PM net.sf.freecol.common.model.Specification applyDifficultyLevel
INFO: Applying difficulty level model.difficulty.medium
May 16, 2018 8:06:44 PM net.sf.freecol.common.FreeColSeed getFreeColSeed
INFO: Using seed: 3970014355907301945
May 16, 2018 8:06:44 PM net.sf.freecol.server.networking.Server sendToAll
INFO: Reap dead connection: [DummyConnection Server connection - model.nation.spanish]
May 16, 2018 8:06:44 PM net.sf.freecol.server.networking.Server sendToAll
INFO: Reap dead connection: [DummyConnection Server connection - model.nation.french]
May 16, 2018 8:06:44 PM net.sf.freecol.server.networking.Server sendToAll
INFO: Reap dead connection: [DummyConnection Server connection - model.nation.tupi]
May 16, 2018 8:06:44 PM net.sf.freecol.server.networking.Server sendToAll
INFO: Reap dead connection: [DummyConnection Server connection - model.nation.sioux]
May 16, 2018 8:06:44 PM net.sf.freecol.server.networking.Server sendToAll
INFO: Reap dead connection: [DummyConnection Server connection - model.nation.aztec]
May 16, 2018 8:06:44 PM net.sf.freecol.server.networking.Server sendToAll
INFO: Reap dead connection: [DummyConnection Server connection - model.nation.inca]
May 16, 2018 8:06:44 PM net.sf.freecol.server.networking.Server sendToAll
INFO: Reap dead connection: [DummyConnection Server connection - model.nation.arawak]
May 16, 2018 8:06:44 PM net.sf.freecol.server.networking.Server sendToAll
INFO: Reap dead connection: [DummyConnection Server connection - model.nation.apache]
May 16, 2018 8:06:44 PM net.sf.freecol.server.networking.Server sendToAll
INFO: Reap dead connection: [DummyConnection Server connection - model.nation.cherokee]
May 16, 2018 8:06:44 PM net.sf.freecol.server.networking.Server sendToAll
INFO: Reap dead connection: [DummyConnection Server connection - model.nation.dutch]
May 16, 2018 8:06:44 PM net.sf.freecol.server.networking.Server sendToAll
INFO: Reap dead connection: [DummyConnection Server connection - model.nation.iroquois]
May 16, 2018 8:06:44 PM net.sf.freecol.server.networking.Server sendToAll
INFO: Reap dead connection: [DummyConnection Server connection - model.nation.english]
May 16, 2018 8:06:44 PM net.sf.freecol.server.model.ServerPlayer csChangeStance
INFO: Stance modification William I UNCONTACTED -> WAR wrt Atahualpa
May 16, 2018 8:06:44 PM net.sf.freecol.server.model.ServerPlayer csChangeStance
INFO: Stance modification Atahualpa UNCONTACTED -> WAR wrt William I (symmetric)
May 16, 2018 8:06:44 PM net.sf.freecol.common.util.LogBuilder log
INFO: Combat attacker=unit:271-brave-nativeDragoon [Modifier model.modifier.offence (model.source.baseOffence) ADDITIVE 1.0 index=10] [Modifier model.modifier.offence (model.role.nativeDragoon) ADDITIVE 3.0 index=30] [Modifier model.modifier.attackBonus (model.source.attackBonus) PERCENTAGE 50.0 index=50] = 6.0 defender=unit:270-freeColonist [Modifier model.modifier.defence (model.source.baseDefence) ADDITIVE 1.0 index=10] [Modifier model.modifier.defence (model.role.soldier) ADDITIVE 1.0 index=30] [Modifier model.modifier.defence (model.settlement.colony) PERCENTAGE 50.0 index=50] = 3.0 odds=0.6666666666666666 random(1.0)=0.6466666460037231 great=false Attack WIN AUTOEQUIP_UNIT LOSE_AUTOEQUIP
May 16, 2018 8:06:44 PM net.sf.freecol.common.model.Specification applyDifficultyLevel
INFO: Applying difficulty level model.difficulty.medium
May 16, 2018 8:06:44 PM net.sf.freecol.common.FreeColSeed getFreeColSeed
INFO: Using seed: 2080076328069250298
May 16, 2018 8:06:44 PM net.sf.freecol.server.networking.Server sendToAll
INFO: Reap dead connection: [DummyConnection Server connection - model.nation.sioux]
May 16, 2018 8:06:44 PM net.sf.freecol.server.networking.Server sendToAll
INFO: Reap dead connection: [DummyConnection Server connection - model.nation.cherokee]
May 16, 2018 8:06:44 PM net.sf.freecol.server.networking.Server sendToAll
INFO: Reap dead connection: [DummyConnection Server connection - model.nation.spanish]
May 16, 2018 8:06:44 PM net.sf.freecol.server.networking.Server sendToAll
INFO: Reap dead connection: [DummyConnection Server connection - model.nation.arawak]
May 16, 2018 8:06:44 PM net.sf.freecol.server.networking.Server sendToAll
INFO: Reap dead connection: [DummyConnection Server connection - model.nation.english]
May 16, 2018 8:06:44 PM net.sf.freecol.server.networking.Server sendToAll
INFO: Reap dead connection: [DummyConnection Server connection - model.nation.tupi]
May 16, 2018 8:06:44 PM net.sf.freecol.server.networking.Server sendToAll
INFO: Reap dead connection: [DummyConnection Server connection - model.nation.aztec]
May 16, 2018 8:06:44 PM net.sf.freecol.server.networking.Server sendToAll
INFO: Reap dead connection: [DummyConnection Server connection - model.nation.inca]
May 16, 2018 8:06:44 PM net.sf.freecol.server.networking.Server sendToAll
INFO: Reap dead connection: [DummyConnection Server connection - model.nation.french]
May 16, 2018 8:06:44 PM net.sf.freecol.server.networking.Server sendToAll
INFO: Reap dead connection: [DummyConnection Server connection - model.nation.apache]
May 16, 2018 8:06:44 PM net.sf.freecol.server.networking.Server sendToAll
INFO: Reap dead connection: [DummyConnection Server connection - model.nation.iroquois]
May 16, 2018 8:06:44 PM net.sf.freecol.server.networking.Server sendToAll
INFO: Reap dead connection: [DummyConnection Server connection - model.nation.dutch]
May 16, 2018 8:06:44 PM net.sf.freecol.common.model.Specification applyDifficultyLevel
INFO: Applying difficulty level model.difficulty.medium
May 16, 2018 8:06:44 PM net.sf.freecol.common.FreeColSeed getFreeColSeed
INFO: Using seed: -7444822965561733197
May 16, 2018 8:06:44 PM net.sf.freecol.server.networking.Server sendToAll
INFO: Reap dead connection: [DummyConnection Server connection - model.nation.apache]
May 16, 2018 8:06:44 PM net.sf.freecol.server.networking.Server sendToAll
INFO: Reap dead connection: [DummyConnection Server connection - model.nation.iroquois]
May 16, 2018 8:06:44 PM net.sf.freecol.server.networking.Server sendToAll
INFO: Reap dead connection: [DummyConnection Server connection - model.nation.arawak]
May 16, 2018 8:06:44 PM net.sf.freecol.server.networking.Server sendToAll
INFO: Reap dead connection: [DummyConnection Server connection - model.nation.dutch]
May 16, 2018 8:06:44 PM net.sf.freecol.server.networking.Server sendToAll
INFO: Reap dead connection: [DummyConnection Server connection - model.nation.inca]
May 16, 2018 8:06:44 PM net.sf.freecol.server.networking.Server sendToAll
INFO: Reap dead connection: [DummyConnection Server connection - model.nation.tupi]
May 16, 2018 8:06:44 PM net.sf.freecol.server.networking.Server sendToAll
INFO: Reap dead connection: [DummyConnection Server connection - model.nation.cherokee]
May 16, 2018 8:06:44 PM net.sf.freecol.server.networking.Server sendToAll
INFO: Reap dead connection: [DummyConnection Server connection - model.nation.english]
May 16, 2018 8:06:44 PM net.sf.freecol.server.networking.Server sendToAll
INFO: Reap dead connection: [DummyConnection Server connection - model.nation.spanish]
May 16, 2018 8:06:44 PM net.sf.freecol.server.networking.Server sendToAll
INFO: Reap dead connection: [DummyConnection Server connection - model.nation.sioux]
May 16, 2018 8:06:44 PM net.sf.freecol.server.networking.Server sendToAll
INFO: Reap dead connection: [DummyConnection Server connection - model.nation.french]
May 16, 2018 8:06:44 PM net.sf.freecol.server.networking.Server sendToAll
INFO: Reap dead connection: [DummyConnection Server connection - model.nation.aztec]
May 16, 2018 8:06:44 PM net.sf.freecol.server.model.ServerPlayer csChangeStance
INFO: Stance modification William I UNCONTACTED -> WAR wrt Louis XIV
May 16, 2018 8:06:44 PM net.sf.freecol.server.model.ServerPlayer csChangeStance
INFO: Stance modification Louis XIV UNCONTACTED -> WAR wrt William I (symmetric)
May 16, 2018 8:06:44 PM net.sf.freecol.common.util.LogBuilder log
INFO: Combat attacker=unit:247-freeColonist [Modifier model.modifier.offence (model.source.baseOffence) ADDITIVE 0.0 index=10] [Modifier model.modifier.attackBonus (model.source.attackBonus) PERCENTAGE 50.0 index=50] = 0.0 defender=unit:248-freeColonist-soldier [Modifier model.modifier.defence (model.source.baseDefence) ADDITIVE 1.0 index=10] [Modifier model.modifier.defence (model.role.soldier) ADDITIVE 1.0 index=30] = 2.0 odds=0.0 random(1.0)=0.019999999552965164 great=false Attack LOSE CAPTURE_UNIT
May 16, 2018 8:06:44 PM net.sf.freecol.common.model.Specification applyDifficultyLevel
INFO: Applying difficulty level model.difficulty.medium
May 16, 2018 8:06:44 PM net.sf.freecol.common.FreeColSeed getFreeColSeed
INFO: Using seed: 2559135937193247480
May 16, 2018 8:06:44 PM net.sf.freecol.server.networking.Server sendToAll
INFO: Reap dead connection: [DummyConnection Server connection - model.nation.dutch]
May 16, 2018 8:06:44 PM net.sf.freecol.server.networking.Server sendToAll
INFO: Reap dead connection: [DummyConnection Server connection - model.nation.arawak]
May 16, 2018 8:06:44 PM net.sf.freecol.server.networking.Server sendToAll
INFO: Reap dead connection: [DummyConnection Server connection - model.nation.aztec]
May 16, 2018 8:06:44 PM net.sf.freecol.server.networking.Server sendToAll
INFO: Reap dead connection: [DummyConnection Server connection - model.nation.spanish]
May 16, 2018 8:06:44 PM net.sf.freecol.server.networking.Server sendToAll
INFO: Reap dead connection: [DummyConnection Server connection - model.nation.inca]
May 16, 2018 8:06:44 PM net.sf.freecol.server.networking.Server sendToAll
INFO: Reap dead connection: [DummyConnection Server connection - model.nation.cherokee]
May 16, 2018 8:06:44 PM net.sf.freecol.server.networking.Server sendToAll
INFO: Reap dead connection: [DummyConnection Server connection - model.nation.tupi]
May 16, 2018 8:06:44 PM net.sf.freecol.server.networking.Server sendToAll
INFO: Reap dead connection: [DummyConnection Server connection - model.nation.apache]
May 16, 2018 8:06:44 PM net.sf.freecol.server.networking.Server sendToAll
INFO: Reap dead connection: [DummyConnection Server connection - model.nation.sioux]
May 16, 2018 8:06:44 PM net.sf.freecol.server.networking.Server sendToAll
INFO: Reap dead connection: [DummyConnection Server connection - model.nation.french]
May 16, 2018 8:06:44 PM net.sf.freecol.server.networking.Server sendToAll
INFO: Reap dead connection: [DummyConnection Server connection - model.nation.iroquois]
May 16, 2018 8:06:44 PM net.sf.freecol.server.networking.Server sendToAll
INFO: Reap dead connection: [DummyConnection Server connection - model.nation.english]
May 16, 2018 8:06:44 PM net.sf.freecol.server.model.ServerPlayer csChangeStance
INFO: Stance modification William I UNCONTACTED -> WAR wrt Louis XIV
May 16, 2018 8:06:44 PM net.sf.freecol.server.model.ServerPlayer csChangeStance
INFO: Stance modification Louis XIV UNCONTACTED -> WAR wrt William I (symmetric)
May 16, 2018 8:06:44 PM net.sf.freecol.common.util.LogBuilder log
INFO: Combat attacker=unit:247-freeColonist-scout [Modifier model.modifier.offence (model.source.baseOffence) ADDITIVE 0.0 index=10] [Modifier model.modifier.offence (model.role.scout) ADDITIVE 1.0 index=30] [Modifier model.modifier.attackBonus (model.source.attackBonus) PERCENTAGE 50.0 index=50] = 1.5 defender=unit:248-freeColonist-soldier [Modifier model.modifier.defence (model.source.baseDefence) ADDITIVE 1.0 index=10] [Modifier model.modifier.defence (model.role.soldier) ADDITIVE 1.0 index=30] = 2.0 odds=0.42857142857142855 random(1.0)=0.44857141375541687 great=false Attack LOSE SLAUGHTER_UNIT
May 16, 2018 8:06:44 PM net.sf.freecol.common.util.LogBuilder log
INFO: Destroying: unit:247
May 16, 2018 8:06:44 PM net.sf.freecol.common.model.Specification applyDifficultyLevel
INFO: Applying difficulty level model.difficulty.medium
May 16, 2018 8:06:44 PM net.sf.freecol.common.FreeColSeed getFreeColSeed
INFO: Using seed: -2089633623262687338
May 16, 2018 8:06:44 PM net.sf.freecol.server.networking.Server sendToAll
INFO: Reap dead connection: [DummyConnection Server connection - model.nation.apache]
May 16, 2018 8:06:44 PM net.sf.freecol.server.networking.Server sendToAll
INFO: Reap dead connection: [DummyConnection Server connection - model.nation.spanish]
May 16, 2018 8:06:44 PM net.sf.freecol.server.networking.Server sendToAll
INFO: Reap dead connection: [DummyConnection Server connection - model.nation.dutch]
May 16, 2018 8:06:44 PM net.sf.freecol.server.networking.Server sendToAll
INFO: Reap dead connection: [DummyConnection Server connection - model.nation.inca]
May 16, 2018 8:06:44 PM net.sf.freecol.server.networking.Server sendToAll
INFO: Reap dead connection: [DummyConnection Server connection - model.nation.aztec]
May 16, 2018 8:06:44 PM net.sf.freecol.server.networking.Server sendToAll
INFO: Reap dead connection: [DummyConnection Server connection - model.nation.french]
May 16, 2018 8:06:44 PM net.sf.freecol.server.networking.Server sendToAll
INFO: Reap dead connection: [DummyConnection Server connection - model.nation.sioux]
May 16, 2018 8:06:44 PM net.sf.freecol.server.networking.Server sendToAll
INFO: Reap dead connection: [DummyConnection Server connection - model.nation.tupi]
May 16, 2018 8:06:44 PM net.sf.freecol.server.networking.Server sendToAll
INFO: Reap dead connection: [DummyConnection Server connection - model.nation.cherokee]
May 16, 2018 8:06:44 PM net.sf.freecol.server.networking.Server sendToAll
INFO: Reap dead connection: [DummyConnection Server connection - model.nation.iroquois]
May 16, 2018 8:06:44 PM net.sf.freecol.server.networking.Server sendToAll
INFO: Reap dead connection: [DummyConnection Server connection - model.nation.arawak]
May 16, 2018 8:06:44 PM net.sf.freecol.server.networking.Server sendToAll
INFO: Reap dead connection: [DummyConnection Server connection - model.nation.english]
May 16, 2018 8:06:44 PM net.sf.freecol.common.model.Specification applyDifficultyLevel
INFO: Applying difficulty level model.difficulty.medium
May 16, 2018 8:06:44 PM net.sf.freecol.common.FreeColSeed getFreeColSeed
INFO: Using seed: -5378081198748197198
May 16, 2018 8:06:44 PM net.sf.freecol.server.networking.Server sendToAll
INFO: Reap dead connection: [DummyConnection Server connection - model.nation.iroquois]
May 16, 2018 8:06:44 PM net.sf.freecol.server.networking.Server sendToAll
INFO: Reap dead connection: [DummyConnection Server connection - model.nation.cherokee]
May 16, 2018 8:06:44 PM net.sf.freecol.server.networking.Server sendToAll
INFO: Reap dead connection: [DummyConnection Server connection - model.nation.english]
May 16, 2018 8:06:44 PM net.sf.freecol.server.networking.Server sendToAll
INFO: Reap dead connection: [DummyConnection Server connection - model.nation.arawak]
May 16, 2018 8:06:44 PM net.sf.freecol.server.networking.Server sendToAll
INFO: Reap dead connection: [DummyConnection Server connection - model.nation.apache]
May 16, 2018 8:06:44 PM net.sf.freecol.server.networking.Server sendToAll
INFO: Reap dead connection: [DummyConnection Server connection - model.nation.aztec]
May 16, 2018 8:06:44 PM net.sf.freecol.server.networking.Server sendToAll
INFO: Reap dead connection: [DummyConnection Server connection - model.nation.spanish]
May 16, 2018 8:06:44 PM net.sf.freecol.server.networking.Server sendToAll
INFO: Reap dead connection: [DummyConnection Server connection - model.nation.tupi]
May 16, 2018 8:06:44 PM net.sf.freecol.server.networking.Server sendToAll
INFO: Reap dead connection: [DummyConnection Server connection - model.nation.dutch]
May 16, 2018 8:06:44 PM net.sf.freecol.server.networking.Server sendToAll
INFO: Reap dead connection: [DummyConnection Server connection - model.nation.sioux]
May 16, 2018 8:06:44 PM net.sf.freecol.server.networking.Server sendToAll
INFO: Reap dead connection: [DummyConnection Server connection - model.nation.inca]
May 16, 2018 8:06:44 PM net.sf.freecol.server.networking.Server sendToAll
INFO: Reap dead connection: [DummyConnection Server connection - model.nation.french]
May 16, 2018 8:06:44 PM net.sf.freecol.server.model.ServerPlayer csChangeStance
INFO: Stance modification William I UNCONTACTED -> WAR wrt Atahualpa
May 16, 2018 8:06:44 PM net.sf.freecol.server.model.ServerPlayer csChangeStance
INFO: Stance modification Atahualpa UNCONTACTED -> WAR wrt William I (symmetric)
May 16, 2018 8:06:44 PM net.sf.freecol.common.util.LogBuilder log
INFO: Combat attacker=unit:272-brave-nativeDragoon [Modifier model.modifier.offence (model.source.baseOffence) ADDITIVE 1.0 index=10] [Modifier model.modifier.offence (model.role.nativeDragoon) ADDITIVE 3.0 index=30] [Modifier model.modifier.attackBonus (model.source.attackBonus) PERCENTAGE 50.0 index=50] = 6.0 defender=unit:271-veteranSoldier-dragoon [Modifier model.modifier.defence (model.source.baseDefence) ADDITIVE 1.0 index=10] [Modifier model.modifier.defence (model.role.dragoon) ADDITIVE 2.0 index=30] [Modifier model.modifier.defence (model.unit.veteranSoldier) PERCENTAGE 50.0 index=40] [Modifier model.modifier.defence (model.settlement.colony) PERCENTAGE 50.0 index=50] = 6.75 odds=0.47058823529411764 random(1.0)=0.4505882263183594 great=false Attack WIN LOSE_EQUIP
May 16, 2018 8:06:44 PM net.sf.freecol.common.util.LogBuilder log
INFO: Combat attacker=unit:272-brave-nativeDragoon [Modifier model.modifier.offence (model.source.baseOffence) ADDITIVE 1.0 index=10] [Modifier model.modifier.offence (model.role.nativeDragoon) ADDITIVE 3.0 index=30] [Modifier model.modifier.attackBonus (model.source.attackBonus) PERCENTAGE 50.0 index=50] = 6.0 defender=unit:271-veteranSoldier-soldier [Modifier model.modifier.defence (model.source.baseDefence) ADDITIVE 1.0 index=10] [Modifier model.modifier.defence (model.role.soldier) ADDITIVE 1.0 index=30] [Modifier model.modifier.defence (model.unit.veteranSoldier) PERCENTAGE 50.0 index=40] [Modifier model.modifier.defence (model.settlement.colony) PERCENTAGE 50.0 index=50] = 4.5 odds=0.5714285714285714 random(1.0)=0.5514285564422607 great=false Attack WIN LOSE_EQUIP
May 16, 2018 8:06:44 PM net.sf.freecol.common.util.LogBuilder log
INFO: Combat attacker=unit:272-brave-nativeDragoon [Modifier model.modifier.offence (model.source.baseOffence) ADDITIVE 1.0 index=10] [Modifier model.modifier.offence (model.role.nativeDragoon) ADDITIVE 3.0 index=30] [Modifier model.modifier.attackBonus (model.source.attackBonus) PERCENTAGE 50.0 index=50] = 6.0 defender=unit:271-veteranSoldier [Modifier model.modifier.defence (model.source.baseDefence) ADDITIVE 1.0 index=10] [Modifier model.modifier.defence (model.unit.veteranSoldier) PERCENTAGE 50.0 index=40] [Modifier model.modifier.defence (model.settlement.colony) PERCENTAGE 50.0 index=50] = 2.25 odds=0.7272727272727273 random(1.0)=0.7072727084159851 great=false Attack WIN SLAUGHTER_UNIT
May 16, 2018 8:06:44 PM net.sf.freecol.common.util.LogBuilder log
INFO: Destroying: unit:271
May 16, 2018 8:06:44 PM net.sf.freecol.common.util.LogBuilder log
INFO: Combat attacker=unit:272-brave-nativeDragoon [Modifier model.modifier.offence (model.source.baseOffence) ADDITIVE 1.0 index=10] [Modifier model.modifier.offence (model.role.nativeDragoon) ADDITIVE 3.0 index=30] [Modifier model.modifier.attackBonus (model.source.attackBonus) PERCENTAGE 50.0 index=50] = 6.0 defender=unit:270-freeColonist [Modifier model.modifier.defence (model.source.baseDefence) ADDITIVE 1.0 index=10] [Modifier model.modifier.defence (model.settlement.colony) PERCENTAGE 50.0 index=50] = 1.5 odds=0.8 random(1.0)=0.7799999713897705 great=false Attack WIN PILLAGE_COLONY
May 16, 2018 8:06:44 PM net.sf.freecol.common.util.LogBuilder log
INFO: Destroying: building:274
May 16, 2018 8:06:45 PM net.sf.freecol.common.util.LogBuilder log
INFO: Combat attacker=unit:272-brave-nativeDragoon [Modifier model.modifier.offence (model.source.baseOffence) ADDITIVE 1.0 index=10] [Modifier model.modifier.offence (model.role.nativeDragoon) ADDITIVE 3.0 index=30] [Modifier model.modifier.attackBonus (model.source.attackBonus) PERCENTAGE 50.0 index=50] = 6.0 defender=unit:270-freeColonist [Modifier model.modifier.defence (model.source.baseDefence) ADDITIVE 1.0 index=10] [Modifier model.modifier.defence (model.settlement.colony) PERCENTAGE 50.0 index=50] = 1.5 odds=0.8 random(1.0)=0.7799999713897705 great=false Attack WIN PILLAGE_COLONY
May 16, 2018 8:06:45 PM net.sf.freecol.common.util.LogBuilder log
INFO: Combat attacker=unit:272-brave-nativeDragoon [Modifier model.modifier.offence (model.source.baseOffence) ADDITIVE 1.0 index=10] [Modifier model.modifier.offence (model.role.nativeDragoon) ADDITIVE 3.0 index=30] [Modifier model.modifier.attackBonus (model.source.attackBonus) PERCENTAGE 50.0 index=50] = 6.0 defender=unit:270-freeColonist [Modifier model.modifier.defence (model.source.baseDefence) ADDITIVE 1.0 index=10] [Modifier model.modifier.defence (model.settlement.colony) PERCENTAGE 50.0 index=50] = 1.5 odds=0.8 random(1.0)=0.7799999713897705 great=false Attack WIN PILLAGE_COLONY
May 16, 2018 8:06:45 PM net.sf.freecol.common.util.LogBuilder log
INFO: Combat attacker=unit:272-brave-nativeDragoon [Modifier model.modifier.offence (model.source.baseOffence) ADDITIVE 1.0 index=10] [Modifier model.modifier.offence (model.role.nativeDragoon) ADDITIVE 3.0 index=30] [Modifier model.modifier.attackBonus (model.source.attackBonus) PERCENTAGE 50.0 index=50] = 6.0 defender=unit:270-freeColonist [Modifier model.modifier.defence (model.source.baseDefence) ADDITIVE 1.0 index=10] [Modifier model.modifier.defence (model.settlement.colony) PERCENTAGE 50.0 index=50] = 1.5 odds=0.8 random(1.0)=0.7799999713897705 great=false Attack WIN PILLAGE_COLONY
May 16, 2018 8:06:45 PM net.sf.freecol.common.util.LogBuilder log
INFO: Combat attacker=unit:272-brave-nativeDragoon [Modifier model.modifier.offence (model.source.baseOffence) ADDITIVE 1.0 index=10] [Modifier model.modifier.offence (model.role.nativeDragoon) ADDITIVE 3.0 index=30] [Modifier model.modifier.attackBonus (model.source.attackBonus) PERCENTAGE 50.0 index=50] = 6.0 defender=unit:270-freeColonist [Modifier model.modifier.defence (model.source.baseDefence) ADDITIVE 1.0 index=10] [Modifier model.modifier.defence (model.settlement.colony) PERCENTAGE 50.0 index=50] = 1.5 odds=0.8 random(1.0)=0.7799999713897705 great=false Attack WIN SLAUGHTER_UNIT DESTROY_COLONY
May 16, 2018 8:06:45 PM net.sf.freecol.common.util.LogBuilder log
INFO: Destroying: unit:270
May 16, 2018 8:06:45 PM net.sf.freecol.common.util.LogBuilder log
INFO: Destroying: colonyTile:249 colonyTile:250 colonyTile:251 colonyTile:252 colonyTile:253 colonyTile:254 colonyTile:255 colonyTile:256 colonyTile:257 building:258 building:260 building:259 building:262 building:266 building:267 building:261 building:263 building:264 building:265 goodsContainer:248 colony:247
May 16, 2018 8:06:45 PM net.sf.freecol.common.model.Specification applyDifficultyLevel
INFO: Applying difficulty level model.difficulty.medium
May 16, 2018 8:06:45 PM net.sf.freecol.common.FreeColSeed getFreeColSeed
INFO: Using seed: -4614388722272047099
May 16, 2018 8:06:45 PM net.sf.freecol.server.networking.Server sendToAll
INFO: Reap dead connection: [DummyConnection Server connection - model.nation.tupi]
May 16, 2018 8:06:45 PM net.sf.freecol.server.networking.Server sendToAll
INFO: Reap dead connection: [DummyConnection Server connection - model.nation.spanish]
May 16, 2018 8:06:45 PM net.sf.freecol.server.networking.Server sendToAll
INFO: Reap dead connection: [DummyConnection Server connection - model.nation.sioux]
May 16, 2018 8:06:45 PM net.sf.freecol.server.networking.Server sendToAll
INFO: Reap dead connection: [DummyConnection Server connection - model.nation.french]
May 16, 2018 8:06:45 PM net.sf.freecol.server.networking.Server sendToAll
INFO: Reap dead connection: [DummyConnection Server connection - model.nation.iroquois]
May 16, 2018 8:06:45 PM net.sf.freecol.server.networking.Server sendToAll
INFO: Reap dead connection: [DummyConnection Server connection - model.nation.arawak]
May 16, 2018 8:06:45 PM net.sf.freecol.server.networking.Server sendToAll
INFO: Reap dead connection: [DummyConnection Server connection - model.nation.english]
May 16, 2018 8:06:45 PM net.sf.freecol.server.networking.Server sendToAll
INFO: Reap dead connection: [DummyConnection Server connection - model.nation.cherokee]
May 16, 2018 8:06:45 PM net.sf.freecol.server.networking.Server sendToAll
INFO: Reap dead connection: [DummyConnection Server connection - model.nation.inca]
May 16, 2018 8:06:45 PM net.sf.freecol.server.networking.Server sendToAll
INFO: Reap dead connection: [DummyConnection Server connection - model.nation.aztec]
May 16, 2018 8:06:45 PM net.sf.freecol.server.networking.Server sendToAll
INFO: Reap dead connection: [DummyConnection Server connection - model.nation.apache]
May 16, 2018 8:06:45 PM net.sf.freecol.server.networking.Server sendToAll
INFO: Reap dead connection: [DummyConnection Server connection - model.nation.dutch]
May 16, 2018 8:06:45 PM net.sf.freecol.common.model.Specification applyDifficultyLevel
INFO: Applying difficulty level model.difficulty.medium
May 16, 2018 8:06:45 PM net.sf.freecol.common.FreeColSeed getFreeColSeed
INFO: Using seed: -8534522366286689794
May 16, 2018 8:06:45 PM net.sf.freecol.server.networking.Server sendToAll
INFO: Reap dead connection: [DummyConnection Server connection - model.nation.aztec]
May 16, 2018 8:06:45 PM net.sf.freecol.server.networking.Server sendToAll
INFO: Reap dead connection: [DummyConnection Server connection - model.nation.iroquois]
May 16, 2018 8:06:45 PM net.sf.freecol.server.networking.Server sendToAll
INFO: Reap dead connection: [DummyConnection Server connection - model.nation.apache]
May 16, 2018 8:06:45 PM net.sf.freecol.server.networking.Server sendToAll
INFO: Reap dead connection: [DummyConnection Server connection - model.nation.french]
May 16, 2018 8:06:45 PM net.sf.freecol.server.networking.Server sendToAll
INFO: Reap dead connection: [DummyConnection Server connection - model.nation.inca]
May 16, 2018 8:06:45 PM net.sf.freecol.server.networking.Server sendToAll
INFO: Reap dead connection: [DummyConnection Server connection - model.nation.dutch]
May 16, 2018 8:06:45 PM net.sf.freecol.server.networking.Server sendToAll
INFO: Reap dead connection: [DummyConnection Server connection - model.nation.tupi]
May 16, 2018 8:06:45 PM net.sf.freecol.server.networking.Server sendToAll
INFO: Reap dead connection: [DummyConnection Server connection - model.nation.sioux]
May 16, 2018 8:06:45 PM net.sf.freecol.server.networking.Server sendToAll
INFO: Reap dead connection: [DummyConnection Server connection - model.nation.arawak]
May 16, 2018 8:06:45 PM net.sf.freecol.server.networking.Server sendToAll
INFO: Reap dead connection: [DummyConnection Server connection - model.nation.spanish]
May 16, 2018 8:06:45 PM net.sf.freecol.server.networking.Server sendToAll
INFO: Reap dead connection: [DummyConnection Server connection - model.nation.english]
May 16, 2018 8:06:45 PM net.sf.freecol.server.networking.Server sendToAll
INFO: Reap dead connection: [DummyConnection Server connection - model.nation.cherokee]
May 16, 2018 8:06:45 PM net.sf.freecol.common.model.Specification applyDifficultyLevel
INFO: Applying difficulty level model.difficulty.medium
May 16, 2018 8:06:45 PM net.sf.freecol.common.FreeColSeed getFreeColSeed
INFO: Using seed: 7560993296621868724
May 16, 2018 8:06:45 PM net.sf.freecol.server.networking.Server sendToAll
INFO: Reap dead connection: [DummyConnection Server connection - model.nation.tupi]
May 16, 2018 8:06:45 PM net.sf.freecol.server.networking.Server sendToAll
INFO: Reap dead connection: [DummyConnection Server connection - model.nation.french]
May 16, 2018 8:06:45 PM net.sf.freecol.server.networking.Server sendToAll
INFO: Reap dead connection: [DummyConnection Server connection - model.nation.aztec]
May 16, 2018 8:06:45 PM net.sf.freecol.server.networking.Server sendToAll
INFO: Reap dead connection: [DummyConnection Server connection - model.nation.spanish]
May 16, 2018 8:06:45 PM net.sf.freecol.server.networking.Server sendToAll
INFO: Reap dead connection: [DummyConnection Server connection - model.nation.apache]
May 16, 2018 8:06:45 PM net.sf.freecol.server.networking.Server sendToAll
INFO: Reap dead connection: [DummyConnection Server connection - model.nation.english]
May 16, 2018 8:06:45 PM net.sf.freecol.server.networking.Server sendToAll
INFO: Reap dead connection: [DummyConnection Server connection - model.nation.cherokee]
May 16, 2018 8:06:45 PM net.sf.freecol.server.networking.Server sendToAll
INFO: Reap dead connection: [DummyConnection Server connection - model.nation.arawak]
May 16, 2018 8:06:45 PM net.sf.freecol.server.networking.Server sendToAll
INFO: Reap dead connection: [DummyConnection Server connection - model.nation.inca]
May 16, 2018 8:06:45 PM net.sf.freecol.server.networking.Server sendToAll
INFO: Reap dead connection: [DummyConnection Server connection - model.nation.iroquois]
May 16, 2018 8:06:45 PM net.sf.freecol.server.networking.Server sendToAll
INFO: Reap dead connection: [DummyConnection Server connection - model.nation.sioux]
May 16, 2018 8:06:45 PM net.sf.freecol.server.networking.Server sendToAll
INFO: Reap dead connection: [DummyConnection Server connection - model.nation.dutch]
May 16, 2018 8:06:45 PM net.sf.freecol.common.model.Specification applyDifficultyLevel
INFO: Applying difficulty level model.difficulty.medium
May 16, 2018 8:06:45 PM net.sf.freecol.common.FreeColSeed getFreeColSeed
INFO: Using seed: 5528900839553140191
May 16, 2018 8:06:45 PM net.sf.freecol.server.networking.Server sendToAll
INFO: Reap dead connection: [DummyConnection Server connection - model.nation.sioux]
May 16, 2018 8:06:45 PM net.sf.freecol.server.networking.Server sendToAll
INFO: Reap dead connection: [DummyConnection Server connection - model.nation.dutch]
May 16, 2018 8:06:45 PM net.sf.freecol.server.networking.Server sendToAll
INFO: Reap dead connection: [DummyConnection Server connection - model.nation.english]
May 16, 2018 8:06:45 PM net.sf.freecol.server.networking.Server sendToAll
INFO: Reap dead connection: [DummyConnection Server connection - model.nation.tupi]
May 16, 2018 8:06:45 PM net.sf.freecol.server.networking.Server sendToAll
INFO: Reap dead connection: [DummyConnection Server connection - model.nation.spanish]
May 16, 2018 8:06:45 PM net.sf.freecol.server.networking.Server sendToAll
INFO: Reap dead connection: [DummyConnection Server connection - model.nation.inca]
May 16, 2018 8:06:45 PM net.sf.freecol.server.networking.Server sendToAll
INFO: Reap dead connection: [DummyConnection Server connection - model.nation.apache]
May 16, 2018 8:06:45 PM net.sf.freecol.server.networking.Server sendToAll
INFO: Reap dead connection: [DummyConnection Server connection - model.nation.cherokee]
May 16, 2018 8:06:45 PM net.sf.freecol.server.networking.Server sendToAll
INFO: Reap dead connection: [DummyConnection Server connection - model.nation.arawak]
May 16, 2018 8:06:45 PM net.sf.freecol.server.networking.Server sendToAll
INFO: Reap dead connection: [DummyConnection Server connection - model.nation.iroquois]
May 16, 2018 8:06:45 PM net.sf.freecol.server.networking.Server sendToAll
INFO: Reap dead connection: [DummyConnection Server connection - model.nation.aztec]
May 16, 2018 8:06:45 PM net.sf.freecol.server.networking.Server sendToAll
INFO: Reap dead connection: [DummyConnection Server connection - model.nation.french]
May 16, 2018 8:06:45 PM net.sf.freecol.common.model.Specification applyDifficultyLevel
INFO: Applying difficulty level model.difficulty.medium
May 16, 2018 8:06:45 PM net.sf.freecol.common.FreeColSeed getFreeColSeed
INFO: Using seed: 4206696109814171525
May 16, 2018 8:06:45 PM net.sf.freecol.server.networking.Server sendToAll
INFO: Reap dead connection: [DummyConnection Server connection - model.nation.iroquois]
May 16, 2018 8:06:45 PM net.sf.freecol.server.networking.Server sendToAll
INFO: Reap dead connection: [DummyConnection Server connection - model.nation.aztec]
May 16, 2018 8:06:45 PM net.sf.freecol.server.networking.Server sendToAll
INFO: Reap dead connection: [DummyConnection Server connection - model.nation.cherokee]
May 16, 2018 8:06:45 PM net.sf.freecol.server.networking.Server sendToAll
INFO: Reap dead connection: [DummyConnection Server connection - model.nation.sioux]
May 16, 2018 8:06:45 PM net.sf.freecol.server.networking.Server sendToAll
INFO: Reap dead connection: [DummyConnection Server connection - model.nation.spanish]
May 16, 2018 8:06:45 PM net.sf.freecol.server.networking.Server sendToAll
INFO: Reap dead connection: [DummyConnection Server connection - model.nation.arawak]
May 16, 2018 8:06:45 PM net.sf.freecol.server.networking.Server sendToAll
INFO: Reap dead connection: [DummyConnection Server connection - model.nation.english]
May 16, 2018 8:06:45 PM net.sf.freecol.server.networking.Server sendToAll
INFO: Reap dead connection: [DummyConnection Server connection - model.nation.dutch]
May 16, 2018 8:06:45 PM net.sf.freecol.server.networking.Server sendToAll
INFO: Reap dead connection: [DummyConnection Server connection - model.nation.french]
May 16, 2018 8:06:45 PM net.sf.freecol.server.networking.Server sendToAll
INFO: Reap dead connection: [DummyConnection Server connection - model.nation.inca]
May 16, 2018 8:06:45 PM net.sf.freecol.server.networking.Server sendToAll
INFO: Reap dead connection: [DummyConnection Server connection - model.nation.tupi]
May 16, 2018 8:06:45 PM net.sf.freecol.server.networking.Server sendToAll
INFO: Reap dead connection: [DummyConnection Server connection - model.nation.apache]
May 16, 2018 8:06:45 PM net.sf.freecol.common.model.Specification applyDifficultyLevel
INFO: Applying difficulty level model.difficulty.medium
May 16, 2018 8:06:45 PM net.sf.freecol.common.FreeColSeed getFreeColSeed
INFO: Using seed: 793258948783912947
May 16, 2018 8:06:45 PM net.sf.freecol.server.networking.Server sendToAll
INFO: Reap dead connection: [DummyConnection Server connection - model.nation.tupi]
May 16, 2018 8:06:45 PM net.sf.freecol.server.networking.Server sendToAll
INFO: Reap dead connection: [DummyConnection Server connection - model.nation.sioux]
May 16, 2018 8:06:45 PM net.sf.freecol.server.networking.Server sendToAll
INFO: Reap dead connection: [DummyConnection Server connection - model.nation.cherokee]
May 16, 2018 8:06:45 PM net.sf.freecol.server.networking.Server sendToAll
INFO: Reap dead connection: [DummyConnection Server connection - model.nation.spanish]
May 16, 2018 8:06:45 PM net.sf.freecol.server.networking.Server sendToAll
INFO: Reap dead connection: [DummyConnection Server connection - model.nation.dutch]
May 16, 2018 8:06:45 PM net.sf.freecol.server.networking.Server sendToAll
INFO: Reap dead connection: [DummyConnection Server connection - model.nation.english]
May 16, 2018 8:06:45 PM net.sf.freecol.server.networking.Server sendToAll
INFO: Reap dead connection: [DummyConnection Server connection - model.nation.inca]
May 16, 2018 8:06:45 PM net.sf.freecol.server.networking.Server sendToAll
INFO: Reap dead connection: [DummyConnection Server connection - model.nation.aztec]
May 16, 2018 8:06:45 PM net.sf.freecol.server.networking.Server sendToAll
INFO: Reap dead connection: [DummyConnection Server connection - model.nation.apache]
May 16, 2018 8:06:45 PM net.sf.freecol.server.networking.Server sendToAll
INFO: Reap dead connection: [DummyConnection Server connection - model.nation.french]
May 16, 2018 8:06:45 PM net.sf.freecol.server.networking.Server sendToAll
INFO: Reap dead connection: [DummyConnection Server connection - model.nation.iroquois]
May 16, 2018 8:06:45 PM net.sf.freecol.server.networking.Server sendToAll
INFO: Reap dead connection: [DummyConnection Server connection - model.nation.arawak]
May 16, 2018 8:06:45 PM net.sf.freecol.common.model.Specification applyDifficultyLevel
INFO: Applying difficulty level model.difficulty.medium
May 16, 2018 8:06:45 PM net.sf.freecol.common.FreeColSeed getFreeColSeed
INFO: Using seed: -4969834870151749844
May 16, 2018 8:06:45 PM net.sf.freecol.server.networking.Server sendToAll
INFO: Reap dead connection: [DummyConnection Server connection - model.nation.aztec]
May 16, 2018 8:06:45 PM net.sf.freecol.server.networking.Server sendToAll
INFO: Reap dead connection: [DummyConnection Server connection - model.nation.iroquois]
May 16, 2018 8:06:45 PM net.sf.freecol.server.networking.Server sendToAll
INFO: Reap dead connection: [DummyConnection Server connection - model.nation.english]
May 16, 2018 8:06:45 PM net.sf.freecol.server.networking.Server sendToAll
INFO: Reap dead connection: [DummyConnection Server connection - model.nation.inca]
May 16, 2018 8:06:45 PM net.sf.freecol.server.networking.Server sendToAll
INFO: Reap dead connection: [DummyConnection Server connection - model.nation.sioux]
May 16, 2018 8:06:45 PM net.sf.freecol.server.networking.Server sendToAll
INFO: Reap dead connection: [DummyConnection Server connection - model.nation.spanish]
May 16, 2018 8:06:45 PM net.sf.freecol.server.networking.Server sendToAll
INFO: Reap dead connection: [DummyConnection Server connection - model.nation.arawak]
May 16, 2018 8:06:45 PM net.sf.freecol.server.networking.Server sendToAll
INFO: Reap dead connection: [DummyConnection Server connection - model.nation.apache]
May 16, 2018 8:06:45 PM net.sf.freecol.server.networking.Server sendToAll
INFO: Reap dead connection: [DummyConnection Server connection - model.nation.tupi]
May 16, 2018 8:06:45 PM net.sf.freecol.server.networking.Server sendToAll
INFO: Reap dead connection: [DummyConnection Server connection - model.nation.dutch]
May 16, 2018 8:06:45 PM net.sf.freecol.server.networking.Server sendToAll
INFO: Reap dead connection: [DummyConnection Server connection - model.nation.cherokee]
May 16, 2018 8:06:45 PM net.sf.freecol.server.networking.Server sendToAll
INFO: Reap dead connection: [DummyConnection Server connection - model.nation.french]
May 16, 2018 8:06:45 PM net.sf.freecol.common.model.Unit setLocation
WARNING: Can not add [unit:272 dutch pettyCriminal 0/1] to building:258
May 16, 2018 8:06:45 PM net.sf.freecol.common.model.Specification applyDifficultyLevel
INFO: Applying difficulty level model.difficulty.medium
May 16, 2018 8:06:45 PM net.sf.freecol.common.FreeColSeed getFreeColSeed
INFO: Using seed: 7654853893847820114
May 16, 2018 8:06:45 PM net.sf.freecol.server.networking.Server sendToAll
INFO: Reap dead connection: [DummyConnection Server connection - model.nation.french]
May 16, 2018 8:06:45 PM net.sf.freecol.server.networking.Server sendToAll
INFO: Reap dead connection: [DummyConnection Server connection - model.nation.apache]
May 16, 2018 8:06:45 PM net.sf.freecol.server.networking.Server sendToAll
INFO: Reap dead connection: [DummyConnection Server connection - model.nation.dutch]
May 16, 2018 8:06:45 PM net.sf.freecol.server.networking.Server sendToAll
INFO: Reap dead connection: [DummyConnection Server connection - model.nation.cherokee]
May 16, 2018 8:06:45 PM net.sf.freecol.server.networking.Server sendToAll
INFO: Reap dead connection: [DummyConnection Server connection - model.nation.tupi]
May 16, 2018 8:06:45 PM net.sf.freecol.server.networking.Server sendToAll
INFO: Reap dead connection: [DummyConnection Server connection - model.nation.sioux]
May 16, 2018 8:06:45 PM net.sf.freecol.server.networking.Server sendToAll
INFO: Reap dead connection: [DummyConnection Server connection - model.nation.iroquois]
May 16, 2018 8:06:45 PM net.sf.freecol.server.networking.Server sendToAll
INFO: Reap dead connection: [DummyConnection Server connection - model.nation.spanish]
May 16, 2018 8:06:45 PM net.sf.freecol.server.networking.Server sendToAll
INFO: Reap dead connection: [DummyConnection Server connection - model.nation.arawak]
May 16, 2018 8:06:45 PM net.sf.freecol.server.networking.Server sendToAll
INFO: Reap dead connection: [DummyConnection Server connection - model.nation.aztec]
May 16, 2018 8:06:45 PM net.sf.freecol.server.networking.Server sendToAll
INFO: Reap dead connection: [DummyConnection Server connection - model.nation.english]
May 16, 2018 8:06:45 PM net.sf.freecol.server.networking.Server sendToAll
INFO: Reap dead connection: [DummyConnection Server connection - model.nation.inca]
May 16, 2018 8:06:45 PM net.sf.freecol.common.model.Specification applyDifficultyLevel
INFO: Applying difficulty level model.difficulty.medium
May 16, 2018 8:06:45 PM net.sf.freecol.common.FreeColSeed getFreeColSeed
INFO: Using seed: -5812349661015221420
May 16, 2018 8:06:45 PM net.sf.freecol.server.networking.Server sendToAll
INFO: Reap dead connection: [DummyConnection Server connection - model.nation.arawak]
May 16, 2018 8:06:45 PM net.sf.freecol.server.networking.Server sendToAll
INFO: Reap dead connection: [DummyConnection Server connection - model.nation.tupi]
May 16, 2018 8:06:45 PM net.sf.freecol.server.networking.Server sendToAll
INFO: Reap dead connection: [DummyConnection Server connection - model.nation.english]
May 16, 2018 8:06:45 PM net.sf.freecol.server.networking.Server sendToAll
INFO: Reap dead connection: [DummyConnection Server connection - model.nation.french]
May 16, 2018 8:06:45 PM net.sf.freecol.server.networking.Server sendToAll
INFO: Reap dead connection: [DummyConnection Server connection - model.nation.apache]
May 16, 2018 8:06:45 PM net.sf.freecol.server.networking.Server sendToAll
INFO: Reap dead connection: [DummyConnection Server connection - model.nation.sioux]
May 16, 2018 8:06:45 PM net.sf.freecol.server.networking.Server sendToAll
INFO: Reap dead connection: [DummyConnection Server connection - model.nation.aztec]
May 16, 2018 8:06:45 PM net.sf.freecol.server.networking.Server sendToAll
INFO: Reap dead connection: [DummyConnection Server connection - model.nation.spanish]
May 16, 2018 8:06:45 PM net.sf.freecol.server.networking.Server sendToAll
INFO: Reap dead connection: [DummyConnection Server connection - model.nation.dutch]
May 16, 2018 8:06:45 PM net.sf.freecol.server.networking.Server sendToAll
INFO: Reap dead connection: [DummyConnection Server connection - model.nation.inca]
May 16, 2018 8:06:45 PM net.sf.freecol.server.networking.Server sendToAll
INFO: Reap dead connection: [DummyConnection Server connection - model.nation.cherokee]
May 16, 2018 8:06:45 PM net.sf.freecol.server.networking.Server sendToAll
INFO: Reap dead connection: [DummyConnection Server connection - model.nation.iroquois]
May 16, 2018 8:06:45 PM net.sf.freecol.common.model.Specification applyDifficultyLevel
INFO: Applying difficulty level model.difficulty.medium
May 16, 2018 8:06:45 PM net.sf.freecol.common.FreeColSeed getFreeColSeed
INFO: Using seed: -8105254072834820635
May 16, 2018 8:06:45 PM net.sf.freecol.server.networking.Server sendToAll
INFO: Reap dead connection: [DummyConnection Server connection - model.nation.dutch]
May 16, 2018 8:06:45 PM net.sf.freecol.server.networking.Server sendToAll
INFO: Reap dead connection: [DummyConnection Server connection - model.nation.inca]
May 16, 2018 8:06:45 PM net.sf.freecol.server.networking.Server sendToAll
INFO: Reap dead connection: [DummyConnection Server connection - model.nation.apache]
May 16, 2018 8:06:45 PM net.sf.freecol.server.networking.Server sendToAll
INFO: Reap dead connection: [DummyConnection Server connection - model.nation.french]
May 16, 2018 8:06:45 PM net.sf.freecol.server.networking.Server sendToAll
INFO: Reap dead connection: [DummyConnection Server connection - model.nation.arawak]
May 16, 2018 8:06:45 PM net.sf.freecol.server.networking.Server sendToAll
INFO: Reap dead connection: [DummyConnection Server connection - model.nation.cherokee]
May 16, 2018 8:06:45 PM net.sf.freecol.server.networking.Server sendToAll
INFO: Reap dead connection: [DummyConnection Server connection - model.nation.aztec]
May 16, 2018 8:06:45 PM net.sf.freecol.server.networking.Server sendToAll
INFO: Reap dead connection: [DummyConnection Server connection - model.nation.tupi]
May 16, 2018 8:06:45 PM net.sf.freecol.server.networking.Server sendToAll
INFO: Reap dead connection: [DummyConnection Server connection - model.nation.spanish]
May 16, 2018 8:06:45 PM net.sf.freecol.server.networking.Server sendToAll
INFO: Reap dead connection: [DummyConnection Server connection - model.nation.sioux]
May 16, 2018 8:06:45 PM net.sf.freecol.server.networking.Server sendToAll
INFO: Reap dead connection: [DummyConnection Server connection - model.nation.english]
May 16, 2018 8:06:45 PM net.sf.freecol.server.networking.Server sendToAll
INFO: Reap dead connection: [DummyConnection Server connection - model.nation.iroquois]
May 16, 2018 8:06:45 PM net.sf.freecol.common.model.Specification applyDifficultyLevel
INFO: Applying difficulty level model.difficulty.medium
May 16, 2018 8:06:45 PM net.sf.freecol.common.FreeColSeed getFreeColSeed
INFO: Using seed: -1918311226447182284
May 16, 2018 8:06:45 PM net.sf.freecol.server.networking.Server sendToAll
INFO: Reap dead connection: [DummyConnection Server connection - model.nation.english]
May 16, 2018 8:06:45 PM net.sf.freecol.server.networking.Server sendToAll
INFO: Reap dead connection: [DummyConnection Server connection - model.nation.sioux]
May 16, 2018 8:06:45 PM net.sf.freecol.server.networking.Server sendToAll
INFO: Reap dead connection: [DummyConnection Server connection - model.nation.arawak]
May 16, 2018 8:06:45 PM net.sf.freecol.server.networking.Server sendToAll
INFO: Reap dead connection: [DummyConnection Server connection - model.nation.aztec]
May 16, 2018 8:06:45 PM net.sf.freecol.server.networking.Server sendToAll
INFO: Reap dead connection: [DummyConnection Server connection - model.nation.tupi]
May 16, 2018 8:06:45 PM net.sf.freecol.server.networking.Server sendToAll
INFO: Reap dead connection: [DummyConnection Server connection - model.nation.iroquois]
May 16, 2018 8:06:45 PM net.sf.freecol.server.networking.Server sendToAll
INFO: Reap dead connection: [DummyConnection Server connection - model.nation.french]
May 16, 2018 8:06:45 PM net.sf.freecol.server.networking.Server sendToAll
INFO: Reap dead connection: [DummyConnection Server connection - model.nation.inca]
May 16, 2018 8:06:45 PM net.sf.freecol.server.networking.Server sendToAll
INFO: Reap dead connection: [DummyConnection Server connection - model.nation.dutch]
May 16, 2018 8:06:45 PM net.sf.freecol.server.networking.Server sendToAll
INFO: Reap dead connection: [DummyConnection Server connection - model.nation.spanish]
May 16, 2018 8:06:45 PM net.sf.freecol.server.networking.Server sendToAll
INFO: Reap dead connection: [DummyConnection Server connection - model.nation.apache]
May 16, 2018 8:06:45 PM net.sf.freecol.server.networking.Server sendToAll
INFO: Reap dead connection: [DummyConnection Server connection - model.nation.cherokee]
May 16, 2018 8:06:45 PM net.sf.freecol.common.model.Specification applyDifficultyLevel
INFO: Applying difficulty level model.difficulty.medium
May 16, 2018 8:06:45 PM net.sf.freecol.common.FreeColSeed getFreeColSeed
INFO: Using seed: 4093858720534882324
May 16, 2018 8:06:45 PM net.sf.freecol.server.networking.Server sendToAll
INFO: Reap dead connection: [DummyConnection Server connection - model.nation.sioux]
May 16, 2018 8:06:45 PM net.sf.freecol.server.networking.Server sendToAll
INFO: Reap dead connection: [DummyConnection Server connection - model.nation.cherokee]
May 16, 2018 8:06:45 PM net.sf.freecol.server.networking.Server sendToAll
INFO: Reap dead connection: [DummyConnection Server connection - model.nation.french]
May 16, 2018 8:06:45 PM net.sf.freecol.server.networking.Server sendToAll
INFO: Reap dead connection: [DummyConnection Server connection - model.nation.apache]
May 16, 2018 8:06:45 PM net.sf.freecol.server.networking.Server sendToAll
INFO: Reap dead connection: [DummyConnection Server connection - model.nation.tupi]
May 16, 2018 8:06:45 PM net.sf.freecol.server.networking.Server sendToAll
INFO: Reap dead connection: [DummyConnection Server connection - model.nation.english]
May 16, 2018 8:06:45 PM net.sf.freecol.server.networking.Server sendToAll
INFO: Reap dead connection: [DummyConnection Server connection - model.nation.dutch]
May 16, 2018 8:06:45 PM net.sf.freecol.server.networking.Server sendToAll
INFO: Reap dead connection: [DummyConnection Server connection - model.nation.iroquois]
May 16, 2018 8:06:45 PM net.sf.freecol.server.networking.Server sendToAll
INFO: Reap dead connection: [DummyConnection Server connection - model.nation.aztec]
May 16, 2018 8:06:45 PM net.sf.freecol.server.networking.Server sendToAll
INFO: Reap dead connection: [DummyConnection Server connection - model.nation.arawak]
May 16, 2018 8:06:45 PM net.sf.freecol.server.networking.Server sendToAll
INFO: Reap dead connection: [DummyConnection Server connection - model.nation.inca]
May 16, 2018 8:06:45 PM net.sf.freecol.server.networking.Server sendToAll
INFO: Reap dead connection: [DummyConnection Server connection - model.nation.spanish]
May 16, 2018 8:06:45 PM net.sf.freecol.common.model.Specification applyDifficultyLevel
INFO: Applying difficulty level model.difficulty.medium
May 16, 2018 8:06:45 PM net.sf.freecol.common.FreeColSeed getFreeColSeed
INFO: Using seed: 2417981703609121741
May 16, 2018 8:06:45 PM net.sf.freecol.server.networking.Server sendToAll
INFO: Reap dead connection: [DummyConnection Server connection - model.nation.tupi]
May 16, 2018 8:06:45 PM net.sf.freecol.server.networking.Server sendToAll
INFO: Reap dead connection: [DummyConnection Server connection - model.nation.inca]
May 16, 2018 8:06:45 PM net.sf.freecol.server.networking.Server sendToAll
INFO: Reap dead connection: [DummyConnection Server connection - model.nation.french]
May 16, 2018 8:06:45 PM net.sf.freecol.server.networking.Server sendToAll
INFO: Reap dead connection: [DummyConnection Server connection - model.nation.iroquois]
May 16, 2018 8:06:45 PM net.sf.freecol.server.networking.Server sendToAll
INFO: Reap dead connection: [DummyConnection Server connection - model.nation.aztec]
May 16, 2018 8:06:45 PM net.sf.freecol.server.networking.Server sendToAll
INFO: Reap dead connection: [DummyConnection Server connection - model.nation.cherokee]
May 16, 2018 8:06:45 PM net.sf.freecol.server.networking.Server sendToAll
INFO: Reap dead connection: [DummyConnection Server connection - model.nation.dutch]
May 16, 2018 8:06:45 PM net.sf.freecol.server.networking.Server sendToAll
INFO: Reap dead connection: [DummyConnection Server connection - model.nation.sioux]
May 16, 2018 8:06:45 PM net.sf.freecol.server.networking.Server sendToAll
INFO: Reap dead connection: [DummyConnection Server connection - model.nation.apache]
May 16, 2018 8:06:45 PM net.sf.freecol.server.networking.Server sendToAll
INFO: Reap dead connection: [DummyConnection Server connection - model.nation.english]
May 16, 2018 8:06:45 PM net.sf.freecol.server.networking.Server sendToAll
INFO: Reap dead connection: [DummyConnection Server connection - model.nation.spanish]
May 16, 2018 8:06:45 PM net.sf.freecol.server.networking.Server sendToAll
INFO: Reap dead connection: [DummyConnection Server connection - model.nation.arawak]
May 16, 2018 8:06:45 PM net.sf.freecol.common.model.Specification applyDifficultyLevel
INFO: Applying difficulty level model.difficulty.medium
May 16, 2018 8:06:45 PM net.sf.freecol.common.FreeColSeed getFreeColSeed
INFO: Using seed: 5482753169714522256
May 16, 2018 8:06:45 PM net.sf.freecol.server.networking.Server sendToAll
INFO: Reap dead connection: [DummyConnection Server connection - model.nation.arawak]
May 16, 2018 8:06:45 PM net.sf.freecol.server.networking.Server sendToAll
INFO: Reap dead connection: [DummyConnection Server connection - model.nation.apache]
May 16, 2018 8:06:45 PM net.sf.freecol.server.networking.Server sendToAll
INFO: Reap dead connection: [DummyConnection Server connection - model.nation.spanish]
May 16, 2018 8:06:45 PM net.sf.freecol.server.networking.Server sendToAll
INFO: Reap dead connection: [DummyConnection Server connection - model.nation.english]
May 16, 2018 8:06:45 PM net.sf.freecol.server.networking.Server sendToAll
INFO: Reap dead connection: [DummyConnection Server connection - model.nation.dutch]
May 16, 2018 8:06:45 PM net.sf.freecol.server.networking.Server sendToAll
INFO: Reap dead connection: [DummyConnection Server connection - model.nation.tupi]
May 16, 2018 8:06:45 PM net.sf.freecol.server.networking.Server sendToAll
INFO: Reap dead connection: [DummyConnection Server connection - model.nation.sioux]
May 16, 2018 8:06:45 PM net.sf.freecol.server.networking.Server sendToAll
INFO: Reap dead connection: [DummyConnection Server connection - model.nation.inca]
May 16, 2018 8:06:45 PM net.sf.freecol.server.networking.Server sendToAll
INFO: Reap dead connection: [DummyConnection Server connection - model.nation.iroquois]
May 16, 2018 8:06:45 PM net.sf.freecol.server.networking.Server sendToAll
INFO: Reap dead connection: [DummyConnection Server connection - model.nation.aztec]
May 16, 2018 8:06:45 PM net.sf.freecol.server.networking.Server sendToAll
INFO: Reap dead connection: [DummyConnection Server connection - model.nation.french]
May 16, 2018 8:06:45 PM net.sf.freecol.server.networking.Server sendToAll
INFO: Reap dead connection: [DummyConnection Server connection - model.nation.cherokee]
May 16, 2018 8:06:45 PM net.sf.freecol.common.model.Specification applyDifficultyLevel
INFO: Applying difficulty level model.difficulty.medium
May 16, 2018 8:06:45 PM net.sf.freecol.common.FreeColSeed getFreeColSeed
INFO: Using seed: 4035930564271488195
May 16, 2018 8:06:45 PM net.sf.freecol.server.networking.Server sendToAll
INFO: Reap dead connection: [DummyConnection Server connection - model.nation.iroquois]
May 16, 2018 8:06:45 PM net.sf.freecol.server.networking.Server sendToAll
INFO: Reap dead connection: [DummyConnection Server connection - model.nation.inca]
May 16, 2018 8:06:45 PM net.sf.freecol.server.networking.Server sendToAll
INFO: Reap dead connection: [DummyConnection Server connection - model.nation.sioux]
May 16, 2018 8:06:45 PM net.sf.freecol.server.networking.Server sendToAll
INFO: Reap dead connection: [DummyConnection Server connection - model.nation.cherokee]
May 16, 2018 8:06:45 PM net.sf.freecol.server.networking.Server sendToAll
INFO: Reap dead connection: [DummyConnection Server connection - model.nation.arawak]
May 16, 2018 8:06:45 PM net.sf.freecol.server.networking.Server sendToAll
INFO: Reap dead connection: [DummyConnection Server connection - model.nation.apache]
May 16, 2018 8:06:45 PM net.sf.freecol.server.networking.Server sendToAll
INFO: Reap dead connection: [DummyConnection Server connection - model.nation.spanish]
May 16, 2018 8:06:45 PM net.sf.freecol.server.networking.Server sendToAll
INFO: Reap dead connection: [DummyConnection Server connection - model.nation.french]
May 16, 2018 8:06:45 PM net.sf.freecol.server.networking.Server sendToAll
INFO: Reap dead connection: [DummyConnection Server connection - model.nation.english]
May 16, 2018 8:06:45 PM net.sf.freecol.server.networking.Server sendToAll
INFO: Reap dead connection: [DummyConnection Server connection - model.nation.tupi]
May 16, 2018 8:06:45 PM net.sf.freecol.server.networking.Server sendToAll
INFO: Reap dead connection: [DummyConnection Server connection - model.nation.dutch]
May 16, 2018 8:06:45 PM net.sf.freecol.server.networking.Server sendToAll
INFO: Reap dead connection: [DummyConnection Server connection - model.nation.aztec]
May 16, 2018 8:06:45 PM net.sf.freecol.common.model.Specification applyDifficultyLevel
INFO: Applying difficulty level model.difficulty.medium
May 16, 2018 8:06:45 PM net.sf.freecol.common.FreeColSeed getFreeColSeed
INFO: Using seed: 6554837182119077045
May 16, 2018 8:06:45 PM net.sf.freecol.server.networking.Server sendToAll
INFO: Reap dead connection: [DummyConnection Server connection - model.nation.iroquois]
May 16, 2018 8:06:45 PM net.sf.freecol.server.networking.Server sendToAll
INFO: Reap dead connection: [DummyConnection Server connection - model.nation.inca]
May 16, 2018 8:06:45 PM net.sf.freecol.server.networking.Server sendToAll
INFO: Reap dead connection: [DummyConnection Server connection - model.nation.aztec]
May 16, 2018 8:06:45 PM net.sf.freecol.server.networking.Server sendToAll
INFO: Reap dead connection: [DummyConnection Server connection - model.nation.english]
May 16, 2018 8:06:45 PM net.sf.freecol.server.networking.Server sendToAll
INFO: Reap dead connection: [DummyConnection Server connection - model.nation.sioux]
May 16, 2018 8:06:45 PM net.sf.freecol.server.networking.Server sendToAll
INFO: Reap dead connection: [DummyConnection Server connection - model.nation.french]
May 16, 2018 8:06:45 PM net.sf.freecol.server.networking.Server sendToAll
INFO: Reap dead connection: [DummyConnection Server connection - model.nation.dutch]
May 16, 2018 8:06:45 PM net.sf.freecol.server.networking.Server sendToAll
INFO: Reap dead connection: [DummyConnection Server connection - model.nation.spanish]
May 16, 2018 8:06:45 PM net.sf.freecol.server.networking.Server sendToAll
INFO: Reap dead connection: [DummyConnection Server connection - model.nation.cherokee]
May 16, 2018 8:06:45 PM net.sf.freecol.server.networking.Server sendToAll
INFO: Reap dead connection: [DummyConnection Server connection - model.nation.tupi]
May 16, 2018 8:06:45 PM net.sf.freecol.server.networking.Server sendToAll
INFO: Reap dead connection: [DummyConnection Server connection - model.nation.arawak]
May 16, 2018 8:06:45 PM net.sf.freecol.server.networking.Server sendToAll
INFO: Reap dead connection: [DummyConnection Server connection - model.nation.apache]
May 16, 2018 8:06:45 PM net.sf.freecol.common.model.Specification applyDifficultyLevel
INFO: Applying difficulty level model.difficulty.medium
May 16, 2018 8:06:45 PM net.sf.freecol.common.FreeColSeed getFreeColSeed
INFO: Using seed: -4251791399792345632
May 16, 2018 8:06:45 PM net.sf.freecol.server.networking.Server sendToAll
INFO: Reap dead connection: [DummyConnection Server connection - model.nation.inca]
May 16, 2018 8:06:45 PM net.sf.freecol.server.networking.Server sendToAll
INFO: Reap dead connection: [DummyConnection Server connection - model.nation.aztec]
May 16, 2018 8:06:45 PM net.sf.freecol.server.networking.Server sendToAll
INFO: Reap dead connection: [DummyConnection Server connection - model.nation.tupi]
May 16, 2018 8:06:45 PM net.sf.freecol.server.networking.Server sendToAll
INFO: Reap dead connection: [DummyConnection Server connection - model.nation.dutch]
May 16, 2018 8:06:45 PM net.sf.freecol.server.networking.Server sendToAll
INFO: Reap dead connection: [DummyConnection Server connection - model.nation.iroquois]
May 16, 2018 8:06:45 PM net.sf.freecol.server.networking.Server sendToAll
INFO: Reap dead connection: [DummyConnection Server connection - model.nation.spanish]
May 16, 2018 8:06:45 PM net.sf.freecol.server.networking.Server sendToAll
INFO: Reap dead connection: [DummyConnection Server connection - model.nation.apache]
May 16, 2018 8:06:45 PM net.sf.freecol.server.networking.Server sendToAll
INFO: Reap dead connection: [DummyConnection Server connection - model.nation.cherokee]
May 16, 2018 8:06:45 PM net.sf.freecol.server.networking.Server sendToAll
INFO: Reap dead connection: [DummyConnection Server connection - model.nation.sioux]
May 16, 2018 8:06:45 PM net.sf.freecol.server.networking.Server sendToAll
INFO: Reap dead connection: [DummyConnection Server connection - model.nation.french]
May 16, 2018 8:06:45 PM net.sf.freecol.server.networking.Server sendToAll
INFO: Reap dead connection: [DummyConnection Server connection - model.nation.arawak]
May 16, 2018 8:06:45 PM net.sf.freecol.server.networking.Server sendToAll
INFO: Reap dead connection: [DummyConnection Server connection - model.nation.english]
May 16, 2018 8:06:45 PM net.sf.freecol.common.model.Specification applyDifficultyLevel
INFO: Applying difficulty level model.difficulty.medium
May 16, 2018 8:06:45 PM net.sf.freecol.common.FreeColSeed getFreeColSeed
INFO: Using seed: -8904488433181176071
May 16, 2018 8:06:45 PM net.sf.freecol.server.networking.Server sendToAll
INFO: Reap dead connection: [DummyConnection Server connection - model.nation.apache]
May 16, 2018 8:06:45 PM net.sf.freecol.server.networking.Server sendToAll
INFO: Reap dead connection: [DummyConnection Server connection - model.nation.cherokee]
May 16, 2018 8:06:45 PM net.sf.freecol.server.networking.Server sendToAll
INFO: Reap dead connection: [DummyConnection Server connection - model.nation.tupi]
May 16, 2018 8:06:45 PM net.sf.freecol.server.networking.Server sendToAll
INFO: Reap dead connection: [DummyConnection Server connection - model.nation.spanish]
May 16, 2018 8:06:45 PM net.sf.freecol.server.networking.Server sendToAll
INFO: Reap dead connection: [DummyConnection Server connection - model.nation.aztec]
May 16, 2018 8:06:45 PM net.sf.freecol.server.networking.Server sendToAll
INFO: Reap dead connection: [DummyConnection Server connection - model.nation.english]
May 16, 2018 8:06:45 PM net.sf.freecol.server.networking.Server sendToAll
INFO: Reap dead connection: [DummyConnection Server connection - model.nation.inca]
May 16, 2018 8:06:45 PM net.sf.freecol.server.networking.Server sendToAll
INFO: Reap dead connection: [DummyConnection Server connection - model.nation.arawak]
May 16, 2018 8:06:45 PM net.sf.freecol.server.networking.Server sendToAll
INFO: Reap dead connection: [DummyConnection Server connection - model.nation.sioux]
May 16, 2018 8:06:45 PM net.sf.freecol.server.networking.Server sendToAll
INFO: Reap dead connection: [DummyConnection Server connection - model.nation.dutch]
May 16, 2018 8:06:45 PM net.sf.freecol.server.networking.Server sendToAll
INFO: Reap dead connection: [DummyConnection Server connection - model.nation.french]
May 16, 2018 8:06:45 PM net.sf.freecol.server.networking.Server sendToAll
INFO: Reap dead connection: [DummyConnection Server connection - model.nation.iroquois]
May 16, 2018 8:06:45 PM net.sf.freecol.common.model.Specification applyDifficultyLevel
INFO: Applying difficulty level model.difficulty.medium
May 16, 2018 8:06:45 PM net.sf.freecol.common.FreeColSeed getFreeColSeed
INFO: Using seed: -6205909001081141623
May 16, 2018 8:06:45 PM net.sf.freecol.server.networking.Server sendToAll
INFO: Reap dead connection: [DummyConnection Server connection - model.nation.aztec]
May 16, 2018 8:06:45 PM net.sf.freecol.server.networking.Server sendToAll
INFO: Reap dead connection: [DummyConnection Server connection - model.nation.french]
May 16, 2018 8:06:45 PM net.sf.freecol.server.networking.Server sendToAll
INFO: Reap dead connection: [DummyConnection Server connection - model.nation.spanish]
May 16, 2018 8:06:45 PM net.sf.freecol.server.networking.Server sendToAll
INFO: Reap dead connection: [DummyConnection Server connection - model.nation.sioux]
May 16, 2018 8:06:45 PM net.sf.freecol.server.networking.Server sendToAll
INFO: Reap dead connection: [DummyConnection Server connection - model.nation.cherokee]
May 16, 2018 8:06:45 PM net.sf.freecol.server.networking.Server sendToAll
INFO: Reap dead connection: [DummyConnection Server connection - model.nation.inca]
May 16, 2018 8:06:45 PM net.sf.freecol.server.networking.Server sendToAll
INFO: Reap dead connection: [DummyConnection Server connection - model.nation.arawak]
May 16, 2018 8:06:45 PM net.sf.freecol.server.networking.Server sendToAll
INFO: Reap dead connection: [DummyConnection Server connection - model.nation.dutch]
May 16, 2018 8:06:45 PM net.sf.freecol.server.networking.Server sendToAll
INFO: Reap dead connection: [DummyConnection Server connection - model.nation.apache]
May 16, 2018 8:06:45 PM net.sf.freecol.server.networking.Server sendToAll
INFO: Reap dead connection: [DummyConnection Server connection - model.nation.tupi]
May 16, 2018 8:06:45 PM net.sf.freecol.server.networking.Server sendToAll
INFO: Reap dead connection: [DummyConnection Server connection - model.nation.iroquois]
May 16, 2018 8:06:45 PM net.sf.freecol.server.networking.Server sendToAll
INFO: Reap dead connection: [DummyConnection Server connection - model.nation.english]
May 16, 2018 8:06:45 PM net.sf.freecol.common.model.Specification applyDifficultyLevel
INFO: Applying difficulty level model.difficulty.medium
May 16, 2018 8:06:45 PM net.sf.freecol.common.FreeColSeed getFreeColSeed
INFO: Using seed: -1876621391163411972
May 16, 2018 8:06:45 PM net.sf.freecol.server.networking.Server sendToAll
INFO: Reap dead connection: [DummyConnection Server connection - model.nation.cherokee]
May 16, 2018 8:06:45 PM net.sf.freecol.server.networking.Server sendToAll
INFO: Reap dead connection: [DummyConnection Server connection - model.nation.french]
May 16, 2018 8:06:45 PM net.sf.freecol.server.networking.Server sendToAll
INFO: Reap dead connection: [DummyConnection Server connection - model.nation.sioux]
May 16, 2018 8:06:45 PM net.sf.freecol.server.networking.Server sendToAll
INFO: Reap dead connection: [DummyConnection Server connection - model.nation.dutch]
May 16, 2018 8:06:45 PM net.sf.freecol.server.networking.Server sendToAll
INFO: Reap dead connection: [DummyConnection Server connection - model.nation.aztec]
May 16, 2018 8:06:45 PM net.sf.freecol.server.networking.Server sendToAll
INFO: Reap dead connection: [DummyConnection Server connection - model.nation.arawak]
May 16, 2018 8:06:45 PM net.sf.freecol.server.networking.Server sendToAll
INFO: Reap dead connection: [DummyConnection Server connection - model.nation.iroquois]
May 16, 2018 8:06:45 PM net.sf.freecol.server.networking.Server sendToAll
INFO: Reap dead connection: [DummyConnection Server connection - model.nation.english]
May 16, 2018 8:06:45 PM net.sf.freecol.server.networking.Server sendToAll
INFO: Reap dead connection: [DummyConnection Server connection - model.nation.apache]
May 16, 2018 8:06:45 PM net.sf.freecol.server.networking.Server sendToAll
INFO: Reap dead connection: [DummyConnection Server connection - model.nation.spanish]
May 16, 2018 8:06:45 PM net.sf.freecol.server.networking.Server sendToAll
INFO: Reap dead connection: [DummyConnection Server connection - model.nation.inca]
May 16, 2018 8:06:45 PM net.sf.freecol.server.networking.Server sendToAll
INFO: Reap dead connection: [DummyConnection Server connection - model.nation.tupi]
May 16, 2018 8:06:45 PM net.sf.freecol.common.model.Specification applyDifficultyLevel
INFO: Applying difficulty level model.difficulty.medium
May 16, 2018 8:06:45 PM net.sf.freecol.common.FreeColSeed getFreeColSeed
INFO: Using seed: 1945507052183848132
May 16, 2018 8:06:46 PM net.sf.freecol.server.networking.Server sendToAll
INFO: Reap dead connection: [DummyConnection Server connection - model.nation.tupi]
May 16, 2018 8:06:46 PM net.sf.freecol.server.networking.Server sendToAll
INFO: Reap dead connection: [DummyConnection Server connection - model.nation.inca]
May 16, 2018 8:06:46 PM net.sf.freecol.server.networking.Server sendToAll
INFO: Reap dead connection: [DummyConnection Server connection - model.nation.aztec]
May 16, 2018 8:06:46 PM net.sf.freecol.server.networking.Server sendToAll
INFO: Reap dead connection: [DummyConnection Server connection - model.nation.cherokee]
May 16, 2018 8:06:46 PM net.sf.freecol.server.networking.Server sendToAll
INFO: Reap dead connection: [DummyConnection Server connection - model.nation.sioux]
May 16, 2018 8:06:46 PM net.sf.freecol.server.networking.Server sendToAll
INFO: Reap dead connection: [DummyConnection Server connection - model.nation.arawak]
May 16, 2018 8:06:46 PM net.sf.freecol.server.networking.Server sendToAll
INFO: Reap dead connection: [DummyConnection Server connection - model.nation.french]
May 16, 2018 8:06:46 PM net.sf.freecol.server.networking.Server sendToAll
INFO: Reap dead connection: [DummyConnection Server connection - model.nation.apache]
May 16, 2018 8:06:46 PM net.sf.freecol.server.networking.Server sendToAll
INFO: Reap dead connection: [DummyConnection Server connection - model.nation.dutch]
May 16, 2018 8:06:46 PM net.sf.freecol.server.networking.Server sendToAll
INFO: Reap dead connection: [DummyConnection Server connection - model.nation.english]
May 16, 2018 8:06:46 PM net.sf.freecol.server.networking.Server sendToAll
INFO: Reap dead connection: [DummyConnection Server connection - model.nation.iroquois]
May 16, 2018 8:06:46 PM net.sf.freecol.server.networking.Server sendToAll
INFO: Reap dead connection: [DummyConnection Server connection - model.nation.spanish]
May 16, 2018 8:06:46 PM net.sf.freecol.common.model.Specification applyDifficultyLevel
INFO: Applying difficulty level model.difficulty.medium
May 16, 2018 8:06:46 PM net.sf.freecol.common.FreeColSeed getFreeColSeed
INFO: Using seed: 7807453695371235595
May 16, 2018 8:06:46 PM net.sf.freecol.server.networking.Server sendToAll
INFO: Reap dead connection: [DummyConnection Server connection - model.nation.iroquois]
May 16, 2018 8:06:46 PM net.sf.freecol.server.networking.Server sendToAll
INFO: Reap dead connection: [DummyConnection Server connection - model.nation.dutch]
May 16, 2018 8:06:46 PM net.sf.freecol.server.networking.Server sendToAll
INFO: Reap dead connection: [DummyConnection Server connection - model.nation.apache]
May 16, 2018 8:06:46 PM net.sf.freecol.server.networking.Server sendToAll
INFO: Reap dead connection: [DummyConnection Server connection - model.nation.cherokee]
May 16, 2018 8:06:46 PM net.sf.freecol.server.networking.Server sendToAll
INFO: Reap dead connection: [DummyConnection Server connection - model.nation.english]
May 16, 2018 8:06:46 PM net.sf.freecol.server.networking.Server sendToAll
INFO: Reap dead connection: [DummyConnection Server connection - model.nation.tupi]
May 16, 2018 8:06:46 PM net.sf.freecol.server.networking.Server sendToAll
INFO: Reap dead connection: [DummyConnection Server connection - model.nation.sioux]
May 16, 2018 8:06:46 PM net.sf.freecol.server.networking.Server sendToAll
INFO: Reap dead connection: [DummyConnection Server connection - model.nation.aztec]
May 16, 2018 8:06:46 PM net.sf.freecol.server.networking.Server sendToAll
INFO: Reap dead connection: [DummyConnection Server connection - model.nation.french]
May 16, 2018 8:06:46 PM net.sf.freecol.server.networking.Server sendToAll
INFO: Reap dead connection: [DummyConnection Server connection - model.nation.inca]
May 16, 2018 8:06:46 PM net.sf.freecol.server.networking.Server sendToAll
INFO: Reap dead connection: [DummyConnection Server connection - model.nation.spanish]
May 16, 2018 8:06:46 PM net.sf.freecol.server.networking.Server sendToAll
INFO: Reap dead connection: [DummyConnection Server connection - model.nation.arawak]
May 16, 2018 8:06:46 PM net.sf.freecol.common.model.Specification applyDifficultyLevel
INFO: Applying difficulty level model.difficulty.medium
May 16, 2018 8:06:46 PM net.sf.freecol.common.FreeColSeed getFreeColSeed
INFO: Using seed: 4979418590559744266
May 16, 2018 8:06:46 PM net.sf.freecol.server.networking.Server sendToAll
INFO: Reap dead connection: [DummyConnection Server connection - model.nation.french]
May 16, 2018 8:06:46 PM net.sf.freecol.server.networking.Server sendToAll
INFO: Reap dead connection: [DummyConnection Server connection - model.nation.arawak]
May 16, 2018 8:06:46 PM net.sf.freecol.server.networking.Server sendToAll
INFO: Reap dead connection: [DummyConnection Server connection - model.nation.tupi]
May 16, 2018 8:06:46 PM net.sf.freecol.server.networking.Server sendToAll
INFO: Reap dead connection: [DummyConnection Server connection - model.nation.inca]
May 16, 2018 8:06:46 PM net.sf.freecol.server.networking.Server sendToAll
INFO: Reap dead connection: [DummyConnection Server connection - model.nation.iroquois]
May 16, 2018 8:06:46 PM net.sf.freecol.server.networking.Server sendToAll
INFO: Reap dead connection: [DummyConnection Server connection - model.nation.aztec]
May 16, 2018 8:06:46 PM net.sf.freecol.server.networking.Server sendToAll
INFO: Reap dead connection: [DummyConnection Server connection - model.nation.dutch]
May 16, 2018 8:06:46 PM net.sf.freecol.server.networking.Server sendToAll
INFO: Reap dead connection: [DummyConnection Server connection - model.nation.english]
May 16, 2018 8:06:46 PM net.sf.freecol.server.networking.Server sendToAll
INFO: Reap dead connection: [DummyConnection Server connection - model.nation.sioux]
May 16, 2018 8:06:46 PM net.sf.freecol.server.networking.Server sendToAll
INFO: Reap dead connection: [DummyConnection Server connection - model.nation.spanish]
May 16, 2018 8:06:46 PM net.sf.freecol.server.networking.Server sendToAll
INFO: Reap dead connection: [DummyConnection Server connection - model.nation.apache]
May 16, 2018 8:06:46 PM net.sf.freecol.server.networking.Server sendToAll
INFO: Reap dead connection: [DummyConnection Server connection - model.nation.cherokee]
May 16, 2018 8:06:46 PM net.sf.freecol.common.model.Specification applyDifficultyLevel
INFO: Applying difficulty level model.difficulty.medium
May 16, 2018 8:06:46 PM net.sf.freecol.common.FreeColSeed getFreeColSeed
INFO: Using seed: -3047101792189195873
May 16, 2018 8:06:46 PM net.sf.freecol.server.networking.Server sendToAll
INFO: Reap dead connection: [DummyConnection Server connection - model.nation.english]
May 16, 2018 8:06:46 PM net.sf.freecol.server.networking.Server sendToAll
INFO: Reap dead connection: [DummyConnection Server connection - model.nation.spanish]
May 16, 2018 8:06:46 PM net.sf.freecol.server.networking.Server sendToAll
INFO: Reap dead connection: [DummyConnection Server connection - model.nation.aztec]
May 16, 2018 8:06:46 PM net.sf.freecol.server.networking.Server sendToAll
INFO: Reap dead connection: [DummyConnection Server connection - model.nation.dutch]
May 16, 2018 8:06:46 PM net.sf.freecol.server.networking.Server sendToAll
INFO: Reap dead connection: [DummyConnection Server connection - model.nation.cherokee]
May 16, 2018 8:06:46 PM net.sf.freecol.server.networking.Server sendToAll
INFO: Reap dead connection: [DummyConnection Server connection - model.nation.arawak]
May 16, 2018 8:06:46 PM net.sf.freecol.server.networking.Server sendToAll
INFO: Reap dead connection: [DummyConnection Server connection - model.nation.iroquois]
May 16, 2018 8:06:46 PM net.sf.freecol.server.networking.Server sendToAll
INFO: Reap dead connection: [DummyConnection Server connection - model.nation.sioux]
May 16, 2018 8:06:46 PM net.sf.freecol.server.networking.Server sendToAll
INFO: Reap dead connection: [DummyConnection Server connection - model.nation.inca]
May 16, 2018 8:06:46 PM net.sf.freecol.server.networking.Server sendToAll
INFO: Reap dead connection: [DummyConnection Server connection - model.nation.french]
May 16, 2018 8:06:46 PM net.sf.freecol.server.networking.Server sendToAll
INFO: Reap dead connection: [DummyConnection Server connection - model.nation.apache]
May 16, 2018 8:06:46 PM net.sf.freecol.server.networking.Server sendToAll
INFO: Reap dead connection: [DummyConnection Server connection - model.nation.tupi]
May 16, 2018 8:06:46 PM net.sf.freecol.common.model.Specification applyDifficultyLevel
INFO: Applying difficulty level model.difficulty.medium
May 16, 2018 8:06:46 PM net.sf.freecol.common.FreeColSeed getFreeColSeed
INFO: Using seed: -8839888124386365435
May 16, 2018 8:06:46 PM net.sf.freecol.server.networking.Server sendToAll
INFO: Reap dead connection: [DummyConnection Server connection - model.nation.english]
May 16, 2018 8:06:46 PM net.sf.freecol.server.networking.Server sendToAll
INFO: Reap dead connection: [DummyConnection Server connection - model.nation.sioux]
May 16, 2018 8:06:46 PM net.sf.freecol.server.networking.Server sendToAll
INFO: Reap dead connection: [DummyConnection Server connection - model.nation.iroquois]
May 16, 2018 8:06:46 PM net.sf.freecol.server.networking.Server sendToAll
INFO: Reap dead connection: [DummyConnection Server connection - model.nation.dutch]
May 16, 2018 8:06:46 PM net.sf.freecol.server.networking.Server sendToAll
INFO: Reap dead connection: [DummyConnection Server connection - model.nation.aztec]
May 16, 2018 8:06:46 PM net.sf.freecol.server.networking.Server sendToAll
INFO: Reap dead connection: [DummyConnection Server connection - model.nation.arawak]
May 16, 2018 8:06:46 PM net.sf.freecol.server.networking.Server sendToAll
INFO: Reap dead connection: [DummyConnection Server connection - model.nation.apache]
May 16, 2018 8:06:46 PM net.sf.freecol.server.networking.Server sendToAll
INFO: Reap dead connection: [DummyConnection Server connection - model.nation.spanish]
May 16, 2018 8:06:46 PM net.sf.freecol.server.networking.Server sendToAll
INFO: Reap dead connection: [DummyConnection Server connection - model.nation.tupi]
May 16, 2018 8:06:46 PM net.sf.freecol.server.networking.Server sendToAll
INFO: Reap dead connection: [DummyConnection Server connection - model.nation.french]
May 16, 2018 8:06:46 PM net.sf.freecol.server.networking.Server sendToAll
INFO: Reap dead connection: [DummyConnection Server connection - model.nation.inca]
May 16, 2018 8:06:46 PM net.sf.freecol.server.networking.Server sendToAll
INFO: Reap dead connection: [DummyConnection Server connection - model.nation.cherokee]
May 16, 2018 8:06:46 PM net.sf.freecol.common.util.LogBuilder log
INFO: Destroying: unit:272
May 16, 2018 8:06:46 PM net.sf.freecol.common.model.Specification applyDifficultyLevel
INFO: Applying difficulty level model.difficulty.medium
May 16, 2018 8:06:46 PM net.sf.freecol.common.FreeColSeed getFreeColSeed
INFO: Using seed: 1559499300806150317
May 16, 2018 8:06:46 PM net.sf.freecol.server.networking.Server sendToAll
INFO: Reap dead connection: [DummyConnection Server connection - model.nation.sioux]
May 16, 2018 8:06:46 PM net.sf.freecol.server.networking.Server sendToAll
INFO: Reap dead connection: [DummyConnection Server connection - model.nation.arawak]
May 16, 2018 8:06:46 PM net.sf.freecol.server.networking.Server sendToAll
INFO: Reap dead connection: [DummyConnection Server connection - model.nation.apache]
May 16, 2018 8:06:46 PM net.sf.freecol.server.networking.Server sendToAll
INFO: Reap dead connection: [DummyConnection Server connection - model.nation.inca]
May 16, 2018 8:06:46 PM net.sf.freecol.server.networking.Server sendToAll
INFO: Reap dead connection: [DummyConnection Server connection - model.nation.iroquois]
May 16, 2018 8:06:46 PM net.sf.freecol.server.networking.Server sendToAll
INFO: Reap dead connection: [DummyConnection Server connection - model.nation.english]
May 16, 2018 8:06:46 PM net.sf.freecol.server.networking.Server sendToAll
INFO: Reap dead connection: [DummyConnection Server connection - model.nation.dutch]
May 16, 2018 8:06:46 PM net.sf.freecol.server.networking.Server sendToAll
INFO: Reap dead connection: [DummyConnection Server connection - model.nation.french]
May 16, 2018 8:06:46 PM net.sf.freecol.server.networking.Server sendToAll
INFO: Reap dead connection: [DummyConnection Server connection - model.nation.cherokee]
May 16, 2018 8:06:46 PM net.sf.freecol.server.networking.Server sendToAll
INFO: Reap dead connection: [DummyConnection Server connection - model.nation.aztec]
May 16, 2018 8:06:46 PM net.sf.freecol.server.networking.Server sendToAll
INFO: Reap dead connection: [DummyConnection Server connection - model.nation.tupi]
May 16, 2018 8:06:46 PM net.sf.freecol.server.networking.Server sendToAll
INFO: Reap dead connection: [DummyConnection Server connection - model.nation.spanish]
May 16, 2018 8:06:46 PM net.sf.freecol.server.model.ServerColony csBuildBuilding
INFO: New building in New Amsterdam: warehouse
May 16, 2018 8:06:46 PM net.sf.freecol.common.model.Specification applyDifficultyLevel
INFO: Applying difficulty level model.difficulty.medium
May 16, 2018 8:06:46 PM net.sf.freecol.common.FreeColSeed getFreeColSeed
INFO: Using seed: 8743870428434136195
May 16, 2018 8:06:46 PM net.sf.freecol.server.networking.Server sendToAll
INFO: Reap dead connection: [DummyConnection Server connection - model.nation.apache]
May 16, 2018 8:06:46 PM net.sf.freecol.server.networking.Server sendToAll
INFO: Reap dead connection: [DummyConnection Server connection - model.nation.english]
May 16, 2018 8:06:46 PM net.sf.freecol.server.networking.Server sendToAll
INFO: Reap dead connection: [DummyConnection Server connection - model.nation.inca]
May 16, 2018 8:06:46 PM net.sf.freecol.server.networking.Server sendToAll
INFO: Reap dead connection: [DummyConnection Server connection - model.nation.tupi]
May 16, 2018 8:06:46 PM net.sf.freecol.server.networking.Server sendToAll
INFO: Reap dead connection: [DummyConnection Server connection - model.nation.dutch]
May 16, 2018 8:06:46 PM net.sf.freecol.server.networking.Server sendToAll
INFO: Reap dead connection: [DummyConnection Server connection - model.nation.spanish]
May 16, 2018 8:06:46 PM net.sf.freecol.server.networking.Server sendToAll
INFO: Reap dead connection: [DummyConnection Server connection - model.nation.sioux]
May 16, 2018 8:06:46 PM net.sf.freecol.server.networking.Server sendToAll
INFO: Reap dead connection: [DummyConnection Server connection - model.nation.arawak]
May 16, 2018 8:06:46 PM net.sf.freecol.server.networking.Server sendToAll
INFO: Reap dead connection: [DummyConnection Server connection - model.nation.aztec]
May 16, 2018 8:06:46 PM net.sf.freecol.server.networking.Server sendToAll
INFO: Reap dead connection: [DummyConnection Server connection - model.nation.french]
May 16, 2018 8:06:46 PM net.sf.freecol.server.networking.Server sendToAll
INFO: Reap dead connection: [DummyConnection Server connection - model.nation.cherokee]
May 16, 2018 8:06:46 PM net.sf.freecol.server.networking.Server sendToAll
INFO: Reap dead connection: [DummyConnection Server connection - model.nation.iroquois]
May 16, 2018 8:06:46 PM net.sf.freecol.server.model.ServerColony csBuildBuilding
INFO: New building in New Amsterdam: lumberMill
May 16, 2018 8:06:46 PM net.sf.freecol.common.model.Specification applyDifficultyLevel
INFO: Applying difficulty level model.difficulty.medium
May 16, 2018 8:06:46 PM net.sf.freecol.common.FreeColSeed getFreeColSeed
INFO: Using seed: 5265508686626752961
May 16, 2018 8:06:46 PM net.sf.freecol.server.networking.Server sendToAll
INFO: Reap dead connection: [DummyConnection Server connection - model.nation.cherokee]
May 16, 2018 8:06:46 PM net.sf.freecol.server.networking.Server sendToAll
INFO: Reap dead connection: [DummyConnection Server connection - model.nation.apache]
May 16, 2018 8:06:46 PM net.sf.freecol.server.networking.Server sendToAll
INFO: Reap dead connection: [DummyConnection Server connection - model.nation.french]
May 16, 2018 8:06:46 PM net.sf.freecol.server.networking.Server sendToAll
INFO: Reap dead connection: [DummyConnection Server connection - model.nation.arawak]
May 16, 2018 8:06:46 PM net.sf.freecol.server.networking.Server sendToAll
INFO: Reap dead connection: [DummyConnection Server connection - model.nation.inca]
May 16, 2018 8:06:46 PM net.sf.freecol.server.networking.Server sendToAll
INFO: Reap dead connection: [DummyConnection Server connection - model.nation.dutch]
May 16, 2018 8:06:46 PM net.sf.freecol.server.networking.Server sendToAll
INFO: Reap dead connection: [DummyConnection Server connection - model.nation.sioux]
May 16, 2018 8:06:46 PM net.sf.freecol.server.networking.Server sendToAll
INFO: Reap dead connection: [DummyConnection Server connection - model.nation.spanish]
May 16, 2018 8:06:46 PM net.sf.freecol.server.networking.Server sendToAll
INFO: Reap dead connection: [DummyConnection Server connection - model.nation.english]
May 16, 2018 8:06:46 PM net.sf.freecol.server.networking.Server sendToAll
INFO: Reap dead connection: [DummyConnection Server connection - model.nation.aztec]
May 16, 2018 8:06:46 PM net.sf.freecol.server.networking.Server sendToAll
INFO: Reap dead connection: [DummyConnection Server connection - model.nation.tupi]
May 16, 2018 8:06:46 PM net.sf.freecol.server.networking.Server sendToAll
INFO: Reap dead connection: [DummyConnection Server connection - model.nation.iroquois]
May 16, 2018 8:06:46 PM net.sf.freecol.server.model.ServerColony csBuildUnit
INFO: New unit in New Amsterdam: freeColonist
May 16, 2018 8:06:46 PM net.sf.freecol.common.model.Specification applyDifficultyLevel
INFO: Applying difficulty level model.difficulty.medium
May 16, 2018 8:06:46 PM net.sf.freecol.common.model.Specification applyDifficultyLevel
INFO: Applying difficulty level model.difficulty.medium
May 16, 2018 8:06:46 PM net.sf.freecol.common.FreeColSeed getFreeColSeed
INFO: Using seed: -8634143868189181580
May 16, 2018 8:06:46 PM net.sf.freecol.server.networking.Server sendToAll
INFO: Reap dead connection: [DummyConnection Server connection - model.nation.tupi]
May 16, 2018 8:06:46 PM net.sf.freecol.server.networking.Server sendToAll
INFO: Reap dead connection: [DummyConnection Server connection - model.nation.dutch]
May 16, 2018 8:06:46 PM net.sf.freecol.server.networking.Server sendToAll
INFO: Reap dead connection: [DummyConnection Server connection - model.nation.spanish]
May 16, 2018 8:06:46 PM net.sf.freecol.server.networking.Server sendToAll
INFO: Reap dead connection: [DummyConnection Server connection - model.nation.iroquois]
May 16, 2018 8:06:46 PM net.sf.freecol.server.networking.Server sendToAll
INFO: Reap dead connection: [DummyConnection Server connection - model.nation.arawak]
May 16, 2018 8:06:46 PM net.sf.freecol.server.networking.Server sendToAll
INFO: Reap dead connection: [DummyConnection Server connection - model.nation.aztec]
May 16, 2018 8:06:46 PM net.sf.freecol.server.networking.Server sendToAll
INFO: Reap dead connection: [DummyConnection Server connection - model.nation.english]
May 16, 2018 8:06:46 PM net.sf.freecol.server.networking.Server sendToAll
INFO: Reap dead connection: [DummyConnection Server connection - model.nation.apache]
May 16, 2018 8:06:46 PM net.sf.freecol.server.networking.Server sendToAll
INFO: Reap dead connection: [DummyConnection Server connection - model.nation.sioux]
May 16, 2018 8:06:46 PM net.sf.freecol.server.networking.Server sendToAll
INFO: Reap dead connection: [DummyConnection Server connection - model.nation.cherokee]
May 16, 2018 8:06:46 PM net.sf.freecol.server.networking.Server sendToAll
INFO: Reap dead connection: [DummyConnection Server connection - model.nation.french]
May 16, 2018 8:06:46 PM net.sf.freecol.server.networking.Server sendToAll
INFO: Reap dead connection: [DummyConnection Server connection - model.nation.inca]
May 16, 2018 8:06:46 PM net.sf.freecol.common.model.Specification applyDifficultyLevel
INFO: Applying difficulty level model.difficulty.medium
May 16, 2018 8:06:46 PM net.sf.freecol.common.FreeColSeed getFreeColSeed
INFO: Using seed: 2666150378001711901
May 16, 2018 8:06:46 PM net.sf.freecol.server.networking.Server sendToAll
INFO: Reap dead connection: [DummyConnection Server connection - model.nation.dutch]
May 16, 2018 8:06:46 PM net.sf.freecol.server.networking.Server sendToAll
INFO: Reap dead connection: [DummyConnection Server connection - model.nation.arawak]
May 16, 2018 8:06:46 PM net.sf.freecol.server.networking.Server sendToAll
INFO: Reap dead connection: [DummyConnection Server connection - model.nation.aztec]
May 16, 2018 8:06:46 PM net.sf.freecol.server.networking.Server sendToAll
INFO: Reap dead connection: [DummyConnection Server connection - model.nation.english]
May 16, 2018 8:06:46 PM net.sf.freecol.server.networking.Server sendToAll
INFO: Reap dead connection: [DummyConnection Server connection - model.nation.french]
May 16, 2018 8:06:46 PM net.sf.freecol.server.networking.Server sendToAll
INFO: Reap dead connection: [DummyConnection Server connection - model.nation.apache]
May 16, 2018 8:06:46 PM net.sf.freecol.server.networking.Server sendToAll
INFO: Reap dead connection: [DummyConnection Server connection - model.nation.inca]
May 16, 2018 8:06:46 PM net.sf.freecol.server.networking.Server sendToAll
INFO: Reap dead connection: [DummyConnection Server connection - model.nation.spanish]
May 16, 2018 8:06:46 PM net.sf.freecol.server.networking.Server sendToAll
INFO: Reap dead connection: [DummyConnection Server connection - model.nation.tupi]
May 16, 2018 8:06:46 PM net.sf.freecol.server.networking.Server sendToAll
INFO: Reap dead connection: [DummyConnection Server connection - model.nation.sioux]
May 16, 2018 8:06:46 PM net.sf.freecol.server.networking.Server sendToAll
INFO: Reap dead connection: [DummyConnection Server connection - model.nation.cherokee]
May 16, 2018 8:06:46 PM net.sf.freecol.server.networking.Server sendToAll
INFO: Reap dead connection: [DummyConnection Server connection - model.nation.iroquois]
May 16, 2018 8:06:46 PM net.sf.freecol.common.model.Specification applyDifficultyLevel
INFO: Applying difficulty level model.difficulty.medium
May 16, 2018 8:06:46 PM net.sf.freecol.common.FreeColSeed getFreeColSeed
INFO: Using seed: -6418742138123314504
May 16, 2018 8:06:46 PM net.sf.freecol.server.networking.Server sendToAll
INFO: Reap dead connection: [DummyConnection Server connection - model.nation.dutch]
May 16, 2018 8:06:46 PM net.sf.freecol.server.networking.Server sendToAll
INFO: Reap dead connection: [DummyConnection Server connection - model.nation.arawak]
May 16, 2018 8:06:46 PM net.sf.freecol.server.networking.Server sendToAll
INFO: Reap dead connection: [DummyConnection Server connection - model.nation.cherokee]
May 16, 2018 8:06:46 PM net.sf.freecol.server.networking.Server sendToAll
INFO: Reap dead connection: [DummyConnection Server connection - model.nation.sioux]
May 16, 2018 8:06:46 PM net.sf.freecol.server.networking.Server sendToAll
INFO: Reap dead connection: [DummyConnection Server connection - model.nation.tupi]
May 16, 2018 8:06:46 PM net.sf.freecol.server.networking.Server sendToAll
INFO: Reap dead connection: [DummyConnection Server connection - model.nation.french]
May 16, 2018 8:06:46 PM net.sf.freecol.server.networking.Server sendToAll
INFO: Reap dead connection: [DummyConnection Server connection - model.nation.iroquois]
May 16, 2018 8:06:46 PM net.sf.freecol.server.networking.Server sendToAll
INFO: Reap dead connection: [DummyConnection Server connection - model.nation.apache]
May 16, 2018 8:06:46 PM net.sf.freecol.server.networking.Server sendToAll
INFO: Reap dead connection: [DummyConnection Server connection - model.nation.aztec]
May 16, 2018 8:06:46 PM net.sf.freecol.server.networking.Server sendToAll
INFO: Reap dead connection: [DummyConnection Server connection - model.nation.spanish]
May 16, 2018 8:06:46 PM net.sf.freecol.server.networking.Server sendToAll
INFO: Reap dead connection: [DummyConnection Server connection - model.nation.english]
May 16, 2018 8:06:46 PM net.sf.freecol.server.networking.Server sendToAll
INFO: Reap dead connection: [DummyConnection Server connection - model.nation.inca]
May 16, 2018 8:06:46 PM net.sf.freecol.common.util.LogBuilder log
INFO: Destroying: goodsContainer:250 unit:249
May 16, 2018 8:06:46 PM net.sf.freecol.common.model.Specification applyDifficultyLevel
INFO: Applying difficulty level model.difficulty.medium
May 16, 2018 8:06:46 PM net.sf.freecol.common.FreeColSeed getFreeColSeed
INFO: Using seed: 5167782279789411853
May 16, 2018 8:06:46 PM net.sf.freecol.server.networking.Server sendToAll
INFO: Reap dead connection: [DummyConnection Server connection - model.nation.apache]
May 16, 2018 8:06:46 PM net.sf.freecol.server.networking.Server sendToAll
INFO: Reap dead connection: [DummyConnection Server connection - model.nation.tupi]
May 16, 2018 8:06:46 PM net.sf.freecol.server.networking.Server sendToAll
INFO: Reap dead connection: [DummyConnection Server connection - model.nation.sioux]
May 16, 2018 8:06:46 PM net.sf.freecol.server.networking.Server sendToAll
INFO: Reap dead connection: [DummyConnection Server connection - model.nation.cherokee]
May 16, 2018 8:06:46 PM net.sf.freecol.server.networking.Server sendToAll
INFO: Reap dead connection: [DummyConnection Server connection - model.nation.english]
May 16, 2018 8:06:46 PM net.sf.freecol.server.networking.Server sendToAll
INFO: Reap dead connection: [DummyConnection Server connection - model.nation.inca]
May 16, 2018 8:06:46 PM net.sf.freecol.server.networking.Server sendToAll
INFO: Reap dead connection: [DummyConnection Server connection - model.nation.spanish]
May 16, 2018 8:06:46 PM net.sf.freecol.server.networking.Server sendToAll
INFO: Reap dead connection: [DummyConnection Server connection - model.nation.arawak]
May 16, 2018 8:06:46 PM net.sf.freecol.server.networking.Server sendToAll
INFO: Reap dead connection: [DummyConnection Server connection - model.nation.aztec]
May 16, 2018 8:06:46 PM net.sf.freecol.server.networking.Server sendToAll
INFO: Reap dead connection: [DummyConnection Server connection - model.nation.french]
May 16, 2018 8:06:46 PM net.sf.freecol.server.networking.Server sendToAll
INFO: Reap dead connection: [DummyConnection Server connection - model.nation.iroquois]
May 16, 2018 8:06:46 PM net.sf.freecol.server.networking.Server sendToAll
INFO: Reap dead connection: [DummyConnection Server connection - model.nation.dutch]
May 16, 2018 8:06:46 PM net.sf.freecol.common.model.Specification applyDifficultyLevel
INFO: Applying difficulty level model.difficulty.medium
May 16, 2018 8:06:46 PM net.sf.freecol.common.FreeColSeed getFreeColSeed
INFO: Using seed: 7465635541607894998
May 16, 2018 8:06:46 PM net.sf.freecol.server.networking.Server sendToAll
INFO: Reap dead connection: [DummyConnection Server connection - model.nation.english]
May 16, 2018 8:06:46 PM net.sf.freecol.server.networking.Server sendToAll
INFO: Reap dead connection: [DummyConnection Server connection - model.nation.french]
May 16, 2018 8:06:46 PM net.sf.freecol.server.networking.Server sendToAll
INFO: Reap dead connection: [DummyConnection Server connection - model.nation.spanish]
May 16, 2018 8:06:46 PM net.sf.freecol.server.networking.Server sendToAll
INFO: Reap dead connection: [DummyConnection Server connection - model.nation.apache]
May 16, 2018 8:06:46 PM net.sf.freecol.server.networking.Server sendToAll
INFO: Reap dead connection: [DummyConnection Server connection - model.nation.cherokee]
May 16, 2018 8:06:46 PM net.sf.freecol.server.networking.Server sendToAll
INFO: Reap dead connection: [DummyConnection Server connection - model.nation.iroquois]
May 16, 2018 8:06:46 PM net.sf.freecol.server.networking.Server sendToAll
INFO: Reap dead connection: [DummyConnection Server connection - model.nation.dutch]
May 16, 2018 8:06:46 PM net.sf.freecol.server.networking.Server sendToAll
INFO: Reap dead connection: [DummyConnection Server connection - model.nation.arawak]
May 16, 2018 8:06:46 PM net.sf.freecol.server.networking.Server sendToAll
INFO: Reap dead connection: [DummyConnection Server connection - model.nation.sioux]
May 16, 2018 8:06:46 PM net.sf.freecol.server.networking.Server sendToAll
INFO: Reap dead connection: [DummyConnection Server connection - model.nation.aztec]
May 16, 2018 8:06:46 PM net.sf.freecol.server.networking.Server sendToAll
INFO: Reap dead connection: [DummyConnection Server connection - model.nation.tupi]
May 16, 2018 8:06:46 PM net.sf.freecol.server.networking.Server sendToAll
INFO: Reap dead connection: [DummyConnection Server connection - model.nation.inca]
May 16, 2018 8:06:46 PM net.sf.freecol.common.model.Specification applyDifficultyLevel
INFO: Applying difficulty level model.difficulty.medium
May 16, 2018 8:06:46 PM net.sf.freecol.common.FreeColSeed getFreeColSeed
INFO: Using seed: 5810711113647192386
May 16, 2018 8:06:46 PM net.sf.freecol.server.networking.Server sendToAll
INFO: Reap dead connection: [DummyConnection Server connection - model.nation.iroquois]
May 16, 2018 8:06:46 PM net.sf.freecol.server.networking.Server sendToAll
INFO: Reap dead connection: [DummyConnection Server connection - model.nation.aztec]
May 16, 2018 8:06:46 PM net.sf.freecol.server.networking.Server sendToAll
INFO: Reap dead connection: [DummyConnection Server connection - model.nation.sioux]
May 16, 2018 8:06:46 PM net.sf.freecol.server.networking.Server sendToAll
INFO: Reap dead connection: [DummyConnection Server connection - model.nation.french]
May 16, 2018 8:06:46 PM net.sf.freecol.server.networking.Server sendToAll
INFO: Reap dead connection: [DummyConnection Server connection - model.nation.english]
May 16, 2018 8:06:46 PM net.sf.freecol.server.networking.Server sendToAll
INFO: Reap dead connection: [DummyConnection Server connection - model.nation.apache]
May 16, 2018 8:06:46 PM net.sf.freecol.server.networking.Server sendToAll
INFO: Reap dead connection: [DummyConnection Server connection - model.nation.tupi]
May 16, 2018 8:06:46 PM net.sf.freecol.server.networking.Server sendToAll
INFO: Reap dead connection: [DummyConnection Server connection - model.nation.dutch]
May 16, 2018 8:06:46 PM net.sf.freecol.server.networking.Server sendToAll
INFO: Reap dead connection: [DummyConnection Server connection - model.nation.arawak]
May 16, 2018 8:06:46 PM net.sf.freecol.server.networking.Server sendToAll
INFO: Reap dead connection: [DummyConnection Server connection - model.nation.spanish]
May 16, 2018 8:06:46 PM net.sf.freecol.server.networking.Server sendToAll
INFO: Reap dead connection: [DummyConnection Server connection - model.nation.inca]
May 16, 2018 8:06:46 PM net.sf.freecol.server.networking.Server sendToAll
INFO: Reap dead connection: [DummyConnection Server connection - model.nation.cherokee]
May 16, 2018 8:06:46 PM net.sf.freecol.common.model.Specification applyDifficultyLevel
INFO: Applying difficulty level model.difficulty.medium
May 16, 2018 8:06:46 PM net.sf.freecol.common.FreeColSeed getFreeColSeed
INFO: Using seed: 117712947946342192
May 16, 2018 8:06:46 PM net.sf.freecol.server.networking.Server sendToAll
INFO: Reap dead connection: [DummyConnection Server connection - model.nation.dutch]
May 16, 2018 8:06:46 PM net.sf.freecol.server.networking.Server sendToAll
INFO: Reap dead connection: [DummyConnection Server connection - model.nation.apache]
May 16, 2018 8:06:46 PM net.sf.freecol.server.networking.Server sendToAll
INFO: Reap dead connection: [DummyConnection Server connection - model.nation.arawak]
May 16, 2018 8:06:46 PM net.sf.freecol.server.networking.Server sendToAll
INFO: Reap dead connection: [DummyConnection Server connection - model.nation.inca]
May 16, 2018 8:06:46 PM net.sf.freecol.server.networking.Server sendToAll
INFO: Reap dead connection: [DummyConnection Server connection - model.nation.aztec]
May 16, 2018 8:06:46 PM net.sf.freecol.server.networking.Server sendToAll
INFO: Reap dead connection: [DummyConnection Server connection - model.nation.sioux]
May 16, 2018 8:06:46 PM net.sf.freecol.server.networking.Server sendToAll
INFO: Reap dead connection: [DummyConnection Server connection - model.nation.cherokee]
May 16, 2018 8:06:46 PM net.sf.freecol.server.networking.Server sendToAll
INFO: Reap dead connection: [DummyConnection Server connection - model.nation.french]
May 16, 2018 8:06:46 PM net.sf.freecol.server.networking.Server sendToAll
INFO: Reap dead connection: [DummyConnection Server connection - model.nation.spanish]
May 16, 2018 8:06:46 PM net.sf.freecol.server.networking.Server sendToAll
INFO: Reap dead connection: [DummyConnection Server connection - model.nation.tupi]
May 16, 2018 8:06:46 PM net.sf.freecol.server.networking.Server sendToAll
INFO: Reap dead connection: [DummyConnection Server connection - model.nation.english]
May 16, 2018 8:06:46 PM net.sf.freecol.server.networking.Server sendToAll
INFO: Reap dead connection: [DummyConnection Server connection - model.nation.iroquois]
May 16, 2018 8:06:46 PM net.sf.freecol.server.model.ServerPlayer checkForDeath
INFO: William I alive, can buy colonist.
May 16, 2018 8:06:46 PM net.sf.freecol.common.model.Specification applyDifficultyLevel
INFO: Applying difficulty level model.difficulty.medium
May 16, 2018 8:06:46 PM net.sf.freecol.common.FreeColSeed getFreeColSeed
INFO: Using seed: -1872122976357802249
May 16, 2018 8:06:46 PM net.sf.freecol.server.networking.Server sendToAll
INFO: Reap dead connection: [DummyConnection Server connection - model.nation.sioux]
May 16, 2018 8:06:46 PM net.sf.freecol.server.networking.Server sendToAll
INFO: Reap dead connection: [DummyConnection Server connection - model.nation.inca]
May 16, 2018 8:06:46 PM net.sf.freecol.server.networking.Server sendToAll
INFO: Reap dead connection: [DummyConnection Server connection - model.nation.spanish]
May 16, 2018 8:06:46 PM net.sf.freecol.server.networking.Server sendToAll
INFO: Reap dead connection: [DummyConnection Server connection - model.nation.english]
May 16, 2018 8:06:46 PM net.sf.freecol.server.networking.Server sendToAll
INFO: Reap dead connection: [DummyConnection Server connection - model.nation.iroquois]
May 16, 2018 8:06:46 PM net.sf.freecol.server.networking.Server sendToAll
INFO: Reap dead connection: [DummyConnection Server connection - model.nation.apache]
May 16, 2018 8:06:46 PM net.sf.freecol.server.networking.Server sendToAll
INFO: Reap dead connection: [DummyConnection Server connection - model.nation.aztec]
May 16, 2018 8:06:46 PM net.sf.freecol.server.networking.Server sendToAll
INFO: Reap dead connection: [DummyConnection Server connection - model.nation.french]
May 16, 2018 8:06:46 PM net.sf.freecol.server.networking.Server sendToAll
INFO: Reap dead connection: [DummyConnection Server connection - model.nation.tupi]
May 16, 2018 8:06:46 PM net.sf.freecol.server.networking.Server sendToAll
INFO: Reap dead connection: [DummyConnection Server connection - model.nation.cherokee]
May 16, 2018 8:06:46 PM net.sf.freecol.server.networking.Server sendToAll
INFO: Reap dead connection: [DummyConnection Server connection - model.nation.arawak]
May 16, 2018 8:06:46 PM net.sf.freecol.server.networking.Server sendToAll
INFO: Reap dead connection: [DummyConnection Server connection - model.nation.dutch]
May 16, 2018 8:06:46 PM net.sf.freecol.server.model.ServerPlayer checkForDeath
INFO: William I survives by autorecruit.
May 16, 2018 8:06:46 PM net.sf.freecol.server.model.ServerPlayer checkForDeath
INFO: William I alive, has waiting colonist.
May 16, 2018 8:06:46 PM net.sf.freecol.server.model.ServerPlayer checkForDeath
INFO: William I dead, no presence >= 1600
May 16, 2018 8:06:46 PM net.sf.freecol.common.model.Specification applyDifficultyLevel
INFO: Applying difficulty level model.difficulty.medium
May 16, 2018 8:06:46 PM net.sf.freecol.common.FreeColSeed getFreeColSeed
INFO: Using seed: 6871879388817570231
May 16, 2018 8:06:46 PM net.sf.freecol.server.networking.Server sendToAll
INFO: Reap dead connection: [DummyConnection Server connection - model.nation.apache]
May 16, 2018 8:06:46 PM net.sf.freecol.server.networking.Server sendToAll
INFO: Reap dead connection: [DummyConnection Server connection - model.nation.dutch]
May 16, 2018 8:06:46 PM net.sf.freecol.server.networking.Server sendToAll
INFO: Reap dead connection: [DummyConnection Server connection - model.nation.aztec]
May 16, 2018 8:06:46 PM net.sf.freecol.server.networking.Server sendToAll
INFO: Reap dead connection: [DummyConnection Server connection - model.nation.english]
May 16, 2018 8:06:46 PM net.sf.freecol.server.networking.Server sendToAll
INFO: Reap dead connection: [DummyConnection Server connection - model.nation.spanish]
May 16, 2018 8:06:46 PM net.sf.freecol.server.networking.Server sendToAll
INFO: Reap dead connection: [DummyConnection Server connection - model.nation.arawak]
May 16, 2018 8:06:46 PM net.sf.freecol.server.networking.Server sendToAll
INFO: Reap dead connection: [DummyConnection Server connection - model.nation.cherokee]
May 16, 2018 8:06:46 PM net.sf.freecol.server.networking.Server sendToAll
INFO: Reap dead connection: [DummyConnection Server connection - model.nation.sioux]
May 16, 2018 8:06:46 PM net.sf.freecol.server.networking.Server sendToAll
INFO: Reap dead connection: [DummyConnection Server connection - model.nation.inca]
May 16, 2018 8:06:46 PM net.sf.freecol.server.networking.Server sendToAll
INFO: Reap dead connection: [DummyConnection Server connection - model.nation.iroquois]
May 16, 2018 8:06:46 PM net.sf.freecol.server.networking.Server sendToAll
INFO: Reap dead connection: [DummyConnection Server connection - model.nation.tupi]
May 16, 2018 8:06:46 PM net.sf.freecol.server.networking.Server sendToAll
INFO: Reap dead connection: [DummyConnection Server connection - model.nation.french]
May 16, 2018 8:06:46 PM net.sf.freecol.server.model.ServerPlayer checkForDeath
INFO: William I alive, unit unit:247 on map.
May 16, 2018 8:06:46 PM net.sf.freecol.common.model.Specification applyDifficultyLevel
INFO: Applying difficulty level model.difficulty.medium
May 16, 2018 8:06:46 PM net.sf.freecol.common.FreeColSeed getFreeColSeed
INFO: Using seed: -7749750562534897140
May 16, 2018 8:06:46 PM net.sf.freecol.server.networking.Server sendToAll
INFO: Reap dead connection: [DummyConnection Server connection - model.nation.spanish]
May 16, 2018 8:06:46 PM net.sf.freecol.server.networking.Server sendToAll
INFO: Reap dead connection: [DummyConnection Server connection - model.nation.dutch]
May 16, 2018 8:06:46 PM net.sf.freecol.server.networking.Server sendToAll
INFO: Reap dead connection: [DummyConnection Server connection - model.nation.cherokee]
May 16, 2018 8:06:46 PM net.sf.freecol.server.networking.Server sendToAll
INFO: Reap dead connection: [DummyConnection Server connection - model.nation.apache]
May 16, 2018 8:06:46 PM net.sf.freecol.server.networking.Server sendToAll
INFO: Reap dead connection: [DummyConnection Server connection - model.nation.inca]
May 16, 2018 8:06:46 PM net.sf.freecol.server.networking.Server sendToAll
INFO: Reap dead connection: [DummyConnection Server connection - model.nation.french]
May 16, 2018 8:06:46 PM net.sf.freecol.server.networking.Server sendToAll
INFO: Reap dead connection: [DummyConnection Server connection - model.nation.tupi]
May 16, 2018 8:06:46 PM net.sf.freecol.server.networking.Server sendToAll
INFO: Reap dead connection: [DummyConnection Server connection - model.nation.arawak]
May 16, 2018 8:06:46 PM net.sf.freecol.server.networking.Server sendToAll
INFO: Reap dead connection: [DummyConnection Server connection - model.nation.english]
May 16, 2018 8:06:46 PM net.sf.freecol.server.networking.Server sendToAll
INFO: Reap dead connection: [DummyConnection Server connection - model.nation.iroquois]
May 16, 2018 8:06:46 PM net.sf.freecol.server.networking.Server sendToAll
INFO: Reap dead connection: [DummyConnection Server connection - model.nation.sioux]
May 16, 2018 8:06:46 PM net.sf.freecol.server.networking.Server sendToAll
INFO: Reap dead connection: [DummyConnection Server connection - model.nation.aztec]
May 16, 2018 8:06:46 PM net.sf.freecol.common.model.Specification applyDifficultyLevel
INFO: Applying difficulty level model.difficulty.medium
May 16, 2018 8:06:46 PM net.sf.freecol.common.FreeColSeed getFreeColSeed
INFO: Using seed: -8078122007538275
May 16, 2018 8:06:46 PM net.sf.freecol.server.networking.Server sendToAll
INFO: Reap dead connection: [DummyConnection Server connection - model.nation.arawak]
May 16, 2018 8:06:46 PM net.sf.freecol.server.networking.Server sendToAll
INFO: Reap dead connection: [DummyConnection Server connection - model.nation.apache]
May 16, 2018 8:06:46 PM net.sf.freecol.server.networking.Server sendToAll
INFO: Reap dead connection: [DummyConnection Server connection - model.nation.aztec]
May 16, 2018 8:06:46 PM net.sf.freecol.server.networking.Server sendToAll
INFO: Reap dead connection: [DummyConnection Server connection - model.nation.sioux]
May 16, 2018 8:06:46 PM net.sf.freecol.server.networking.Server sendToAll
INFO: Reap dead connection: [DummyConnection Server connection - model.nation.spanish]
May 16, 2018 8:06:46 PM net.sf.freecol.server.networking.Server sendToAll
INFO: Reap dead connection: [DummyConnection Server connection - model.nation.tupi]
May 16, 2018 8:06:46 PM net.sf.freecol.server.networking.Server sendToAll
INFO: Reap dead connection: [DummyConnection Server connection - model.nation.cherokee]
May 16, 2018 8:06:46 PM net.sf.freecol.server.networking.Server sendToAll
INFO: Reap dead connection: [DummyConnection Server connection - model.nation.inca]
May 16, 2018 8:06:46 PM net.sf.freecol.server.networking.Server sendToAll
INFO: Reap dead connection: [DummyConnection Server connection - model.nation.english]
May 16, 2018 8:06:46 PM net.sf.freecol.server.networking.Server sendToAll
INFO: Reap dead connection: [DummyConnection Server connection - model.nation.iroquois]
May 16, 2018 8:06:46 PM net.sf.freecol.server.networking.Server sendToAll
INFO: Reap dead connection: [DummyConnection Server connection - model.nation.dutch]
May 16, 2018 8:06:46 PM net.sf.freecol.server.networking.Server sendToAll
INFO: Reap dead connection: [DummyConnection Server connection - model.nation.french]
May 16, 2018 8:06:46 PM net.sf.freecol.common.model.Specification applyDifficultyLevel
INFO: Applying difficulty level model.difficulty.medium
May 16, 2018 8:06:46 PM net.sf.freecol.common.FreeColSeed getFreeColSeed
INFO: Using seed: -262893993029571723
May 16, 2018 8:06:46 PM net.sf.freecol.server.networking.Server sendToAll
INFO: Reap dead connection: [DummyConnection Server connection - model.nation.french]
May 16, 2018 8:06:46 PM net.sf.freecol.server.networking.Server sendToAll
INFO: Reap dead connection: [DummyConnection Server connection - model.nation.cherokee]
May 16, 2018 8:06:46 PM net.sf.freecol.server.networking.Server sendToAll
INFO: Reap dead connection: [DummyConnection Server connection - model.nation.sioux]
May 16, 2018 8:06:46 PM net.sf.freecol.server.networking.Server sendToAll
INFO: Reap dead connection: [DummyConnection Server connection - model.nation.aztec]
May 16, 2018 8:06:46 PM net.sf.freecol.server.networking.Server sendToAll
INFO: Reap dead connection: [DummyConnection Server connection - model.nation.english]
May 16, 2018 8:06:46 PM net.sf.freecol.server.networking.Server sendToAll
INFO: Reap dead connection: [DummyConnection Server connection - model.nation.arawak]
May 16, 2018 8:06:46 PM net.sf.freecol.server.networking.Server sendToAll
INFO: Reap dead connection: [DummyConnection Server connection - model.nation.iroquois]
May 16, 2018 8:06:46 PM net.sf.freecol.server.networking.Server sendToAll
INFO: Reap dead connection: [DummyConnection Server connection - model.nation.spanish]
May 16, 2018 8:06:46 PM net.sf.freecol.server.networking.Server sendToAll
INFO: Reap dead connection: [DummyConnection Server connection - model.nation.dutch]
May 16, 2018 8:06:46 PM net.sf.freecol.server.networking.Server sendToAll
INFO: Reap dead connection: [DummyConnection Server connection - model.nation.inca]
May 16, 2018 8:06:46 PM net.sf.freecol.server.networking.Server sendToAll
INFO: Reap dead connection: [DummyConnection Server connection - model.nation.tupi]
May 16, 2018 8:06:46 PM net.sf.freecol.server.networking.Server sendToAll
INFO: Reap dead connection: [DummyConnection Server connection - model.nation.apache]
May 16, 2018 8:06:46 PM net.sf.freecol.server.model.ServerPlayer checkForDeath
INFO: William I alive, has embarked unit.
May 16, 2018 8:06:46 PM net.sf.freecol.server.model.ServerPlayer checkForDeath
INFO: William I dead, no presence >= 1600
May 16, 2018 8:06:46 PM net.sf.freecol.common.model.Specification applyDifficultyLevel
INFO: Applying difficulty level model.difficulty.medium
May 16, 2018 8:06:46 PM net.sf.freecol.common.model.Specification applyDifficultyLevel
INFO: Applying difficulty level model.difficulty.medium
May 16, 2018 8:06:46 PM net.sf.freecol.common.model.Specification applyDifficultyLevel
INFO: Applying difficulty level model.difficulty.medium
May 16, 2018 8:06:46 PM net.sf.freecol.common.FreeColSeed getFreeColSeed
INFO: Using seed: -8766617332724923599
May 16, 2018 8:06:46 PM net.sf.freecol.server.networking.Server sendToAll
INFO: Reap dead connection: [DummyConnection Server connection - model.nation.sioux]
May 16, 2018 8:06:46 PM net.sf.freecol.server.networking.Server sendToAll
INFO: Reap dead connection: [DummyConnection Server connection - model.nation.iroquois]
May 16, 2018 8:06:46 PM net.sf.freecol.server.networking.Server sendToAll
INFO: Reap dead connection: [DummyConnection Server connection - model.nation.french]
May 16, 2018 8:06:46 PM net.sf.freecol.server.networking.Server sendToAll
INFO: Reap dead connection: [DummyConnection Server connection - model.nation.cherokee]
May 16, 2018 8:06:46 PM net.sf.freecol.server.networking.Server sendToAll
INFO: Reap dead connection: [DummyConnection Server connection - model.nation.apache]
May 16, 2018 8:06:46 PM net.sf.freecol.server.networking.Server sendToAll
INFO: Reap dead connection: [DummyConnection Server connection - model.nation.tupi]
May 16, 2018 8:06:46 PM net.sf.freecol.server.networking.Server sendToAll
INFO: Reap dead connection: [DummyConnection Server connection - model.nation.dutch]
May 16, 2018 8:06:46 PM net.sf.freecol.server.networking.Server sendToAll
INFO: Reap dead connection: [DummyConnection Server connection - model.nation.arawak]
May 16, 2018 8:06:46 PM net.sf.freecol.server.networking.Server sendToAll
INFO: Reap dead connection: [DummyConnection Server connection - model.nation.spanish]
May 16, 2018 8:06:46 PM net.sf.freecol.server.networking.Server sendToAll
INFO: Reap dead connection: [DummyConnection Server connection - model.nation.aztec]
May 16, 2018 8:06:46 PM net.sf.freecol.server.networking.Server sendToAll
INFO: Reap dead connection: [DummyConnection Server connection - model.nation.english]
May 16, 2018 8:06:46 PM net.sf.freecol.server.networking.Server sendToAll
INFO: Reap dead connection: [DummyConnection Server connection - model.nation.inca]
May 16, 2018 8:06:46 PM net.sf.freecol.common.model.Specification applyDifficultyLevel
INFO: Applying difficulty level model.difficulty.medium
May 16, 2018 8:06:46 PM net.sf.freecol.common.FreeColSeed getFreeColSeed
INFO: Using seed: 556825482352031309
May 16, 2018 8:06:46 PM net.sf.freecol.server.networking.Server sendToAll
INFO: Reap dead connection: [DummyConnection Server connection - model.nation.cherokee]
May 16, 2018 8:06:46 PM net.sf.freecol.server.networking.Server sendToAll
INFO: Reap dead connection: [DummyConnection Server connection - model.nation.french]
May 16, 2018 8:06:46 PM net.sf.freecol.server.networking.Server sendToAll
INFO: Reap dead connection: [DummyConnection Server connection - model.nation.dutch]
May 16, 2018 8:06:46 PM net.sf.freecol.server.networking.Server sendToAll
INFO: Reap dead connection: [DummyConnection Server connection - model.nation.tupi]
May 16, 2018 8:06:46 PM net.sf.freecol.server.networking.Server sendToAll
INFO: Reap dead connection: [DummyConnection Server connection - model.nation.arawak]
May 16, 2018 8:06:46 PM net.sf.freecol.server.networking.Server sendToAll
INFO: Reap dead connection: [DummyConnection Server connection - model.nation.english]
May 16, 2018 8:06:46 PM net.sf.freecol.server.networking.Server sendToAll
INFO: Reap dead connection: [DummyConnection Server connection - model.nation.inca]
May 16, 2018 8:06:46 PM net.sf.freecol.server.networking.Server sendToAll
INFO: Reap dead connection: [DummyConnection Server connection - model.nation.aztec]
May 16, 2018 8:06:46 PM net.sf.freecol.server.networking.Server sendToAll
INFO: Reap dead connection: [DummyConnection Server connection - model.nation.apache]
May 16, 2018 8:06:46 PM net.sf.freecol.server.networking.Server sendToAll
INFO: Reap dead connection: [DummyConnection Server connection - model.nation.spanish]
May 16, 2018 8:06:46 PM net.sf.freecol.server.networking.Server sendToAll
INFO: Reap dead connection: [DummyConnection Server connection - model.nation.iroquois]
May 16, 2018 8:06:46 PM net.sf.freecol.server.networking.Server sendToAll
INFO: Reap dead connection: [DummyConnection Server connection - model.nation.sioux]
May 16, 2018 8:06:46 PM net.sf.freecol.common.model.Specification applyDifficultyLevel
INFO: Applying difficulty level model.difficulty.medium
May 16, 2018 8:06:46 PM net.sf.freecol.common.FreeColSeed getFreeColSeed
INFO: Using seed: 1599122358326893766
May 16, 2018 8:06:46 PM net.sf.freecol.server.networking.Server sendToAll
INFO: Reap dead connection: [DummyConnection Server connection - model.nation.french]
May 16, 2018 8:06:46 PM net.sf.freecol.server.networking.Server sendToAll
INFO: Reap dead connection: [DummyConnection Server connection - model.nation.tupi]
May 16, 2018 8:06:46 PM net.sf.freecol.server.networking.Server sendToAll
INFO: Reap dead connection: [DummyConnection Server connection - model.nation.sioux]
May 16, 2018 8:06:46 PM net.sf.freecol.server.networking.Server sendToAll
INFO: Reap dead connection: [DummyConnection Server connection - model.nation.arawak]
May 16, 2018 8:06:46 PM net.sf.freecol.server.networking.Server sendToAll
INFO: Reap dead connection: [DummyConnection Server connection - model.nation.english]
May 16, 2018 8:06:46 PM net.sf.freecol.server.networking.Server sendToAll
INFO: Reap dead connection: [DummyConnection Server connection - model.nation.inca]
May 16, 2018 8:06:46 PM net.sf.freecol.server.networking.Server sendToAll
INFO: Reap dead connection: [DummyConnection Server connection - model.nation.spanish]
May 16, 2018 8:06:46 PM net.sf.freecol.server.networking.Server sendToAll
INFO: Reap dead connection: [DummyConnection Server connection - model.nation.iroquois]
May 16, 2018 8:06:46 PM net.sf.freecol.server.networking.Server sendToAll
INFO: Reap dead connection: [DummyConnection Server connection - model.nation.cherokee]
May 16, 2018 8:06:46 PM net.sf.freecol.server.networking.Server sendToAll
INFO: Reap dead connection: [DummyConnection Server connection - model.nation.aztec]
May 16, 2018 8:06:46 PM net.sf.freecol.server.networking.Server sendToAll
INFO: Reap dead connection: [DummyConnection Server connection - model.nation.dutch]
May 16, 2018 8:06:46 PM net.sf.freecol.server.networking.Server sendToAll
INFO: Reap dead connection: [DummyConnection Server connection - model.nation.apache]
May 16, 2018 8:06:46 PM net.sf.freecol.server.model.ServerPlayer checkForDeath
INFO: William I dead, can not buy carrier.
May 16, 2018 8:06:46 PM net.sf.freecol.common.model.Specification applyDifficultyLevel
INFO: Applying difficulty level model.difficulty.medium
May 16, 2018 8:06:46 PM net.sf.freecol.common.FreeColSeed getFreeColSeed
INFO: Using seed: -5671584777603167374
May 16, 2018 8:06:47 PM net.sf.freecol.server.networking.Server sendToAll
INFO: Reap dead connection: [DummyConnection Server connection - model.nation.inca]
May 16, 2018 8:06:47 PM net.sf.freecol.server.networking.Server sendToAll
INFO: Reap dead connection: [DummyConnection Server connection - model.nation.iroquois]
May 16, 2018 8:06:47 PM net.sf.freecol.server.networking.Server sendToAll
INFO: Reap dead connection: [DummyConnection Server connection - model.nation.aztec]
May 16, 2018 8:06:47 PM net.sf.freecol.server.networking.Server sendToAll
INFO: Reap dead connection: [DummyConnection Server connection - model.nation.spanish]
May 16, 2018 8:06:47 PM net.sf.freecol.server.networking.Server sendToAll
INFO: Reap dead connection: [DummyConnection Server connection - model.nation.dutch]
May 16, 2018 8:06:47 PM net.sf.freecol.server.networking.Server sendToAll
INFO: Reap dead connection: [DummyConnection Server connection - model.nation.tupi]
May 16, 2018 8:06:47 PM net.sf.freecol.server.networking.Server sendToAll
INFO: Reap dead connection: [DummyConnection Server connection - model.nation.cherokee]
May 16, 2018 8:06:47 PM net.sf.freecol.server.networking.Server sendToAll
INFO: Reap dead connection: [DummyConnection Server connection - model.nation.sioux]
May 16, 2018 8:06:47 PM net.sf.freecol.server.networking.Server sendToAll
INFO: Reap dead connection: [DummyConnection Server connection - model.nation.arawak]
May 16, 2018 8:06:47 PM net.sf.freecol.server.networking.Server sendToAll
INFO: Reap dead connection: [DummyConnection Server connection - model.nation.english]
May 16, 2018 8:06:47 PM net.sf.freecol.server.networking.Server sendToAll
INFO: Reap dead connection: [DummyConnection Server connection - model.nation.apache]
May 16, 2018 8:06:47 PM net.sf.freecol.server.networking.Server sendToAll
INFO: Reap dead connection: [DummyConnection Server connection - model.nation.french]
May 16, 2018 8:06:47 PM net.sf.freecol.server.model.ServerPlayer checkForDeath
INFO: William I alive, has embarked unit.
May 16, 2018 8:06:47 PM net.sf.freecol.server.model.ServerPlayer checkForDeath
INFO: William I dead, no presence >= 1600
May 16, 2018 8:06:47 PM net.sf.freecol.common.model.Specification applyDifficultyLevel
INFO: Applying difficulty level model.difficulty.medium
May 16, 2018 8:06:47 PM net.sf.freecol.common.FreeColSeed getFreeColSeed
INFO: Using seed: 3122731698309881309
May 16, 2018 8:06:47 PM net.sf.freecol.server.networking.Server sendToAll
INFO: Reap dead connection: [DummyConnection Server connection - model.nation.inca]
May 16, 2018 8:06:47 PM net.sf.freecol.server.networking.Server sendToAll
INFO: Reap dead connection: [DummyConnection Server connection - model.nation.dutch]
May 16, 2018 8:06:47 PM net.sf.freecol.server.networking.Server sendToAll
INFO: Reap dead connection: [DummyConnection Server connection - model.nation.iroquois]
May 16, 2018 8:06:47 PM net.sf.freecol.server.networking.Server sendToAll
INFO: Reap dead connection: [DummyConnection Server connection - model.nation.apache]
May 16, 2018 8:06:47 PM net.sf.freecol.server.networking.Server sendToAll
INFO: Reap dead connection: [DummyConnection Server connection - model.nation.arawak]
May 16, 2018 8:06:47 PM net.sf.freecol.server.networking.Server sendToAll
INFO: Reap dead connection: [DummyConnection Server connection - model.nation.tupi]
May 16, 2018 8:06:47 PM net.sf.freecol.server.networking.Server sendToAll
INFO: Reap dead connection: [DummyConnection Server connection - model.nation.cherokee]
May 16, 2018 8:06:47 PM net.sf.freecol.server.networking.Server sendToAll
INFO: Reap dead connection: [DummyConnection Server connection - model.nation.spanish]
May 16, 2018 8:06:47 PM net.sf.freecol.server.networking.Server sendToAll
INFO: Reap dead connection: [DummyConnection Server connection - model.nation.aztec]
May 16, 2018 8:06:47 PM net.sf.freecol.server.networking.Server sendToAll
INFO: Reap dead connection: [DummyConnection Server connection - model.nation.french]
May 16, 2018 8:06:47 PM net.sf.freecol.server.networking.Server sendToAll
INFO: Reap dead connection: [DummyConnection Server connection - model.nation.sioux]
May 16, 2018 8:06:47 PM net.sf.freecol.server.networking.Server sendToAll
INFO: Reap dead connection: [DummyConnection Server connection - model.nation.english]
May 16, 2018 8:06:47 PM net.sf.freecol.common.model.MarketData price
INFO: Clamped price fall for marketData:67 from 10 to 16
May 16, 2018 8:06:47 PM net.sf.freecol.common.model.Specification applyDifficultyLevel
INFO: Applying difficulty level model.difficulty.medium
May 16, 2018 8:06:47 PM net.sf.freecol.common.FreeColSeed getFreeColSeed
INFO: Using seed: 4248762806361210193
May 16, 2018 8:06:47 PM net.sf.freecol.server.networking.Server sendToAll
INFO: Reap dead connection: [DummyConnection Server connection - model.nation.iroquois]
May 16, 2018 8:06:47 PM net.sf.freecol.server.networking.Server sendToAll
INFO: Reap dead connection: [DummyConnection Server connection - model.nation.dutch]
May 16, 2018 8:06:47 PM net.sf.freecol.server.networking.Server sendToAll
INFO: Reap dead connection: [DummyConnection Server connection - model.nation.apache]
May 16, 2018 8:06:47 PM net.sf.freecol.server.networking.Server sendToAll
INFO: Reap dead connection: [DummyConnection Server connection - model.nation.french]
May 16, 2018 8:06:47 PM net.sf.freecol.server.networking.Server sendToAll
INFO: Reap dead connection: [DummyConnection Server connection - model.nation.inca]
May 16, 2018 8:06:47 PM net.sf.freecol.server.networking.Server sendToAll
INFO: Reap dead connection: [DummyConnection Server connection - model.nation.spanish]
May 16, 2018 8:06:47 PM net.sf.freecol.server.networking.Server sendToAll
INFO: Reap dead connection: [DummyConnection Server connection - model.nation.aztec]
May 16, 2018 8:06:47 PM net.sf.freecol.server.networking.Server sendToAll
INFO: Reap dead connection: [DummyConnection Server connection - model.nation.cherokee]
May 16, 2018 8:06:47 PM net.sf.freecol.server.networking.Server sendToAll
INFO: Reap dead connection: [DummyConnection Server connection - model.nation.arawak]
May 16, 2018 8:06:47 PM net.sf.freecol.server.networking.Server sendToAll
INFO: Reap dead connection: [DummyConnection Server connection - model.nation.english]
May 16, 2018 8:06:47 PM net.sf.freecol.server.networking.Server sendToAll
INFO: Reap dead connection: [DummyConnection Server connection - model.nation.sioux]
May 16, 2018 8:06:47 PM net.sf.freecol.server.networking.Server sendToAll
INFO: Reap dead connection: [DummyConnection Server connection - model.nation.tupi]
May 16, 2018 8:06:47 PM net.sf.freecol.common.model.MarketData price
INFO: Clamped price fall for marketData:88 from 13 to 16
May 16, 2018 8:06:47 PM net.sf.freecol.common.model.Specification applyDifficultyLevel
INFO: Applying difficulty level model.difficulty.medium
May 16, 2018 8:06:47 PM net.sf.freecol.common.FreeColSeed getFreeColSeed
INFO: Using seed: 1581969065950894714
May 16, 2018 8:06:47 PM net.sf.freecol.server.networking.Server sendToAll
INFO: Reap dead connection: [DummyConnection Server connection - model.nation.aztec]
May 16, 2018 8:06:47 PM net.sf.freecol.server.networking.Server sendToAll
INFO: Reap dead connection: [DummyConnection Server connection - model.nation.dutch]
May 16, 2018 8:06:47 PM net.sf.freecol.server.networking.Server sendToAll
INFO: Reap dead connection: [DummyConnection Server connection - model.nation.arawak]
May 16, 2018 8:06:47 PM net.sf.freecol.server.networking.Server sendToAll
INFO: Reap dead connection: [DummyConnection Server connection - model.nation.apache]
May 16, 2018 8:06:47 PM net.sf.freecol.server.networking.Server sendToAll
INFO: Reap dead connection: [DummyConnection Server connection - model.nation.cherokee]
May 16, 2018 8:06:47 PM net.sf.freecol.server.networking.Server sendToAll
INFO: Reap dead connection: [DummyConnection Server connection - model.nation.spanish]
May 16, 2018 8:06:47 PM net.sf.freecol.server.networking.Server sendToAll
INFO: Reap dead connection: [DummyConnection Server connection - model.nation.english]
May 16, 2018 8:06:47 PM net.sf.freecol.server.networking.Server sendToAll
INFO: Reap dead connection: [DummyConnection Server connection - model.nation.iroquois]
May 16, 2018 8:06:47 PM net.sf.freecol.server.networking.Server sendToAll
INFO: Reap dead connection: [DummyConnection Server connection - model.nation.french]
May 16, 2018 8:06:47 PM net.sf.freecol.server.networking.Server sendToAll
INFO: Reap dead connection: [DummyConnection Server connection - model.nation.inca]
May 16, 2018 8:06:47 PM net.sf.freecol.server.networking.Server sendToAll
INFO: Reap dead connection: [DummyConnection Server connection - model.nation.tupi]
May 16, 2018 8:06:47 PM net.sf.freecol.server.networking.Server sendToAll
INFO: Reap dead connection: [DummyConnection Server connection - model.nation.sioux]
May 16, 2018 8:06:47 PM net.sf.freecol.common.networking.DOMMessage clientError
WARNING: Carrier not at location: New Amsterdam
May 16, 2018 8:06:47 PM net.sf.freecol.common.networking.DOMMessage clientError
WARNING: Too much goods
May 16, 2018 8:06:47 PM net.sf.freecol.common.networking.DOMMessage clientError
WARNING: Too much goods
May 16, 2018 8:06:47 PM net.sf.freecol.common.model.Specification applyDifficultyLevel
INFO: Applying difficulty level model.difficulty.medium
May 16, 2018 8:06:47 PM net.sf.freecol.common.FreeColSeed getFreeColSeed
INFO: Using seed: -3060053753590531035
May 16, 2018 8:06:47 PM net.sf.freecol.server.networking.Server sendToAll
INFO: Reap dead connection: [DummyConnection Server connection - model.nation.french]
May 16, 2018 8:06:47 PM net.sf.freecol.server.networking.Server sendToAll
INFO: Reap dead connection: [DummyConnection Server connection - model.nation.inca]
May 16, 2018 8:06:47 PM net.sf.freecol.server.networking.Server sendToAll
INFO: Reap dead connection: [DummyConnection Server connection - model.nation.tupi]
May 16, 2018 8:06:47 PM net.sf.freecol.server.networking.Server sendToAll
INFO: Reap dead connection: [DummyConnection Server connection - model.nation.english]
May 16, 2018 8:06:47 PM net.sf.freecol.server.networking.Server sendToAll
INFO: Reap dead connection: [DummyConnection Server connection - model.nation.aztec]
May 16, 2018 8:06:47 PM net.sf.freecol.server.networking.Server sendToAll
INFO: Reap dead connection: [DummyConnection Server connection - model.nation.spanish]
May 16, 2018 8:06:47 PM net.sf.freecol.server.networking.Server sendToAll
INFO: Reap dead connection: [DummyConnection Server connection - model.nation.cherokee]
May 16, 2018 8:06:47 PM net.sf.freecol.server.networking.Server sendToAll
INFO: Reap dead connection: [DummyConnection Server connection - model.nation.arawak]
May 16, 2018 8:06:47 PM net.sf.freecol.server.networking.Server sendToAll
INFO: Reap dead connection: [DummyConnection Server connection - model.nation.sioux]
May 16, 2018 8:06:47 PM net.sf.freecol.server.networking.Server sendToAll
INFO: Reap dead connection: [DummyConnection Server connection - model.nation.apache]
May 16, 2018 8:06:47 PM net.sf.freecol.server.networking.Server sendToAll
INFO: Reap dead connection: [DummyConnection Server connection - model.nation.dutch]
May 16, 2018 8:06:47 PM net.sf.freecol.server.networking.Server sendToAll
INFO: Reap dead connection: [DummyConnection Server connection - model.nation.iroquois]
May 16, 2018 8:06:47 PM net.sf.freecol.common.model.Unit setLocation
WARNING: Can not add [unit:249 dutch privateer 8/8] to tile:491
May 16, 2018 8:06:47 PM net.sf.freecol.common.networking.DOMMessage clientError
WARNING: Player William I tried to buy 10 cotton
May 16, 2018 8:06:47 PM net.sf.freecol.common.networking.DOMMessage clientError
WARNING: Carrier not in Europe: Europe
May 16, 2018 8:06:47 PM net.sf.freecol.common.networking.DOMMessage clientError
WARNING: Can not trade boycotted goods
May 16, 2018 8:06:47 PM net.sf.freecol.common.model.Specification applyDifficultyLevel
INFO: Applying difficulty level model.difficulty.medium
May 16, 2018 8:06:47 PM net.sf.freecol.common.FreeColSeed getFreeColSeed
INFO: Using seed: 189015594811730312
May 16, 2018 8:06:47 PM net.sf.freecol.server.networking.Server sendToAll
INFO: Reap dead connection: [DummyConnection Server connection - model.nation.apache]
May 16, 2018 8:06:47 PM net.sf.freecol.server.networking.Server sendToAll
INFO: Reap dead connection: [DummyConnection Server connection - model.nation.arawak]
May 16, 2018 8:06:47 PM net.sf.freecol.server.networking.Server sendToAll
INFO: Reap dead connection: [DummyConnection Server connection - model.nation.english]
May 16, 2018 8:06:47 PM net.sf.freecol.server.networking.Server sendToAll
INFO: Reap dead connection: [DummyConnection Server connection - model.nation.iroquois]
May 16, 2018 8:06:47 PM net.sf.freecol.server.networking.Server sendToAll
INFO: Reap dead connection: [DummyConnection Server connection - model.nation.sioux]
May 16, 2018 8:06:47 PM net.sf.freecol.server.networking.Server sendToAll
INFO: Reap dead connection: [DummyConnection Server connection - model.nation.cherokee]
May 16, 2018 8:06:47 PM net.sf.freecol.server.networking.Server sendToAll
INFO: Reap dead connection: [DummyConnection Server connection - model.nation.spanish]
May 16, 2018 8:06:47 PM net.sf.freecol.server.networking.Server sendToAll
INFO: Reap dead connection: [DummyConnection Server connection - model.nation.inca]
May 16, 2018 8:06:47 PM net.sf.freecol.server.networking.Server sendToAll
INFO: Reap dead connection: [DummyConnection Server connection - model.nation.dutch]
May 16, 2018 8:06:47 PM net.sf.freecol.server.networking.Server sendToAll
INFO: Reap dead connection: [DummyConnection Server connection - model.nation.aztec]
May 16, 2018 8:06:47 PM net.sf.freecol.server.networking.Server sendToAll
INFO: Reap dead connection: [DummyConnection Server connection - model.nation.tupi]
May 16, 2018 8:06:47 PM net.sf.freecol.server.networking.Server sendToAll
INFO: Reap dead connection: [DummyConnection Server connection - model.nation.french]
May 16, 2018 8:06:47 PM net.sf.freecol.common.model.Specification applyDifficultyLevel
INFO: Applying difficulty level model.difficulty.medium
May 16, 2018 8:06:47 PM net.sf.freecol.common.FreeColSeed getFreeColSeed
INFO: Using seed: 7078168984363880429
May 16, 2018 8:06:47 PM net.sf.freecol.server.networking.Server sendToAll
INFO: Reap dead connection: [DummyConnection Server connection - model.nation.tupi]
May 16, 2018 8:06:47 PM net.sf.freecol.server.networking.Server sendToAll
INFO: Reap dead connection: [DummyConnection Server connection - model.nation.arawak]
May 16, 2018 8:06:47 PM net.sf.freecol.server.networking.Server sendToAll
INFO: Reap dead connection: [DummyConnection Server connection - model.nation.dutch]
May 16, 2018 8:06:47 PM net.sf.freecol.server.networking.Server sendToAll
INFO: Reap dead connection: [DummyConnection Server connection - model.nation.sioux]
May 16, 2018 8:06:47 PM net.sf.freecol.server.networking.Server sendToAll
INFO: Reap dead connection: [DummyConnection Server connection - model.nation.apache]
May 16, 2018 8:06:47 PM net.sf.freecol.server.networking.Server sendToAll
INFO: Reap dead connection: [DummyConnection Server connection - model.nation.inca]
May 16, 2018 8:06:47 PM net.sf.freecol.server.networking.Server sendToAll
INFO: Reap dead connection: [DummyConnection Server connection - model.nation.cherokee]
May 16, 2018 8:06:47 PM net.sf.freecol.server.networking.Server sendToAll
INFO: Reap dead connection: [DummyConnection Server connection - model.nation.spanish]
May 16, 2018 8:06:47 PM net.sf.freecol.server.networking.Server sendToAll
INFO: Reap dead connection: [DummyConnection Server connection - model.nation.iroquois]
May 16, 2018 8:06:47 PM net.sf.freecol.server.networking.Server sendToAll
INFO: Reap dead connection: [DummyConnection Server connection - model.nation.aztec]
May 16, 2018 8:06:47 PM net.sf.freecol.server.networking.Server sendToAll
INFO: Reap dead connection: [DummyConnection Server connection - model.nation.french]
May 16, 2018 8:06:47 PM net.sf.freecol.server.networking.Server sendToAll
INFO: Reap dead connection: [DummyConnection Server connection - model.nation.english]
May 16, 2018 8:06:47 PM net.sf.freecol.common.model.Specification applyDifficultyLevel
INFO: Applying difficulty level model.difficulty.medium
May 16, 2018 8:06:47 PM net.sf.freecol.common.FreeColSeed getFreeColSeed
INFO: Using seed: 6316407102179778495
May 16, 2018 8:06:47 PM net.sf.freecol.server.networking.Server sendToAll
INFO: Reap dead connection: [DummyConnection Server connection - model.nation.inca]
May 16, 2018 8:06:47 PM net.sf.freecol.server.networking.Server sendToAll
INFO: Reap dead connection: [DummyConnection Server connection - model.nation.aztec]
May 16, 2018 8:06:47 PM net.sf.freecol.server.networking.Server sendToAll
INFO: Reap dead connection: [DummyConnection Server connection - model.nation.cherokee]
May 16, 2018 8:06:47 PM net.sf.freecol.server.networking.Server sendToAll
INFO: Reap dead connection: [DummyConnection Server connection - model.nation.sioux]
May 16, 2018 8:06:47 PM net.sf.freecol.server.networking.Server sendToAll
INFO: Reap dead connection: [DummyConnection Server connection - model.nation.arawak]
May 16, 2018 8:06:47 PM net.sf.freecol.server.networking.Server sendToAll
INFO: Reap dead connection: [DummyConnection Server connection - model.nation.dutch]
May 16, 2018 8:06:47 PM net.sf.freecol.server.networking.Server sendToAll
INFO: Reap dead connection: [DummyConnection Server connection - model.nation.apache]
May 16, 2018 8:06:47 PM net.sf.freecol.server.networking.Server sendToAll
INFO: Reap dead connection: [DummyConnection Server connection - model.nation.iroquois]
May 16, 2018 8:06:47 PM net.sf.freecol.server.networking.Server sendToAll
INFO: Reap dead connection: [DummyConnection Server connection - model.nation.tupi]
May 16, 2018 8:06:47 PM net.sf.freecol.server.networking.Server sendToAll
INFO: Reap dead connection: [DummyConnection Server connection - model.nation.spanish]
May 16, 2018 8:06:47 PM net.sf.freecol.server.networking.Server sendToAll
INFO: Reap dead connection: [DummyConnection Server connection - model.nation.english]
May 16, 2018 8:06:47 PM net.sf.freecol.server.networking.Server sendToAll
INFO: Reap dead connection: [DummyConnection Server connection - model.nation.french]
May 16, 2018 8:06:47 PM net.sf.freecol.common.util.LogBuilder log
INFO: Destroying: tileImprovement:248
May 16, 2018 8:06:47 PM net.sf.freecol.common.model.Specification applyDifficultyLevel
INFO: Applying difficulty level model.difficulty.medium
May 16, 2018 8:06:47 PM net.sf.freecol.common.FreeColSeed getFreeColSeed
INFO: Using seed: -2000242540967806913
May 16, 2018 8:06:47 PM net.sf.freecol.server.networking.Server sendToAll
INFO: Reap dead connection: [DummyConnection Server connection - model.nation.dutch]
May 16, 2018 8:06:47 PM net.sf.freecol.server.networking.Server sendToAll
INFO: Reap dead connection: [DummyConnection Server connection - model.nation.arawak]
May 16, 2018 8:06:47 PM net.sf.freecol.server.networking.Server sendToAll
INFO: Reap dead connection: [DummyConnection Server connection - model.nation.french]
May 16, 2018 8:06:47 PM net.sf.freecol.server.networking.Server sendToAll
INFO: Reap dead connection: [DummyConnection Server connection - model.nation.cherokee]
May 16, 2018 8:06:47 PM net.sf.freecol.server.networking.Server sendToAll
INFO: Reap dead connection: [DummyConnection Server connection - model.nation.inca]
May 16, 2018 8:06:47 PM net.sf.freecol.server.networking.Server sendToAll
INFO: Reap dead connection: [DummyConnection Server connection - model.nation.iroquois]
May 16, 2018 8:06:47 PM net.sf.freecol.server.networking.Server sendToAll
INFO: Reap dead connection: [DummyConnection Server connection - model.nation.aztec]
May 16, 2018 8:06:47 PM net.sf.freecol.server.networking.Server sendToAll
INFO: Reap dead connection: [DummyConnection Server connection - model.nation.sioux]
May 16, 2018 8:06:47 PM net.sf.freecol.server.networking.Server sendToAll
INFO: Reap dead connection: [DummyConnection Server connection - model.nation.english]
May 16, 2018 8:06:47 PM net.sf.freecol.server.networking.Server sendToAll
INFO: Reap dead connection: [DummyConnection Server connection - model.nation.tupi]
May 16, 2018 8:06:47 PM net.sf.freecol.server.networking.Server sendToAll
INFO: Reap dead connection: [DummyConnection Server connection - model.nation.spanish]
May 16, 2018 8:06:47 PM net.sf.freecol.server.networking.Server sendToAll
INFO: Reap dead connection: [DummyConnection Server connection - model.nation.apache]
May 16, 2018 8:06:47 PM net.sf.freecol.common.util.LogBuilder log
INFO: Destroying: tileImprovement:252
May 16, 2018 8:06:47 PM net.sf.freecol.common.model.Specification applyDifficultyLevel
INFO: Applying difficulty level model.difficulty.medium
May 16, 2018 8:06:47 PM net.sf.freecol.common.FreeColSeed getFreeColSeed
INFO: Using seed: -5692969239380586975
May 16, 2018 8:06:47 PM net.sf.freecol.server.networking.Server sendToAll
INFO: Reap dead connection: [DummyConnection Server connection - model.nation.sioux]
May 16, 2018 8:06:47 PM net.sf.freecol.server.networking.Server sendToAll
INFO: Reap dead connection: [DummyConnection Server connection - model.nation.inca]
May 16, 2018 8:06:47 PM net.sf.freecol.server.networking.Server sendToAll
INFO: Reap dead connection: [DummyConnection Server connection - model.nation.arawak]
May 16, 2018 8:06:47 PM net.sf.freecol.server.networking.Server sendToAll
INFO: Reap dead connection: [DummyConnection Server connection - model.nation.english]
May 16, 2018 8:06:47 PM net.sf.freecol.server.networking.Server sendToAll
INFO: Reap dead connection: [DummyConnection Server connection - model.nation.aztec]
May 16, 2018 8:06:47 PM net.sf.freecol.server.networking.Server sendToAll
INFO: Reap dead connection: [DummyConnection Server connection - model.nation.cherokee]
May 16, 2018 8:06:47 PM net.sf.freecol.server.networking.Server sendToAll
INFO: Reap dead connection: [DummyConnection Server connection - model.nation.french]
May 16, 2018 8:06:47 PM net.sf.freecol.server.networking.Server sendToAll
INFO: Reap dead connection: [DummyConnection Server connection - model.nation.iroquois]
May 16, 2018 8:06:47 PM net.sf.freecol.server.networking.Server sendToAll
INFO: Reap dead connection: [DummyConnection Server connection - model.nation.dutch]
May 16, 2018 8:06:47 PM net.sf.freecol.server.networking.Server sendToAll
INFO: Reap dead connection: [DummyConnection Server connection - model.nation.tupi]
May 16, 2018 8:06:47 PM net.sf.freecol.server.networking.Server sendToAll
INFO: Reap dead connection: [DummyConnection Server connection - model.nation.spanish]
May 16, 2018 8:06:47 PM net.sf.freecol.server.networking.Server sendToAll
INFO: Reap dead connection: [DummyConnection Server connection - model.nation.apache]
May 16, 2018 8:06:47 PM net.sf.freecol.common.model.Specification applyDifficultyLevel
INFO: Applying difficulty level model.difficulty.medium
May 16, 2018 8:06:47 PM net.sf.freecol.common.FreeColSeed getFreeColSeed
INFO: Using seed: 2784971674790994232
May 16, 2018 8:06:47 PM net.sf.freecol.server.networking.Server sendToAll
INFO: Reap dead connection: [DummyConnection Server connection - model.nation.apache]
May 16, 2018 8:06:47 PM net.sf.freecol.server.networking.Server sendToAll
INFO: Reap dead connection: [DummyConnection Server connection - model.nation.inca]
May 16, 2018 8:06:47 PM net.sf.freecol.server.networking.Server sendToAll
INFO: Reap dead connection: [DummyConnection Server connection - model.nation.dutch]
May 16, 2018 8:06:47 PM net.sf.freecol.server.networking.Server sendToAll
INFO: Reap dead connection: [DummyConnection Server connection - model.nation.iroquois]
May 16, 2018 8:06:47 PM net.sf.freecol.server.networking.Server sendToAll
INFO: Reap dead connection: [DummyConnection Server connection - model.nation.french]
May 16, 2018 8:06:47 PM net.sf.freecol.server.networking.Server sendToAll
INFO: Reap dead connection: [DummyConnection Server connection - model.nation.english]
May 16, 2018 8:06:47 PM net.sf.freecol.server.networking.Server sendToAll
INFO: Reap dead connection: [DummyConnection Server connection - model.nation.aztec]
May 16, 2018 8:06:47 PM net.sf.freecol.server.networking.Server sendToAll
INFO: Reap dead connection: [DummyConnection Server connection - model.nation.tupi]
May 16, 2018 8:06:47 PM net.sf.freecol.server.networking.Server sendToAll
INFO: Reap dead connection: [DummyConnection Server connection - model.nation.sioux]
May 16, 2018 8:06:47 PM net.sf.freecol.server.networking.Server sendToAll
INFO: Reap dead connection: [DummyConnection Server connection - model.nation.cherokee]
May 16, 2018 8:06:47 PM net.sf.freecol.server.networking.Server sendToAll
INFO: Reap dead connection: [DummyConnection Server connection - model.nation.spanish]
May 16, 2018 8:06:47 PM net.sf.freecol.server.networking.Server sendToAll
INFO: Reap dead connection: [DummyConnection Server connection - model.nation.arawak]
May 16, 2018 8:06:47 PM net.sf.freecol.common.model.Specification applyDifficultyLevel
INFO: Applying difficulty level model.difficulty.medium
May 16, 2018 8:06:47 PM net.sf.freecol.common.FreeColSeed getFreeColSeed
INFO: Using seed: 5250459319486509624
May 16, 2018 8:06:47 PM net.sf.freecol.server.networking.Server sendToAll
INFO: Reap dead connection: [DummyConnection Server connection - model.nation.arawak]
May 16, 2018 8:06:47 PM net.sf.freecol.server.networking.Server sendToAll
INFO: Reap dead connection: [DummyConnection Server connection - model.nation.spanish]
May 16, 2018 8:06:47 PM net.sf.freecol.server.networking.Server sendToAll
INFO: Reap dead connection: [DummyConnection Server connection - model.nation.iroquois]
May 16, 2018 8:06:47 PM net.sf.freecol.server.networking.Server sendToAll
INFO: Reap dead connection: [DummyConnection Server connection - model.nation.tupi]
May 16, 2018 8:06:47 PM net.sf.freecol.server.networking.Server sendToAll
INFO: Reap dead connection: [DummyConnection Server connection - model.nation.sioux]
May 16, 2018 8:06:47 PM net.sf.freecol.server.networking.Server sendToAll
INFO: Reap dead connection: [DummyConnection Server connection - model.nation.dutch]
May 16, 2018 8:06:47 PM net.sf.freecol.server.networking.Server sendToAll
INFO: Reap dead connection: [DummyConnection Server connection - model.nation.cherokee]
May 16, 2018 8:06:47 PM net.sf.freecol.server.networking.Server sendToAll
INFO: Reap dead connection: [DummyConnection Server connection - model.nation.inca]
May 16, 2018 8:06:47 PM net.sf.freecol.server.networking.Server sendToAll
INFO: Reap dead connection: [DummyConnection Server connection - model.nation.french]
May 16, 2018 8:06:47 PM net.sf.freecol.server.networking.Server sendToAll
INFO: Reap dead connection: [DummyConnection Server connection - model.nation.english]
May 16, 2018 8:06:47 PM net.sf.freecol.server.networking.Server sendToAll
INFO: Reap dead connection: [DummyConnection Server connection - model.nation.apache]
May 16, 2018 8:06:47 PM net.sf.freecol.server.networking.Server sendToAll
INFO: Reap dead connection: [DummyConnection Server connection - model.nation.aztec]
May 16, 2018 8:06:47 PM net.sf.freecol.common.util.LogBuilder log
INFO: Destroying: tileImprovement:274
May 16, 2018 8:06:47 PM net.sf.freecol.common.util.LogBuilder log
INFO: Destroying: tileImprovement:276
May 16, 2018 8:06:47 PM net.sf.freecol.common.model.Specification applyDifficultyLevel
INFO: Applying difficulty level model.difficulty.medium
May 16, 2018 8:06:47 PM net.sf.freecol.common.FreeColSeed getFreeColSeed
INFO: Using seed: -2058968504150115557
May 16, 2018 8:06:47 PM net.sf.freecol.server.networking.Server sendToAll
INFO: Reap dead connection: [DummyConnection Server connection - model.nation.iroquois]
May 16, 2018 8:06:47 PM net.sf.freecol.server.networking.Server sendToAll
INFO: Reap dead connection: [DummyConnection Server connection - model.nation.tupi]
May 16, 2018 8:06:47 PM net.sf.freecol.server.networking.Server sendToAll
INFO: Reap dead connection: [DummyConnection Server connection - model.nation.dutch]
May 16, 2018 8:06:47 PM net.sf.freecol.server.networking.Server sendToAll
INFO: Reap dead connection: [DummyConnection Server connection - model.nation.arawak]
May 16, 2018 8:06:47 PM net.sf.freecol.server.networking.Server sendToAll
INFO: Reap dead connection: [DummyConnection Server connection - model.nation.spanish]
May 16, 2018 8:06:47 PM net.sf.freecol.server.networking.Server sendToAll
INFO: Reap dead connection: [DummyConnection Server connection - model.nation.inca]
May 16, 2018 8:06:47 PM net.sf.freecol.server.networking.Server sendToAll
INFO: Reap dead connection: [DummyConnection Server connection - model.nation.french]
May 16, 2018 8:06:47 PM net.sf.freecol.server.networking.Server sendToAll
INFO: Reap dead connection: [DummyConnection Server connection - model.nation.apache]
May 16, 2018 8:06:47 PM net.sf.freecol.server.networking.Server sendToAll
INFO: Reap dead connection: [DummyConnection Server connection - model.nation.sioux]
May 16, 2018 8:06:47 PM net.sf.freecol.server.networking.Server sendToAll
INFO: Reap dead connection: [DummyConnection Server connection - model.nation.cherokee]
May 16, 2018 8:06:47 PM net.sf.freecol.server.networking.Server sendToAll
INFO: Reap dead connection: [DummyConnection Server connection - model.nation.english]
May 16, 2018 8:06:47 PM net.sf.freecol.server.networking.Server sendToAll
INFO: Reap dead connection: [DummyConnection Server connection - model.nation.aztec]
May 16, 2018 8:06:47 PM net.sf.freecol.common.model.LandMap <init>
INFO: Using land generator model.option.landGeneratorType.classic
May 16, 2018 8:06:47 PM net.sf.freecol.common.util.LogBuilder log
INFO: Destroying: tileImprovement:4066
May 16, 2018 8:06:47 PM net.sf.freecol.common.util.LogBuilder log
INFO: Destroying: tileImprovement:4068
May 16, 2018 8:06:47 PM net.sf.freecol.common.util.LogBuilder log
INFO: Destroying: tileImprovement:4070
May 16, 2018 8:06:47 PM net.sf.freecol.common.util.LogBuilder log
INFO: Destroying: tileImprovement:4047
May 16, 2018 8:06:47 PM net.sf.freecol.common.util.LogBuilder log
INFO: Destroying: tileImprovement:4049
May 16, 2018 8:06:47 PM net.sf.freecol.common.util.LogBuilder log
INFO: Destroying: tileImprovement:4051
May 16, 2018 8:06:47 PM net.sf.freecol.common.util.LogBuilder log
INFO: Destroying: tileImprovement:4053
May 16, 2018 8:06:47 PM net.sf.freecol.common.util.LogBuilder log
INFO: Destroying: tileImprovement:4055
May 16, 2018 8:06:47 PM net.sf.freecol.common.util.LogBuilder log
INFO: Destroying: tileImprovement:4057
May 16, 2018 8:06:47 PM net.sf.freecol.common.util.LogBuilder log
INFO: Destroying: tileImprovement:4059
May 16, 2018 8:06:47 PM net.sf.freecol.common.util.LogBuilder log
INFO: Destroying: tileImprovement:4202
May 16, 2018 8:06:47 PM net.sf.freecol.common.util.LogBuilder log
INFO: Destroying: tileImprovement:4204
May 16, 2018 8:06:47 PM net.sf.freecol.common.util.LogBuilder log
INFO: Destroying: tileImprovement:4206
May 16, 2018 8:06:47 PM net.sf.freecol.common.util.LogBuilder log
INFO: Destroying: tileImprovement:4208
May 16, 2018 8:06:47 PM net.sf.freecol.common.util.LogBuilder log
INFO: Destroying: tileImprovement:4210
May 16, 2018 8:06:47 PM net.sf.freecol.common.util.LogBuilder log
INFO: Destroying: tileImprovement:4212
May 16, 2018 8:06:47 PM net.sf.freecol.common.util.LogBuilder log
INFO: Destroying: tileImprovement:4236
May 16, 2018 8:06:47 PM net.sf.freecol.common.util.LogBuilder log
INFO: Destroying: tileImprovement:4237
May 16, 2018 8:06:47 PM net.sf.freecol.common.util.LogBuilder log
INFO: Destroying: tileImprovement:4238
May 16, 2018 8:06:47 PM net.sf.freecol.common.util.LogBuilder log
INFO: Destroying: tileImprovement:4239
May 16, 2018 8:06:47 PM net.sf.freecol.common.util.LogBuilder log
INFO: Destroying: tileImprovement:4240
May 16, 2018 8:06:47 PM net.sf.freecol.common.util.LogBuilder log
INFO: Destroying: tileImprovement:4241
May 16, 2018 8:06:47 PM net.sf.freecol.common.util.LogBuilder log
INFO: Destroying: tileImprovement:4242
May 16, 2018 8:06:47 PM net.sf.freecol.common.util.LogBuilder log
INFO: Destroying: tileImprovement:4260
May 16, 2018 8:06:47 PM net.sf.freecol.common.util.LogBuilder log
INFO: Destroying: tileImprovement:4262
May 16, 2018 8:06:47 PM net.sf.freecol.common.util.LogBuilder log
INFO: Destroying: tileImprovement:4264
May 16, 2018 8:06:47 PM net.sf.freecol.common.util.LogBuilder log
INFO: Destroying: tileImprovement:4254
May 16, 2018 8:06:47 PM net.sf.freecol.common.util.LogBuilder log
INFO: Destroying: tileImprovement:4255
May 16, 2018 8:06:47 PM net.sf.freecol.common.util.LogBuilder log
INFO: Destroying: tileImprovement:4256
May 16, 2018 8:06:47 PM net.sf.freecol.common.util.LogBuilder log
INFO: Destroying: tileImprovement:4257
May 16, 2018 8:06:47 PM net.sf.freecol.common.util.LogBuilder log
INFO: Destroying: tileImprovement:4258
May 16, 2018 8:06:47 PM net.sf.freecol.common.util.LogBuilder log
INFO: Destroying: tileImprovement:4259
May 16, 2018 8:06:47 PM net.sf.freecol.common.util.LogBuilder log
INFO: Destroying: tileImprovement:4183
May 16, 2018 8:06:47 PM net.sf.freecol.common.util.LogBuilder log
INFO: Destroying: tileImprovement:4185
May 16, 2018 8:06:47 PM net.sf.freecol.common.util.LogBuilder log
INFO: Destroying: tileImprovement:4187
May 16, 2018 8:06:47 PM net.sf.freecol.common.util.LogBuilder log
INFO: Destroying: tileImprovement:4189
May 16, 2018 8:06:47 PM net.sf.freecol.common.util.LogBuilder log
INFO: Destroying: tileImprovement:4062
May 16, 2018 8:06:47 PM net.sf.freecol.common.util.LogBuilder log
INFO: Destroying: tileImprovement:4064
May 16, 2018 8:06:47 PM net.sf.freecol.common.util.LogBuilder log
INFO: Destroying: tileImprovement:4217
May 16, 2018 8:06:47 PM net.sf.freecol.common.util.LogBuilder log
INFO: Destroying: tileImprovement:4218
May 16, 2018 8:06:47 PM net.sf.freecol.common.util.LogBuilder log
INFO: Destroying: tileImprovement:4219
May 16, 2018 8:06:47 PM net.sf.freecol.common.util.LogBuilder log
INFO: Destroying: tileImprovement:4192
May 16, 2018 8:06:47 PM net.sf.freecol.common.util.LogBuilder log
INFO: Destroying: tileImprovement:4194
May 16, 2018 8:06:47 PM net.sf.freecol.common.util.LogBuilder log
INFO: Destroying: tileImprovement:4196
May 16, 2018 8:06:47 PM net.sf.freecol.common.util.LogBuilder log
INFO: Destroying: tileImprovement:4157
May 16, 2018 8:06:47 PM net.sf.freecol.common.util.LogBuilder log
INFO: Destroying: tileImprovement:4159
May 16, 2018 8:06:47 PM net.sf.freecol.common.util.LogBuilder log
INFO: Destroying: tileImprovement:4161
May 16, 2018 8:06:47 PM net.sf.freecol.common.util.LogBuilder log
INFO: Destroying: tileImprovement:4163
May 16, 2018 8:06:47 PM net.sf.freecol.common.util.LogBuilder log
INFO: Destroying: tileImprovement:4165
May 16, 2018 8:06:47 PM net.sf.freecol.common.util.LogBuilder log
INFO: Destroying: tileImprovement:4167
May 16, 2018 8:06:47 PM net.sf.freecol.common.util.LogBuilder log
INFO: Destroying: tileImprovement:4169
May 16, 2018 8:06:47 PM net.sf.freecol.common.util.LogBuilder log
INFO: Destroying: tileImprovement:4171
May 16, 2018 8:06:47 PM net.sf.freecol.common.util.LogBuilder log
INFO: Destroying: tileImprovement:4173
May 16, 2018 8:06:47 PM net.sf.freecol.common.util.LogBuilder log
INFO: Destroying: tileImprovement:4175
May 16, 2018 8:06:47 PM net.sf.freecol.common.util.LogBuilder log
INFO: Destroying: tileImprovement:4177
May 16, 2018 8:06:47 PM net.sf.freecol.common.util.LogBuilder log
INFO: Destroying: tileImprovement:4179
May 16, 2018 8:06:47 PM net.sf.freecol.common.util.LogBuilder log
INFO: Destroying: tileImprovement:4181
May 16, 2018 8:06:47 PM net.sf.freecol.common.util.LogBuilder log
INFO: Destroying: tileImprovement:4363
May 16, 2018 8:06:47 PM net.sf.freecol.common.util.LogBuilder log
INFO: Destroying: tileImprovement:4364
May 16, 2018 8:06:47 PM net.sf.freecol.common.util.LogBuilder log
INFO: Destroying: tileImprovement:4365
May 16, 2018 8:06:47 PM net.sf.freecol.common.util.LogBuilder log
INFO: Destroying: tileImprovement:4366
May 16, 2018 8:06:47 PM net.sf.freecol.common.util.LogBuilder log
INFO: Destroying: tileImprovement:4514
May 16, 2018 8:06:47 PM net.sf.freecol.common.util.LogBuilder log
INFO: Destroying: tileImprovement:4516
May 16, 2018 8:06:47 PM net.sf.freecol.common.util.LogBuilder log
INFO: Destroying: tileImprovement:4518
May 16, 2018 8:06:47 PM net.sf.freecol.common.util.LogBuilder log
INFO: Destroying: tileImprovement:4520
May 16, 2018 8:06:47 PM net.sf.freecol.common.util.LogBuilder log
INFO: Destroying: tileImprovement:4522
May 16, 2018 8:06:47 PM net.sf.freecol.common.util.LogBuilder log
INFO: Destroying: tileImprovement:4524
May 16, 2018 8:06:47 PM net.sf.freecol.common.util.LogBuilder log
INFO: Destroying: tileImprovement:4526
May 16, 2018 8:06:47 PM net.sf.freecol.common.util.LogBuilder log
INFO: Destroying: tileImprovement:4528
May 16, 2018 8:06:47 PM net.sf.freecol.common.util.LogBuilder log
INFO: Destroying: tileImprovement:4506
May 16, 2018 8:06:47 PM net.sf.freecol.common.util.LogBuilder log
INFO: Destroying: tileImprovement:4508
May 16, 2018 8:06:47 PM net.sf.freecol.common.util.LogBuilder log
INFO: Destroying: tileImprovement:4510
May 16, 2018 8:06:47 PM net.sf.freecol.common.util.LogBuilder log
INFO: Destroying: tileImprovement:4512
May 16, 2018 8:06:47 PM net.sf.freecol.common.util.LogBuilder log
INFO: Destroying: tileImprovement:4550
May 16, 2018 8:06:47 PM net.sf.freecol.common.util.LogBuilder log
INFO: Destroying: tileImprovement:4551
May 16, 2018 8:06:47 PM net.sf.freecol.common.util.LogBuilder log
INFO: Destroying: tileImprovement:4552
May 16, 2018 8:06:47 PM net.sf.freecol.common.util.LogBuilder log
INFO: Destroying: tileImprovement:4553
May 16, 2018 8:06:47 PM net.sf.freecol.common.util.LogBuilder log
INFO: Destroying: tileImprovement:4554
May 16, 2018 8:06:47 PM net.sf.freecol.common.util.LogBuilder log
INFO: Destroying: tileImprovement:4555
May 16, 2018 8:06:47 PM net.sf.freecol.common.util.LogBuilder log
INFO: Destroying: tileImprovement:4556
May 16, 2018 8:06:47 PM net.sf.freecol.common.util.LogBuilder log
INFO: Destroying: tileImprovement:4557
May 16, 2018 8:06:47 PM net.sf.freecol.common.util.LogBuilder log
INFO: Destroying: tileImprovement:4376
May 16, 2018 8:06:47 PM net.sf.freecol.common.util.LogBuilder log
INFO: Destroying: tileImprovement:4377
May 16, 2018 8:06:47 PM net.sf.freecol.common.util.LogBuilder log
INFO: Destroying: tileImprovement:4486
May 16, 2018 8:06:47 PM net.sf.freecol.common.util.LogBuilder log
INFO: Destroying: tileImprovement:4488
May 16, 2018 8:06:47 PM net.sf.freecol.common.util.LogBuilder log
INFO: Destroying: tileImprovement:4490
May 16, 2018 8:06:47 PM net.sf.freecol.common.util.LogBuilder log
INFO: Destroying: tileImprovement:4492
May 16, 2018 8:06:47 PM net.sf.freecol.common.util.LogBuilder log
INFO: Destroying: tileImprovement:4494
May 16, 2018 8:06:47 PM net.sf.freecol.common.util.LogBuilder log
INFO: Destroying: tileImprovement:4496
May 16, 2018 8:06:47 PM net.sf.freecol.common.util.LogBuilder log
INFO: Destroying: tileImprovement:4473
May 16, 2018 8:06:47 PM net.sf.freecol.common.util.LogBuilder log
INFO: Destroying: tileImprovement:4474
May 16, 2018 8:06:47 PM net.sf.freecol.common.util.LogBuilder log
INFO: Destroying: tileImprovement:4475
May 16, 2018 8:06:47 PM net.sf.freecol.common.util.LogBuilder log
INFO: Destroying: tileImprovement:4476
May 16, 2018 8:06:47 PM net.sf.freecol.common.util.LogBuilder log
INFO: Destroying: tileImprovement:4477
May 16, 2018 8:06:47 PM net.sf.freecol.common.util.LogBuilder log
INFO: Destroying: tileImprovement:4478
May 16, 2018 8:06:47 PM net.sf.freecol.common.util.LogBuilder log
INFO: Destroying: tileImprovement:4479
May 16, 2018 8:06:47 PM net.sf.freecol.common.util.LogBuilder log
INFO: Destroying: tileImprovement:4480
May 16, 2018 8:06:47 PM net.sf.freecol.common.util.LogBuilder log
INFO: Destroying: tileImprovement:4481
May 16, 2018 8:06:47 PM net.sf.freecol.common.util.LogBuilder log
INFO: Destroying: tileImprovement:4482
May 16, 2018 8:06:47 PM net.sf.freecol.common.util.LogBuilder log
INFO: Destroying: tileImprovement:4483
May 16, 2018 8:06:47 PM net.sf.freecol.common.util.LogBuilder log
INFO: Destroying: tileImprovement:4484
May 16, 2018 8:06:47 PM net.sf.freecol.common.util.LogBuilder log
INFO: Destroying: tileImprovement:4485
May 16, 2018 8:06:47 PM net.sf.freecol.common.util.LogBuilder log
INFO: Destroying: tileImprovement:4301
May 16, 2018 8:06:47 PM net.sf.freecol.common.util.LogBuilder log
INFO: Destroying: tileImprovement:4303
May 16, 2018 8:06:47 PM net.sf.freecol.common.util.LogBuilder log
INFO: Destroying: tileImprovement:4305
May 16, 2018 8:06:47 PM net.sf.freecol.common.util.LogBuilder log
INFO: Destroying: tileImprovement:4594
May 16, 2018 8:06:47 PM net.sf.freecol.common.util.LogBuilder log
INFO: Destroying: tileImprovement:4596
May 16, 2018 8:06:47 PM net.sf.freecol.common.util.LogBuilder log
INFO: Destroying: tileImprovement:4598
May 16, 2018 8:06:47 PM net.sf.freecol.common.util.LogBuilder log
INFO: Destroying: tileImprovement:4289
May 16, 2018 8:06:47 PM net.sf.freecol.common.util.LogBuilder log
INFO: Destroying: tileImprovement:4291
May 16, 2018 8:06:47 PM net.sf.freecol.common.util.LogBuilder log
INFO: Destroying: tileImprovement:4293
May 16, 2018 8:06:47 PM net.sf.freecol.common.util.LogBuilder log
INFO: Destroying: tileImprovement:4736
May 16, 2018 8:06:47 PM net.sf.freecol.common.util.LogBuilder log
INFO: Destroying: tileImprovement:4737
May 16, 2018 8:06:47 PM net.sf.freecol.common.util.LogBuilder log
INFO: Destroying: tileImprovement:4738
May 16, 2018 8:06:47 PM net.sf.freecol.common.util.LogBuilder log
INFO: Destroying: tileImprovement:4720
May 16, 2018 8:06:47 PM net.sf.freecol.common.util.LogBuilder log
INFO: Destroying: tileImprovement:4722
May 16, 2018 8:06:47 PM net.sf.freecol.common.util.LogBuilder log
INFO: Destroying: tileImprovement:4717
May 16, 2018 8:06:47 PM net.sf.freecol.common.util.LogBuilder log
INFO: Destroying: tileImprovement:4718
May 16, 2018 8:06:47 PM net.sf.freecol.common.util.LogBuilder log
INFO: Destroying: tileImprovement:4719
May 16, 2018 8:06:47 PM net.sf.freecol.common.util.LogBuilder log
INFO: Destroying: tileImprovement:4243
May 16, 2018 8:06:47 PM net.sf.freecol.common.util.LogBuilder log
INFO: Destroying: tileImprovement:4245
May 16, 2018 8:06:47 PM net.sf.freecol.common.util.LogBuilder log
INFO: Destroying: tileImprovement:4247
May 16, 2018 8:06:47 PM net.sf.freecol.common.util.LogBuilder log
INFO: Destroying: tileImprovement:4249
May 16, 2018 8:06:47 PM net.sf.freecol.common.util.LogBuilder log
INFO: Destroying: tileImprovement:4251
May 16, 2018 8:06:47 PM net.sf.freecol.common.util.LogBuilder log
INFO: Destroying: tileImprovement:4590
May 16, 2018 8:06:47 PM net.sf.freecol.common.util.LogBuilder log
INFO: Destroying: tileImprovement:4592
May 16, 2018 8:06:47 PM net.sf.freecol.server.FreeColServer readGame
INFO: Found savegame version 11
May 16, 2018 8:06:47 PM net.sf.freecol.server.FreeColServer readGame
INFO: Imported file data\maps\Africa.fsg
May 16, 2018 8:06:47 PM net.sf.freecol.server.FreeColServer readGame
INFO: Found savegame version 13
May 16, 2018 8:06:47 PM net.sf.freecol.server.FreeColServer readGame
INFO: Imported file data\maps\America_large.fsg
May 16, 2018 8:06:48 PM net.sf.freecol.server.FreeColServer readGame
INFO: Found savegame version 11
May 16, 2018 8:06:48 PM net.sf.freecol.server.FreeColServer readGame
INFO: Imported file data\maps\Australia.fsg
May 16, 2018 8:06:48 PM net.sf.freecol.server.FreeColServer readGame
INFO: Found savegame version 11
May 16, 2018 8:06:48 PM net.sf.freecol.server.FreeColServer readGame
INFO: Imported file data\maps\Caribbean_basin.fsg
May 16, 2018 8:06:48 PM net.sf.freecol.common.model.LandMap <init>
INFO: Using land generator model.option.landGeneratorType.classic
May 16, 2018 8:06:48 PM net.sf.freecol.common.util.LogBuilder log
INFO: Destroying: tileImprovement:4045
May 16, 2018 8:06:48 PM net.sf.freecol.common.util.LogBuilder log
INFO: Destroying: tileImprovement:4047
May 16, 2018 8:06:48 PM net.sf.freecol.common.util.LogBuilder log
INFO: Destroying: tileImprovement:4049
May 16, 2018 8:06:48 PM net.sf.freecol.common.util.LogBuilder log
INFO: Destroying: tileImprovement:4026
May 16, 2018 8:06:48 PM net.sf.freecol.common.util.LogBuilder log
INFO: Destroying: tileImprovement:4028
May 16, 2018 8:06:48 PM net.sf.freecol.common.util.LogBuilder log
INFO: Destroying: tileImprovement:4030
May 16, 2018 8:06:48 PM net.sf.freecol.common.util.LogBuilder log
INFO: Destroying: tileImprovement:4032
May 16, 2018 8:06:48 PM net.sf.freecol.common.util.LogBuilder log
INFO: Destroying: tileImprovement:4034
May 16, 2018 8:06:48 PM net.sf.freecol.common.util.LogBuilder log
INFO: Destroying: tileImprovement:4036
May 16, 2018 8:06:48 PM net.sf.freecol.common.util.LogBuilder log
INFO: Destroying: tileImprovement:4038
May 16, 2018 8:06:48 PM net.sf.freecol.common.util.LogBuilder log
INFO: Destroying: tileImprovement:4181
May 16, 2018 8:06:48 PM net.sf.freecol.common.util.LogBuilder log
INFO: Destroying: tileImprovement:4183
May 16, 2018 8:06:48 PM net.sf.freecol.common.util.LogBuilder log
INFO: Destroying: tileImprovement:4185
May 16, 2018 8:06:48 PM net.sf.freecol.common.util.LogBuilder log
INFO: Destroying: tileImprovement:4187
May 16, 2018 8:06:48 PM net.sf.freecol.common.util.LogBuilder log
INFO: Destroying: tileImprovement:4189
May 16, 2018 8:06:48 PM net.sf.freecol.common.util.LogBuilder log
INFO: Destroying: tileImprovement:4191
May 16, 2018 8:06:48 PM net.sf.freecol.common.util.LogBuilder log
INFO: Destroying: tileImprovement:4215
May 16, 2018 8:06:48 PM net.sf.freecol.common.util.LogBuilder log
INFO: Destroying: tileImprovement:4216
May 16, 2018 8:06:48 PM net.sf.freecol.common.util.LogBuilder log
INFO: Destroying: tileImprovement:4217
May 16, 2018 8:06:48 PM net.sf.freecol.common.util.LogBuilder log
INFO: Destroying: tileImprovement:4218
May 16, 2018 8:06:48 PM net.sf.freecol.common.util.LogBuilder log
INFO: Destroying: tileImprovement:4219
May 16, 2018 8:06:48 PM net.sf.freecol.common.util.LogBuilder log
INFO: Destroying: tileImprovement:4220
May 16, 2018 8:06:48 PM net.sf.freecol.common.util.LogBuilder log
INFO: Destroying: tileImprovement:4221
May 16, 2018 8:06:48 PM net.sf.freecol.common.util.LogBuilder log
INFO: Destroying: tileImprovement:4239
May 16, 2018 8:06:48 PM net.sf.freecol.common.util.LogBuilder log
INFO: Destroying: tileImprovement:4241
May 16, 2018 8:06:48 PM net.sf.freecol.common.util.LogBuilder log
INFO: Destroying: tileImprovement:4243
May 16, 2018 8:06:48 PM net.sf.freecol.common.util.LogBuilder log
INFO: Destroying: tileImprovement:4233
May 16, 2018 8:06:48 PM net.sf.freecol.common.util.LogBuilder log
INFO: Destroying: tileImprovement:4234
May 16, 2018 8:06:48 PM net.sf.freecol.common.util.LogBuilder log
INFO: Destroying: tileImprovement:4235
May 16, 2018 8:06:48 PM net.sf.freecol.common.util.LogBuilder log
INFO: Destroying: tileImprovement:4236
May 16, 2018 8:06:48 PM net.sf.freecol.common.util.LogBuilder log
INFO: Destroying: tileImprovement:4237
May 16, 2018 8:06:48 PM net.sf.freecol.common.util.LogBuilder log
INFO: Destroying: tileImprovement:4238
May 16, 2018 8:06:48 PM net.sf.freecol.common.util.LogBuilder log
INFO: Destroying: tileImprovement:4162
May 16, 2018 8:06:48 PM net.sf.freecol.common.util.LogBuilder log
INFO: Destroying: tileImprovement:4164
May 16, 2018 8:06:48 PM net.sf.freecol.common.util.LogBuilder log
INFO: Destroying: tileImprovement:4166
May 16, 2018 8:06:48 PM net.sf.freecol.common.util.LogBuilder log
INFO: Destroying: tileImprovement:4168
May 16, 2018 8:06:48 PM net.sf.freecol.common.util.LogBuilder log
INFO: Destroying: tileImprovement:4041
May 16, 2018 8:06:48 PM net.sf.freecol.common.util.LogBuilder log
INFO: Destroying: tileImprovement:4043
May 16, 2018 8:06:48 PM net.sf.freecol.common.util.LogBuilder log
INFO: Destroying: tileImprovement:4196
May 16, 2018 8:06:48 PM net.sf.freecol.common.util.LogBuilder log
INFO: Destroying: tileImprovement:4197
May 16, 2018 8:06:48 PM net.sf.freecol.common.util.LogBuilder log
INFO: Destroying: tileImprovement:4198
May 16, 2018 8:06:48 PM net.sf.freecol.common.util.LogBuilder log
INFO: Destroying: tileImprovement:4171
May 16, 2018 8:06:48 PM net.sf.freecol.common.util.LogBuilder log
INFO: Destroying: tileImprovement:4173
May 16, 2018 8:06:48 PM net.sf.freecol.common.util.LogBuilder log
INFO: Destroying: tileImprovement:4175
May 16, 2018 8:06:48 PM net.sf.freecol.common.util.LogBuilder log
INFO: Destroying: tileImprovement:4136
May 16, 2018 8:06:48 PM net.sf.freecol.common.util.LogBuilder log
INFO: Destroying: tileImprovement:4138
May 16, 2018 8:06:48 PM net.sf.freecol.common.util.LogBuilder log
INFO: Destroying: tileImprovement:4140
May 16, 2018 8:06:48 PM net.sf.freecol.common.util.LogBuilder log
INFO: Destroying: tileImprovement:4142
May 16, 2018 8:06:48 PM net.sf.freecol.common.util.LogBuilder log
INFO: Destroying: tileImprovement:4144
May 16, 2018 8:06:48 PM net.sf.freecol.common.util.LogBuilder log
INFO: Destroying: tileImprovement:4146
May 16, 2018 8:06:48 PM net.sf.freecol.common.util.LogBuilder log
INFO: Destroying: tileImprovement:4148
May 16, 2018 8:06:48 PM net.sf.freecol.common.util.LogBuilder log
INFO: Destroying: tileImprovement:4150
May 16, 2018 8:06:48 PM net.sf.freecol.common.util.LogBuilder log
INFO: Destroying: tileImprovement:4152
May 16, 2018 8:06:48 PM net.sf.freecol.common.util.LogBuilder log
INFO: Destroying: tileImprovement:4154
May 16, 2018 8:06:48 PM net.sf.freecol.common.util.LogBuilder log
INFO: Destroying: tileImprovement:4156
May 16, 2018 8:06:48 PM net.sf.freecol.common.util.LogBuilder log
INFO: Destroying: tileImprovement:4158
May 16, 2018 8:06:48 PM net.sf.freecol.common.util.LogBuilder log
INFO: Destroying: tileImprovement:4160
May 16, 2018 8:06:48 PM net.sf.freecol.common.util.LogBuilder log
INFO: Destroying: tileImprovement:4342
May 16, 2018 8:06:48 PM net.sf.freecol.common.util.LogBuilder log
INFO: Destroying: tileImprovement:4343
May 16, 2018 8:06:48 PM net.sf.freecol.common.util.LogBuilder log
INFO: Destroying: tileImprovement:4344
May 16, 2018 8:06:48 PM net.sf.freecol.common.util.LogBuilder log
INFO: Destroying: tileImprovement:4345
May 16, 2018 8:06:48 PM net.sf.freecol.common.util.LogBuilder log
INFO: Destroying: tileImprovement:4493
May 16, 2018 8:06:48 PM net.sf.freecol.common.util.LogBuilder log
INFO: Destroying: tileImprovement:4495
May 16, 2018 8:06:48 PM net.sf.freecol.common.util.LogBuilder log
INFO: Destroying: tileImprovement:4497
May 16, 2018 8:06:48 PM net.sf.freecol.common.util.LogBuilder log
INFO: Destroying: tileImprovement:4499
May 16, 2018 8:06:48 PM net.sf.freecol.common.util.LogBuilder log
INFO: Destroying: tileImprovement:4501
May 16, 2018 8:06:48 PM net.sf.freecol.common.util.LogBuilder log
INFO: Destroying: tileImprovement:4503
May 16, 2018 8:06:48 PM net.sf.freecol.common.util.LogBuilder log
INFO: Destroying: tileImprovement:4505
May 16, 2018 8:06:48 PM net.sf.freecol.common.util.LogBuilder log
INFO: Destroying: tileImprovement:4507
May 16, 2018 8:06:48 PM net.sf.freecol.common.util.LogBuilder log
INFO: Destroying: tileImprovement:4485
May 16, 2018 8:06:48 PM net.sf.freecol.common.util.LogBuilder log
INFO: Destroying: tileImprovement:4487
May 16, 2018 8:06:48 PM net.sf.freecol.common.util.LogBuilder log
INFO: Destroying: tileImprovement:4489
May 16, 2018 8:06:48 PM net.sf.freecol.common.util.LogBuilder log
INFO: Destroying: tileImprovement:4491
May 16, 2018 8:06:48 PM net.sf.freecol.common.util.LogBuilder log
INFO: Destroying: tileImprovement:4529
May 16, 2018 8:06:48 PM net.sf.freecol.common.util.LogBuilder log
INFO: Destroying: tileImprovement:4530
May 16, 2018 8:06:48 PM net.sf.freecol.common.util.LogBuilder log
INFO: Destroying: tileImprovement:4531
May 16, 2018 8:06:48 PM net.sf.freecol.common.util.LogBuilder log
INFO: Destroying: tileImprovement:4532
May 16, 2018 8:06:48 PM net.sf.freecol.common.util.LogBuilder log
INFO: Destroying: tileImprovement:4533
May 16, 2018 8:06:48 PM net.sf.freecol.common.util.LogBuilder log
INFO: Destroying: tileImprovement:4534
May 16, 2018 8:06:48 PM net.sf.freecol.common.util.LogBuilder log
INFO: Destroying: tileImprovement:4535
May 16, 2018 8:06:48 PM net.sf.freecol.common.util.LogBuilder log
INFO: Destroying: tileImprovement:4536
May 16, 2018 8:06:48 PM net.sf.freecol.common.util.LogBuilder log
INFO: Destroying: tileImprovement:4355
May 16, 2018 8:06:48 PM net.sf.freecol.common.util.LogBuilder log
INFO: Destroying: tileImprovement:4356
May 16, 2018 8:06:48 PM net.sf.freecol.common.util.LogBuilder log
INFO: Destroying: tileImprovement:4465
May 16, 2018 8:06:48 PM net.sf.freecol.common.util.LogBuilder log
INFO: Destroying: tileImprovement:4467
May 16, 2018 8:06:48 PM net.sf.freecol.common.util.LogBuilder log
INFO: Destroying: tileImprovement:4469
May 16, 2018 8:06:48 PM net.sf.freecol.common.util.LogBuilder log
INFO: Destroying: tileImprovement:4471
May 16, 2018 8:06:48 PM net.sf.freecol.common.util.LogBuilder log
INFO: Destroying: tileImprovement:4473
May 16, 2018 8:06:48 PM net.sf.freecol.common.util.LogBuilder log
INFO: Destroying: tileImprovement:4475
May 16, 2018 8:06:48 PM net.sf.freecol.common.util.LogBuilder log
INFO: Destroying: tileImprovement:4452
May 16, 2018 8:06:48 PM net.sf.freecol.common.util.LogBuilder log
INFO: Destroying: tileImprovement:4453
May 16, 2018 8:06:48 PM net.sf.freecol.common.util.LogBuilder log
INFO: Destroying: tileImprovement:4454
May 16, 2018 8:06:48 PM net.sf.freecol.common.util.LogBuilder log
INFO: Destroying: tileImprovement:4455
May 16, 2018 8:06:48 PM net.sf.freecol.common.util.LogBuilder log
INFO: Destroying: tileImprovement:4456
May 16, 2018 8:06:48 PM net.sf.freecol.common.util.LogBuilder log
INFO: Destroying: tileImprovement:4457
May 16, 2018 8:06:48 PM net.sf.freecol.common.util.LogBuilder log
INFO: Destroying: tileImprovement:4458
May 16, 2018 8:06:48 PM net.sf.freecol.common.util.LogBuilder log
INFO: Destroying: tileImprovement:4459
May 16, 2018 8:06:48 PM net.sf.freecol.common.util.LogBuilder log
INFO: Destroying: tileImprovement:4460
May 16, 2018 8:06:48 PM net.sf.freecol.common.util.LogBuilder log
INFO: Destroying: tileImprovement:4461
May 16, 2018 8:06:48 PM net.sf.freecol.common.util.LogBuilder log
INFO: Destroying: tileImprovement:4462
May 16, 2018 8:06:48 PM net.sf.freecol.common.util.LogBuilder log
INFO: Destroying: tileImprovement:4463
May 16, 2018 8:06:48 PM net.sf.freecol.common.util.LogBuilder log
INFO: Destroying: tileImprovement:4464
May 16, 2018 8:06:48 PM net.sf.freecol.common.util.LogBuilder log
INFO: Destroying: tileImprovement:4280
May 16, 2018 8:06:48 PM net.sf.freecol.common.util.LogBuilder log
INFO: Destroying: tileImprovement:4282
May 16, 2018 8:06:48 PM net.sf.freecol.common.util.LogBuilder log
INFO: Destroying: tileImprovement:4284
May 16, 2018 8:06:48 PM net.sf.freecol.common.util.LogBuilder log
INFO: Destroying: tileImprovement:4573
May 16, 2018 8:06:48 PM net.sf.freecol.common.util.LogBuilder log
INFO: Destroying: tileImprovement:4575
May 16, 2018 8:06:48 PM net.sf.freecol.common.util.LogBuilder log
INFO: Destroying: tileImprovement:4577
May 16, 2018 8:06:48 PM net.sf.freecol.common.util.LogBuilder log
INFO: Destroying: tileImprovement:4268
May 16, 2018 8:06:48 PM net.sf.freecol.common.util.LogBuilder log
INFO: Destroying: tileImprovement:4270
May 16, 2018 8:06:48 PM net.sf.freecol.common.util.LogBuilder log
INFO: Destroying: tileImprovement:4272
May 16, 2018 8:06:48 PM net.sf.freecol.common.util.LogBuilder log
INFO: Destroying: tileImprovement:4715
May 16, 2018 8:06:48 PM net.sf.freecol.common.util.LogBuilder log
INFO: Destroying: tileImprovement:4716
May 16, 2018 8:06:48 PM net.sf.freecol.common.util.LogBuilder log
INFO: Destroying: tileImprovement:4717
May 16, 2018 8:06:48 PM net.sf.freecol.common.util.LogBuilder log
INFO: Destroying: tileImprovement:4699
May 16, 2018 8:06:48 PM net.sf.freecol.common.util.LogBuilder log
INFO: Destroying: tileImprovement:4701
May 16, 2018 8:06:48 PM net.sf.freecol.common.util.LogBuilder log
INFO: Destroying: tileImprovement:4696
May 16, 2018 8:06:48 PM net.sf.freecol.common.util.LogBuilder log
INFO: Destroying: tileImprovement:4697
May 16, 2018 8:06:48 PM net.sf.freecol.common.util.LogBuilder log
INFO: Destroying: tileImprovement:4698
May 16, 2018 8:06:48 PM net.sf.freecol.common.util.LogBuilder log
INFO: Destroying: tileImprovement:4222
May 16, 2018 8:06:48 PM net.sf.freecol.common.util.LogBuilder log
INFO: Destroying: tileImprovement:4224
May 16, 2018 8:06:48 PM net.sf.freecol.common.util.LogBuilder log
INFO: Destroying: tileImprovement:4226
May 16, 2018 8:06:48 PM net.sf.freecol.common.util.LogBuilder log
INFO: Destroying: tileImprovement:4228
May 16, 2018 8:06:48 PM net.sf.freecol.common.util.LogBuilder log
INFO: Destroying: tileImprovement:4230
May 16, 2018 8:06:48 PM net.sf.freecol.common.util.LogBuilder log
INFO: Destroying: tileImprovement:4569
May 16, 2018 8:06:48 PM net.sf.freecol.common.util.LogBuilder log
INFO: Destroying: tileImprovement:4571
May 16, 2018 8:06:48 PM net.sf.freecol.common.model.Game addPlayer
WARNING: Game already full, but tried to add: Dom Manuel I
May 16, 2018 8:06:48 PM net.sf.freecol.common.model.Game addPlayer
WARNING: Game already full, but tried to add: Charles XI
May 16, 2018 8:06:48 PM net.sf.freecol.common.model.Game addPlayer
WARNING: Game already full, but tried to add: Frederick II
May 16, 2018 8:06:48 PM net.sf.freecol.common.model.Game addPlayer
WARNING: Game already full, but tried to add: Peter I
May 16, 2018 8:06:48 PM net.sf.freecol.common.model.LandMap <init>
INFO: Using land generator model.option.landGeneratorType.classic
May 16, 2018 8:06:48 PM net.sf.freecol.common.util.LogBuilder log
INFO: Destroying: tileImprovement:4213
May 16, 2018 8:06:48 PM net.sf.freecol.common.util.LogBuilder log
INFO: Destroying: tileImprovement:4215
May 16, 2018 8:06:48 PM net.sf.freecol.common.util.LogBuilder log
INFO: Destroying: tileImprovement:4217
May 16, 2018 8:06:48 PM net.sf.freecol.common.util.LogBuilder log
INFO: Destroying: tileImprovement:4194
May 16, 2018 8:06:48 PM net.sf.freecol.common.util.LogBuilder log
INFO: Destroying: tileImprovement:4196
May 16, 2018 8:06:48 PM net.sf.freecol.common.util.LogBuilder log
INFO: Destroying: tileImprovement:4198
May 16, 2018 8:06:48 PM net.sf.freecol.common.util.LogBuilder log
INFO: Destroying: tileImprovement:4200
May 16, 2018 8:06:48 PM net.sf.freecol.common.util.LogBuilder log
INFO: Destroying: tileImprovement:4202
May 16, 2018 8:06:48 PM net.sf.freecol.common.util.LogBuilder log
INFO: Destroying: tileImprovement:4204
May 16, 2018 8:06:48 PM net.sf.freecol.common.util.LogBuilder log
INFO: Destroying: tileImprovement:4206
May 16, 2018 8:06:48 PM net.sf.freecol.common.util.LogBuilder log
INFO: Destroying: tileImprovement:4349
May 16, 2018 8:06:48 PM net.sf.freecol.common.util.LogBuilder log
INFO: Destroying: tileImprovement:4351
May 16, 2018 8:06:48 PM net.sf.freecol.common.util.LogBuilder log
INFO: Destroying: tileImprovement:4353
May 16, 2018 8:06:48 PM net.sf.freecol.common.util.LogBuilder log
INFO: Destroying: tileImprovement:4355
May 16, 2018 8:06:48 PM net.sf.freecol.common.util.LogBuilder log
INFO: Destroying: tileImprovement:4357
May 16, 2018 8:06:48 PM net.sf.freecol.common.util.LogBuilder log
INFO: Destroying: tileImprovement:4359
May 16, 2018 8:06:48 PM net.sf.freecol.common.util.LogBuilder log
INFO: Destroying: tileImprovement:4383
May 16, 2018 8:06:48 PM net.sf.freecol.common.util.LogBuilder log
INFO: Destroying: tileImprovement:4384
May 16, 2018 8:06:48 PM net.sf.freecol.common.util.LogBuilder log
INFO: Destroying: tileImprovement:4385
May 16, 2018 8:06:48 PM net.sf.freecol.common.util.LogBuilder log
INFO: Destroying: tileImprovement:4386
May 16, 2018 8:06:48 PM net.sf.freecol.common.util.LogBuilder log
INFO: Destroying: tileImprovement:4387
May 16, 2018 8:06:48 PM net.sf.freecol.common.util.LogBuilder log
INFO: Destroying: tileImprovement:4388
May 16, 2018 8:06:48 PM net.sf.freecol.common.util.LogBuilder log
INFO: Destroying: tileImprovement:4389
May 16, 2018 8:06:48 PM net.sf.freecol.common.util.LogBuilder log
INFO: Destroying: tileImprovement:4407
May 16, 2018 8:06:48 PM net.sf.freecol.common.util.LogBuilder log
INFO: Destroying: tileImprovement:4409
May 16, 2018 8:06:48 PM net.sf.freecol.common.util.LogBuilder log
INFO: Destroying: tileImprovement:4411
May 16, 2018 8:06:48 PM net.sf.freecol.common.util.LogBuilder log
INFO: Destroying: tileImprovement:4401
May 16, 2018 8:06:48 PM net.sf.freecol.common.util.LogBuilder log
INFO: Destroying: tileImprovement:4402
May 16, 2018 8:06:48 PM net.sf.freecol.common.util.LogBuilder log
INFO: Destroying: tileImprovement:4403
May 16, 2018 8:06:48 PM net.sf.freecol.common.util.LogBuilder log
INFO: Destroying: tileImprovement:4404
May 16, 2018 8:06:48 PM net.sf.freecol.common.util.LogBuilder log
INFO: Destroying: tileImprovement:4405
May 16, 2018 8:06:48 PM net.sf.freecol.common.util.LogBuilder log
INFO: Destroying: tileImprovement:4406
May 16, 2018 8:06:48 PM net.sf.freecol.common.util.LogBuilder log
INFO: Destroying: tileImprovement:4330
May 16, 2018 8:06:48 PM net.sf.freecol.common.util.LogBuilder log
INFO: Destroying: tileImprovement:4332
May 16, 2018 8:06:48 PM net.sf.freecol.common.util.LogBuilder log
INFO: Destroying: tileImprovement:4334
May 16, 2018 8:06:48 PM net.sf.freecol.common.util.LogBuilder log
INFO: Destroying: tileImprovement:4336
May 16, 2018 8:06:48 PM net.sf.freecol.common.util.LogBuilder log
INFO: Destroying: tileImprovement:4209
May 16, 2018 8:06:48 PM net.sf.freecol.common.util.LogBuilder log
INFO: Destroying: tileImprovement:4211
May 16, 2018 8:06:48 PM net.sf.freecol.common.util.LogBuilder log
INFO: Destroying: tileImprovement:4364
May 16, 2018 8:06:48 PM net.sf.freecol.common.util.LogBuilder log
INFO: Destroying: tileImprovement:4365
May 16, 2018 8:06:48 PM net.sf.freecol.common.util.LogBuilder log
INFO: Destroying: tileImprovement:4366
May 16, 2018 8:06:48 PM net.sf.freecol.common.util.LogBuilder log
INFO: Destroying: tileImprovement:4339
May 16, 2018 8:06:48 PM net.sf.freecol.common.util.LogBuilder log
INFO: Destroying: tileImprovement:4341
May 16, 2018 8:06:48 PM net.sf.freecol.common.util.LogBuilder log
INFO: Destroying: tileImprovement:4343
May 16, 2018 8:06:48 PM net.sf.freecol.common.util.LogBuilder log
INFO: Destroying: tileImprovement:4304
May 16, 2018 8:06:48 PM net.sf.freecol.common.util.LogBuilder log
INFO: Destroying: tileImprovement:4306
May 16, 2018 8:06:48 PM net.sf.freecol.common.util.LogBuilder log
INFO: Destroying: tileImprovement:4308
May 16, 2018 8:06:48 PM net.sf.freecol.common.util.LogBuilder log
INFO: Destroying: tileImprovement:4310
May 16, 2018 8:06:48 PM net.sf.freecol.common.util.LogBuilder log
INFO: Destroying: tileImprovement:4312
May 16, 2018 8:06:48 PM net.sf.freecol.common.util.LogBuilder log
INFO: Destroying: tileImprovement:4314
May 16, 2018 8:06:48 PM net.sf.freecol.common.util.LogBuilder log
INFO: Destroying: tileImprovement:4316
May 16, 2018 8:06:48 PM net.sf.freecol.common.util.LogBuilder log
INFO: Destroying: tileImprovement:4318
May 16, 2018 8:06:48 PM net.sf.freecol.common.util.LogBuilder log
INFO: Destroying: tileImprovement:4320
May 16, 2018 8:06:48 PM net.sf.freecol.common.util.LogBuilder log
INFO: Destroying: tileImprovement:4322
May 16, 2018 8:06:48 PM net.sf.freecol.common.util.LogBuilder log
INFO: Destroying: tileImprovement:4324
May 16, 2018 8:06:48 PM net.sf.freecol.common.util.LogBuilder log
INFO: Destroying: tileImprovement:4326
May 16, 2018 8:06:48 PM net.sf.freecol.common.util.LogBuilder log
INFO: Destroying: tileImprovement:4328
May 16, 2018 8:06:48 PM net.sf.freecol.common.util.LogBuilder log
INFO: Destroying: tileImprovement:4510
May 16, 2018 8:06:48 PM net.sf.freecol.common.util.LogBuilder log
INFO: Destroying: tileImprovement:4511
May 16, 2018 8:06:48 PM net.sf.freecol.common.util.LogBuilder log
INFO: Destroying: tileImprovement:4512
May 16, 2018 8:06:48 PM net.sf.freecol.common.util.LogBuilder log
INFO: Destroying: tileImprovement:4513
May 16, 2018 8:06:48 PM net.sf.freecol.common.util.LogBuilder log
INFO: Destroying: tileImprovement:4661
May 16, 2018 8:06:48 PM net.sf.freecol.common.util.LogBuilder log
INFO: Destroying: tileImprovement:4663
May 16, 2018 8:06:48 PM net.sf.freecol.common.util.LogBuilder log
INFO: Destroying: tileImprovement:4665
May 16, 2018 8:06:48 PM net.sf.freecol.common.util.LogBuilder log
INFO: Destroying: tileImprovement:4667
May 16, 2018 8:06:48 PM net.sf.freecol.common.util.LogBuilder log
INFO: Destroying: tileImprovement:4669
May 16, 2018 8:06:48 PM net.sf.freecol.common.util.LogBuilder log
INFO: Destroying: tileImprovement:4671
May 16, 2018 8:06:48 PM net.sf.freecol.common.util.LogBuilder log
INFO: Destroying: tileImprovement:4673
May 16, 2018 8:06:48 PM net.sf.freecol.common.util.LogBuilder log
INFO: Destroying: tileImprovement:4675
May 16, 2018 8:06:48 PM net.sf.freecol.common.util.LogBuilder log
INFO: Destroying: tileImprovement:4653
May 16, 2018 8:06:48 PM net.sf.freecol.common.util.LogBuilder log
INFO: Destroying: tileImprovement:4655
May 16, 2018 8:06:48 PM net.sf.freecol.common.util.LogBuilder log
INFO: Destroying: tileImprovement:4657
May 16, 2018 8:06:48 PM net.sf.freecol.common.util.LogBuilder log
INFO: Destroying: tileImprovement:4659
May 16, 2018 8:06:48 PM net.sf.freecol.common.util.LogBuilder log
INFO: Destroying: tileImprovement:4697
May 16, 2018 8:06:48 PM net.sf.freecol.common.util.LogBuilder log
INFO: Destroying: tileImprovement:4698
May 16, 2018 8:06:48 PM net.sf.freecol.common.util.LogBuilder log
INFO: Destroying: tileImprovement:4699
May 16, 2018 8:06:48 PM net.sf.freecol.common.util.LogBuilder log
INFO: Destroying: tileImprovement:4700
May 16, 2018 8:06:48 PM net.sf.freecol.common.util.LogBuilder log
INFO: Destroying: tileImprovement:4701
May 16, 2018 8:06:48 PM net.sf.freecol.common.util.LogBuilder log
INFO: Destroying: tileImprovement:4702
May 16, 2018 8:06:48 PM net.sf.freecol.common.util.LogBuilder log
INFO: Destroying: tileImprovement:4703
May 16, 2018 8:06:48 PM net.sf.freecol.common.util.LogBuilder log
INFO: Destroying: tileImprovement:4704
May 16, 2018 8:06:48 PM net.sf.freecol.common.util.LogBuilder log
INFO: Destroying: tileImprovement:4523
May 16, 2018 8:06:48 PM net.sf.freecol.common.util.LogBuilder log
INFO: Destroying: tileImprovement:4524
May 16, 2018 8:06:48 PM net.sf.freecol.common.util.LogBuilder log
INFO: Destroying: tileImprovement:4633
May 16, 2018 8:06:48 PM net.sf.freecol.common.util.LogBuilder log
INFO: Destroying: tileImprovement:4635
May 16, 2018 8:06:48 PM net.sf.freecol.common.util.LogBuilder log
INFO: Destroying: tileImprovement:4637
May 16, 2018 8:06:48 PM net.sf.freecol.common.util.LogBuilder log
INFO: Destroying: tileImprovement:4639
May 16, 2018 8:06:48 PM net.sf.freecol.common.util.LogBuilder log
INFO: Destroying: tileImprovement:4641
May 16, 2018 8:06:48 PM net.sf.freecol.common.util.LogBuilder log
INFO: Destroying: tileImprovement:4643
May 16, 2018 8:06:48 PM net.sf.freecol.common.util.LogBuilder log
INFO: Destroying: tileImprovement:4620
May 16, 2018 8:06:48 PM net.sf.freecol.common.util.LogBuilder log
INFO: Destroying: tileImprovement:4621
May 16, 2018 8:06:48 PM net.sf.freecol.common.util.LogBuilder log
INFO: Destroying: tileImprovement:4622
May 16, 2018 8:06:48 PM net.sf.freecol.common.util.LogBuilder log
INFO: Destroying: tileImprovement:4623
May 16, 2018 8:06:48 PM net.sf.freecol.common.util.LogBuilder log
INFO: Destroying: tileImprovement:4624
May 16, 2018 8:06:48 PM net.sf.freecol.common.util.LogBuilder log
INFO: Destroying: tileImprovement:4625
May 16, 2018 8:06:48 PM net.sf.freecol.common.util.LogBuilder log
INFO: Destroying: tileImprovement:4626
May 16, 2018 8:06:48 PM net.sf.freecol.common.util.LogBuilder log
INFO: Destroying: tileImprovement:4627
May 16, 2018 8:06:48 PM net.sf.freecol.common.util.LogBuilder log
INFO: Destroying: tileImprovement:4628
May 16, 2018 8:06:48 PM net.sf.freecol.common.util.LogBuilder log
INFO: Destroying: tileImprovement:4629
May 16, 2018 8:06:48 PM net.sf.freecol.common.util.LogBuilder log
INFO: Destroying: tileImprovement:4630
May 16, 2018 8:06:48 PM net.sf.freecol.common.util.LogBuilder log
INFO: Destroying: tileImprovement:4631
May 16, 2018 8:06:48 PM net.sf.freecol.common.util.LogBuilder log
INFO: Destroying: tileImprovement:4632
May 16, 2018 8:06:48 PM net.sf.freecol.common.util.LogBuilder log
INFO: Destroying: tileImprovement:4448
May 16, 2018 8:06:48 PM net.sf.freecol.common.util.LogBuilder log
INFO: Destroying: tileImprovement:4450
May 16, 2018 8:06:48 PM net.sf.freecol.common.util.LogBuilder log
INFO: Destroying: tileImprovement:4452
May 16, 2018 8:06:48 PM net.sf.freecol.common.util.LogBuilder log
INFO: Destroying: tileImprovement:4741
May 16, 2018 8:06:48 PM net.sf.freecol.common.util.LogBuilder log
INFO: Destroying: tileImprovement:4743
May 16, 2018 8:06:48 PM net.sf.freecol.common.util.LogBuilder log
INFO: Destroying: tileImprovement:4745
May 16, 2018 8:06:48 PM net.sf.freecol.common.util.LogBuilder log
INFO: Destroying: tileImprovement:4436
May 16, 2018 8:06:48 PM net.sf.freecol.common.util.LogBuilder log
INFO: Destroying: tileImprovement:4438
May 16, 2018 8:06:48 PM net.sf.freecol.common.util.LogBuilder log
INFO: Destroying: tileImprovement:4440
May 16, 2018 8:06:48 PM net.sf.freecol.common.util.LogBuilder log
INFO: Destroying: tileImprovement:4883
May 16, 2018 8:06:48 PM net.sf.freecol.common.util.LogBuilder log
INFO: Destroying: tileImprovement:4884
May 16, 2018 8:06:48 PM net.sf.freecol.common.util.LogBuilder log
INFO: Destroying: tileImprovement:4885
May 16, 2018 8:06:48 PM net.sf.freecol.common.util.LogBuilder log
INFO: Destroying: tileImprovement:4867
May 16, 2018 8:06:48 PM net.sf.freecol.common.util.LogBuilder log
INFO: Destroying: tileImprovement:4869
May 16, 2018 8:06:48 PM net.sf.freecol.common.util.LogBuilder log
INFO: Destroying: tileImprovement:4864
May 16, 2018 8:06:48 PM net.sf.freecol.common.util.LogBuilder log
INFO: Destroying: tileImprovement:4865
May 16, 2018 8:06:48 PM net.sf.freecol.common.util.LogBuilder log
INFO: Destroying: tileImprovement:4866
May 16, 2018 8:06:48 PM net.sf.freecol.common.util.LogBuilder log
INFO: Destroying: tileImprovement:4390
May 16, 2018 8:06:48 PM net.sf.freecol.common.util.LogBuilder log
INFO: Destroying: tileImprovement:4392
May 16, 2018 8:06:48 PM net.sf.freecol.common.util.LogBuilder log
INFO: Destroying: tileImprovement:4394
May 16, 2018 8:06:48 PM net.sf.freecol.common.util.LogBuilder log
INFO: Destroying: tileImprovement:4396
May 16, 2018 8:06:48 PM net.sf.freecol.common.util.LogBuilder log
INFO: Destroying: tileImprovement:4398
May 16, 2018 8:06:48 PM net.sf.freecol.common.util.LogBuilder log
INFO: Destroying: tileImprovement:4737
May 16, 2018 8:06:48 PM net.sf.freecol.common.util.LogBuilder log
INFO: Destroying: tileImprovement:4739
May 16, 2018 8:06:48 PM net.sf.freecol.common.model.Game addPlayer
WARNING: Game already full, but tried to add: Dom Manuel I
May 16, 2018 8:06:48 PM net.sf.freecol.common.model.Game addPlayer
WARNING: Game already full, but tried to add: Charles XI
May 16, 2018 8:06:48 PM net.sf.freecol.common.model.Game addPlayer
WARNING: Game already full, but tried to add: Frederick II
May 16, 2018 8:06:48 PM net.sf.freecol.common.model.Game addPlayer
WARNING: Game already full, but tried to add: Peter I
May 16, 2018 8:06:48 PM net.sf.freecol.common.model.LandMap <init>
INFO: Using land generator model.option.landGeneratorType.classic
May 16, 2018 8:06:48 PM net.sf.freecol.common.util.LogBuilder log
INFO: Destroying: tileImprovement:4517
May 16, 2018 8:06:48 PM net.sf.freecol.common.util.LogBuilder log
INFO: Destroying: tileImprovement:4519
May 16, 2018 8:06:48 PM net.sf.freecol.common.util.LogBuilder log
INFO: Destroying: tileImprovement:4521
May 16, 2018 8:06:48 PM net.sf.freecol.common.util.LogBuilder log
INFO: Destroying: tileImprovement:4498
May 16, 2018 8:06:48 PM net.sf.freecol.common.util.LogBuilder log
INFO: Destroying: tileImprovement:4500
May 16, 2018 8:06:48 PM net.sf.freecol.common.util.LogBuilder log
INFO: Destroying: tileImprovement:4502
May 16, 2018 8:06:48 PM net.sf.freecol.common.util.LogBuilder log
INFO: Destroying: tileImprovement:4504
May 16, 2018 8:06:48 PM net.sf.freecol.common.util.LogBuilder log
INFO: Destroying: tileImprovement:4506
May 16, 2018 8:06:48 PM net.sf.freecol.common.util.LogBuilder log
INFO: Destroying: tileImprovement:4508
May 16, 2018 8:06:48 PM net.sf.freecol.common.util.LogBuilder log
INFO: Destroying: tileImprovement:4510
May 16, 2018 8:06:48 PM net.sf.freecol.common.util.LogBuilder log
INFO: Destroying: tileImprovement:4653
May 16, 2018 8:06:48 PM net.sf.freecol.common.util.LogBuilder log
INFO: Destroying: tileImprovement:4655
May 16, 2018 8:06:48 PM net.sf.freecol.common.util.LogBuilder log
INFO: Destroying: tileImprovement:4657
May 16, 2018 8:06:48 PM net.sf.freecol.common.util.LogBuilder log
INFO: Destroying: tileImprovement:4659
May 16, 2018 8:06:48 PM net.sf.freecol.common.util.LogBuilder log
INFO: Destroying: tileImprovement:4661
May 16, 2018 8:06:48 PM net.sf.freecol.common.util.LogBuilder log
INFO: Destroying: tileImprovement:4663
May 16, 2018 8:06:48 PM net.sf.freecol.common.util.LogBuilder log
INFO: Destroying: tileImprovement:4687
May 16, 2018 8:06:48 PM net.sf.freecol.common.util.LogBuilder log
INFO: Destroying: tileImprovement:4688
May 16, 2018 8:06:48 PM net.sf.freecol.common.util.LogBuilder log
INFO: Destroying: tileImprovement:4689
May 16, 2018 8:06:48 PM net.sf.freecol.common.util.LogBuilder log
INFO: Destroying: tileImprovement:4690
May 16, 2018 8:06:48 PM net.sf.freecol.common.util.LogBuilder log
INFO: Destroying: tileImprovement:4691
May 16, 2018 8:06:48 PM net.sf.freecol.common.util.LogBuilder log
INFO: Destroying: tileImprovement:4692
May 16, 2018 8:06:48 PM net.sf.freecol.common.util.LogBuilder log
INFO: Destroying: tileImprovement:4693
May 16, 2018 8:06:48 PM net.sf.freecol.common.util.LogBuilder log
INFO: Destroying: tileImprovement:4711
May 16, 2018 8:06:48 PM net.sf.freecol.common.util.LogBuilder log
INFO: Destroying: tileImprovement:4713
May 16, 2018 8:06:48 PM net.sf.freecol.common.util.LogBuilder log
INFO: Destroying: tileImprovement:4715
May 16, 2018 8:06:48 PM net.sf.freecol.common.util.LogBuilder log
INFO: Destroying: tileImprovement:4705
May 16, 2018 8:06:48 PM net.sf.freecol.common.util.LogBuilder log
INFO: Destroying: tileImprovement:4706
May 16, 2018 8:06:48 PM net.sf.freecol.common.util.LogBuilder log
INFO: Destroying: tileImprovement:4707
May 16, 2018 8:06:48 PM net.sf.freecol.common.util.LogBuilder log
INFO: Destroying: tileImprovement:4708
May 16, 2018 8:06:48 PM net.sf.freecol.common.util.LogBuilder log
INFO: Destroying: tileImprovement:4709
May 16, 2018 8:06:48 PM net.sf.freecol.common.util.LogBuilder log
INFO: Destroying: tileImprovement:4710
May 16, 2018 8:06:48 PM net.sf.freecol.common.util.LogBuilder log
INFO: Destroying: tileImprovement:4634
May 16, 2018 8:06:48 PM net.sf.freecol.common.util.LogBuilder log
INFO: Destroying: tileImprovement:4636
May 16, 2018 8:06:48 PM net.sf.freecol.common.util.LogBuilder log
INFO: Destroying: tileImprovement:4638
May 16, 2018 8:06:48 PM net.sf.freecol.common.util.LogBuilder log
INFO: Destroying: tileImprovement:4640
May 16, 2018 8:06:48 PM net.sf.freecol.common.util.LogBuilder log
INFO: Destroying: tileImprovement:4513
May 16, 2018 8:06:48 PM net.sf.freecol.common.util.LogBuilder log
INFO: Destroying: tileImprovement:4515
May 16, 2018 8:06:48 PM net.sf.freecol.common.util.LogBuilder log
INFO: Destroying: tileImprovement:4668
May 16, 2018 8:06:48 PM net.sf.freecol.common.util.LogBuilder log
INFO: Destroying: tileImprovement:4669
May 16, 2018 8:06:48 PM net.sf.freecol.common.util.LogBuilder log
INFO: Destroying: tileImprovement:4670
May 16, 2018 8:06:48 PM net.sf.freecol.common.util.LogBuilder log
INFO: Destroying: tileImprovement:4643
May 16, 2018 8:06:48 PM net.sf.freecol.common.util.LogBuilder log
INFO: Destroying: tileImprovement:4645
May 16, 2018 8:06:48 PM net.sf.freecol.common.util.LogBuilder log
INFO: Destroying: tileImprovement:4647
May 16, 2018 8:06:48 PM net.sf.freecol.common.util.LogBuilder log
INFO: Destroying: tileImprovement:4608
May 16, 2018 8:06:48 PM net.sf.freecol.common.util.LogBuilder log
INFO: Destroying: tileImprovement:4610
May 16, 2018 8:06:48 PM net.sf.freecol.common.util.LogBuilder log
INFO: Destroying: tileImprovement:4612
May 16, 2018 8:06:48 PM net.sf.freecol.common.util.LogBuilder log
INFO: Destroying: tileImprovement:4614
May 16, 2018 8:06:48 PM net.sf.freecol.common.util.LogBuilder log
INFO: Destroying: tileImprovement:4616
May 16, 2018 8:06:48 PM net.sf.freecol.common.util.LogBuilder log
INFO: Destroying: tileImprovement:4618
May 16, 2018 8:06:48 PM net.sf.freecol.common.util.LogBuilder log
INFO: Destroying: tileImprovement:4620
May 16, 2018 8:06:48 PM net.sf.freecol.common.util.LogBuilder log
INFO: Destroying: tileImprovement:4622
May 16, 2018 8:06:48 PM net.sf.freecol.common.util.LogBuilder log
INFO: Destroying: tileImprovement:4624
May 16, 2018 8:06:48 PM net.sf.freecol.common.util.LogBuilder log
INFO: Destroying: tileImprovement:4626
May 16, 2018 8:06:48 PM net.sf.freecol.common.util.LogBuilder log
INFO: Destroying: tileImprovement:4628
May 16, 2018 8:06:48 PM net.sf.freecol.common.util.LogBuilder log
INFO: Destroying: tileImprovement:4630
May 16, 2018 8:06:48 PM net.sf.freecol.common.util.LogBuilder log
INFO: Destroying: tileImprovement:4632
May 16, 2018 8:06:48 PM net.sf.freecol.common.util.LogBuilder log
INFO: Destroying: tileImprovement:4814
May 16, 2018 8:06:48 PM net.sf.freecol.common.util.LogBuilder log
INFO: Destroying: tileImprovement:4815
May 16, 2018 8:06:48 PM net.sf.freecol.common.util.LogBuilder log
INFO: Destroying: tileImprovement:4816
May 16, 2018 8:06:48 PM net.sf.freecol.common.util.LogBuilder log
INFO: Destroying: tileImprovement:4817
May 16, 2018 8:06:48 PM net.sf.freecol.common.util.LogBuilder log
INFO: Destroying: tileImprovement:4965
May 16, 2018 8:06:48 PM net.sf.freecol.common.util.LogBuilder log
INFO: Destroying: tileImprovement:4967
May 16, 2018 8:06:48 PM net.sf.freecol.common.util.LogBuilder log
INFO: Destroying: tileImprovement:4969
May 16, 2018 8:06:48 PM net.sf.freecol.common.util.LogBuilder log
INFO: Destroying: tileImprovement:4971
May 16, 2018 8:06:48 PM net.sf.freecol.common.util.LogBuilder log
INFO: Destroying: tileImprovement:4973
May 16, 2018 8:06:48 PM net.sf.freecol.common.util.LogBuilder log
INFO: Destroying: tileImprovement:4975
May 16, 2018 8:06:48 PM net.sf.freecol.common.util.LogBuilder log
INFO: Destroying: tileImprovement:4977
May 16, 2018 8:06:48 PM net.sf.freecol.common.util.LogBuilder log
INFO: Destroying: tileImprovement:4979
May 16, 2018 8:06:48 PM net.sf.freecol.common.util.LogBuilder log
INFO: Destroying: tileImprovement:4957
May 16, 2018 8:06:48 PM net.sf.freecol.common.util.LogBuilder log
INFO: Destroying: tileImprovement:4959
May 16, 2018 8:06:48 PM net.sf.freecol.common.util.LogBuilder log
INFO: Destroying: tileImprovement:4961
May 16, 2018 8:06:48 PM net.sf.freecol.common.util.LogBuilder log
INFO: Destroying: tileImprovement:4963
May 16, 2018 8:06:48 PM net.sf.freecol.common.util.LogBuilder log
INFO: Destroying: tileImprovement:5001
May 16, 2018 8:06:48 PM net.sf.freecol.common.util.LogBuilder log
INFO: Destroying: tileImprovement:5002
May 16, 2018 8:06:48 PM net.sf.freecol.common.util.LogBuilder log
INFO: Destroying: tileImprovement:5003
May 16, 2018 8:06:48 PM net.sf.freecol.common.util.LogBuilder log
INFO: Destroying: tileImprovement:5004
May 16, 2018 8:06:48 PM net.sf.freecol.common.util.LogBuilder log
INFO: Destroying: tileImprovement:5005
May 16, 2018 8:06:48 PM net.sf.freecol.common.util.LogBuilder log
INFO: Destroying: tileImprovement:5006
May 16, 2018 8:06:48 PM net.sf.freecol.common.util.LogBuilder log
INFO: Destroying: tileImprovement:5007
May 16, 2018 8:06:48 PM net.sf.freecol.common.util.LogBuilder log
INFO: Destroying: tileImprovement:5008
May 16, 2018 8:06:48 PM net.sf.freecol.common.util.LogBuilder log
INFO: Destroying: tileImprovement:4827
May 16, 2018 8:06:48 PM net.sf.freecol.common.util.LogBuilder log
INFO: Destroying: tileImprovement:4828
May 16, 2018 8:06:48 PM net.sf.freecol.common.util.LogBuilder log
INFO: Destroying: tileImprovement:4937
May 16, 2018 8:06:48 PM net.sf.freecol.common.util.LogBuilder log
INFO: Destroying: tileImprovement:4939
May 16, 2018 8:06:48 PM net.sf.freecol.common.util.LogBuilder log
INFO: Destroying: tileImprovement:4941
May 16, 2018 8:06:48 PM net.sf.freecol.common.util.LogBuilder log
INFO: Destroying: tileImprovement:4943
May 16, 2018 8:06:48 PM net.sf.freecol.common.util.LogBuilder log
INFO: Destroying: tileImprovement:4945
May 16, 2018 8:06:48 PM net.sf.freecol.common.util.LogBuilder log
INFO: Destroying: tileImprovement:4947
May 16, 2018 8:06:48 PM net.sf.freecol.common.util.LogBuilder log
INFO: Destroying: tileImprovement:4924
May 16, 2018 8:06:48 PM net.sf.freecol.common.util.LogBuilder log
INFO: Destroying: tileImprovement:4925
May 16, 2018 8:06:48 PM net.sf.freecol.common.util.LogBuilder log
INFO: Destroying: tileImprovement:4926
May 16, 2018 8:06:48 PM net.sf.freecol.common.util.LogBuilder log
INFO: Destroying: tileImprovement:4927
May 16, 2018 8:06:48 PM net.sf.freecol.common.util.LogBuilder log
INFO: Destroying: tileImprovement:4928
May 16, 2018 8:06:48 PM net.sf.freecol.common.util.LogBuilder log
INFO: Destroying: tileImprovement:4929
May 16, 2018 8:06:48 PM net.sf.freecol.common.util.LogBuilder log
INFO: Destroying: tileImprovement:4930
May 16, 2018 8:06:48 PM net.sf.freecol.common.util.LogBuilder log
INFO: Destroying: tileImprovement:4931
May 16, 2018 8:06:48 PM net.sf.freecol.common.util.LogBuilder log
INFO: Destroying: tileImprovement:4932
May 16, 2018 8:06:48 PM net.sf.freecol.common.util.LogBuilder log
INFO: Destroying: tileImprovement:4933
May 16, 2018 8:06:48 PM net.sf.freecol.common.util.LogBuilder log
INFO: Destroying: tileImprovement:4934
May 16, 2018 8:06:48 PM net.sf.freecol.common.util.LogBuilder log
INFO: Destroying: tileImprovement:4935
May 16, 2018 8:06:48 PM net.sf.freecol.common.util.LogBuilder log
INFO: Destroying: tileImprovement:4936
May 16, 2018 8:06:48 PM net.sf.freecol.common.util.LogBuilder log
INFO: Destroying: tileImprovement:4752
May 16, 2018 8:06:48 PM net.sf.freecol.common.util.LogBuilder log
INFO: Destroying: tileImprovement:4754
May 16, 2018 8:06:48 PM net.sf.freecol.common.util.LogBuilder log
INFO: Destroying: tileImprovement:4756
May 16, 2018 8:06:48 PM net.sf.freecol.common.util.LogBuilder log
INFO: Destroying: tileImprovement:5045
May 16, 2018 8:06:48 PM net.sf.freecol.common.util.LogBuilder log
INFO: Destroying: tileImprovement:5047
May 16, 2018 8:06:48 PM net.sf.freecol.common.util.LogBuilder log
INFO: Destroying: tileImprovement:5049
May 16, 2018 8:06:48 PM net.sf.freecol.common.util.LogBuilder log
INFO: Destroying: tileImprovement:4740
May 16, 2018 8:06:48 PM net.sf.freecol.common.util.LogBuilder log
INFO: Destroying: tileImprovement:4742
May 16, 2018 8:06:48 PM net.sf.freecol.common.util.LogBuilder log
INFO: Destroying: tileImprovement:4744
May 16, 2018 8:06:48 PM net.sf.freecol.common.util.LogBuilder log
INFO: Destroying: tileImprovement:5187
May 16, 2018 8:06:48 PM net.sf.freecol.common.util.LogBuilder log
INFO: Destroying: tileImprovement:5188
May 16, 2018 8:06:48 PM net.sf.freecol.common.util.LogBuilder log
INFO: Destroying: tileImprovement:5189
May 16, 2018 8:06:48 PM net.sf.freecol.common.util.LogBuilder log
INFO: Destroying: tileImprovement:5171
May 16, 2018 8:06:48 PM net.sf.freecol.common.util.LogBuilder log
INFO: Destroying: tileImprovement:5173
May 16, 2018 8:06:48 PM net.sf.freecol.common.util.LogBuilder log
INFO: Destroying: tileImprovement:5168
May 16, 2018 8:06:48 PM net.sf.freecol.common.util.LogBuilder log
INFO: Destroying: tileImprovement:5169
May 16, 2018 8:06:48 PM net.sf.freecol.common.util.LogBuilder log
INFO: Destroying: tileImprovement:5170
May 16, 2018 8:06:48 PM net.sf.freecol.common.util.LogBuilder log
INFO: Destroying: tileImprovement:4694
May 16, 2018 8:06:48 PM net.sf.freecol.common.util.LogBuilder log
INFO: Destroying: tileImprovement:4696
May 16, 2018 8:06:48 PM net.sf.freecol.common.util.LogBuilder log
INFO: Destroying: tileImprovement:4698
May 16, 2018 8:06:48 PM net.sf.freecol.common.util.LogBuilder log
INFO: Destroying: tileImprovement:4700
May 16, 2018 8:06:48 PM net.sf.freecol.common.util.LogBuilder log
INFO: Destroying: tileImprovement:4702
May 16, 2018 8:06:48 PM net.sf.freecol.common.util.LogBuilder log
INFO: Destroying: tileImprovement:5041
May 16, 2018 8:06:48 PM net.sf.freecol.common.util.LogBuilder log
INFO: Destroying: tileImprovement:5043
May 16, 2018 8:06:48 PM net.sf.freecol.common.model.Game addPlayer
WARNING: Game already full, but tried to add: Dom Manuel I
May 16, 2018 8:06:48 PM net.sf.freecol.common.model.Game addPlayer
WARNING: Game already full, but tried to add: Charles XI
May 16, 2018 8:06:48 PM net.sf.freecol.common.model.Game addPlayer
WARNING: Game already full, but tried to add: Frederick II
May 16, 2018 8:06:48 PM net.sf.freecol.common.model.Game addPlayer
WARNING: Game already full, but tried to add: Peter I
May 16, 2018 8:06:48 PM net.sf.freecol.common.model.LandMap <init>
INFO: Using land generator model.option.landGeneratorType.classic
May 16, 2018 8:06:48 PM net.sf.freecol.common.util.LogBuilder log
INFO: Destroying: tileImprovement:4517
May 16, 2018 8:06:48 PM net.sf.freecol.common.util.LogBuilder log
INFO: Destroying: tileImprovement:4519
May 16, 2018 8:06:48 PM net.sf.freecol.common.util.LogBuilder log
INFO: Destroying: tileImprovement:4521
May 16, 2018 8:06:48 PM net.sf.freecol.common.util.LogBuilder log
INFO: Destroying: tileImprovement:4498
May 16, 2018 8:06:48 PM net.sf.freecol.common.util.LogBuilder log
INFO: Destroying: tileImprovement:4500
May 16, 2018 8:06:48 PM net.sf.freecol.common.util.LogBuilder log
INFO: Destroying: tileImprovement:4502
May 16, 2018 8:06:48 PM net.sf.freecol.common.util.LogBuilder log
INFO: Destroying: tileImprovement:4504
May 16, 2018 8:06:48 PM net.sf.freecol.common.util.LogBuilder log
INFO: Destroying: tileImprovement:4506
May 16, 2018 8:06:48 PM net.sf.freecol.common.util.LogBuilder log
INFO: Destroying: tileImprovement:4508
May 16, 2018 8:06:48 PM net.sf.freecol.common.util.LogBuilder log
INFO: Destroying: tileImprovement:4510
May 16, 2018 8:06:48 PM net.sf.freecol.common.util.LogBuilder log
INFO: Destroying: tileImprovement:4653
May 16, 2018 8:06:48 PM net.sf.freecol.common.util.LogBuilder log
INFO: Destroying: tileImprovement:4655
May 16, 2018 8:06:48 PM net.sf.freecol.common.util.LogBuilder log
INFO: Destroying: tileImprovement:4657
May 16, 2018 8:06:48 PM net.sf.freecol.common.util.LogBuilder log
INFO: Destroying: tileImprovement:4659
May 16, 2018 8:06:48 PM net.sf.freecol.common.util.LogBuilder log
INFO: Destroying: tileImprovement:4661
May 16, 2018 8:06:48 PM net.sf.freecol.common.util.LogBuilder log
INFO: Destroying: tileImprovement:4663
May 16, 2018 8:06:48 PM net.sf.freecol.common.util.LogBuilder log
INFO: Destroying: tileImprovement:4687
May 16, 2018 8:06:48 PM net.sf.freecol.common.util.LogBuilder log
INFO: Destroying: tileImprovement:4688
May 16, 2018 8:06:48 PM net.sf.freecol.common.util.LogBuilder log
INFO: Destroying: tileImprovement:4689
May 16, 2018 8:06:48 PM net.sf.freecol.common.util.LogBuilder log
INFO: Destroying: tileImprovement:4690
May 16, 2018 8:06:48 PM net.sf.freecol.common.util.LogBuilder log
INFO: Destroying: tileImprovement:4691
May 16, 2018 8:06:48 PM net.sf.freecol.common.util.LogBuilder log
INFO: Destroying: tileImprovement:4692
May 16, 2018 8:06:48 PM net.sf.freecol.common.util.LogBuilder log
INFO: Destroying: tileImprovement:4693
May 16, 2018 8:06:48 PM net.sf.freecol.common.util.LogBuilder log
INFO: Destroying: tileImprovement:4711
May 16, 2018 8:06:48 PM net.sf.freecol.common.util.LogBuilder log
INFO: Destroying: tileImprovement:4713
May 16, 2018 8:06:48 PM net.sf.freecol.common.util.LogBuilder log
INFO: Destroying: tileImprovement:4715
May 16, 2018 8:06:48 PM net.sf.freecol.common.util.LogBuilder log
INFO: Destroying: tileImprovement:4705
May 16, 2018 8:06:48 PM net.sf.freecol.common.util.LogBuilder log
INFO: Destroying: tileImprovement:4706
May 16, 2018 8:06:48 PM net.sf.freecol.common.util.LogBuilder log
INFO: Destroying: tileImprovement:4707
May 16, 2018 8:06:48 PM net.sf.freecol.common.util.LogBuilder log
INFO: Destroying: tileImprovement:4708
May 16, 2018 8:06:48 PM net.sf.freecol.common.util.LogBuilder log
INFO: Destroying: tileImprovement:4709
May 16, 2018 8:06:48 PM net.sf.freecol.common.util.LogBuilder log
INFO: Destroying: tileImprovement:4710
May 16, 2018 8:06:48 PM net.sf.freecol.common.util.LogBuilder log
INFO: Destroying: tileImprovement:4634
May 16, 2018 8:06:48 PM net.sf.freecol.common.util.LogBuilder log
INFO: Destroying: tileImprovement:4636
May 16, 2018 8:06:48 PM net.sf.freecol.common.util.LogBuilder log
INFO: Destroying: tileImprovement:4638
May 16, 2018 8:06:48 PM net.sf.freecol.common.util.LogBuilder log
INFO: Destroying: tileImprovement:4640
May 16, 2018 8:06:48 PM net.sf.freecol.common.util.LogBuilder log
INFO: Destroying: tileImprovement:4513
May 16, 2018 8:06:48 PM net.sf.freecol.common.util.LogBuilder log
INFO: Destroying: tileImprovement:4515
May 16, 2018 8:06:48 PM net.sf.freecol.common.util.LogBuilder log
INFO: Destroying: tileImprovement:4668
May 16, 2018 8:06:48 PM net.sf.freecol.common.util.LogBuilder log
INFO: Destroying: tileImprovement:4669
May 16, 2018 8:06:48 PM net.sf.freecol.common.util.LogBuilder log
INFO: Destroying: tileImprovement:4670
May 16, 2018 8:06:48 PM net.sf.freecol.common.util.LogBuilder log
INFO: Destroying: tileImprovement:4643
May 16, 2018 8:06:48 PM net.sf.freecol.common.util.LogBuilder log
INFO: Destroying: tileImprovement:4645
May 16, 2018 8:06:48 PM net.sf.freecol.common.util.LogBuilder log
INFO: Destroying: tileImprovement:4647
May 16, 2018 8:06:48 PM net.sf.freecol.common.util.LogBuilder log
INFO: Destroying: tileImprovement:4608
May 16, 2018 8:06:48 PM net.sf.freecol.common.util.LogBuilder log
INFO: Destroying: tileImprovement:4610
May 16, 2018 8:06:48 PM net.sf.freecol.common.util.LogBuilder log
INFO: Destroying: tileImprovement:4612
May 16, 2018 8:06:48 PM net.sf.freecol.common.util.LogBuilder log
INFO: Destroying: tileImprovement:4614
May 16, 2018 8:06:48 PM net.sf.freecol.common.util.LogBuilder log
INFO: Destroying: tileImprovement:4616
May 16, 2018 8:06:48 PM net.sf.freecol.common.util.LogBuilder log
INFO: Destroying: tileImprovement:4618
May 16, 2018 8:06:48 PM net.sf.freecol.common.util.LogBuilder log
INFO: Destroying: tileImprovement:4620
May 16, 2018 8:06:48 PM net.sf.freecol.common.util.LogBuilder log
INFO: Destroying: tileImprovement:4622
May 16, 2018 8:06:48 PM net.sf.freecol.common.util.LogBuilder log
INFO: Destroying: tileImprovement:4624
May 16, 2018 8:06:48 PM net.sf.freecol.common.util.LogBuilder log
INFO: Destroying: tileImprovement:4626
May 16, 2018 8:06:48 PM net.sf.freecol.common.util.LogBuilder log
INFO: Destroying: tileImprovement:4628
May 16, 2018 8:06:48 PM net.sf.freecol.common.util.LogBuilder log
INFO: Destroying: tileImprovement:4630
May 16, 2018 8:06:48 PM net.sf.freecol.common.util.LogBuilder log
INFO: Destroying: tileImprovement:4632
May 16, 2018 8:06:48 PM net.sf.freecol.common.util.LogBuilder log
INFO: Destroying: tileImprovement:4814
May 16, 2018 8:06:48 PM net.sf.freecol.common.util.LogBuilder log
INFO: Destroying: tileImprovement:4815
May 16, 2018 8:06:48 PM net.sf.freecol.common.util.LogBuilder log
INFO: Destroying: tileImprovement:4816
May 16, 2018 8:06:48 PM net.sf.freecol.common.util.LogBuilder log
INFO: Destroying: tileImprovement:4817
May 16, 2018 8:06:48 PM net.sf.freecol.common.util.LogBuilder log
INFO: Destroying: tileImprovement:4965
May 16, 2018 8:06:48 PM net.sf.freecol.common.util.LogBuilder log
INFO: Destroying: tileImprovement:4967
May 16, 2018 8:06:48 PM net.sf.freecol.common.util.LogBuilder log
INFO: Destroying: tileImprovement:4969
May 16, 2018 8:06:48 PM net.sf.freecol.common.util.LogBuilder log
INFO: Destroying: tileImprovement:4971
May 16, 2018 8:06:48 PM net.sf.freecol.common.util.LogBuilder log
INFO: Destroying: tileImprovement:4973
May 16, 2018 8:06:48 PM net.sf.freecol.common.util.LogBuilder log
INFO: Destroying: tileImprovement:4975
May 16, 2018 8:06:48 PM net.sf.freecol.common.util.LogBuilder log
INFO: Destroying: tileImprovement:4977
May 16, 2018 8:06:48 PM net.sf.freecol.common.util.LogBuilder log
INFO: Destroying: tileImprovement:4979
May 16, 2018 8:06:48 PM net.sf.freecol.common.util.LogBuilder log
INFO: Destroying: tileImprovement:4957
May 16, 2018 8:06:48 PM net.sf.freecol.common.util.LogBuilder log
INFO: Destroying: tileImprovement:4959
May 16, 2018 8:06:48 PM net.sf.freecol.common.util.LogBuilder log
INFO: Destroying: tileImprovement:4961
May 16, 2018 8:06:48 PM net.sf.freecol.common.util.LogBuilder log
INFO: Destroying: tileImprovement:4963
May 16, 2018 8:06:48 PM net.sf.freecol.common.util.LogBuilder log
INFO: Destroying: tileImprovement:5001
May 16, 2018 8:06:48 PM net.sf.freecol.common.util.LogBuilder log
INFO: Destroying: tileImprovement:5002
May 16, 2018 8:06:48 PM net.sf.freecol.common.util.LogBuilder log
INFO: Destroying: tileImprovement:5003
May 16, 2018 8:06:48 PM net.sf.freecol.common.util.LogBuilder log
INFO: Destroying: tileImprovement:5004
May 16, 2018 8:06:48 PM net.sf.freecol.common.util.LogBuilder log
INFO: Destroying: tileImprovement:5005
May 16, 2018 8:06:48 PM net.sf.freecol.common.util.LogBuilder log
INFO: Destroying: tileImprovement:5006
May 16, 2018 8:06:48 PM net.sf.freecol.common.util.LogBuilder log
INFO: Destroying: tileImprovement:5007
May 16, 2018 8:06:48 PM net.sf.freecol.common.util.LogBuilder log
INFO: Destroying: tileImprovement:5008
May 16, 2018 8:06:48 PM net.sf.freecol.common.util.LogBuilder log
INFO: Destroying: tileImprovement:4827
May 16, 2018 8:06:48 PM net.sf.freecol.common.util.LogBuilder log
INFO: Destroying: tileImprovement:4828
May 16, 2018 8:06:48 PM net.sf.freecol.common.util.LogBuilder log
INFO: Destroying: tileImprovement:4937
May 16, 2018 8:06:48 PM net.sf.freecol.common.util.LogBuilder log
INFO: Destroying: tileImprovement:4939
May 16, 2018 8:06:48 PM net.sf.freecol.common.util.LogBuilder log
INFO: Destroying: tileImprovement:4941
May 16, 2018 8:06:48 PM net.sf.freecol.common.util.LogBuilder log
INFO: Destroying: tileImprovement:4943
May 16, 2018 8:06:48 PM net.sf.freecol.common.util.LogBuilder log
INFO: Destroying: tileImprovement:4945
May 16, 2018 8:06:48 PM net.sf.freecol.common.util.LogBuilder log
INFO: Destroying: tileImprovement:4947
May 16, 2018 8:06:48 PM net.sf.freecol.common.util.LogBuilder log
INFO: Destroying: tileImprovement:4924
May 16, 2018 8:06:48 PM net.sf.freecol.common.util.LogBuilder log
INFO: Destroying: tileImprovement:4925
May 16, 2018 8:06:48 PM net.sf.freecol.common.util.LogBuilder log
INFO: Destroying: tileImprovement:4926
May 16, 2018 8:06:48 PM net.sf.freecol.common.util.LogBuilder log
INFO: Destroying: tileImprovement:4927
May 16, 2018 8:06:48 PM net.sf.freecol.common.util.LogBuilder log
INFO: Destroying: tileImprovement:4928
May 16, 2018 8:06:48 PM net.sf.freecol.common.util.LogBuilder log
INFO: Destroying: tileImprovement:4929
May 16, 2018 8:06:48 PM net.sf.freecol.common.util.LogBuilder log
INFO: Destroying: tileImprovement:4930
May 16, 2018 8:06:48 PM net.sf.freecol.common.util.LogBuilder log
INFO: Destroying: tileImprovement:4931
May 16, 2018 8:06:48 PM net.sf.freecol.common.util.LogBuilder log
INFO: Destroying: tileImprovement:4932
May 16, 2018 8:06:48 PM net.sf.freecol.common.util.LogBuilder log
INFO: Destroying: tileImprovement:4933
May 16, 2018 8:06:48 PM net.sf.freecol.common.util.LogBuilder log
INFO: Destroying: tileImprovement:4934
May 16, 2018 8:06:48 PM net.sf.freecol.common.util.LogBuilder log
INFO: Destroying: tileImprovement:4935
May 16, 2018 8:06:48 PM net.sf.freecol.common.util.LogBuilder log
INFO: Destroying: tileImprovement:4936
May 16, 2018 8:06:48 PM net.sf.freecol.common.util.LogBuilder log
INFO: Destroying: tileImprovement:4752
May 16, 2018 8:06:48 PM net.sf.freecol.common.util.LogBuilder log
INFO: Destroying: tileImprovement:4754
May 16, 2018 8:06:48 PM net.sf.freecol.common.util.LogBuilder log
INFO: Destroying: tileImprovement:4756
May 16, 2018 8:06:48 PM net.sf.freecol.common.util.LogBuilder log
INFO: Destroying: tileImprovement:5045
May 16, 2018 8:06:48 PM net.sf.freecol.common.util.LogBuilder log
INFO: Destroying: tileImprovement:5047
May 16, 2018 8:06:48 PM net.sf.freecol.common.util.LogBuilder log
INFO: Destroying: tileImprovement:5049
May 16, 2018 8:06:48 PM net.sf.freecol.common.util.LogBuilder log
INFO: Destroying: tileImprovement:4740
May 16, 2018 8:06:48 PM net.sf.freecol.common.util.LogBuilder log
INFO: Destroying: tileImprovement:4742
May 16, 2018 8:06:48 PM net.sf.freecol.common.util.LogBuilder log
INFO: Destroying: tileImprovement:4744
May 16, 2018 8:06:48 PM net.sf.freecol.common.util.LogBuilder log
INFO: Destroying: tileImprovement:5187
May 16, 2018 8:06:48 PM net.sf.freecol.common.util.LogBuilder log
INFO: Destroying: tileImprovement:5188
May 16, 2018 8:06:48 PM net.sf.freecol.common.util.LogBuilder log
INFO: Destroying: tileImprovement:5189
May 16, 2018 8:06:48 PM net.sf.freecol.common.util.LogBuilder log
INFO: Destroying: tileImprovement:5171
May 16, 2018 8:06:48 PM net.sf.freecol.common.util.LogBuilder log
INFO: Destroying: tileImprovement:5173
May 16, 2018 8:06:48 PM net.sf.freecol.common.util.LogBuilder log
INFO: Destroying: tileImprovement:5168
May 16, 2018 8:06:48 PM net.sf.freecol.common.util.LogBuilder log
INFO: Destroying: tileImprovement:5169
May 16, 2018 8:06:48 PM net.sf.freecol.common.util.LogBuilder log
INFO: Destroying: tileImprovement:5170
May 16, 2018 8:06:48 PM net.sf.freecol.common.util.LogBuilder log
INFO: Destroying: tileImprovement:4694
May 16, 2018 8:06:48 PM net.sf.freecol.common.util.LogBuilder log
INFO: Destroying: tileImprovement:4696
May 16, 2018 8:06:48 PM net.sf.freecol.common.util.LogBuilder log
INFO: Destroying: tileImprovement:4698
May 16, 2018 8:06:48 PM net.sf.freecol.common.util.LogBuilder log
INFO: Destroying: tileImprovement:4700
May 16, 2018 8:06:48 PM net.sf.freecol.common.util.LogBuilder log
INFO: Destroying: tileImprovement:4702
May 16, 2018 8:06:48 PM net.sf.freecol.common.util.LogBuilder log
INFO: Destroying: tileImprovement:5041
May 16, 2018 8:06:48 PM net.sf.freecol.common.util.LogBuilder log
INFO: Destroying: tileImprovement:5043
]]></system-err>
</testsuite>
