<?xml version="1.0" encoding="UTF-8" ?>
<testsuite errors="0" failures="0" hostname="DESKTOP-AL6TQSJ" name="net.sf.freecol.AllTests" skipped="0" tests="430" time="24.471" timestamp="2018-05-14T21:09:38">
  <properties>
    <property name="java.vendor" value="Oracle Corporation" />
    <property name="env.USERDOMAIN_ROAMINGPROFILE" value="DESKTOP-AL6TQSJ" />
    <property name="miglayout-core.jar" value="jars/miglayout-core-4.2.jar" />
    <property name="sun.java.launcher" value="SUN_STANDARD" />
    <property name="eclipse.pdebuild.templates" value="C:\Users\user\Downloads\eclipse-java-oxygen-2-win32-x86_64\eclipse\plugins\org.eclipse.pde.build_3.9.300.v20170515-0912\templates" />
    <property name="sun.management.compiler" value="HotSpot 64-Bit Tiered Compilers" />
    <property name="env.UOIPME_REG_PATH" value="C:\Program Files\Intel Corporation\USB over IP" />
    <property name="env.PROMPT" value="$P$G" />
    <property name="freecol.javadoc.dir" value="C:\Users\user\Downloads\FreeCol-master\FreeCol/doc/javadoc" />
    <property name="os.name" value="Windows 10" />
    <property name="sun.boot.class.path" value="C:\Program Files\Java\jdk1.8.0_91\jre\lib\resources.jar;C:\Program Files\Java\jdk1.8.0_91\jre\lib\rt.jar;C:\Program Files\Java\jdk1.8.0_91\jre\lib\sunrsasign.jar;C:\Program Files\Java\jdk1.8.0_91\jre\lib\jsse.jar;C:\Program Files\Java\jdk1.8.0_91\jre\lib\jce.jar;C:\Program Files\Java\jdk1.8.0_91\jre\lib\charsets.jar;C:\Program Files\Java\jdk1.8.0_91\jre\lib\jfr.jar;C:\Program Files\Java\jdk1.8.0_91\jre\classes" />
    <property name="env.COMPUTERNAME" value="DESKTOP-AL6TQSJ" />
    <property name="env.CommonProgramW6432" value="C:\Program Files\Common Files" />
    <property name="TODAY" value="May 14 2018" />
    <property name="env.ALLUSERSPROFILE" value="C:\ProgramData" />
    <property name="sun.desktop" value="windows" />
    <property name="java.vm.specification.vendor" value="Oracle Corporation" />
    <property name="ant.home" value="C:\Users\user\Downloads\apache-ant-1.9.11-bin\apache-ant-1.9.11" />
    <property name="freecol.metaserver.jar.file" value="C:\Users\user\Downloads\FreeCol-master\FreeCol/FreeCol-metaserver.jar" />
    <property name="java.runtime.version" value="1.8.0_91-b15" />
    <property name="env.HOMEPATH" value="\Users\user" />
    <property name="env.RegionCode" value="NA" />
    <property name="user.name" value="user" />
    <property name="freecol.overview.file" value="C:\Users\user\Downloads\FreeCol-master\FreeCol/src/overview.html" />
    <property name="ant.file.type.FreeCol" value="file" />
    <property name="freecol.release.dir" value="C:\Users\user\Downloads\FreeCol-master\FreeCol/dist" />
    <property name="env.PATH" value="C:\Users\user\Downloads\apache-ant-1.9.11-bin\apache-ant-1.9.11\bin;C:\Program Files\Microsoft Network Monitor 3\;C:\Users\user\AppData\Local\Programs\Python\Python36\Scripts\;C:\Users\user\AppData\Local\Programs\Python\Python36\;C:\Users\user\AppData\Local\Microsoft\WindowsApps;C:\Users\user\AppData\Local\Microsoft\WindowsApps;C:\Program Files (x86)\Java\jre1.8.0_151\bin" />
    <property name="user.language" value="en" />
    <property name="sun.boot.library.path" value="C:\Program Files\Java\jdk1.8.0_91\jre\bin" />
    <property name="ant.project.default-target" value="package" />
    <property name="ant.project.name" value="FreeCol" />
    <property name="DSTAMP" value="20180514" />
    <property name="cortado.jar" value="jars/cortado-0.6.0.jar" />
    <property name="java.version" value="1.8.0_91" />
    <property name="env.PROCESSOR_IDENTIFIER" value="Intel64 Family 6 Model 61 Stepping 4, GenuineIntel" />
    <property name="env.OnlineServices" value="Online Services" />
    <property name="user.timezone" value="" />
    <property name="env.asl.log" value="Destination=file" />
    <property name="freecol.name" value="freecol" />
    <property name="env.TEMP" value="C:\Users\user\AppData\Local\Temp" />
    <property name="sun.arch.data.model" value="64" />
    <property name="java.endorsed.dirs" value="C:\Program Files\Java\jdk1.8.0_91\jre\lib\endorsed" />
    <property name="sun.cpu.isalist" value="amd64" />
    <property name="env.HOMEDRIVE" value="C:" />
    <property name="sun.jnu.encoding" value="Cp1252" />
    <property name="file.encoding.pkg" value="sun.io" />
    <property name="file.separator" value="\" />
    <property name="isOsWindows" value="true" />
    <property name="java.specification.name" value="Java Platform API Specification" />
    <property name="java.class.version" value="52.0" />
    <property name="user.country" value="US" />
    <property name="java.home" value="C:\Program Files\Java\jdk1.8.0_91\jre" />
    <property name="env.PSModulePath" value="C:\WINDOWS\system32\WindowsPowerShell\v1.0\Modules\;C:\Program Files\Microsoft Message Analyzer\PowerShell\" />
    <property name="env.APPDATA" value="C:\Users\user\AppData\Roaming" />
    <property name="env.PUBLIC" value="C:\Users\Public" />
    <property name="java.vm.info" value="mixed mode" />
    <property name="env.ComSpec" value="C:\WINDOWS\system32\cmd.exe" />
    <property name="env.OS" value="Windows_NT" />
    <property name="env.CommonProgramFiles" value="C:\Program Files\Common Files" />
    <property name="ant.file" value="C:\Users\user\Downloads\FreeCol-master\FreeCol\build.xml" />
    <property name="os.version" value="10.0" />
    <property name="env.MINITAB_LICENSE_FILE" value="C:\Program Files (x86)\Minitab\Minitab 17" />
    <property name="env.ProgramW6432" value="C:\Program Files" />
    <property name="miglayout-swing.jar" value="jars/miglayout-swing-4.2.jar" />
    <property name="freecol.build.dir" value="C:\Users\user\Downloads\FreeCol-master\FreeCol/build" />
    <property name="path.separator" value=";" />
    <property name="java.vm.version" value="25.91-b15" />
    <property name="java.target.version" value="1.8" />
    <property name="user.variant" value="" />
    <property name="env.USERPROFILE" value="C:\Users\user" />
    <property name="ant.library.dir" value="C:\Users\user\Downloads\apache-ant-1.9.11-bin\apache-ant-1.9.11\lib" />
    <property name="env.JAVA_HOME" value="C:\Program Files\Java\jdk1.8.0_91" />
    <property name="java.awt.printerjob" value="sun.awt.windows.WPrinterJob" />
    <property name="env.TMP" value="C:\Users\user\AppData\Local\Temp" />
    <property name="freecol.packaging.dir" value="C:\Users\user\Downloads\FreeCol-master\FreeCol/packaging" />
    <property name="sun.io.unicode.encoding" value="UnicodeLittle" />
    <property name="awt.toolkit" value="sun.awt.windows.WToolkit" />
    <property name="user.script" value="" />
    <property name="ant.file.FreeCol" value="C:\Users\user\Downloads\FreeCol-master\FreeCol\build.xml" />
    <property name="eclipse.pdebuild.scripts" value="C:\Users\user\Downloads\eclipse-java-oxygen-2-win32-x86_64\eclipse\plugins\org.eclipse.pde.build_3.9.300.v20170515-0912\scripts" />
    <property name="user.home" value="C:\Users\user" />
    <property name="freecol.rules.dir" value="C:\Users\user\Downloads\FreeCol-master\FreeCol/data/rules" />
    <property name="env.ProgramData" value="C:\ProgramData" />
    <property name="env.SESSIONNAME" value="Console" />
    <property name="env.ProgramFiles(x86)" value="C:\Program Files (x86)" />
    <property name="test" value="AllTests" />
    <property name="java.specification.vendor" value="Oracle Corporation" />
    <property name="java.library.path" value="C:\Program Files\Java\jdk1.8.0_91\jre\bin;C:\WINDOWS\Sun\Java\bin;C:\WINDOWS\system32;C:\WINDOWS;C:\Users\user\Downloads\apache-ant-1.9.11-bin\apache-ant-1.9.11\bin;C:\Program Files\Microsoft Network Monitor 3\;C:\Users\user\AppData\Local\Programs\Python\Python36\Scripts\;C:\Users\user\AppData\Local\Programs\Python\Python36\;C:\Users\user\AppData\Local\Microsoft\WindowsApps;C:\Users\user\AppData\Local\Microsoft\WindowsApps;C:\Program Files (x86)\Java\jre1.8.0_151\bin;." />
    <property name="java.vendor.url" value="http://java.oracle.com/" />
    <property name="env.NUMBER_OF_PROCESSORS" value="4" />
    <property name="java.vm.vendor" value="Oracle Corporation" />
    <property name="java.runtime.name" value="Java(TM) SE Runtime Environment" />
    <property name="java.class.path" value="C:\Users\user\Downloads\FreeCol-master\FreeCol\build;C:\Users\user\Downloads\FreeCol-master\FreeCol\test\lib\junit.jar;C:\Users\user\Downloads\FreeCol-master\FreeCol\jars\miglayout-swing-4.2.jar;C:\Users\user\Downloads\FreeCol-master\FreeCol\jars\miglayout-core-4.2.jar;C:\Users\user\Downloads\FreeCol-master\FreeCol\jars\commons-cli-1.1.jar;C:\Users\user\Downloads\FreeCol-master\FreeCol\jars\cortado-0.6.0.jar;C:\Users\user\Downloads\FreeCol-master\FreeCol\jars\jogg-0.0.17.jar;C:\Users\user\Downloads\FreeCol-master\FreeCol\jars\jorbis-0.0.17.jar;C:\Users\user\Downloads\apache-ant-1.9.11-bin\apache-ant-1.9.11\lib\ant-launcher.jar;C:\Users\user\Downloads\apache-ant-1.9.11-bin\apache-ant-1.9.11\lib\ant.jar;C:\Users\user\Downloads\apache-ant-1.9.11-bin\apache-ant-1.9.11\lib\ant-junit.jar;C:\Users\user\Downloads\apache-ant-1.9.11-bin\apache-ant-1.9.11\lib\ant-junit4.jar" />
    <property name="ant.version" value="Apache Ant(TM) version 1.9.11 compiled on March 23 2018" />
    <property name="sun.java.command" value="org.apache.tools.ant.taskdefs.optional.junit.JUnitTestRunner net.sf.freecol.AllTests skipNonTests=false filtertrace=true haltOnError=false haltOnFailure=false formatter=org.apache.tools.ant.taskdefs.optional.junit.SummaryJUnitResultFormatter showoutput=false outputtoformatters=true logfailedtests=true threadid=0 logtestlistenerevents=false formatter=org.apache.tools.ant.taskdefs.optional.junit.XMLJUnitResultFormatter,C:\Users\user\Downloads\FreeCol-master\FreeCol\build\report\xml\TEST-net.sf.freecol.AllTests.xml crashfile=C:\Users\user\Downloads\FreeCol-master\FreeCol\junitvmwatcher986120467045299755.properties propsfile=C:\Users\user\Downloads\FreeCol-master\FreeCol\junit5902001539718490882.properties" />
    <property name="TSTAMP" value="1709" />
    <property name="java.vm.specification.name" value="Java Virtual Machine Specification" />
    <property name="env.windir" value="C:\WINDOWS" />
    <property name="env.LOGONSERVER" value="\\DESKTOP-AL6TQSJ" />
    <property name="env.PROCESSOR_ARCHITECTURE" value="AMD64" />
    <property name="java.vm.specification.version" value="1.8" />
    <property name="sun.os.patch.level" value="" />
    <property name="sun.cpu.endian" value="little" />
    <property name="java.awt.headless" value="true" />
    <property name="env.OneDrive" value="C:\Users\user\OneDrive" />
    <property name="env.ProgramFiles" value="C:\Program Files" />
    <property name="env.ANT_HOME" value="C:\Users\user\Downloads\apache-ant-1.9.11-bin\apache-ant-1.9.11" />
    <property name="env.%PATH%" value="C:\Users\user\Downloads\apache-ant-1.9.11-bin\apache-ant-1.9.11\bin" />
    <property name="java.io.tmpdir" value="C:\Users\user\AppData\Local\Temp\" />
    <property name="eclipse.pdebuild.home" value="C:\Users\user\Downloads\eclipse-java-oxygen-2-win32-x86_64\eclipse\plugins\org.eclipse.pde.build_3.9.300.v20170515-0912\." />
    <property name="env.PROCESSOR_REVISION" value="3d04" />
    <property name="env.CommonProgramFiles(x86)" value="C:\Program Files (x86)\Common Files" />
    <property name="freecol.src.dir" value="C:\Users\user\Downloads\FreeCol-master\FreeCol/src" />
    <property name="java.vendor.url.bug" value="http://bugreport.sun.com/bugreport/" />
    <property name="env.SystemRoot" value="C:\WINDOWS" />
    <property name="os.arch" value="amd64" />
    <property name="java.awt.graphicsenv" value="sun.awt.Win32GraphicsEnvironment" />
    <property name="java.ext.dirs" value="C:\Program Files\Java\jdk1.8.0_91\jre\lib\ext;C:\WINDOWS\Sun\Java\lib\ext" />
    <property name="user.dir" value="C:\Users\user\Downloads\FreeCol-master\FreeCol" />
    <property name="env.LOCALAPPDATA" value="C:\Users\user\AppData\Local" />
    <property name="env.FSHARPINSTALLDIR" value="C:\Program Files (x86)\Microsoft SDKs\F#\4.1\Framework\v4.0\" />
    <property name="line.separator" value="&#xd;&#xa;" />
    <property name="java.vm.name" value="Java HotSpot(TM) 64-Bit Server VM" />
    <property name="env.PATHEXT" value=".COM;.EXE;.BAT;.CMD;.VBS;.VBE;.JS;.JSE;.WSF;.WSH;.MSC" />
    <property name="basedir" value="C:\Users\user\Downloads\FreeCol-master\FreeCol" />
    <property name="env.PANGO_WIN32_NO_UNISCRIBE" value="anything" />
    <property name="ant.java.version" value="1.8" />
    <property name="ant.core.lib" value="C:\Users\user\Downloads\apache-ant-1.9.11-bin\apache-ant-1.9.11\lib\ant.jar" />
    <property name="freecol.jar.file" value="C:\Users\user\Downloads\FreeCol-master\FreeCol/FreeCol.jar" />
    <property name="env.USERNAME" value="user" />
    <property name="cli.jar" value="jars/commons-cli-1.1.jar" />
    <property name="env.SystemDrive" value="C:" />
    <property name="file.encoding" value="Cp1252" />
    <property name="freecol.data.dir" value="C:\Users\user\Downloads\FreeCol-master\FreeCol/data" />
    <property name="freecol.doc.dir" value="C:\Users\user\Downloads\FreeCol-master\FreeCol/doc" />
    <property name="env.USERDOMAIN" value="DESKTOP-AL6TQSJ" />
    <property name="env.platformcode" value="7S" />
    <property name="java.specification.version" value="1.8" />
    <property name="ant.project.invoked-targets" value="testall" />
    <property name="env.Platform" value="MCD" />
    <property name="env.PROCESSOR_LEVEL" value="6" />
    <property name="env.VBOX_MSI_INSTALL_PATH" value="C:\Program Files\Oracle\VirtualBox\" />
  </properties>
  <testcase classname="net.sf.freecol.common.i18n.CLDRTest" name="testRuleParsing" time="0.075" />
  <testcase classname="net.sf.freecol.common.i18n.CLDRTest" name="testPlurals" time="0.003" />
  <testcase classname="net.sf.freecol.common.i18n.MessagesTest" name="testReplaceArbitraryTag" time="0.026" />
  <testcase classname="net.sf.freecol.common.i18n.MessagesTest" name="testReplaceNumber" time="0.027" />
  <testcase classname="net.sf.freecol.common.i18n.MessagesTest" name="testReplaceChoicesGrammar" time="0.017" />
  <testcase classname="net.sf.freecol.common.i18n.MessagesTest" name="testMessageWithSpecialChars" time="0.015" />
  <testcase classname="net.sf.freecol.common.i18n.MessagesTest" name="testReplaceGarbage" time="0.022" />
  <testcase classname="net.sf.freecol.common.i18n.MessagesTest" name="testAbstractUnitDescription" time="0.012" />
  <testcase classname="net.sf.freecol.common.i18n.MessagesTest" name="testChangeLocaleSettings" time="0.059" />
  <testcase classname="net.sf.freecol.common.i18n.MessagesTest" name="testMessageString" time="0.008" />
  <testcase classname="net.sf.freecol.common.i18n.MessagesTest" name="testNestedChoices" time="0.011" />
  <testcase classname="net.sf.freecol.common.i18n.MessagesTest" name="testStringTemplates" time="0.293" />
  <testcase classname="net.sf.freecol.common.i18n.MessagesTest" name="testReplaceChoicesPlural" time="0.012" />
  <testcase classname="net.sf.freecol.common.i18n.MessagesTest" name="testUnitDescription" time="0.013" />
  <testcase classname="net.sf.freecol.common.i18n.MessagesTest" name="testREFMessages" time="0.008" />
  <testcase classname="net.sf.freecol.common.io.ModTest" name="testGetRuleSets" time="0.004" />
  <testcase classname="net.sf.freecol.common.io.ModTest" name="testGetAllMods" time="0.065" />
  <testcase classname="net.sf.freecol.common.option.OptionTest" name="testGameOptions" time="0.001" />
  <testcase classname="net.sf.freecol.common.option.OptionTest" name="testUnitListOption" time="0.001" />
  <testcase classname="net.sf.freecol.common.option.OptionTest" name="testInheritsEditable" time="0.0" />
  <testcase classname="net.sf.freecol.common.option.OptionTest" name="testCloneIntegerOption" time="0.0" />
  <testcase classname="net.sf.freecol.common.model.SpecificationTest" name="testExtendsDelete" time="0.084" />
  <testcase classname="net.sf.freecol.common.model.SpecificationTest" name="testLoadMods" time="0.041" />
  <testcase classname="net.sf.freecol.common.model.SpecificationTest" name="testExtends" time="0.05" />
  <testcase classname="net.sf.freecol.common.model.SpecificationTest" name="testModifiers" time="0.001" />
  <testcase classname="net.sf.freecol.common.model.SpecificationTest" name="testLoad" time="0.021" />
  <testcase classname="net.sf.freecol.common.model.SpecificationTest" name="testNationTypes" time="0.001" />
  <testcase classname="net.sf.freecol.common.model.SpecificationTest" name="testGetDefaultUnitType" time="0.001" />
  <testcase classname="net.sf.freecol.common.model.SpecificationTest" name="testGoodsTypes" time="0.0" />
  <testcase classname="net.sf.freecol.common.model.SpecificationTest" name="testFoundingFathers" time="0.0" />
  <testcase classname="net.sf.freecol.common.model.SpecificationTest" name="testRequiredAbilitiesForRoles" time="0.001" />
  <testcase classname="net.sf.freecol.common.model.SpecificationTest" name="testNations" time="0.0" />
  <testcase classname="net.sf.freecol.common.model.SpecificationTest" name="testUnitAbilities" time="0.0" />
  <testcase classname="net.sf.freecol.common.model.BaseCostDeciderTest" name="testNavalUnitMoveToTileWithSettlement" time="0.039" />
  <testcase classname="net.sf.freecol.common.model.BaseCostDeciderTest" name="testInvalidMoveThroughTileWithSettlement" time="0.004" />
  <testcase classname="net.sf.freecol.common.model.BaseCostDeciderTest" name="testGetRemainingMovesAndNewTurn" time="0.003" />
  <testcase classname="net.sf.freecol.common.model.BaseCostDeciderTest" name="testGetCostLandLand" time="0.003" />
  <testcase classname="net.sf.freecol.common.model.BaseCostDeciderTest" name="testInvalidMoveOfLandUnitToAnOceanTile" time="0.003" />
  <testcase classname="net.sf.freecol.common.model.BaseCostDeciderTest" name="testInvalidMoveOfNavalUnitToALandTile" time="0.009" />
  <testcase classname="net.sf.freecol.common.model.BuildingTest" name="testStockade" time="0.014" />
  <testcase classname="net.sf.freecol.common.model.BuildingTest" name="testCottonClothProduction" time="0.013" />
  <testcase classname="net.sf.freecol.common.model.BuildingTest" name="testPasture" time="0.018" />
  <testcase classname="net.sf.freecol.common.model.BuildingTest" name="testCanBuildNext" time="0.011" />
  <testcase classname="net.sf.freecol.common.model.BuildingTest" name="testFortRequiresMinimumPopulation" time="0.01" />
  <testcase classname="net.sf.freecol.common.model.BuildingTest" name="testUnitProduction" time="0.023" />
  <testcase classname="net.sf.freecol.common.model.BuildingTest" name="testPrintingPressBonus" time="0.027" />
  <testcase classname="net.sf.freecol.common.model.BuildingTest" name="testCanAddToBuilding" time="0.024" />
  <testcase classname="net.sf.freecol.common.model.BuildingTest" name="testToolsMusketProduction" time="0.017" />
  <testcase classname="net.sf.freecol.common.model.BuildingTest" name="testFortressRequiresMinimumPopulation" time="0.014" />
  <testcase classname="net.sf.freecol.common.model.BuildingTest" name="testSerialize" time="0.018" />
  <testcase classname="net.sf.freecol.common.model.BuildingTest" name="testTownhallProduction" time="0.01" />
  <testcase classname="net.sf.freecol.common.model.BuildingTest" name="testChurch" time="0.024" />
  <testcase classname="net.sf.freecol.common.model.BuildingTest" name="testInitialColony" time="0.003" />
  <testcase classname="net.sf.freecol.common.model.BuildingTest" name="testStockadeRequiresMinimumPopulation" time="0.004" />
  <testcase classname="net.sf.freecol.common.model.BuildingTest" name="testNewspaperBonus" time="0.007" />
  <testcase classname="net.sf.freecol.common.model.BuildingTest" name="testCanAddToSchool" time="0.01" />
  <testcase classname="net.sf.freecol.common.model.ColonyTest" name="testCopyColony" time="0.017" />
  <testcase classname="net.sf.freecol.common.model.ColonyTest" name="testFoundColony" time="0.009" />
  <testcase classname="net.sf.freecol.common.model.ColonyTest" name="testTeaParty" time="0.006" />
  <testcase classname="net.sf.freecol.common.model.ColonyTest" name="testAddUnitToColony" time="0.012" />
  <testcase classname="net.sf.freecol.common.model.ColonyTest" name="testCurrentlyBuilding" time="0.002" />
  <testcase classname="net.sf.freecol.common.model.ColonyTest" name="testBuildQueueDoesNotAcceptBuildingDoubles" time="0.003" />
  <testcase classname="net.sf.freecol.common.model.ColonyTest" name="testBuildQueueAcceptsUnitDoubles" time="0.004" />
  <testcase classname="net.sf.freecol.common.model.ColonyTest" name="testUpkeep" time="0.024" />
  <testcase classname="net.sf.freecol.common.model.ColonyTest" name="testUnderSiege" time="0.013" />
  <testcase classname="net.sf.freecol.common.model.ColonyTest" name="testOccupationWithFood" time="0.01" />
  <testcase classname="net.sf.freecol.common.model.ColonyProductionTest" name="testNoHorsesOverProduction" time="0.004" />
  <testcase classname="net.sf.freecol.common.model.ColonyProductionTest" name="testBellNetProduction" time="0.004" />
  <testcase classname="net.sf.freecol.common.model.ColonyProductionTest" name="testProductionMap" time="0.0" />
  <testcase classname="net.sf.freecol.common.model.ColonyProductionTest" name="testProductionSoldier" time="0.004" />
  <testcase classname="net.sf.freecol.common.model.ColonyProductionTest" name="testConsumers" time="0.007" />
  <testcase classname="net.sf.freecol.common.model.ColonyProductionTest" name="testProductionPioneer" time="0.003" />
  <testcase classname="net.sf.freecol.common.model.ColonyProductionTest" name="testProduction" time="0.004" />
  <testcase classname="net.sf.freecol.common.model.ColonyProductionTest" name="testGetPotentialProduction" time="0.003" />
  <testcase classname="net.sf.freecol.common.model.CombatTest" name="testCaptureConvert" time="1.062" />
  <testcase classname="net.sf.freecol.common.model.CombatTest" name="testGalleonAttackedByPrivateer" time="0.003" />
  <testcase classname="net.sf.freecol.common.model.CombatTest" name="testDefendColonyWithUnarmedColonist" time="0.005" />
  <testcase classname="net.sf.freecol.common.model.CombatTest" name="testRegulars" time="0.205" />
  <testcase classname="net.sf.freecol.common.model.CombatTest" name="testSpanishAgainstNatives" time="0.002" />
  <testcase classname="net.sf.freecol.common.model.CombatTest" name="testColonistAttackedByVeteran" time="0.002" />
  <testcase classname="net.sf.freecol.common.model.CombatTest" name="testAttackIgnoresMovementPoints" time="0.002" />
  <testcase classname="net.sf.freecol.common.model.CombatTest" name="testAttackShipWithLandUnit" time="0.002" />
  <testcase classname="net.sf.freecol.common.model.CombatTest" name="testDefendColonyWithRevere" time="0.003" />
  <testcase classname="net.sf.freecol.common.model.CombatTest" name="testDefendSettlement" time="0.003" />
  <testcase classname="net.sf.freecol.common.model.DisasterTest" name="testDisastersPresent" time="0.001" />
  <testcase classname="net.sf.freecol.common.model.EuropeTest" name="testMissionary" time="0.002" />
  <testcase classname="net.sf.freecol.common.model.FoundingFatherTest" name="testAddAllFathers" time="0.005" />
  <testcase classname="net.sf.freecol.common.model.FoundingFatherTest" name="testAvailableTo" time="0.003" />
  <testcase classname="net.sf.freecol.common.model.FoundingFatherTest" name="testFeatures" time="0.002" />
  <testcase classname="net.sf.freecol.common.model.FoundingFatherTest" name="testBellsRequired" time="0.001" />
  <testcase classname="net.sf.freecol.common.model.GameTest" name="testGame" time="0.001" />
  <testcase classname="net.sf.freecol.common.model.GameTest" name="testTurn" time="0.0" />
  <testcase classname="net.sf.freecol.common.model.GameTest" name="testAddPlayer" time="0.0" />
  <testcase classname="net.sf.freecol.common.model.GoodsTest" name="testGetTakeSpace" time="0.001" />
  <testcase classname="net.sf.freecol.common.model.GoodsTest" name="testGetInputType" time="0.0" />
  <testcase classname="net.sf.freecol.common.model.GoodsTest" name="testSetGetAmount" time="0.002" />
  <testcase classname="net.sf.freecol.common.model.GoodsTest" name="testGoodsGameLocationIntInt" time="0.001" />
  <testcase classname="net.sf.freecol.common.model.GoodsTest" name="testToString" time="0.012" />
  <testcase classname="net.sf.freecol.common.model.GoodsTest" name="testBuildingMaterials" time="0.0" />
  <testcase classname="net.sf.freecol.common.model.GoodsTest" name="testIsFarmedGoods" time="0.0" />
  <testcase classname="net.sf.freecol.common.model.GoodsTest" name="testGetName" time="0.001" />
  <testcase classname="net.sf.freecol.common.model.GoodsTest" name="testSerialize" time="0.038" />
  <testcase classname="net.sf.freecol.common.model.GoodsTest" name="testGetOutputType" time="0.001" />
  <testcase classname="net.sf.freecol.common.model.GoodsTest" name="testMilitaryGoods" time="0.0" />
  <testcase classname="net.sf.freecol.common.model.GoodsTest" name="testTradeGoods" time="0.0" />
  <testcase classname="net.sf.freecol.common.model.GoodsTest" name="testProductionChain" time="0.0" />
  <testcase classname="net.sf.freecol.common.model.GoodsTest" name="testAdjustAmount" time="0.001" />
  <testcase classname="net.sf.freecol.common.model.GoodsTest" name="testSetOwner" time="0.002" />
  <testcase classname="net.sf.freecol.common.model.GoodsContainerTest" name="testContainer" time="0.002" />
  <testcase classname="net.sf.freecol.common.model.IndianSettlementTest" name="testAutomaticEquipBraves" time="0.002" />
  <testcase classname="net.sf.freecol.common.model.IndianSettlementTest" name="testSettlementDoesNotOwnWaterTiles" time="0.002" />
  <testcase classname="net.sf.freecol.common.model.IndianSettlementTest" name="testTradeGoodsWithSetlement" time="0.002" />
  <testcase classname="net.sf.freecol.common.model.IndividualFatherTest" name="testPaine" time="0.008" />
  <testcase classname="net.sf.freecol.common.model.IndividualFatherTest" name="testBolivar" time="0.005" />
  <testcase classname="net.sf.freecol.common.model.IndividualFatherTest" name="testBrebeuf" time="0.001" />
  <testcase classname="net.sf.freecol.common.model.IndividualFatherTest" name="testStuyvesant" time="0.004" />
  <testcase classname="net.sf.freecol.common.model.IndividualFatherTest" name="testBrewster" time="0.001" />
  <testcase classname="net.sf.freecol.common.model.IndividualFatherTest" name="testCortes" time="0.012" />
  <testcase classname="net.sf.freecol.common.model.IndividualFatherTest" name="testDeWitt" time="0.001" />
  <testcase classname="net.sf.freecol.common.model.IndividualFatherTest" name="testJefferson" time="0.004" />
  <testcase classname="net.sf.freecol.common.model.IndividualFatherTest" name="testMinuit" time="0.005" />
  <testcase classname="net.sf.freecol.common.model.IndividualFatherTest" name="testRevere" time="0.002" />
  <testcase classname="net.sf.freecol.common.model.IndividualFatherTest" name="testDeLasCasas" time="0.005" />
  <testcase classname="net.sf.freecol.common.model.LimitTest" name="testSuccessionLimits" time="0.004" />
  <testcase classname="net.sf.freecol.common.model.LimitTest" name="testWagonTrainLimit" time="0.006" />
  <testcase classname="net.sf.freecol.common.model.LimitTest" name="testOperand" time="0.0" />
  <testcase classname="net.sf.freecol.common.model.LimitTest" name="testIndependenceLimits" time="0.003" />
  <testcase classname="net.sf.freecol.common.model.MapTest" name="testSearchForColony" time="0.033" />
  <testcase classname="net.sf.freecol.common.model.MapTest" name="testCopy" time="0.011" />
  <testcase classname="net.sf.freecol.common.model.MapTest" name="testNoPathAvailableDueToUnitInTheWay" time="0.003" />
  <testcase classname="net.sf.freecol.common.model.MapTest" name="testGetAllTiles" time="0.002" />
  <testcase classname="net.sf.freecol.common.model.MapTest" name="testGetSurroundingTiles" time="0.003" />
  <testcase classname="net.sf.freecol.common.model.MapTest" name="testMapGameInt" time="0.001" />
  <testcase classname="net.sf.freecol.common.model.MapTest" name="testLatitude" time="0.001" />
  <testcase classname="net.sf.freecol.common.model.MapTest" name="testRandomDirection" time="0.006" />
  <testcase classname="net.sf.freecol.common.model.MapTest" name="testShortestPathObstructed" time="0.003" />
  <testcase classname="net.sf.freecol.common.model.MapTest" name="testFindPath" time="0.068" />
  <testcase classname="net.sf.freecol.common.model.MapTest" name="testMoveThroughTileWithEnemyUnit" time="0.001" />
  <testcase classname="net.sf.freecol.common.model.MapTest" name="testNoPathAvailableDueToColonyInTheWay" time="0.006" />
  <testcase classname="net.sf.freecol.common.model.MapTest" name="testNoPathAvailableDueToCampInTheWay" time="0.004" />
  <testcase classname="net.sf.freecol.common.model.MapTest" name="testGetReverseDirection" time="0.0" />
  <testcase classname="net.sf.freecol.common.model.MarketTest" name="testSerialization" time="0.0" />
  <testcase classname="net.sf.freecol.common.model.MarketTest" name="testTransactionListeners" time="0.0" />
  <testcase classname="net.sf.freecol.common.model.MarketTest" name="testInitialMarket" time="0.001" />
  <testcase classname="net.sf.freecol.common.model.ModelMessageTest" name="testDefaultId" time="0.002" />
  <testcase classname="net.sf.freecol.common.model.ModelMessageTest" name="testHashCode" time="0.004" />
  <testcase classname="net.sf.freecol.common.model.ModelMessageTest" name="testModelMapSet2" time="0.003" />
  <testcase classname="net.sf.freecol.common.model.ModifierTest" name="testScope" time="0.001" />
  <testcase classname="net.sf.freecol.common.model.ModifierTest" name="testCombinedModifier" time="0.0" />
  <testcase classname="net.sf.freecol.common.model.ModifierTest" name="testPercentageModifier" time="0.0" />
  <testcase classname="net.sf.freecol.common.model.ModifierTest" name="testHashEquals" time="0.002" />
  <testcase classname="net.sf.freecol.common.model.ModifierTest" name="testAdditiveModifier" time="0.0" />
  <testcase classname="net.sf.freecol.common.model.ModifierTest" name="testTimeLimits" time="0.0" />
  <testcase classname="net.sf.freecol.common.model.ModifierTest" name="testCombinePercentageModifiers" time="0.001" />
  <testcase classname="net.sf.freecol.common.model.ModifierTest" name="testModifierUnknown" time="0.0" />
  <testcase classname="net.sf.freecol.common.model.ModifierTest" name="testCombineMultiplicativeModifiers" time="0.0" />
  <testcase classname="net.sf.freecol.common.model.ModifierTest" name="testMultiplicativeModifier" time="0.0" />
  <testcase classname="net.sf.freecol.common.model.ModifierTest" name="testIncrements" time="0.001" />
  <testcase classname="net.sf.freecol.common.model.ModifierTest" name="testCombineAdditiveModifiers" time="0.001" />
  <testcase classname="net.sf.freecol.common.model.MonarchTest" name="testTaxActionChoices" time="0.007" />
  <testcase classname="net.sf.freecol.common.model.MonarchTest" name="testSerialize" time="0.001" />
  <testcase classname="net.sf.freecol.common.model.MovementTest" name="testMoveAlongRoad" time="0.002" />
  <testcase classname="net.sf.freecol.common.model.MovementTest" name="testMoveAlongRiver" time="0.002" />
  <testcase classname="net.sf.freecol.common.model.MovementTest" name="testMoveFromPlainsToHills" time="0.002" />
  <testcase classname="net.sf.freecol.common.model.MovementTest" name="testMoveFromPlainsToPlains" time="0.002" />
  <testcase classname="net.sf.freecol.common.model.MovementTest" name="testScoutIndianSettlement" time="0.002" />
  <testcase classname="net.sf.freecol.common.model.MovementTest" name="testScoutColony" time="0.003" />
  <testcase classname="net.sf.freecol.common.model.NationTypeTest" name="testSettlementType" time="0.0" />
  <testcase classname="net.sf.freecol.common.model.NationTypeTest" name="testIsREF" time="0.0" />
  <testcase classname="net.sf.freecol.common.model.NationTypeTest" name="testisRef" time="0.0" />
  <testcase classname="net.sf.freecol.common.model.NationTypeTest" name="testAdvantagesThatOnlyApplyToPersons" time="0.003" />
  <testcase classname="net.sf.freecol.common.model.NationTypeTest" name="testHasType" time="0.0" />
  <testcase classname="net.sf.freecol.common.model.NationTypeTest" name="testStartingUnits" time="0.002" />
  <testcase classname="net.sf.freecol.common.model.PlayerTest" name="testAddAnotherPlayersUnit" time="0.001" />
  <testcase classname="net.sf.freecol.common.model.PlayerTest" name="testFreecolPlayers" time="0.003" />
  <testcase classname="net.sf.freecol.common.model.PlayerTest" name="testTension" time="0.001" />
  <testcase classname="net.sf.freecol.common.model.PlayerTest" name="testUnits" time="0.002" />
  <testcase classname="net.sf.freecol.common.model.PlayerTest" name="testClassicPlayers" time="0.002" />
  <testcase classname="net.sf.freecol.common.model.ProductionTypeTest" name="testOtherBuildings" time="0.001" />
  <testcase classname="net.sf.freecol.common.model.ProductionTypeTest" name="testRainForest" time="0.001" />
  <testcase classname="net.sf.freecol.common.model.ProductionTypeTest" name="testHorseProduction" time="0.0" />
  <testcase classname="net.sf.freecol.common.model.ProductionTypeTest" name="testSavannah" time="0.0" />
  <testcase classname="net.sf.freecol.common.model.ProductionTypeTest" name="testHills" time="0.0" />
  <testcase classname="net.sf.freecol.common.model.ProductionTypeTest" name="testMarsh" time="0.0" />
  <testcase classname="net.sf.freecol.common.model.ProductionTypeTest" name="testOcean" time="0.0" />
  <testcase classname="net.sf.freecol.common.model.ProductionTypeTest" name="testSwamp" time="0.0" />
  <testcase classname="net.sf.freecol.common.model.ProductionTypeTest" name="testCoatProduction" time="0.0" />
  <testcase classname="net.sf.freecol.common.model.ProductionTypeTest" name="testLake" time="0.0" />
  <testcase classname="net.sf.freecol.common.model.ProductionTypeTest" name="testHighSeas" time="0.0" />
  <testcase classname="net.sf.freecol.common.model.ProductionTypeTest" name="testPrairie" time="0.0" />
  <testcase classname="net.sf.freecol.common.model.ProductionTypeTest" name="testWetlandForest" time="0.0" />
  <testcase classname="net.sf.freecol.common.model.ProductionTypeTest" name="testGrassland" time="0.001" />
  <testcase classname="net.sf.freecol.common.model.ProductionTypeTest" name="testBroadleafForest" time="0.0" />
  <testcase classname="net.sf.freecol.common.model.ProductionTypeTest" name="testCrossProduction" time="0.0" />
  <testcase classname="net.sf.freecol.common.model.ProductionTypeTest" name="testGreatRiver" time="0.0" />
  <testcase classname="net.sf.freecol.common.model.ProductionTypeTest" name="testToolsProduction" time="0.0" />
  <testcase classname="net.sf.freecol.common.model.ProductionTypeTest" name="testMixedForest" time="0.0" />
  <testcase classname="net.sf.freecol.common.model.ProductionTypeTest" name="testBorealForest" time="0.001" />
  <testcase classname="net.sf.freecol.common.model.ProductionTypeTest" name="testBellProduction" time="0.0" />
  <testcase classname="net.sf.freecol.common.model.ProductionTypeTest" name="testClothProduction" time="0.0" />
  <testcase classname="net.sf.freecol.common.model.ProductionTypeTest" name="testMountains" time="0.0" />
  <testcase classname="net.sf.freecol.common.model.ProductionTypeTest" name="testArctic" time="0.001" />
  <testcase classname="net.sf.freecol.common.model.ProductionTypeTest" name="testConiferForest" time="0.0" />
  <testcase classname="net.sf.freecol.common.model.ProductionTypeTest" name="testDesert" time="0.0" />
  <testcase classname="net.sf.freecol.common.model.ProductionTypeTest" name="testHammerProduction" time="0.0" />
  <testcase classname="net.sf.freecol.common.model.ProductionTypeTest" name="testPlains" time="0.0" />
  <testcase classname="net.sf.freecol.common.model.ProductionTypeTest" name="testMusketProduction" time="0.0" />
  <testcase classname="net.sf.freecol.common.model.ProductionTypeTest" name="testCigarProduction" time="0.0" />
  <testcase classname="net.sf.freecol.common.model.ProductionTypeTest" name="testTundra" time="0.0" />
  <testcase classname="net.sf.freecol.common.model.ProductionTypeTest" name="testRumProduction" time="0.0" />
  <testcase classname="net.sf.freecol.common.model.ProductionTypeTest" name="testTropicalForest" time="0.0" />
  <testcase classname="net.sf.freecol.common.model.ProductionTypeTest" name="testScrubForest" time="0.0" />
  <testcase classname="net.sf.freecol.common.model.RandomRangeTest" name="testRandomRange" time="0.0" />
  <testcase classname="net.sf.freecol.common.model.RoleTest" name="testRoleComparator" time="0.0" />
  <testcase classname="net.sf.freecol.common.model.RoleTest" name="testMilitaryRoles" time="0.002" />
  <testcase classname="net.sf.freecol.common.model.RoleTest" name="testGoodsDifference" time="0.001" />
  <testcase classname="net.sf.freecol.common.model.RoleTest" name="testCompatibleRoles" time="0.0" />
  <testcase classname="net.sf.freecol.common.model.RoleTest" name="testGetRoleWithAbility" time="0.0" />
  <testcase classname="net.sf.freecol.common.model.SchoolTest" name="testEducationOption" time="0.005" />
  <testcase classname="net.sf.freecol.common.model.SchoolTest" name="testChangeTeachers" time="0.012" />
  <testcase classname="net.sf.freecol.common.model.SchoolTest" name="testUpgrades" time="0.0" />
  <testcase classname="net.sf.freecol.common.model.ScopeTest" name="testEmptyScope" time="0.0" />
  <testcase classname="net.sf.freecol.common.model.ScopeTest" name="testMethodScope" time="0.0" />
  <testcase classname="net.sf.freecol.common.model.ScopeTest" name="testCombinedScope" time="0.0" />
  <testcase classname="net.sf.freecol.common.model.ScopeTest" name="testTypeScope" time="0.0" />
  <testcase classname="net.sf.freecol.common.model.ScopeTest" name="testAbilityScope" time="0.0" />
  <testcase classname="net.sf.freecol.common.model.ScopeTest" name="testEquality" time="0.0" />
  <testcase classname="net.sf.freecol.common.model.ScopeTest" name="testMatchesNull" time="0.0" />
  <testcase classname="net.sf.freecol.common.model.ScopeTest" name="testGameObjects" time="0.001" />
  <testcase classname="net.sf.freecol.common.model.SerializationTest" name="testMapAmerica" time="0.75" />
  <testcase classname="net.sf.freecol.common.model.SerializationTest" name="testSpecification" time="0.155" />
  <testcase classname="net.sf.freecol.common.model.SerializationTest" name="testValidation" time="0.272" />
  <testcase classname="net.sf.freecol.common.model.SerializationTest" name="testStringTemplate" time="0.01" />
  <testcase classname="net.sf.freecol.common.model.SerializationTest" name="testMapAfrica" time="0.3" />
  <testcase classname="net.sf.freecol.common.model.SerializationTest" name="testMapCaribbean" time="0.075" />
  <testcase classname="net.sf.freecol.common.model.SerializationTest" name="testDifficulty" time="0.06" />
  <testcase classname="net.sf.freecol.common.model.SerializationTest" name="testGeneratedLists" time="0.045" />
  <testcase classname="net.sf.freecol.common.model.SerializationTest" name="testMapAustralia" time="0.115" />
  <testcase classname="net.sf.freecol.common.model.SettlementTest" name="testColonyClaimsWater" time="0.002" />
  <testcase classname="net.sf.freecol.common.model.SettlementTest" name="testLineOfSight" time="0.002" />
  <testcase classname="net.sf.freecol.common.model.SettlementTest" name="testSettlementRadius" time="0.004" />
  <testcase classname="net.sf.freecol.common.model.SettlementTest" name="testCanImproveUnitMilitaryRole" time="0.008" />
  <testcase classname="net.sf.freecol.common.model.SettlementTest" name="testSettlementDoesNotClaimWater" time="0.002" />
  <testcase classname="net.sf.freecol.common.model.SettlementTest" name="testColonyRadius" time="0.001" />
  <testcase classname="net.sf.freecol.common.model.SoLTest" name="testSoL" time="0.007" />
  <testcase classname="net.sf.freecol.common.model.TileImprovementTest" name="testRiverWithExtras" time="0.0" />
  <testcase classname="net.sf.freecol.common.model.TileImprovementTest" name="testRiverNoExtras" time="0.0" />
  <testcase classname="net.sf.freecol.common.model.TileImprovementTest" name="testAllFrills" time="0.0" />
  <testcase classname="net.sf.freecol.common.model.TileImprovementTest" name="testOldStyle" time="0.001" />
  <testcase classname="net.sf.freecol.common.model.TileImprovementTest" name="testEquality" time="0.0" />
  <testcase classname="net.sf.freecol.common.model.TileItemContainerTest" name="testCopyFromWithEveryThing" time="0.001" />
  <testcase classname="net.sf.freecol.common.model.TileTest" name="testTileTypeChangeProduction" time="0.0" />
  <testcase classname="net.sf.freecol.common.model.TileTest" name="testDefenceModifiers" time="0.0" />
  <testcase classname="net.sf.freecol.common.model.TileTest" name="testPrimarySecondaryGoods" time="0.002" />
  <testcase classname="net.sf.freecol.common.model.TileTest" name="testPotential" time="0.001" />
  <testcase classname="net.sf.freecol.common.model.TileTest" name="testCopy" time="0.002" />
  <testcase classname="net.sf.freecol.common.model.TileTest" name="testImprovements" time="0.001" />
  <testcase classname="net.sf.freecol.common.model.TileTest" name="testMinerals" time="0.002" />
  <testcase classname="net.sf.freecol.common.model.TileTest" name="testMaximumPotential" time="0.003" />
  <testcase classname="net.sf.freecol.common.model.TileTest" name="testIsTileTypeAllowed" time="0.001" />
  <testcase classname="net.sf.freecol.common.model.TileTest" name="testGetWorkAmount" time="0.009" />
  <testcase classname="net.sf.freecol.common.model.TileTest" name="testGetBestDisembarkTile" time="0.003" />
  <testcase classname="net.sf.freecol.common.model.TileTest" name="testColonyImprovements" time="0.002" />
  <testcase classname="net.sf.freecol.common.model.TileTest" name="testConiferForest" time="0.005" />
  <testcase classname="net.sf.freecol.common.model.TileTest" name="testProductionModifiers" time="0.002" />
  <testcase classname="net.sf.freecol.common.model.TileTest" name="testZIndex" time="0.0" />
  <testcase classname="net.sf.freecol.common.model.TradeRouteTest" name="testTradeRoute" time="0.02" />
  <testcase classname="net.sf.freecol.common.model.UnitTest" name="testIsColonist" time="0.002" />
  <testcase classname="net.sf.freecol.common.model.UnitTest" name="testElement" time="0.006" />
  <testcase classname="net.sf.freecol.common.model.UnitTest" name="testUnitLosesExperienceWithRoleChange" time="0.003" />
  <testcase classname="net.sf.freecol.common.model.UnitTest" name="testUnitAvailability" time="0.001" />
  <testcase classname="net.sf.freecol.common.model.UnitTest" name="testOwnerChange" time="0.001" />
  <testcase classname="net.sf.freecol.common.model.UnitTest" name="testIndianDies" time="0.002" />
  <testcase classname="net.sf.freecol.common.model.UnitTest" name="testGetMovesAsString" time="0.002" />
  <testcase classname="net.sf.freecol.common.model.UnitTest" name="testCopy" time="0.003" />
  <testcase classname="net.sf.freecol.common.model.UnitTest" name="testDefaultRole" time="0.0" />
  <testcase classname="net.sf.freecol.common.model.UnitTest" name="testMissionary" time="0.004" />
  <testcase classname="net.sf.freecol.common.model.UnitTest" name="testUnitCanBuildColony" time="0.002" />
  <testcase classname="net.sf.freecol.common.model.UnitTest" name="testCarrierOwnerChange" time="0.002" />
  <testcase classname="net.sf.freecol.common.model.UnitTest" name="testTreasureTransportFee" time="0.004" />
  <testcase classname="net.sf.freecol.common.model.UnitTest" name="testFailedAddGoods" time="0.002" />
  <testcase classname="net.sf.freecol.common.model.UnitTest" name="testGetLineOfSight" time="0.002" />
  <testcase classname="net.sf.freecol.common.model.UnitTest" name="testCanAdd" time="0.001" />
  <testcase classname="net.sf.freecol.common.model.UnitTest" name="testUnitLocationAfterBuildingColony" time="0.002" />
  <testcase classname="net.sf.freecol.common.model.UnitTypeChangeTest" name="testEmptyScope" time="0.001" />
  <testcase classname="net.sf.freecol.common.model.UnitTypeChangeTest" name="testCreation" time="0.001" />
  <testcase classname="net.sf.freecol.common.model.UnitTypeChangeTest" name="testAbilityScope" time="0.0" />
  <testcase classname="net.sf.freecol.common.model.UnitTypeChangeTest" name="testEquality" time="0.001" />
  <testcase classname="net.sf.freecol.common.utils.UtilsTest" name="testComparator" time="0.0" />
  <testcase classname="net.sf.freecol.common.utils.UtilsTest" name="testGetPermutations" time="0.001" />
  <testcase classname="net.sf.freecol.common.sound.SoundTest" name="testSound" time="1.393" />
  <testcase classname="net.sf.freecol.common.sound.SoundTest" name="testClassic" time="3.558" />
  <testcase classname="net.sf.freecol.server.SaveLoadTest" name="testDelayedLoading" time="0.884" />
  <testcase classname="net.sf.freecol.server.SaveLoadTest" name="testImmediateLoading" time="0.769" />
  <testcase classname="net.sf.freecol.server.SaveLoadTest" name="testImport" time="0.64" />
  <testcase classname="net.sf.freecol.server.ai.AIColonyTest" name="testBuildersAllocation" time="0.31" />
  <testcase classname="net.sf.freecol.server.ai.AIColonyTest" name="testBestDefender" time="0.048" />
  <testcase classname="net.sf.freecol.server.ai.AIColonyTest" name="testBuildersAllocNoRawMatTiles" time="0.16" />
  <testcase classname="net.sf.freecol.server.ai.AIColonyTest" name="testExpertAllocColonyHasEnoughRawMat" time="0.097" />
  <testcase classname="net.sf.freecol.server.ai.ContactTest" name="testNativeMeetsEuropean" time="0.1" />
  <testcase classname="net.sf.freecol.server.ai.ContactTest" name="testNativeMeetsColony" time="0.065" />
  <testcase classname="net.sf.freecol.server.ai.ContactTest" name="testShipMeetsShip" time="0.066" />
  <testcase classname="net.sf.freecol.server.ai.ContactTest" name="testNativeMeetsNative" time="0.091" />
  <testcase classname="net.sf.freecol.server.ai.ContactTest" name="testNativeMeetsIndianSettlement" time="0.088" />
  <testcase classname="net.sf.freecol.server.ai.ContactTest" name="testEuropeanMeetsIndianSettlement" time="0.107" />
  <testcase classname="net.sf.freecol.server.ai.ContactTest" name="testEuropeanMeetsNative" time="0.089" />
  <testcase classname="net.sf.freecol.server.ai.ColonyPlanTest" name="testGetBestWorker" time="0.076" />
  <testcase classname="net.sf.freecol.server.ai.ColonyPlanTest" name="testBestImprovements" time="0.003" />
  <testcase classname="net.sf.freecol.server.ai.ColonyPlanTest" name="testNoBuildRawMatTiles" time="0.076" />
  <testcase classname="net.sf.freecol.server.ai.ColonyPlanTest" name="testReqLumberAndHammersForBuild" time="0.064" />
  <testcase classname="net.sf.freecol.server.ai.ColonyPlanTest" name="testReqOreAndToolsWithEnoughHammersForBuild" time="0.052" />
  <testcase classname="net.sf.freecol.server.ai.MissionAssignmentTest" name="testIsTargetValidForSeekAndDestroy" time="0.065" />
  <testcase classname="net.sf.freecol.server.ai.MissionAssignmentTest" name="testImpossibleConditionsForTargetSelection" time="0.049" />
  <testcase classname="net.sf.freecol.server.ai.MissionAssignmentTest" name="testSecureIndianSettlementMissionIgnoreNavalThreat" time="0.067" />
  <testcase classname="net.sf.freecol.server.ai.MissionAssignmentTest" name="testSecureIndianSettlementMission" time="0.061" />
  <testcase classname="net.sf.freecol.server.ai.MissionAssignmentTest" name="testAssignDefendSettlementMission" time="0.052" />
  <testcase classname="net.sf.freecol.server.ai.REFTest" name="testCreateREFPlayer" time="0.059" />
  <testcase classname="net.sf.freecol.server.ai.StandardAIPlayerTest" name="testEquipBravesNotEnoughReqGoods" time="0.051" />
  <testcase classname="net.sf.freecol.server.ai.StandardAIPlayerTest" name="testEquipBraves" time="0.047" />
  <testcase classname="net.sf.freecol.server.ai.TensionTest" name="testTension" time="0.067" />
  <testcase classname="net.sf.freecol.server.ai.mission.PioneeringMissionTest" name="testImprovementNoLongerValid" time="0.087" />
  <testcase classname="net.sf.freecol.server.ai.mission.PrivateerMissionTest" name="testIsMissionValid" time="0.05" />
  <testcase classname="net.sf.freecol.server.ai.mission.ScoutingMissionTest" name="testHorsesLost" time="0.067" />
  <testcase classname="net.sf.freecol.server.ai.mission.TransportMissionTest" name="testGetNextStopAlreadyAtDestination" time="0.072" />
  <testcase classname="net.sf.freecol.server.ai.mission.TransportMissionTest" name="testGetDefaultDestination" time="0.051" />
  <testcase classname="net.sf.freecol.server.ai.mission.TransportMissionTest" name="testWagonTrain" time="0.094" />
  <testcase classname="net.sf.freecol.server.ai.mission.TransportMissionTest" name="testGetNextStopIsColony" time="0.07" />
  <testcase classname="net.sf.freecol.server.ai.mission.TransportMissionTest" name="testGetNextStopIsEurope" time="0.068" />
  <testcase classname="net.sf.freecol.server.ai.mission.TransportMissionTest" name="testTransportMissionInvalidAfterCombatLost" time="0.071" />
  <testcase classname="net.sf.freecol.server.ai.mission.UnitSeekAndDestroyMissionTest" name="testCapturedUnitsLoseMission" time="0.053" />
  <testcase classname="net.sf.freecol.server.ai.mission.UnitSeekAndDestroyMissionTest" name="testDoNotPursueUnitsInColonies" time="0.04" />
  <testcase classname="net.sf.freecol.server.control.InGameControllerTest" name="testWarDeclarationAffectsSettlementAlarm" time="0.045" />
  <testcase classname="net.sf.freecol.server.control.InGameControllerTest" name="testArtilleryDemotedBySoldier" time="0.07" />
  <testcase classname="net.sf.freecol.server.control.InGameControllerTest" name="testPeaceTreatyFromWarStance" time="0.062" />
  <testcase classname="net.sf.freecol.server.control.InGameControllerTest" name="testScoutDiesNotLosesEquipment" time="0.075" />
  <testcase classname="net.sf.freecol.server.control.InGameControllerTest" name="testDragoonDemotedByBrave" time="0.07" />
  <testcase classname="net.sf.freecol.server.control.InGameControllerTest" name="testCeaseFireTreaty" time="0.043" />
  <testcase classname="net.sf.freecol.server.control.InGameControllerTest" name="testDeclarationOfWarFromPeace" time="0.055" />
  <testcase classname="net.sf.freecol.server.control.InGameControllerTest" name="testAttackColonyWithVeteran" time="0.076" />
  <testcase classname="net.sf.freecol.server.control.InGameControllerTest" name="testDragoonDemotedBySoldier" time="0.071" />
  <testcase classname="net.sf.freecol.server.control.InGameControllerTest" name="testAddFatherUnits" time="0.055" />
  <testcase classname="net.sf.freecol.server.control.InGameControllerTest" name="testDumpGoods" time="0.058" />
  <testcase classname="net.sf.freecol.server.control.InGameControllerTest" name="testAtackedNavalUnitIsDamaged" time="0.084" />
  <testcase classname="net.sf.freecol.server.control.InGameControllerTest" name="testLaSalle" time="0.053" />
  <testcase classname="net.sf.freecol.server.control.InGameControllerTest" name="testPocahontas" time="0.06" />
  <testcase classname="net.sf.freecol.server.control.InGameControllerTest" name="testPioneerDiesNotLosesEquipment" time="0.053" />
  <testcase classname="net.sf.freecol.server.control.InGameControllerTest" name="testPromotion" time="0.055" />
  <testcase classname="net.sf.freecol.server.control.InGameControllerTest" name="testClearSpecialty" time="0.042" />
  <testcase classname="net.sf.freecol.server.control.InGameControllerTest" name="testPeaceTreatyFromCeaseFireStance" time="0.042" />
  <testcase classname="net.sf.freecol.server.control.InGameControllerTest" name="testUnitLosesExperienceWithWorkChange" time="0.048" />
  <testcase classname="net.sf.freecol.server.control.InGameControllerTest" name="testEquipIndianNotEnoughReqGoods" time="0.067" />
  <testcase classname="net.sf.freecol.server.control.InGameControllerTest" name="testCashInTreasure" time="0.046" />
  <testcase classname="net.sf.freecol.server.control.InGameControllerTest" name="testAddFatherUpgrades" time="0.038" />
  <testcase classname="net.sf.freecol.server.control.InGameControllerTest" name="testUnitTypeChangeOnEnterColony" time="0.053" />
  <testcase classname="net.sf.freecol.server.control.InGameControllerTest" name="testSoldierDemotedBySoldier" time="0.038" />
  <testcase classname="net.sf.freecol.server.control.InGameControllerTest" name="testUnarmedAttack" time="0.037" />
  <testcase classname="net.sf.freecol.server.control.InGameControllerTest" name="testCarpenterHouseNationalAdvantage" time="0.037" />
  <testcase classname="net.sf.freecol.server.control.InGameControllerTest" name="testCreateMission" time="0.057" />
  <testcase classname="net.sf.freecol.server.control.InGameControllerTest" name="testDoAssignedWorkAmateurAndHardyPioneer" time="1.694" />
  <testcase classname="net.sf.freecol.server.control.InGameControllerTest" name="testEmbark" time="0.03" />
  <testcase classname="net.sf.freecol.server.control.InGameControllerTest" name="testVeteranSoldierDemotedBySoldier" time="0.041" />
  <testcase classname="net.sf.freecol.server.control.InGameControllerTest" name="testLoseColonyDefenceWithRevere" time="0.038" />
  <testcase classname="net.sf.freecol.server.control.InGameControllerTest" name="testBuildingBonus" time="0.052" />
  <testcase classname="net.sf.freecol.server.control.InGameControllerTest" name="testColonistDemotedBySoldier" time="0.053" />
  <testcase classname="net.sf.freecol.server.control.InGameControllerTest" name="testScoutDefeatedBySoldier" time="0.048" />
  <testcase classname="net.sf.freecol.server.control.InGameControllerTest" name="testAddFatherBuildingEvent" time="0.035" />
  <testcase classname="net.sf.freecol.server.control.InGameControllerTest" name="testAttackColonyWithBrave" time="0.086" />
  <testcase classname="net.sf.freecol.server.control.InGameControllerTest" name="testEquipIndian" time="0.027" />
  <testcase classname="net.sf.freecol.server.model.ServerBuildingTest" name="testMoveTeacherOutside" time="0.044" />
  <testcase classname="net.sf.freecol.server.model.ServerBuildingTest" name="testTeacherStoresProgress" time="0.049" />
  <testcase classname="net.sf.freecol.server.model.ServerBuildingTest" name="testCaseTwoTeachersWithDifferentExp" time="0.052" />
  <testcase classname="net.sf.freecol.server.model.ServerBuildingTest" name="testMoveTeacherInside" time="0.053" />
  <testcase classname="net.sf.freecol.server.model.ServerBuildingTest" name="testConcurrentUpgrade" time="0.058" />
  <testcase classname="net.sf.freecol.server.model.ServerBuildingTest" name="testTeachingOrder" time="0.052" />
  <testcase classname="net.sf.freecol.server.model.ServerBuildingTest" name="testTeachPettyCriminalsByMaster" time="0.056" />
  <testcase classname="net.sf.freecol.server.model.ServerBuildingTest" name="testTeachingDoublePromotion" time="0.044" />
  <testcase classname="net.sf.freecol.server.model.ServerBuildingTest" name="testUniversity" time="0.038" />
  <testcase classname="net.sf.freecol.server.model.ServerBuildingTest" name="testTwoTeachersSimple" time="0.052" />
  <testcase classname="net.sf.freecol.server.model.ServerBuildingTest" name="testTrackerBug1616384" time="0.056" />
  <testcase classname="net.sf.freecol.server.model.ServerBuildingTest" name="testSingleGuyTwoTeachers2" time="0.037" />
  <testcase classname="net.sf.freecol.server.model.ServerBuildingTest" name="testCollege" time="0.031" />
  <testcase classname="net.sf.freecol.server.model.ServerBuildingTest" name="testSingleGuyTwoTeachers" time="0.055" />
  <testcase classname="net.sf.freecol.server.model.ServerBuildingTest" name="testSonsOfLiberty" time="0.089" />
  <testcase classname="net.sf.freecol.server.model.ServerBuildingTest" name="testTwoTeachersOfSameKind" time="0.049" />
  <testcase classname="net.sf.freecol.server.model.ServerBuildingTest" name="testTeachPettyCriminals" time="0.038" />
  <testcase classname="net.sf.freecol.server.model.ServerBuildingTest" name="testProductionBonus" time="0.029" />
  <testcase classname="net.sf.freecol.server.model.ServerBuildingTest" name="testPartTraining" time="0.044" />
  <testcase classname="net.sf.freecol.server.model.ServerBuildingTest" name="testExpertTeaching" time="0.034" />
  <testcase classname="net.sf.freecol.server.model.ServerBuildingTest" name="testColonialRegular" time="0.042" />
  <testcase classname="net.sf.freecol.server.model.ServerBuildingTest" name="testTeachIndenturedServants" time="0.035" />
  <testcase classname="net.sf.freecol.server.model.ServerColonyTest" name="testEqualFoodProductionConsumptionCase" time="0.03" />
  <testcase classname="net.sf.freecol.server.model.ServerColonyTest" name="testDeathByStarvation" time="0.033" />
  <testcase classname="net.sf.freecol.server.model.ServerColonyTest" name="testBuildingCompletion" time="0.042" />
  <testcase classname="net.sf.freecol.server.model.ServerColonyTest" name="testInvalidCompletion" time="0.033" />
  <testcase classname="net.sf.freecol.server.model.ServerColonyTest" name="testAvoidStarvation" time="0.03" />
  <testcase classname="net.sf.freecol.server.model.ServerColonyTest" name="testNoBuildingMaterialsProductionWhenBuildingNothing" time="0.004" />
  <testcase classname="net.sf.freecol.server.model.ServerColonyTest" name="testFoodConsumption" time="0.035" />
  <testcase classname="net.sf.freecol.server.model.ServerColonyTest" name="testLibertyAndImmigration" time="0.033" />
  <testcase classname="net.sf.freecol.server.model.ServerIndianSettlementTest" name="testHorseBreedingNoFoodAvail" time="0.041" />
  <testcase classname="net.sf.freecol.server.model.ServerIndianSettlementTest" name="testPricing" time="0.031" />
  <testcase classname="net.sf.freecol.server.model.ServerIndianSettlementTest" name="testHorseBreeding" time="0.049" />
  <testcase classname="net.sf.freecol.server.model.ServerIndianSettlementTest" name="testFoodConsumption" time="0.036" />
  <testcase classname="net.sf.freecol.server.model.ServerPlayerTest" name="testCheckNoGameOverEnoughMoney" time="0.04" />
  <testcase classname="net.sf.freecol.server.model.ServerPlayerTest" name="testCheckGameOver1600Threshold" time="0.031" />
  <testcase classname="net.sf.freecol.server.model.ServerPlayerTest" name="testCheckNoGameOverHasColonistInNewWorld" time="0.024" />
  <testcase classname="net.sf.freecol.server.model.ServerPlayerTest" name="testHasExploredTile" time="0.04" />
  <testcase classname="net.sf.freecol.server.model.ServerPlayerTest" name="testBuyingMakesPricesRaise" time="0.031" />
  <testcase classname="net.sf.freecol.server.model.ServerPlayerTest" name="testCheckGameOverUnitsGoingToEurope" time="0.031" />
  <testcase classname="net.sf.freecol.server.model.ServerPlayerTest" name="testDutchMarket" time="0.058" />
  <testcase classname="net.sf.freecol.server.model.ServerPlayerTest" name="testCheckGameOverNoUnits" time="0.026" />
  <testcase classname="net.sf.freecol.server.model.ServerPlayerTest" name="testCheckGameOverUnitsGoingToNewWorld" time="0.027" />
  <testcase classname="net.sf.freecol.server.model.ServerPlayerTest" name="testSellingMakesPricesFall" time="0.025" />
  <testcase classname="net.sf.freecol.server.model.ServerPlayerTest" name="testMarketRecovery" time="0.065" />
  <testcase classname="net.sf.freecol.server.model.ServerPlayerTest" name="testLoadInColony" time="0.032" />
  <testcase classname="net.sf.freecol.server.model.ServerPlayerTest" name="testLoadInEurope" time="0.027" />
  <testcase classname="net.sf.freecol.server.model.ServerUnitTest" name="testDoAssignedWorkHardyPioneerPlowPlain" time="0.028" />
  <testcase classname="net.sf.freecol.server.model.ServerUnitTest" name="testColonyProfitFromEnhancement" time="0.027" />
  <testcase classname="net.sf.freecol.server.model.ServerUnitTest" name="testExposeResource" time="0.029" />
  <testcase classname="net.sf.freecol.server.model.ServerUnitTest" name="testDoAssignedWorkHardyPioneerBuildRoad" time="0.027" />
  <testcase classname="net.sf.freecol.server.model.ServerUnitTest" name="testUnitPromotionWorkingInWorkTile" time="0.029" />
  <testcase classname="net.sf.freecol.server.model.ServerUnitTest" name="testUnitGetsExperienceThroughWork" time="0.033" />
  <testcase classname="net.sf.freecol.server.model.ServerUnitTest" name="testUnitLumberDelivery" time="0.056" />
  <testcase classname="net.sf.freecol.server.model.ServerUnitTest" name="testToggleHorses" time="0.031" />
  <testcase classname="net.sf.freecol.server.generator.MapGeneratorTest" name="testSinglePlayerOnSmallMap" time="0.361" />
  <testcase classname="net.sf.freecol.server.generator.MapGeneratorTest" name="testImportMap" time="0.411" />
  <testcase classname="net.sf.freecol.server.generator.MapGeneratorTest" name="testRegions" time="0.191" />
  <testcase classname="net.sf.freecol.server.generator.MapGeneratorTest" name="testWithNoIndians" time="0.136" />
  <testcase classname="net.sf.freecol.server.generator.MapGeneratorTest" name="testIndianCapital" time="0.196" />
  <testcase classname="net.sf.freecol.server.generator.MapGeneratorTest" name="testMapGenerator" time="0.15" />
  <testcase classname="net.sf.freecol.client.gui.FontTest" name="testLogicalSerif" time="0.004" />
  <system-out><![CDATA[]]></system-out>
  <system-err><![CDATA[May 14, 2018 5:09:37 PM net.sf.freecol.common.model.Specification fixRoles
INFO: Loading role backward compatibility fragment: roles-compat.xml with roles: model.role.defaultmodel.role.scoutmodel.role.soldiermodel.role.dragoonmodel.role.pioneermodel.role.missionarymodel.role.infantrymodel.role.cavalrymodel.role.mountedBravemodel.role.armedBravemodel.role.nativeDragoon
May 14, 2018 5:09:37 PM net.sf.freecol.common.model.Specification checkDifficultyOptionGroup
INFO: Check group model.difficulty.immigration
May 14, 2018 5:09:37 PM net.sf.freecol.common.model.Specification checkDifficultyOptionGroup
INFO: Check group model.difficulty.natives
May 14, 2018 5:09:37 PM net.sf.freecol.common.model.Specification checkDifficultyOptionGroup
INFO: Check group model.difficulty.monarch
May 14, 2018 5:09:37 PM net.sf.freecol.common.model.Specification checkDifficultyOptionGroup
INFO: Check group model.difficulty.government
May 14, 2018 5:09:37 PM net.sf.freecol.common.model.Specification checkDifficultyOptionGroup
INFO: Check group model.difficulty.other
May 14, 2018 5:09:37 PM net.sf.freecol.common.model.Specification checkDifficultyOptionGroup
INFO: Check group model.difficulty.cheat
May 14, 2018 5:09:37 PM net.sf.freecol.common.model.Specification checkDifficultyUnitListOption
INFO: Added difficulty unit list option: model.option.immigrants
May 14, 2018 5:09:37 PM net.sf.freecol.common.model.Specification clean
INFO: Specification clean following load from InputStream complete, starting year=1492, season year=1600, ages=[1,109,309], seasons=2, 259 FreeColGameObjectTypes, 79 Abilities, 41 BuildingTypes, 14 Disasters, 9 EuropeanNationTypes, 2 Events, 25 FoundingFathers, 21 GoodsTypes, 8 IndianNationTypes, 60 Modifiers, 25 Nations, 65 Options, 16 Option Groups, 12 ResourceTypes, 11 Roles, 23 TileTypes, 6 TileImprovementTypes, 42 UnitTypes read.
May 14, 2018 5:09:37 PM net.sf.freecol.common.model.Specification checkDifficultyOptionGroup
INFO: Check group model.difficulty.immigration
May 14, 2018 5:09:37 PM net.sf.freecol.common.model.Specification checkDifficultyOptionGroup
INFO: Check group model.difficulty.natives
May 14, 2018 5:09:37 PM net.sf.freecol.common.model.Specification checkDifficultyOptionGroup
INFO: Check group model.difficulty.monarch
May 14, 2018 5:09:37 PM net.sf.freecol.common.model.Specification checkDifficultyOptionGroup
INFO: Check group model.difficulty.government
May 14, 2018 5:09:37 PM net.sf.freecol.common.model.Specification checkDifficultyOptionGroup
INFO: Check group model.difficulty.other
May 14, 2018 5:09:37 PM net.sf.freecol.common.model.Specification checkDifficultyOptionGroup
INFO: Check group model.difficulty.cheat
May 14, 2018 5:09:37 PM net.sf.freecol.common.model.Specification applyDifficultyLevel
INFO: Applying difficulty level model.difficulty.medium
May 14, 2018 5:09:38 PM net.sf.freecol.common.model.Specification fixRoles
INFO: Loading role backward compatibility fragment: roles-compat.xml with roles: model.role.defaultmodel.role.scoutmodel.role.soldiermodel.role.dragoonmodel.role.pioneermodel.role.missionarymodel.role.infantrymodel.role.cavalrymodel.role.mountedBravemodel.role.armedBravemodel.role.nativeDragoon
May 14, 2018 5:09:38 PM net.sf.freecol.common.model.Specification checkDifficultyOptionGroup
INFO: Check group model.difficulty.immigration
May 14, 2018 5:09:38 PM net.sf.freecol.common.model.Specification checkDifficultyOptionGroup
INFO: Check group model.difficulty.natives
May 14, 2018 5:09:38 PM net.sf.freecol.common.model.Specification checkDifficultyOptionGroup
INFO: Check group model.difficulty.monarch
May 14, 2018 5:09:38 PM net.sf.freecol.common.model.Specification checkDifficultyOptionGroup
INFO: Check group model.difficulty.government
May 14, 2018 5:09:38 PM net.sf.freecol.common.model.Specification checkDifficultyOptionGroup
INFO: Check group model.difficulty.other
May 14, 2018 5:09:38 PM net.sf.freecol.common.model.Specification checkDifficultyOptionGroup
INFO: Check group model.difficulty.cheat
May 14, 2018 5:09:38 PM net.sf.freecol.common.model.Specification checkDifficultyUnitListOption
INFO: Added difficulty unit list option: model.option.immigrants
May 14, 2018 5:09:38 PM net.sf.freecol.common.model.Specification clean
INFO: Specification clean following load from InputStream complete, starting year=1492, season year=1600, ages=[1,109,309], seasons=2, 247 FreeColGameObjectTypes, 78 Abilities, 41 BuildingTypes, 14 Disasters, 5 EuropeanNationTypes, 2 Events, 25 FoundingFathers, 21 GoodsTypes, 8 IndianNationTypes, 60 Modifiers, 17 Nations, 65 Options, 16 Option Groups, 12 ResourceTypes, 11 Roles, 23 TileTypes, 6 TileImprovementTypes, 42 UnitTypes read.
May 14, 2018 5:09:38 PM net.sf.freecol.common.model.Specification checkDifficultyOptionGroup
INFO: Check group model.difficulty.immigration
May 14, 2018 5:09:38 PM net.sf.freecol.common.model.Specification checkDifficultyOptionGroup
INFO: Check group model.difficulty.natives
May 14, 2018 5:09:38 PM net.sf.freecol.common.model.Specification checkDifficultyOptionGroup
INFO: Check group model.difficulty.monarch
May 14, 2018 5:09:38 PM net.sf.freecol.common.model.Specification checkDifficultyOptionGroup
INFO: Check group model.difficulty.government
May 14, 2018 5:09:38 PM net.sf.freecol.common.model.Specification checkDifficultyOptionGroup
INFO: Check group model.difficulty.other
May 14, 2018 5:09:38 PM net.sf.freecol.common.model.Specification checkDifficultyOptionGroup
INFO: Check group model.difficulty.cheat
May 14, 2018 5:09:38 PM net.sf.freecol.common.model.Specification applyDifficultyLevel
INFO: Applying difficulty level model.difficulty.medium
May 14, 2018 5:09:38 PM net.sf.freecol.common.i18n.Messages replaceChoices
WARNING: Unknown key or untagged choice: 'west=westward|east=eastward|default=into the wind', selector was 'whatever', trying 'default' instead
May 14, 2018 5:09:38 PM net.sf.freecol.common.i18n.Messages replaceChoices
WARNING: No tag found: {{}}abc   {{xyz}}def{{123|567}}
May 14, 2018 5:09:38 PM net.sf.freecol.common.i18n.Messages replaceChoices
WARNING: No tag found: {{}}abc   {{xyz}}def{{123|567}}
May 14, 2018 5:09:38 PM net.sf.freecol.common.i18n.Messages replaceChoices
WARNING: No tag found: {{}}abc   {{xyz}}def{{123|567}}
May 14, 2018 5:09:39 PM net.sf.freecol.common.model.Specification applyDifficultyLevel
INFO: Applying difficulty level model.difficulty.medium
May 14, 2018 5:09:39 PM net.sf.freecol.common.model.Specification applyDifficultyLevel
INFO: Applying difficulty level model.difficulty.medium
May 14, 2018 5:09:39 PM net.sf.freecol.common.util.LogBuilder log
INFO: In data\mods found mod: bryce classic_ui convertUpgrade daySeasons example fourSeasons hutzli markovoss misiulo monthSeasons plantForest weekSeasons
May 14, 2018 5:09:39 PM net.sf.freecol.common.model.Specification fixRoles
INFO: Loading role backward compatibility fragment: roles-compat.xml with roles: model.role.defaultmodel.role.scoutmodel.role.soldiermodel.role.dragoonmodel.role.pioneermodel.role.missionarymodel.role.infantrymodel.role.cavalrymodel.role.mountedBravemodel.role.armedBravemodel.role.nativeDragoon
May 14, 2018 5:09:39 PM net.sf.freecol.common.model.Specification checkDifficultyOptionGroup
INFO: Check group model.difficulty.immigration
May 14, 2018 5:09:39 PM net.sf.freecol.common.model.Specification checkDifficultyOptionGroup
INFO: Check group model.difficulty.natives
May 14, 2018 5:09:39 PM net.sf.freecol.common.model.Specification checkDifficultyOptionGroup
INFO: Check group model.difficulty.monarch
May 14, 2018 5:09:39 PM net.sf.freecol.common.model.Specification checkDifficultyOptionGroup
INFO: Check group model.difficulty.government
May 14, 2018 5:09:39 PM net.sf.freecol.common.model.Specification checkDifficultyOptionGroup
INFO: Check group model.difficulty.other
May 14, 2018 5:09:39 PM net.sf.freecol.common.model.Specification checkDifficultyOptionGroup
INFO: Check group model.difficulty.cheat
May 14, 2018 5:09:39 PM net.sf.freecol.common.model.Specification checkDifficultyUnitListOption
INFO: Added difficulty unit list option: model.option.immigrants
May 14, 2018 5:09:39 PM net.sf.freecol.common.model.Specification clean
INFO: Specification clean following load from InputStream complete, starting year=1492, season year=1600, ages=[1,109,309], seasons=2, 258 FreeColGameObjectTypes, 79 Abilities, 41 BuildingTypes, 14 Disasters, 9 EuropeanNationTypes, 2 Events, 25 FoundingFathers, 21 GoodsTypes, 8 IndianNationTypes, 60 Modifiers, 25 Nations, 65 Options, 16 Option Groups, 12 ResourceTypes, 11 Roles, 23 TileTypes, 6 TileImprovementTypes, 41 UnitTypes read.
May 14, 2018 5:09:39 PM net.sf.freecol.common.model.Specification fixRoles
INFO: Loading role backward compatibility fragment: roles-compat.xml with roles: model.role.defaultmodel.role.scoutmodel.role.soldiermodel.role.dragoonmodel.role.pioneermodel.role.missionarymodel.role.infantrymodel.role.cavalrymodel.role.mountedBravemodel.role.armedBravemodel.role.nativeDragoon
May 14, 2018 5:09:39 PM net.sf.freecol.common.model.Specification checkDifficultyOptionGroup
INFO: Check group model.difficulty.immigration
May 14, 2018 5:09:39 PM net.sf.freecol.common.model.Specification checkDifficultyOptionGroup
INFO: Check group model.difficulty.natives
May 14, 2018 5:09:39 PM net.sf.freecol.common.model.Specification checkDifficultyOptionGroup
INFO: Check group model.difficulty.monarch
May 14, 2018 5:09:39 PM net.sf.freecol.common.model.Specification checkDifficultyOptionGroup
INFO: Check group model.difficulty.government
May 14, 2018 5:09:39 PM net.sf.freecol.common.model.Specification checkDifficultyOptionGroup
INFO: Check group model.difficulty.other
May 14, 2018 5:09:39 PM net.sf.freecol.common.model.Specification checkDifficultyOptionGroup
INFO: Check group model.difficulty.cheat
May 14, 2018 5:09:39 PM net.sf.freecol.common.model.Specification checkDifficultyUnitListOption
INFO: Added difficulty unit list option: model.option.immigrants
May 14, 2018 5:09:39 PM net.sf.freecol.common.model.Specification clean
INFO: Specification clean following load from InputStream complete, starting year=1492, season year=1600, ages=[1,109,309], seasons=2, 259 FreeColGameObjectTypes, 79 Abilities, 41 BuildingTypes, 14 Disasters, 9 EuropeanNationTypes, 2 Events, 25 FoundingFathers, 21 GoodsTypes, 8 IndianNationTypes, 60 Modifiers, 25 Nations, 65 Options, 16 Option Groups, 12 ResourceTypes, 11 Roles, 23 TileTypes, 6 TileImprovementTypes, 42 UnitTypes read.
May 14, 2018 5:09:39 PM net.sf.freecol.common.model.Specification fixRoles
INFO: Loading role backward compatibility fragment: roles-compat.xml with roles: model.role.defaultmodel.role.scoutmodel.role.soldiermodel.role.dragoonmodel.role.pioneermodel.role.missionarymodel.role.infantrymodel.role.cavalrymodel.role.mountedBravemodel.role.armedBravemodel.role.nativeDragoon
May 14, 2018 5:09:39 PM net.sf.freecol.common.model.Specification checkDifficultyOptionGroup
INFO: Check group model.difficulty.immigration
May 14, 2018 5:09:39 PM net.sf.freecol.common.model.Specification checkDifficultyOptionGroup
INFO: Check group model.difficulty.natives
May 14, 2018 5:09:39 PM net.sf.freecol.common.model.Specification checkDifficultyOptionGroup
INFO: Check group model.difficulty.monarch
May 14, 2018 5:09:39 PM net.sf.freecol.common.model.Specification checkDifficultyOptionGroup
INFO: Check group model.difficulty.government
May 14, 2018 5:09:39 PM net.sf.freecol.common.model.Specification checkDifficultyOptionGroup
INFO: Check group model.difficulty.other
May 14, 2018 5:09:39 PM net.sf.freecol.common.model.Specification checkDifficultyOptionGroup
INFO: Check group model.difficulty.cheat
May 14, 2018 5:09:39 PM net.sf.freecol.common.model.Specification checkDifficultyUnitListOption
INFO: Added difficulty unit list option: model.option.immigrants
May 14, 2018 5:09:39 PM net.sf.freecol.common.model.Specification clean
INFO: Specification clean following load from InputStream complete, starting year=1492, season year=1600, ages=[1,109,309], seasons=2, 259 FreeColGameObjectTypes, 79 Abilities, 41 BuildingTypes, 14 Disasters, 9 EuropeanNationTypes, 2 Events, 25 FoundingFathers, 21 GoodsTypes, 8 IndianNationTypes, 60 Modifiers, 25 Nations, 65 Options, 16 Option Groups, 12 ResourceTypes, 11 Roles, 23 TileTypes, 6 TileImprovementTypes, 42 UnitTypes read.
May 14, 2018 5:09:39 PM net.sf.freecol.common.model.Specification loadMods
INFO: Loaded mod example
May 14, 2018 5:09:39 PM net.sf.freecol.common.model.Specification clean
INFO: Specification clean following mod loading complete, starting year=1492, season year=1600, ages=[1,109,309], seasons=2, 260 FreeColGameObjectTypes, 79 Abilities, 41 BuildingTypes, 14 Disasters, 9 EuropeanNationTypes, 2 Events, 25 FoundingFathers, 21 GoodsTypes, 8 IndianNationTypes, 60 Modifiers, 25 Nations, 65 Options, 16 Option Groups, 12 ResourceTypes, 11 Roles, 23 TileTypes, 6 TileImprovementTypes, 43 UnitTypes read.
May 14, 2018 5:09:39 PM net.sf.freecol.common.model.Specification fixRoles
INFO: Loading role backward compatibility fragment: roles-compat.xml with roles: model.role.defaultmodel.role.scoutmodel.role.soldiermodel.role.dragoonmodel.role.pioneermodel.role.missionarymodel.role.infantrymodel.role.cavalrymodel.role.mountedBravemodel.role.armedBravemodel.role.nativeDragoon
May 14, 2018 5:09:39 PM net.sf.freecol.common.model.Specification checkDifficultyOptionGroup
INFO: Check group model.difficulty.immigration
May 14, 2018 5:09:39 PM net.sf.freecol.common.model.Specification checkDifficultyOptionGroup
INFO: Check group model.difficulty.natives
May 14, 2018 5:09:39 PM net.sf.freecol.common.model.Specification checkDifficultyOptionGroup
INFO: Check group model.difficulty.monarch
May 14, 2018 5:09:39 PM net.sf.freecol.common.model.Specification checkDifficultyOptionGroup
INFO: Check group model.difficulty.government
May 14, 2018 5:09:39 PM net.sf.freecol.common.model.Specification checkDifficultyOptionGroup
INFO: Check group model.difficulty.other
May 14, 2018 5:09:39 PM net.sf.freecol.common.model.Specification checkDifficultyOptionGroup
INFO: Check group model.difficulty.cheat
May 14, 2018 5:09:39 PM net.sf.freecol.common.model.Specification checkDifficultyUnitListOption
INFO: Added difficulty unit list option: model.option.immigrants
May 14, 2018 5:09:39 PM net.sf.freecol.common.model.Specification clean
INFO: Specification clean following load from InputStream complete, starting year=1492, season year=1600, ages=[1,109,309], seasons=2, 260 FreeColGameObjectTypes, 79 Abilities, 41 BuildingTypes, 14 Disasters, 9 EuropeanNationTypes, 2 Events, 25 FoundingFathers, 21 GoodsTypes, 8 IndianNationTypes, 60 Modifiers, 25 Nations, 65 Options, 16 Option Groups, 12 ResourceTypes, 11 Roles, 23 TileTypes, 6 TileImprovementTypes, 43 UnitTypes read.
May 14, 2018 5:09:39 PM net.sf.freecol.common.model.Specification fixRoles
INFO: Loading role backward compatibility fragment: roles-compat.xml with roles: model.role.defaultmodel.role.scoutmodel.role.soldiermodel.role.dragoonmodel.role.pioneermodel.role.missionarymodel.role.infantrymodel.role.cavalrymodel.role.mountedBravemodel.role.armedBravemodel.role.nativeDragoon
May 14, 2018 5:09:39 PM net.sf.freecol.common.model.Specification checkDifficultyOptionGroup
INFO: Check group model.difficulty.immigration
May 14, 2018 5:09:39 PM net.sf.freecol.common.model.Specification checkDifficultyOptionGroup
INFO: Check group model.difficulty.natives
May 14, 2018 5:09:39 PM net.sf.freecol.common.model.Specification checkDifficultyOptionGroup
INFO: Check group model.difficulty.monarch
May 14, 2018 5:09:39 PM net.sf.freecol.common.model.Specification checkDifficultyOptionGroup
INFO: Check group model.difficulty.government
May 14, 2018 5:09:39 PM net.sf.freecol.common.model.Specification checkDifficultyOptionGroup
INFO: Check group model.difficulty.other
May 14, 2018 5:09:39 PM net.sf.freecol.common.model.Specification checkDifficultyOptionGroup
INFO: Check group model.difficulty.cheat
May 14, 2018 5:09:39 PM net.sf.freecol.common.model.Specification checkDifficultyUnitListOption
INFO: Added difficulty unit list option: model.option.immigrants
May 14, 2018 5:09:39 PM net.sf.freecol.common.model.Specification clean
INFO: Specification clean following load from InputStream complete, starting year=1492, season year=1600, ages=[1,109,309], seasons=2, 259 FreeColGameObjectTypes, 79 Abilities, 41 BuildingTypes, 14 Disasters, 9 EuropeanNationTypes, 2 Events, 25 FoundingFathers, 21 GoodsTypes, 8 IndianNationTypes, 60 Modifiers, 25 Nations, 65 Options, 16 Option Groups, 12 ResourceTypes, 11 Roles, 23 TileTypes, 6 TileImprovementTypes, 42 UnitTypes read.
May 14, 2018 5:09:39 PM net.sf.freecol.common.model.Specification fixRoles
INFO: Loading role backward compatibility fragment: roles-compat.xml with roles: model.role.defaultmodel.role.scoutmodel.role.soldiermodel.role.dragoonmodel.role.pioneermodel.role.missionarymodel.role.infantrymodel.role.cavalrymodel.role.mountedBravemodel.role.armedBravemodel.role.nativeDragoon
May 14, 2018 5:09:39 PM net.sf.freecol.common.model.Specification checkDifficultyOptionGroup
INFO: Check group model.difficulty.immigration
May 14, 2018 5:09:39 PM net.sf.freecol.common.model.Specification checkDifficultyOptionGroup
INFO: Check group model.difficulty.natives
May 14, 2018 5:09:39 PM net.sf.freecol.common.model.Specification checkDifficultyOptionGroup
INFO: Check group model.difficulty.monarch
May 14, 2018 5:09:39 PM net.sf.freecol.common.model.Specification checkDifficultyOptionGroup
INFO: Check group model.difficulty.government
May 14, 2018 5:09:39 PM net.sf.freecol.common.model.Specification checkDifficultyOptionGroup
INFO: Check group model.difficulty.other
May 14, 2018 5:09:39 PM net.sf.freecol.common.model.Specification checkDifficultyOptionGroup
INFO: Check group model.difficulty.cheat
May 14, 2018 5:09:39 PM net.sf.freecol.common.model.Specification checkDifficultyUnitListOption
INFO: Added difficulty unit list option: model.option.immigrants
May 14, 2018 5:09:39 PM net.sf.freecol.common.model.Specification clean
INFO: Specification clean following load from InputStream complete, starting year=1492, season year=1600, ages=[1,109,309], seasons=2, 259 FreeColGameObjectTypes, 79 Abilities, 41 BuildingTypes, 14 Disasters, 9 EuropeanNationTypes, 2 Events, 25 FoundingFathers, 21 GoodsTypes, 8 IndianNationTypes, 60 Modifiers, 25 Nations, 65 Options, 16 Option Groups, 12 ResourceTypes, 11 Roles, 23 TileTypes, 6 TileImprovementTypes, 42 UnitTypes read.
May 14, 2018 5:09:39 PM net.sf.freecol.common.model.Specification applyDifficultyLevel
INFO: Applying difficulty level model.difficulty.medium
May 14, 2018 5:09:39 PM net.sf.freecol.common.model.Specification applyDifficultyLevel
INFO: Applying difficulty level model.difficulty.medium
May 14, 2018 5:09:39 PM net.sf.freecol.common.model.Specification applyDifficultyLevel
INFO: Applying difficulty level model.difficulty.medium
May 14, 2018 5:09:39 PM net.sf.freecol.common.model.Specification applyDifficultyLevel
INFO: Applying difficulty level model.difficulty.medium
May 14, 2018 5:09:39 PM net.sf.freecol.common.model.Specification applyDifficultyLevel
INFO: Applying difficulty level model.difficulty.medium
May 14, 2018 5:09:39 PM net.sf.freecol.common.model.Specification applyDifficultyLevel
INFO: Applying difficulty level model.difficulty.medium
May 14, 2018 5:09:39 PM net.sf.freecol.common.model.Specification applyDifficultyLevel
INFO: Applying difficulty level model.difficulty.medium
May 14, 2018 5:09:39 PM net.sf.freecol.common.model.Specification applyDifficultyLevel
INFO: Applying difficulty level model.difficulty.medium
May 14, 2018 5:09:39 PM net.sf.freecol.common.model.Specification applyDifficultyLevel
INFO: Applying difficulty level model.difficulty.medium
May 14, 2018 5:09:39 PM net.sf.freecol.common.model.Specification applyDifficultyLevel
INFO: Applying difficulty level model.difficulty.medium
May 14, 2018 5:09:39 PM net.sf.freecol.common.model.Specification applyDifficultyLevel
INFO: Applying difficulty level model.difficulty.medium
May 14, 2018 5:09:39 PM net.sf.freecol.common.model.Unit setLocation
WARNING: Can not add [unit:798 dutch indianConvert 0/1] to building:794
May 14, 2018 5:09:39 PM net.sf.freecol.common.model.Unit setLocation
WARNING: Can not add [unit:798 dutch indianConvert 0/1] to building:795
May 14, 2018 5:09:39 PM net.sf.freecol.common.model.Unit setLocation
WARNING: Can not add [unit:798 dutch indianConvert 0/1] to building:793
May 14, 2018 5:09:39 PM net.sf.freecol.common.model.Specification applyDifficultyLevel
INFO: Applying difficulty level model.difficulty.medium
May 14, 2018 5:09:39 PM net.sf.freecol.common.model.Specification applyDifficultyLevel
INFO: Applying difficulty level model.difficulty.medium
May 14, 2018 5:09:40 PM net.sf.freecol.common.model.Specification applyDifficultyLevel
INFO: Applying difficulty level model.difficulty.medium
May 14, 2018 5:09:40 PM net.sf.freecol.common.model.Specification applyDifficultyLevel
INFO: Applying difficulty level model.difficulty.medium
May 14, 2018 5:09:40 PM net.sf.freecol.common.model.Specification applyDifficultyLevel
INFO: Applying difficulty level model.difficulty.medium
May 14, 2018 5:09:40 PM net.sf.freecol.common.model.Specification applyDifficultyLevel
INFO: Applying difficulty level model.difficulty.medium
May 14, 2018 5:09:40 PM net.sf.freecol.common.model.Specification applyDifficultyLevel
INFO: Applying difficulty level model.difficulty.medium
May 14, 2018 5:09:40 PM net.sf.freecol.common.model.Specification applyDifficultyLevel
INFO: Applying difficulty level model.difficulty.medium
May 14, 2018 5:09:40 PM net.sf.freecol.common.model.Specification applyDifficultyLevel
INFO: Applying difficulty level model.difficulty.medium
May 14, 2018 5:09:40 PM net.sf.freecol.common.model.Specification applyDifficultyLevel
INFO: Applying difficulty level model.difficulty.medium
May 14, 2018 5:09:40 PM net.sf.freecol.common.model.Specification applyDifficultyLevel
INFO: Applying difficulty level model.difficulty.medium
May 14, 2018 5:09:40 PM net.sf.freecol.common.model.Specification applyDifficultyLevel
INFO: Applying difficulty level model.difficulty.medium
May 14, 2018 5:09:40 PM net.sf.freecol.common.model.Specification applyDifficultyLevel
INFO: Applying difficulty level model.difficulty.medium
May 14, 2018 5:09:40 PM net.sf.freecol.common.model.Specification applyDifficultyLevel
INFO: Applying difficulty level model.difficulty.medium
May 14, 2018 5:09:40 PM net.sf.freecol.common.model.Specification applyDifficultyLevel
INFO: Applying difficulty level model.difficulty.medium
May 14, 2018 5:09:40 PM net.sf.freecol.common.model.Specification applyDifficultyLevel
INFO: Applying difficulty level model.difficulty.medium
May 14, 2018 5:09:40 PM net.sf.freecol.common.model.Specification applyDifficultyLevel
INFO: Applying difficulty level model.difficulty.medium
May 14, 2018 5:09:40 PM net.sf.freecol.common.model.Specification applyDifficultyLevel
INFO: Applying difficulty level model.difficulty.medium
May 14, 2018 5:09:40 PM net.sf.freecol.common.model.Specification applyDifficultyLevel
INFO: Applying difficulty level model.difficulty.medium
May 14, 2018 5:09:40 PM net.sf.freecol.common.model.Specification applyDifficultyLevel
INFO: Applying difficulty level model.difficulty.medium
May 14, 2018 5:09:40 PM net.sf.freecol.common.model.Specification applyDifficultyLevel
INFO: Applying difficulty level model.difficulty.medium
May 14, 2018 5:09:40 PM net.sf.freecol.common.model.Specification applyDifficultyLevel
INFO: Applying difficulty level model.difficulty.medium
May 14, 2018 5:09:40 PM net.sf.freecol.common.model.Specification applyDifficultyLevel
INFO: Applying difficulty level model.difficulty.medium
May 14, 2018 5:09:40 PM net.sf.freecol.common.model.Specification applyDifficultyLevel
INFO: Applying difficulty level model.difficulty.medium
May 14, 2018 5:09:40 PM net.sf.freecol.common.model.Specification applyDifficultyLevel
INFO: Applying difficulty level model.difficulty.medium
May 14, 2018 5:09:40 PM net.sf.freecol.common.model.Specification applyDifficultyLevel
INFO: Applying difficulty level model.difficulty.medium
May 14, 2018 5:09:40 PM net.sf.freecol.common.model.Specification applyDifficultyLevel
INFO: Applying difficulty level model.difficulty.medium
May 14, 2018 5:09:40 PM net.sf.freecol.common.model.Specification applyDifficultyLevel
INFO: Applying difficulty level model.difficulty.medium
May 14, 2018 5:09:40 PM net.sf.freecol.common.model.Specification applyDifficultyLevel
INFO: Applying difficulty level model.difficulty.medium
May 14, 2018 5:09:40 PM net.sf.freecol.common.FreeColSeed getFreeColSeed
INFO: Using seed: 8272148010299105312
May 14, 2018 5:09:41 PM net.sf.freecol.server.networking.Server sendToAll
INFO: Reap dead connection: [DummyConnection Server connection - model.nation.iroquois]
May 14, 2018 5:09:41 PM net.sf.freecol.server.networking.Server sendToAll
INFO: Reap dead connection: [DummyConnection Server connection - model.nation.apache]
May 14, 2018 5:09:41 PM net.sf.freecol.server.networking.Server sendToAll
INFO: Reap dead connection: [DummyConnection Server connection - model.nation.arawak]
May 14, 2018 5:09:41 PM net.sf.freecol.server.networking.Server sendToAll
INFO: Reap dead connection: [DummyConnection Server connection - model.nation.english]
May 14, 2018 5:09:41 PM net.sf.freecol.server.networking.Server sendToAll
INFO: Reap dead connection: [DummyConnection Server connection - model.nation.inca]
May 14, 2018 5:09:41 PM net.sf.freecol.server.networking.Server sendToAll
INFO: Reap dead connection: [DummyConnection Server connection - model.nation.aztec]
May 14, 2018 5:09:41 PM net.sf.freecol.server.networking.Server sendToAll
INFO: Reap dead connection: [DummyConnection Server connection - model.nation.tupi]
May 14, 2018 5:09:41 PM net.sf.freecol.server.networking.Server sendToAll
INFO: Reap dead connection: [DummyConnection Server connection - model.nation.spanish]
May 14, 2018 5:09:41 PM net.sf.freecol.server.networking.Server sendToAll
INFO: Reap dead connection: [DummyConnection Server connection - model.nation.dutch]
May 14, 2018 5:09:41 PM net.sf.freecol.server.networking.Server sendToAll
INFO: Reap dead connection: [DummyConnection Server connection - model.nation.french]
May 14, 2018 5:09:41 PM net.sf.freecol.server.networking.Server sendToAll
INFO: Reap dead connection: [DummyConnection Server connection - model.nation.cherokee]
May 14, 2018 5:09:41 PM net.sf.freecol.server.networking.Server sendToAll
INFO: Reap dead connection: [DummyConnection Server connection - model.nation.sioux]
May 14, 2018 5:09:41 PM net.sf.freecol.common.util.LogBuilder log
INFO: Combat attacker=unit:268-veteranSoldier-soldier [Modifier model.modifier.offence (model.source.baseOffence) ADDITIVE 0.0 index=10] [Modifier model.modifier.offence (model.role.soldier) ADDITIVE 2.0 index=30] [Modifier model.modifier.offence (model.unit.veteranSoldier) PERCENTAGE 50.0 index=40] [Modifier model.modifier.attackBonus (model.source.attackBonus) PERCENTAGE 50.0 index=50] = 4.5 defender=unit:250-brave [Modifier model.modifier.defence (model.source.baseDefence) ADDITIVE 1.0 index=10] [Modifier model.modifier.defence (model.settlement.inca.capital) PERCENTAGE 200.0 index=50] = 3.0 odds=0.6 random(1.0)=0.0 great=true Attack WIN SLAUGHTER_UNIT CAPTURE_CONVERT
May 14, 2018 5:09:41 PM net.sf.freecol.common.util.LogBuilder log
INFO: Destroying: goodsContainer:251 unit:250
May 14, 2018 5:09:41 PM net.sf.freecol.common.model.Specification applyDifficultyLevel
INFO: Applying difficulty level model.difficulty.medium
May 14, 2018 5:09:41 PM net.sf.freecol.common.model.Specification applyDifficultyLevel
INFO: Applying difficulty level model.difficulty.medium
May 14, 2018 5:09:41 PM net.sf.freecol.common.model.Specification applyDifficultyLevel
INFO: Applying difficulty level model.difficulty.medium
May 14, 2018 5:09:41 PM net.sf.freecol.common.FreeColSeed getFreeColSeed
INFO: Using seed: 8323161105104258380
May 14, 2018 5:09:41 PM net.sf.freecol.server.networking.Server sendToAll
INFO: Reap dead connection: [DummyConnection Server connection - model.nation.sioux]
May 14, 2018 5:09:41 PM net.sf.freecol.server.networking.Server sendToAll
INFO: Reap dead connection: [DummyConnection Server connection - model.nation.english]
May 14, 2018 5:09:41 PM net.sf.freecol.server.networking.Server sendToAll
INFO: Reap dead connection: [DummyConnection Server connection - model.nation.inca]
May 14, 2018 5:09:41 PM net.sf.freecol.server.networking.Server sendToAll
INFO: Reap dead connection: [DummyConnection Server connection - model.nation.aztec]
May 14, 2018 5:09:41 PM net.sf.freecol.server.networking.Server sendToAll
INFO: Reap dead connection: [DummyConnection Server connection - model.nation.tupi]
May 14, 2018 5:09:41 PM net.sf.freecol.server.networking.Server sendToAll
INFO: Reap dead connection: [DummyConnection Server connection - model.nation.french]
May 14, 2018 5:09:41 PM net.sf.freecol.server.networking.Server sendToAll
INFO: Reap dead connection: [DummyConnection Server connection - model.nation.spanish]
May 14, 2018 5:09:41 PM net.sf.freecol.server.networking.Server sendToAll
INFO: Reap dead connection: [DummyConnection Server connection - model.nation.cherokee]
May 14, 2018 5:09:41 PM net.sf.freecol.server.networking.Server sendToAll
INFO: Reap dead connection: [DummyConnection Server connection - model.nation.iroquois]
May 14, 2018 5:09:41 PM net.sf.freecol.server.networking.Server sendToAll
INFO: Reap dead connection: [DummyConnection Server connection - model.nation.apache]
May 14, 2018 5:09:41 PM net.sf.freecol.server.networking.Server sendToAll
INFO: Reap dead connection: [DummyConnection Server connection - model.nation.dutch]
May 14, 2018 5:09:41 PM net.sf.freecol.server.networking.Server sendToAll
INFO: Reap dead connection: [DummyConnection Server connection - model.nation.arawak]
May 14, 2018 5:09:41 PM net.sf.freecol.common.util.LogBuilder log
INFO: Combat attacker=unit:347-kingsRegular-cavalry [Modifier model.modifier.offence (model.source.baseOffence) ADDITIVE 0.0 index=10] [Modifier model.modifier.offence (model.unit.kingsRegular) ADDITIVE 4.0 index=20] [Modifier model.modifier.offence (model.role.cavalry) ADDITIVE 3.0 index=30] [Modifier model.modifier.attackBonus (model.source.attackBonus) PERCENTAGE 50.0 index=50] = 10.5 defender=unit:348-colonialRegular-dragoon [Modifier model.modifier.defence (model.source.baseDefence) ADDITIVE 1.0 index=10] [Modifier model.modifier.defence (model.unit.colonialRegular) ADDITIVE 3.0 index=20] [Modifier model.modifier.defence (model.role.dragoon) ADDITIVE 2.0 index=30] = 6.0 odds=0.6363636363636364 random(1.0)=0.8500000238418579 great=false Attack LOSE LOSE_EQUIP
May 14, 2018 5:09:41 PM net.sf.freecol.server.model.ServerPlayer csChangeStance
INFO: Stance modification Louis XV PEACE -> WAR wrt Louis XIV
May 14, 2018 5:09:41 PM net.sf.freecol.server.model.ServerPlayer csChangeStance
INFO: Stance modification Louis XIV PEACE -> WAR wrt Louis XV (symmetric)
May 14, 2018 5:09:41 PM net.sf.freecol.common.util.LogBuilder log
INFO: Combat attacker=unit:348-colonialRegular-dragoon [Modifier model.modifier.offence (model.source.baseOffence) ADDITIVE 0.0 index=10] [Modifier model.modifier.offence (model.unit.colonialRegular) ADDITIVE 3.0 index=20] [Modifier model.modifier.offence (model.role.dragoon) ADDITIVE 3.0 index=30] [Modifier model.modifier.attackBonus (model.source.attackBonus) PERCENTAGE 50.0 index=50] = 9.0 defender=unit:347-kingsRegular-infantry [Modifier model.modifier.defence (model.source.baseDefence) ADDITIVE 1.0 index=10] [Modifier model.modifier.defence (model.unit.kingsRegular) ADDITIVE 4.0 index=20] [Modifier model.modifier.defence (model.role.infantry) ADDITIVE 1.0 index=30] = 6.0 odds=0.6 random(1.0)=0.20000000298023224 great=false Attack WIN SLAUGHTER_UNIT
May 14, 2018 5:09:41 PM net.sf.freecol.common.util.LogBuilder log
INFO: Combat attacker=unit:349-kingsRegular-cavalry [Modifier model.modifier.offence (model.source.baseOffence) ADDITIVE 0.0 index=10] [Modifier model.modifier.offence (model.unit.kingsRegular) ADDITIVE 4.0 index=20] [Modifier model.modifier.offence (model.role.cavalry) ADDITIVE 3.0 index=30] [Modifier model.modifier.attackBonus (model.source.attackBonus) PERCENTAGE 50.0 index=50] = 10.5 defender=unit:348-colonialRegular-dragoon [Modifier model.modifier.defence (model.source.baseDefence) ADDITIVE 1.0 index=10] [Modifier model.modifier.defence (model.unit.colonialRegular) ADDITIVE 3.0 index=20] [Modifier model.modifier.defence (model.role.dragoon) ADDITIVE 2.0 index=30] = 6.0 odds=0.6363636363636364 random(1.0)=0.20000000298023224 great=false Attack WIN LOSE_EQUIP
May 14, 2018 5:09:41 PM net.sf.freecol.common.util.LogBuilder log
INFO: Combat attacker=unit:349-kingsRegular-cavalry [Modifier model.modifier.offence (model.source.baseOffence) ADDITIVE 0.0 index=10] [Modifier model.modifier.offence (model.unit.kingsRegular) ADDITIVE 4.0 index=20] [Modifier model.modifier.offence (model.role.cavalry) ADDITIVE 3.0 index=30] [Modifier model.modifier.attackBonus (model.source.attackBonus) PERCENTAGE 50.0 index=50] = 10.5 defender=unit:348-colonialRegular-soldier [Modifier model.modifier.defence (model.source.baseDefence) ADDITIVE 1.0 index=10] [Modifier model.modifier.defence (model.unit.colonialRegular) ADDITIVE 3.0 index=20] [Modifier model.modifier.defence (model.role.soldier) ADDITIVE 1.0 index=30] = 5.0 odds=0.6774193548387096 random(1.0)=0.20000000298023224 great=false Attack WIN LOSE_EQUIP DEMOTE_UNIT
May 14, 2018 5:09:41 PM net.sf.freecol.common.util.LogBuilder log
INFO: Combat attacker=unit:349-kingsRegular-cavalry [Modifier model.modifier.offence (model.source.baseOffence) ADDITIVE 0.0 index=10] [Modifier model.modifier.offence (model.unit.kingsRegular) ADDITIVE 4.0 index=20] [Modifier model.modifier.offence (model.role.cavalry) ADDITIVE 3.0 index=30] [Modifier model.modifier.attackBonus (model.source.attackBonus) PERCENTAGE 50.0 index=50] = 10.5 defender=unit:348-veteranSoldier [Modifier model.modifier.defence (model.source.baseDefence) ADDITIVE 1.0 index=10] [Modifier model.modifier.defence (model.unit.veteranSoldier) PERCENTAGE 50.0 index=40] = 1.5 odds=0.875 random(1.0)=0.20000000298023224 great=false Attack WIN CAPTURE_UNIT
May 14, 2018 5:09:41 PM net.sf.freecol.common.model.Specification applyDifficultyLevel
INFO: Applying difficulty level model.difficulty.medium
May 14, 2018 5:09:41 PM net.sf.freecol.common.model.Specification applyDifficultyLevel
INFO: Applying difficulty level model.difficulty.medium
May 14, 2018 5:09:41 PM net.sf.freecol.common.model.Specification applyDifficultyLevel
INFO: Applying difficulty level model.difficulty.medium
May 14, 2018 5:09:41 PM net.sf.freecol.common.model.Specification applyDifficultyLevel
INFO: Applying difficulty level model.difficulty.medium
May 14, 2018 5:09:41 PM net.sf.freecol.common.model.Specification applyDifficultyLevel
INFO: Applying difficulty level model.difficulty.medium
May 14, 2018 5:09:41 PM net.sf.freecol.common.model.Specification applyDifficultyLevel
INFO: Applying difficulty level model.difficulty.medium
May 14, 2018 5:09:41 PM net.sf.freecol.common.model.Specification applyDifficultyLevel
INFO: Applying difficulty level model.difficulty.medium
May 14, 2018 5:09:41 PM net.sf.freecol.common.model.Specification applyDifficultyLevel
INFO: Applying difficulty level model.difficulty.medium
May 14, 2018 5:09:41 PM net.sf.freecol.common.model.Specification applyDifficultyLevel
INFO: Applying difficulty level model.difficulty.medium
May 14, 2018 5:09:41 PM net.sf.freecol.common.model.Specification applyDifficultyLevel
INFO: Applying difficulty level model.difficulty.medium
May 14, 2018 5:09:41 PM net.sf.freecol.common.model.Specification applyDifficultyLevel
INFO: Applying difficulty level model.difficulty.medium
May 14, 2018 5:09:41 PM net.sf.freecol.common.model.Specification applyDifficultyLevel
INFO: Applying difficulty level model.difficulty.medium
May 14, 2018 5:09:41 PM net.sf.freecol.common.model.Specification applyDifficultyLevel
INFO: Applying difficulty level model.difficulty.medium
May 14, 2018 5:09:41 PM net.sf.freecol.common.model.Specification applyDifficultyLevel
INFO: Applying difficulty level model.difficulty.medium
May 14, 2018 5:09:41 PM net.sf.freecol.common.model.Specification applyDifficultyLevel
INFO: Applying difficulty level model.difficulty.medium
May 14, 2018 5:09:41 PM net.sf.freecol.common.model.Specification applyDifficultyLevel
INFO: Applying difficulty level model.difficulty.medium
May 14, 2018 5:09:41 PM net.sf.freecol.common.model.Specification applyDifficultyLevel
INFO: Applying difficulty level model.difficulty.medium
May 14, 2018 5:09:41 PM net.sf.freecol.common.model.Specification applyDifficultyLevel
INFO: Applying difficulty level model.difficulty.medium
May 14, 2018 5:09:41 PM net.sf.freecol.common.model.Specification applyDifficultyLevel
INFO: Applying difficulty level model.difficulty.medium
May 14, 2018 5:09:41 PM net.sf.freecol.common.model.Specification applyDifficultyLevel
INFO: Applying difficulty level model.difficulty.medium
May 14, 2018 5:09:41 PM net.sf.freecol.common.model.Specification applyDifficultyLevel
INFO: Applying difficulty level model.difficulty.medium
May 14, 2018 5:09:41 PM net.sf.freecol.common.model.Specification applyDifficultyLevel
INFO: Applying difficulty level model.difficulty.medium
May 14, 2018 5:09:41 PM net.sf.freecol.common.model.Specification applyDifficultyLevel
INFO: Applying difficulty level model.difficulty.medium
May 14, 2018 5:09:41 PM net.sf.freecol.common.model.Specification applyDifficultyLevel
INFO: Applying difficulty level model.difficulty.medium
May 14, 2018 5:09:41 PM net.sf.freecol.common.model.Specification applyDifficultyLevel
INFO: Applying difficulty level model.difficulty.medium
May 14, 2018 5:09:41 PM net.sf.freecol.common.model.Specification applyDifficultyLevel
INFO: Applying difficulty level model.difficulty.medium
May 14, 2018 5:09:42 PM net.sf.freecol.common.model.Specification applyDifficultyLevel
INFO: Applying difficulty level model.difficulty.medium
May 14, 2018 5:09:42 PM net.sf.freecol.common.model.Specification applyDifficultyLevel
INFO: Applying difficulty level model.difficulty.medium
May 14, 2018 5:09:42 PM net.sf.freecol.common.model.Specification applyDifficultyLevel
INFO: Applying difficulty level model.difficulty.medium
May 14, 2018 5:09:42 PM net.sf.freecol.common.model.Specification applyDifficultyLevel
INFO: Applying difficulty level model.difficulty.medium
May 14, 2018 5:09:42 PM net.sf.freecol.common.model.Specification applyDifficultyLevel
INFO: Applying difficulty level model.difficulty.medium
May 14, 2018 5:09:42 PM net.sf.freecol.common.model.Specification applyDifficultyLevel
INFO: Applying difficulty level model.difficulty.medium
May 14, 2018 5:09:42 PM net.sf.freecol.common.model.Specification applyDifficultyLevel
INFO: Applying difficulty level model.difficulty.medium
May 14, 2018 5:09:42 PM net.sf.freecol.common.model.Specification applyDifficultyLevel
INFO: Applying difficulty level model.difficulty.medium
May 14, 2018 5:09:42 PM net.sf.freecol.common.model.Specification applyDifficultyLevel
INFO: Applying difficulty level model.difficulty.medium
May 14, 2018 5:09:42 PM net.sf.freecol.common.model.Specification applyDifficultyLevel
INFO: Applying difficulty level model.difficulty.medium
May 14, 2018 5:09:42 PM net.sf.freecol.common.model.Specification applyDifficultyLevel
INFO: Applying difficulty level model.difficulty.medium
May 14, 2018 5:09:42 PM net.sf.freecol.common.model.Specification applyDifficultyLevel
INFO: Applying difficulty level model.difficulty.medium
May 14, 2018 5:09:42 PM net.sf.freecol.common.model.Specification applyDifficultyLevel
INFO: Applying difficulty level model.difficulty.medium
May 14, 2018 5:09:42 PM net.sf.freecol.common.model.Specification applyDifficultyLevel
INFO: Applying difficulty level model.difficulty.medium
May 14, 2018 5:09:42 PM net.sf.freecol.common.model.Specification applyDifficultyLevel
INFO: Applying difficulty level model.difficulty.medium
May 14, 2018 5:09:42 PM net.sf.freecol.common.model.Specification applyDifficultyLevel
INFO: Applying difficulty level model.difficulty.medium
May 14, 2018 5:09:42 PM net.sf.freecol.common.model.Specification applyDifficultyLevel
INFO: Applying difficulty level model.difficulty.medium
May 14, 2018 5:09:42 PM net.sf.freecol.common.model.Specification applyDifficultyLevel
INFO: Applying difficulty level model.difficulty.medium
May 14, 2018 5:09:42 PM net.sf.freecol.common.model.Specification applyDifficultyLevel
INFO: Applying difficulty level model.difficulty.medium
May 14, 2018 5:09:42 PM net.sf.freecol.common.model.Specification applyDifficultyLevel
INFO: Applying difficulty level model.difficulty.medium
May 14, 2018 5:09:42 PM net.sf.freecol.common.model.Specification applyDifficultyLevel
INFO: Applying difficulty level model.difficulty.medium
May 14, 2018 5:09:42 PM net.sf.freecol.common.model.Specification applyDifficultyLevel
INFO: Applying difficulty level model.difficulty.medium
May 14, 2018 5:09:42 PM net.sf.freecol.common.model.Specification applyDifficultyLevel
INFO: Applying difficulty level model.difficulty.medium
May 14, 2018 5:09:42 PM net.sf.freecol.common.model.Specification applyDifficultyLevel
INFO: Applying difficulty level model.difficulty.medium
May 14, 2018 5:09:42 PM net.sf.freecol.common.model.Specification applyDifficultyLevel
INFO: Applying difficulty level model.difficulty.medium
May 14, 2018 5:09:42 PM net.sf.freecol.common.model.Specification applyDifficultyLevel
INFO: Applying difficulty level model.difficulty.medium
May 14, 2018 5:09:42 PM net.sf.freecol.common.model.Specification applyDifficultyLevel
INFO: Applying difficulty level model.difficulty.medium
May 14, 2018 5:09:42 PM net.sf.freecol.common.model.Specification applyDifficultyLevel
INFO: Applying difficulty level model.difficulty.medium
May 14, 2018 5:09:42 PM net.sf.freecol.common.model.Specification applyDifficultyLevel
INFO: Applying difficulty level model.difficulty.medium
May 14, 2018 5:09:42 PM net.sf.freecol.common.model.Specification applyDifficultyLevel
INFO: Applying difficulty level model.difficulty.medium
May 14, 2018 5:09:42 PM net.sf.freecol.common.model.Specification applyDifficultyLevel
INFO: Applying difficulty level model.difficulty.medium
May 14, 2018 5:09:42 PM net.sf.freecol.common.model.Specification applyDifficultyLevel
INFO: Applying difficulty level model.difficulty.medium
May 14, 2018 5:09:42 PM net.sf.freecol.common.model.Specification applyDifficultyLevel
INFO: Applying difficulty level model.difficulty.medium
May 14, 2018 5:09:42 PM net.sf.freecol.common.model.Specification applyDifficultyLevel
INFO: Applying difficulty level model.difficulty.medium
May 14, 2018 5:09:42 PM net.sf.freecol.common.model.Specification applyDifficultyLevel
INFO: Applying difficulty level model.difficulty.medium
May 14, 2018 5:09:42 PM net.sf.freecol.common.model.Specification applyDifficultyLevel
INFO: Applying difficulty level model.difficulty.medium
May 14, 2018 5:09:42 PM net.sf.freecol.common.model.Specification applyDifficultyLevel
INFO: Applying difficulty level model.difficulty.medium
May 14, 2018 5:09:42 PM net.sf.freecol.common.model.Specification applyDifficultyLevel
INFO: Applying difficulty level model.difficulty.medium
May 14, 2018 5:09:42 PM net.sf.freecol.common.model.Specification applyDifficultyLevel
INFO: Applying difficulty level model.difficulty.veryEasy
May 14, 2018 5:09:42 PM net.sf.freecol.common.model.Specification applyDifficultyLevel
INFO: Applying difficulty level model.difficulty.easy
May 14, 2018 5:09:42 PM net.sf.freecol.common.model.Specification applyDifficultyLevel
INFO: Applying difficulty level model.difficulty.medium
May 14, 2018 5:09:42 PM net.sf.freecol.common.model.Specification applyDifficultyLevel
INFO: Applying difficulty level model.difficulty.hard
May 14, 2018 5:09:42 PM net.sf.freecol.common.model.Specification applyDifficultyLevel
INFO: Applying difficulty level model.difficulty.veryHard
May 14, 2018 5:09:42 PM net.sf.freecol.common.model.Specification applyDifficultyLevel
INFO: Applying difficulty level model.difficulty.custom
May 14, 2018 5:09:42 PM net.sf.freecol.common.model.Specification applyDifficultyLevel
INFO: Applying difficulty level model.difficulty.medium
May 14, 2018 5:09:42 PM net.sf.freecol.common.model.Specification applyDifficultyLevel
INFO: Applying difficulty level model.difficulty.medium
May 14, 2018 5:09:42 PM net.sf.freecol.common.model.Specification applyDifficultyLevel
INFO: Applying difficulty level model.difficulty.medium
May 14, 2018 5:09:42 PM net.sf.freecol.common.model.Specification applyDifficultyLevel
INFO: Applying difficulty level model.difficulty.medium
May 14, 2018 5:09:42 PM net.sf.freecol.common.util.LogBuilder log
INFO: Destroying: unit:775
May 14, 2018 5:09:42 PM net.sf.freecol.common.model.Specification applyDifficultyLevel
INFO: Applying difficulty level model.difficulty.medium
May 14, 2018 5:09:42 PM net.sf.freecol.common.model.Specification applyDifficultyLevel
INFO: Applying difficulty level model.difficulty.medium
May 14, 2018 5:09:42 PM net.sf.freecol.common.model.Specification applyDifficultyLevel
INFO: Applying difficulty level model.difficulty.medium
May 14, 2018 5:09:42 PM net.sf.freecol.common.model.Specification applyDifficultyLevel
INFO: Applying difficulty level model.difficulty.medium
May 14, 2018 5:09:42 PM net.sf.freecol.common.model.Specification applyDifficultyLevel
INFO: Applying difficulty level model.difficulty.medium
May 14, 2018 5:09:43 PM net.sf.freecol.common.model.Specification applyDifficultyLevel
INFO: Applying difficulty level model.difficulty.medium
May 14, 2018 5:09:43 PM net.sf.freecol.common.FreeColSeed getFreeColSeed
INFO: Using seed: -151014507367890998
May 14, 2018 5:09:43 PM net.sf.freecol.server.networking.Server sendToAll
INFO: Reap dead connection: [DummyConnection Server connection - model.nation.aztec]
May 14, 2018 5:09:43 PM net.sf.freecol.server.networking.Server sendToAll
INFO: Reap dead connection: [DummyConnection Server connection - model.nation.arawak]
May 14, 2018 5:09:43 PM net.sf.freecol.server.networking.Server sendToAll
INFO: Reap dead connection: [DummyConnection Server connection - model.nation.iroquois]
May 14, 2018 5:09:43 PM net.sf.freecol.server.networking.Server sendToAll
INFO: Reap dead connection: [DummyConnection Server connection - model.nation.sioux]
May 14, 2018 5:09:43 PM net.sf.freecol.server.networking.Server sendToAll
INFO: Reap dead connection: [DummyConnection Server connection - model.nation.dutch]
May 14, 2018 5:09:43 PM net.sf.freecol.server.networking.Server sendToAll
INFO: Reap dead connection: [DummyConnection Server connection - model.nation.french]
May 14, 2018 5:09:43 PM net.sf.freecol.server.networking.Server sendToAll
INFO: Reap dead connection: [DummyConnection Server connection - model.nation.apache]
May 14, 2018 5:09:43 PM net.sf.freecol.server.networking.Server sendToAll
INFO: Reap dead connection: [DummyConnection Server connection - model.nation.english]
May 14, 2018 5:09:43 PM net.sf.freecol.server.networking.Server sendToAll
INFO: Reap dead connection: [DummyConnection Server connection - model.nation.tupi]
May 14, 2018 5:09:43 PM net.sf.freecol.server.networking.Server sendToAll
INFO: Reap dead connection: [DummyConnection Server connection - model.nation.cherokee]
May 14, 2018 5:09:43 PM net.sf.freecol.server.networking.Server sendToAll
INFO: Reap dead connection: [DummyConnection Server connection - model.nation.spanish]
May 14, 2018 5:09:43 PM net.sf.freecol.server.networking.Server sendToAll
INFO: Reap dead connection: [DummyConnection Server connection - model.nation.inca]
May 14, 2018 5:09:44 PM net.sf.freecol.common.model.Specification applyDifficultyLevel
INFO: Applying difficulty level model.difficulty.medium
May 14, 2018 5:09:44 PM net.sf.freecol.common.model.Specification fixRoles
INFO: Loading role backward compatibility fragment: roles-compat.xml with roles: model.role.defaultmodel.role.scoutmodel.role.soldiermodel.role.dragoonmodel.role.pioneermodel.role.missionarymodel.role.infantrymodel.role.cavalrymodel.role.mountedBravemodel.role.armedBravemodel.role.nativeDragoon
May 14, 2018 5:09:44 PM net.sf.freecol.common.model.Specification checkDifficultyOptionGroup
INFO: Check group model.difficulty.immigration
May 14, 2018 5:09:44 PM net.sf.freecol.common.model.Specification checkDifficultyOptionGroup
INFO: Check group model.difficulty.natives
May 14, 2018 5:09:44 PM net.sf.freecol.common.model.Specification checkDifficultyOptionGroup
INFO: Check group model.difficulty.monarch
May 14, 2018 5:09:44 PM net.sf.freecol.common.model.Specification checkDifficultyOptionGroup
INFO: Check group model.difficulty.government
May 14, 2018 5:09:44 PM net.sf.freecol.common.model.Specification checkDifficultyOptionGroup
INFO: Check group model.difficulty.other
May 14, 2018 5:09:44 PM net.sf.freecol.common.model.Specification checkDifficultyOptionGroup
INFO: Check group model.difficulty.cheat
May 14, 2018 5:09:44 PM net.sf.freecol.common.model.Specification checkDifficultyUnitListOption
INFO: Added difficulty unit list option: model.option.immigrants
May 14, 2018 5:09:44 PM net.sf.freecol.common.model.Specification clean
INFO: Specification clean following load from InputStream complete, starting year=1492, season year=1600, ages=[1,109,309], seasons=2, 247 FreeColGameObjectTypes, 78 Abilities, 41 BuildingTypes, 14 Disasters, 5 EuropeanNationTypes, 2 Events, 25 FoundingFathers, 21 GoodsTypes, 8 IndianNationTypes, 60 Modifiers, 17 Nations, 65 Options, 16 Option Groups, 12 ResourceTypes, 11 Roles, 23 TileTypes, 6 TileImprovementTypes, 42 UnitTypes read.
May 14, 2018 5:09:44 PM net.sf.freecol.common.model.Specification applyDifficultyLevel
INFO: Applying difficulty level model.difficulty.veryEasy
May 14, 2018 5:09:44 PM net.sf.freecol.common.model.Specification checkDifficultyOptionGroup
INFO: Check group model.difficulty.immigration
May 14, 2018 5:09:44 PM net.sf.freecol.common.model.Specification checkDifficultyOptionGroup
INFO: Check group model.difficulty.natives
May 14, 2018 5:09:44 PM net.sf.freecol.common.model.Specification checkDifficultyOptionGroup
INFO: Check group model.difficulty.monarch
May 14, 2018 5:09:44 PM net.sf.freecol.common.model.Specification checkDifficultyOptionGroup
INFO: Check group model.difficulty.government
May 14, 2018 5:09:44 PM net.sf.freecol.common.model.Specification checkDifficultyOptionGroup
INFO: Check group model.difficulty.other
May 14, 2018 5:09:44 PM net.sf.freecol.common.model.Specification checkDifficultyOptionGroup
INFO: Check group model.difficulty.cheat
May 14, 2018 5:09:44 PM net.sf.freecol.common.model.Specification applyDifficultyLevel
INFO: Applying difficulty level model.difficulty.veryEasy
May 14, 2018 5:09:44 PM net.sf.freecol.common.model.Specification clean
INFO: Specification clean following load from InputStream complete, starting year=1492, season year=1600, ages=[1,109,309], seasons=2, 241 FreeColGameObjectTypes, 78 Abilities, 41 BuildingTypes, 14 Disasters, 5 EuropeanNationTypes, 2 Events, 25 FoundingFathers, 21 GoodsTypes, 8 IndianNationTypes, 60 Modifiers, 17 Nations, 112 Options, 22 Option Groups, 12 ResourceTypes, 11 Roles, 23 TileTypes, 6 TileImprovementTypes, 42 UnitTypes read.
May 14, 2018 5:09:44 PM net.sf.freecol.common.model.Specification fixRoles
INFO: Loading role backward compatibility fragment: roles-compat.xml with roles: model.role.defaultmodel.role.scoutmodel.role.soldiermodel.role.dragoonmodel.role.pioneermodel.role.missionarymodel.role.infantrymodel.role.cavalrymodel.role.mountedBravemodel.role.armedBravemodel.role.nativeDragoon
May 14, 2018 5:09:44 PM net.sf.freecol.common.model.Specification checkDifficultyOptionGroup
INFO: Check group model.difficulty.immigration
May 14, 2018 5:09:44 PM net.sf.freecol.common.model.Specification checkDifficultyOptionGroup
INFO: Check group model.difficulty.natives
May 14, 2018 5:09:44 PM net.sf.freecol.common.model.Specification checkDifficultyOptionGroup
INFO: Check group model.difficulty.monarch
May 14, 2018 5:09:44 PM net.sf.freecol.common.model.Specification checkDifficultyOptionGroup
INFO: Check group model.difficulty.government
May 14, 2018 5:09:44 PM net.sf.freecol.common.model.Specification checkDifficultyOptionGroup
INFO: Check group model.difficulty.other
May 14, 2018 5:09:44 PM net.sf.freecol.common.model.Specification checkDifficultyOptionGroup
INFO: Check group model.difficulty.cheat
May 14, 2018 5:09:44 PM net.sf.freecol.common.model.Specification checkDifficultyUnitListOption
INFO: Added difficulty unit list option: model.option.immigrants
May 14, 2018 5:09:44 PM net.sf.freecol.common.model.Specification clean
INFO: Specification clean following load from InputStream complete, starting year=1492, season year=1600, ages=[1,109,309], seasons=2, 247 FreeColGameObjectTypes, 78 Abilities, 41 BuildingTypes, 14 Disasters, 5 EuropeanNationTypes, 2 Events, 25 FoundingFathers, 21 GoodsTypes, 8 IndianNationTypes, 60 Modifiers, 17 Nations, 65 Options, 16 Option Groups, 12 ResourceTypes, 11 Roles, 23 TileTypes, 6 TileImprovementTypes, 42 UnitTypes read.
May 14, 2018 5:09:44 PM net.sf.freecol.common.model.Specification applyDifficultyLevel
INFO: Applying difficulty level model.difficulty.veryEasy
May 14, 2018 5:09:44 PM net.sf.freecol.common.model.Specification checkDifficultyOptionGroup
INFO: Check group model.difficulty.immigration
May 14, 2018 5:09:44 PM net.sf.freecol.common.model.Specification checkDifficultyOptionGroup
INFO: Check group model.difficulty.natives
May 14, 2018 5:09:44 PM net.sf.freecol.common.model.Specification checkDifficultyOptionGroup
INFO: Check group model.difficulty.monarch
May 14, 2018 5:09:44 PM net.sf.freecol.common.model.Specification checkDifficultyOptionGroup
INFO: Check group model.difficulty.government
May 14, 2018 5:09:44 PM net.sf.freecol.common.model.Specification checkDifficultyOptionGroup
INFO: Check group model.difficulty.other
May 14, 2018 5:09:44 PM net.sf.freecol.common.model.Specification checkDifficultyOptionGroup
INFO: Check group model.difficulty.cheat
May 14, 2018 5:09:44 PM net.sf.freecol.common.model.Specification applyDifficultyLevel
INFO: Applying difficulty level model.difficulty.veryEasy
May 14, 2018 5:09:44 PM net.sf.freecol.common.model.Specification clean
INFO: Specification clean following load from InputStream complete, starting year=1492, season year=1600, ages=[1,109,309], seasons=2, 241 FreeColGameObjectTypes, 78 Abilities, 41 BuildingTypes, 14 Disasters, 5 EuropeanNationTypes, 2 Events, 25 FoundingFathers, 21 GoodsTypes, 8 IndianNationTypes, 60 Modifiers, 17 Nations, 112 Options, 22 Option Groups, 12 ResourceTypes, 11 Roles, 23 TileTypes, 6 TileImprovementTypes, 42 UnitTypes read.
May 14, 2018 5:09:44 PM net.sf.freecol.common.model.Specification applyDifficultyLevel
INFO: Applying difficulty level model.difficulty.medium
May 14, 2018 5:09:44 PM net.sf.freecol.common.model.Specification applyDifficultyLevel
INFO: Applying difficulty level model.difficulty.medium
May 14, 2018 5:09:44 PM net.sf.freecol.common.model.Specification applyDifficultyLevel
INFO: Applying difficulty level model.difficulty.medium
May 14, 2018 5:09:44 PM net.sf.freecol.common.util.LogBuilder log
INFO: Destroying: goodsContainer:776 goodsContainer:778 unit:777 indianSettlement:775
May 14, 2018 5:09:44 PM net.sf.freecol.common.util.LogBuilder log
INFO: Destroying: goodsContainer:782 goodsContainer:784 unit:783 indianSettlement:781
May 14, 2018 5:09:44 PM net.sf.freecol.common.util.LogBuilder log
INFO: Destroying: goodsContainer:786 goodsContainer:788 unit:787 indianSettlement:785
May 14, 2018 5:09:44 PM net.sf.freecol.common.util.LogBuilder log
INFO: Destroying: goodsContainer:790 goodsContainer:792 unit:791 indianSettlement:789
May 14, 2018 5:09:44 PM net.sf.freecol.common.model.Specification applyDifficultyLevel
INFO: Applying difficulty level model.difficulty.medium
May 14, 2018 5:09:44 PM net.sf.freecol.common.model.Specification applyDifficultyLevel
INFO: Applying difficulty level model.difficulty.medium
May 14, 2018 5:09:44 PM net.sf.freecol.common.model.Specification applyDifficultyLevel
INFO: Applying difficulty level model.difficulty.medium
May 14, 2018 5:09:44 PM net.sf.freecol.common.model.Specification applyDifficultyLevel
INFO: Applying difficulty level model.difficulty.medium
May 14, 2018 5:09:44 PM net.sf.freecol.common.model.Specification applyDifficultyLevel
INFO: Applying difficulty level model.difficulty.medium
May 14, 2018 5:09:44 PM net.sf.freecol.common.model.Specification applyDifficultyLevel
INFO: Applying difficulty level model.difficulty.medium
May 14, 2018 5:09:44 PM net.sf.freecol.common.util.LogBuilder log
INFO: Destroying: tileImprovement:799
May 14, 2018 5:09:44 PM net.sf.freecol.common.model.Specification applyDifficultyLevel
INFO: Applying difficulty level model.difficulty.medium
May 14, 2018 5:09:44 PM net.sf.freecol.common.model.Specification applyDifficultyLevel
INFO: Applying difficulty level model.difficulty.medium
May 14, 2018 5:09:44 PM net.sf.freecol.common.model.Specification applyDifficultyLevel
INFO: Applying difficulty level model.difficulty.medium
May 14, 2018 5:09:44 PM net.sf.freecol.common.util.LogBuilder log
INFO: Destroying: tileImprovement:780
May 14, 2018 5:09:44 PM net.sf.freecol.common.model.Specification applyDifficultyLevel
INFO: Applying difficulty level model.difficulty.medium
May 14, 2018 5:09:44 PM net.sf.freecol.common.model.Specification applyDifficultyLevel
INFO: Applying difficulty level model.difficulty.medium
May 14, 2018 5:09:44 PM net.sf.freecol.common.model.Specification applyDifficultyLevel
INFO: Applying difficulty level model.difficulty.medium
May 14, 2018 5:09:44 PM net.sf.freecol.common.model.Specification applyDifficultyLevel
INFO: Applying difficulty level model.difficulty.medium
May 14, 2018 5:09:44 PM net.sf.freecol.common.model.Specification applyDifficultyLevel
INFO: Applying difficulty level model.difficulty.medium
May 14, 2018 5:09:44 PM net.sf.freecol.common.model.Specification applyDifficultyLevel
INFO: Applying difficulty level model.difficulty.medium
May 14, 2018 5:09:44 PM net.sf.freecol.common.model.Specification applyDifficultyLevel
INFO: Applying difficulty level model.difficulty.medium
May 14, 2018 5:09:44 PM net.sf.freecol.common.util.LogBuilder log
INFO: Destroying: tileImprovement:804
May 14, 2018 5:09:44 PM net.sf.freecol.common.model.Specification applyDifficultyLevel
INFO: Applying difficulty level model.difficulty.medium
May 14, 2018 5:09:45 PM net.sf.freecol.common.model.Specification applyDifficultyLevel
INFO: Applying difficulty level model.difficulty.medium
May 14, 2018 5:09:45 PM net.sf.freecol.common.model.Unit setLocation
WARNING: Can not add [unit:775 dutch merchantman 5/5] to tile:573
May 14, 2018 5:09:45 PM net.sf.freecol.common.model.Specification applyDifficultyLevel
INFO: Applying difficulty level model.difficulty.medium
May 14, 2018 5:09:45 PM net.sf.freecol.common.model.Unit setLocation
WARNING: Can not add [unit:775 dutch merchantman 5/5] to tile:573
May 14, 2018 5:09:45 PM net.sf.freecol.common.model.Specification applyDifficultyLevel
INFO: Applying difficulty level model.difficulty.medium
May 14, 2018 5:09:45 PM net.sf.freecol.common.model.Specification applyDifficultyLevel
INFO: Applying difficulty level model.difficulty.medium
May 14, 2018 5:09:45 PM net.sf.freecol.common.model.Specification applyDifficultyLevel
INFO: Applying difficulty level model.difficulty.medium
May 14, 2018 5:09:45 PM net.sf.freecol.common.model.Specification applyDifficultyLevel
INFO: Applying difficulty level model.difficulty.medium
May 14, 2018 5:09:45 PM net.sf.freecol.common.util.LogBuilder log
INFO: Destroying: goodsContainer:782 unit:781
May 14, 2018 5:09:45 PM net.sf.freecol.common.model.Specification applyDifficultyLevel
INFO: Applying difficulty level model.difficulty.medium
May 14, 2018 5:09:45 PM net.sf.freecol.common.model.Specification applyDifficultyLevel
INFO: Applying difficulty level model.difficulty.medium
May 14, 2018 5:09:45 PM net.sf.freecol.common.model.Unit setLocation
WARNING: Can not add [unit:775 dutch merchantman 5/5] to tile:573
May 14, 2018 5:09:45 PM net.sf.freecol.common.model.Specification applyDifficultyLevel
INFO: Applying difficulty level model.difficulty.medium
May 14, 2018 5:09:45 PM net.sf.freecol.common.model.Specification applyDifficultyLevel
INFO: Applying difficulty level model.difficulty.medium
May 14, 2018 5:09:45 PM net.sf.freecol.common.model.Unit setLocation
WARNING: Can not add [unit:777 dutch galleon 6/6] to tile:629
May 14, 2018 5:09:45 PM net.sf.freecol.common.model.Specification applyDifficultyLevel
INFO: Applying difficulty level model.difficulty.medium
May 14, 2018 5:09:45 PM net.sf.freecol.common.model.Specification applyDifficultyLevel
INFO: Applying difficulty level model.difficulty.medium
May 14, 2018 5:09:45 PM net.sf.freecol.common.model.Specification applyDifficultyLevel
INFO: Applying difficulty level model.difficulty.veryEasy
May 14, 2018 5:09:45 PM net.sf.freecol.common.model.Specification applyDifficultyLevel
INFO: Applying difficulty level model.difficulty.easy
May 14, 2018 5:09:45 PM net.sf.freecol.common.model.Specification applyDifficultyLevel
INFO: Applying difficulty level model.difficulty.medium
May 14, 2018 5:09:45 PM net.sf.freecol.common.model.Specification applyDifficultyLevel
INFO: Applying difficulty level model.difficulty.hard
May 14, 2018 5:09:45 PM net.sf.freecol.common.model.Specification applyDifficultyLevel
INFO: Applying difficulty level model.difficulty.veryHard
May 14, 2018 5:09:45 PM net.sf.freecol.common.model.Specification applyDifficultyLevel
INFO: Applying difficulty level model.difficulty.veryEasy
May 14, 2018 5:09:45 PM net.sf.freecol.common.model.Specification applyDifficultyLevel
INFO: Applying difficulty level model.difficulty.easy
May 14, 2018 5:09:45 PM net.sf.freecol.common.model.Specification applyDifficultyLevel
INFO: Applying difficulty level model.difficulty.medium
May 14, 2018 5:09:45 PM net.sf.freecol.common.model.Specification applyDifficultyLevel
INFO: Applying difficulty level model.difficulty.hard
May 14, 2018 5:09:45 PM net.sf.freecol.common.model.Specification applyDifficultyLevel
INFO: Applying difficulty level model.difficulty.veryHard
May 14, 2018 5:09:45 PM net.sf.freecol.common.model.Specification applyDifficultyLevel
INFO: Applying difficulty level model.difficulty.medium
May 14, 2018 5:09:45 PM net.sf.freecol.common.model.Specification applyDifficultyLevel
INFO: Applying difficulty level model.difficulty.medium
May 14, 2018 5:09:45 PM net.sf.freecol.common.model.Unit setLocation
WARNING: Can not add [unit:775 dutch frigate 6/6] to tile:574
May 14, 2018 5:09:45 PM net.sf.freecol.common.model.Specification applyDifficultyLevel
INFO: Applying difficulty level model.difficulty.medium
May 14, 2018 5:09:45 PM net.sf.freecol.common.model.Specification applyDifficultyLevel
INFO: Applying difficulty level model.difficulty.medium
May 14, 2018 5:09:45 PM net.sf.freecol.common.model.Specification applyDifficultyLevel
INFO: Applying difficulty level model.difficulty.medium
May 14, 2018 5:09:45 PM net.sf.freecol.common.model.Specification applyDifficultyLevel
INFO: Applying difficulty level model.difficulty.medium
May 14, 2018 5:09:45 PM net.sf.freecol.common.model.Specification applyDifficultyLevel
INFO: Applying difficulty level model.difficulty.medium
May 14, 2018 5:09:45 PM net.sf.freecol.common.resources.FontResource <init>
INFO: Loaded font: Serif.plain from: urn:font:Serif-PLAIN-12
May 14, 2018 5:09:45 PM net.sf.freecol.common.resources.FontResource <init>
INFO: Loaded font: Dialog.plain from: urn:font:Dialog-PLAIN-12
May 14, 2018 5:09:46 PM net.sf.freecol.common.resources.FontResource <init>
INFO: Loaded font: ShadowedBlack from: file:/C:/Users/user/Downloads/FreeCol-master/FreeCol/data/base/resources/fonts/ShadowedBlack.ttf
May 14, 2018 5:09:46 PM net.sf.freecol.common.util.LogBuilder log
INFO: Resource mapping, data\base/resources.properties loaded, data\base/resources_en.properties not found
May 14, 2018 5:09:46 PM net.sf.freecol.common.resources.ResourceManager setBaseMapping
INFO: setBaseMapping net.sf.freecol.common.resources.ResourceMapping@139982de
May 14, 2018 5:09:46 PM net.sf.freecol.common.util.LogBuilder log
INFO: Resource mapping, data\base/resources.properties loaded, data\base/resources_en.properties not found
May 14, 2018 5:09:46 PM net.sf.freecol.common.resources.ResourceManager setBaseMapping
INFO: setBaseMapping net.sf.freecol.common.resources.ResourceMapping@229f66ed
May 14, 2018 5:09:47 PM net.sf.freecol.common.util.LogBuilder log
INFO: Resource mapping, data\rules\classic/resources.properties loaded, data\rules\classic/resources_en.properties not found
May 14, 2018 5:09:47 PM net.sf.freecol.common.resources.ResourceManager setTcMapping
INFO: setTcMapping net.sf.freecol.common.resources.ResourceMapping@662ac478
May 14, 2018 5:09:50 PM net.sf.freecol.common.FreeColSeed getFreeColSeed
INFO: Using seed: 775816140941853126
May 14, 2018 5:09:50 PM net.sf.freecol.common.model.LandMap <init>
INFO: Using land generator model.option.landGeneratorType.classic
May 14, 2018 5:09:50 PM net.sf.freecol.common.util.LogBuilder log
INFO: Destroying: tileImprovement:4305
May 14, 2018 5:09:50 PM net.sf.freecol.common.util.LogBuilder log
INFO: Destroying: tileImprovement:4307
May 14, 2018 5:09:50 PM net.sf.freecol.common.util.LogBuilder log
INFO: Destroying: tileImprovement:4309
May 14, 2018 5:09:50 PM net.sf.freecol.common.util.LogBuilder log
INFO: Destroying: tileImprovement:4311
May 14, 2018 5:09:50 PM net.sf.freecol.common.util.LogBuilder log
INFO: Destroying: tileImprovement:4313
May 14, 2018 5:09:50 PM net.sf.freecol.common.util.LogBuilder log
INFO: Destroying: tileImprovement:4315
May 14, 2018 5:09:50 PM net.sf.freecol.common.util.LogBuilder log
INFO: Destroying: tileImprovement:4317
May 14, 2018 5:09:50 PM net.sf.freecol.common.util.LogBuilder log
INFO: Destroying: tileImprovement:4319
May 14, 2018 5:09:50 PM net.sf.freecol.common.util.LogBuilder log
INFO: Destroying: tileImprovement:4321
May 14, 2018 5:09:50 PM net.sf.freecol.common.util.LogBuilder log
INFO: Destroying: tileImprovement:4323
May 14, 2018 5:09:50 PM net.sf.freecol.common.util.LogBuilder log
INFO: Destroying: tileImprovement:4325
May 14, 2018 5:09:50 PM net.sf.freecol.common.util.LogBuilder log
INFO: Destroying: tileImprovement:4327
May 14, 2018 5:09:50 PM net.sf.freecol.common.util.LogBuilder log
INFO: Destroying: tileImprovement:4329
May 14, 2018 5:09:50 PM net.sf.freecol.common.util.LogBuilder log
INFO: Destroying: tileImprovement:4349
May 14, 2018 5:09:50 PM net.sf.freecol.common.util.LogBuilder log
INFO: Destroying: tileImprovement:4351
May 14, 2018 5:09:50 PM net.sf.freecol.common.util.LogBuilder log
INFO: Destroying: tileImprovement:4334
May 14, 2018 5:09:50 PM net.sf.freecol.common.util.LogBuilder log
INFO: Destroying: tileImprovement:4335
May 14, 2018 5:09:50 PM net.sf.freecol.common.util.LogBuilder log
INFO: Destroying: tileImprovement:4336
May 14, 2018 5:09:50 PM net.sf.freecol.common.util.LogBuilder log
INFO: Destroying: tileImprovement:4337
May 14, 2018 5:09:50 PM net.sf.freecol.common.util.LogBuilder log
INFO: Destroying: tileImprovement:4338
May 14, 2018 5:09:50 PM net.sf.freecol.common.util.LogBuilder log
INFO: Destroying: tileImprovement:4339
May 14, 2018 5:09:50 PM net.sf.freecol.common.util.LogBuilder log
INFO: Destroying: tileImprovement:4340
May 14, 2018 5:09:50 PM net.sf.freecol.common.util.LogBuilder log
INFO: Destroying: tileImprovement:4341
May 14, 2018 5:09:50 PM net.sf.freecol.common.util.LogBuilder log
INFO: Destroying: tileImprovement:4342
May 14, 2018 5:09:50 PM net.sf.freecol.common.util.LogBuilder log
INFO: Destroying: tileImprovement:4343
May 14, 2018 5:09:50 PM net.sf.freecol.common.util.LogBuilder log
INFO: Destroying: tileImprovement:4344
May 14, 2018 5:09:50 PM net.sf.freecol.common.util.LogBuilder log
INFO: Destroying: tileImprovement:4345
May 14, 2018 5:09:50 PM net.sf.freecol.common.util.LogBuilder log
INFO: Destroying: tileImprovement:4346
May 14, 2018 5:09:50 PM net.sf.freecol.common.util.LogBuilder log
INFO: Destroying: tileImprovement:4294
May 14, 2018 5:09:50 PM net.sf.freecol.common.util.LogBuilder log
INFO: Destroying: tileImprovement:4296
May 14, 2018 5:09:50 PM net.sf.freecol.common.util.LogBuilder log
INFO: Destroying: tileImprovement:4365
May 14, 2018 5:09:50 PM net.sf.freecol.common.util.LogBuilder log
INFO: Destroying: tileImprovement:4367
May 14, 2018 5:09:50 PM net.sf.freecol.common.util.LogBuilder log
INFO: Destroying: tileImprovement:4369
May 14, 2018 5:09:50 PM net.sf.freecol.common.util.LogBuilder log
INFO: Destroying: tileImprovement:4371
May 14, 2018 5:09:50 PM net.sf.freecol.common.util.LogBuilder log
INFO: Destroying: tileImprovement:4373
May 14, 2018 5:09:50 PM net.sf.freecol.common.util.LogBuilder log
INFO: Destroying: tileImprovement:4375
May 14, 2018 5:09:50 PM net.sf.freecol.common.util.LogBuilder log
INFO: Destroying: tileImprovement:4377
May 14, 2018 5:09:50 PM net.sf.freecol.common.util.LogBuilder log
INFO: Destroying: tileImprovement:4379
May 14, 2018 5:09:50 PM net.sf.freecol.common.util.LogBuilder log
INFO: Destroying: tileImprovement:4381
May 14, 2018 5:09:50 PM net.sf.freecol.common.util.LogBuilder log
INFO: Destroying: tileImprovement:4383
May 14, 2018 5:09:50 PM net.sf.freecol.common.util.LogBuilder log
INFO: Destroying: tileImprovement:4385
May 14, 2018 5:09:50 PM net.sf.freecol.common.util.LogBuilder log
INFO: Destroying: tileImprovement:4387
May 14, 2018 5:09:50 PM net.sf.freecol.common.util.LogBuilder log
INFO: Destroying: tileImprovement:4389
May 14, 2018 5:09:50 PM net.sf.freecol.common.util.LogBuilder log
INFO: Destroying: tileImprovement:4391
May 14, 2018 5:09:50 PM net.sf.freecol.common.util.LogBuilder log
INFO: Destroying: tileImprovement:4393
May 14, 2018 5:09:50 PM net.sf.freecol.common.util.LogBuilder log
INFO: Destroying: tileImprovement:4395
May 14, 2018 5:09:50 PM net.sf.freecol.common.util.LogBuilder log
INFO: Destroying: tileImprovement:4397
May 14, 2018 5:09:50 PM net.sf.freecol.common.util.LogBuilder log
INFO: Destroying: tileImprovement:4399
May 14, 2018 5:09:50 PM net.sf.freecol.common.util.LogBuilder log
INFO: Destroying: tileImprovement:4401
May 14, 2018 5:09:50 PM net.sf.freecol.common.util.LogBuilder log
INFO: Destroying: tileImprovement:4403
May 14, 2018 5:09:50 PM net.sf.freecol.common.util.LogBuilder log
INFO: Destroying: tileImprovement:4405
May 14, 2018 5:09:50 PM net.sf.freecol.common.util.LogBuilder log
INFO: Destroying: tileImprovement:4407
May 14, 2018 5:09:50 PM net.sf.freecol.common.util.LogBuilder log
INFO: Destroying: tileImprovement:4409
May 14, 2018 5:09:50 PM net.sf.freecol.common.util.LogBuilder log
INFO: Destroying: tileImprovement:4411
May 14, 2018 5:09:50 PM net.sf.freecol.common.util.LogBuilder log
INFO: Destroying: tileImprovement:4413
May 14, 2018 5:09:50 PM net.sf.freecol.common.util.LogBuilder log
INFO: Destroying: tileImprovement:4552
May 14, 2018 5:09:50 PM net.sf.freecol.common.util.LogBuilder log
INFO: Destroying: tileImprovement:4554
May 14, 2018 5:09:50 PM net.sf.freecol.common.util.LogBuilder log
INFO: Destroying: tileImprovement:4556
May 14, 2018 5:09:50 PM net.sf.freecol.common.util.LogBuilder log
INFO: Destroying: tileImprovement:4284
May 14, 2018 5:09:50 PM net.sf.freecol.common.util.LogBuilder log
INFO: Destroying: tileImprovement:4286
May 14, 2018 5:09:50 PM net.sf.freecol.common.util.LogBuilder log
INFO: Destroying: tileImprovement:4288
May 14, 2018 5:09:50 PM net.sf.freecol.common.util.LogBuilder log
INFO: Destroying: tileImprovement:4290
May 14, 2018 5:09:50 PM net.sf.freecol.common.util.LogBuilder log
INFO: Destroying: tileImprovement:4292
May 14, 2018 5:09:50 PM net.sf.freecol.common.util.LogBuilder log
INFO: Destroying: tileImprovement:4437
May 14, 2018 5:09:50 PM net.sf.freecol.common.util.LogBuilder log
INFO: Destroying: tileImprovement:4438
May 14, 2018 5:09:50 PM net.sf.freecol.common.util.LogBuilder log
INFO: Destroying: tileImprovement:4472
May 14, 2018 5:09:50 PM net.sf.freecol.common.util.LogBuilder log
INFO: Destroying: tileImprovement:4473
May 14, 2018 5:09:50 PM net.sf.freecol.common.util.LogBuilder log
INFO: Destroying: tileImprovement:4474
May 14, 2018 5:09:50 PM net.sf.freecol.common.util.LogBuilder log
INFO: Destroying: tileImprovement:4469
May 14, 2018 5:09:50 PM net.sf.freecol.common.util.LogBuilder log
INFO: Destroying: tileImprovement:4470
May 14, 2018 5:09:50 PM net.sf.freecol.common.util.LogBuilder log
INFO: Destroying: tileImprovement:4471
May 14, 2018 5:09:50 PM net.sf.freecol.common.util.LogBuilder log
INFO: Destroying: tileImprovement:4566
May 14, 2018 5:09:50 PM net.sf.freecol.common.util.LogBuilder log
INFO: Destroying: tileImprovement:4568
May 14, 2018 5:09:50 PM net.sf.freecol.common.util.LogBuilder log
INFO: Destroying: tileImprovement:4563
May 14, 2018 5:09:50 PM net.sf.freecol.common.util.LogBuilder log
INFO: Destroying: tileImprovement:4564
May 14, 2018 5:09:50 PM net.sf.freecol.common.util.LogBuilder log
INFO: Destroying: tileImprovement:4565
May 14, 2018 5:09:50 PM net.sf.freecol.common.util.LogBuilder log
INFO: Destroying: tileImprovement:4596
May 14, 2018 5:09:50 PM net.sf.freecol.common.util.LogBuilder log
INFO: Destroying: tileImprovement:4598
May 14, 2018 5:09:50 PM net.sf.freecol.common.util.LogBuilder log
INFO: Destroying: tileImprovement:4591
May 14, 2018 5:09:50 PM net.sf.freecol.common.util.LogBuilder log
INFO: Destroying: tileImprovement:4592
May 14, 2018 5:09:50 PM net.sf.freecol.common.util.LogBuilder log
INFO: Destroying: tileImprovement:4593
May 14, 2018 5:09:50 PM net.sf.freecol.common.util.LogBuilder log
INFO: Destroying: tileImprovement:4594
May 14, 2018 5:09:50 PM net.sf.freecol.common.util.LogBuilder log
INFO: Destroying: tileImprovement:4595
May 14, 2018 5:09:50 PM net.sf.freecol.common.util.LogBuilder log
INFO: Destroying: tileImprovement:4505
May 14, 2018 5:09:50 PM net.sf.freecol.common.util.LogBuilder log
INFO: Destroying: tileImprovement:4507
May 14, 2018 5:09:50 PM net.sf.freecol.common.util.LogBuilder log
INFO: Destroying: tileImprovement:4491
May 14, 2018 5:09:50 PM net.sf.freecol.common.util.LogBuilder log
INFO: Destroying: tileImprovement:4272
May 14, 2018 5:09:50 PM net.sf.freecol.common.util.LogBuilder log
INFO: Destroying: tileImprovement:4274
May 14, 2018 5:09:50 PM net.sf.freecol.common.util.LogBuilder log
INFO: Destroying: tileImprovement:4276
May 14, 2018 5:09:50 PM net.sf.freecol.common.util.LogBuilder log
INFO: Destroying: tileImprovement:4278
May 14, 2018 5:09:50 PM net.sf.freecol.common.util.LogBuilder log
INFO: Destroying: tileImprovement:4270
May 14, 2018 5:09:50 PM net.sf.freecol.common.util.LogBuilder log
INFO: Destroying: tileImprovement:4577
May 14, 2018 5:09:50 PM net.sf.freecol.common.util.LogBuilder log
INFO: Destroying: tileImprovement:4579
May 14, 2018 5:09:50 PM net.sf.freecol.common.util.LogBuilder log
INFO: Destroying: tileImprovement:4581
May 14, 2018 5:09:50 PM net.sf.freecol.common.util.LogBuilder log
INFO: Destroying: tileImprovement:4583
May 14, 2018 5:09:50 PM net.sf.freecol.common.util.LogBuilder log
INFO: Destroying: tileImprovement:4585
May 14, 2018 5:09:50 PM net.sf.freecol.common.util.LogBuilder log
INFO: Destroying: tileImprovement:4571
May 14, 2018 5:09:50 PM net.sf.freecol.common.util.LogBuilder log
INFO: Destroying: tileImprovement:4360
May 14, 2018 5:09:50 PM net.sf.freecol.common.util.LogBuilder log
INFO: Destroying: tileImprovement:4362
May 14, 2018 5:09:50 PM net.sf.freecol.common.util.LogBuilder log
INFO: Destroying: tileImprovement:4356
May 14, 2018 5:09:50 PM net.sf.freecol.common.util.LogBuilder log
INFO: Destroying: tileImprovement:4357
May 14, 2018 5:09:50 PM net.sf.freecol.common.util.LogBuilder log
INFO: Destroying: tileImprovement:4416
May 14, 2018 5:09:50 PM net.sf.freecol.common.util.LogBuilder log
INFO: Destroying: tileImprovement:4418
May 14, 2018 5:09:50 PM net.sf.freecol.common.util.LogBuilder log
INFO: Destroying: tileImprovement:4420
May 14, 2018 5:09:50 PM net.sf.freecol.common.util.LogBuilder log
INFO: Destroying: tileImprovement:4422
May 14, 2018 5:09:50 PM net.sf.freecol.common.util.LogBuilder log
INFO: Destroying: tileImprovement:4424
May 14, 2018 5:09:50 PM net.sf.freecol.common.util.LogBuilder log
INFO: Destroying: tileImprovement:4426
May 14, 2018 5:09:50 PM net.sf.freecol.common.util.LogBuilder log
INFO: Destroying: tileImprovement:4428
May 14, 2018 5:09:50 PM net.sf.freecol.common.util.LogBuilder log
INFO: Destroying: tileImprovement:4493
May 14, 2018 5:09:50 PM net.sf.freecol.common.util.LogBuilder log
INFO: Destroying: tileImprovement:4495
May 14, 2018 5:09:50 PM net.sf.freecol.common.util.LogBuilder log
INFO: Destroying: tileImprovement:4497
May 14, 2018 5:09:50 PM net.sf.freecol.common.util.LogBuilder log
INFO: Destroying: tileImprovement:4499
May 14, 2018 5:09:50 PM net.sf.freecol.common.util.LogBuilder log
INFO: Destroying: tileImprovement:4501
May 14, 2018 5:09:50 PM net.sf.freecol.common.util.LogBuilder log
INFO: Destroying: tileImprovement:4503
May 14, 2018 5:09:50 PM net.sf.freecol.common.util.LogBuilder log
INFO: Destroying: tileImprovement:4731
May 14, 2018 5:09:50 PM net.sf.freecol.common.util.LogBuilder log
INFO: Destroying: tileImprovement:4732
May 14, 2018 5:09:50 PM net.sf.freecol.common.util.LogBuilder log
INFO: Destroying: tileImprovement:4733
May 14, 2018 5:09:50 PM net.sf.freecol.common.util.LogBuilder log
INFO: Destroying: tileImprovement:4764
May 14, 2018 5:09:50 PM net.sf.freecol.common.util.LogBuilder log
INFO: Destroying: tileImprovement:4766
May 14, 2018 5:09:50 PM net.sf.freecol.common.util.LogBuilder log
INFO: Destroying: tileImprovement:4758
May 14, 2018 5:09:50 PM net.sf.freecol.common.util.LogBuilder log
INFO: Destroying: tileImprovement:4759
May 14, 2018 5:09:50 PM net.sf.freecol.common.util.LogBuilder log
INFO: Destroying: tileImprovement:4760
May 14, 2018 5:09:50 PM net.sf.freecol.common.util.LogBuilder log
INFO: Destroying: tileImprovement:4761
May 14, 2018 5:09:50 PM net.sf.freecol.common.util.LogBuilder log
INFO: Destroying: tileImprovement:4762
May 14, 2018 5:09:50 PM net.sf.freecol.common.util.LogBuilder log
INFO: Destroying: tileImprovement:4763
May 14, 2018 5:09:50 PM net.sf.freecol.common.util.LogBuilder log
INFO: Destroying: tileImprovement:4301
May 14, 2018 5:09:50 PM net.sf.freecol.common.util.LogBuilder log
INFO: Destroying: tileImprovement:4303
May 14, 2018 5:09:50 PM net.sf.freecol.server.networking.Server sendToAll
INFO: Reap dead connection: [DummyConnection Server connection - model.nation.dutch]
May 14, 2018 5:09:50 PM net.sf.freecol.server.networking.Server sendToAll
INFO: Reap dead connection: [DummyConnection Server connection - model.nation.french]
May 14, 2018 5:09:50 PM net.sf.freecol.server.networking.Server sendToAll
INFO: Reap dead connection: [DummyConnection Server connection - model.nation.english]
May 14, 2018 5:09:50 PM net.sf.freecol.server.networking.Server sendToAll
INFO: Reap dead connection: [DummyConnection Server connection - model.nation.aztec]
May 14, 2018 5:09:50 PM net.sf.freecol.server.networking.Server sendToAll
INFO: Reap dead connection: [DummyConnection Server connection - model.nation.tupi]
May 14, 2018 5:09:50 PM net.sf.freecol.server.networking.Server sendToAll
INFO: Reap dead connection: [DummyConnection Server connection - model.nation.iroquois]
May 14, 2018 5:09:50 PM net.sf.freecol.server.networking.Server sendToAll
INFO: Reap dead connection: [DummyConnection Server connection - model.nation.apache]
May 14, 2018 5:09:50 PM net.sf.freecol.server.networking.Server sendToAll
INFO: Reap dead connection: [DummyConnection Server connection - model.nation.arawak]
May 14, 2018 5:09:50 PM net.sf.freecol.server.networking.Server sendToAll
INFO: Reap dead connection: [DummyConnection Server connection - model.nation.inca]
May 14, 2018 5:09:50 PM net.sf.freecol.server.networking.Server sendToAll
INFO: Reap dead connection: [DummyConnection Server connection - model.nation.sioux]
May 14, 2018 5:09:50 PM net.sf.freecol.server.networking.Server sendToAll
INFO: Reap dead connection: [DummyConnection Server connection - model.nation.cherokee]
May 14, 2018 5:09:50 PM net.sf.freecol.server.networking.Server sendToAll
INFO: Reap dead connection: [DummyConnection Server connection - model.nation.spanish]
May 14, 2018 5:09:50 PM net.sf.freecol.common.FreeColSeed getFreeColSeed
INFO: Using seed: 8439393192798013917
May 14, 2018 5:09:50 PM net.sf.freecol.server.FreeColServer readGame
INFO: Found savegame version 13
May 14, 2018 5:09:50 PM net.sf.freecol.common.model.Game readChild
INFO: Loading specification.
May 14, 2018 5:09:50 PM net.sf.freecol.common.model.Specification checkDifficultyOptionGroup
INFO: Check group model.difficulty.immigration
May 14, 2018 5:09:50 PM net.sf.freecol.common.model.Specification checkDifficultyOptionGroup
INFO: Check group model.difficulty.natives
May 14, 2018 5:09:50 PM net.sf.freecol.common.model.Specification checkDifficultyOptionGroup
INFO: Check group model.difficulty.monarch
May 14, 2018 5:09:50 PM net.sf.freecol.common.model.Specification checkDifficultyOptionGroup
INFO: Check group model.difficulty.government
May 14, 2018 5:09:50 PM net.sf.freecol.common.model.Specification checkDifficultyOptionGroup
INFO: Check group model.difficulty.other
May 14, 2018 5:09:50 PM net.sf.freecol.common.model.Specification checkDifficultyOptionGroup
INFO: Check group model.difficulty.cheat
May 14, 2018 5:09:50 PM net.sf.freecol.common.model.Specification applyDifficultyLevel
INFO: Applying difficulty level model.difficulty.medium
May 14, 2018 5:09:50 PM net.sf.freecol.common.model.Specification clean
INFO: Specification clean following load from stream complete, starting year=1492, season year=1600, ages=[1,109,309], seasons=2, 253 FreeColGameObjectTypes, 79 Abilities, 41 BuildingTypes, 14 Disasters, 9 EuropeanNationTypes, 2 Events, 25 FoundingFathers, 21 GoodsTypes, 8 IndianNationTypes, 59 Modifiers, 25 Nations, 161 Options, 23 Option Groups, 12 ResourceTypes, 11 Roles, 23 TileTypes, 6 TileImprovementTypes, 42 UnitTypes read.
May 14, 2018 5:09:51 PM net.sf.freecol.server.FreeColServer loadGame
INFO: Game integrity test succeeded.
May 14, 2018 5:09:51 PM net.sf.freecol.server.FreeColServer loadGame
INFO: AI integrity test succeeded
May 14, 2018 5:09:51 PM net.sf.freecol.common.FreeColSeed getFreeColSeed
INFO: Using seed: -1726798412513412389
May 14, 2018 5:09:51 PM net.sf.freecol.common.model.LandMap <init>
INFO: Using land generator model.option.landGeneratorType.classic
May 14, 2018 5:09:51 PM net.sf.freecol.common.util.LogBuilder log
INFO: Destroying: tileImprovement:4331
May 14, 2018 5:09:51 PM net.sf.freecol.common.util.LogBuilder log
INFO: Destroying: tileImprovement:4333
May 14, 2018 5:09:51 PM net.sf.freecol.common.util.LogBuilder log
INFO: Destroying: tileImprovement:4335
May 14, 2018 5:09:51 PM net.sf.freecol.common.util.LogBuilder log
INFO: Destroying: tileImprovement:4337
May 14, 2018 5:09:51 PM net.sf.freecol.common.util.LogBuilder log
INFO: Destroying: tileImprovement:4339
May 14, 2018 5:09:51 PM net.sf.freecol.common.util.LogBuilder log
INFO: Destroying: tileImprovement:4341
May 14, 2018 5:09:51 PM net.sf.freecol.common.util.LogBuilder log
INFO: Destroying: tileImprovement:4343
May 14, 2018 5:09:51 PM net.sf.freecol.common.util.LogBuilder log
INFO: Destroying: tileImprovement:4345
May 14, 2018 5:09:51 PM net.sf.freecol.common.util.LogBuilder log
INFO: Destroying: tileImprovement:4347
May 14, 2018 5:09:51 PM net.sf.freecol.common.util.LogBuilder log
INFO: Destroying: tileImprovement:4349
May 14, 2018 5:09:51 PM net.sf.freecol.common.util.LogBuilder log
INFO: Destroying: tileImprovement:4351
May 14, 2018 5:09:51 PM net.sf.freecol.common.util.LogBuilder log
INFO: Destroying: tileImprovement:4329
May 14, 2018 5:09:51 PM net.sf.freecol.common.util.LogBuilder log
INFO: Destroying: tileImprovement:4385
May 14, 2018 5:09:51 PM net.sf.freecol.common.util.LogBuilder log
INFO: Destroying: tileImprovement:4387
May 14, 2018 5:09:51 PM net.sf.freecol.common.util.LogBuilder log
INFO: Destroying: tileImprovement:4389
May 14, 2018 5:09:51 PM net.sf.freecol.common.util.LogBuilder log
INFO: Destroying: tileImprovement:4391
May 14, 2018 5:09:51 PM net.sf.freecol.common.util.LogBuilder log
INFO: Destroying: tileImprovement:4393
May 14, 2018 5:09:51 PM net.sf.freecol.common.util.LogBuilder log
INFO: Destroying: tileImprovement:4395
May 14, 2018 5:09:51 PM net.sf.freecol.common.util.LogBuilder log
INFO: Destroying: tileImprovement:4397
May 14, 2018 5:09:51 PM net.sf.freecol.common.util.LogBuilder log
INFO: Destroying: tileImprovement:4399
May 14, 2018 5:09:51 PM net.sf.freecol.common.util.LogBuilder log
INFO: Destroying: tileImprovement:4401
May 14, 2018 5:09:51 PM net.sf.freecol.common.util.LogBuilder log
INFO: Destroying: tileImprovement:4403
May 14, 2018 5:09:51 PM net.sf.freecol.common.util.LogBuilder log
INFO: Destroying: tileImprovement:4405
May 14, 2018 5:09:51 PM net.sf.freecol.common.util.LogBuilder log
INFO: Destroying: tileImprovement:4407
May 14, 2018 5:09:51 PM net.sf.freecol.common.util.LogBuilder log
INFO: Destroying: tileImprovement:4409
May 14, 2018 5:09:51 PM net.sf.freecol.common.util.LogBuilder log
INFO: Destroying: tileImprovement:4367
May 14, 2018 5:09:51 PM net.sf.freecol.common.util.LogBuilder log
INFO: Destroying: tileImprovement:4368
May 14, 2018 5:09:51 PM net.sf.freecol.common.util.LogBuilder log
INFO: Destroying: tileImprovement:4369
May 14, 2018 5:09:51 PM net.sf.freecol.common.util.LogBuilder log
INFO: Destroying: tileImprovement:4370
May 14, 2018 5:09:51 PM net.sf.freecol.common.util.LogBuilder log
INFO: Destroying: tileImprovement:4371
May 14, 2018 5:09:51 PM net.sf.freecol.common.util.LogBuilder log
INFO: Destroying: tileImprovement:4372
May 14, 2018 5:09:51 PM net.sf.freecol.common.util.LogBuilder log
INFO: Destroying: tileImprovement:4373
May 14, 2018 5:09:51 PM net.sf.freecol.common.util.LogBuilder log
INFO: Destroying: tileImprovement:4374
May 14, 2018 5:09:51 PM net.sf.freecol.common.util.LogBuilder log
INFO: Destroying: tileImprovement:4375
May 14, 2018 5:09:51 PM net.sf.freecol.common.util.LogBuilder log
INFO: Destroying: tileImprovement:4376
May 14, 2018 5:09:51 PM net.sf.freecol.common.util.LogBuilder log
INFO: Destroying: tileImprovement:4377
May 14, 2018 5:09:51 PM net.sf.freecol.common.util.LogBuilder log
INFO: Destroying: tileImprovement:4378
May 14, 2018 5:09:51 PM net.sf.freecol.common.util.LogBuilder log
INFO: Destroying: tileImprovement:4355
May 14, 2018 5:09:51 PM net.sf.freecol.common.util.LogBuilder log
INFO: Destroying: tileImprovement:4357
May 14, 2018 5:09:51 PM net.sf.freecol.common.util.LogBuilder log
INFO: Destroying: tileImprovement:4359
May 14, 2018 5:09:51 PM net.sf.freecol.common.util.LogBuilder log
INFO: Destroying: tileImprovement:4361
May 14, 2018 5:09:51 PM net.sf.freecol.common.util.LogBuilder log
INFO: Destroying: tileImprovement:4363
May 14, 2018 5:09:51 PM net.sf.freecol.common.util.LogBuilder log
INFO: Destroying: tileImprovement:4319
May 14, 2018 5:09:51 PM net.sf.freecol.common.util.LogBuilder log
INFO: Destroying: tileImprovement:4321
May 14, 2018 5:09:51 PM net.sf.freecol.common.util.LogBuilder log
INFO: Destroying: tileImprovement:4323
May 14, 2018 5:09:51 PM net.sf.freecol.common.util.LogBuilder log
INFO: Destroying: tileImprovement:4325
May 14, 2018 5:09:51 PM net.sf.freecol.common.util.LogBuilder log
INFO: Destroying: tileImprovement:4303
May 14, 2018 5:09:51 PM net.sf.freecol.common.util.LogBuilder log
INFO: Destroying: tileImprovement:4282
May 14, 2018 5:09:51 PM net.sf.freecol.common.util.LogBuilder log
INFO: Destroying: tileImprovement:4284
May 14, 2018 5:09:51 PM net.sf.freecol.common.util.LogBuilder log
INFO: Destroying: tileImprovement:4286
May 14, 2018 5:09:51 PM net.sf.freecol.common.util.LogBuilder log
INFO: Destroying: tileImprovement:4288
May 14, 2018 5:09:51 PM net.sf.freecol.common.util.LogBuilder log
INFO: Destroying: tileImprovement:4290
May 14, 2018 5:09:51 PM net.sf.freecol.common.util.LogBuilder log
INFO: Destroying: tileImprovement:4292
May 14, 2018 5:09:51 PM net.sf.freecol.common.util.LogBuilder log
INFO: Destroying: tileImprovement:4294
May 14, 2018 5:09:51 PM net.sf.freecol.common.util.LogBuilder log
INFO: Destroying: tileImprovement:4296
May 14, 2018 5:09:51 PM net.sf.freecol.common.util.LogBuilder log
INFO: Destroying: tileImprovement:4466
May 14, 2018 5:09:51 PM net.sf.freecol.common.util.LogBuilder log
INFO: Destroying: tileImprovement:4468
May 14, 2018 5:09:51 PM net.sf.freecol.common.util.LogBuilder log
INFO: Destroying: tileImprovement:4470
May 14, 2018 5:09:51 PM net.sf.freecol.common.util.LogBuilder log
INFO: Destroying: tileImprovement:4472
May 14, 2018 5:09:51 PM net.sf.freecol.common.util.LogBuilder log
INFO: Destroying: tileImprovement:4474
May 14, 2018 5:09:51 PM net.sf.freecol.common.util.LogBuilder log
INFO: Destroying: tileImprovement:4476
May 14, 2018 5:09:51 PM net.sf.freecol.common.util.LogBuilder log
INFO: Destroying: tileImprovement:4383
May 14, 2018 5:09:51 PM net.sf.freecol.common.util.LogBuilder log
INFO: Destroying: tileImprovement:4416
May 14, 2018 5:09:51 PM net.sf.freecol.common.util.LogBuilder log
INFO: Destroying: tileImprovement:4417
May 14, 2018 5:09:51 PM net.sf.freecol.common.util.LogBuilder log
INFO: Destroying: tileImprovement:4418
May 14, 2018 5:09:51 PM net.sf.freecol.common.util.LogBuilder log
INFO: Destroying: tileImprovement:4419
May 14, 2018 5:09:51 PM net.sf.freecol.common.util.LogBuilder log
INFO: Destroying: tileImprovement:4420
May 14, 2018 5:09:51 PM net.sf.freecol.common.util.LogBuilder log
INFO: Destroying: tileImprovement:4421
May 14, 2018 5:09:51 PM net.sf.freecol.common.util.LogBuilder log
INFO: Destroying: tileImprovement:4422
May 14, 2018 5:09:51 PM net.sf.freecol.common.util.LogBuilder log
INFO: Destroying: tileImprovement:4423
May 14, 2018 5:09:51 PM net.sf.freecol.common.util.LogBuilder log
INFO: Destroying: tileImprovement:4424
May 14, 2018 5:09:51 PM net.sf.freecol.common.util.LogBuilder log
INFO: Destroying: tileImprovement:4425
May 14, 2018 5:09:51 PM net.sf.freecol.common.util.LogBuilder log
INFO: Destroying: tileImprovement:4426
May 14, 2018 5:09:51 PM net.sf.freecol.common.util.LogBuilder log
INFO: Destroying: tileImprovement:4427
May 14, 2018 5:09:51 PM net.sf.freecol.common.util.LogBuilder log
INFO: Destroying: tileImprovement:4428
May 14, 2018 5:09:51 PM net.sf.freecol.common.util.LogBuilder log
INFO: Destroying: tileImprovement:4564
May 14, 2018 5:09:51 PM net.sf.freecol.common.util.LogBuilder log
INFO: Destroying: tileImprovement:4566
May 14, 2018 5:09:51 PM net.sf.freecol.common.util.LogBuilder log
INFO: Destroying: tileImprovement:4568
May 14, 2018 5:09:51 PM net.sf.freecol.common.util.LogBuilder log
INFO: Destroying: tileImprovement:4570
May 14, 2018 5:09:51 PM net.sf.freecol.common.util.LogBuilder log
INFO: Destroying: tileImprovement:4636
May 14, 2018 5:09:51 PM net.sf.freecol.common.util.LogBuilder log
INFO: Destroying: tileImprovement:4638
May 14, 2018 5:09:51 PM net.sf.freecol.common.util.LogBuilder log
INFO: Destroying: tileImprovement:4640
May 14, 2018 5:09:51 PM net.sf.freecol.common.util.LogBuilder log
INFO: Destroying: tileImprovement:4635
May 14, 2018 5:09:51 PM net.sf.freecol.common.util.LogBuilder log
INFO: Destroying: tileImprovement:4729
May 14, 2018 5:09:51 PM net.sf.freecol.common.util.LogBuilder log
INFO: Destroying: tileImprovement:4731
May 14, 2018 5:09:51 PM net.sf.freecol.common.util.LogBuilder log
INFO: Destroying: tileImprovement:4724
May 14, 2018 5:09:51 PM net.sf.freecol.common.util.LogBuilder log
INFO: Destroying: tileImprovement:4725
May 14, 2018 5:09:51 PM net.sf.freecol.common.util.LogBuilder log
INFO: Destroying: tileImprovement:4726
May 14, 2018 5:09:51 PM net.sf.freecol.common.util.LogBuilder log
INFO: Destroying: tileImprovement:4486
May 14, 2018 5:09:51 PM net.sf.freecol.common.util.LogBuilder log
INFO: Destroying: tileImprovement:4488
May 14, 2018 5:09:51 PM net.sf.freecol.common.util.LogBuilder log
INFO: Destroying: tileImprovement:4490
May 14, 2018 5:09:51 PM net.sf.freecol.common.util.LogBuilder log
INFO: Destroying: tileImprovement:4492
May 14, 2018 5:09:51 PM net.sf.freecol.common.util.LogBuilder log
INFO: Destroying: tileImprovement:4494
May 14, 2018 5:09:51 PM net.sf.freecol.common.util.LogBuilder log
INFO: Destroying: tileImprovement:4479
May 14, 2018 5:09:51 PM net.sf.freecol.common.util.LogBuilder log
INFO: Destroying: tileImprovement:4480
May 14, 2018 5:09:51 PM net.sf.freecol.common.util.LogBuilder log
INFO: Destroying: tileImprovement:4481
May 14, 2018 5:09:51 PM net.sf.freecol.common.util.LogBuilder log
INFO: Destroying: tileImprovement:4482
May 14, 2018 5:09:51 PM net.sf.freecol.common.util.LogBuilder log
INFO: Destroying: tileImprovement:4483
May 14, 2018 5:09:51 PM net.sf.freecol.common.util.LogBuilder log
INFO: Destroying: tileImprovement:4759
May 14, 2018 5:09:51 PM net.sf.freecol.common.util.LogBuilder log
INFO: Destroying: tileImprovement:4761
May 14, 2018 5:09:51 PM net.sf.freecol.common.util.LogBuilder log
INFO: Destroying: tileImprovement:4763
May 14, 2018 5:09:51 PM net.sf.freecol.common.util.LogBuilder log
INFO: Destroying: tileImprovement:4765
May 14, 2018 5:09:51 PM net.sf.freecol.common.util.LogBuilder log
INFO: Destroying: tileImprovement:4754
May 14, 2018 5:09:51 PM net.sf.freecol.common.util.LogBuilder log
INFO: Destroying: tileImprovement:4755
May 14, 2018 5:09:51 PM net.sf.freecol.common.util.LogBuilder log
INFO: Destroying: tileImprovement:4756
May 14, 2018 5:09:51 PM net.sf.freecol.common.util.LogBuilder log
INFO: Destroying: tileImprovement:4757
May 14, 2018 5:09:51 PM net.sf.freecol.common.util.LogBuilder log
INFO: Destroying: tileImprovement:4758
May 14, 2018 5:09:51 PM net.sf.freecol.common.util.LogBuilder log
INFO: Destroying: tileImprovement:4273
May 14, 2018 5:09:51 PM net.sf.freecol.common.util.LogBuilder log
INFO: Destroying: tileImprovement:4275
May 14, 2018 5:09:51 PM net.sf.freecol.common.util.LogBuilder log
INFO: Destroying: tileImprovement:4277
May 14, 2018 5:09:51 PM net.sf.freecol.common.util.LogBuilder log
INFO: Destroying: tileImprovement:4510
May 14, 2018 5:09:51 PM net.sf.freecol.common.util.LogBuilder log
INFO: Destroying: tileImprovement:4512
May 14, 2018 5:09:51 PM net.sf.freecol.common.util.LogBuilder log
INFO: Destroying: tileImprovement:4514
May 14, 2018 5:09:51 PM net.sf.freecol.common.util.LogBuilder log
INFO: Destroying: tileImprovement:4516
May 14, 2018 5:09:51 PM net.sf.freecol.common.util.LogBuilder log
INFO: Destroying: tileImprovement:4518
May 14, 2018 5:09:51 PM net.sf.freecol.common.util.LogBuilder log
INFO: Destroying: tileImprovement:4520
May 14, 2018 5:09:51 PM net.sf.freecol.common.util.LogBuilder log
INFO: Destroying: tileImprovement:4522
May 14, 2018 5:09:51 PM net.sf.freecol.common.util.LogBuilder log
INFO: Destroying: tileImprovement:4505
May 14, 2018 5:09:51 PM net.sf.freecol.common.util.LogBuilder log
INFO: Destroying: tileImprovement:4506
May 14, 2018 5:09:51 PM net.sf.freecol.common.util.LogBuilder log
INFO: Destroying: tileImprovement:4507
May 14, 2018 5:09:51 PM net.sf.freecol.common.util.LogBuilder log
INFO: Destroying: tileImprovement:4508
May 14, 2018 5:09:51 PM net.sf.freecol.common.util.LogBuilder log
INFO: Destroying: tileImprovement:4509
May 14, 2018 5:09:51 PM net.sf.freecol.common.util.LogBuilder log
INFO: Destroying: tileImprovement:4562
May 14, 2018 5:09:51 PM net.sf.freecol.common.util.LogBuilder log
INFO: Destroying: tileImprovement:4644
May 14, 2018 5:09:51 PM net.sf.freecol.common.util.LogBuilder log
INFO: Destroying: tileImprovement:4645
May 14, 2018 5:09:51 PM net.sf.freecol.common.util.LogBuilder log
INFO: Destroying: tileImprovement:4646
May 14, 2018 5:09:51 PM net.sf.freecol.common.util.LogBuilder log
INFO: Destroying: tileImprovement:4647
May 14, 2018 5:09:51 PM net.sf.freecol.common.util.LogBuilder log
INFO: Destroying: tileImprovement:4813
May 14, 2018 5:09:51 PM net.sf.freecol.common.util.LogBuilder log
INFO: Destroying: tileImprovement:4815
May 14, 2018 5:09:51 PM net.sf.freecol.common.util.LogBuilder log
INFO: Destroying: tileImprovement:4817
May 14, 2018 5:09:51 PM net.sf.freecol.common.util.LogBuilder log
INFO: Destroying: tileImprovement:4795
May 14, 2018 5:09:51 PM net.sf.freecol.common.util.LogBuilder log
INFO: Destroying: tileImprovement:4796
May 14, 2018 5:09:51 PM net.sf.freecol.common.util.LogBuilder log
INFO: Destroying: tileImprovement:4797
May 14, 2018 5:09:51 PM net.sf.freecol.common.util.LogBuilder log
INFO: Destroying: tileImprovement:4798
May 14, 2018 5:09:51 PM net.sf.freecol.common.util.LogBuilder log
INFO: Destroying: tileImprovement:4799
May 14, 2018 5:09:51 PM net.sf.freecol.common.util.LogBuilder log
INFO: Destroying: tileImprovement:4800
May 14, 2018 5:09:51 PM net.sf.freecol.common.util.LogBuilder log
INFO: Destroying: tileImprovement:4801
May 14, 2018 5:09:51 PM net.sf.freecol.common.util.LogBuilder log
INFO: Destroying: tileImprovement:4379
May 14, 2018 5:09:51 PM net.sf.freecol.common.util.LogBuilder log
INFO: Destroying: tileImprovement:4381
May 14, 2018 5:09:51 PM net.sf.freecol.common.util.LogBuilder log
INFO: Destroying: tileImprovement:4787
May 14, 2018 5:09:51 PM net.sf.freecol.common.util.LogBuilder log
INFO: Destroying: tileImprovement:4789
May 14, 2018 5:09:51 PM net.sf.freecol.common.util.LogBuilder log
INFO: Destroying: tileImprovement:4791
May 14, 2018 5:09:51 PM net.sf.freecol.common.util.LogBuilder log
INFO: Destroying: tileImprovement:4780
May 14, 2018 5:09:51 PM net.sf.freecol.common.util.LogBuilder log
INFO: Destroying: tileImprovement:4781
May 14, 2018 5:09:51 PM net.sf.freecol.common.util.LogBuilder log
INFO: Destroying: tileImprovement:4782
May 14, 2018 5:09:51 PM net.sf.freecol.common.util.LogBuilder log
INFO: Destroying: tileImprovement:4583
May 14, 2018 5:09:51 PM net.sf.freecol.common.util.LogBuilder log
INFO: Destroying: tileImprovement:4585
May 14, 2018 5:09:51 PM net.sf.freecol.common.util.LogBuilder log
INFO: Destroying: tileImprovement:4587
May 14, 2018 5:09:51 PM net.sf.freecol.common.util.LogBuilder log
INFO: Destroying: tileImprovement:4589
May 14, 2018 5:09:51 PM net.sf.freecol.common.util.LogBuilder log
INFO: Destroying: tileImprovement:4591
May 14, 2018 5:09:51 PM net.sf.freecol.common.util.LogBuilder log
INFO: Destroying: tileImprovement:4593
May 14, 2018 5:09:51 PM net.sf.freecol.common.util.LogBuilder log
INFO: Destroying: tileImprovement:4595
May 14, 2018 5:09:51 PM net.sf.freecol.common.util.LogBuilder log
INFO: Destroying: tileImprovement:4597
May 14, 2018 5:09:51 PM net.sf.freecol.common.util.LogBuilder log
INFO: Destroying: tileImprovement:4599
May 14, 2018 5:09:51 PM net.sf.freecol.common.util.LogBuilder log
INFO: Destroying: tileImprovement:4601
May 14, 2018 5:09:51 PM net.sf.freecol.common.util.LogBuilder log
INFO: Destroying: tileImprovement:4603
May 14, 2018 5:09:51 PM net.sf.freecol.common.util.LogBuilder log
INFO: Destroying: tileImprovement:4605
May 14, 2018 5:09:51 PM net.sf.freecol.common.util.LogBuilder log
INFO: Destroying: tileImprovement:4575
May 14, 2018 5:09:51 PM net.sf.freecol.common.util.LogBuilder log
INFO: Destroying: tileImprovement:4576
May 14, 2018 5:09:51 PM net.sf.freecol.common.util.LogBuilder log
INFO: Destroying: tileImprovement:4577
May 14, 2018 5:09:51 PM net.sf.freecol.common.util.LogBuilder log
INFO: Destroying: tileImprovement:4578
May 14, 2018 5:09:51 PM net.sf.freecol.common.util.LogBuilder log
INFO: Destroying: tileImprovement:4579
May 14, 2018 5:09:51 PM net.sf.freecol.common.util.LogBuilder log
INFO: Destroying: tileImprovement:4580
May 14, 2018 5:09:51 PM net.sf.freecol.common.util.LogBuilder log
INFO: Destroying: tileImprovement:4533
May 14, 2018 5:09:51 PM net.sf.freecol.common.util.LogBuilder log
INFO: Destroying: tileImprovement:4535
May 14, 2018 5:09:51 PM net.sf.freecol.common.util.LogBuilder log
INFO: Destroying: tileImprovement:4537
May 14, 2018 5:09:51 PM net.sf.freecol.common.util.LogBuilder log
INFO: Destroying: tileImprovement:4539
May 14, 2018 5:09:51 PM net.sf.freecol.common.util.LogBuilder log
INFO: Destroying: tileImprovement:4541
May 14, 2018 5:09:51 PM net.sf.freecol.common.util.LogBuilder log
INFO: Destroying: tileImprovement:4863
May 14, 2018 5:09:51 PM net.sf.freecol.common.util.LogBuilder log
INFO: Destroying: tileImprovement:4865
May 14, 2018 5:09:51 PM net.sf.freecol.common.util.LogBuilder log
INFO: Destroying: tileImprovement:4867
May 14, 2018 5:09:51 PM net.sf.freecol.common.util.LogBuilder log
INFO: Destroying: tileImprovement:4869
May 14, 2018 5:09:51 PM net.sf.freecol.common.util.LogBuilder log
INFO: Destroying: tileImprovement:4857
May 14, 2018 5:09:51 PM net.sf.freecol.common.util.LogBuilder log
INFO: Destroying: tileImprovement:4858
May 14, 2018 5:09:51 PM net.sf.freecol.common.util.LogBuilder log
INFO: Destroying: tileImprovement:4950
May 14, 2018 5:09:51 PM net.sf.freecol.common.util.LogBuilder log
INFO: Destroying: tileImprovement:4952
May 14, 2018 5:09:51 PM net.sf.freecol.common.util.LogBuilder log
INFO: Destroying: tileImprovement:4954
May 14, 2018 5:09:51 PM net.sf.freecol.common.util.LogBuilder log
INFO: Destroying: tileImprovement:4956
May 14, 2018 5:09:51 PM net.sf.freecol.common.util.LogBuilder log
INFO: Destroying: tileImprovement:4958
May 14, 2018 5:09:51 PM net.sf.freecol.common.util.LogBuilder log
INFO: Destroying: tileImprovement:4960
May 14, 2018 5:09:51 PM net.sf.freecol.common.util.LogBuilder log
INFO: Destroying: tileImprovement:4921
May 14, 2018 5:09:51 PM net.sf.freecol.common.util.LogBuilder log
INFO: Destroying: tileImprovement:4922
May 14, 2018 5:09:51 PM net.sf.freecol.common.util.LogBuilder log
INFO: Destroying: tileImprovement:4923
May 14, 2018 5:09:51 PM net.sf.freecol.common.util.LogBuilder log
INFO: Destroying: tileImprovement:4924
May 14, 2018 5:09:51 PM net.sf.freecol.common.util.LogBuilder log
INFO: Destroying: tileImprovement:4925
May 14, 2018 5:09:51 PM net.sf.freecol.common.util.LogBuilder log
INFO: Destroying: tileImprovement:4581
May 14, 2018 5:09:51 PM net.sf.freecol.common.util.LogBuilder log
INFO: Destroying: tileImprovement:4901
May 14, 2018 5:09:51 PM net.sf.freecol.common.util.LogBuilder log
INFO: Destroying: tileImprovement:4902
May 14, 2018 5:09:51 PM net.sf.freecol.common.util.LogBuilder log
INFO: Destroying: tileImprovement:4903
May 14, 2018 5:09:51 PM net.sf.freecol.common.util.LogBuilder log
INFO: Destroying: tileImprovement:4904
May 14, 2018 5:09:51 PM net.sf.freecol.common.util.LogBuilder log
INFO: Destroying: tileImprovement:4905
May 14, 2018 5:09:51 PM net.sf.freecol.common.util.LogBuilder log
INFO: Destroying: tileImprovement:4906
May 14, 2018 5:09:51 PM net.sf.freecol.common.util.LogBuilder log
INFO: Destroying: tileImprovement:4907
May 14, 2018 5:09:51 PM net.sf.freecol.common.util.LogBuilder log
INFO: Destroying: tileImprovement:4908
May 14, 2018 5:09:51 PM net.sf.freecol.common.util.LogBuilder log
INFO: Destroying: tileImprovement:4909
May 14, 2018 5:09:51 PM net.sf.freecol.common.util.LogBuilder log
INFO: Destroying: tileImprovement:4910
May 14, 2018 5:09:51 PM net.sf.freecol.common.util.LogBuilder log
INFO: Destroying: tileImprovement:4911
May 14, 2018 5:09:51 PM net.sf.freecol.common.util.LogBuilder log
INFO: Destroying: tileImprovement:4912
May 14, 2018 5:09:51 PM net.sf.freecol.server.networking.Server sendToAll
INFO: Reap dead connection: [DummyConnection Server connection - model.nation.cherokee]
May 14, 2018 5:09:51 PM net.sf.freecol.server.networking.Server sendToAll
INFO: Reap dead connection: [DummyConnection Server connection - model.nation.dutch]
May 14, 2018 5:09:51 PM net.sf.freecol.server.networking.Server sendToAll
INFO: Reap dead connection: [DummyConnection Server connection - model.nation.sioux]
May 14, 2018 5:09:51 PM net.sf.freecol.server.networking.Server sendToAll
INFO: Reap dead connection: [DummyConnection Server connection - model.nation.inca]
May 14, 2018 5:09:51 PM net.sf.freecol.server.networking.Server sendToAll
INFO: Reap dead connection: [DummyConnection Server connection - model.nation.aztec]
May 14, 2018 5:09:51 PM net.sf.freecol.server.networking.Server sendToAll
INFO: Reap dead connection: [DummyConnection Server connection - model.nation.iroquois]
May 14, 2018 5:09:51 PM net.sf.freecol.server.networking.Server sendToAll
INFO: Reap dead connection: [DummyConnection Server connection - model.nation.tupi]
May 14, 2018 5:09:51 PM net.sf.freecol.server.networking.Server sendToAll
INFO: Reap dead connection: [DummyConnection Server connection - model.nation.arawak]
May 14, 2018 5:09:51 PM net.sf.freecol.server.networking.Server sendToAll
INFO: Reap dead connection: [DummyConnection Server connection - model.nation.spanish]
May 14, 2018 5:09:51 PM net.sf.freecol.server.networking.Server sendToAll
INFO: Reap dead connection: [DummyConnection Server connection - model.nation.english]
May 14, 2018 5:09:51 PM net.sf.freecol.server.networking.Server sendToAll
INFO: Reap dead connection: [DummyConnection Server connection - model.nation.apache]
May 14, 2018 5:09:51 PM net.sf.freecol.server.networking.Server sendToAll
INFO: Reap dead connection: [DummyConnection Server connection - model.nation.french]
May 14, 2018 5:09:51 PM net.sf.freecol.server.FreeColServer readGame
INFO: Found savegame version 13
May 14, 2018 5:09:51 PM net.sf.freecol.common.model.Game readChild
INFO: Loading specification.
May 14, 2018 5:09:51 PM net.sf.freecol.common.model.Specification checkDifficultyOptionGroup
INFO: Check group model.difficulty.immigration
May 14, 2018 5:09:51 PM net.sf.freecol.common.model.Specification checkDifficultyOptionGroup
INFO: Check group model.difficulty.natives
May 14, 2018 5:09:51 PM net.sf.freecol.common.model.Specification checkDifficultyOptionGroup
INFO: Check group model.difficulty.monarch
May 14, 2018 5:09:51 PM net.sf.freecol.common.model.Specification checkDifficultyOptionGroup
INFO: Check group model.difficulty.government
May 14, 2018 5:09:51 PM net.sf.freecol.common.model.Specification checkDifficultyOptionGroup
INFO: Check group model.difficulty.other
May 14, 2018 5:09:51 PM net.sf.freecol.common.model.Specification checkDifficultyOptionGroup
INFO: Check group model.difficulty.cheat
May 14, 2018 5:09:51 PM net.sf.freecol.common.model.Specification applyDifficultyLevel
INFO: Applying difficulty level model.difficulty.medium
May 14, 2018 5:09:51 PM net.sf.freecol.common.model.Specification clean
INFO: Specification clean following load from stream complete, starting year=1492, season year=1600, ages=[1,109,309], seasons=2, 253 FreeColGameObjectTypes, 79 Abilities, 41 BuildingTypes, 14 Disasters, 9 EuropeanNationTypes, 2 Events, 25 FoundingFathers, 21 GoodsTypes, 8 IndianNationTypes, 59 Modifiers, 25 Nations, 161 Options, 23 Option Groups, 12 ResourceTypes, 11 Roles, 23 TileTypes, 6 TileImprovementTypes, 42 UnitTypes read.
May 14, 2018 5:09:51 PM net.sf.freecol.server.FreeColServer loadGame
INFO: Game integrity test succeeded.
May 14, 2018 5:09:51 PM net.sf.freecol.server.FreeColServer loadGame
INFO: AI integrity test succeeded
May 14, 2018 5:09:51 PM net.sf.freecol.common.FreeColSeed getFreeColSeed
INFO: Using seed: -8876483891617983846
May 14, 2018 5:09:51 PM net.sf.freecol.common.model.LandMap <init>
INFO: Using land generator model.option.landGeneratorType.classic
May 14, 2018 5:09:51 PM net.sf.freecol.common.util.LogBuilder log
INFO: Destroying: tileImprovement:4357
May 14, 2018 5:09:51 PM net.sf.freecol.common.util.LogBuilder log
INFO: Destroying: tileImprovement:4359
May 14, 2018 5:09:51 PM net.sf.freecol.common.util.LogBuilder log
INFO: Destroying: tileImprovement:4361
May 14, 2018 5:09:51 PM net.sf.freecol.common.util.LogBuilder log
INFO: Destroying: tileImprovement:4363
May 14, 2018 5:09:51 PM net.sf.freecol.common.util.LogBuilder log
INFO: Destroying: tileImprovement:4365
May 14, 2018 5:09:51 PM net.sf.freecol.common.util.LogBuilder log
INFO: Destroying: tileImprovement:4367
May 14, 2018 5:09:51 PM net.sf.freecol.common.util.LogBuilder log
INFO: Destroying: tileImprovement:4369
May 14, 2018 5:09:51 PM net.sf.freecol.common.util.LogBuilder log
INFO: Destroying: tileImprovement:4371
May 14, 2018 5:09:51 PM net.sf.freecol.common.util.LogBuilder log
INFO: Destroying: tileImprovement:4477
May 14, 2018 5:09:51 PM net.sf.freecol.common.util.LogBuilder log
INFO: Destroying: tileImprovement:4479
May 14, 2018 5:09:51 PM net.sf.freecol.common.util.LogBuilder log
INFO: Destroying: tileImprovement:4481
May 14, 2018 5:09:51 PM net.sf.freecol.common.util.LogBuilder log
INFO: Destroying: tileImprovement:4483
May 14, 2018 5:09:51 PM net.sf.freecol.common.util.LogBuilder log
INFO: Destroying: tileImprovement:4485
May 14, 2018 5:09:51 PM net.sf.freecol.common.util.LogBuilder log
INFO: Destroying: tileImprovement:4487
May 14, 2018 5:09:51 PM net.sf.freecol.common.util.LogBuilder log
INFO: Destroying: tileImprovement:4489
May 14, 2018 5:09:51 PM net.sf.freecol.common.util.LogBuilder log
INFO: Destroying: tileImprovement:4449
May 14, 2018 5:09:51 PM net.sf.freecol.common.util.LogBuilder log
INFO: Destroying: tileImprovement:4450
May 14, 2018 5:09:51 PM net.sf.freecol.common.util.LogBuilder log
INFO: Destroying: tileImprovement:4451
May 14, 2018 5:09:51 PM net.sf.freecol.common.util.LogBuilder log
INFO: Destroying: tileImprovement:4452
May 14, 2018 5:09:51 PM net.sf.freecol.common.util.LogBuilder log
INFO: Destroying: tileImprovement:4453
May 14, 2018 5:09:51 PM net.sf.freecol.common.util.LogBuilder log
INFO: Destroying: tileImprovement:4454
May 14, 2018 5:09:51 PM net.sf.freecol.common.util.LogBuilder log
INFO: Destroying: tileImprovement:4455
May 14, 2018 5:09:51 PM net.sf.freecol.common.util.LogBuilder log
INFO: Destroying: tileImprovement:4456
May 14, 2018 5:09:51 PM net.sf.freecol.common.util.LogBuilder log
INFO: Destroying: tileImprovement:4525
May 14, 2018 5:09:51 PM net.sf.freecol.common.util.LogBuilder log
INFO: Destroying: tileImprovement:4527
May 14, 2018 5:09:51 PM net.sf.freecol.common.util.LogBuilder log
INFO: Destroying: tileImprovement:4529
May 14, 2018 5:09:51 PM net.sf.freecol.common.util.LogBuilder log
INFO: Destroying: tileImprovement:4531
May 14, 2018 5:09:51 PM net.sf.freecol.common.util.LogBuilder log
INFO: Destroying: tileImprovement:4533
May 14, 2018 5:09:51 PM net.sf.freecol.common.util.LogBuilder log
INFO: Destroying: tileImprovement:4535
May 14, 2018 5:09:51 PM net.sf.freecol.common.util.LogBuilder log
INFO: Destroying: tileImprovement:4537
May 14, 2018 5:09:51 PM net.sf.freecol.common.util.LogBuilder log
INFO: Destroying: tileImprovement:4539
May 14, 2018 5:09:51 PM net.sf.freecol.common.util.LogBuilder log
INFO: Destroying: tileImprovement:4411
May 14, 2018 5:09:51 PM net.sf.freecol.common.util.LogBuilder log
INFO: Destroying: tileImprovement:4413
May 14, 2018 5:09:51 PM net.sf.freecol.common.util.LogBuilder log
INFO: Destroying: tileImprovement:4415
May 14, 2018 5:09:51 PM net.sf.freecol.common.util.LogBuilder log
INFO: Destroying: tileImprovement:4384
May 14, 2018 5:09:51 PM net.sf.freecol.common.util.LogBuilder log
INFO: Destroying: tileImprovement:4386
May 14, 2018 5:09:51 PM net.sf.freecol.common.util.LogBuilder log
INFO: Destroying: tileImprovement:4388
May 14, 2018 5:09:51 PM net.sf.freecol.common.util.LogBuilder log
INFO: Destroying: tileImprovement:4390
May 14, 2018 5:09:51 PM net.sf.freecol.common.util.LogBuilder log
INFO: Destroying: tileImprovement:4376
May 14, 2018 5:09:51 PM net.sf.freecol.common.util.LogBuilder log
INFO: Destroying: tileImprovement:4279
May 14, 2018 5:09:51 PM net.sf.freecol.common.util.LogBuilder log
INFO: Destroying: tileImprovement:4281
May 14, 2018 5:09:51 PM net.sf.freecol.common.util.LogBuilder log
INFO: Destroying: tileImprovement:4283
May 14, 2018 5:09:51 PM net.sf.freecol.common.util.LogBuilder log
INFO: Destroying: tileImprovement:4285
May 14, 2018 5:09:51 PM net.sf.freecol.common.util.LogBuilder log
INFO: Destroying: tileImprovement:4287
May 14, 2018 5:09:51 PM net.sf.freecol.common.util.LogBuilder log
INFO: Destroying: tileImprovement:4289
May 14, 2018 5:09:51 PM net.sf.freecol.common.util.LogBuilder log
INFO: Destroying: tileImprovement:4291
May 14, 2018 5:09:51 PM net.sf.freecol.common.util.LogBuilder log
INFO: Destroying: tileImprovement:4293
May 14, 2018 5:09:51 PM net.sf.freecol.common.util.LogBuilder log
INFO: Destroying: tileImprovement:4295
May 14, 2018 5:09:51 PM net.sf.freecol.common.util.LogBuilder log
INFO: Destroying: tileImprovement:4297
May 14, 2018 5:09:51 PM net.sf.freecol.common.util.LogBuilder log
INFO: Destroying: tileImprovement:4299
May 14, 2018 5:09:51 PM net.sf.freecol.common.util.LogBuilder log
INFO: Destroying: tileImprovement:4301
May 14, 2018 5:09:51 PM net.sf.freecol.common.util.LogBuilder log
INFO: Destroying: tileImprovement:4303
May 14, 2018 5:09:51 PM net.sf.freecol.common.util.LogBuilder log
INFO: Destroying: tileImprovement:4305
May 14, 2018 5:09:51 PM net.sf.freecol.common.util.LogBuilder log
INFO: Destroying: tileImprovement:4544
May 14, 2018 5:09:51 PM net.sf.freecol.common.util.LogBuilder log
INFO: Destroying: tileImprovement:4546
May 14, 2018 5:09:51 PM net.sf.freecol.common.util.LogBuilder log
INFO: Destroying: tileImprovement:4548
May 14, 2018 5:09:51 PM net.sf.freecol.common.util.LogBuilder log
INFO: Destroying: tileImprovement:4467
May 14, 2018 5:09:51 PM net.sf.freecol.common.util.LogBuilder log
INFO: Destroying: tileImprovement:4469
May 14, 2018 5:09:51 PM net.sf.freecol.common.util.LogBuilder log
INFO: Destroying: tileImprovement:4471
May 14, 2018 5:09:51 PM net.sf.freecol.common.util.LogBuilder log
INFO: Destroying: tileImprovement:4473
May 14, 2018 5:09:51 PM net.sf.freecol.common.util.LogBuilder log
INFO: Destroying: tileImprovement:4475
May 14, 2018 5:09:51 PM net.sf.freecol.common.util.LogBuilder log
INFO: Destroying: tileImprovement:4561
May 14, 2018 5:09:51 PM net.sf.freecol.common.util.LogBuilder log
INFO: Destroying: tileImprovement:4562
May 14, 2018 5:09:51 PM net.sf.freecol.common.util.LogBuilder log
INFO: Destroying: tileImprovement:4563
May 14, 2018 5:09:52 PM net.sf.freecol.common.util.LogBuilder log
INFO: Destroying: tileImprovement:4564
May 14, 2018 5:09:52 PM net.sf.freecol.common.util.LogBuilder log
INFO: Destroying: tileImprovement:4565
May 14, 2018 5:09:52 PM net.sf.freecol.common.util.LogBuilder log
INFO: Destroying: tileImprovement:4566
May 14, 2018 5:09:52 PM net.sf.freecol.common.util.LogBuilder log
INFO: Destroying: tileImprovement:4567
May 14, 2018 5:09:52 PM net.sf.freecol.common.util.LogBuilder log
INFO: Destroying: tileImprovement:4715
May 14, 2018 5:09:52 PM net.sf.freecol.common.util.LogBuilder log
INFO: Destroying: tileImprovement:4717
May 14, 2018 5:09:52 PM net.sf.freecol.common.util.LogBuilder log
INFO: Destroying: tileImprovement:4719
May 14, 2018 5:09:52 PM net.sf.freecol.common.util.LogBuilder log
INFO: Destroying: tileImprovement:4721
May 14, 2018 5:09:52 PM net.sf.freecol.common.util.LogBuilder log
INFO: Destroying: tileImprovement:4723
May 14, 2018 5:09:52 PM net.sf.freecol.common.util.LogBuilder log
INFO: Destroying: tileImprovement:4275
May 14, 2018 5:09:52 PM net.sf.freecol.common.util.LogBuilder log
INFO: Destroying: tileImprovement:4277
May 14, 2018 5:09:52 PM net.sf.freecol.common.util.LogBuilder log
INFO: Destroying: tileImprovement:4655
May 14, 2018 5:09:52 PM net.sf.freecol.common.util.LogBuilder log
INFO: Destroying: tileImprovement:4656
May 14, 2018 5:09:52 PM net.sf.freecol.common.util.LogBuilder log
INFO: Destroying: tileImprovement:4657
May 14, 2018 5:09:52 PM net.sf.freecol.common.util.LogBuilder log
INFO: Destroying: tileImprovement:4658
May 14, 2018 5:09:52 PM net.sf.freecol.common.util.LogBuilder log
INFO: Destroying: tileImprovement:4659
May 14, 2018 5:09:52 PM net.sf.freecol.common.util.LogBuilder log
INFO: Destroying: tileImprovement:4660
May 14, 2018 5:09:52 PM net.sf.freecol.common.util.LogBuilder log
INFO: Destroying: tileImprovement:4661
May 14, 2018 5:09:52 PM net.sf.freecol.common.util.LogBuilder log
INFO: Destroying: tileImprovement:4662
May 14, 2018 5:09:52 PM net.sf.freecol.common.util.LogBuilder log
INFO: Destroying: tileImprovement:4663
May 14, 2018 5:09:52 PM net.sf.freecol.common.util.LogBuilder log
INFO: Destroying: tileImprovement:4664
May 14, 2018 5:09:52 PM net.sf.freecol.common.util.LogBuilder log
INFO: Destroying: tileImprovement:4665
May 14, 2018 5:09:52 PM net.sf.freecol.common.util.LogBuilder log
INFO: Destroying: tileImprovement:4666
May 14, 2018 5:09:52 PM net.sf.freecol.common.util.LogBuilder log
INFO: Destroying: tileImprovement:4667
May 14, 2018 5:09:52 PM net.sf.freecol.common.util.LogBuilder log
INFO: Destroying: tileImprovement:4668
May 14, 2018 5:09:52 PM net.sf.freecol.common.util.LogBuilder log
INFO: Destroying: tileImprovement:4735
May 14, 2018 5:09:52 PM net.sf.freecol.common.util.LogBuilder log
INFO: Destroying: tileImprovement:4737
May 14, 2018 5:09:52 PM net.sf.freecol.common.util.LogBuilder log
INFO: Destroying: tileImprovement:4739
May 14, 2018 5:09:52 PM net.sf.freecol.common.util.LogBuilder log
INFO: Destroying: tileImprovement:4741
May 14, 2018 5:09:52 PM net.sf.freecol.common.util.LogBuilder log
INFO: Destroying: tileImprovement:4743
May 14, 2018 5:09:52 PM net.sf.freecol.common.util.LogBuilder log
INFO: Destroying: tileImprovement:4745
May 14, 2018 5:09:52 PM net.sf.freecol.common.util.LogBuilder log
INFO: Destroying: tileImprovement:4726
May 14, 2018 5:09:52 PM net.sf.freecol.common.util.LogBuilder log
INFO: Destroying: tileImprovement:4727
May 14, 2018 5:09:52 PM net.sf.freecol.common.util.LogBuilder log
INFO: Destroying: tileImprovement:4728
May 14, 2018 5:09:52 PM net.sf.freecol.common.util.LogBuilder log
INFO: Destroying: tileImprovement:4729
May 14, 2018 5:09:52 PM net.sf.freecol.common.util.LogBuilder log
INFO: Destroying: tileImprovement:4730
May 14, 2018 5:09:52 PM net.sf.freecol.common.util.LogBuilder log
INFO: Destroying: tileImprovement:4457
May 14, 2018 5:09:52 PM net.sf.freecol.common.util.LogBuilder log
INFO: Destroying: tileImprovement:4459
May 14, 2018 5:09:52 PM net.sf.freecol.common.util.LogBuilder log
INFO: Destroying: tileImprovement:4461
May 14, 2018 5:09:52 PM net.sf.freecol.common.util.LogBuilder log
INFO: Destroying: tileImprovement:4463
May 14, 2018 5:09:52 PM net.sf.freecol.common.util.LogBuilder log
INFO: Destroying: tileImprovement:4465
May 14, 2018 5:09:52 PM net.sf.freecol.common.util.LogBuilder log
INFO: Destroying: tileImprovement:4697
May 14, 2018 5:09:52 PM net.sf.freecol.common.util.LogBuilder log
INFO: Destroying: tileImprovement:4698
May 14, 2018 5:09:52 PM net.sf.freecol.common.util.LogBuilder log
INFO: Destroying: tileImprovement:4699
May 14, 2018 5:09:52 PM net.sf.freecol.common.util.LogBuilder log
INFO: Destroying: tileImprovement:4700
May 14, 2018 5:09:52 PM net.sf.freecol.common.util.LogBuilder log
INFO: Destroying: tileImprovement:4701
May 14, 2018 5:09:52 PM net.sf.freecol.common.util.LogBuilder log
INFO: Destroying: tileImprovement:4497
May 14, 2018 5:09:52 PM net.sf.freecol.common.util.LogBuilder log
INFO: Destroying: tileImprovement:4499
May 14, 2018 5:09:52 PM net.sf.freecol.common.util.LogBuilder log
INFO: Destroying: tileImprovement:4501
May 14, 2018 5:09:52 PM net.sf.freecol.common.util.LogBuilder log
INFO: Destroying: tileImprovement:4628
May 14, 2018 5:09:52 PM net.sf.freecol.common.util.LogBuilder log
INFO: Destroying: tileImprovement:4630
May 14, 2018 5:09:52 PM net.sf.freecol.common.util.LogBuilder log
INFO: Destroying: tileImprovement:4632
May 14, 2018 5:09:52 PM net.sf.freecol.common.util.LogBuilder log
INFO: Destroying: tileImprovement:4804
May 14, 2018 5:09:52 PM net.sf.freecol.common.util.LogBuilder log
INFO: Destroying: tileImprovement:4789
May 14, 2018 5:09:52 PM net.sf.freecol.common.util.LogBuilder log
INFO: Destroying: tileImprovement:4790
May 14, 2018 5:09:52 PM net.sf.freecol.common.util.LogBuilder log
INFO: Destroying: tileImprovement:4791
May 14, 2018 5:09:52 PM net.sf.freecol.common.util.LogBuilder log
INFO: Destroying: tileImprovement:4792
May 14, 2018 5:09:52 PM net.sf.freecol.common.util.LogBuilder log
INFO: Destroying: tileImprovement:4793
May 14, 2018 5:09:52 PM net.sf.freecol.common.util.LogBuilder log
INFO: Destroying: tileImprovement:4689
May 14, 2018 5:09:52 PM net.sf.freecol.common.util.LogBuilder log
INFO: Destroying: tileImprovement:4678
May 14, 2018 5:09:52 PM net.sf.freecol.common.util.LogBuilder log
INFO: Destroying: tileImprovement:4679
May 14, 2018 5:09:52 PM net.sf.freecol.common.util.LogBuilder log
INFO: Destroying: tileImprovement:4680
May 14, 2018 5:09:52 PM net.sf.freecol.common.util.LogBuilder log
INFO: Destroying: tileImprovement:4347
May 14, 2018 5:09:52 PM net.sf.freecol.common.util.LogBuilder log
INFO: Destroying: tileImprovement:4349
May 14, 2018 5:09:52 PM net.sf.freecol.common.util.LogBuilder log
INFO: Destroying: tileImprovement:4351
May 14, 2018 5:09:52 PM net.sf.freecol.common.util.LogBuilder log
INFO: Destroying: tileImprovement:4353
May 14, 2018 5:09:52 PM net.sf.freecol.common.util.LogBuilder log
INFO: Destroying: tileImprovement:4355
May 14, 2018 5:09:52 PM net.sf.freecol.common.util.LogBuilder log
INFO: Destroying: tileImprovement:4854
May 14, 2018 5:09:52 PM net.sf.freecol.common.util.LogBuilder log
INFO: Destroying: tileImprovement:4856
May 14, 2018 5:09:52 PM net.sf.freecol.common.util.LogBuilder log
INFO: Destroying: tileImprovement:4858
May 14, 2018 5:09:52 PM net.sf.freecol.common.util.LogBuilder log
INFO: Destroying: tileImprovement:4860
May 14, 2018 5:09:52 PM net.sf.freecol.common.util.LogBuilder log
INFO: Destroying: tileImprovement:4851
May 14, 2018 5:09:52 PM net.sf.freecol.common.util.LogBuilder log
INFO: Destroying: tileImprovement:4852
May 14, 2018 5:09:52 PM net.sf.freecol.common.util.LogBuilder log
INFO: Destroying: tileImprovement:4853
May 14, 2018 5:09:52 PM net.sf.freecol.common.util.LogBuilder log
INFO: Destroying: tileImprovement:4644
May 14, 2018 5:09:52 PM net.sf.freecol.common.util.LogBuilder log
INFO: Destroying: tileImprovement:4646
May 14, 2018 5:09:52 PM net.sf.freecol.common.util.LogBuilder log
INFO: Destroying: tileImprovement:4648
May 14, 2018 5:09:52 PM net.sf.freecol.common.util.LogBuilder log
INFO: Destroying: tileImprovement:4650
May 14, 2018 5:09:52 PM net.sf.freecol.common.util.LogBuilder log
INFO: Destroying: tileImprovement:4639
May 14, 2018 5:09:52 PM net.sf.freecol.common.util.LogBuilder log
INFO: Destroying: tileImprovement:4640
May 14, 2018 5:09:52 PM net.sf.freecol.common.util.LogBuilder log
INFO: Destroying: tileImprovement:4641
May 14, 2018 5:09:52 PM net.sf.freecol.common.util.LogBuilder log
INFO: Destroying: tileImprovement:4642
May 14, 2018 5:09:52 PM net.sf.freecol.common.util.LogBuilder log
INFO: Destroying: tileImprovement:4643
May 14, 2018 5:09:52 PM net.sf.freecol.server.networking.Server sendToAll
INFO: Reap dead connection: [DummyConnection Server connection - model.nation.dutch]
May 14, 2018 5:09:52 PM net.sf.freecol.server.networking.Server sendToAll
INFO: Reap dead connection: [DummyConnection Server connection - model.nation.arawak]
May 14, 2018 5:09:52 PM net.sf.freecol.server.networking.Server sendToAll
INFO: Reap dead connection: [DummyConnection Server connection - model.nation.tupi]
May 14, 2018 5:09:52 PM net.sf.freecol.server.networking.Server sendToAll
INFO: Reap dead connection: [DummyConnection Server connection - model.nation.iroquois]
May 14, 2018 5:09:52 PM net.sf.freecol.server.networking.Server sendToAll
INFO: Reap dead connection: [DummyConnection Server connection - model.nation.inca]
May 14, 2018 5:09:52 PM net.sf.freecol.server.networking.Server sendToAll
INFO: Reap dead connection: [DummyConnection Server connection - model.nation.spanish]
May 14, 2018 5:09:52 PM net.sf.freecol.server.networking.Server sendToAll
INFO: Reap dead connection: [DummyConnection Server connection - model.nation.aztec]
May 14, 2018 5:09:52 PM net.sf.freecol.server.networking.Server sendToAll
INFO: Reap dead connection: [DummyConnection Server connection - model.nation.apache]
May 14, 2018 5:09:52 PM net.sf.freecol.server.networking.Server sendToAll
INFO: Reap dead connection: [DummyConnection Server connection - model.nation.cherokee]
May 14, 2018 5:09:52 PM net.sf.freecol.server.networking.Server sendToAll
INFO: Reap dead connection: [DummyConnection Server connection - model.nation.sioux]
May 14, 2018 5:09:52 PM net.sf.freecol.server.networking.Server sendToAll
INFO: Reap dead connection: [DummyConnection Server connection - model.nation.english]
May 14, 2018 5:09:52 PM net.sf.freecol.server.networking.Server sendToAll
INFO: Reap dead connection: [DummyConnection Server connection - model.nation.french]
May 14, 2018 5:09:52 PM net.sf.freecol.common.FreeColSeed getFreeColSeed
INFO: Using seed: -4452639037848581532
May 14, 2018 5:09:52 PM net.sf.freecol.server.FreeColServer readGame
INFO: Found savegame version 13
May 14, 2018 5:09:52 PM net.sf.freecol.common.model.Game readChild
INFO: Reloading specification.
May 14, 2018 5:09:52 PM net.sf.freecol.common.model.Specification checkDifficultyOptionGroup
INFO: Check group model.difficulty.immigration
May 14, 2018 5:09:52 PM net.sf.freecol.common.model.Specification checkDifficultyOptionGroup
INFO: Check group model.difficulty.natives
May 14, 2018 5:09:52 PM net.sf.freecol.common.model.Specification checkDifficultyOptionGroup
INFO: Check group model.difficulty.monarch
May 14, 2018 5:09:52 PM net.sf.freecol.common.model.Specification checkDifficultyOptionGroup
INFO: Check group model.difficulty.government
May 14, 2018 5:09:52 PM net.sf.freecol.common.model.Specification checkDifficultyOptionGroup
INFO: Check group model.difficulty.other
May 14, 2018 5:09:52 PM net.sf.freecol.common.model.Specification checkDifficultyOptionGroup
INFO: Check group model.difficulty.cheat
May 14, 2018 5:09:52 PM net.sf.freecol.common.model.Specification applyDifficultyLevel
INFO: Applying difficulty level model.difficulty.medium
May 14, 2018 5:09:52 PM net.sf.freecol.common.model.Specification clean
INFO: Specification clean following load from stream complete, starting year=1492, season year=1600, ages=[1,109,309], seasons=2, 253 FreeColGameObjectTypes, 79 Abilities, 41 BuildingTypes, 14 Disasters, 9 EuropeanNationTypes, 2 Events, 25 FoundingFathers, 21 GoodsTypes, 8 IndianNationTypes, 59 Modifiers, 25 Nations, 161 Options, 23 Option Groups, 12 ResourceTypes, 11 Roles, 23 TileTypes, 6 TileImprovementTypes, 42 UnitTypes read.
May 14, 2018 5:09:52 PM net.sf.freecol.server.FreeColServer readGame
INFO: Imported file test\data\test.fsg
May 14, 2018 5:09:52 PM net.sf.freecol.server.networking.Server sendToAll
INFO: Reap dead connection: [DummyConnection Server connection - model.nation.sioux]
May 14, 2018 5:09:52 PM net.sf.freecol.server.networking.Server sendToAll
INFO: Reap dead connection: [DummyConnection Server connection - model.nation.arawak]
May 14, 2018 5:09:52 PM net.sf.freecol.server.networking.Server sendToAll
INFO: Reap dead connection: [DummyConnection Server connection - model.nation.english]
May 14, 2018 5:09:52 PM net.sf.freecol.server.networking.Server sendToAll
INFO: Reap dead connection: [DummyConnection Server connection - model.nation.iroquois]
May 14, 2018 5:09:52 PM net.sf.freecol.server.networking.Server sendToAll
INFO: Reap dead connection: [DummyConnection Server connection - model.nation.inca]
May 14, 2018 5:09:52 PM net.sf.freecol.server.networking.Server sendToAll
INFO: Reap dead connection: [DummyConnection Server connection - model.nation.aztec]
May 14, 2018 5:09:52 PM net.sf.freecol.server.networking.Server sendToAll
INFO: Reap dead connection: [DummyConnection Server connection - model.nation.tupi]
May 14, 2018 5:09:52 PM net.sf.freecol.server.networking.Server sendToAll
INFO: Reap dead connection: [DummyConnection Server connection - model.nation.spanish]
May 14, 2018 5:09:52 PM net.sf.freecol.server.networking.Server sendToAll
INFO: Reap dead connection: [DummyConnection Server connection - model.nation.apache]
May 14, 2018 5:09:52 PM net.sf.freecol.server.networking.Server sendToAll
INFO: Reap dead connection: [DummyConnection Server connection - model.nation.french]
May 14, 2018 5:09:52 PM net.sf.freecol.server.networking.Server sendToAll
INFO: Reap dead connection: [DummyConnection Server connection - model.nation.dutch]
May 14, 2018 5:09:52 PM net.sf.freecol.server.networking.Server sendToAll
INFO: Reap dead connection: [DummyConnection Server connection - model.nation.cherokee]
May 14, 2018 5:09:52 PM net.sf.freecol.common.model.Specification applyDifficultyLevel
INFO: Applying difficulty level model.difficulty.medium
May 14, 2018 5:09:52 PM net.sf.freecol.common.FreeColSeed getFreeColSeed
INFO: Using seed: -6730652942125815365
May 14, 2018 5:09:52 PM net.sf.freecol.server.networking.Server sendToAll
INFO: Reap dead connection: [DummyConnection Server connection - model.nation.cherokee]
May 14, 2018 5:09:52 PM net.sf.freecol.server.networking.Server sendToAll
INFO: Reap dead connection: [DummyConnection Server connection - model.nation.apache]
May 14, 2018 5:09:52 PM net.sf.freecol.server.networking.Server sendToAll
INFO: Reap dead connection: [DummyConnection Server connection - model.nation.iroquois]
May 14, 2018 5:09:52 PM net.sf.freecol.server.networking.Server sendToAll
INFO: Reap dead connection: [DummyConnection Server connection - model.nation.dutch]
May 14, 2018 5:09:52 PM net.sf.freecol.server.networking.Server sendToAll
INFO: Reap dead connection: [DummyConnection Server connection - model.nation.aztec]
May 14, 2018 5:09:52 PM net.sf.freecol.server.networking.Server sendToAll
INFO: Reap dead connection: [DummyConnection Server connection - model.nation.arawak]
May 14, 2018 5:09:52 PM net.sf.freecol.server.networking.Server sendToAll
INFO: Reap dead connection: [DummyConnection Server connection - model.nation.english]
May 14, 2018 5:09:52 PM net.sf.freecol.server.networking.Server sendToAll
INFO: Reap dead connection: [DummyConnection Server connection - model.nation.sioux]
May 14, 2018 5:09:52 PM net.sf.freecol.server.networking.Server sendToAll
INFO: Reap dead connection: [DummyConnection Server connection - model.nation.french]
May 14, 2018 5:09:52 PM net.sf.freecol.server.networking.Server sendToAll
INFO: Reap dead connection: [DummyConnection Server connection - model.nation.inca]
May 14, 2018 5:09:52 PM net.sf.freecol.server.networking.Server sendToAll
INFO: Reap dead connection: [DummyConnection Server connection - model.nation.spanish]
May 14, 2018 5:09:52 PM net.sf.freecol.server.networking.Server sendToAll
INFO: Reap dead connection: [DummyConnection Server connection - model.nation.tupi]
May 14, 2018 5:09:52 PM net.sf.freecol.common.model.Specification applyDifficultyLevel
INFO: Applying difficulty level model.difficulty.medium
May 14, 2018 5:09:52 PM net.sf.freecol.common.FreeColSeed getFreeColSeed
INFO: Using seed: 623984861231639542
May 14, 2018 5:09:52 PM net.sf.freecol.server.networking.Server sendToAll
INFO: Reap dead connection: [DummyConnection Server connection - model.nation.arawak]
May 14, 2018 5:09:52 PM net.sf.freecol.server.networking.Server sendToAll
INFO: Reap dead connection: [DummyConnection Server connection - model.nation.spanish]
May 14, 2018 5:09:52 PM net.sf.freecol.server.networking.Server sendToAll
INFO: Reap dead connection: [DummyConnection Server connection - model.nation.cherokee]
May 14, 2018 5:09:52 PM net.sf.freecol.server.networking.Server sendToAll
INFO: Reap dead connection: [DummyConnection Server connection - model.nation.aztec]
May 14, 2018 5:09:52 PM net.sf.freecol.server.networking.Server sendToAll
INFO: Reap dead connection: [DummyConnection Server connection - model.nation.dutch]
May 14, 2018 5:09:52 PM net.sf.freecol.server.networking.Server sendToAll
INFO: Reap dead connection: [DummyConnection Server connection - model.nation.inca]
May 14, 2018 5:09:52 PM net.sf.freecol.server.networking.Server sendToAll
INFO: Reap dead connection: [DummyConnection Server connection - model.nation.english]
May 14, 2018 5:09:52 PM net.sf.freecol.server.networking.Server sendToAll
INFO: Reap dead connection: [DummyConnection Server connection - model.nation.iroquois]
May 14, 2018 5:09:52 PM net.sf.freecol.server.networking.Server sendToAll
INFO: Reap dead connection: [DummyConnection Server connection - model.nation.tupi]
May 14, 2018 5:09:52 PM net.sf.freecol.server.networking.Server sendToAll
INFO: Reap dead connection: [DummyConnection Server connection - model.nation.apache]
May 14, 2018 5:09:52 PM net.sf.freecol.server.networking.Server sendToAll
INFO: Reap dead connection: [DummyConnection Server connection - model.nation.sioux]
May 14, 2018 5:09:52 PM net.sf.freecol.server.networking.Server sendToAll
INFO: Reap dead connection: [DummyConnection Server connection - model.nation.french]
May 14, 2018 5:09:52 PM net.sf.freecol.common.model.Specification applyDifficultyLevel
INFO: Applying difficulty level model.difficulty.medium
May 14, 2018 5:09:52 PM net.sf.freecol.common.FreeColSeed getFreeColSeed
INFO: Using seed: -5325991060699676710
May 14, 2018 5:09:52 PM net.sf.freecol.server.networking.Server sendToAll
INFO: Reap dead connection: [DummyConnection Server connection - model.nation.sioux]
May 14, 2018 5:09:52 PM net.sf.freecol.server.networking.Server sendToAll
INFO: Reap dead connection: [DummyConnection Server connection - model.nation.tupi]
May 14, 2018 5:09:52 PM net.sf.freecol.server.networking.Server sendToAll
INFO: Reap dead connection: [DummyConnection Server connection - model.nation.cherokee]
May 14, 2018 5:09:52 PM net.sf.freecol.server.networking.Server sendToAll
INFO: Reap dead connection: [DummyConnection Server connection - model.nation.dutch]
May 14, 2018 5:09:52 PM net.sf.freecol.server.networking.Server sendToAll
INFO: Reap dead connection: [DummyConnection Server connection - model.nation.spanish]
May 14, 2018 5:09:52 PM net.sf.freecol.server.networking.Server sendToAll
INFO: Reap dead connection: [DummyConnection Server connection - model.nation.apache]
May 14, 2018 5:09:52 PM net.sf.freecol.server.networking.Server sendToAll
INFO: Reap dead connection: [DummyConnection Server connection - model.nation.aztec]
May 14, 2018 5:09:52 PM net.sf.freecol.server.networking.Server sendToAll
INFO: Reap dead connection: [DummyConnection Server connection - model.nation.arawak]
May 14, 2018 5:09:52 PM net.sf.freecol.server.networking.Server sendToAll
INFO: Reap dead connection: [DummyConnection Server connection - model.nation.english]
May 14, 2018 5:09:52 PM net.sf.freecol.server.networking.Server sendToAll
INFO: Reap dead connection: [DummyConnection Server connection - model.nation.inca]
May 14, 2018 5:09:52 PM net.sf.freecol.server.networking.Server sendToAll
INFO: Reap dead connection: [DummyConnection Server connection - model.nation.iroquois]
May 14, 2018 5:09:52 PM net.sf.freecol.server.networking.Server sendToAll
INFO: Reap dead connection: [DummyConnection Server connection - model.nation.french]
May 14, 2018 5:09:53 PM net.sf.freecol.common.model.Specification applyDifficultyLevel
INFO: Applying difficulty level model.difficulty.medium
May 14, 2018 5:09:53 PM net.sf.freecol.common.FreeColSeed getFreeColSeed
INFO: Using seed: -376197430211529652
May 14, 2018 5:09:53 PM net.sf.freecol.server.networking.Server sendToAll
INFO: Reap dead connection: [DummyConnection Server connection - model.nation.dutch]
May 14, 2018 5:09:53 PM net.sf.freecol.server.networking.Server sendToAll
INFO: Reap dead connection: [DummyConnection Server connection - model.nation.iroquois]
May 14, 2018 5:09:53 PM net.sf.freecol.server.networking.Server sendToAll
INFO: Reap dead connection: [DummyConnection Server connection - model.nation.arawak]
May 14, 2018 5:09:53 PM net.sf.freecol.server.networking.Server sendToAll
INFO: Reap dead connection: [DummyConnection Server connection - model.nation.apache]
May 14, 2018 5:09:53 PM net.sf.freecol.server.networking.Server sendToAll
INFO: Reap dead connection: [DummyConnection Server connection - model.nation.inca]
May 14, 2018 5:09:53 PM net.sf.freecol.server.networking.Server sendToAll
INFO: Reap dead connection: [DummyConnection Server connection - model.nation.tupi]
May 14, 2018 5:09:53 PM net.sf.freecol.server.networking.Server sendToAll
INFO: Reap dead connection: [DummyConnection Server connection - model.nation.french]
May 14, 2018 5:09:53 PM net.sf.freecol.server.networking.Server sendToAll
INFO: Reap dead connection: [DummyConnection Server connection - model.nation.english]
May 14, 2018 5:09:53 PM net.sf.freecol.server.networking.Server sendToAll
INFO: Reap dead connection: [DummyConnection Server connection - model.nation.aztec]
May 14, 2018 5:09:53 PM net.sf.freecol.server.networking.Server sendToAll
INFO: Reap dead connection: [DummyConnection Server connection - model.nation.spanish]
May 14, 2018 5:09:53 PM net.sf.freecol.server.networking.Server sendToAll
INFO: Reap dead connection: [DummyConnection Server connection - model.nation.cherokee]
May 14, 2018 5:09:53 PM net.sf.freecol.server.networking.Server sendToAll
INFO: Reap dead connection: [DummyConnection Server connection - model.nation.sioux]
May 14, 2018 5:09:53 PM net.sf.freecol.common.model.Specification applyDifficultyLevel
INFO: Applying difficulty level model.difficulty.medium
May 14, 2018 5:09:53 PM net.sf.freecol.common.FreeColSeed getFreeColSeed
INFO: Using seed: 8727391392114034978
May 14, 2018 5:09:53 PM net.sf.freecol.server.networking.Server sendToAll
INFO: Reap dead connection: [DummyConnection Server connection - model.nation.iroquois]
May 14, 2018 5:09:53 PM net.sf.freecol.server.networking.Server sendToAll
INFO: Reap dead connection: [DummyConnection Server connection - model.nation.arawak]
May 14, 2018 5:09:53 PM net.sf.freecol.server.networking.Server sendToAll
INFO: Reap dead connection: [DummyConnection Server connection - model.nation.cherokee]
May 14, 2018 5:09:53 PM net.sf.freecol.server.networking.Server sendToAll
INFO: Reap dead connection: [DummyConnection Server connection - model.nation.french]
May 14, 2018 5:09:53 PM net.sf.freecol.server.networking.Server sendToAll
INFO: Reap dead connection: [DummyConnection Server connection - model.nation.apache]
May 14, 2018 5:09:53 PM net.sf.freecol.server.networking.Server sendToAll
INFO: Reap dead connection: [DummyConnection Server connection - model.nation.tupi]
May 14, 2018 5:09:53 PM net.sf.freecol.server.networking.Server sendToAll
INFO: Reap dead connection: [DummyConnection Server connection - model.nation.aztec]
May 14, 2018 5:09:53 PM net.sf.freecol.server.networking.Server sendToAll
INFO: Reap dead connection: [DummyConnection Server connection - model.nation.sioux]
May 14, 2018 5:09:53 PM net.sf.freecol.server.networking.Server sendToAll
INFO: Reap dead connection: [DummyConnection Server connection - model.nation.spanish]
May 14, 2018 5:09:53 PM net.sf.freecol.server.networking.Server sendToAll
INFO: Reap dead connection: [DummyConnection Server connection - model.nation.english]
May 14, 2018 5:09:53 PM net.sf.freecol.server.networking.Server sendToAll
INFO: Reap dead connection: [DummyConnection Server connection - model.nation.dutch]
May 14, 2018 5:09:53 PM net.sf.freecol.server.networking.Server sendToAll
INFO: Reap dead connection: [DummyConnection Server connection - model.nation.inca]
May 14, 2018 5:09:53 PM net.sf.freecol.server.model.ServerPlayer csChangeStance
INFO: Stance modification Louis XIV UNCONTACTED -> PEACE wrt Geronimo
May 14, 2018 5:09:53 PM net.sf.freecol.server.model.ServerPlayer csChangeStance
INFO: Stance modification Geronimo UNCONTACTED -> PEACE wrt Louis XIV (symmetric)
May 14, 2018 5:09:53 PM net.sf.freecol.common.model.Specification applyDifficultyLevel
INFO: Applying difficulty level model.difficulty.medium
May 14, 2018 5:09:53 PM net.sf.freecol.common.FreeColSeed getFreeColSeed
INFO: Using seed: 1551396190893015776
May 14, 2018 5:09:53 PM net.sf.freecol.server.networking.Server sendToAll
INFO: Reap dead connection: [DummyConnection Server connection - model.nation.spanish]
May 14, 2018 5:09:53 PM net.sf.freecol.server.networking.Server sendToAll
INFO: Reap dead connection: [DummyConnection Server connection - model.nation.aztec]
May 14, 2018 5:09:53 PM net.sf.freecol.server.networking.Server sendToAll
INFO: Reap dead connection: [DummyConnection Server connection - model.nation.apache]
May 14, 2018 5:09:53 PM net.sf.freecol.server.networking.Server sendToAll
INFO: Reap dead connection: [DummyConnection Server connection - model.nation.iroquois]
May 14, 2018 5:09:53 PM net.sf.freecol.server.networking.Server sendToAll
INFO: Reap dead connection: [DummyConnection Server connection - model.nation.dutch]
May 14, 2018 5:09:53 PM net.sf.freecol.server.networking.Server sendToAll
INFO: Reap dead connection: [DummyConnection Server connection - model.nation.inca]
May 14, 2018 5:09:53 PM net.sf.freecol.server.networking.Server sendToAll
INFO: Reap dead connection: [DummyConnection Server connection - model.nation.arawak]
May 14, 2018 5:09:53 PM net.sf.freecol.server.networking.Server sendToAll
INFO: Reap dead connection: [DummyConnection Server connection - model.nation.tupi]
May 14, 2018 5:09:53 PM net.sf.freecol.server.networking.Server sendToAll
INFO: Reap dead connection: [DummyConnection Server connection - model.nation.english]
May 14, 2018 5:09:53 PM net.sf.freecol.server.networking.Server sendToAll
INFO: Reap dead connection: [DummyConnection Server connection - model.nation.sioux]
May 14, 2018 5:09:53 PM net.sf.freecol.server.networking.Server sendToAll
INFO: Reap dead connection: [DummyConnection Server connection - model.nation.french]
May 14, 2018 5:09:53 PM net.sf.freecol.server.networking.Server sendToAll
INFO: Reap dead connection: [DummyConnection Server connection - model.nation.cherokee]
May 14, 2018 5:09:53 PM net.sf.freecol.server.model.ServerPlayer csChangeStance
INFO: Stance modification William I UNCONTACTED -> PEACE wrt Geronimo
May 14, 2018 5:09:53 PM net.sf.freecol.server.model.ServerPlayer csChangeStance
INFO: Stance modification Geronimo UNCONTACTED -> PEACE wrt William I (symmetric)
May 14, 2018 5:09:53 PM net.sf.freecol.common.model.Specification applyDifficultyLevel
INFO: Applying difficulty level model.difficulty.medium
May 14, 2018 5:09:53 PM net.sf.freecol.common.FreeColSeed getFreeColSeed
INFO: Using seed: 7957789751246547428
May 14, 2018 5:09:53 PM net.sf.freecol.server.networking.Server sendToAll
INFO: Reap dead connection: [DummyConnection Server connection - model.nation.tupi]
May 14, 2018 5:09:53 PM net.sf.freecol.server.networking.Server sendToAll
INFO: Reap dead connection: [DummyConnection Server connection - model.nation.english]
May 14, 2018 5:09:53 PM net.sf.freecol.server.networking.Server sendToAll
INFO: Reap dead connection: [DummyConnection Server connection - model.nation.aztec]
May 14, 2018 5:09:53 PM net.sf.freecol.server.networking.Server sendToAll
INFO: Reap dead connection: [DummyConnection Server connection - model.nation.iroquois]
May 14, 2018 5:09:53 PM net.sf.freecol.server.networking.Server sendToAll
INFO: Reap dead connection: [DummyConnection Server connection - model.nation.dutch]
May 14, 2018 5:09:53 PM net.sf.freecol.server.networking.Server sendToAll
INFO: Reap dead connection: [DummyConnection Server connection - model.nation.cherokee]
May 14, 2018 5:09:53 PM net.sf.freecol.server.networking.Server sendToAll
INFO: Reap dead connection: [DummyConnection Server connection - model.nation.inca]
May 14, 2018 5:09:53 PM net.sf.freecol.server.networking.Server sendToAll
INFO: Reap dead connection: [DummyConnection Server connection - model.nation.french]
May 14, 2018 5:09:53 PM net.sf.freecol.server.networking.Server sendToAll
INFO: Reap dead connection: [DummyConnection Server connection - model.nation.spanish]
May 14, 2018 5:09:53 PM net.sf.freecol.server.networking.Server sendToAll
INFO: Reap dead connection: [DummyConnection Server connection - model.nation.apache]
May 14, 2018 5:09:53 PM net.sf.freecol.server.networking.Server sendToAll
INFO: Reap dead connection: [DummyConnection Server connection - model.nation.sioux]
May 14, 2018 5:09:53 PM net.sf.freecol.server.networking.Server sendToAll
INFO: Reap dead connection: [DummyConnection Server connection - model.nation.arawak]
May 14, 2018 5:09:53 PM net.sf.freecol.common.model.Specification applyDifficultyLevel
INFO: Applying difficulty level model.difficulty.medium
May 14, 2018 5:09:53 PM net.sf.freecol.common.FreeColSeed getFreeColSeed
INFO: Using seed: 5085041276507839133
May 14, 2018 5:09:53 PM net.sf.freecol.server.networking.Server sendToAll
INFO: Reap dead connection: [DummyConnection Server connection - model.nation.dutch]
May 14, 2018 5:09:53 PM net.sf.freecol.server.networking.Server sendToAll
INFO: Reap dead connection: [DummyConnection Server connection - model.nation.english]
May 14, 2018 5:09:53 PM net.sf.freecol.server.networking.Server sendToAll
INFO: Reap dead connection: [DummyConnection Server connection - model.nation.sioux]
May 14, 2018 5:09:53 PM net.sf.freecol.server.networking.Server sendToAll
INFO: Reap dead connection: [DummyConnection Server connection - model.nation.iroquois]
May 14, 2018 5:09:53 PM net.sf.freecol.server.networking.Server sendToAll
INFO: Reap dead connection: [DummyConnection Server connection - model.nation.tupi]
May 14, 2018 5:09:53 PM net.sf.freecol.server.networking.Server sendToAll
INFO: Reap dead connection: [DummyConnection Server connection - model.nation.apache]
May 14, 2018 5:09:53 PM net.sf.freecol.server.networking.Server sendToAll
INFO: Reap dead connection: [DummyConnection Server connection - model.nation.french]
May 14, 2018 5:09:53 PM net.sf.freecol.server.networking.Server sendToAll
INFO: Reap dead connection: [DummyConnection Server connection - model.nation.inca]
May 14, 2018 5:09:53 PM net.sf.freecol.server.networking.Server sendToAll
INFO: Reap dead connection: [DummyConnection Server connection - model.nation.cherokee]
May 14, 2018 5:09:53 PM net.sf.freecol.server.networking.Server sendToAll
INFO: Reap dead connection: [DummyConnection Server connection - model.nation.spanish]
May 14, 2018 5:09:53 PM net.sf.freecol.server.networking.Server sendToAll
INFO: Reap dead connection: [DummyConnection Server connection - model.nation.arawak]
May 14, 2018 5:09:53 PM net.sf.freecol.server.networking.Server sendToAll
INFO: Reap dead connection: [DummyConnection Server connection - model.nation.aztec]
May 14, 2018 5:09:53 PM net.sf.freecol.common.model.Specification applyDifficultyLevel
INFO: Applying difficulty level model.difficulty.medium
May 14, 2018 5:09:53 PM net.sf.freecol.common.FreeColSeed getFreeColSeed
INFO: Using seed: -8976706793976647028
May 14, 2018 5:09:53 PM net.sf.freecol.server.networking.Server sendToAll
INFO: Reap dead connection: [DummyConnection Server connection - model.nation.aztec]
May 14, 2018 5:09:53 PM net.sf.freecol.server.networking.Server sendToAll
INFO: Reap dead connection: [DummyConnection Server connection - model.nation.english]
May 14, 2018 5:09:53 PM net.sf.freecol.server.networking.Server sendToAll
INFO: Reap dead connection: [DummyConnection Server connection - model.nation.sioux]
May 14, 2018 5:09:53 PM net.sf.freecol.server.networking.Server sendToAll
INFO: Reap dead connection: [DummyConnection Server connection - model.nation.dutch]
May 14, 2018 5:09:53 PM net.sf.freecol.server.networking.Server sendToAll
INFO: Reap dead connection: [DummyConnection Server connection - model.nation.apache]
May 14, 2018 5:09:53 PM net.sf.freecol.server.networking.Server sendToAll
INFO: Reap dead connection: [DummyConnection Server connection - model.nation.inca]
May 14, 2018 5:09:53 PM net.sf.freecol.server.networking.Server sendToAll
INFO: Reap dead connection: [DummyConnection Server connection - model.nation.cherokee]
May 14, 2018 5:09:53 PM net.sf.freecol.server.networking.Server sendToAll
INFO: Reap dead connection: [DummyConnection Server connection - model.nation.iroquois]
May 14, 2018 5:09:53 PM net.sf.freecol.server.networking.Server sendToAll
INFO: Reap dead connection: [DummyConnection Server connection - model.nation.french]
May 14, 2018 5:09:53 PM net.sf.freecol.server.networking.Server sendToAll
INFO: Reap dead connection: [DummyConnection Server connection - model.nation.arawak]
May 14, 2018 5:09:53 PM net.sf.freecol.server.networking.Server sendToAll
INFO: Reap dead connection: [DummyConnection Server connection - model.nation.tupi]
May 14, 2018 5:09:53 PM net.sf.freecol.server.networking.Server sendToAll
INFO: Reap dead connection: [DummyConnection Server connection - model.nation.spanish]
May 14, 2018 5:09:53 PM net.sf.freecol.common.model.Specification applyDifficultyLevel
INFO: Applying difficulty level model.difficulty.medium
May 14, 2018 5:09:53 PM net.sf.freecol.common.FreeColSeed getFreeColSeed
INFO: Using seed: 4622632389266892429
May 14, 2018 5:09:53 PM net.sf.freecol.server.networking.Server sendToAll
INFO: Reap dead connection: [DummyConnection Server connection - model.nation.sioux]
May 14, 2018 5:09:53 PM net.sf.freecol.server.networking.Server sendToAll
INFO: Reap dead connection: [DummyConnection Server connection - model.nation.apache]
May 14, 2018 5:09:53 PM net.sf.freecol.server.networking.Server sendToAll
INFO: Reap dead connection: [DummyConnection Server connection - model.nation.dutch]
May 14, 2018 5:09:53 PM net.sf.freecol.server.networking.Server sendToAll
INFO: Reap dead connection: [DummyConnection Server connection - model.nation.aztec]
May 14, 2018 5:09:53 PM net.sf.freecol.server.networking.Server sendToAll
INFO: Reap dead connection: [DummyConnection Server connection - model.nation.tupi]
May 14, 2018 5:09:53 PM net.sf.freecol.server.networking.Server sendToAll
INFO: Reap dead connection: [DummyConnection Server connection - model.nation.iroquois]
May 14, 2018 5:09:53 PM net.sf.freecol.server.networking.Server sendToAll
INFO: Reap dead connection: [DummyConnection Server connection - model.nation.english]
May 14, 2018 5:09:53 PM net.sf.freecol.server.networking.Server sendToAll
INFO: Reap dead connection: [DummyConnection Server connection - model.nation.inca]
May 14, 2018 5:09:53 PM net.sf.freecol.server.networking.Server sendToAll
INFO: Reap dead connection: [DummyConnection Server connection - model.nation.arawak]
May 14, 2018 5:09:53 PM net.sf.freecol.server.networking.Server sendToAll
INFO: Reap dead connection: [DummyConnection Server connection - model.nation.french]
May 14, 2018 5:09:53 PM net.sf.freecol.server.networking.Server sendToAll
INFO: Reap dead connection: [DummyConnection Server connection - model.nation.spanish]
May 14, 2018 5:09:53 PM net.sf.freecol.server.networking.Server sendToAll
INFO: Reap dead connection: [DummyConnection Server connection - model.nation.cherokee]
May 14, 2018 5:09:53 PM net.sf.freecol.server.model.ServerPlayer csChangeStance
INFO: Stance modification William I UNCONTACTED -> PEACE wrt Segoyewatha
May 14, 2018 5:09:53 PM net.sf.freecol.server.model.ServerPlayer csChangeStance
INFO: Stance modification Segoyewatha UNCONTACTED -> PEACE wrt William I (symmetric)
May 14, 2018 5:09:53 PM net.sf.freecol.common.model.Specification applyDifficultyLevel
INFO: Applying difficulty level model.difficulty.medium
May 14, 2018 5:09:53 PM net.sf.freecol.common.FreeColSeed getFreeColSeed
INFO: Using seed: -204470856640005009
May 14, 2018 5:09:53 PM net.sf.freecol.server.networking.Server sendToAll
INFO: Reap dead connection: [DummyConnection Server connection - model.nation.dutch]
May 14, 2018 5:09:53 PM net.sf.freecol.server.networking.Server sendToAll
INFO: Reap dead connection: [DummyConnection Server connection - model.nation.sioux]
May 14, 2018 5:09:53 PM net.sf.freecol.server.networking.Server sendToAll
INFO: Reap dead connection: [DummyConnection Server connection - model.nation.inca]
May 14, 2018 5:09:53 PM net.sf.freecol.server.networking.Server sendToAll
INFO: Reap dead connection: [DummyConnection Server connection - model.nation.cherokee]
May 14, 2018 5:09:53 PM net.sf.freecol.server.networking.Server sendToAll
INFO: Reap dead connection: [DummyConnection Server connection - model.nation.iroquois]
May 14, 2018 5:09:53 PM net.sf.freecol.server.networking.Server sendToAll
INFO: Reap dead connection: [DummyConnection Server connection - model.nation.apache]
May 14, 2018 5:09:53 PM net.sf.freecol.server.networking.Server sendToAll
INFO: Reap dead connection: [DummyConnection Server connection - model.nation.french]
May 14, 2018 5:09:53 PM net.sf.freecol.server.networking.Server sendToAll
INFO: Reap dead connection: [DummyConnection Server connection - model.nation.tupi]
May 14, 2018 5:09:53 PM net.sf.freecol.server.networking.Server sendToAll
INFO: Reap dead connection: [DummyConnection Server connection - model.nation.arawak]
May 14, 2018 5:09:53 PM net.sf.freecol.server.networking.Server sendToAll
INFO: Reap dead connection: [DummyConnection Server connection - model.nation.spanish]
May 14, 2018 5:09:53 PM net.sf.freecol.server.networking.Server sendToAll
INFO: Reap dead connection: [DummyConnection Server connection - model.nation.aztec]
May 14, 2018 5:09:53 PM net.sf.freecol.server.networking.Server sendToAll
INFO: Reap dead connection: [DummyConnection Server connection - model.nation.english]
May 14, 2018 5:09:53 PM net.sf.freecol.server.model.ServerPlayer csChangeStance
INFO: Stance modification William I UNCONTACTED -> PEACE wrt Segoyewatha
May 14, 2018 5:09:53 PM net.sf.freecol.server.model.ServerPlayer csChangeStance
INFO: Stance modification Segoyewatha UNCONTACTED -> PEACE wrt William I (symmetric)
May 14, 2018 5:09:53 PM net.sf.freecol.common.model.Specification applyDifficultyLevel
INFO: Applying difficulty level model.difficulty.medium
May 14, 2018 5:09:53 PM net.sf.freecol.common.FreeColSeed getFreeColSeed
INFO: Using seed: -7998616462789935856
May 14, 2018 5:09:53 PM net.sf.freecol.server.networking.Server sendToAll
INFO: Reap dead connection: [DummyConnection Server connection - model.nation.english]
May 14, 2018 5:09:53 PM net.sf.freecol.server.networking.Server sendToAll
INFO: Reap dead connection: [DummyConnection Server connection - model.nation.spanish]
May 14, 2018 5:09:53 PM net.sf.freecol.server.networking.Server sendToAll
INFO: Reap dead connection: [DummyConnection Server connection - model.nation.tupi]
May 14, 2018 5:09:53 PM net.sf.freecol.server.networking.Server sendToAll
INFO: Reap dead connection: [DummyConnection Server connection - model.nation.apache]
May 14, 2018 5:09:53 PM net.sf.freecol.server.networking.Server sendToAll
INFO: Reap dead connection: [DummyConnection Server connection - model.nation.dutch]
May 14, 2018 5:09:53 PM net.sf.freecol.server.networking.Server sendToAll
INFO: Reap dead connection: [DummyConnection Server connection - model.nation.french]
May 14, 2018 5:09:53 PM net.sf.freecol.server.networking.Server sendToAll
INFO: Reap dead connection: [DummyConnection Server connection - model.nation.arawak]
May 14, 2018 5:09:53 PM net.sf.freecol.server.networking.Server sendToAll
INFO: Reap dead connection: [DummyConnection Server connection - model.nation.iroquois]
May 14, 2018 5:09:53 PM net.sf.freecol.server.networking.Server sendToAll
INFO: Reap dead connection: [DummyConnection Server connection - model.nation.inca]
May 14, 2018 5:09:53 PM net.sf.freecol.server.networking.Server sendToAll
INFO: Reap dead connection: [DummyConnection Server connection - model.nation.cherokee]
May 14, 2018 5:09:53 PM net.sf.freecol.server.networking.Server sendToAll
INFO: Reap dead connection: [DummyConnection Server connection - model.nation.aztec]
May 14, 2018 5:09:53 PM net.sf.freecol.server.networking.Server sendToAll
INFO: Reap dead connection: [DummyConnection Server connection - model.nation.sioux]
May 14, 2018 5:09:53 PM net.sf.freecol.common.model.Specification applyDifficultyLevel
INFO: Applying difficulty level model.difficulty.medium
May 14, 2018 5:09:53 PM net.sf.freecol.common.model.Specification applyDifficultyLevel
INFO: Applying difficulty level model.difficulty.medium
May 14, 2018 5:09:53 PM net.sf.freecol.common.model.Specification applyDifficultyLevel
INFO: Applying difficulty level model.difficulty.medium
May 14, 2018 5:09:53 PM net.sf.freecol.common.FreeColSeed getFreeColSeed
INFO: Using seed: 3108066254854301083
May 14, 2018 5:09:53 PM net.sf.freecol.server.networking.Server sendToAll
INFO: Reap dead connection: [DummyConnection Server connection - model.nation.inca]
May 14, 2018 5:09:53 PM net.sf.freecol.server.networking.Server sendToAll
INFO: Reap dead connection: [DummyConnection Server connection - model.nation.english]
May 14, 2018 5:09:53 PM net.sf.freecol.server.networking.Server sendToAll
INFO: Reap dead connection: [DummyConnection Server connection - model.nation.spanish]
May 14, 2018 5:09:53 PM net.sf.freecol.server.networking.Server sendToAll
INFO: Reap dead connection: [DummyConnection Server connection - model.nation.tupi]
May 14, 2018 5:09:53 PM net.sf.freecol.server.networking.Server sendToAll
INFO: Reap dead connection: [DummyConnection Server connection - model.nation.french]
May 14, 2018 5:09:53 PM net.sf.freecol.server.networking.Server sendToAll
INFO: Reap dead connection: [DummyConnection Server connection - model.nation.arawak]
May 14, 2018 5:09:53 PM net.sf.freecol.server.networking.Server sendToAll
INFO: Reap dead connection: [DummyConnection Server connection - model.nation.dutch]
May 14, 2018 5:09:53 PM net.sf.freecol.server.networking.Server sendToAll
INFO: Reap dead connection: [DummyConnection Server connection - model.nation.cherokee]
May 14, 2018 5:09:53 PM net.sf.freecol.server.networking.Server sendToAll
INFO: Reap dead connection: [DummyConnection Server connection - model.nation.aztec]
May 14, 2018 5:09:53 PM net.sf.freecol.server.networking.Server sendToAll
INFO: Reap dead connection: [DummyConnection Server connection - model.nation.iroquois]
May 14, 2018 5:09:53 PM net.sf.freecol.server.networking.Server sendToAll
INFO: Reap dead connection: [DummyConnection Server connection - model.nation.apache]
May 14, 2018 5:09:53 PM net.sf.freecol.server.networking.Server sendToAll
INFO: Reap dead connection: [DummyConnection Server connection - model.nation.sioux]
May 14, 2018 5:09:53 PM net.sf.freecol.common.model.Specification applyDifficultyLevel
INFO: Applying difficulty level model.difficulty.medium
May 14, 2018 5:09:53 PM net.sf.freecol.common.FreeColSeed getFreeColSeed
INFO: Using seed: -2322541692786627180
May 14, 2018 5:09:53 PM net.sf.freecol.server.networking.Server sendToAll
INFO: Reap dead connection: [DummyConnection Server connection - model.nation.french]
May 14, 2018 5:09:53 PM net.sf.freecol.server.networking.Server sendToAll
INFO: Reap dead connection: [DummyConnection Server connection - model.nation.spanish]
May 14, 2018 5:09:53 PM net.sf.freecol.server.networking.Server sendToAll
INFO: Reap dead connection: [DummyConnection Server connection - model.nation.english]
May 14, 2018 5:09:53 PM net.sf.freecol.server.networking.Server sendToAll
INFO: Reap dead connection: [DummyConnection Server connection - model.nation.iroquois]
May 14, 2018 5:09:53 PM net.sf.freecol.server.networking.Server sendToAll
INFO: Reap dead connection: [DummyConnection Server connection - model.nation.arawak]
May 14, 2018 5:09:53 PM net.sf.freecol.server.networking.Server sendToAll
INFO: Reap dead connection: [DummyConnection Server connection - model.nation.sioux]
May 14, 2018 5:09:53 PM net.sf.freecol.server.networking.Server sendToAll
INFO: Reap dead connection: [DummyConnection Server connection - model.nation.aztec]
May 14, 2018 5:09:53 PM net.sf.freecol.server.networking.Server sendToAll
INFO: Reap dead connection: [DummyConnection Server connection - model.nation.cherokee]
May 14, 2018 5:09:53 PM net.sf.freecol.server.networking.Server sendToAll
INFO: Reap dead connection: [DummyConnection Server connection - model.nation.dutch]
May 14, 2018 5:09:53 PM net.sf.freecol.server.networking.Server sendToAll
INFO: Reap dead connection: [DummyConnection Server connection - model.nation.tupi]
May 14, 2018 5:09:53 PM net.sf.freecol.server.networking.Server sendToAll
INFO: Reap dead connection: [DummyConnection Server connection - model.nation.inca]
May 14, 2018 5:09:53 PM net.sf.freecol.server.networking.Server sendToAll
INFO: Reap dead connection: [DummyConnection Server connection - model.nation.apache]
May 14, 2018 5:09:53 PM net.sf.freecol.common.model.Specification applyDifficultyLevel
INFO: Applying difficulty level model.difficulty.medium
May 14, 2018 5:09:53 PM net.sf.freecol.common.FreeColSeed getFreeColSeed
INFO: Using seed: -4304420718809093471
May 14, 2018 5:09:54 PM net.sf.freecol.server.networking.Server sendToAll
INFO: Reap dead connection: [DummyConnection Server connection - model.nation.english]
May 14, 2018 5:09:54 PM net.sf.freecol.server.networking.Server sendToAll
INFO: Reap dead connection: [DummyConnection Server connection - model.nation.spanish]
May 14, 2018 5:09:54 PM net.sf.freecol.server.networking.Server sendToAll
INFO: Reap dead connection: [DummyConnection Server connection - model.nation.french]
May 14, 2018 5:09:54 PM net.sf.freecol.server.networking.Server sendToAll
INFO: Reap dead connection: [DummyConnection Server connection - model.nation.arawak]
May 14, 2018 5:09:54 PM net.sf.freecol.server.networking.Server sendToAll
INFO: Reap dead connection: [DummyConnection Server connection - model.nation.apache]
May 14, 2018 5:09:54 PM net.sf.freecol.server.networking.Server sendToAll
INFO: Reap dead connection: [DummyConnection Server connection - model.nation.cherokee]
May 14, 2018 5:09:54 PM net.sf.freecol.server.networking.Server sendToAll
INFO: Reap dead connection: [DummyConnection Server connection - model.nation.aztec]
May 14, 2018 5:09:54 PM net.sf.freecol.server.networking.Server sendToAll
INFO: Reap dead connection: [DummyConnection Server connection - model.nation.tupi]
May 14, 2018 5:09:54 PM net.sf.freecol.server.networking.Server sendToAll
INFO: Reap dead connection: [DummyConnection Server connection - model.nation.iroquois]
May 14, 2018 5:09:54 PM net.sf.freecol.server.networking.Server sendToAll
INFO: Reap dead connection: [DummyConnection Server connection - model.nation.sioux]
May 14, 2018 5:09:54 PM net.sf.freecol.server.networking.Server sendToAll
INFO: Reap dead connection: [DummyConnection Server connection - model.nation.dutch]
May 14, 2018 5:09:54 PM net.sf.freecol.server.networking.Server sendToAll
INFO: Reap dead connection: [DummyConnection Server connection - model.nation.inca]
May 14, 2018 5:09:54 PM net.sf.freecol.common.model.Specification applyDifficultyLevel
INFO: Applying difficulty level model.difficulty.medium
May 14, 2018 5:09:54 PM net.sf.freecol.common.FreeColSeed getFreeColSeed
INFO: Using seed: 7501470044236633961
May 14, 2018 5:09:54 PM net.sf.freecol.server.networking.Server sendToAll
INFO: Reap dead connection: [DummyConnection Server connection - model.nation.iroquois]
May 14, 2018 5:09:54 PM net.sf.freecol.server.networking.Server sendToAll
INFO: Reap dead connection: [DummyConnection Server connection - model.nation.sioux]
May 14, 2018 5:09:54 PM net.sf.freecol.server.networking.Server sendToAll
INFO: Reap dead connection: [DummyConnection Server connection - model.nation.arawak]
May 14, 2018 5:09:54 PM net.sf.freecol.server.networking.Server sendToAll
INFO: Reap dead connection: [DummyConnection Server connection - model.nation.spanish]
May 14, 2018 5:09:54 PM net.sf.freecol.server.networking.Server sendToAll
INFO: Reap dead connection: [DummyConnection Server connection - model.nation.cherokee]
May 14, 2018 5:09:54 PM net.sf.freecol.server.networking.Server sendToAll
INFO: Reap dead connection: [DummyConnection Server connection - model.nation.dutch]
May 14, 2018 5:09:54 PM net.sf.freecol.server.networking.Server sendToAll
INFO: Reap dead connection: [DummyConnection Server connection - model.nation.apache]
May 14, 2018 5:09:54 PM net.sf.freecol.server.networking.Server sendToAll
INFO: Reap dead connection: [DummyConnection Server connection - model.nation.inca]
May 14, 2018 5:09:54 PM net.sf.freecol.server.networking.Server sendToAll
INFO: Reap dead connection: [DummyConnection Server connection - model.nation.aztec]
May 14, 2018 5:09:54 PM net.sf.freecol.server.networking.Server sendToAll
INFO: Reap dead connection: [DummyConnection Server connection - model.nation.english]
May 14, 2018 5:09:54 PM net.sf.freecol.server.networking.Server sendToAll
INFO: Reap dead connection: [DummyConnection Server connection - model.nation.tupi]
May 14, 2018 5:09:54 PM net.sf.freecol.server.networking.Server sendToAll
INFO: Reap dead connection: [DummyConnection Server connection - model.nation.french]
May 14, 2018 5:09:54 PM net.sf.freecol.common.model.Specification applyDifficultyLevel
INFO: Applying difficulty level model.difficulty.medium
May 14, 2018 5:09:54 PM net.sf.freecol.common.FreeColSeed getFreeColSeed
INFO: Using seed: -3073321105476600803
May 14, 2018 5:09:54 PM net.sf.freecol.server.networking.Server sendToAll
INFO: Reap dead connection: [DummyConnection Server connection - model.nation.inca]
May 14, 2018 5:09:54 PM net.sf.freecol.server.networking.Server sendToAll
INFO: Reap dead connection: [DummyConnection Server connection - model.nation.cherokee]
May 14, 2018 5:09:54 PM net.sf.freecol.server.networking.Server sendToAll
INFO: Reap dead connection: [DummyConnection Server connection - model.nation.iroquois]
May 14, 2018 5:09:54 PM net.sf.freecol.server.networking.Server sendToAll
INFO: Reap dead connection: [DummyConnection Server connection - model.nation.dutch]
May 14, 2018 5:09:54 PM net.sf.freecol.server.networking.Server sendToAll
INFO: Reap dead connection: [DummyConnection Server connection - model.nation.english]
May 14, 2018 5:09:54 PM net.sf.freecol.server.networking.Server sendToAll
INFO: Reap dead connection: [DummyConnection Server connection - model.nation.apache]
May 14, 2018 5:09:54 PM net.sf.freecol.server.networking.Server sendToAll
INFO: Reap dead connection: [DummyConnection Server connection - model.nation.spanish]
May 14, 2018 5:09:54 PM net.sf.freecol.server.networking.Server sendToAll
INFO: Reap dead connection: [DummyConnection Server connection - model.nation.tupi]
May 14, 2018 5:09:54 PM net.sf.freecol.server.networking.Server sendToAll
INFO: Reap dead connection: [DummyConnection Server connection - model.nation.sioux]
May 14, 2018 5:09:54 PM net.sf.freecol.server.networking.Server sendToAll
INFO: Reap dead connection: [DummyConnection Server connection - model.nation.french]
May 14, 2018 5:09:54 PM net.sf.freecol.server.networking.Server sendToAll
INFO: Reap dead connection: [DummyConnection Server connection - model.nation.arawak]
May 14, 2018 5:09:54 PM net.sf.freecol.server.networking.Server sendToAll
INFO: Reap dead connection: [DummyConnection Server connection - model.nation.aztec]
May 14, 2018 5:09:54 PM net.sf.freecol.common.model.Specification applyDifficultyLevel
INFO: Applying difficulty level model.difficulty.medium
May 14, 2018 5:09:54 PM net.sf.freecol.common.FreeColSeed getFreeColSeed
INFO: Using seed: -2403450961478175719
May 14, 2018 5:09:54 PM net.sf.freecol.server.networking.Server sendToAll
INFO: Reap dead connection: [DummyConnection Server connection - model.nation.iroquois]
May 14, 2018 5:09:54 PM net.sf.freecol.server.networking.Server sendToAll
INFO: Reap dead connection: [DummyConnection Server connection - model.nation.english]
May 14, 2018 5:09:54 PM net.sf.freecol.server.networking.Server sendToAll
INFO: Reap dead connection: [DummyConnection Server connection - model.nation.inca]
May 14, 2018 5:09:54 PM net.sf.freecol.server.networking.Server sendToAll
INFO: Reap dead connection: [DummyConnection Server connection - model.nation.dutch]
May 14, 2018 5:09:54 PM net.sf.freecol.server.networking.Server sendToAll
INFO: Reap dead connection: [DummyConnection Server connection - model.nation.french]
May 14, 2018 5:09:54 PM net.sf.freecol.server.networking.Server sendToAll
INFO: Reap dead connection: [DummyConnection Server connection - model.nation.sioux]
May 14, 2018 5:09:54 PM net.sf.freecol.server.networking.Server sendToAll
INFO: Reap dead connection: [DummyConnection Server connection - model.nation.arawak]
May 14, 2018 5:09:54 PM net.sf.freecol.server.networking.Server sendToAll
INFO: Reap dead connection: [DummyConnection Server connection - model.nation.spanish]
May 14, 2018 5:09:54 PM net.sf.freecol.server.networking.Server sendToAll
INFO: Reap dead connection: [DummyConnection Server connection - model.nation.cherokee]
May 14, 2018 5:09:54 PM net.sf.freecol.server.networking.Server sendToAll
INFO: Reap dead connection: [DummyConnection Server connection - model.nation.tupi]
May 14, 2018 5:09:54 PM net.sf.freecol.server.networking.Server sendToAll
INFO: Reap dead connection: [DummyConnection Server connection - model.nation.apache]
May 14, 2018 5:09:54 PM net.sf.freecol.server.networking.Server sendToAll
INFO: Reap dead connection: [DummyConnection Server connection - model.nation.aztec]
May 14, 2018 5:09:54 PM net.sf.freecol.common.model.Specification applyDifficultyLevel
INFO: Applying difficulty level model.difficulty.medium
May 14, 2018 5:09:54 PM net.sf.freecol.common.FreeColSeed getFreeColSeed
INFO: Using seed: 8411343477276035942
May 14, 2018 5:09:54 PM net.sf.freecol.server.networking.Server sendToAll
INFO: Reap dead connection: [DummyConnection Server connection - model.nation.apache]
May 14, 2018 5:09:54 PM net.sf.freecol.server.networking.Server sendToAll
INFO: Reap dead connection: [DummyConnection Server connection - model.nation.tupi]
May 14, 2018 5:09:54 PM net.sf.freecol.server.networking.Server sendToAll
INFO: Reap dead connection: [DummyConnection Server connection - model.nation.french]
May 14, 2018 5:09:54 PM net.sf.freecol.server.networking.Server sendToAll
INFO: Reap dead connection: [DummyConnection Server connection - model.nation.aztec]
May 14, 2018 5:09:54 PM net.sf.freecol.server.networking.Server sendToAll
INFO: Reap dead connection: [DummyConnection Server connection - model.nation.sioux]
May 14, 2018 5:09:54 PM net.sf.freecol.server.networking.Server sendToAll
INFO: Reap dead connection: [DummyConnection Server connection - model.nation.english]
May 14, 2018 5:09:54 PM net.sf.freecol.server.networking.Server sendToAll
INFO: Reap dead connection: [DummyConnection Server connection - model.nation.arawak]
May 14, 2018 5:09:54 PM net.sf.freecol.server.networking.Server sendToAll
INFO: Reap dead connection: [DummyConnection Server connection - model.nation.spanish]
May 14, 2018 5:09:54 PM net.sf.freecol.server.networking.Server sendToAll
INFO: Reap dead connection: [DummyConnection Server connection - model.nation.iroquois]
May 14, 2018 5:09:54 PM net.sf.freecol.server.networking.Server sendToAll
INFO: Reap dead connection: [DummyConnection Server connection - model.nation.dutch]
May 14, 2018 5:09:54 PM net.sf.freecol.server.networking.Server sendToAll
INFO: Reap dead connection: [DummyConnection Server connection - model.nation.cherokee]
May 14, 2018 5:09:54 PM net.sf.freecol.server.networking.Server sendToAll
INFO: Reap dead connection: [DummyConnection Server connection - model.nation.inca]
May 14, 2018 5:09:54 PM net.sf.freecol.common.model.Specification applyDifficultyLevel
INFO: Applying difficulty level model.difficulty.medium
May 14, 2018 5:09:54 PM net.sf.freecol.common.FreeColSeed getFreeColSeed
INFO: Using seed: 3492071200936647465
May 14, 2018 5:09:54 PM net.sf.freecol.server.networking.Server sendToAll
INFO: Reap dead connection: [DummyConnection Server connection - model.nation.aztec]
May 14, 2018 5:09:54 PM net.sf.freecol.server.networking.Server sendToAll
INFO: Reap dead connection: [DummyConnection Server connection - model.nation.apache]
May 14, 2018 5:09:54 PM net.sf.freecol.server.networking.Server sendToAll
INFO: Reap dead connection: [DummyConnection Server connection - model.nation.arawak]
May 14, 2018 5:09:54 PM net.sf.freecol.server.networking.Server sendToAll
INFO: Reap dead connection: [DummyConnection Server connection - model.nation.dutch]
May 14, 2018 5:09:54 PM net.sf.freecol.server.networking.Server sendToAll
INFO: Reap dead connection: [DummyConnection Server connection - model.nation.french]
May 14, 2018 5:09:54 PM net.sf.freecol.server.networking.Server sendToAll
INFO: Reap dead connection: [DummyConnection Server connection - model.nation.inca]
May 14, 2018 5:09:54 PM net.sf.freecol.server.networking.Server sendToAll
INFO: Reap dead connection: [DummyConnection Server connection - model.nation.spanish]
May 14, 2018 5:09:54 PM net.sf.freecol.server.networking.Server sendToAll
INFO: Reap dead connection: [DummyConnection Server connection - model.nation.sioux]
May 14, 2018 5:09:54 PM net.sf.freecol.server.networking.Server sendToAll
INFO: Reap dead connection: [DummyConnection Server connection - model.nation.cherokee]
May 14, 2018 5:09:54 PM net.sf.freecol.server.networking.Server sendToAll
INFO: Reap dead connection: [DummyConnection Server connection - model.nation.iroquois]
May 14, 2018 5:09:54 PM net.sf.freecol.server.networking.Server sendToAll
INFO: Reap dead connection: [DummyConnection Server connection - model.nation.tupi]
May 14, 2018 5:09:54 PM net.sf.freecol.server.networking.Server sendToAll
INFO: Reap dead connection: [DummyConnection Server connection - model.nation.english]
May 14, 2018 5:09:54 PM net.sf.freecol.common.model.Specification applyDifficultyLevel
INFO: Applying difficulty level model.difficulty.medium
May 14, 2018 5:09:54 PM net.sf.freecol.common.FreeColSeed getFreeColSeed
INFO: Using seed: 8676479966106826974
May 14, 2018 5:09:54 PM net.sf.freecol.server.networking.Server sendToAll
INFO: Reap dead connection: [DummyConnection Server connection - model.nation.sioux]
May 14, 2018 5:09:54 PM net.sf.freecol.server.networking.Server sendToAll
INFO: Reap dead connection: [DummyConnection Server connection - model.nation.tupi]
May 14, 2018 5:09:54 PM net.sf.freecol.server.networking.Server sendToAll
INFO: Reap dead connection: [DummyConnection Server connection - model.nation.arawak]
May 14, 2018 5:09:54 PM net.sf.freecol.server.networking.Server sendToAll
INFO: Reap dead connection: [DummyConnection Server connection - model.nation.inca]
May 14, 2018 5:09:54 PM net.sf.freecol.server.networking.Server sendToAll
INFO: Reap dead connection: [DummyConnection Server connection - model.nation.cherokee]
May 14, 2018 5:09:54 PM net.sf.freecol.server.networking.Server sendToAll
INFO: Reap dead connection: [DummyConnection Server connection - model.nation.spanish]
May 14, 2018 5:09:54 PM net.sf.freecol.server.networking.Server sendToAll
INFO: Reap dead connection: [DummyConnection Server connection - model.nation.french]
May 14, 2018 5:09:54 PM net.sf.freecol.server.networking.Server sendToAll
INFO: Reap dead connection: [DummyConnection Server connection - model.nation.iroquois]
May 14, 2018 5:09:54 PM net.sf.freecol.server.networking.Server sendToAll
INFO: Reap dead connection: [DummyConnection Server connection - model.nation.apache]
May 14, 2018 5:09:54 PM net.sf.freecol.server.networking.Server sendToAll
INFO: Reap dead connection: [DummyConnection Server connection - model.nation.dutch]
May 14, 2018 5:09:54 PM net.sf.freecol.server.networking.Server sendToAll
INFO: Reap dead connection: [DummyConnection Server connection - model.nation.aztec]
May 14, 2018 5:09:54 PM net.sf.freecol.server.networking.Server sendToAll
INFO: Reap dead connection: [DummyConnection Server connection - model.nation.english]
May 14, 2018 5:09:54 PM net.sf.freecol.common.model.Specification applyDifficultyLevel
INFO: Applying difficulty level model.difficulty.medium
May 14, 2018 5:09:54 PM net.sf.freecol.common.FreeColSeed getFreeColSeed
INFO: Using seed: 4478654618976183827
May 14, 2018 5:09:54 PM net.sf.freecol.server.networking.Server sendToAll
INFO: Reap dead connection: [DummyConnection Server connection - model.nation.inca]
May 14, 2018 5:09:54 PM net.sf.freecol.server.networking.Server sendToAll
INFO: Reap dead connection: [DummyConnection Server connection - model.nation.french]
May 14, 2018 5:09:54 PM net.sf.freecol.server.networking.Server sendToAll
INFO: Reap dead connection: [DummyConnection Server connection - model.nation.english]
May 14, 2018 5:09:54 PM net.sf.freecol.server.networking.Server sendToAll
INFO: Reap dead connection: [DummyConnection Server connection - model.nation.apache]
May 14, 2018 5:09:54 PM net.sf.freecol.server.networking.Server sendToAll
INFO: Reap dead connection: [DummyConnection Server connection - model.nation.cherokee]
May 14, 2018 5:09:54 PM net.sf.freecol.server.networking.Server sendToAll
INFO: Reap dead connection: [DummyConnection Server connection - model.nation.sioux]
May 14, 2018 5:09:54 PM net.sf.freecol.server.networking.Server sendToAll
INFO: Reap dead connection: [DummyConnection Server connection - model.nation.arawak]
May 14, 2018 5:09:54 PM net.sf.freecol.server.networking.Server sendToAll
INFO: Reap dead connection: [DummyConnection Server connection - model.nation.tupi]
May 14, 2018 5:09:54 PM net.sf.freecol.server.networking.Server sendToAll
INFO: Reap dead connection: [DummyConnection Server connection - model.nation.dutch]
May 14, 2018 5:09:54 PM net.sf.freecol.server.networking.Server sendToAll
INFO: Reap dead connection: [DummyConnection Server connection - model.nation.aztec]
May 14, 2018 5:09:54 PM net.sf.freecol.server.networking.Server sendToAll
INFO: Reap dead connection: [DummyConnection Server connection - model.nation.spanish]
May 14, 2018 5:09:54 PM net.sf.freecol.server.networking.Server sendToAll
INFO: Reap dead connection: [DummyConnection Server connection - model.nation.iroquois]
May 14, 2018 5:09:54 PM net.sf.freecol.common.model.Specification applyDifficultyLevel
INFO: Applying difficulty level model.difficulty.medium
May 14, 2018 5:09:54 PM net.sf.freecol.common.FreeColSeed getFreeColSeed
INFO: Using seed: 6646878449407216243
May 14, 2018 5:09:54 PM net.sf.freecol.server.networking.Server sendToAll
INFO: Reap dead connection: [DummyConnection Server connection - model.nation.aztec]
May 14, 2018 5:09:54 PM net.sf.freecol.server.networking.Server sendToAll
INFO: Reap dead connection: [DummyConnection Server connection - model.nation.iroquois]
May 14, 2018 5:09:54 PM net.sf.freecol.server.networking.Server sendToAll
INFO: Reap dead connection: [DummyConnection Server connection - model.nation.sioux]
May 14, 2018 5:09:54 PM net.sf.freecol.server.networking.Server sendToAll
INFO: Reap dead connection: [DummyConnection Server connection - model.nation.english]
May 14, 2018 5:09:54 PM net.sf.freecol.server.networking.Server sendToAll
INFO: Reap dead connection: [DummyConnection Server connection - model.nation.inca]
May 14, 2018 5:09:54 PM net.sf.freecol.server.networking.Server sendToAll
INFO: Reap dead connection: [DummyConnection Server connection - model.nation.tupi]
May 14, 2018 5:09:54 PM net.sf.freecol.server.networking.Server sendToAll
INFO: Reap dead connection: [DummyConnection Server connection - model.nation.arawak]
May 14, 2018 5:09:54 PM net.sf.freecol.server.networking.Server sendToAll
INFO: Reap dead connection: [DummyConnection Server connection - model.nation.apache]
May 14, 2018 5:09:54 PM net.sf.freecol.server.networking.Server sendToAll
INFO: Reap dead connection: [DummyConnection Server connection - model.nation.spanish]
May 14, 2018 5:09:54 PM net.sf.freecol.server.networking.Server sendToAll
INFO: Reap dead connection: [DummyConnection Server connection - model.nation.french]
May 14, 2018 5:09:54 PM net.sf.freecol.server.networking.Server sendToAll
INFO: Reap dead connection: [DummyConnection Server connection - model.nation.dutch]
May 14, 2018 5:09:54 PM net.sf.freecol.server.networking.Server sendToAll
INFO: Reap dead connection: [DummyConnection Server connection - model.nation.cherokee]
May 14, 2018 5:09:54 PM net.sf.freecol.common.model.Specification applyDifficultyLevel
INFO: Applying difficulty level model.difficulty.medium
May 14, 2018 5:09:54 PM net.sf.freecol.common.FreeColSeed getFreeColSeed
INFO: Using seed: 1037172722404917527
May 14, 2018 5:09:54 PM net.sf.freecol.server.networking.Server sendToAll
INFO: Reap dead connection: [DummyConnection Server connection - model.nation.aztec]
May 14, 2018 5:09:54 PM net.sf.freecol.server.networking.Server sendToAll
INFO: Reap dead connection: [DummyConnection Server connection - model.nation.arawak]
May 14, 2018 5:09:54 PM net.sf.freecol.server.networking.Server sendToAll
INFO: Reap dead connection: [DummyConnection Server connection - model.nation.apache]
May 14, 2018 5:09:54 PM net.sf.freecol.server.networking.Server sendToAll
INFO: Reap dead connection: [DummyConnection Server connection - model.nation.french]
May 14, 2018 5:09:54 PM net.sf.freecol.server.networking.Server sendToAll
INFO: Reap dead connection: [DummyConnection Server connection - model.nation.iroquois]
May 14, 2018 5:09:54 PM net.sf.freecol.server.networking.Server sendToAll
INFO: Reap dead connection: [DummyConnection Server connection - model.nation.sioux]
May 14, 2018 5:09:54 PM net.sf.freecol.server.networking.Server sendToAll
INFO: Reap dead connection: [DummyConnection Server connection - model.nation.english]
May 14, 2018 5:09:54 PM net.sf.freecol.server.networking.Server sendToAll
INFO: Reap dead connection: [DummyConnection Server connection - model.nation.inca]
May 14, 2018 5:09:54 PM net.sf.freecol.server.networking.Server sendToAll
INFO: Reap dead connection: [DummyConnection Server connection - model.nation.dutch]
May 14, 2018 5:09:54 PM net.sf.freecol.server.networking.Server sendToAll
INFO: Reap dead connection: [DummyConnection Server connection - model.nation.cherokee]
May 14, 2018 5:09:54 PM net.sf.freecol.server.networking.Server sendToAll
INFO: Reap dead connection: [DummyConnection Server connection - model.nation.tupi]
May 14, 2018 5:09:54 PM net.sf.freecol.server.networking.Server sendToAll
INFO: Reap dead connection: [DummyConnection Server connection - model.nation.spanish]
May 14, 2018 5:09:54 PM net.sf.freecol.common.model.Specification applyDifficultyLevel
INFO: Applying difficulty level model.difficulty.medium
May 14, 2018 5:09:54 PM net.sf.freecol.common.FreeColSeed getFreeColSeed
INFO: Using seed: 7189611466671031465
May 14, 2018 5:09:54 PM net.sf.freecol.server.networking.Server sendToAll
INFO: Reap dead connection: [DummyConnection Server connection - model.nation.iroquois]
May 14, 2018 5:09:54 PM net.sf.freecol.server.networking.Server sendToAll
INFO: Reap dead connection: [DummyConnection Server connection - model.nation.dutch]
May 14, 2018 5:09:54 PM net.sf.freecol.server.networking.Server sendToAll
INFO: Reap dead connection: [DummyConnection Server connection - model.nation.tupi]
May 14, 2018 5:09:54 PM net.sf.freecol.server.networking.Server sendToAll
INFO: Reap dead connection: [DummyConnection Server connection - model.nation.sioux]
May 14, 2018 5:09:54 PM net.sf.freecol.server.networking.Server sendToAll
INFO: Reap dead connection: [DummyConnection Server connection - model.nation.inca]
May 14, 2018 5:09:54 PM net.sf.freecol.server.networking.Server sendToAll
INFO: Reap dead connection: [DummyConnection Server connection - model.nation.aztec]
May 14, 2018 5:09:54 PM net.sf.freecol.server.networking.Server sendToAll
INFO: Reap dead connection: [DummyConnection Server connection - model.nation.spanish]
May 14, 2018 5:09:54 PM net.sf.freecol.server.networking.Server sendToAll
INFO: Reap dead connection: [DummyConnection Server connection - model.nation.french]
May 14, 2018 5:09:54 PM net.sf.freecol.server.networking.Server sendToAll
INFO: Reap dead connection: [DummyConnection Server connection - model.nation.apache]
May 14, 2018 5:09:54 PM net.sf.freecol.server.networking.Server sendToAll
INFO: Reap dead connection: [DummyConnection Server connection - model.nation.arawak]
May 14, 2018 5:09:54 PM net.sf.freecol.server.networking.Server sendToAll
INFO: Reap dead connection: [DummyConnection Server connection - model.nation.english]
May 14, 2018 5:09:54 PM net.sf.freecol.server.networking.Server sendToAll
INFO: Reap dead connection: [DummyConnection Server connection - model.nation.cherokee]
May 14, 2018 5:09:54 PM net.sf.freecol.common.model.FreeColObject getIdNumber
WARNING: Exception formatting ID number.
java.lang.NumberFormatException: For input string: "am2"
	at java.lang.NumberFormatException.forInputString(NumberFormatException.java:65)
	at java.lang.Integer.parseInt(Integer.java:580)
	at java.lang.Integer.parseInt(Integer.java:615)
	at net.sf.freecol.common.model.FreeColObject.getIdNumber(FreeColObject.java:203)
	at net.sf.freecol.common.model.FreeColObject.compareIds(FreeColObject.java:233)
	at net.sf.freecol.common.model.FreeColObject.compareTo(FreeColObject.java:246)
	at net.sf.freecol.server.ai.ValuedAIObject.compareTo(ValuedAIObject.java:126)
	at net.sf.freecol.server.ai.ValuedAIObject.compareTo(ValuedAIObject.java:37)
	at java.util.ComparableTimSort.countRunAndMakeAscending(ComparableTimSort.java:320)
	at java.util.ComparableTimSort.sort(ComparableTimSort.java:188)
	at java.util.Arrays.sort(Arrays.java:1312)
	at java.util.Arrays.sort(Arrays.java:1506)
	at java.util.ArrayList.sort(ArrayList.java:1454)
	at java.util.Collections.sort(Collections.java:141)
	at net.sf.freecol.server.ai.AIColony.updateTileImprovementPlans(AIColony.java:1406)
	at net.sf.freecol.server.ai.mission.PioneeringMissionTest.testImprovementNoLongerValid(PioneeringMissionTest.java:84)
	at sun.reflect.NativeMethodAccessorImpl.invoke0(Native Method)
	at sun.reflect.NativeMethodAccessorImpl.invoke(NativeMethodAccessorImpl.java:62)
	at sun.reflect.DelegatingMethodAccessorImpl.invoke(DelegatingMethodAccessorImpl.java:43)
	at java.lang.reflect.Method.invoke(Method.java:498)
	at junit.framework.TestCase.runTest(TestCase.java:176)
	at junit.framework.TestCase.runBare(TestCase.java:141)
	at junit.framework.TestResult$1.protect(TestResult.java:122)
	at junit.framework.TestResult.runProtected(TestResult.java:142)
	at junit.framework.TestResult.run(TestResult.java:125)
	at junit.framework.TestCase.run(TestCase.java:129)
	at junit.framework.TestSuite.runTest(TestSuite.java:255)
	at junit.framework.TestSuite.run(TestSuite.java:250)
	at junit.framework.TestSuite.runTest(TestSuite.java:255)
	at junit.framework.TestSuite.run(TestSuite.java:250)
	at junit.framework.TestSuite.runTest(TestSuite.java:255)
	at junit.framework.TestSuite.run(TestSuite.java:250)
	at junit.framework.TestSuite.runTest(TestSuite.java:255)
	at junit.framework.TestSuite.run(TestSuite.java:250)
	at junit.framework.TestSuite.runTest(TestSuite.java:255)
	at junit.framework.TestSuite.run(TestSuite.java:250)
	at junit.extensions.TestDecorator.basicRun(TestDecorator.java:23)
	at junit.extensions.TestSetup$1.protect(TestSetup.java:23)
	at junit.framework.TestResult.runProtected(TestResult.java:142)
	at junit.extensions.TestSetup.run(TestSetup.java:27)
	at org.apache.tools.ant.taskdefs.optional.junit.JUnitTestRunner.run(JUnitTestRunner.java:538)
	at org.apache.tools.ant.taskdefs.optional.junit.JUnitTestRunner.launch(JUnitTestRunner.java:1187)
	at org.apache.tools.ant.taskdefs.optional.junit.JUnitTestRunner.main(JUnitTestRunner.java:1039)

May 14, 2018 5:09:54 PM net.sf.freecol.common.model.FreeColObject getIdNumber
WARNING: Exception formatting ID number.
java.lang.NumberFormatException: For input string: "am1"
	at java.lang.NumberFormatException.forInputString(NumberFormatException.java:65)
	at java.lang.Integer.parseInt(Integer.java:580)
	at java.lang.Integer.parseInt(Integer.java:615)
	at net.sf.freecol.common.model.FreeColObject.getIdNumber(FreeColObject.java:203)
	at net.sf.freecol.common.model.FreeColObject.compareIds(FreeColObject.java:233)
	at net.sf.freecol.common.model.FreeColObject.compareTo(FreeColObject.java:246)
	at net.sf.freecol.server.ai.ValuedAIObject.compareTo(ValuedAIObject.java:126)
	at net.sf.freecol.server.ai.ValuedAIObject.compareTo(ValuedAIObject.java:37)
	at java.util.ComparableTimSort.countRunAndMakeAscending(ComparableTimSort.java:320)
	at java.util.ComparableTimSort.sort(ComparableTimSort.java:188)
	at java.util.Arrays.sort(Arrays.java:1312)
	at java.util.Arrays.sort(Arrays.java:1506)
	at java.util.ArrayList.sort(ArrayList.java:1454)
	at java.util.Collections.sort(Collections.java:141)
	at net.sf.freecol.server.ai.AIColony.updateTileImprovementPlans(AIColony.java:1406)
	at net.sf.freecol.server.ai.mission.PioneeringMissionTest.testImprovementNoLongerValid(PioneeringMissionTest.java:84)
	at sun.reflect.NativeMethodAccessorImpl.invoke0(Native Method)
	at sun.reflect.NativeMethodAccessorImpl.invoke(NativeMethodAccessorImpl.java:62)
	at sun.reflect.DelegatingMethodAccessorImpl.invoke(DelegatingMethodAccessorImpl.java:43)
	at java.lang.reflect.Method.invoke(Method.java:498)
	at junit.framework.TestCase.runTest(TestCase.java:176)
	at junit.framework.TestCase.runBare(TestCase.java:141)
	at junit.framework.TestResult$1.protect(TestResult.java:122)
	at junit.framework.TestResult.runProtected(TestResult.java:142)
	at junit.framework.TestResult.run(TestResult.java:125)
	at junit.framework.TestCase.run(TestCase.java:129)
	at junit.framework.TestSuite.runTest(TestSuite.java:255)
	at junit.framework.TestSuite.run(TestSuite.java:250)
	at junit.framework.TestSuite.runTest(TestSuite.java:255)
	at junit.framework.TestSuite.run(TestSuite.java:250)
	at junit.framework.TestSuite.runTest(TestSuite.java:255)
	at junit.framework.TestSuite.run(TestSuite.java:250)
	at junit.framework.TestSuite.runTest(TestSuite.java:255)
	at junit.framework.TestSuite.run(TestSuite.java:250)
	at junit.framework.TestSuite.runTest(TestSuite.java:255)
	at junit.framework.TestSuite.run(TestSuite.java:250)
	at junit.extensions.TestDecorator.basicRun(TestDecorator.java:23)
	at junit.extensions.TestSetup$1.protect(TestSetup.java:23)
	at junit.framework.TestResult.runProtected(TestResult.java:142)
	at junit.extensions.TestSetup.run(TestSetup.java:27)
	at org.apache.tools.ant.taskdefs.optional.junit.JUnitTestRunner.run(JUnitTestRunner.java:538)
	at org.apache.tools.ant.taskdefs.optional.junit.JUnitTestRunner.launch(JUnitTestRunner.java:1187)
	at org.apache.tools.ant.taskdefs.optional.junit.JUnitTestRunner.main(JUnitTestRunner.java:1039)

May 14, 2018 5:09:54 PM net.sf.freecol.common.model.Specification applyDifficultyLevel
INFO: Applying difficulty level model.difficulty.medium
May 14, 2018 5:09:54 PM net.sf.freecol.common.FreeColSeed getFreeColSeed
INFO: Using seed: -5682285563293716429
May 14, 2018 5:09:54 PM net.sf.freecol.server.networking.Server sendToAll
INFO: Reap dead connection: [DummyConnection Server connection - model.nation.sioux]
May 14, 2018 5:09:54 PM net.sf.freecol.server.networking.Server sendToAll
INFO: Reap dead connection: [DummyConnection Server connection - model.nation.arawak]
May 14, 2018 5:09:54 PM net.sf.freecol.server.networking.Server sendToAll
INFO: Reap dead connection: [DummyConnection Server connection - model.nation.apache]
May 14, 2018 5:09:54 PM net.sf.freecol.server.networking.Server sendToAll
INFO: Reap dead connection: [DummyConnection Server connection - model.nation.dutch]
May 14, 2018 5:09:54 PM net.sf.freecol.server.networking.Server sendToAll
INFO: Reap dead connection: [DummyConnection Server connection - model.nation.tupi]
May 14, 2018 5:09:54 PM net.sf.freecol.server.networking.Server sendToAll
INFO: Reap dead connection: [DummyConnection Server connection - model.nation.french]
May 14, 2018 5:09:54 PM net.sf.freecol.server.networking.Server sendToAll
INFO: Reap dead connection: [DummyConnection Server connection - model.nation.english]
May 14, 2018 5:09:54 PM net.sf.freecol.server.networking.Server sendToAll
INFO: Reap dead connection: [DummyConnection Server connection - model.nation.iroquois]
May 14, 2018 5:09:54 PM net.sf.freecol.server.networking.Server sendToAll
INFO: Reap dead connection: [DummyConnection Server connection - model.nation.cherokee]
May 14, 2018 5:09:54 PM net.sf.freecol.server.networking.Server sendToAll
INFO: Reap dead connection: [DummyConnection Server connection - model.nation.aztec]
May 14, 2018 5:09:54 PM net.sf.freecol.server.networking.Server sendToAll
INFO: Reap dead connection: [DummyConnection Server connection - model.nation.inca]
May 14, 2018 5:09:54 PM net.sf.freecol.server.networking.Server sendToAll
INFO: Reap dead connection: [DummyConnection Server connection - model.nation.spanish]
May 14, 2018 5:09:54 PM net.sf.freecol.common.model.Specification applyDifficultyLevel
INFO: Applying difficulty level model.difficulty.medium
May 14, 2018 5:09:54 PM net.sf.freecol.common.FreeColSeed getFreeColSeed
INFO: Using seed: -9169560735443195124
May 14, 2018 5:09:54 PM net.sf.freecol.server.networking.Server sendToAll
INFO: Reap dead connection: [DummyConnection Server connection - model.nation.arawak]
May 14, 2018 5:09:54 PM net.sf.freecol.server.networking.Server sendToAll
INFO: Reap dead connection: [DummyConnection Server connection - model.nation.iroquois]
May 14, 2018 5:09:54 PM net.sf.freecol.server.networking.Server sendToAll
INFO: Reap dead connection: [DummyConnection Server connection - model.nation.english]
May 14, 2018 5:09:54 PM net.sf.freecol.server.networking.Server sendToAll
INFO: Reap dead connection: [DummyConnection Server connection - model.nation.sioux]
May 14, 2018 5:09:54 PM net.sf.freecol.server.networking.Server sendToAll
INFO: Reap dead connection: [DummyConnection Server connection - model.nation.spanish]
May 14, 2018 5:09:54 PM net.sf.freecol.server.networking.Server sendToAll
INFO: Reap dead connection: [DummyConnection Server connection - model.nation.dutch]
May 14, 2018 5:09:54 PM net.sf.freecol.server.networking.Server sendToAll
INFO: Reap dead connection: [DummyConnection Server connection - model.nation.inca]
May 14, 2018 5:09:54 PM net.sf.freecol.server.networking.Server sendToAll
INFO: Reap dead connection: [DummyConnection Server connection - model.nation.apache]
May 14, 2018 5:09:54 PM net.sf.freecol.server.networking.Server sendToAll
INFO: Reap dead connection: [DummyConnection Server connection - model.nation.tupi]
May 14, 2018 5:09:54 PM net.sf.freecol.server.networking.Server sendToAll
INFO: Reap dead connection: [DummyConnection Server connection - model.nation.french]
May 14, 2018 5:09:54 PM net.sf.freecol.server.networking.Server sendToAll
INFO: Reap dead connection: [DummyConnection Server connection - model.nation.aztec]
May 14, 2018 5:09:54 PM net.sf.freecol.server.networking.Server sendToAll
INFO: Reap dead connection: [DummyConnection Server connection - model.nation.cherokee]
May 14, 2018 5:09:54 PM net.sf.freecol.common.model.Specification applyDifficultyLevel
INFO: Applying difficulty level model.difficulty.medium
May 14, 2018 5:09:54 PM net.sf.freecol.common.FreeColSeed getFreeColSeed
INFO: Using seed: -493914252053295974
May 14, 2018 5:09:54 PM net.sf.freecol.server.networking.Server sendToAll
INFO: Reap dead connection: [DummyConnection Server connection - model.nation.english]
May 14, 2018 5:09:54 PM net.sf.freecol.server.networking.Server sendToAll
INFO: Reap dead connection: [DummyConnection Server connection - model.nation.aztec]
May 14, 2018 5:09:54 PM net.sf.freecol.server.networking.Server sendToAll
INFO: Reap dead connection: [DummyConnection Server connection - model.nation.iroquois]
May 14, 2018 5:09:54 PM net.sf.freecol.server.networking.Server sendToAll
INFO: Reap dead connection: [DummyConnection Server connection - model.nation.spanish]
May 14, 2018 5:09:54 PM net.sf.freecol.server.networking.Server sendToAll
INFO: Reap dead connection: [DummyConnection Server connection - model.nation.tupi]
May 14, 2018 5:09:54 PM net.sf.freecol.server.networking.Server sendToAll
INFO: Reap dead connection: [DummyConnection Server connection - model.nation.arawak]
May 14, 2018 5:09:54 PM net.sf.freecol.server.networking.Server sendToAll
INFO: Reap dead connection: [DummyConnection Server connection - model.nation.french]
May 14, 2018 5:09:54 PM net.sf.freecol.server.networking.Server sendToAll
INFO: Reap dead connection: [DummyConnection Server connection - model.nation.apache]
May 14, 2018 5:09:54 PM net.sf.freecol.server.networking.Server sendToAll
INFO: Reap dead connection: [DummyConnection Server connection - model.nation.inca]
May 14, 2018 5:09:54 PM net.sf.freecol.server.networking.Server sendToAll
INFO: Reap dead connection: [DummyConnection Server connection - model.nation.sioux]
May 14, 2018 5:09:54 PM net.sf.freecol.server.networking.Server sendToAll
INFO: Reap dead connection: [DummyConnection Server connection - model.nation.dutch]
May 14, 2018 5:09:54 PM net.sf.freecol.server.networking.Server sendToAll
INFO: Reap dead connection: [DummyConnection Server connection - model.nation.cherokee]
May 14, 2018 5:09:54 PM net.sf.freecol.common.model.Specification applyDifficultyLevel
INFO: Applying difficulty level model.difficulty.medium
May 14, 2018 5:09:54 PM net.sf.freecol.common.FreeColSeed getFreeColSeed
INFO: Using seed: -8541350705562499386
May 14, 2018 5:09:54 PM net.sf.freecol.server.networking.Server sendToAll
INFO: Reap dead connection: [DummyConnection Server connection - model.nation.iroquois]
May 14, 2018 5:09:54 PM net.sf.freecol.server.networking.Server sendToAll
INFO: Reap dead connection: [DummyConnection Server connection - model.nation.english]
May 14, 2018 5:09:54 PM net.sf.freecol.server.networking.Server sendToAll
INFO: Reap dead connection: [DummyConnection Server connection - model.nation.sioux]
May 14, 2018 5:09:54 PM net.sf.freecol.server.networking.Server sendToAll
INFO: Reap dead connection: [DummyConnection Server connection - model.nation.cherokee]
May 14, 2018 5:09:54 PM net.sf.freecol.server.networking.Server sendToAll
INFO: Reap dead connection: [DummyConnection Server connection - model.nation.french]
May 14, 2018 5:09:54 PM net.sf.freecol.server.networking.Server sendToAll
INFO: Reap dead connection: [DummyConnection Server connection - model.nation.apache]
May 14, 2018 5:09:54 PM net.sf.freecol.server.networking.Server sendToAll
INFO: Reap dead connection: [DummyConnection Server connection - model.nation.dutch]
May 14, 2018 5:09:54 PM net.sf.freecol.server.networking.Server sendToAll
INFO: Reap dead connection: [DummyConnection Server connection - model.nation.tupi]
May 14, 2018 5:09:54 PM net.sf.freecol.server.networking.Server sendToAll
INFO: Reap dead connection: [DummyConnection Server connection - model.nation.spanish]
May 14, 2018 5:09:54 PM net.sf.freecol.server.networking.Server sendToAll
INFO: Reap dead connection: [DummyConnection Server connection - model.nation.inca]
May 14, 2018 5:09:54 PM net.sf.freecol.server.networking.Server sendToAll
INFO: Reap dead connection: [DummyConnection Server connection - model.nation.arawak]
May 14, 2018 5:09:54 PM net.sf.freecol.server.networking.Server sendToAll
INFO: Reap dead connection: [DummyConnection Server connection - model.nation.aztec]
May 14, 2018 5:09:54 PM net.sf.freecol.common.model.Specification applyDifficultyLevel
INFO: Applying difficulty level model.difficulty.medium
May 14, 2018 5:09:54 PM net.sf.freecol.common.FreeColSeed getFreeColSeed
INFO: Using seed: 313523885432820539
May 14, 2018 5:09:55 PM net.sf.freecol.server.networking.Server sendToAll
INFO: Reap dead connection: [DummyConnection Server connection - model.nation.french]
May 14, 2018 5:09:55 PM net.sf.freecol.server.networking.Server sendToAll
INFO: Reap dead connection: [DummyConnection Server connection - model.nation.spanish]
May 14, 2018 5:09:55 PM net.sf.freecol.server.networking.Server sendToAll
INFO: Reap dead connection: [DummyConnection Server connection - model.nation.english]
May 14, 2018 5:09:55 PM net.sf.freecol.server.networking.Server sendToAll
INFO: Reap dead connection: [DummyConnection Server connection - model.nation.inca]
May 14, 2018 5:09:55 PM net.sf.freecol.server.networking.Server sendToAll
INFO: Reap dead connection: [DummyConnection Server connection - model.nation.aztec]
May 14, 2018 5:09:55 PM net.sf.freecol.server.networking.Server sendToAll
INFO: Reap dead connection: [DummyConnection Server connection - model.nation.dutch]
May 14, 2018 5:09:55 PM net.sf.freecol.server.networking.Server sendToAll
INFO: Reap dead connection: [DummyConnection Server connection - model.nation.apache]
May 14, 2018 5:09:55 PM net.sf.freecol.server.networking.Server sendToAll
INFO: Reap dead connection: [DummyConnection Server connection - model.nation.tupi]
May 14, 2018 5:09:55 PM net.sf.freecol.server.networking.Server sendToAll
INFO: Reap dead connection: [DummyConnection Server connection - model.nation.cherokee]
May 14, 2018 5:09:55 PM net.sf.freecol.server.networking.Server sendToAll
INFO: Reap dead connection: [DummyConnection Server connection - model.nation.sioux]
May 14, 2018 5:09:55 PM net.sf.freecol.server.networking.Server sendToAll
INFO: Reap dead connection: [DummyConnection Server connection - model.nation.arawak]
May 14, 2018 5:09:55 PM net.sf.freecol.server.networking.Server sendToAll
INFO: Reap dead connection: [DummyConnection Server connection - model.nation.iroquois]
May 14, 2018 5:09:55 PM net.sf.freecol.common.networking.DOMMessage clientError
WARNING: Received message: move out of turn from player: model.nation.dutch
May 14, 2018 5:09:55 PM net.sf.freecol.server.ai.AIMessage checkError
WARNING: AIMessage.move error, messageId: server.reject message: Received message: move out of turn from player: model.nation.dutch
May 14, 2018 5:09:55 PM net.sf.freecol.common.model.Specification applyDifficultyLevel
INFO: Applying difficulty level model.difficulty.medium
May 14, 2018 5:09:55 PM net.sf.freecol.common.FreeColSeed getFreeColSeed
INFO: Using seed: -2403817352108956472
May 14, 2018 5:09:55 PM net.sf.freecol.server.networking.Server sendToAll
INFO: Reap dead connection: [DummyConnection Server connection - model.nation.aztec]
May 14, 2018 5:09:55 PM net.sf.freecol.server.networking.Server sendToAll
INFO: Reap dead connection: [DummyConnection Server connection - model.nation.arawak]
May 14, 2018 5:09:55 PM net.sf.freecol.server.networking.Server sendToAll
INFO: Reap dead connection: [DummyConnection Server connection - model.nation.apache]
May 14, 2018 5:09:55 PM net.sf.freecol.server.networking.Server sendToAll
INFO: Reap dead connection: [DummyConnection Server connection - model.nation.inca]
May 14, 2018 5:09:55 PM net.sf.freecol.server.networking.Server sendToAll
INFO: Reap dead connection: [DummyConnection Server connection - model.nation.spanish]
May 14, 2018 5:09:55 PM net.sf.freecol.server.networking.Server sendToAll
INFO: Reap dead connection: [DummyConnection Server connection - model.nation.cherokee]
May 14, 2018 5:09:55 PM net.sf.freecol.server.networking.Server sendToAll
INFO: Reap dead connection: [DummyConnection Server connection - model.nation.tupi]
May 14, 2018 5:09:55 PM net.sf.freecol.server.networking.Server sendToAll
INFO: Reap dead connection: [DummyConnection Server connection - model.nation.iroquois]
May 14, 2018 5:09:55 PM net.sf.freecol.server.networking.Server sendToAll
INFO: Reap dead connection: [DummyConnection Server connection - model.nation.french]
May 14, 2018 5:09:55 PM net.sf.freecol.server.networking.Server sendToAll
INFO: Reap dead connection: [DummyConnection Server connection - model.nation.sioux]
May 14, 2018 5:09:55 PM net.sf.freecol.server.networking.Server sendToAll
INFO: Reap dead connection: [DummyConnection Server connection - model.nation.dutch]
May 14, 2018 5:09:55 PM net.sf.freecol.server.networking.Server sendToAll
INFO: Reap dead connection: [DummyConnection Server connection - model.nation.english]
May 14, 2018 5:09:55 PM net.sf.freecol.common.networking.DOMMessage clientError
WARNING: Received message: move out of turn from player: model.nation.dutch
May 14, 2018 5:09:55 PM net.sf.freecol.server.ai.AIMessage checkError
WARNING: AIMessage.move error, messageId: server.reject message: Received message: move out of turn from player: model.nation.dutch
May 14, 2018 5:09:55 PM net.sf.freecol.common.model.Specification applyDifficultyLevel
INFO: Applying difficulty level model.difficulty.medium
May 14, 2018 5:09:55 PM net.sf.freecol.common.FreeColSeed getFreeColSeed
INFO: Using seed: 6302820488476258598
May 14, 2018 5:09:55 PM net.sf.freecol.server.networking.Server sendToAll
INFO: Reap dead connection: [DummyConnection Server connection - model.nation.sioux]
May 14, 2018 5:09:55 PM net.sf.freecol.server.networking.Server sendToAll
INFO: Reap dead connection: [DummyConnection Server connection - model.nation.english]
May 14, 2018 5:09:55 PM net.sf.freecol.server.networking.Server sendToAll
INFO: Reap dead connection: [DummyConnection Server connection - model.nation.french]
May 14, 2018 5:09:55 PM net.sf.freecol.server.networking.Server sendToAll
INFO: Reap dead connection: [DummyConnection Server connection - model.nation.apache]
May 14, 2018 5:09:55 PM net.sf.freecol.server.networking.Server sendToAll
INFO: Reap dead connection: [DummyConnection Server connection - model.nation.cherokee]
May 14, 2018 5:09:55 PM net.sf.freecol.server.networking.Server sendToAll
INFO: Reap dead connection: [DummyConnection Server connection - model.nation.arawak]
May 14, 2018 5:09:55 PM net.sf.freecol.server.networking.Server sendToAll
INFO: Reap dead connection: [DummyConnection Server connection - model.nation.inca]
May 14, 2018 5:09:55 PM net.sf.freecol.server.networking.Server sendToAll
INFO: Reap dead connection: [DummyConnection Server connection - model.nation.tupi]
May 14, 2018 5:09:55 PM net.sf.freecol.server.networking.Server sendToAll
INFO: Reap dead connection: [DummyConnection Server connection - model.nation.aztec]
May 14, 2018 5:09:55 PM net.sf.freecol.server.networking.Server sendToAll
INFO: Reap dead connection: [DummyConnection Server connection - model.nation.spanish]
May 14, 2018 5:09:55 PM net.sf.freecol.server.networking.Server sendToAll
INFO: Reap dead connection: [DummyConnection Server connection - model.nation.dutch]
May 14, 2018 5:09:55 PM net.sf.freecol.server.networking.Server sendToAll
INFO: Reap dead connection: [DummyConnection Server connection - model.nation.iroquois]
May 14, 2018 5:09:55 PM net.sf.freecol.common.networking.DOMMessage clientError
WARNING: Received message: move out of turn from player: model.nation.dutch
May 14, 2018 5:09:55 PM net.sf.freecol.server.ai.AIMessage checkError
WARNING: AIMessage.move error, messageId: server.reject message: Received message: move out of turn from player: model.nation.dutch
May 14, 2018 5:09:55 PM net.sf.freecol.common.model.Specification applyDifficultyLevel
INFO: Applying difficulty level model.difficulty.medium
May 14, 2018 5:09:55 PM net.sf.freecol.common.FreeColSeed getFreeColSeed
INFO: Using seed: -321750937603723929
May 14, 2018 5:09:55 PM net.sf.freecol.server.networking.Server sendToAll
INFO: Reap dead connection: [DummyConnection Server connection - model.nation.iroquois]
May 14, 2018 5:09:55 PM net.sf.freecol.server.networking.Server sendToAll
INFO: Reap dead connection: [DummyConnection Server connection - model.nation.tupi]
May 14, 2018 5:09:55 PM net.sf.freecol.server.networking.Server sendToAll
INFO: Reap dead connection: [DummyConnection Server connection - model.nation.english]
May 14, 2018 5:09:55 PM net.sf.freecol.server.networking.Server sendToAll
INFO: Reap dead connection: [DummyConnection Server connection - model.nation.cherokee]
May 14, 2018 5:09:55 PM net.sf.freecol.server.networking.Server sendToAll
INFO: Reap dead connection: [DummyConnection Server connection - model.nation.french]
May 14, 2018 5:09:55 PM net.sf.freecol.server.networking.Server sendToAll
INFO: Reap dead connection: [DummyConnection Server connection - model.nation.sioux]
May 14, 2018 5:09:55 PM net.sf.freecol.server.networking.Server sendToAll
INFO: Reap dead connection: [DummyConnection Server connection - model.nation.apache]
May 14, 2018 5:09:55 PM net.sf.freecol.server.networking.Server sendToAll
INFO: Reap dead connection: [DummyConnection Server connection - model.nation.aztec]
May 14, 2018 5:09:55 PM net.sf.freecol.server.networking.Server sendToAll
INFO: Reap dead connection: [DummyConnection Server connection - model.nation.spanish]
May 14, 2018 5:09:55 PM net.sf.freecol.server.networking.Server sendToAll
INFO: Reap dead connection: [DummyConnection Server connection - model.nation.arawak]
May 14, 2018 5:09:55 PM net.sf.freecol.server.networking.Server sendToAll
INFO: Reap dead connection: [DummyConnection Server connection - model.nation.dutch]
May 14, 2018 5:09:55 PM net.sf.freecol.server.networking.Server sendToAll
INFO: Reap dead connection: [DummyConnection Server connection - model.nation.inca]
May 14, 2018 5:09:55 PM net.sf.freecol.common.util.LogBuilder log
INFO: Combat attacker=unit:250-privateer [Modifier model.modifier.offence (model.source.baseOffence) ADDITIVE 8.0 index=10] [Modifier model.modifier.attackBonus (model.source.attackBonus) PERCENTAGE 50.0 index=50] = 12.0 defender=unit:247-galleon [Modifier model.modifier.defence (model.source.baseDefence) ADDITIVE 10.0 index=10] = 10.0 odds=0.5454545454545454 random(1.0)=0.5254545211791992 great=false Attack WIN DAMAGE_SHIP_ATTACK
May 14, 2018 5:09:55 PM net.sf.freecol.common.util.LogBuilder log
INFO: Destroying: unit:249
May 14, 2018 5:09:55 PM net.sf.freecol.common.model.Specification applyDifficultyLevel
INFO: Applying difficulty level model.difficulty.medium
May 14, 2018 5:09:55 PM net.sf.freecol.common.FreeColSeed getFreeColSeed
INFO: Using seed: 3804687928166226851
May 14, 2018 5:09:55 PM net.sf.freecol.server.networking.Server sendToAll
INFO: Reap dead connection: [DummyConnection Server connection - model.nation.cherokee]
May 14, 2018 5:09:55 PM net.sf.freecol.server.networking.Server sendToAll
INFO: Reap dead connection: [DummyConnection Server connection - model.nation.apache]
May 14, 2018 5:09:55 PM net.sf.freecol.server.networking.Server sendToAll
INFO: Reap dead connection: [DummyConnection Server connection - model.nation.spanish]
May 14, 2018 5:09:55 PM net.sf.freecol.server.networking.Server sendToAll
INFO: Reap dead connection: [DummyConnection Server connection - model.nation.iroquois]
May 14, 2018 5:09:55 PM net.sf.freecol.server.networking.Server sendToAll
INFO: Reap dead connection: [DummyConnection Server connection - model.nation.arawak]
May 14, 2018 5:09:55 PM net.sf.freecol.server.networking.Server sendToAll
INFO: Reap dead connection: [DummyConnection Server connection - model.nation.inca]
May 14, 2018 5:09:55 PM net.sf.freecol.server.networking.Server sendToAll
INFO: Reap dead connection: [DummyConnection Server connection - model.nation.tupi]
May 14, 2018 5:09:55 PM net.sf.freecol.server.networking.Server sendToAll
INFO: Reap dead connection: [DummyConnection Server connection - model.nation.sioux]
May 14, 2018 5:09:55 PM net.sf.freecol.server.networking.Server sendToAll
INFO: Reap dead connection: [DummyConnection Server connection - model.nation.french]
May 14, 2018 5:09:55 PM net.sf.freecol.server.networking.Server sendToAll
INFO: Reap dead connection: [DummyConnection Server connection - model.nation.aztec]
May 14, 2018 5:09:55 PM net.sf.freecol.server.networking.Server sendToAll
INFO: Reap dead connection: [DummyConnection Server connection - model.nation.dutch]
May 14, 2018 5:09:55 PM net.sf.freecol.server.networking.Server sendToAll
INFO: Reap dead connection: [DummyConnection Server connection - model.nation.english]
May 14, 2018 5:09:55 PM net.sf.freecol.common.model.Specification applyDifficultyLevel
INFO: Applying difficulty level model.difficulty.medium
May 14, 2018 5:09:55 PM net.sf.freecol.common.FreeColSeed getFreeColSeed
INFO: Using seed: -8119422114681666118
May 14, 2018 5:09:55 PM net.sf.freecol.server.networking.Server sendToAll
INFO: Reap dead connection: [DummyConnection Server connection - model.nation.iroquois]
May 14, 2018 5:09:55 PM net.sf.freecol.server.networking.Server sendToAll
INFO: Reap dead connection: [DummyConnection Server connection - model.nation.apache]
May 14, 2018 5:09:55 PM net.sf.freecol.server.networking.Server sendToAll
INFO: Reap dead connection: [DummyConnection Server connection - model.nation.aztec]
May 14, 2018 5:09:55 PM net.sf.freecol.server.networking.Server sendToAll
INFO: Reap dead connection: [DummyConnection Server connection - model.nation.dutch]
May 14, 2018 5:09:55 PM net.sf.freecol.server.networking.Server sendToAll
INFO: Reap dead connection: [DummyConnection Server connection - model.nation.spanish]
May 14, 2018 5:09:55 PM net.sf.freecol.server.networking.Server sendToAll
INFO: Reap dead connection: [DummyConnection Server connection - model.nation.sioux]
May 14, 2018 5:09:55 PM net.sf.freecol.server.networking.Server sendToAll
INFO: Reap dead connection: [DummyConnection Server connection - model.nation.cherokee]
May 14, 2018 5:09:55 PM net.sf.freecol.server.networking.Server sendToAll
INFO: Reap dead connection: [DummyConnection Server connection - model.nation.french]
May 14, 2018 5:09:55 PM net.sf.freecol.server.networking.Server sendToAll
INFO: Reap dead connection: [DummyConnection Server connection - model.nation.english]
May 14, 2018 5:09:55 PM net.sf.freecol.server.networking.Server sendToAll
INFO: Reap dead connection: [DummyConnection Server connection - model.nation.arawak]
May 14, 2018 5:09:55 PM net.sf.freecol.server.networking.Server sendToAll
INFO: Reap dead connection: [DummyConnection Server connection - model.nation.tupi]
May 14, 2018 5:09:55 PM net.sf.freecol.server.networking.Server sendToAll
INFO: Reap dead connection: [DummyConnection Server connection - model.nation.inca]
May 14, 2018 5:09:55 PM net.sf.freecol.common.model.Specification applyDifficultyLevel
INFO: Applying difficulty level model.difficulty.medium
May 14, 2018 5:09:55 PM net.sf.freecol.common.FreeColSeed getFreeColSeed
INFO: Using seed: -2922985295144497452
May 14, 2018 5:09:55 PM net.sf.freecol.server.networking.Server sendToAll
INFO: Reap dead connection: [DummyConnection Server connection - model.nation.dutch]
May 14, 2018 5:09:55 PM net.sf.freecol.server.networking.Server sendToAll
INFO: Reap dead connection: [DummyConnection Server connection - model.nation.inca]
May 14, 2018 5:09:55 PM net.sf.freecol.server.networking.Server sendToAll
INFO: Reap dead connection: [DummyConnection Server connection - model.nation.cherokee]
May 14, 2018 5:09:55 PM net.sf.freecol.server.networking.Server sendToAll
INFO: Reap dead connection: [DummyConnection Server connection - model.nation.iroquois]
May 14, 2018 5:09:55 PM net.sf.freecol.server.networking.Server sendToAll
INFO: Reap dead connection: [DummyConnection Server connection - model.nation.sioux]
May 14, 2018 5:09:55 PM net.sf.freecol.server.networking.Server sendToAll
INFO: Reap dead connection: [DummyConnection Server connection - model.nation.french]
May 14, 2018 5:09:55 PM net.sf.freecol.server.networking.Server sendToAll
INFO: Reap dead connection: [DummyConnection Server connection - model.nation.arawak]
May 14, 2018 5:09:55 PM net.sf.freecol.server.networking.Server sendToAll
INFO: Reap dead connection: [DummyConnection Server connection - model.nation.spanish]
May 14, 2018 5:09:55 PM net.sf.freecol.server.networking.Server sendToAll
INFO: Reap dead connection: [DummyConnection Server connection - model.nation.tupi]
May 14, 2018 5:09:55 PM net.sf.freecol.server.networking.Server sendToAll
INFO: Reap dead connection: [DummyConnection Server connection - model.nation.english]
May 14, 2018 5:09:55 PM net.sf.freecol.server.networking.Server sendToAll
INFO: Reap dead connection: [DummyConnection Server connection - model.nation.aztec]
May 14, 2018 5:09:55 PM net.sf.freecol.server.networking.Server sendToAll
INFO: Reap dead connection: [DummyConnection Server connection - model.nation.apache]
May 14, 2018 5:09:55 PM net.sf.freecol.server.model.ServerPlayer csChangeStance
INFO: Stance modification William I PEACE -> WAR wrt Atahualpa
May 14, 2018 5:09:55 PM net.sf.freecol.server.model.ServerPlayer csChangeStance
INFO: Stance modification Atahualpa PEACE -> WAR wrt William I (symmetric)
May 14, 2018 5:09:55 PM net.sf.freecol.common.model.Specification applyDifficultyLevel
INFO: Applying difficulty level model.difficulty.medium
May 14, 2018 5:09:55 PM net.sf.freecol.common.FreeColSeed getFreeColSeed
INFO: Using seed: 3548831373185383133
May 14, 2018 5:09:55 PM net.sf.freecol.server.networking.Server sendToAll
INFO: Reap dead connection: [DummyConnection Server connection - model.nation.tupi]
May 14, 2018 5:09:55 PM net.sf.freecol.server.networking.Server sendToAll
INFO: Reap dead connection: [DummyConnection Server connection - model.nation.inca]
May 14, 2018 5:09:55 PM net.sf.freecol.server.networking.Server sendToAll
INFO: Reap dead connection: [DummyConnection Server connection - model.nation.cherokee]
May 14, 2018 5:09:55 PM net.sf.freecol.server.networking.Server sendToAll
INFO: Reap dead connection: [DummyConnection Server connection - model.nation.arawak]
May 14, 2018 5:09:55 PM net.sf.freecol.server.networking.Server sendToAll
INFO: Reap dead connection: [DummyConnection Server connection - model.nation.english]
May 14, 2018 5:09:55 PM net.sf.freecol.server.networking.Server sendToAll
INFO: Reap dead connection: [DummyConnection Server connection - model.nation.aztec]
May 14, 2018 5:09:55 PM net.sf.freecol.server.networking.Server sendToAll
INFO: Reap dead connection: [DummyConnection Server connection - model.nation.iroquois]
May 14, 2018 5:09:55 PM net.sf.freecol.server.networking.Server sendToAll
INFO: Reap dead connection: [DummyConnection Server connection - model.nation.french]
May 14, 2018 5:09:55 PM net.sf.freecol.server.networking.Server sendToAll
INFO: Reap dead connection: [DummyConnection Server connection - model.nation.sioux]
May 14, 2018 5:09:55 PM net.sf.freecol.server.networking.Server sendToAll
INFO: Reap dead connection: [DummyConnection Server connection - model.nation.spanish]
May 14, 2018 5:09:55 PM net.sf.freecol.server.networking.Server sendToAll
INFO: Reap dead connection: [DummyConnection Server connection - model.nation.apache]
May 14, 2018 5:09:55 PM net.sf.freecol.server.networking.Server sendToAll
INFO: Reap dead connection: [DummyConnection Server connection - model.nation.dutch]
May 14, 2018 5:09:55 PM net.sf.freecol.server.model.ServerPlayer csChangeStance
INFO: Stance modification William I UNCONTACTED -> WAR wrt Louis XIV
May 14, 2018 5:09:55 PM net.sf.freecol.server.model.ServerPlayer csChangeStance
INFO: Stance modification Louis XIV UNCONTACTED -> WAR wrt William I (symmetric)
May 14, 2018 5:09:55 PM net.sf.freecol.common.util.LogBuilder log
INFO: Combat attacker=unit:247-artillery [Modifier model.modifier.offence (model.source.baseOffence) ADDITIVE 7.0 index=10] [Modifier model.modifier.artilleryInTheOpen (model.source.artilleryInTheOpen) PERCENTAGE -75.0 index=50] [Modifier model.modifier.attackBonus (model.source.attackBonus) PERCENTAGE 50.0 index=50] = 2.625 defender=unit:248-freeColonist-soldier [Modifier model.modifier.defence (model.source.baseDefence) ADDITIVE 1.0 index=10] [Modifier model.modifier.defence (model.role.soldier) ADDITIVE 1.0 index=30] = 2.0 odds=0.5675675675675675 random(1.0)=0.5875675678253174 great=false Attack LOSE DEMOTE_UNIT
May 14, 2018 5:09:55 PM net.sf.freecol.common.util.LogBuilder log
INFO: Combat attacker=unit:247-damagedArtillery [Modifier model.modifier.offence (model.source.baseOffence) ADDITIVE 5.0 index=10] [Modifier model.modifier.artilleryInTheOpen (model.source.artilleryInTheOpen) PERCENTAGE -75.0 index=50] [Modifier model.modifier.attackBonus (model.source.attackBonus) PERCENTAGE 50.0 index=50] = 1.875 defender=unit:248-freeColonist-soldier [Modifier model.modifier.defence (model.source.baseDefence) ADDITIVE 1.0 index=10] [Modifier model.modifier.defence (model.role.soldier) ADDITIVE 1.0 index=30] = 2.0 odds=0.4838709677419355 random(1.0)=0.503870964050293 great=false Attack LOSE SLAUGHTER_UNIT
May 14, 2018 5:09:55 PM net.sf.freecol.common.util.LogBuilder log
INFO: Destroying: unit:247
May 14, 2018 5:09:55 PM net.sf.freecol.common.model.Specification applyDifficultyLevel
INFO: Applying difficulty level model.difficulty.medium
May 14, 2018 5:09:55 PM net.sf.freecol.common.FreeColSeed getFreeColSeed
INFO: Using seed: -7915478597305864183
May 14, 2018 5:09:55 PM net.sf.freecol.server.networking.Server sendToAll
INFO: Reap dead connection: [DummyConnection Server connection - model.nation.english]
May 14, 2018 5:09:55 PM net.sf.freecol.server.networking.Server sendToAll
INFO: Reap dead connection: [DummyConnection Server connection - model.nation.iroquois]
May 14, 2018 5:09:55 PM net.sf.freecol.server.networking.Server sendToAll
INFO: Reap dead connection: [DummyConnection Server connection - model.nation.aztec]
May 14, 2018 5:09:55 PM net.sf.freecol.server.networking.Server sendToAll
INFO: Reap dead connection: [DummyConnection Server connection - model.nation.cherokee]
May 14, 2018 5:09:55 PM net.sf.freecol.server.networking.Server sendToAll
INFO: Reap dead connection: [DummyConnection Server connection - model.nation.tupi]
May 14, 2018 5:09:55 PM net.sf.freecol.server.networking.Server sendToAll
INFO: Reap dead connection: [DummyConnection Server connection - model.nation.apache]
May 14, 2018 5:09:55 PM net.sf.freecol.server.networking.Server sendToAll
INFO: Reap dead connection: [DummyConnection Server connection - model.nation.dutch]
May 14, 2018 5:09:55 PM net.sf.freecol.server.networking.Server sendToAll
INFO: Reap dead connection: [DummyConnection Server connection - model.nation.arawak]
May 14, 2018 5:09:55 PM net.sf.freecol.server.networking.Server sendToAll
INFO: Reap dead connection: [DummyConnection Server connection - model.nation.sioux]
May 14, 2018 5:09:55 PM net.sf.freecol.server.networking.Server sendToAll
INFO: Reap dead connection: [DummyConnection Server connection - model.nation.french]
May 14, 2018 5:09:55 PM net.sf.freecol.server.networking.Server sendToAll
INFO: Reap dead connection: [DummyConnection Server connection - model.nation.inca]
May 14, 2018 5:09:55 PM net.sf.freecol.server.networking.Server sendToAll
INFO: Reap dead connection: [DummyConnection Server connection - model.nation.spanish]
May 14, 2018 5:09:55 PM net.sf.freecol.server.model.ServerPlayer csChangeStance
INFO: Stance modification William I WAR -> PEACE wrt Louis XIV
May 14, 2018 5:09:55 PM net.sf.freecol.server.model.ServerPlayer csChangeStance
INFO: Stance modification Louis XIV WAR -> PEACE wrt William I (symmetric)
May 14, 2018 5:09:55 PM net.sf.freecol.common.model.Specification applyDifficultyLevel
INFO: Applying difficulty level model.difficulty.medium
May 14, 2018 5:09:55 PM net.sf.freecol.common.FreeColSeed getFreeColSeed
INFO: Using seed: -701319351282167447
May 14, 2018 5:09:55 PM net.sf.freecol.server.networking.Server sendToAll
INFO: Reap dead connection: [DummyConnection Server connection - model.nation.iroquois]
May 14, 2018 5:09:55 PM net.sf.freecol.server.networking.Server sendToAll
INFO: Reap dead connection: [DummyConnection Server connection - model.nation.french]
May 14, 2018 5:09:55 PM net.sf.freecol.server.networking.Server sendToAll
INFO: Reap dead connection: [DummyConnection Server connection - model.nation.spanish]
May 14, 2018 5:09:55 PM net.sf.freecol.server.networking.Server sendToAll
INFO: Reap dead connection: [DummyConnection Server connection - model.nation.dutch]
May 14, 2018 5:09:55 PM net.sf.freecol.server.networking.Server sendToAll
INFO: Reap dead connection: [DummyConnection Server connection - model.nation.tupi]
May 14, 2018 5:09:55 PM net.sf.freecol.server.networking.Server sendToAll
INFO: Reap dead connection: [DummyConnection Server connection - model.nation.inca]
May 14, 2018 5:09:55 PM net.sf.freecol.server.networking.Server sendToAll
INFO: Reap dead connection: [DummyConnection Server connection - model.nation.cherokee]
May 14, 2018 5:09:55 PM net.sf.freecol.server.networking.Server sendToAll
INFO: Reap dead connection: [DummyConnection Server connection - model.nation.apache]
May 14, 2018 5:09:55 PM net.sf.freecol.server.networking.Server sendToAll
INFO: Reap dead connection: [DummyConnection Server connection - model.nation.sioux]
May 14, 2018 5:09:55 PM net.sf.freecol.server.networking.Server sendToAll
INFO: Reap dead connection: [DummyConnection Server connection - model.nation.aztec]
May 14, 2018 5:09:55 PM net.sf.freecol.server.networking.Server sendToAll
INFO: Reap dead connection: [DummyConnection Server connection - model.nation.arawak]
May 14, 2018 5:09:55 PM net.sf.freecol.server.networking.Server sendToAll
INFO: Reap dead connection: [DummyConnection Server connection - model.nation.english]
May 14, 2018 5:09:55 PM net.sf.freecol.server.model.ServerPlayer csChangeStance
INFO: Stance modification William I UNCONTACTED -> WAR wrt Louis XIV
May 14, 2018 5:09:55 PM net.sf.freecol.server.model.ServerPlayer csChangeStance
INFO: Stance modification Louis XIV UNCONTACTED -> WAR wrt William I (symmetric)
May 14, 2018 5:09:55 PM net.sf.freecol.common.util.LogBuilder log
INFO: Combat attacker=unit:248-veteranSoldier-soldier [Modifier model.modifier.offence (model.source.baseOffence) ADDITIVE 0.0 index=10] [Modifier model.modifier.offence (model.role.soldier) ADDITIVE 2.0 index=30] [Modifier model.modifier.offence (model.unit.veteranSoldier) PERCENTAGE 50.0 index=40] [Modifier model.modifier.attackBonus (model.source.attackBonus) PERCENTAGE 50.0 index=50] = 4.5 defender=unit:247-freeColonist-scout [Modifier model.modifier.defence (model.source.baseDefence) ADDITIVE 1.0 index=10] [Modifier model.modifier.defence (model.role.scout) ADDITIVE 1.0 index=30] = 2.0 odds=0.6923076923076923 random(1.0)=0.6723076701164246 great=false Attack WIN SLAUGHTER_UNIT
May 14, 2018 5:09:55 PM net.sf.freecol.common.util.LogBuilder log
INFO: Destroying: unit:247
May 14, 2018 5:09:55 PM net.sf.freecol.common.model.Specification applyDifficultyLevel
INFO: Applying difficulty level model.difficulty.medium
May 14, 2018 5:09:55 PM net.sf.freecol.common.FreeColSeed getFreeColSeed
INFO: Using seed: -226407143286073393
May 14, 2018 5:09:55 PM net.sf.freecol.server.networking.Server sendToAll
INFO: Reap dead connection: [DummyConnection Server connection - model.nation.inca]
May 14, 2018 5:09:55 PM net.sf.freecol.server.networking.Server sendToAll
INFO: Reap dead connection: [DummyConnection Server connection - model.nation.sioux]
May 14, 2018 5:09:55 PM net.sf.freecol.server.networking.Server sendToAll
INFO: Reap dead connection: [DummyConnection Server connection - model.nation.cherokee]
May 14, 2018 5:09:55 PM net.sf.freecol.server.networking.Server sendToAll
INFO: Reap dead connection: [DummyConnection Server connection - model.nation.arawak]
May 14, 2018 5:09:55 PM net.sf.freecol.server.networking.Server sendToAll
INFO: Reap dead connection: [DummyConnection Server connection - model.nation.dutch]
May 14, 2018 5:09:55 PM net.sf.freecol.server.networking.Server sendToAll
INFO: Reap dead connection: [DummyConnection Server connection - model.nation.english]
May 14, 2018 5:09:55 PM net.sf.freecol.server.networking.Server sendToAll
INFO: Reap dead connection: [DummyConnection Server connection - model.nation.aztec]
May 14, 2018 5:09:55 PM net.sf.freecol.server.networking.Server sendToAll
INFO: Reap dead connection: [DummyConnection Server connection - model.nation.spanish]
May 14, 2018 5:09:55 PM net.sf.freecol.server.networking.Server sendToAll
INFO: Reap dead connection: [DummyConnection Server connection - model.nation.french]
May 14, 2018 5:09:55 PM net.sf.freecol.server.networking.Server sendToAll
INFO: Reap dead connection: [DummyConnection Server connection - model.nation.apache]
May 14, 2018 5:09:55 PM net.sf.freecol.server.networking.Server sendToAll
INFO: Reap dead connection: [DummyConnection Server connection - model.nation.iroquois]
May 14, 2018 5:09:55 PM net.sf.freecol.server.networking.Server sendToAll
INFO: Reap dead connection: [DummyConnection Server connection - model.nation.tupi]
May 14, 2018 5:09:55 PM net.sf.freecol.server.model.ServerPlayer csChangeStance
INFO: Stance modification William I UNCONTACTED -> WAR wrt Atahualpa
May 14, 2018 5:09:55 PM net.sf.freecol.server.model.ServerPlayer csChangeStance
INFO: Stance modification Atahualpa UNCONTACTED -> WAR wrt William I (symmetric)
May 14, 2018 5:09:55 PM net.sf.freecol.common.util.LogBuilder log
INFO: Combat attacker=unit:259-freeColonist-dragoon [Modifier model.modifier.offence (model.source.baseOffence) ADDITIVE 0.0 index=10] [Modifier model.modifier.offence (model.role.dragoon) ADDITIVE 3.0 index=30] [Modifier model.modifier.attackBonus (model.source.attackBonus) PERCENTAGE 50.0 index=50] = 4.5 defender=unit:260-brave [Modifier model.modifier.defence (model.source.baseDefence) ADDITIVE 1.0 index=10] = 1.0 odds=0.8181818181818182 random(1.0)=0.8381817936897278 great=false Attack LOSE CAPTURE_EQUIP
May 14, 2018 5:09:55 PM net.sf.freecol.common.util.LogBuilder log
INFO: Combat attacker=unit:259-freeColonist-soldier [Modifier model.modifier.offence (model.source.baseOffence) ADDITIVE 0.0 index=10] [Modifier model.modifier.offence (model.role.soldier) ADDITIVE 2.0 index=30] [Modifier model.modifier.attackBonus (model.source.attackBonus) PERCENTAGE 50.0 index=50] = 3.0 defender=unit:260-brave-mountedBrave [Modifier model.modifier.defence (model.source.baseDefence) ADDITIVE 1.0 index=10] [Modifier model.modifier.defence (model.role.mountedBrave) ADDITIVE 1.0 index=30] = 2.0 odds=0.6 random(1.0)=0.6200000047683716 great=false Attack LOSE CAPTURE_EQUIP
May 14, 2018 5:09:55 PM net.sf.freecol.common.util.LogBuilder log
INFO: Combat attacker=unit:259-freeColonist [Modifier model.modifier.offence (model.source.baseOffence) ADDITIVE 0.0 index=10] [Modifier model.modifier.attackBonus (model.source.attackBonus) PERCENTAGE 50.0 index=50] = 0.0 defender=unit:260-brave-nativeDragoon [Modifier model.modifier.defence (model.source.baseDefence) ADDITIVE 1.0 index=10] [Modifier model.modifier.defence (model.role.nativeDragoon) ADDITIVE 2.0 index=30] = 3.0 odds=0.0 random(1.0)=0.019999999552965164 great=false Attack LOSE SLAUGHTER_UNIT
May 14, 2018 5:09:55 PM net.sf.freecol.common.util.LogBuilder log
INFO: Destroying: unit:259
May 14, 2018 5:09:55 PM net.sf.freecol.common.model.Specification applyDifficultyLevel
INFO: Applying difficulty level model.difficulty.medium
May 14, 2018 5:09:55 PM net.sf.freecol.common.FreeColSeed getFreeColSeed
INFO: Using seed: 5985189174886871520
May 14, 2018 5:09:55 PM net.sf.freecol.server.networking.Server sendToAll
INFO: Reap dead connection: [DummyConnection Server connection - model.nation.spanish]
May 14, 2018 5:09:55 PM net.sf.freecol.server.networking.Server sendToAll
INFO: Reap dead connection: [DummyConnection Server connection - model.nation.cherokee]
May 14, 2018 5:09:55 PM net.sf.freecol.server.networking.Server sendToAll
INFO: Reap dead connection: [DummyConnection Server connection - model.nation.tupi]
May 14, 2018 5:09:55 PM net.sf.freecol.server.networking.Server sendToAll
INFO: Reap dead connection: [DummyConnection Server connection - model.nation.dutch]
May 14, 2018 5:09:55 PM net.sf.freecol.server.networking.Server sendToAll
INFO: Reap dead connection: [DummyConnection Server connection - model.nation.inca]
May 14, 2018 5:09:55 PM net.sf.freecol.server.networking.Server sendToAll
INFO: Reap dead connection: [DummyConnection Server connection - model.nation.aztec]
May 14, 2018 5:09:55 PM net.sf.freecol.server.networking.Server sendToAll
INFO: Reap dead connection: [DummyConnection Server connection - model.nation.sioux]
May 14, 2018 5:09:55 PM net.sf.freecol.server.networking.Server sendToAll
INFO: Reap dead connection: [DummyConnection Server connection - model.nation.arawak]
May 14, 2018 5:09:55 PM net.sf.freecol.server.networking.Server sendToAll
INFO: Reap dead connection: [DummyConnection Server connection - model.nation.english]
May 14, 2018 5:09:55 PM net.sf.freecol.server.networking.Server sendToAll
INFO: Reap dead connection: [DummyConnection Server connection - model.nation.apache]
May 14, 2018 5:09:55 PM net.sf.freecol.server.networking.Server sendToAll
INFO: Reap dead connection: [DummyConnection Server connection - model.nation.iroquois]
May 14, 2018 5:09:55 PM net.sf.freecol.server.networking.Server sendToAll
INFO: Reap dead connection: [DummyConnection Server connection - model.nation.french]
May 14, 2018 5:09:55 PM net.sf.freecol.server.model.ServerPlayer csChangeStance
INFO: Stance modification William I WAR -> CEASE_FIRE wrt Louis XIV
May 14, 2018 5:09:55 PM net.sf.freecol.server.model.ServerPlayer csChangeStance
INFO: Stance modification Louis XIV WAR -> CEASE_FIRE wrt William I (symmetric)
May 14, 2018 5:09:55 PM net.sf.freecol.common.model.Specification applyDifficultyLevel
INFO: Applying difficulty level model.difficulty.medium
May 14, 2018 5:09:55 PM net.sf.freecol.common.FreeColSeed getFreeColSeed
INFO: Using seed: 1034678459405942565
May 14, 2018 5:09:55 PM net.sf.freecol.server.networking.Server sendToAll
INFO: Reap dead connection: [DummyConnection Server connection - model.nation.sioux]
May 14, 2018 5:09:55 PM net.sf.freecol.server.networking.Server sendToAll
INFO: Reap dead connection: [DummyConnection Server connection - model.nation.arawak]
May 14, 2018 5:09:55 PM net.sf.freecol.server.networking.Server sendToAll
INFO: Reap dead connection: [DummyConnection Server connection - model.nation.inca]
May 14, 2018 5:09:55 PM net.sf.freecol.server.networking.Server sendToAll
INFO: Reap dead connection: [DummyConnection Server connection - model.nation.iroquois]
May 14, 2018 5:09:55 PM net.sf.freecol.server.networking.Server sendToAll
INFO: Reap dead connection: [DummyConnection Server connection - model.nation.english]
May 14, 2018 5:09:55 PM net.sf.freecol.server.networking.Server sendToAll
INFO: Reap dead connection: [DummyConnection Server connection - model.nation.tupi]
May 14, 2018 5:09:55 PM net.sf.freecol.server.networking.Server sendToAll
INFO: Reap dead connection: [DummyConnection Server connection - model.nation.dutch]
May 14, 2018 5:09:55 PM net.sf.freecol.server.networking.Server sendToAll
INFO: Reap dead connection: [DummyConnection Server connection - model.nation.spanish]
May 14, 2018 5:09:55 PM net.sf.freecol.server.networking.Server sendToAll
INFO: Reap dead connection: [DummyConnection Server connection - model.nation.french]
May 14, 2018 5:09:55 PM net.sf.freecol.server.networking.Server sendToAll
INFO: Reap dead connection: [DummyConnection Server connection - model.nation.aztec]
May 14, 2018 5:09:55 PM net.sf.freecol.server.networking.Server sendToAll
INFO: Reap dead connection: [DummyConnection Server connection - model.nation.apache]
May 14, 2018 5:09:55 PM net.sf.freecol.server.networking.Server sendToAll
INFO: Reap dead connection: [DummyConnection Server connection - model.nation.cherokee]
May 14, 2018 5:09:55 PM net.sf.freecol.server.model.ServerPlayer csChangeStance
INFO: Stance modification Louis XIV PEACE -> WAR wrt William I
May 14, 2018 5:09:55 PM net.sf.freecol.server.model.ServerPlayer csChangeStance
INFO: Stance modification William I PEACE -> WAR wrt Louis XIV (symmetric)
May 14, 2018 5:09:55 PM net.sf.freecol.common.model.Specification applyDifficultyLevel
INFO: Applying difficulty level model.difficulty.medium
May 14, 2018 5:09:55 PM net.sf.freecol.common.FreeColSeed getFreeColSeed
INFO: Using seed: 6690726988576485980
May 14, 2018 5:09:55 PM net.sf.freecol.server.networking.Server sendToAll
INFO: Reap dead connection: [DummyConnection Server connection - model.nation.iroquois]
May 14, 2018 5:09:55 PM net.sf.freecol.server.networking.Server sendToAll
INFO: Reap dead connection: [DummyConnection Server connection - model.nation.cherokee]
May 14, 2018 5:09:55 PM net.sf.freecol.server.networking.Server sendToAll
INFO: Reap dead connection: [DummyConnection Server connection - model.nation.inca]
May 14, 2018 5:09:55 PM net.sf.freecol.server.networking.Server sendToAll
INFO: Reap dead connection: [DummyConnection Server connection - model.nation.arawak]
May 14, 2018 5:09:55 PM net.sf.freecol.server.networking.Server sendToAll
INFO: Reap dead connection: [DummyConnection Server connection - model.nation.french]
May 14, 2018 5:09:55 PM net.sf.freecol.server.networking.Server sendToAll
INFO: Reap dead connection: [DummyConnection Server connection - model.nation.english]
May 14, 2018 5:09:55 PM net.sf.freecol.server.networking.Server sendToAll
INFO: Reap dead connection: [DummyConnection Server connection - model.nation.apache]
May 14, 2018 5:09:55 PM net.sf.freecol.server.networking.Server sendToAll
INFO: Reap dead connection: [DummyConnection Server connection - model.nation.dutch]
May 14, 2018 5:09:55 PM net.sf.freecol.server.networking.Server sendToAll
INFO: Reap dead connection: [DummyConnection Server connection - model.nation.sioux]
May 14, 2018 5:09:55 PM net.sf.freecol.server.networking.Server sendToAll
INFO: Reap dead connection: [DummyConnection Server connection - model.nation.tupi]
May 14, 2018 5:09:55 PM net.sf.freecol.server.networking.Server sendToAll
INFO: Reap dead connection: [DummyConnection Server connection - model.nation.aztec]
May 14, 2018 5:09:55 PM net.sf.freecol.server.networking.Server sendToAll
INFO: Reap dead connection: [DummyConnection Server connection - model.nation.spanish]
May 14, 2018 5:09:55 PM net.sf.freecol.server.model.ServerPlayer csChangeStance
INFO: Stance modification Louis XIV UNCONTACTED -> WAR wrt William I
May 14, 2018 5:09:55 PM net.sf.freecol.server.model.ServerPlayer csChangeStance
INFO: Stance modification William I UNCONTACTED -> WAR wrt Louis XIV (symmetric)
May 14, 2018 5:09:55 PM net.sf.freecol.common.util.LogBuilder log
INFO: Combat attacker=unit:272-veteranSoldier-dragoon [Modifier model.modifier.offence (model.source.baseOffence) ADDITIVE 0.0 index=10] [Modifier model.modifier.offence (model.role.dragoon) ADDITIVE 3.0 index=30] [Modifier model.modifier.offence (model.unit.veteranSoldier) PERCENTAGE 50.0 index=40] [Modifier model.modifier.attackBonus (model.source.attackBonus) PERCENTAGE 50.0 index=50] = 6.75 defender=unit:271-veteranSoldier-dragoon [Modifier model.modifier.defence (model.source.baseDefence) ADDITIVE 1.0 index=10] [Modifier model.modifier.defence (model.role.dragoon) ADDITIVE 2.0 index=30] [Modifier model.modifier.defence (model.unit.veteranSoldier) PERCENTAGE 50.0 index=40] [Modifier model.modifier.defence (model.settlement.colony) PERCENTAGE 50.0 index=50] = 6.75 odds=0.5 random(1.0)=0.47999998927116394 great=false Attack WIN LOSE_EQUIP
May 14, 2018 5:09:55 PM net.sf.freecol.common.util.LogBuilder log
INFO: Combat attacker=unit:272-veteranSoldier-dragoon [Modifier model.modifier.offence (model.source.baseOffence) ADDITIVE 0.0 index=10] [Modifier model.modifier.offence (model.role.dragoon) ADDITIVE 3.0 index=30] [Modifier model.modifier.offence (model.unit.veteranSoldier) PERCENTAGE 50.0 index=40] [Modifier model.modifier.attackBonus (model.source.attackBonus) PERCENTAGE 50.0 index=50] = 6.75 defender=unit:271-veteranSoldier-soldier [Modifier model.modifier.defence (model.source.baseDefence) ADDITIVE 1.0 index=10] [Modifier model.modifier.defence (model.role.soldier) ADDITIVE 1.0 index=30] [Modifier model.modifier.defence (model.unit.veteranSoldier) PERCENTAGE 50.0 index=40] [Modifier model.modifier.defence (model.settlement.colony) PERCENTAGE 50.0 index=50] = 4.5 odds=0.6 random(1.0)=0.6200000047683716 great=false Attack LOSE LOSE_EQUIP
May 14, 2018 5:09:55 PM net.sf.freecol.common.util.LogBuilder log
INFO: Combat attacker=unit:272-veteranSoldier-soldier [Modifier model.modifier.offence (model.source.baseOffence) ADDITIVE 0.0 index=10] [Modifier model.modifier.offence (model.role.soldier) ADDITIVE 2.0 index=30] [Modifier model.modifier.offence (model.unit.veteranSoldier) PERCENTAGE 50.0 index=40] [Modifier model.modifier.attackBonus (model.source.attackBonus) PERCENTAGE 50.0 index=50] = 4.5 defender=unit:271-veteranSoldier-soldier [Modifier model.modifier.defence (model.source.baseDefence) ADDITIVE 1.0 index=10] [Modifier model.modifier.defence (model.role.soldier) ADDITIVE 1.0 index=30] [Modifier model.modifier.defence (model.unit.veteranSoldier) PERCENTAGE 50.0 index=40] [Modifier model.modifier.defence (model.settlement.colony) PERCENTAGE 50.0 index=50] = 4.5 odds=0.5 random(1.0)=0.47999998927116394 great=false Attack WIN LOSE_EQUIP
May 14, 2018 5:09:55 PM net.sf.freecol.common.util.LogBuilder log
INFO: Combat attacker=unit:272-veteranSoldier-soldier [Modifier model.modifier.offence (model.source.baseOffence) ADDITIVE 0.0 index=10] [Modifier model.modifier.offence (model.role.soldier) ADDITIVE 2.0 index=30] [Modifier model.modifier.offence (model.unit.veteranSoldier) PERCENTAGE 50.0 index=40] [Modifier model.modifier.attackBonus (model.source.attackBonus) PERCENTAGE 50.0 index=50] = 4.5 defender=unit:271-veteranSoldier [Modifier model.modifier.defence (model.source.baseDefence) ADDITIVE 1.0 index=10] [Modifier model.modifier.defence (model.unit.veteranSoldier) PERCENTAGE 50.0 index=40] [Modifier model.modifier.defence (model.settlement.colony) PERCENTAGE 50.0 index=50] = 2.25 odds=0.6666666666666666 random(1.0)=0.6466666460037231 great=false Attack WIN CAPTURE_COLONY
May 14, 2018 5:09:55 PM net.sf.freecol.common.model.Specification applyDifficultyLevel
INFO: Applying difficulty level model.difficulty.medium
May 14, 2018 5:09:55 PM net.sf.freecol.common.FreeColSeed getFreeColSeed
INFO: Using seed: -3062220336470892251
May 14, 2018 5:09:55 PM net.sf.freecol.server.networking.Server sendToAll
INFO: Reap dead connection: [DummyConnection Server connection - model.nation.iroquois]
May 14, 2018 5:09:55 PM net.sf.freecol.server.networking.Server sendToAll
INFO: Reap dead connection: [DummyConnection Server connection - model.nation.tupi]
May 14, 2018 5:09:55 PM net.sf.freecol.server.networking.Server sendToAll
INFO: Reap dead connection: [DummyConnection Server connection - model.nation.english]
May 14, 2018 5:09:55 PM net.sf.freecol.server.networking.Server sendToAll
INFO: Reap dead connection: [DummyConnection Server connection - model.nation.cherokee]
May 14, 2018 5:09:55 PM net.sf.freecol.server.networking.Server sendToAll
INFO: Reap dead connection: [DummyConnection Server connection - model.nation.sioux]
May 14, 2018 5:09:55 PM net.sf.freecol.server.networking.Server sendToAll
INFO: Reap dead connection: [DummyConnection Server connection - model.nation.arawak]
May 14, 2018 5:09:55 PM net.sf.freecol.server.networking.Server sendToAll
INFO: Reap dead connection: [DummyConnection Server connection - model.nation.apache]
May 14, 2018 5:09:55 PM net.sf.freecol.server.networking.Server sendToAll
INFO: Reap dead connection: [DummyConnection Server connection - model.nation.aztec]
May 14, 2018 5:09:55 PM net.sf.freecol.server.networking.Server sendToAll
INFO: Reap dead connection: [DummyConnection Server connection - model.nation.spanish]
May 14, 2018 5:09:55 PM net.sf.freecol.server.networking.Server sendToAll
INFO: Reap dead connection: [DummyConnection Server connection - model.nation.inca]
May 14, 2018 5:09:55 PM net.sf.freecol.server.networking.Server sendToAll
INFO: Reap dead connection: [DummyConnection Server connection - model.nation.dutch]
May 14, 2018 5:09:55 PM net.sf.freecol.server.networking.Server sendToAll
INFO: Reap dead connection: [DummyConnection Server connection - model.nation.french]
May 14, 2018 5:09:55 PM net.sf.freecol.server.model.ServerPlayer csChangeStance
INFO: Stance modification William I UNCONTACTED -> WAR wrt Louis XIV
May 14, 2018 5:09:55 PM net.sf.freecol.server.model.ServerPlayer csChangeStance
INFO: Stance modification Louis XIV UNCONTACTED -> WAR wrt William I (symmetric)
May 14, 2018 5:09:55 PM net.sf.freecol.common.util.LogBuilder log
INFO: Combat attacker=unit:247-freeColonist-dragoon [Modifier model.modifier.offence (model.source.baseOffence) ADDITIVE 0.0 index=10] [Modifier model.modifier.offence (model.role.dragoon) ADDITIVE 3.0 index=30] [Modifier model.modifier.attackBonus (model.source.attackBonus) PERCENTAGE 50.0 index=50] = 4.5 defender=unit:248-freeColonist-soldier [Modifier model.modifier.defence (model.source.baseDefence) ADDITIVE 1.0 index=10] [Modifier model.modifier.defence (model.role.soldier) ADDITIVE 1.0 index=30] = 2.0 odds=0.6923076923076923 random(1.0)=0.7123076915740967 great=false Attack LOSE LOSE_EQUIP
May 14, 2018 5:09:55 PM net.sf.freecol.common.util.LogBuilder log
INFO: Combat attacker=unit:247-freeColonist-soldier [Modifier model.modifier.offence (model.source.baseOffence) ADDITIVE 0.0 index=10] [Modifier model.modifier.offence (model.role.soldier) ADDITIVE 2.0 index=30] [Modifier model.modifier.attackBonus (model.source.attackBonus) PERCENTAGE 50.0 index=50] = 3.0 defender=unit:248-freeColonist-soldier [Modifier model.modifier.defence (model.source.baseDefence) ADDITIVE 1.0 index=10] [Modifier model.modifier.defence (model.role.soldier) ADDITIVE 1.0 index=30] = 2.0 odds=0.6 random(1.0)=0.6200000047683716 great=false Attack LOSE LOSE_EQUIP
May 14, 2018 5:09:56 PM net.sf.freecol.common.util.LogBuilder log
INFO: Combat attacker=unit:248-freeColonist-soldier [Modifier model.modifier.offence (model.source.baseOffence) ADDITIVE 0.0 index=10] [Modifier model.modifier.offence (model.role.soldier) ADDITIVE 2.0 index=30] [Modifier model.modifier.attackBonus (model.source.attackBonus) PERCENTAGE 50.0 index=50] = 3.0 defender=unit:247-freeColonist [Modifier model.modifier.defence (model.source.baseDefence) ADDITIVE 1.0 index=10] = 1.0 odds=0.75 random(1.0)=0.7300000190734863 great=false Attack WIN CAPTURE_UNIT
May 14, 2018 5:09:56 PM net.sf.freecol.common.model.Specification applyDifficultyLevel
INFO: Applying difficulty level model.difficulty.medium
May 14, 2018 5:09:56 PM net.sf.freecol.common.FreeColSeed getFreeColSeed
INFO: Using seed: -1865671538170238923
May 14, 2018 5:09:56 PM net.sf.freecol.server.networking.Server sendToAll
INFO: Reap dead connection: [DummyConnection Server connection - model.nation.iroquois]
May 14, 2018 5:09:56 PM net.sf.freecol.server.networking.Server sendToAll
INFO: Reap dead connection: [DummyConnection Server connection - model.nation.spanish]
May 14, 2018 5:09:56 PM net.sf.freecol.server.networking.Server sendToAll
INFO: Reap dead connection: [DummyConnection Server connection - model.nation.french]
May 14, 2018 5:09:56 PM net.sf.freecol.server.networking.Server sendToAll
INFO: Reap dead connection: [DummyConnection Server connection - model.nation.cherokee]
May 14, 2018 5:09:56 PM net.sf.freecol.server.networking.Server sendToAll
INFO: Reap dead connection: [DummyConnection Server connection - model.nation.dutch]
May 14, 2018 5:09:56 PM net.sf.freecol.server.networking.Server sendToAll
INFO: Reap dead connection: [DummyConnection Server connection - model.nation.aztec]
May 14, 2018 5:09:56 PM net.sf.freecol.server.networking.Server sendToAll
INFO: Reap dead connection: [DummyConnection Server connection - model.nation.inca]
May 14, 2018 5:09:56 PM net.sf.freecol.server.networking.Server sendToAll
INFO: Reap dead connection: [DummyConnection Server connection - model.nation.sioux]
May 14, 2018 5:09:56 PM net.sf.freecol.server.networking.Server sendToAll
INFO: Reap dead connection: [DummyConnection Server connection - model.nation.arawak]
May 14, 2018 5:09:56 PM net.sf.freecol.server.networking.Server sendToAll
INFO: Reap dead connection: [DummyConnection Server connection - model.nation.tupi]
May 14, 2018 5:09:56 PM net.sf.freecol.server.networking.Server sendToAll
INFO: Reap dead connection: [DummyConnection Server connection - model.nation.english]
May 14, 2018 5:09:56 PM net.sf.freecol.server.networking.Server sendToAll
INFO: Reap dead connection: [DummyConnection Server connection - model.nation.apache]
May 14, 2018 5:09:56 PM net.sf.freecol.common.model.Specification applyDifficultyLevel
INFO: Applying difficulty level model.difficulty.medium
May 14, 2018 5:09:56 PM net.sf.freecol.common.FreeColSeed getFreeColSeed
INFO: Using seed: 606573137252924492
May 14, 2018 5:09:56 PM net.sf.freecol.server.networking.Server sendToAll
INFO: Reap dead connection: [DummyConnection Server connection - model.nation.arawak]
May 14, 2018 5:09:56 PM net.sf.freecol.server.networking.Server sendToAll
INFO: Reap dead connection: [DummyConnection Server connection - model.nation.cherokee]
May 14, 2018 5:09:56 PM net.sf.freecol.server.networking.Server sendToAll
INFO: Reap dead connection: [DummyConnection Server connection - model.nation.dutch]
May 14, 2018 5:09:56 PM net.sf.freecol.server.networking.Server sendToAll
INFO: Reap dead connection: [DummyConnection Server connection - model.nation.english]
May 14, 2018 5:09:56 PM net.sf.freecol.server.networking.Server sendToAll
INFO: Reap dead connection: [DummyConnection Server connection - model.nation.tupi]
May 14, 2018 5:09:56 PM net.sf.freecol.server.networking.Server sendToAll
INFO: Reap dead connection: [DummyConnection Server connection - model.nation.aztec]
May 14, 2018 5:09:56 PM net.sf.freecol.server.networking.Server sendToAll
INFO: Reap dead connection: [DummyConnection Server connection - model.nation.inca]
May 14, 2018 5:09:56 PM net.sf.freecol.server.networking.Server sendToAll
INFO: Reap dead connection: [DummyConnection Server connection - model.nation.french]
May 14, 2018 5:09:56 PM net.sf.freecol.server.networking.Server sendToAll
INFO: Reap dead connection: [DummyConnection Server connection - model.nation.sioux]
May 14, 2018 5:09:56 PM net.sf.freecol.server.networking.Server sendToAll
INFO: Reap dead connection: [DummyConnection Server connection - model.nation.apache]
May 14, 2018 5:09:56 PM net.sf.freecol.server.networking.Server sendToAll
INFO: Reap dead connection: [DummyConnection Server connection - model.nation.iroquois]
May 14, 2018 5:09:56 PM net.sf.freecol.server.networking.Server sendToAll
INFO: Reap dead connection: [DummyConnection Server connection - model.nation.spanish]
May 14, 2018 5:09:56 PM net.sf.freecol.common.networking.DOMMessage clientError
WARNING: Too few goods
May 14, 2018 5:09:56 PM net.sf.freecol.common.model.Specification applyDifficultyLevel
INFO: Applying difficulty level model.difficulty.medium
May 14, 2018 5:09:56 PM net.sf.freecol.common.FreeColSeed getFreeColSeed
INFO: Using seed: -5288353131972528712
May 14, 2018 5:09:56 PM net.sf.freecol.server.networking.Server sendToAll
INFO: Reap dead connection: [DummyConnection Server connection - model.nation.arawak]
May 14, 2018 5:09:56 PM net.sf.freecol.server.networking.Server sendToAll
INFO: Reap dead connection: [DummyConnection Server connection - model.nation.english]
May 14, 2018 5:09:56 PM net.sf.freecol.server.networking.Server sendToAll
INFO: Reap dead connection: [DummyConnection Server connection - model.nation.dutch]
May 14, 2018 5:09:56 PM net.sf.freecol.server.networking.Server sendToAll
INFO: Reap dead connection: [DummyConnection Server connection - model.nation.tupi]
May 14, 2018 5:09:56 PM net.sf.freecol.server.networking.Server sendToAll
INFO: Reap dead connection: [DummyConnection Server connection - model.nation.french]
May 14, 2018 5:09:56 PM net.sf.freecol.server.networking.Server sendToAll
INFO: Reap dead connection: [DummyConnection Server connection - model.nation.cherokee]
May 14, 2018 5:09:56 PM net.sf.freecol.server.networking.Server sendToAll
INFO: Reap dead connection: [DummyConnection Server connection - model.nation.sioux]
May 14, 2018 5:09:56 PM net.sf.freecol.server.networking.Server sendToAll
INFO: Reap dead connection: [DummyConnection Server connection - model.nation.iroquois]
May 14, 2018 5:09:56 PM net.sf.freecol.server.networking.Server sendToAll
INFO: Reap dead connection: [DummyConnection Server connection - model.nation.apache]
May 14, 2018 5:09:56 PM net.sf.freecol.server.networking.Server sendToAll
INFO: Reap dead connection: [DummyConnection Server connection - model.nation.aztec]
May 14, 2018 5:09:56 PM net.sf.freecol.server.networking.Server sendToAll
INFO: Reap dead connection: [DummyConnection Server connection - model.nation.inca]
May 14, 2018 5:09:56 PM net.sf.freecol.server.networking.Server sendToAll
INFO: Reap dead connection: [DummyConnection Server connection - model.nation.spanish]
May 14, 2018 5:09:56 PM net.sf.freecol.server.model.ServerPlayer csChangeStance
INFO: Stance modification Louis XIV UNCONTACTED -> WAR wrt William I
May 14, 2018 5:09:56 PM net.sf.freecol.server.model.ServerPlayer csChangeStance
INFO: Stance modification William I UNCONTACTED -> WAR wrt Louis XIV (symmetric)
May 14, 2018 5:09:56 PM net.sf.freecol.common.util.LogBuilder log
INFO: Combat attacker=unit:249-privateer [Modifier model.modifier.offence (model.source.baseOffence) ADDITIVE 8.0 index=10] [Modifier model.modifier.attackBonus (model.source.attackBonus) PERCENTAGE 50.0 index=50] = 12.0 defender=unit:247-galleon [Modifier model.modifier.defence (model.source.baseDefence) ADDITIVE 10.0 index=10] [Modifier model.modifier.cargoPenalty (model.source.cargoPenalty) PERCENTAGE -12.5 index=50] = 8.75 odds=0.5783132530120482 random(1.0)=0.558313250541687 great=false Attack WIN LOOT_SHIP DAMAGE_SHIP_ATTACK
May 14, 2018 5:09:56 PM net.sf.freecol.common.networking.DOMMessage clientError
WARNING: Received message: lootCargo out of turn from player: model.nation.french
May 14, 2018 5:09:56 PM net.sf.freecol.server.ai.AIMessage checkError
WARNING: AIMessage.lootCargo error, messageId: server.reject message: Received message: lootCargo out of turn from player: model.nation.french
May 14, 2018 5:09:56 PM net.sf.freecol.common.model.Specification applyDifficultyLevel
INFO: Applying difficulty level model.difficulty.medium
May 14, 2018 5:09:56 PM net.sf.freecol.common.FreeColSeed getFreeColSeed
INFO: Using seed: -6576604160475688627
May 14, 2018 5:09:56 PM net.sf.freecol.server.networking.Server sendToAll
INFO: Reap dead connection: [DummyConnection Server connection - model.nation.sioux]
May 14, 2018 5:09:56 PM net.sf.freecol.server.networking.Server sendToAll
INFO: Reap dead connection: [DummyConnection Server connection - model.nation.iroquois]
May 14, 2018 5:09:56 PM net.sf.freecol.server.networking.Server sendToAll
INFO: Reap dead connection: [DummyConnection Server connection - model.nation.dutch]
May 14, 2018 5:09:56 PM net.sf.freecol.server.networking.Server sendToAll
INFO: Reap dead connection: [DummyConnection Server connection - model.nation.french]
May 14, 2018 5:09:56 PM net.sf.freecol.server.networking.Server sendToAll
INFO: Reap dead connection: [DummyConnection Server connection - model.nation.english]
May 14, 2018 5:09:56 PM net.sf.freecol.server.networking.Server sendToAll
INFO: Reap dead connection: [DummyConnection Server connection - model.nation.inca]
May 14, 2018 5:09:56 PM net.sf.freecol.server.networking.Server sendToAll
INFO: Reap dead connection: [DummyConnection Server connection - model.nation.tupi]
May 14, 2018 5:09:56 PM net.sf.freecol.server.networking.Server sendToAll
INFO: Reap dead connection: [DummyConnection Server connection - model.nation.spanish]
May 14, 2018 5:09:56 PM net.sf.freecol.server.networking.Server sendToAll
INFO: Reap dead connection: [DummyConnection Server connection - model.nation.apache]
May 14, 2018 5:09:56 PM net.sf.freecol.server.networking.Server sendToAll
INFO: Reap dead connection: [DummyConnection Server connection - model.nation.aztec]
May 14, 2018 5:09:56 PM net.sf.freecol.server.networking.Server sendToAll
INFO: Reap dead connection: [DummyConnection Server connection - model.nation.arawak]
May 14, 2018 5:09:56 PM net.sf.freecol.server.networking.Server sendToAll
INFO: Reap dead connection: [DummyConnection Server connection - model.nation.cherokee]
May 14, 2018 5:09:56 PM net.sf.freecol.common.model.Specification applyDifficultyLevel
INFO: Applying difficulty level model.difficulty.medium
May 14, 2018 5:09:56 PM net.sf.freecol.common.FreeColSeed getFreeColSeed
INFO: Using seed: 1798100428217466821
May 14, 2018 5:09:56 PM net.sf.freecol.server.networking.Server sendToAll
INFO: Reap dead connection: [DummyConnection Server connection - model.nation.tupi]
May 14, 2018 5:09:56 PM net.sf.freecol.server.networking.Server sendToAll
INFO: Reap dead connection: [DummyConnection Server connection - model.nation.iroquois]
May 14, 2018 5:09:56 PM net.sf.freecol.server.networking.Server sendToAll
INFO: Reap dead connection: [DummyConnection Server connection - model.nation.apache]
May 14, 2018 5:09:56 PM net.sf.freecol.server.networking.Server sendToAll
INFO: Reap dead connection: [DummyConnection Server connection - model.nation.spanish]
May 14, 2018 5:09:56 PM net.sf.freecol.server.networking.Server sendToAll
INFO: Reap dead connection: [DummyConnection Server connection - model.nation.sioux]
May 14, 2018 5:09:56 PM net.sf.freecol.server.networking.Server sendToAll
INFO: Reap dead connection: [DummyConnection Server connection - model.nation.inca]
May 14, 2018 5:09:56 PM net.sf.freecol.server.networking.Server sendToAll
INFO: Reap dead connection: [DummyConnection Server connection - model.nation.cherokee]
May 14, 2018 5:09:56 PM net.sf.freecol.server.networking.Server sendToAll
INFO: Reap dead connection: [DummyConnection Server connection - model.nation.aztec]
May 14, 2018 5:09:56 PM net.sf.freecol.server.networking.Server sendToAll
INFO: Reap dead connection: [DummyConnection Server connection - model.nation.arawak]
May 14, 2018 5:09:56 PM net.sf.freecol.server.networking.Server sendToAll
INFO: Reap dead connection: [DummyConnection Server connection - model.nation.dutch]
May 14, 2018 5:09:56 PM net.sf.freecol.server.networking.Server sendToAll
INFO: Reap dead connection: [DummyConnection Server connection - model.nation.french]
May 14, 2018 5:09:56 PM net.sf.freecol.server.networking.Server sendToAll
INFO: Reap dead connection: [DummyConnection Server connection - model.nation.english]
May 14, 2018 5:09:56 PM net.sf.freecol.server.model.ServerPlayer csChangeStance
INFO: Stance modification Guaira PEACE -> WAR wrt William I
May 14, 2018 5:09:56 PM net.sf.freecol.server.model.ServerPlayer csChangeStance
INFO: Stance modification William I PEACE -> WAR wrt Guaira (symmetric)
May 14, 2018 5:09:56 PM net.sf.freecol.server.model.ServerPlayer csChangeStance
INFO: Stance modification William I WAR -> PEACE wrt Guaira
May 14, 2018 5:09:56 PM net.sf.freecol.server.model.ServerPlayer csChangeStance
INFO: Stance modification Guaira WAR -> PEACE wrt William I (symmetric)
May 14, 2018 5:09:56 PM net.sf.freecol.common.model.Specification applyDifficultyLevel
INFO: Applying difficulty level model.difficulty.medium
May 14, 2018 5:09:56 PM net.sf.freecol.common.FreeColSeed getFreeColSeed
INFO: Using seed: -4348825125045799724
May 14, 2018 5:09:56 PM net.sf.freecol.server.networking.Server sendToAll
INFO: Reap dead connection: [DummyConnection Server connection - model.nation.aztec]
May 14, 2018 5:09:56 PM net.sf.freecol.server.networking.Server sendToAll
INFO: Reap dead connection: [DummyConnection Server connection - model.nation.spanish]
May 14, 2018 5:09:56 PM net.sf.freecol.server.networking.Server sendToAll
INFO: Reap dead connection: [DummyConnection Server connection - model.nation.french]
May 14, 2018 5:09:56 PM net.sf.freecol.server.networking.Server sendToAll
INFO: Reap dead connection: [DummyConnection Server connection - model.nation.sioux]
May 14, 2018 5:09:56 PM net.sf.freecol.server.networking.Server sendToAll
INFO: Reap dead connection: [DummyConnection Server connection - model.nation.english]
May 14, 2018 5:09:56 PM net.sf.freecol.server.networking.Server sendToAll
INFO: Reap dead connection: [DummyConnection Server connection - model.nation.arawak]
May 14, 2018 5:09:56 PM net.sf.freecol.server.networking.Server sendToAll
INFO: Reap dead connection: [DummyConnection Server connection - model.nation.inca]
May 14, 2018 5:09:56 PM net.sf.freecol.server.networking.Server sendToAll
INFO: Reap dead connection: [DummyConnection Server connection - model.nation.iroquois]
May 14, 2018 5:09:56 PM net.sf.freecol.server.networking.Server sendToAll
INFO: Reap dead connection: [DummyConnection Server connection - model.nation.dutch]
May 14, 2018 5:09:56 PM net.sf.freecol.server.networking.Server sendToAll
INFO: Reap dead connection: [DummyConnection Server connection - model.nation.apache]
May 14, 2018 5:09:56 PM net.sf.freecol.server.networking.Server sendToAll
INFO: Reap dead connection: [DummyConnection Server connection - model.nation.tupi]
May 14, 2018 5:09:56 PM net.sf.freecol.server.networking.Server sendToAll
INFO: Reap dead connection: [DummyConnection Server connection - model.nation.cherokee]
May 14, 2018 5:09:56 PM net.sf.freecol.common.util.LogBuilder log
INFO: Combat attacker=unit:248-veteranSoldier-dragoon [Modifier model.modifier.offence (model.source.baseOffence) ADDITIVE 0.0 index=10] [Modifier model.modifier.offence (model.role.dragoon) ADDITIVE 3.0 index=30] [Modifier model.modifier.offence (model.unit.veteranSoldier) PERCENTAGE 50.0 index=40] [Modifier model.modifier.attackBonus (model.source.attackBonus) PERCENTAGE 50.0 index=50] [Modifier model.modifier.bigMovementPenalty (model.source.movementPenalty) PERCENTAGE -66.0 index=50] = 2.2950000762939453 defender=unit:247-freeColonist-pioneer.5 [Modifier model.modifier.defence (model.source.baseDefence) ADDITIVE 1.0 index=10] = 1.0 odds=0.6965098704565885 random(1.0)=0.6765098571777344 great=false Attack WIN SLAUGHTER_UNIT
May 14, 2018 5:09:56 PM net.sf.freecol.common.util.LogBuilder log
INFO: Destroying: unit:247
May 14, 2018 5:09:56 PM net.sf.freecol.server.model.ServerPlayer csChangeStance
INFO: Stance modification Louis XIV UNCONTACTED -> WAR wrt William I
May 14, 2018 5:09:56 PM net.sf.freecol.server.model.ServerPlayer csChangeStance
INFO: Stance modification William I UNCONTACTED -> WAR wrt Louis XIV (symmetric)
May 14, 2018 5:09:56 PM net.sf.freecol.common.model.Specification applyDifficultyLevel
INFO: Applying difficulty level model.difficulty.medium
May 14, 2018 5:09:56 PM net.sf.freecol.common.FreeColSeed getFreeColSeed
INFO: Using seed: -3014323226799859991
May 14, 2018 5:09:56 PM net.sf.freecol.server.networking.Server sendToAll
INFO: Reap dead connection: [DummyConnection Server connection - model.nation.apache]
May 14, 2018 5:09:56 PM net.sf.freecol.server.networking.Server sendToAll
INFO: Reap dead connection: [DummyConnection Server connection - model.nation.inca]
May 14, 2018 5:09:56 PM net.sf.freecol.server.networking.Server sendToAll
INFO: Reap dead connection: [DummyConnection Server connection - model.nation.dutch]
May 14, 2018 5:09:56 PM net.sf.freecol.server.networking.Server sendToAll
INFO: Reap dead connection: [DummyConnection Server connection - model.nation.sioux]
May 14, 2018 5:09:56 PM net.sf.freecol.server.networking.Server sendToAll
INFO: Reap dead connection: [DummyConnection Server connection - model.nation.spanish]
May 14, 2018 5:09:56 PM net.sf.freecol.server.networking.Server sendToAll
INFO: Reap dead connection: [DummyConnection Server connection - model.nation.french]
May 14, 2018 5:09:56 PM net.sf.freecol.server.networking.Server sendToAll
INFO: Reap dead connection: [DummyConnection Server connection - model.nation.arawak]
May 14, 2018 5:09:56 PM net.sf.freecol.server.networking.Server sendToAll
INFO: Reap dead connection: [DummyConnection Server connection - model.nation.english]
May 14, 2018 5:09:56 PM net.sf.freecol.server.networking.Server sendToAll
INFO: Reap dead connection: [DummyConnection Server connection - model.nation.iroquois]
May 14, 2018 5:09:56 PM net.sf.freecol.server.networking.Server sendToAll
INFO: Reap dead connection: [DummyConnection Server connection - model.nation.cherokee]
May 14, 2018 5:09:56 PM net.sf.freecol.server.networking.Server sendToAll
INFO: Reap dead connection: [DummyConnection Server connection - model.nation.tupi]
May 14, 2018 5:09:56 PM net.sf.freecol.server.networking.Server sendToAll
INFO: Reap dead connection: [DummyConnection Server connection - model.nation.aztec]
May 14, 2018 5:09:56 PM net.sf.freecol.server.model.ServerPlayer csChangeStance
INFO: Stance modification William I UNCONTACTED -> WAR wrt Louis XIV
May 14, 2018 5:09:56 PM net.sf.freecol.server.model.ServerPlayer csChangeStance
INFO: Stance modification Louis XIV UNCONTACTED -> WAR wrt William I (symmetric)
May 14, 2018 5:09:56 PM net.sf.freecol.common.util.LogBuilder log
INFO: Combat attacker=unit:247-pettyCriminal-soldier [Modifier model.modifier.offence (model.source.baseOffence) ADDITIVE 0.0 index=10] [Modifier model.modifier.offence (model.role.soldier) ADDITIVE 2.0 index=30] [Modifier model.modifier.attackBonus (model.source.attackBonus) PERCENTAGE 50.0 index=50] = 3.0 defender=unit:248-freeColonist-soldier [Modifier model.modifier.defence (model.source.baseDefence) ADDITIVE 1.0 index=10] [Modifier model.modifier.defence (model.role.soldier) ADDITIVE 1.0 index=30] = 2.0 odds=0.6 random(1.0)=0.5799999833106995 great=false Attack WIN LOSE_EQUIP PROMOTE_UNIT
May 14, 2018 5:09:56 PM net.sf.freecol.common.util.LogBuilder log
INFO: Combat attacker=unit:247-indenturedServant-soldier [Modifier model.modifier.offence (model.source.baseOffence) ADDITIVE 0.0 index=10] [Modifier model.modifier.offence (model.role.soldier) ADDITIVE 2.0 index=30] [Modifier model.modifier.attackBonus (model.source.attackBonus) PERCENTAGE 50.0 index=50] = 3.0 defender=unit:248-freeColonist-soldier [Modifier model.modifier.defence (model.source.baseDefence) ADDITIVE 1.0 index=10] [Modifier model.modifier.defence (model.role.soldier) ADDITIVE 1.0 index=30] = 2.0 odds=0.6 random(1.0)=0.5799999833106995 great=false Attack WIN LOSE_EQUIP PROMOTE_UNIT
May 14, 2018 5:09:56 PM net.sf.freecol.common.util.LogBuilder log
INFO: Combat attacker=unit:247-freeColonist-soldier [Modifier model.modifier.offence (model.source.baseOffence) ADDITIVE 0.0 index=10] [Modifier model.modifier.offence (model.role.soldier) ADDITIVE 2.0 index=30] [Modifier model.modifier.attackBonus (model.source.attackBonus) PERCENTAGE 50.0 index=50] = 3.0 defender=unit:248-freeColonist-soldier [Modifier model.modifier.defence (model.source.baseDefence) ADDITIVE 1.0 index=10] [Modifier model.modifier.defence (model.role.soldier) ADDITIVE 1.0 index=30] = 2.0 odds=0.6 random(1.0)=0.5799999833106995 great=false Attack WIN LOSE_EQUIP PROMOTE_UNIT
May 14, 2018 5:09:56 PM net.sf.freecol.common.util.LogBuilder log
INFO: Combat attacker=unit:247-veteranSoldier-soldier [Modifier model.modifier.offence (model.source.baseOffence) ADDITIVE 0.0 index=10] [Modifier model.modifier.offence (model.role.soldier) ADDITIVE 2.0 index=30] [Modifier model.modifier.offence (model.unit.veteranSoldier) PERCENTAGE 50.0 index=40] [Modifier model.modifier.attackBonus (model.source.attackBonus) PERCENTAGE 50.0 index=50] = 4.5 defender=unit:248-freeColonist-soldier [Modifier model.modifier.defence (model.source.baseDefence) ADDITIVE 1.0 index=10] [Modifier model.modifier.defence (model.role.soldier) ADDITIVE 1.0 index=30] = 2.0 odds=0.6923076923076923 random(1.0)=0.6723076701164246 great=false Attack WIN LOSE_EQUIP PROMOTE_UNIT
May 14, 2018 5:09:56 PM net.sf.freecol.common.util.LogBuilder log
INFO: Combat attacker=unit:247-colonialRegular-soldier [Modifier model.modifier.offence (model.source.baseOffence) ADDITIVE 0.0 index=10] [Modifier model.modifier.offence (model.unit.colonialRegular) ADDITIVE 3.0 index=20] [Modifier model.modifier.offence (model.role.soldier) ADDITIVE 2.0 index=30] [Modifier model.modifier.attackBonus (model.source.attackBonus) PERCENTAGE 50.0 index=50] = 7.5 defender=unit:248-freeColonist-soldier [Modifier model.modifier.defence (model.source.baseDefence) ADDITIVE 1.0 index=10] [Modifier model.modifier.defence (model.role.soldier) ADDITIVE 1.0 index=30] = 2.0 odds=0.7894736842105263 random(1.0)=0.769473671913147 great=false Attack WIN LOSE_EQUIP
May 14, 2018 5:09:56 PM net.sf.freecol.common.model.Specification applyDifficultyLevel
INFO: Applying difficulty level model.difficulty.medium
May 14, 2018 5:09:56 PM net.sf.freecol.common.FreeColSeed getFreeColSeed
INFO: Using seed: -6213518307913444030
May 14, 2018 5:09:56 PM net.sf.freecol.server.networking.Server sendToAll
INFO: Reap dead connection: [DummyConnection Server connection - model.nation.dutch]
May 14, 2018 5:09:56 PM net.sf.freecol.server.networking.Server sendToAll
INFO: Reap dead connection: [DummyConnection Server connection - model.nation.french]
May 14, 2018 5:09:56 PM net.sf.freecol.server.networking.Server sendToAll
INFO: Reap dead connection: [DummyConnection Server connection - model.nation.english]
May 14, 2018 5:09:56 PM net.sf.freecol.server.networking.Server sendToAll
INFO: Reap dead connection: [DummyConnection Server connection - model.nation.cherokee]
May 14, 2018 5:09:56 PM net.sf.freecol.server.networking.Server sendToAll
INFO: Reap dead connection: [DummyConnection Server connection - model.nation.tupi]
May 14, 2018 5:09:56 PM net.sf.freecol.server.networking.Server sendToAll
INFO: Reap dead connection: [DummyConnection Server connection - model.nation.aztec]
May 14, 2018 5:09:56 PM net.sf.freecol.server.networking.Server sendToAll
INFO: Reap dead connection: [DummyConnection Server connection - model.nation.iroquois]
May 14, 2018 5:09:56 PM net.sf.freecol.server.networking.Server sendToAll
INFO: Reap dead connection: [DummyConnection Server connection - model.nation.apache]
May 14, 2018 5:09:56 PM net.sf.freecol.server.networking.Server sendToAll
INFO: Reap dead connection: [DummyConnection Server connection - model.nation.spanish]
May 14, 2018 5:09:56 PM net.sf.freecol.server.networking.Server sendToAll
INFO: Reap dead connection: [DummyConnection Server connection - model.nation.inca]
May 14, 2018 5:09:56 PM net.sf.freecol.server.networking.Server sendToAll
INFO: Reap dead connection: [DummyConnection Server connection - model.nation.sioux]
May 14, 2018 5:09:56 PM net.sf.freecol.server.networking.Server sendToAll
INFO: Reap dead connection: [DummyConnection Server connection - model.nation.arawak]
May 14, 2018 5:09:56 PM net.sf.freecol.common.networking.DOMMessage clientError
WARNING: Can not clear speciality of a teacher.
May 14, 2018 5:09:56 PM net.sf.freecol.common.model.Specification applyDifficultyLevel
INFO: Applying difficulty level model.difficulty.medium
May 14, 2018 5:09:56 PM net.sf.freecol.common.FreeColSeed getFreeColSeed
INFO: Using seed: 4815779118738130896
May 14, 2018 5:09:56 PM net.sf.freecol.server.networking.Server sendToAll
INFO: Reap dead connection: [DummyConnection Server connection - model.nation.apache]
May 14, 2018 5:09:56 PM net.sf.freecol.server.networking.Server sendToAll
INFO: Reap dead connection: [DummyConnection Server connection - model.nation.sioux]
May 14, 2018 5:09:56 PM net.sf.freecol.server.networking.Server sendToAll
INFO: Reap dead connection: [DummyConnection Server connection - model.nation.spanish]
May 14, 2018 5:09:56 PM net.sf.freecol.server.networking.Server sendToAll
INFO: Reap dead connection: [DummyConnection Server connection - model.nation.dutch]
May 14, 2018 5:09:56 PM net.sf.freecol.server.networking.Server sendToAll
INFO: Reap dead connection: [DummyConnection Server connection - model.nation.arawak]
May 14, 2018 5:09:56 PM net.sf.freecol.server.networking.Server sendToAll
INFO: Reap dead connection: [DummyConnection Server connection - model.nation.french]
May 14, 2018 5:09:56 PM net.sf.freecol.server.networking.Server sendToAll
INFO: Reap dead connection: [DummyConnection Server connection - model.nation.cherokee]
May 14, 2018 5:09:56 PM net.sf.freecol.server.networking.Server sendToAll
INFO: Reap dead connection: [DummyConnection Server connection - model.nation.inca]
May 14, 2018 5:09:56 PM net.sf.freecol.server.networking.Server sendToAll
INFO: Reap dead connection: [DummyConnection Server connection - model.nation.iroquois]
May 14, 2018 5:09:56 PM net.sf.freecol.server.networking.Server sendToAll
INFO: Reap dead connection: [DummyConnection Server connection - model.nation.tupi]
May 14, 2018 5:09:56 PM net.sf.freecol.server.networking.Server sendToAll
INFO: Reap dead connection: [DummyConnection Server connection - model.nation.english]
May 14, 2018 5:09:56 PM net.sf.freecol.server.networking.Server sendToAll
INFO: Reap dead connection: [DummyConnection Server connection - model.nation.aztec]
May 14, 2018 5:09:56 PM net.sf.freecol.server.model.ServerPlayer csChangeStance
INFO: Stance modification William I CEASE_FIRE -> PEACE wrt Louis XIV
May 14, 2018 5:09:56 PM net.sf.freecol.server.model.ServerPlayer csChangeStance
INFO: Stance modification Louis XIV CEASE_FIRE -> PEACE wrt William I (symmetric)
May 14, 2018 5:09:56 PM net.sf.freecol.common.model.Specification applyDifficultyLevel
INFO: Applying difficulty level model.difficulty.medium
May 14, 2018 5:09:56 PM net.sf.freecol.common.FreeColSeed getFreeColSeed
INFO: Using seed: 2949114489938580403
May 14, 2018 5:09:56 PM net.sf.freecol.server.networking.Server sendToAll
INFO: Reap dead connection: [DummyConnection Server connection - model.nation.dutch]
May 14, 2018 5:09:56 PM net.sf.freecol.server.networking.Server sendToAll
INFO: Reap dead connection: [DummyConnection Server connection - model.nation.sioux]
May 14, 2018 5:09:56 PM net.sf.freecol.server.networking.Server sendToAll
INFO: Reap dead connection: [DummyConnection Server connection - model.nation.french]
May 14, 2018 5:09:56 PM net.sf.freecol.server.networking.Server sendToAll
INFO: Reap dead connection: [DummyConnection Server connection - model.nation.aztec]
May 14, 2018 5:09:56 PM net.sf.freecol.server.networking.Server sendToAll
INFO: Reap dead connection: [DummyConnection Server connection - model.nation.inca]
May 14, 2018 5:09:56 PM net.sf.freecol.server.networking.Server sendToAll
INFO: Reap dead connection: [DummyConnection Server connection - model.nation.cherokee]
May 14, 2018 5:09:56 PM net.sf.freecol.server.networking.Server sendToAll
INFO: Reap dead connection: [DummyConnection Server connection - model.nation.iroquois]
May 14, 2018 5:09:56 PM net.sf.freecol.server.networking.Server sendToAll
INFO: Reap dead connection: [DummyConnection Server connection - model.nation.spanish]
May 14, 2018 5:09:56 PM net.sf.freecol.server.networking.Server sendToAll
INFO: Reap dead connection: [DummyConnection Server connection - model.nation.apache]
May 14, 2018 5:09:56 PM net.sf.freecol.server.networking.Server sendToAll
INFO: Reap dead connection: [DummyConnection Server connection - model.nation.tupi]
May 14, 2018 5:09:56 PM net.sf.freecol.server.networking.Server sendToAll
INFO: Reap dead connection: [DummyConnection Server connection - model.nation.arawak]
May 14, 2018 5:09:56 PM net.sf.freecol.server.networking.Server sendToAll
INFO: Reap dead connection: [DummyConnection Server connection - model.nation.english]
May 14, 2018 5:09:56 PM net.sf.freecol.common.model.Specification applyDifficultyLevel
INFO: Applying difficulty level model.difficulty.medium
May 14, 2018 5:09:56 PM net.sf.freecol.common.FreeColSeed getFreeColSeed
INFO: Using seed: 6941203895132169996
May 14, 2018 5:09:56 PM net.sf.freecol.server.networking.Server sendToAll
INFO: Reap dead connection: [DummyConnection Server connection - model.nation.iroquois]
May 14, 2018 5:09:56 PM net.sf.freecol.server.networking.Server sendToAll
INFO: Reap dead connection: [DummyConnection Server connection - model.nation.spanish]
May 14, 2018 5:09:56 PM net.sf.freecol.server.networking.Server sendToAll
INFO: Reap dead connection: [DummyConnection Server connection - model.nation.tupi]
May 14, 2018 5:09:56 PM net.sf.freecol.server.networking.Server sendToAll
INFO: Reap dead connection: [DummyConnection Server connection - model.nation.french]
May 14, 2018 5:09:56 PM net.sf.freecol.server.networking.Server sendToAll
INFO: Reap dead connection: [DummyConnection Server connection - model.nation.inca]
May 14, 2018 5:09:56 PM net.sf.freecol.server.networking.Server sendToAll
INFO: Reap dead connection: [DummyConnection Server connection - model.nation.dutch]
May 14, 2018 5:09:56 PM net.sf.freecol.server.networking.Server sendToAll
INFO: Reap dead connection: [DummyConnection Server connection - model.nation.arawak]
May 14, 2018 5:09:56 PM net.sf.freecol.server.networking.Server sendToAll
INFO: Reap dead connection: [DummyConnection Server connection - model.nation.aztec]
May 14, 2018 5:09:56 PM net.sf.freecol.server.networking.Server sendToAll
INFO: Reap dead connection: [DummyConnection Server connection - model.nation.cherokee]
May 14, 2018 5:09:56 PM net.sf.freecol.server.networking.Server sendToAll
INFO: Reap dead connection: [DummyConnection Server connection - model.nation.sioux]
May 14, 2018 5:09:56 PM net.sf.freecol.server.networking.Server sendToAll
INFO: Reap dead connection: [DummyConnection Server connection - model.nation.apache]
May 14, 2018 5:09:56 PM net.sf.freecol.server.networking.Server sendToAll
INFO: Reap dead connection: [DummyConnection Server connection - model.nation.english]
May 14, 2018 5:09:56 PM net.sf.freecol.common.model.Specification applyDifficultyLevel
INFO: Applying difficulty level model.difficulty.medium
May 14, 2018 5:09:56 PM net.sf.freecol.common.FreeColSeed getFreeColSeed
INFO: Using seed: 2560333128120942083
May 14, 2018 5:09:56 PM net.sf.freecol.server.networking.Server sendToAll
INFO: Reap dead connection: [DummyConnection Server connection - model.nation.arawak]
May 14, 2018 5:09:56 PM net.sf.freecol.server.networking.Server sendToAll
INFO: Reap dead connection: [DummyConnection Server connection - model.nation.cherokee]
May 14, 2018 5:09:56 PM net.sf.freecol.server.networking.Server sendToAll
INFO: Reap dead connection: [DummyConnection Server connection - model.nation.iroquois]
May 14, 2018 5:09:56 PM net.sf.freecol.server.networking.Server sendToAll
INFO: Reap dead connection: [DummyConnection Server connection - model.nation.spanish]
May 14, 2018 5:09:56 PM net.sf.freecol.server.networking.Server sendToAll
INFO: Reap dead connection: [DummyConnection Server connection - model.nation.inca]
May 14, 2018 5:09:56 PM net.sf.freecol.server.networking.Server sendToAll
INFO: Reap dead connection: [DummyConnection Server connection - model.nation.sioux]
May 14, 2018 5:09:56 PM net.sf.freecol.server.networking.Server sendToAll
INFO: Reap dead connection: [DummyConnection Server connection - model.nation.french]
May 14, 2018 5:09:56 PM net.sf.freecol.server.networking.Server sendToAll
INFO: Reap dead connection: [DummyConnection Server connection - model.nation.english]
May 14, 2018 5:09:56 PM net.sf.freecol.server.networking.Server sendToAll
INFO: Reap dead connection: [DummyConnection Server connection - model.nation.tupi]
May 14, 2018 5:09:56 PM net.sf.freecol.server.networking.Server sendToAll
INFO: Reap dead connection: [DummyConnection Server connection - model.nation.dutch]
May 14, 2018 5:09:56 PM net.sf.freecol.server.networking.Server sendToAll
INFO: Reap dead connection: [DummyConnection Server connection - model.nation.apache]
May 14, 2018 5:09:56 PM net.sf.freecol.server.networking.Server sendToAll
INFO: Reap dead connection: [DummyConnection Server connection - model.nation.aztec]
May 14, 2018 5:09:56 PM net.sf.freecol.common.model.Unit setLocation
WARNING: Can not add [unit:249 dutch treasureTrain 1/1] to tile:629
May 14, 2018 5:09:56 PM net.sf.freecol.common.util.LogBuilder log
INFO: Destroying: unit:249
May 14, 2018 5:09:56 PM net.sf.freecol.common.model.Unit setLocation
WARNING: Can not add [unit:250 dutch treasureTrain 1/1] to tile:629
May 14, 2018 5:09:56 PM net.sf.freecol.common.model.Specification applyDifficultyLevel
INFO: Applying difficulty level model.difficulty.medium
May 14, 2018 5:09:56 PM net.sf.freecol.common.FreeColSeed getFreeColSeed
INFO: Using seed: -327378932474439361
May 14, 2018 5:09:56 PM net.sf.freecol.server.networking.Server sendToAll
INFO: Reap dead connection: [DummyConnection Server connection - model.nation.spanish]
May 14, 2018 5:09:56 PM net.sf.freecol.server.networking.Server sendToAll
INFO: Reap dead connection: [DummyConnection Server connection - model.nation.sioux]
May 14, 2018 5:09:56 PM net.sf.freecol.server.networking.Server sendToAll
INFO: Reap dead connection: [DummyConnection Server connection - model.nation.aztec]
May 14, 2018 5:09:56 PM net.sf.freecol.server.networking.Server sendToAll
INFO: Reap dead connection: [DummyConnection Server connection - model.nation.iroquois]
May 14, 2018 5:09:56 PM net.sf.freecol.server.networking.Server sendToAll
INFO: Reap dead connection: [DummyConnection Server connection - model.nation.cherokee]
May 14, 2018 5:09:56 PM net.sf.freecol.server.networking.Server sendToAll
INFO: Reap dead connection: [DummyConnection Server connection - model.nation.tupi]
May 14, 2018 5:09:56 PM net.sf.freecol.server.networking.Server sendToAll
INFO: Reap dead connection: [DummyConnection Server connection - model.nation.english]
May 14, 2018 5:09:56 PM net.sf.freecol.server.networking.Server sendToAll
INFO: Reap dead connection: [DummyConnection Server connection - model.nation.inca]
May 14, 2018 5:09:56 PM net.sf.freecol.server.networking.Server sendToAll
INFO: Reap dead connection: [DummyConnection Server connection - model.nation.dutch]
May 14, 2018 5:09:56 PM net.sf.freecol.server.networking.Server sendToAll
INFO: Reap dead connection: [DummyConnection Server connection - model.nation.arawak]
May 14, 2018 5:09:56 PM net.sf.freecol.server.networking.Server sendToAll
INFO: Reap dead connection: [DummyConnection Server connection - model.nation.apache]
May 14, 2018 5:09:56 PM net.sf.freecol.server.networking.Server sendToAll
INFO: Reap dead connection: [DummyConnection Server connection - model.nation.french]
May 14, 2018 5:09:56 PM net.sf.freecol.common.model.Specification applyDifficultyLevel
INFO: Applying difficulty level model.difficulty.medium
May 14, 2018 5:09:56 PM net.sf.freecol.common.FreeColSeed getFreeColSeed
INFO: Using seed: 1340747251547667218
May 14, 2018 5:09:56 PM net.sf.freecol.server.networking.Server sendToAll
INFO: Reap dead connection: [DummyConnection Server connection - model.nation.inca]
May 14, 2018 5:09:56 PM net.sf.freecol.server.networking.Server sendToAll
INFO: Reap dead connection: [DummyConnection Server connection - model.nation.iroquois]
May 14, 2018 5:09:56 PM net.sf.freecol.server.networking.Server sendToAll
INFO: Reap dead connection: [DummyConnection Server connection - model.nation.dutch]
May 14, 2018 5:09:56 PM net.sf.freecol.server.networking.Server sendToAll
INFO: Reap dead connection: [DummyConnection Server connection - model.nation.arawak]
May 14, 2018 5:09:56 PM net.sf.freecol.server.networking.Server sendToAll
INFO: Reap dead connection: [DummyConnection Server connection - model.nation.cherokee]
May 14, 2018 5:09:56 PM net.sf.freecol.server.networking.Server sendToAll
INFO: Reap dead connection: [DummyConnection Server connection - model.nation.sioux]
May 14, 2018 5:09:56 PM net.sf.freecol.server.networking.Server sendToAll
INFO: Reap dead connection: [DummyConnection Server connection - model.nation.tupi]
May 14, 2018 5:09:56 PM net.sf.freecol.server.networking.Server sendToAll
INFO: Reap dead connection: [DummyConnection Server connection - model.nation.french]
May 14, 2018 5:09:56 PM net.sf.freecol.server.networking.Server sendToAll
INFO: Reap dead connection: [DummyConnection Server connection - model.nation.english]
May 14, 2018 5:09:56 PM net.sf.freecol.server.networking.Server sendToAll
INFO: Reap dead connection: [DummyConnection Server connection - model.nation.aztec]
May 14, 2018 5:09:56 PM net.sf.freecol.server.networking.Server sendToAll
INFO: Reap dead connection: [DummyConnection Server connection - model.nation.spanish]
May 14, 2018 5:09:56 PM net.sf.freecol.server.networking.Server sendToAll
INFO: Reap dead connection: [DummyConnection Server connection - model.nation.apache]
May 14, 2018 5:09:56 PM net.sf.freecol.common.model.Specification applyDifficultyLevel
INFO: Applying difficulty level model.difficulty.medium
May 14, 2018 5:09:56 PM net.sf.freecol.common.FreeColSeed getFreeColSeed
INFO: Using seed: 4550669273939994811
May 14, 2018 5:09:56 PM net.sf.freecol.server.networking.Server sendToAll
INFO: Reap dead connection: [DummyConnection Server connection - model.nation.iroquois]
May 14, 2018 5:09:56 PM net.sf.freecol.server.networking.Server sendToAll
INFO: Reap dead connection: [DummyConnection Server connection - model.nation.spanish]
May 14, 2018 5:09:56 PM net.sf.freecol.server.networking.Server sendToAll
INFO: Reap dead connection: [DummyConnection Server connection - model.nation.cherokee]
May 14, 2018 5:09:56 PM net.sf.freecol.server.networking.Server sendToAll
INFO: Reap dead connection: [DummyConnection Server connection - model.nation.sioux]
May 14, 2018 5:09:56 PM net.sf.freecol.server.networking.Server sendToAll
INFO: Reap dead connection: [DummyConnection Server connection - model.nation.arawak]
May 14, 2018 5:09:56 PM net.sf.freecol.server.networking.Server sendToAll
INFO: Reap dead connection: [DummyConnection Server connection - model.nation.tupi]
May 14, 2018 5:09:56 PM net.sf.freecol.server.networking.Server sendToAll
INFO: Reap dead connection: [DummyConnection Server connection - model.nation.aztec]
May 14, 2018 5:09:56 PM net.sf.freecol.server.networking.Server sendToAll
INFO: Reap dead connection: [DummyConnection Server connection - model.nation.french]
May 14, 2018 5:09:56 PM net.sf.freecol.server.networking.Server sendToAll
INFO: Reap dead connection: [DummyConnection Server connection - model.nation.english]
May 14, 2018 5:09:56 PM net.sf.freecol.server.networking.Server sendToAll
INFO: Reap dead connection: [DummyConnection Server connection - model.nation.inca]
May 14, 2018 5:09:56 PM net.sf.freecol.server.networking.Server sendToAll
INFO: Reap dead connection: [DummyConnection Server connection - model.nation.dutch]
May 14, 2018 5:09:56 PM net.sf.freecol.server.networking.Server sendToAll
INFO: Reap dead connection: [DummyConnection Server connection - model.nation.apache]
May 14, 2018 5:09:56 PM net.sf.freecol.server.model.ServerPlayer csChangeStance
INFO: Stance modification William I UNCONTACTED -> WAR wrt Louis XIV
May 14, 2018 5:09:56 PM net.sf.freecol.server.model.ServerPlayer csChangeStance
INFO: Stance modification Louis XIV UNCONTACTED -> WAR wrt William I (symmetric)
May 14, 2018 5:09:56 PM net.sf.freecol.common.util.LogBuilder log
INFO: Combat attacker=unit:247-freeColonist-soldier [Modifier model.modifier.offence (model.source.baseOffence) ADDITIVE 0.0 index=10] [Modifier model.modifier.offence (model.role.soldier) ADDITIVE 2.0 index=30] [Modifier model.modifier.attackBonus (model.source.attackBonus) PERCENTAGE 50.0 index=50] = 3.0 defender=unit:248-freeColonist-soldier [Modifier model.modifier.defence (model.source.baseDefence) ADDITIVE 1.0 index=10] [Modifier model.modifier.defence (model.role.soldier) ADDITIVE 1.0 index=30] = 2.0 odds=0.6 random(1.0)=0.6200000047683716 great=false Attack LOSE LOSE_EQUIP
May 14, 2018 5:09:56 PM net.sf.freecol.common.util.LogBuilder log
INFO: Combat attacker=unit:247-freeColonist [Modifier model.modifier.offence (model.source.baseOffence) ADDITIVE 0.0 index=10] [Modifier model.modifier.attackBonus (model.source.attackBonus) PERCENTAGE 50.0 index=50] = 0.0 defender=unit:248-freeColonist-soldier [Modifier model.modifier.defence (model.source.baseDefence) ADDITIVE 1.0 index=10] [Modifier model.modifier.defence (model.role.soldier) ADDITIVE 1.0 index=30] = 2.0 odds=0.0 random(1.0)=0.019999999552965164 great=false Attack LOSE CAPTURE_UNIT
May 14, 2018 5:09:56 PM net.sf.freecol.common.model.Specification applyDifficultyLevel
INFO: Applying difficulty level model.difficulty.medium
May 14, 2018 5:09:56 PM net.sf.freecol.common.FreeColSeed getFreeColSeed
INFO: Using seed: 373145991392282503
May 14, 2018 5:09:56 PM net.sf.freecol.server.networking.Server sendToAll
INFO: Reap dead connection: [DummyConnection Server connection - model.nation.tupi]
May 14, 2018 5:09:56 PM net.sf.freecol.server.networking.Server sendToAll
INFO: Reap dead connection: [DummyConnection Server connection - model.nation.dutch]
May 14, 2018 5:09:56 PM net.sf.freecol.server.networking.Server sendToAll
INFO: Reap dead connection: [DummyConnection Server connection - model.nation.french]
May 14, 2018 5:09:56 PM net.sf.freecol.server.networking.Server sendToAll
INFO: Reap dead connection: [DummyConnection Server connection - model.nation.aztec]
May 14, 2018 5:09:56 PM net.sf.freecol.server.networking.Server sendToAll
INFO: Reap dead connection: [DummyConnection Server connection - model.nation.sioux]
May 14, 2018 5:09:56 PM net.sf.freecol.server.networking.Server sendToAll
INFO: Reap dead connection: [DummyConnection Server connection - model.nation.iroquois]
May 14, 2018 5:09:56 PM net.sf.freecol.server.networking.Server sendToAll
INFO: Reap dead connection: [DummyConnection Server connection - model.nation.english]
May 14, 2018 5:09:56 PM net.sf.freecol.server.networking.Server sendToAll
INFO: Reap dead connection: [DummyConnection Server connection - model.nation.apache]
May 14, 2018 5:09:56 PM net.sf.freecol.server.networking.Server sendToAll
INFO: Reap dead connection: [DummyConnection Server connection - model.nation.inca]
May 14, 2018 5:09:56 PM net.sf.freecol.server.networking.Server sendToAll
INFO: Reap dead connection: [DummyConnection Server connection - model.nation.cherokee]
May 14, 2018 5:09:56 PM net.sf.freecol.server.networking.Server sendToAll
INFO: Reap dead connection: [DummyConnection Server connection - model.nation.arawak]
May 14, 2018 5:09:56 PM net.sf.freecol.server.networking.Server sendToAll
INFO: Reap dead connection: [DummyConnection Server connection - model.nation.spanish]
May 14, 2018 5:09:56 PM net.sf.freecol.server.model.ServerPlayer csChangeStance
INFO: Stance modification Louis XIV UNCONTACTED -> WAR wrt William I
May 14, 2018 5:09:56 PM net.sf.freecol.server.model.ServerPlayer csChangeStance
INFO: Stance modification William I UNCONTACTED -> WAR wrt Louis XIV (symmetric)
May 14, 2018 5:09:56 PM net.sf.freecol.common.util.LogBuilder log
INFO: Combat attacker=unit:248-veteranSoldier-soldier [Modifier model.modifier.offence (model.source.baseOffence) ADDITIVE 0.0 index=10] [Modifier model.modifier.offence (model.role.soldier) ADDITIVE 2.0 index=30] [Modifier model.modifier.offence (model.unit.veteranSoldier) PERCENTAGE 50.0 index=40] [Modifier model.modifier.attackBonus (model.source.attackBonus) PERCENTAGE 50.0 index=50] = 4.5 defender=unit:247-colonialRegular-soldier [Modifier model.modifier.defence (model.source.baseDefence) ADDITIVE 1.0 index=10] [Modifier model.modifier.defence (model.unit.colonialRegular) ADDITIVE 3.0 index=20] [Modifier model.modifier.defence (model.role.soldier) ADDITIVE 1.0 index=30] = 5.0 odds=0.47368421052631576 random(1.0)=0.4536842107772827 great=false Attack WIN LOSE_EQUIP DEMOTE_UNIT
May 14, 2018 5:09:56 PM net.sf.freecol.common.util.LogBuilder log
INFO: Combat attacker=unit:248-veteranSoldier-soldier [Modifier model.modifier.offence (model.source.baseOffence) ADDITIVE 0.0 index=10] [Modifier model.modifier.offence (model.role.soldier) ADDITIVE 2.0 index=30] [Modifier model.modifier.offence (model.unit.veteranSoldier) PERCENTAGE 50.0 index=40] [Modifier model.modifier.attackBonus (model.source.attackBonus) PERCENTAGE 50.0 index=50] = 4.5 defender=unit:247-veteranSoldier [Modifier model.modifier.defence (model.source.baseDefence) ADDITIVE 1.0 index=10] [Modifier model.modifier.defence (model.unit.veteranSoldier) PERCENTAGE 50.0 index=40] = 1.5 odds=0.75 random(1.0)=0.7300000190734863 great=false Attack WIN CAPTURE_UNIT
May 14, 2018 5:09:56 PM net.sf.freecol.common.model.Specification applyDifficultyLevel
INFO: Applying difficulty level model.difficulty.medium
May 14, 2018 5:09:56 PM net.sf.freecol.common.FreeColSeed getFreeColSeed
INFO: Using seed: 298692266330929807
May 14, 2018 5:09:56 PM net.sf.freecol.server.networking.Server sendToAll
INFO: Reap dead connection: [DummyConnection Server connection - model.nation.english]
May 14, 2018 5:09:56 PM net.sf.freecol.server.networking.Server sendToAll
INFO: Reap dead connection: [DummyConnection Server connection - model.nation.aztec]
May 14, 2018 5:09:56 PM net.sf.freecol.server.networking.Server sendToAll
INFO: Reap dead connection: [DummyConnection Server connection - model.nation.inca]
May 14, 2018 5:09:56 PM net.sf.freecol.server.networking.Server sendToAll
INFO: Reap dead connection: [DummyConnection Server connection - model.nation.sioux]
May 14, 2018 5:09:56 PM net.sf.freecol.server.networking.Server sendToAll
INFO: Reap dead connection: [DummyConnection Server connection - model.nation.dutch]
May 14, 2018 5:09:56 PM net.sf.freecol.server.networking.Server sendToAll
INFO: Reap dead connection: [DummyConnection Server connection - model.nation.arawak]
May 14, 2018 5:09:56 PM net.sf.freecol.server.networking.Server sendToAll
INFO: Reap dead connection: [DummyConnection Server connection - model.nation.apache]
May 14, 2018 5:09:56 PM net.sf.freecol.server.networking.Server sendToAll
INFO: Reap dead connection: [DummyConnection Server connection - model.nation.french]
May 14, 2018 5:09:56 PM net.sf.freecol.server.networking.Server sendToAll
INFO: Reap dead connection: [DummyConnection Server connection - model.nation.cherokee]
May 14, 2018 5:09:56 PM net.sf.freecol.server.networking.Server sendToAll
INFO: Reap dead connection: [DummyConnection Server connection - model.nation.tupi]
May 14, 2018 5:09:56 PM net.sf.freecol.server.networking.Server sendToAll
INFO: Reap dead connection: [DummyConnection Server connection - model.nation.iroquois]
May 14, 2018 5:09:56 PM net.sf.freecol.server.networking.Server sendToAll
INFO: Reap dead connection: [DummyConnection Server connection - model.nation.spanish]
May 14, 2018 5:09:56 PM net.sf.freecol.server.ai.AIUnit dispose
WARNING: Disposing of unit:271 but owner is null!
May 14, 2018 5:09:56 PM net.sf.freecol.server.ai.AIUnit dispose
WARNING: Disposing of unit:270 but owner is null!
May 14, 2018 5:09:56 PM net.sf.freecol.common.model.Specification applyDifficultyLevel
INFO: Applying difficulty level model.difficulty.medium
May 14, 2018 5:09:56 PM net.sf.freecol.common.FreeColSeed getFreeColSeed
INFO: Using seed: -7724705525347054155
May 14, 2018 5:09:57 PM net.sf.freecol.server.networking.Server sendToAll
INFO: Reap dead connection: [DummyConnection Server connection - model.nation.french]
May 14, 2018 5:09:57 PM net.sf.freecol.server.networking.Server sendToAll
INFO: Reap dead connection: [DummyConnection Server connection - model.nation.spanish]
May 14, 2018 5:09:57 PM net.sf.freecol.server.networking.Server sendToAll
INFO: Reap dead connection: [DummyConnection Server connection - model.nation.inca]
May 14, 2018 5:09:57 PM net.sf.freecol.server.networking.Server sendToAll
INFO: Reap dead connection: [DummyConnection Server connection - model.nation.sioux]
May 14, 2018 5:09:57 PM net.sf.freecol.server.networking.Server sendToAll
INFO: Reap dead connection: [DummyConnection Server connection - model.nation.tupi]
May 14, 2018 5:09:57 PM net.sf.freecol.server.networking.Server sendToAll
INFO: Reap dead connection: [DummyConnection Server connection - model.nation.apache]
May 14, 2018 5:09:57 PM net.sf.freecol.server.networking.Server sendToAll
INFO: Reap dead connection: [DummyConnection Server connection - model.nation.cherokee]
May 14, 2018 5:09:57 PM net.sf.freecol.server.networking.Server sendToAll
INFO: Reap dead connection: [DummyConnection Server connection - model.nation.dutch]
May 14, 2018 5:09:57 PM net.sf.freecol.server.networking.Server sendToAll
INFO: Reap dead connection: [DummyConnection Server connection - model.nation.aztec]
May 14, 2018 5:09:57 PM net.sf.freecol.server.networking.Server sendToAll
INFO: Reap dead connection: [DummyConnection Server connection - model.nation.iroquois]
May 14, 2018 5:09:57 PM net.sf.freecol.server.networking.Server sendToAll
INFO: Reap dead connection: [DummyConnection Server connection - model.nation.english]
May 14, 2018 5:09:57 PM net.sf.freecol.server.networking.Server sendToAll
INFO: Reap dead connection: [DummyConnection Server connection - model.nation.arawak]
May 14, 2018 5:09:57 PM net.sf.freecol.server.model.ServerPlayer csChangeStance
INFO: Stance modification William I UNCONTACTED -> PEACE wrt Guaira
May 14, 2018 5:09:57 PM net.sf.freecol.server.model.ServerPlayer csChangeStance
INFO: Stance modification Guaira UNCONTACTED -> PEACE wrt William I (symmetric)
May 14, 2018 5:09:57 PM net.sf.freecol.common.util.LogBuilder log
INFO: Destroying: unit:253
May 14, 2018 5:09:57 PM net.sf.freecol.server.model.ServerPlayer csChangeStance
INFO: Stance modification Louis XIV UNCONTACTED -> PEACE wrt Guaira
May 14, 2018 5:09:57 PM net.sf.freecol.server.model.ServerPlayer csChangeStance
INFO: Stance modification Guaira UNCONTACTED -> PEACE wrt Louis XIV (symmetric)
May 14, 2018 5:09:57 PM net.sf.freecol.common.model.Specification applyDifficultyLevel
INFO: Applying difficulty level model.difficulty.medium
May 14, 2018 5:09:57 PM net.sf.freecol.common.FreeColSeed getFreeColSeed
INFO: Using seed: 1058352912530975631
May 14, 2018 5:09:57 PM net.sf.freecol.server.networking.Server sendToAll
INFO: Reap dead connection: [DummyConnection Server connection - model.nation.apache]
May 14, 2018 5:09:57 PM net.sf.freecol.server.networking.Server sendToAll
INFO: Reap dead connection: [DummyConnection Server connection - model.nation.aztec]
May 14, 2018 5:09:57 PM net.sf.freecol.server.networking.Server sendToAll
INFO: Reap dead connection: [DummyConnection Server connection - model.nation.sioux]
May 14, 2018 5:09:57 PM net.sf.freecol.server.networking.Server sendToAll
INFO: Reap dead connection: [DummyConnection Server connection - model.nation.inca]
May 14, 2018 5:09:57 PM net.sf.freecol.server.networking.Server sendToAll
INFO: Reap dead connection: [DummyConnection Server connection - model.nation.iroquois]
May 14, 2018 5:09:57 PM net.sf.freecol.server.networking.Server sendToAll
INFO: Reap dead connection: [DummyConnection Server connection - model.nation.english]
May 14, 2018 5:09:57 PM net.sf.freecol.server.networking.Server sendToAll
INFO: Reap dead connection: [DummyConnection Server connection - model.nation.tupi]
May 14, 2018 5:09:57 PM net.sf.freecol.server.networking.Server sendToAll
INFO: Reap dead connection: [DummyConnection Server connection - model.nation.spanish]
May 14, 2018 5:09:57 PM net.sf.freecol.server.networking.Server sendToAll
INFO: Reap dead connection: [DummyConnection Server connection - model.nation.cherokee]
May 14, 2018 5:09:57 PM net.sf.freecol.server.networking.Server sendToAll
INFO: Reap dead connection: [DummyConnection Server connection - model.nation.arawak]
May 14, 2018 5:09:57 PM net.sf.freecol.server.networking.Server sendToAll
INFO: Reap dead connection: [DummyConnection Server connection - model.nation.french]
May 14, 2018 5:09:57 PM net.sf.freecol.server.networking.Server sendToAll
INFO: Reap dead connection: [DummyConnection Server connection - model.nation.dutch]
May 14, 2018 5:09:57 PM net.sf.freecol.common.model.Specification applyDifficultyLevel
INFO: Applying difficulty level model.difficulty.medium
May 14, 2018 5:09:57 PM net.sf.freecol.common.FreeColSeed getFreeColSeed
INFO: Using seed: 2703442288250779743
May 14, 2018 5:09:57 PM net.sf.freecol.server.networking.Server sendToAll
INFO: Reap dead connection: [DummyConnection Server connection - model.nation.tupi]
May 14, 2018 5:09:57 PM net.sf.freecol.server.networking.Server sendToAll
INFO: Reap dead connection: [DummyConnection Server connection - model.nation.sioux]
May 14, 2018 5:09:57 PM net.sf.freecol.server.networking.Server sendToAll
INFO: Reap dead connection: [DummyConnection Server connection - model.nation.french]
May 14, 2018 5:09:57 PM net.sf.freecol.server.networking.Server sendToAll
INFO: Reap dead connection: [DummyConnection Server connection - model.nation.cherokee]
May 14, 2018 5:09:57 PM net.sf.freecol.server.networking.Server sendToAll
INFO: Reap dead connection: [DummyConnection Server connection - model.nation.aztec]
May 14, 2018 5:09:57 PM net.sf.freecol.server.networking.Server sendToAll
INFO: Reap dead connection: [DummyConnection Server connection - model.nation.spanish]
May 14, 2018 5:09:57 PM net.sf.freecol.server.networking.Server sendToAll
INFO: Reap dead connection: [DummyConnection Server connection - model.nation.iroquois]
May 14, 2018 5:09:57 PM net.sf.freecol.server.networking.Server sendToAll
INFO: Reap dead connection: [DummyConnection Server connection - model.nation.english]
May 14, 2018 5:09:57 PM net.sf.freecol.server.networking.Server sendToAll
INFO: Reap dead connection: [DummyConnection Server connection - model.nation.arawak]
May 14, 2018 5:09:57 PM net.sf.freecol.server.networking.Server sendToAll
INFO: Reap dead connection: [DummyConnection Server connection - model.nation.apache]
May 14, 2018 5:09:57 PM net.sf.freecol.server.networking.Server sendToAll
INFO: Reap dead connection: [DummyConnection Server connection - model.nation.dutch]
May 14, 2018 5:09:57 PM net.sf.freecol.server.networking.Server sendToAll
INFO: Reap dead connection: [DummyConnection Server connection - model.nation.inca]
May 14, 2018 5:09:57 PM net.sf.freecol.common.model.Specification applyDifficultyLevel
INFO: Applying difficulty level model.difficulty.medium
May 14, 2018 5:09:57 PM net.sf.freecol.common.FreeColSeed getFreeColSeed
INFO: Using seed: 4102517183067866713
May 14, 2018 5:09:57 PM net.sf.freecol.server.networking.Server sendToAll
INFO: Reap dead connection: [DummyConnection Server connection - model.nation.apache]
May 14, 2018 5:09:57 PM net.sf.freecol.server.networking.Server sendToAll
INFO: Reap dead connection: [DummyConnection Server connection - model.nation.inca]
May 14, 2018 5:09:57 PM net.sf.freecol.server.networking.Server sendToAll
INFO: Reap dead connection: [DummyConnection Server connection - model.nation.tupi]
May 14, 2018 5:09:57 PM net.sf.freecol.server.networking.Server sendToAll
INFO: Reap dead connection: [DummyConnection Server connection - model.nation.sioux]
May 14, 2018 5:09:57 PM net.sf.freecol.server.networking.Server sendToAll
INFO: Reap dead connection: [DummyConnection Server connection - model.nation.aztec]
May 14, 2018 5:09:57 PM net.sf.freecol.server.networking.Server sendToAll
INFO: Reap dead connection: [DummyConnection Server connection - model.nation.iroquois]
May 14, 2018 5:09:57 PM net.sf.freecol.server.networking.Server sendToAll
INFO: Reap dead connection: [DummyConnection Server connection - model.nation.dutch]
May 14, 2018 5:09:57 PM net.sf.freecol.server.networking.Server sendToAll
INFO: Reap dead connection: [DummyConnection Server connection - model.nation.french]
May 14, 2018 5:09:57 PM net.sf.freecol.server.networking.Server sendToAll
INFO: Reap dead connection: [DummyConnection Server connection - model.nation.english]
May 14, 2018 5:09:57 PM net.sf.freecol.server.networking.Server sendToAll
INFO: Reap dead connection: [DummyConnection Server connection - model.nation.arawak]
May 14, 2018 5:09:57 PM net.sf.freecol.server.networking.Server sendToAll
INFO: Reap dead connection: [DummyConnection Server connection - model.nation.cherokee]
May 14, 2018 5:09:57 PM net.sf.freecol.server.networking.Server sendToAll
INFO: Reap dead connection: [DummyConnection Server connection - model.nation.spanish]
May 14, 2018 5:09:57 PM net.sf.freecol.common.model.Specification applyDifficultyLevel
INFO: Applying difficulty level model.difficulty.medium
May 14, 2018 5:09:57 PM net.sf.freecol.common.FreeColSeed getFreeColSeed
INFO: Using seed: 1725663455335729026
May 14, 2018 5:09:57 PM net.sf.freecol.server.networking.Server sendToAll
INFO: Reap dead connection: [DummyConnection Server connection - model.nation.french]
May 14, 2018 5:09:57 PM net.sf.freecol.server.networking.Server sendToAll
INFO: Reap dead connection: [DummyConnection Server connection - model.nation.arawak]
May 14, 2018 5:09:57 PM net.sf.freecol.server.networking.Server sendToAll
INFO: Reap dead connection: [DummyConnection Server connection - model.nation.apache]
May 14, 2018 5:09:57 PM net.sf.freecol.server.networking.Server sendToAll
INFO: Reap dead connection: [DummyConnection Server connection - model.nation.iroquois]
May 14, 2018 5:09:57 PM net.sf.freecol.server.networking.Server sendToAll
INFO: Reap dead connection: [DummyConnection Server connection - model.nation.aztec]
May 14, 2018 5:09:57 PM net.sf.freecol.server.networking.Server sendToAll
INFO: Reap dead connection: [DummyConnection Server connection - model.nation.inca]
May 14, 2018 5:09:57 PM net.sf.freecol.server.networking.Server sendToAll
INFO: Reap dead connection: [DummyConnection Server connection - model.nation.english]
May 14, 2018 5:09:57 PM net.sf.freecol.server.networking.Server sendToAll
INFO: Reap dead connection: [DummyConnection Server connection - model.nation.dutch]
May 14, 2018 5:09:57 PM net.sf.freecol.server.networking.Server sendToAll
INFO: Reap dead connection: [DummyConnection Server connection - model.nation.cherokee]
May 14, 2018 5:09:57 PM net.sf.freecol.server.networking.Server sendToAll
INFO: Reap dead connection: [DummyConnection Server connection - model.nation.spanish]
May 14, 2018 5:09:57 PM net.sf.freecol.server.networking.Server sendToAll
INFO: Reap dead connection: [DummyConnection Server connection - model.nation.sioux]
May 14, 2018 5:09:57 PM net.sf.freecol.server.networking.Server sendToAll
INFO: Reap dead connection: [DummyConnection Server connection - model.nation.tupi]
May 14, 2018 5:09:57 PM net.sf.freecol.common.model.Specification applyDifficultyLevel
INFO: Applying difficulty level model.difficulty.medium
May 14, 2018 5:09:57 PM net.sf.freecol.common.FreeColSeed getFreeColSeed
INFO: Using seed: 6203622344410226038
May 14, 2018 5:09:57 PM net.sf.freecol.server.networking.Server sendToAll
INFO: Reap dead connection: [DummyConnection Server connection - model.nation.french]
May 14, 2018 5:09:57 PM net.sf.freecol.server.networking.Server sendToAll
INFO: Reap dead connection: [DummyConnection Server connection - model.nation.aztec]
May 14, 2018 5:09:57 PM net.sf.freecol.server.networking.Server sendToAll
INFO: Reap dead connection: [DummyConnection Server connection - model.nation.sioux]
May 14, 2018 5:09:57 PM net.sf.freecol.server.networking.Server sendToAll
INFO: Reap dead connection: [DummyConnection Server connection - model.nation.cherokee]
May 14, 2018 5:09:57 PM net.sf.freecol.server.networking.Server sendToAll
INFO: Reap dead connection: [DummyConnection Server connection - model.nation.iroquois]
May 14, 2018 5:09:57 PM net.sf.freecol.server.networking.Server sendToAll
INFO: Reap dead connection: [DummyConnection Server connection - model.nation.dutch]
May 14, 2018 5:09:57 PM net.sf.freecol.server.networking.Server sendToAll
INFO: Reap dead connection: [DummyConnection Server connection - model.nation.apache]
May 14, 2018 5:09:57 PM net.sf.freecol.server.networking.Server sendToAll
INFO: Reap dead connection: [DummyConnection Server connection - model.nation.spanish]
May 14, 2018 5:09:57 PM net.sf.freecol.server.networking.Server sendToAll
INFO: Reap dead connection: [DummyConnection Server connection - model.nation.tupi]
May 14, 2018 5:09:57 PM net.sf.freecol.server.networking.Server sendToAll
INFO: Reap dead connection: [DummyConnection Server connection - model.nation.inca]
May 14, 2018 5:09:57 PM net.sf.freecol.server.networking.Server sendToAll
INFO: Reap dead connection: [DummyConnection Server connection - model.nation.arawak]
May 14, 2018 5:09:57 PM net.sf.freecol.server.networking.Server sendToAll
INFO: Reap dead connection: [DummyConnection Server connection - model.nation.english]
May 14, 2018 5:09:57 PM net.sf.freecol.common.model.Specification applyDifficultyLevel
INFO: Applying difficulty level model.difficulty.medium
May 14, 2018 5:09:57 PM net.sf.freecol.common.FreeColSeed getFreeColSeed
INFO: Using seed: -7829279287532414954
May 14, 2018 5:09:57 PM net.sf.freecol.server.networking.Server sendToAll
INFO: Reap dead connection: [DummyConnection Server connection - model.nation.tupi]
May 14, 2018 5:09:57 PM net.sf.freecol.server.networking.Server sendToAll
INFO: Reap dead connection: [DummyConnection Server connection - model.nation.english]
May 14, 2018 5:09:57 PM net.sf.freecol.server.networking.Server sendToAll
INFO: Reap dead connection: [DummyConnection Server connection - model.nation.aztec]
May 14, 2018 5:09:57 PM net.sf.freecol.server.networking.Server sendToAll
INFO: Reap dead connection: [DummyConnection Server connection - model.nation.inca]
May 14, 2018 5:09:57 PM net.sf.freecol.server.networking.Server sendToAll
INFO: Reap dead connection: [DummyConnection Server connection - model.nation.french]
May 14, 2018 5:09:57 PM net.sf.freecol.server.networking.Server sendToAll
INFO: Reap dead connection: [DummyConnection Server connection - model.nation.sioux]
May 14, 2018 5:09:57 PM net.sf.freecol.server.networking.Server sendToAll
INFO: Reap dead connection: [DummyConnection Server connection - model.nation.arawak]
May 14, 2018 5:09:57 PM net.sf.freecol.server.networking.Server sendToAll
INFO: Reap dead connection: [DummyConnection Server connection - model.nation.apache]
May 14, 2018 5:09:57 PM net.sf.freecol.server.networking.Server sendToAll
INFO: Reap dead connection: [DummyConnection Server connection - model.nation.cherokee]
May 14, 2018 5:09:57 PM net.sf.freecol.server.networking.Server sendToAll
INFO: Reap dead connection: [DummyConnection Server connection - model.nation.iroquois]
May 14, 2018 5:09:57 PM net.sf.freecol.server.networking.Server sendToAll
INFO: Reap dead connection: [DummyConnection Server connection - model.nation.spanish]
May 14, 2018 5:09:57 PM net.sf.freecol.server.networking.Server sendToAll
INFO: Reap dead connection: [DummyConnection Server connection - model.nation.dutch]
May 14, 2018 5:09:57 PM net.sf.freecol.common.model.Specification applyDifficultyLevel
INFO: Applying difficulty level model.difficulty.medium
May 14, 2018 5:09:57 PM net.sf.freecol.common.FreeColSeed getFreeColSeed
INFO: Using seed: 3147638169266824607
May 14, 2018 5:09:57 PM net.sf.freecol.server.networking.Server sendToAll
INFO: Reap dead connection: [DummyConnection Server connection - model.nation.spanish]
May 14, 2018 5:09:57 PM net.sf.freecol.server.networking.Server sendToAll
INFO: Reap dead connection: [DummyConnection Server connection - model.nation.apache]
May 14, 2018 5:09:57 PM net.sf.freecol.server.networking.Server sendToAll
INFO: Reap dead connection: [DummyConnection Server connection - model.nation.inca]
May 14, 2018 5:09:57 PM net.sf.freecol.server.networking.Server sendToAll
INFO: Reap dead connection: [DummyConnection Server connection - model.nation.aztec]
May 14, 2018 5:09:57 PM net.sf.freecol.server.networking.Server sendToAll
INFO: Reap dead connection: [DummyConnection Server connection - model.nation.cherokee]
May 14, 2018 5:09:57 PM net.sf.freecol.server.networking.Server sendToAll
INFO: Reap dead connection: [DummyConnection Server connection - model.nation.arawak]
May 14, 2018 5:09:57 PM net.sf.freecol.server.networking.Server sendToAll
INFO: Reap dead connection: [DummyConnection Server connection - model.nation.french]
May 14, 2018 5:09:57 PM net.sf.freecol.server.networking.Server sendToAll
INFO: Reap dead connection: [DummyConnection Server connection - model.nation.dutch]
May 14, 2018 5:09:57 PM net.sf.freecol.server.networking.Server sendToAll
INFO: Reap dead connection: [DummyConnection Server connection - model.nation.iroquois]
May 14, 2018 5:09:57 PM net.sf.freecol.server.networking.Server sendToAll
INFO: Reap dead connection: [DummyConnection Server connection - model.nation.tupi]
May 14, 2018 5:09:57 PM net.sf.freecol.server.networking.Server sendToAll
INFO: Reap dead connection: [DummyConnection Server connection - model.nation.sioux]
May 14, 2018 5:09:57 PM net.sf.freecol.server.networking.Server sendToAll
INFO: Reap dead connection: [DummyConnection Server connection - model.nation.english]
May 14, 2018 5:09:57 PM net.sf.freecol.common.model.Specification applyDifficultyLevel
INFO: Applying difficulty level model.difficulty.medium
May 14, 2018 5:09:57 PM net.sf.freecol.common.FreeColSeed getFreeColSeed
INFO: Using seed: 3432933242818477582
May 14, 2018 5:09:57 PM net.sf.freecol.server.networking.Server sendToAll
INFO: Reap dead connection: [DummyConnection Server connection - model.nation.aztec]
May 14, 2018 5:09:57 PM net.sf.freecol.server.networking.Server sendToAll
INFO: Reap dead connection: [DummyConnection Server connection - model.nation.spanish]
May 14, 2018 5:09:57 PM net.sf.freecol.server.networking.Server sendToAll
INFO: Reap dead connection: [DummyConnection Server connection - model.nation.cherokee]
May 14, 2018 5:09:57 PM net.sf.freecol.server.networking.Server sendToAll
INFO: Reap dead connection: [DummyConnection Server connection - model.nation.tupi]
May 14, 2018 5:09:57 PM net.sf.freecol.server.networking.Server sendToAll
INFO: Reap dead connection: [DummyConnection Server connection - model.nation.inca]
May 14, 2018 5:09:57 PM net.sf.freecol.server.networking.Server sendToAll
INFO: Reap dead connection: [DummyConnection Server connection - model.nation.sioux]
May 14, 2018 5:09:57 PM net.sf.freecol.server.networking.Server sendToAll
INFO: Reap dead connection: [DummyConnection Server connection - model.nation.dutch]
May 14, 2018 5:09:57 PM net.sf.freecol.server.networking.Server sendToAll
INFO: Reap dead connection: [DummyConnection Server connection - model.nation.iroquois]
May 14, 2018 5:09:57 PM net.sf.freecol.server.networking.Server sendToAll
INFO: Reap dead connection: [DummyConnection Server connection - model.nation.english]
May 14, 2018 5:09:57 PM net.sf.freecol.server.networking.Server sendToAll
INFO: Reap dead connection: [DummyConnection Server connection - model.nation.arawak]
May 14, 2018 5:09:57 PM net.sf.freecol.server.networking.Server sendToAll
INFO: Reap dead connection: [DummyConnection Server connection - model.nation.french]
May 14, 2018 5:09:57 PM net.sf.freecol.server.networking.Server sendToAll
INFO: Reap dead connection: [DummyConnection Server connection - model.nation.apache]
May 14, 2018 5:09:57 PM net.sf.freecol.common.model.Specification applyDifficultyLevel
INFO: Applying difficulty level model.difficulty.medium
May 14, 2018 5:09:57 PM net.sf.freecol.common.FreeColSeed getFreeColSeed
INFO: Using seed: -2091148439004798933
May 14, 2018 5:09:57 PM net.sf.freecol.server.networking.Server sendToAll
INFO: Reap dead connection: [DummyConnection Server connection - model.nation.apache]
May 14, 2018 5:09:57 PM net.sf.freecol.server.networking.Server sendToAll
INFO: Reap dead connection: [DummyConnection Server connection - model.nation.french]
May 14, 2018 5:09:57 PM net.sf.freecol.server.networking.Server sendToAll
INFO: Reap dead connection: [DummyConnection Server connection - model.nation.english]
May 14, 2018 5:09:57 PM net.sf.freecol.server.networking.Server sendToAll
INFO: Reap dead connection: [DummyConnection Server connection - model.nation.dutch]
May 14, 2018 5:09:57 PM net.sf.freecol.server.networking.Server sendToAll
INFO: Reap dead connection: [DummyConnection Server connection - model.nation.spanish]
May 14, 2018 5:09:57 PM net.sf.freecol.server.networking.Server sendToAll
INFO: Reap dead connection: [DummyConnection Server connection - model.nation.tupi]
May 14, 2018 5:09:57 PM net.sf.freecol.server.networking.Server sendToAll
INFO: Reap dead connection: [DummyConnection Server connection - model.nation.arawak]
May 14, 2018 5:09:57 PM net.sf.freecol.server.networking.Server sendToAll
INFO: Reap dead connection: [DummyConnection Server connection - model.nation.sioux]
May 14, 2018 5:09:57 PM net.sf.freecol.server.networking.Server sendToAll
INFO: Reap dead connection: [DummyConnection Server connection - model.nation.aztec]
May 14, 2018 5:09:57 PM net.sf.freecol.server.networking.Server sendToAll
INFO: Reap dead connection: [DummyConnection Server connection - model.nation.cherokee]
May 14, 2018 5:09:57 PM net.sf.freecol.server.networking.Server sendToAll
INFO: Reap dead connection: [DummyConnection Server connection - model.nation.inca]
May 14, 2018 5:09:57 PM net.sf.freecol.server.networking.Server sendToAll
INFO: Reap dead connection: [DummyConnection Server connection - model.nation.iroquois]
May 14, 2018 5:09:57 PM net.sf.freecol.common.model.Specification applyDifficultyLevel
INFO: Applying difficulty level model.difficulty.medium
May 14, 2018 5:09:57 PM net.sf.freecol.common.FreeColSeed getFreeColSeed
INFO: Using seed: -3550124998175038960
May 14, 2018 5:09:57 PM net.sf.freecol.server.networking.Server sendToAll
INFO: Reap dead connection: [DummyConnection Server connection - model.nation.cherokee]
May 14, 2018 5:09:57 PM net.sf.freecol.server.networking.Server sendToAll
INFO: Reap dead connection: [DummyConnection Server connection - model.nation.french]
May 14, 2018 5:09:57 PM net.sf.freecol.server.networking.Server sendToAll
INFO: Reap dead connection: [DummyConnection Server connection - model.nation.inca]
May 14, 2018 5:09:57 PM net.sf.freecol.server.networking.Server sendToAll
INFO: Reap dead connection: [DummyConnection Server connection - model.nation.iroquois]
May 14, 2018 5:09:57 PM net.sf.freecol.server.networking.Server sendToAll
INFO: Reap dead connection: [DummyConnection Server connection - model.nation.apache]
May 14, 2018 5:09:57 PM net.sf.freecol.server.networking.Server sendToAll
INFO: Reap dead connection: [DummyConnection Server connection - model.nation.tupi]
May 14, 2018 5:09:57 PM net.sf.freecol.server.networking.Server sendToAll
INFO: Reap dead connection: [DummyConnection Server connection - model.nation.arawak]
May 14, 2018 5:09:57 PM net.sf.freecol.server.networking.Server sendToAll
INFO: Reap dead connection: [DummyConnection Server connection - model.nation.sioux]
May 14, 2018 5:09:57 PM net.sf.freecol.server.networking.Server sendToAll
INFO: Reap dead connection: [DummyConnection Server connection - model.nation.aztec]
May 14, 2018 5:09:57 PM net.sf.freecol.server.networking.Server sendToAll
INFO: Reap dead connection: [DummyConnection Server connection - model.nation.spanish]
May 14, 2018 5:09:57 PM net.sf.freecol.server.networking.Server sendToAll
INFO: Reap dead connection: [DummyConnection Server connection - model.nation.dutch]
May 14, 2018 5:09:57 PM net.sf.freecol.server.networking.Server sendToAll
INFO: Reap dead connection: [DummyConnection Server connection - model.nation.english]
May 14, 2018 5:09:57 PM net.sf.freecol.common.model.Specification applyDifficultyLevel
INFO: Applying difficulty level model.difficulty.medium
May 14, 2018 5:09:57 PM net.sf.freecol.common.FreeColSeed getFreeColSeed
INFO: Using seed: 2159338214989370190
May 14, 2018 5:09:57 PM net.sf.freecol.server.networking.Server sendToAll
INFO: Reap dead connection: [DummyConnection Server connection - model.nation.iroquois]
May 14, 2018 5:09:57 PM net.sf.freecol.server.networking.Server sendToAll
INFO: Reap dead connection: [DummyConnection Server connection - model.nation.english]
May 14, 2018 5:09:57 PM net.sf.freecol.server.networking.Server sendToAll
INFO: Reap dead connection: [DummyConnection Server connection - model.nation.apache]
May 14, 2018 5:09:57 PM net.sf.freecol.server.networking.Server sendToAll
INFO: Reap dead connection: [DummyConnection Server connection - model.nation.cherokee]
May 14, 2018 5:09:57 PM net.sf.freecol.server.networking.Server sendToAll
INFO: Reap dead connection: [DummyConnection Server connection - model.nation.spanish]
May 14, 2018 5:09:57 PM net.sf.freecol.server.networking.Server sendToAll
INFO: Reap dead connection: [DummyConnection Server connection - model.nation.arawak]
May 14, 2018 5:09:57 PM net.sf.freecol.server.networking.Server sendToAll
INFO: Reap dead connection: [DummyConnection Server connection - model.nation.inca]
May 14, 2018 5:09:57 PM net.sf.freecol.server.networking.Server sendToAll
INFO: Reap dead connection: [DummyConnection Server connection - model.nation.aztec]
May 14, 2018 5:09:57 PM net.sf.freecol.server.networking.Server sendToAll
INFO: Reap dead connection: [DummyConnection Server connection - model.nation.dutch]
May 14, 2018 5:09:57 PM net.sf.freecol.server.networking.Server sendToAll
INFO: Reap dead connection: [DummyConnection Server connection - model.nation.french]
May 14, 2018 5:09:57 PM net.sf.freecol.server.networking.Server sendToAll
INFO: Reap dead connection: [DummyConnection Server connection - model.nation.sioux]
May 14, 2018 5:09:57 PM net.sf.freecol.server.networking.Server sendToAll
INFO: Reap dead connection: [DummyConnection Server connection - model.nation.tupi]
May 14, 2018 5:09:57 PM net.sf.freecol.common.model.Specification applyDifficultyLevel
INFO: Applying difficulty level model.difficulty.medium
May 14, 2018 5:09:57 PM net.sf.freecol.common.FreeColSeed getFreeColSeed
INFO: Using seed: 6339028021022986169
May 14, 2018 5:09:57 PM net.sf.freecol.server.networking.Server sendToAll
INFO: Reap dead connection: [DummyConnection Server connection - model.nation.english]
May 14, 2018 5:09:57 PM net.sf.freecol.server.networking.Server sendToAll
INFO: Reap dead connection: [DummyConnection Server connection - model.nation.inca]
May 14, 2018 5:09:57 PM net.sf.freecol.server.networking.Server sendToAll
INFO: Reap dead connection: [DummyConnection Server connection - model.nation.arawak]
May 14, 2018 5:09:57 PM net.sf.freecol.server.networking.Server sendToAll
INFO: Reap dead connection: [DummyConnection Server connection - model.nation.cherokee]
May 14, 2018 5:09:57 PM net.sf.freecol.server.networking.Server sendToAll
INFO: Reap dead connection: [DummyConnection Server connection - model.nation.apache]
May 14, 2018 5:09:57 PM net.sf.freecol.server.networking.Server sendToAll
INFO: Reap dead connection: [DummyConnection Server connection - model.nation.spanish]
May 14, 2018 5:09:57 PM net.sf.freecol.server.networking.Server sendToAll
INFO: Reap dead connection: [DummyConnection Server connection - model.nation.iroquois]
May 14, 2018 5:09:57 PM net.sf.freecol.server.networking.Server sendToAll
INFO: Reap dead connection: [DummyConnection Server connection - model.nation.tupi]
May 14, 2018 5:09:57 PM net.sf.freecol.server.networking.Server sendToAll
INFO: Reap dead connection: [DummyConnection Server connection - model.nation.dutch]
May 14, 2018 5:09:57 PM net.sf.freecol.server.networking.Server sendToAll
INFO: Reap dead connection: [DummyConnection Server connection - model.nation.aztec]
May 14, 2018 5:09:57 PM net.sf.freecol.server.networking.Server sendToAll
INFO: Reap dead connection: [DummyConnection Server connection - model.nation.french]
May 14, 2018 5:09:57 PM net.sf.freecol.server.networking.Server sendToAll
INFO: Reap dead connection: [DummyConnection Server connection - model.nation.sioux]
May 14, 2018 5:09:57 PM net.sf.freecol.common.model.Specification applyDifficultyLevel
INFO: Applying difficulty level model.difficulty.medium
May 14, 2018 5:09:57 PM net.sf.freecol.common.FreeColSeed getFreeColSeed
INFO: Using seed: -1489352366524264618
May 14, 2018 5:09:57 PM net.sf.freecol.server.networking.Server sendToAll
INFO: Reap dead connection: [DummyConnection Server connection - model.nation.aztec]
May 14, 2018 5:09:57 PM net.sf.freecol.server.networking.Server sendToAll
INFO: Reap dead connection: [DummyConnection Server connection - model.nation.sioux]
May 14, 2018 5:09:57 PM net.sf.freecol.server.networking.Server sendToAll
INFO: Reap dead connection: [DummyConnection Server connection - model.nation.apache]
May 14, 2018 5:09:57 PM net.sf.freecol.server.networking.Server sendToAll
INFO: Reap dead connection: [DummyConnection Server connection - model.nation.inca]
May 14, 2018 5:09:57 PM net.sf.freecol.server.networking.Server sendToAll
INFO: Reap dead connection: [DummyConnection Server connection - model.nation.iroquois]
May 14, 2018 5:09:57 PM net.sf.freecol.server.networking.Server sendToAll
INFO: Reap dead connection: [DummyConnection Server connection - model.nation.english]
May 14, 2018 5:09:57 PM net.sf.freecol.server.networking.Server sendToAll
INFO: Reap dead connection: [DummyConnection Server connection - model.nation.cherokee]
May 14, 2018 5:09:57 PM net.sf.freecol.server.networking.Server sendToAll
INFO: Reap dead connection: [DummyConnection Server connection - model.nation.spanish]
May 14, 2018 5:09:57 PM net.sf.freecol.server.networking.Server sendToAll
INFO: Reap dead connection: [DummyConnection Server connection - model.nation.dutch]
May 14, 2018 5:09:57 PM net.sf.freecol.server.networking.Server sendToAll
INFO: Reap dead connection: [DummyConnection Server connection - model.nation.tupi]
May 14, 2018 5:09:57 PM net.sf.freecol.server.networking.Server sendToAll
INFO: Reap dead connection: [DummyConnection Server connection - model.nation.french]
May 14, 2018 5:09:57 PM net.sf.freecol.server.networking.Server sendToAll
INFO: Reap dead connection: [DummyConnection Server connection - model.nation.arawak]
May 14, 2018 5:09:57 PM net.sf.freecol.common.model.Specification applyDifficultyLevel
INFO: Applying difficulty level model.difficulty.medium
May 14, 2018 5:09:57 PM net.sf.freecol.common.FreeColSeed getFreeColSeed
INFO: Using seed: -3666246668729068932
May 14, 2018 5:09:57 PM net.sf.freecol.server.networking.Server sendToAll
INFO: Reap dead connection: [DummyConnection Server connection - model.nation.english]
May 14, 2018 5:09:57 PM net.sf.freecol.server.networking.Server sendToAll
INFO: Reap dead connection: [DummyConnection Server connection - model.nation.aztec]
May 14, 2018 5:09:57 PM net.sf.freecol.server.networking.Server sendToAll
INFO: Reap dead connection: [DummyConnection Server connection - model.nation.spanish]
May 14, 2018 5:09:57 PM net.sf.freecol.server.networking.Server sendToAll
INFO: Reap dead connection: [DummyConnection Server connection - model.nation.dutch]
May 14, 2018 5:09:57 PM net.sf.freecol.server.networking.Server sendToAll
INFO: Reap dead connection: [DummyConnection Server connection - model.nation.tupi]
May 14, 2018 5:09:57 PM net.sf.freecol.server.networking.Server sendToAll
INFO: Reap dead connection: [DummyConnection Server connection - model.nation.french]
May 14, 2018 5:09:57 PM net.sf.freecol.server.networking.Server sendToAll
INFO: Reap dead connection: [DummyConnection Server connection - model.nation.cherokee]
May 14, 2018 5:09:57 PM net.sf.freecol.server.networking.Server sendToAll
INFO: Reap dead connection: [DummyConnection Server connection - model.nation.inca]
May 14, 2018 5:09:57 PM net.sf.freecol.server.networking.Server sendToAll
INFO: Reap dead connection: [DummyConnection Server connection - model.nation.iroquois]
May 14, 2018 5:09:57 PM net.sf.freecol.server.networking.Server sendToAll
INFO: Reap dead connection: [DummyConnection Server connection - model.nation.sioux]
May 14, 2018 5:09:57 PM net.sf.freecol.server.networking.Server sendToAll
INFO: Reap dead connection: [DummyConnection Server connection - model.nation.arawak]
May 14, 2018 5:09:57 PM net.sf.freecol.server.networking.Server sendToAll
INFO: Reap dead connection: [DummyConnection Server connection - model.nation.apache]
May 14, 2018 5:09:57 PM net.sf.freecol.common.model.Specification applyDifficultyLevel
INFO: Applying difficulty level model.difficulty.medium
May 14, 2018 5:09:57 PM net.sf.freecol.common.FreeColSeed getFreeColSeed
INFO: Using seed: -2043829075863224773
May 14, 2018 5:09:57 PM net.sf.freecol.server.networking.Server sendToAll
INFO: Reap dead connection: [DummyConnection Server connection - model.nation.english]
May 14, 2018 5:09:57 PM net.sf.freecol.server.networking.Server sendToAll
INFO: Reap dead connection: [DummyConnection Server connection - model.nation.cherokee]
May 14, 2018 5:09:57 PM net.sf.freecol.server.networking.Server sendToAll
INFO: Reap dead connection: [DummyConnection Server connection - model.nation.iroquois]
May 14, 2018 5:09:57 PM net.sf.freecol.server.networking.Server sendToAll
INFO: Reap dead connection: [DummyConnection Server connection - model.nation.tupi]
May 14, 2018 5:09:57 PM net.sf.freecol.server.networking.Server sendToAll
INFO: Reap dead connection: [DummyConnection Server connection - model.nation.arawak]
May 14, 2018 5:09:57 PM net.sf.freecol.server.networking.Server sendToAll
INFO: Reap dead connection: [DummyConnection Server connection - model.nation.sioux]
May 14, 2018 5:09:57 PM net.sf.freecol.server.networking.Server sendToAll
INFO: Reap dead connection: [DummyConnection Server connection - model.nation.aztec]
May 14, 2018 5:09:57 PM net.sf.freecol.server.networking.Server sendToAll
INFO: Reap dead connection: [DummyConnection Server connection - model.nation.dutch]
May 14, 2018 5:09:57 PM net.sf.freecol.server.networking.Server sendToAll
INFO: Reap dead connection: [DummyConnection Server connection - model.nation.inca]
May 14, 2018 5:09:57 PM net.sf.freecol.server.networking.Server sendToAll
INFO: Reap dead connection: [DummyConnection Server connection - model.nation.spanish]
May 14, 2018 5:09:57 PM net.sf.freecol.server.networking.Server sendToAll
INFO: Reap dead connection: [DummyConnection Server connection - model.nation.french]
May 14, 2018 5:09:57 PM net.sf.freecol.server.networking.Server sendToAll
INFO: Reap dead connection: [DummyConnection Server connection - model.nation.apache]
May 14, 2018 5:09:57 PM net.sf.freecol.common.model.Specification applyDifficultyLevel
INFO: Applying difficulty level model.difficulty.medium
May 14, 2018 5:09:57 PM net.sf.freecol.common.FreeColSeed getFreeColSeed
INFO: Using seed: 5655207690713220600
May 14, 2018 5:09:57 PM net.sf.freecol.server.networking.Server sendToAll
INFO: Reap dead connection: [DummyConnection Server connection - model.nation.inca]
May 14, 2018 5:09:57 PM net.sf.freecol.server.networking.Server sendToAll
INFO: Reap dead connection: [DummyConnection Server connection - model.nation.tupi]
May 14, 2018 5:09:57 PM net.sf.freecol.server.networking.Server sendToAll
INFO: Reap dead connection: [DummyConnection Server connection - model.nation.apache]
May 14, 2018 5:09:57 PM net.sf.freecol.server.networking.Server sendToAll
INFO: Reap dead connection: [DummyConnection Server connection - model.nation.iroquois]
May 14, 2018 5:09:57 PM net.sf.freecol.server.networking.Server sendToAll
INFO: Reap dead connection: [DummyConnection Server connection - model.nation.sioux]
May 14, 2018 5:09:57 PM net.sf.freecol.server.networking.Server sendToAll
INFO: Reap dead connection: [DummyConnection Server connection - model.nation.dutch]
May 14, 2018 5:09:57 PM net.sf.freecol.server.networking.Server sendToAll
INFO: Reap dead connection: [DummyConnection Server connection - model.nation.arawak]
May 14, 2018 5:09:57 PM net.sf.freecol.server.networking.Server sendToAll
INFO: Reap dead connection: [DummyConnection Server connection - model.nation.spanish]
May 14, 2018 5:09:57 PM net.sf.freecol.server.networking.Server sendToAll
INFO: Reap dead connection: [DummyConnection Server connection - model.nation.aztec]
May 14, 2018 5:09:57 PM net.sf.freecol.server.networking.Server sendToAll
INFO: Reap dead connection: [DummyConnection Server connection - model.nation.cherokee]
May 14, 2018 5:09:57 PM net.sf.freecol.server.networking.Server sendToAll
INFO: Reap dead connection: [DummyConnection Server connection - model.nation.french]
May 14, 2018 5:09:57 PM net.sf.freecol.server.networking.Server sendToAll
INFO: Reap dead connection: [DummyConnection Server connection - model.nation.english]
May 14, 2018 5:09:57 PM net.sf.freecol.common.model.Specification applyDifficultyLevel
INFO: Applying difficulty level model.difficulty.medium
May 14, 2018 5:09:57 PM net.sf.freecol.common.FreeColSeed getFreeColSeed
INFO: Using seed: 7148464661577531067
May 14, 2018 5:09:57 PM net.sf.freecol.server.networking.Server sendToAll
INFO: Reap dead connection: [DummyConnection Server connection - model.nation.inca]
May 14, 2018 5:09:57 PM net.sf.freecol.server.networking.Server sendToAll
INFO: Reap dead connection: [DummyConnection Server connection - model.nation.english]
May 14, 2018 5:09:57 PM net.sf.freecol.server.networking.Server sendToAll
INFO: Reap dead connection: [DummyConnection Server connection - model.nation.french]
May 14, 2018 5:09:57 PM net.sf.freecol.server.networking.Server sendToAll
INFO: Reap dead connection: [DummyConnection Server connection - model.nation.dutch]
May 14, 2018 5:09:57 PM net.sf.freecol.server.networking.Server sendToAll
INFO: Reap dead connection: [DummyConnection Server connection - model.nation.apache]
May 14, 2018 5:09:57 PM net.sf.freecol.server.networking.Server sendToAll
INFO: Reap dead connection: [DummyConnection Server connection - model.nation.spanish]
May 14, 2018 5:09:57 PM net.sf.freecol.server.networking.Server sendToAll
INFO: Reap dead connection: [DummyConnection Server connection - model.nation.aztec]
May 14, 2018 5:09:57 PM net.sf.freecol.server.networking.Server sendToAll
INFO: Reap dead connection: [DummyConnection Server connection - model.nation.sioux]
May 14, 2018 5:09:57 PM net.sf.freecol.server.networking.Server sendToAll
INFO: Reap dead connection: [DummyConnection Server connection - model.nation.tupi]
May 14, 2018 5:09:57 PM net.sf.freecol.server.networking.Server sendToAll
INFO: Reap dead connection: [DummyConnection Server connection - model.nation.iroquois]
May 14, 2018 5:09:57 PM net.sf.freecol.server.networking.Server sendToAll
INFO: Reap dead connection: [DummyConnection Server connection - model.nation.arawak]
May 14, 2018 5:09:57 PM net.sf.freecol.server.networking.Server sendToAll
INFO: Reap dead connection: [DummyConnection Server connection - model.nation.cherokee]
May 14, 2018 5:09:57 PM net.sf.freecol.common.model.Specification applyDifficultyLevel
INFO: Applying difficulty level model.difficulty.medium
May 14, 2018 5:09:57 PM net.sf.freecol.common.FreeColSeed getFreeColSeed
INFO: Using seed: 171833935535121058
May 14, 2018 5:09:57 PM net.sf.freecol.server.networking.Server sendToAll
INFO: Reap dead connection: [DummyConnection Server connection - model.nation.tupi]
May 14, 2018 5:09:57 PM net.sf.freecol.server.networking.Server sendToAll
INFO: Reap dead connection: [DummyConnection Server connection - model.nation.aztec]
May 14, 2018 5:09:57 PM net.sf.freecol.server.networking.Server sendToAll
INFO: Reap dead connection: [DummyConnection Server connection - model.nation.dutch]
May 14, 2018 5:09:57 PM net.sf.freecol.server.networking.Server sendToAll
INFO: Reap dead connection: [DummyConnection Server connection - model.nation.spanish]
May 14, 2018 5:09:57 PM net.sf.freecol.server.networking.Server sendToAll
INFO: Reap dead connection: [DummyConnection Server connection - model.nation.english]
May 14, 2018 5:09:57 PM net.sf.freecol.server.networking.Server sendToAll
INFO: Reap dead connection: [DummyConnection Server connection - model.nation.inca]
May 14, 2018 5:09:57 PM net.sf.freecol.server.networking.Server sendToAll
INFO: Reap dead connection: [DummyConnection Server connection - model.nation.sioux]
May 14, 2018 5:09:57 PM net.sf.freecol.server.networking.Server sendToAll
INFO: Reap dead connection: [DummyConnection Server connection - model.nation.apache]
May 14, 2018 5:09:57 PM net.sf.freecol.server.networking.Server sendToAll
INFO: Reap dead connection: [DummyConnection Server connection - model.nation.cherokee]
May 14, 2018 5:09:57 PM net.sf.freecol.server.networking.Server sendToAll
INFO: Reap dead connection: [DummyConnection Server connection - model.nation.french]
May 14, 2018 5:09:57 PM net.sf.freecol.server.networking.Server sendToAll
INFO: Reap dead connection: [DummyConnection Server connection - model.nation.arawak]
May 14, 2018 5:09:57 PM net.sf.freecol.server.networking.Server sendToAll
INFO: Reap dead connection: [DummyConnection Server connection - model.nation.iroquois]
May 14, 2018 5:09:57 PM net.sf.freecol.common.model.Specification applyDifficultyLevel
INFO: Applying difficulty level model.difficulty.medium
May 14, 2018 5:09:57 PM net.sf.freecol.common.FreeColSeed getFreeColSeed
INFO: Using seed: 5339234672030509662
May 14, 2018 5:09:57 PM net.sf.freecol.server.networking.Server sendToAll
INFO: Reap dead connection: [DummyConnection Server connection - model.nation.dutch]
May 14, 2018 5:09:57 PM net.sf.freecol.server.networking.Server sendToAll
INFO: Reap dead connection: [DummyConnection Server connection - model.nation.sioux]
May 14, 2018 5:09:57 PM net.sf.freecol.server.networking.Server sendToAll
INFO: Reap dead connection: [DummyConnection Server connection - model.nation.cherokee]
May 14, 2018 5:09:57 PM net.sf.freecol.server.networking.Server sendToAll
INFO: Reap dead connection: [DummyConnection Server connection - model.nation.arawak]
May 14, 2018 5:09:57 PM net.sf.freecol.server.networking.Server sendToAll
INFO: Reap dead connection: [DummyConnection Server connection - model.nation.iroquois]
May 14, 2018 5:09:57 PM net.sf.freecol.server.networking.Server sendToAll
INFO: Reap dead connection: [DummyConnection Server connection - model.nation.french]
May 14, 2018 5:09:57 PM net.sf.freecol.server.networking.Server sendToAll
INFO: Reap dead connection: [DummyConnection Server connection - model.nation.aztec]
May 14, 2018 5:09:57 PM net.sf.freecol.server.networking.Server sendToAll
INFO: Reap dead connection: [DummyConnection Server connection - model.nation.english]
May 14, 2018 5:09:57 PM net.sf.freecol.server.networking.Server sendToAll
INFO: Reap dead connection: [DummyConnection Server connection - model.nation.apache]
May 14, 2018 5:09:57 PM net.sf.freecol.server.networking.Server sendToAll
INFO: Reap dead connection: [DummyConnection Server connection - model.nation.spanish]
May 14, 2018 5:09:57 PM net.sf.freecol.server.networking.Server sendToAll
INFO: Reap dead connection: [DummyConnection Server connection - model.nation.inca]
May 14, 2018 5:09:57 PM net.sf.freecol.server.networking.Server sendToAll
INFO: Reap dead connection: [DummyConnection Server connection - model.nation.tupi]
May 14, 2018 5:09:57 PM net.sf.freecol.common.model.Specification applyDifficultyLevel
INFO: Applying difficulty level model.difficulty.medium
May 14, 2018 5:09:57 PM net.sf.freecol.common.FreeColSeed getFreeColSeed
INFO: Using seed: -8374682752028727539
May 14, 2018 5:09:57 PM net.sf.freecol.server.networking.Server sendToAll
INFO: Reap dead connection: [DummyConnection Server connection - model.nation.tupi]
May 14, 2018 5:09:57 PM net.sf.freecol.server.networking.Server sendToAll
INFO: Reap dead connection: [DummyConnection Server connection - model.nation.inca]
May 14, 2018 5:09:57 PM net.sf.freecol.server.networking.Server sendToAll
INFO: Reap dead connection: [DummyConnection Server connection - model.nation.aztec]
May 14, 2018 5:09:57 PM net.sf.freecol.server.networking.Server sendToAll
INFO: Reap dead connection: [DummyConnection Server connection - model.nation.cherokee]
May 14, 2018 5:09:57 PM net.sf.freecol.server.networking.Server sendToAll
INFO: Reap dead connection: [DummyConnection Server connection - model.nation.apache]
May 14, 2018 5:09:57 PM net.sf.freecol.server.networking.Server sendToAll
INFO: Reap dead connection: [DummyConnection Server connection - model.nation.dutch]
May 14, 2018 5:09:57 PM net.sf.freecol.server.networking.Server sendToAll
INFO: Reap dead connection: [DummyConnection Server connection - model.nation.english]
May 14, 2018 5:09:57 PM net.sf.freecol.server.networking.Server sendToAll
INFO: Reap dead connection: [DummyConnection Server connection - model.nation.french]
May 14, 2018 5:09:57 PM net.sf.freecol.server.networking.Server sendToAll
INFO: Reap dead connection: [DummyConnection Server connection - model.nation.spanish]
May 14, 2018 5:09:57 PM net.sf.freecol.server.networking.Server sendToAll
INFO: Reap dead connection: [DummyConnection Server connection - model.nation.iroquois]
May 14, 2018 5:09:57 PM net.sf.freecol.server.networking.Server sendToAll
INFO: Reap dead connection: [DummyConnection Server connection - model.nation.sioux]
May 14, 2018 5:09:57 PM net.sf.freecol.server.networking.Server sendToAll
INFO: Reap dead connection: [DummyConnection Server connection - model.nation.arawak]
May 14, 2018 5:09:57 PM net.sf.freecol.common.model.Specification applyDifficultyLevel
INFO: Applying difficulty level model.difficulty.medium
May 14, 2018 5:09:57 PM net.sf.freecol.common.FreeColSeed getFreeColSeed
INFO: Using seed: -5709861161642504811
May 14, 2018 5:09:57 PM net.sf.freecol.server.networking.Server sendToAll
INFO: Reap dead connection: [DummyConnection Server connection - model.nation.arawak]
May 14, 2018 5:09:57 PM net.sf.freecol.server.networking.Server sendToAll
INFO: Reap dead connection: [DummyConnection Server connection - model.nation.tupi]
May 14, 2018 5:09:57 PM net.sf.freecol.server.networking.Server sendToAll
INFO: Reap dead connection: [DummyConnection Server connection - model.nation.dutch]
May 14, 2018 5:09:57 PM net.sf.freecol.server.networking.Server sendToAll
INFO: Reap dead connection: [DummyConnection Server connection - model.nation.sioux]
May 14, 2018 5:09:57 PM net.sf.freecol.server.networking.Server sendToAll
INFO: Reap dead connection: [DummyConnection Server connection - model.nation.french]
May 14, 2018 5:09:57 PM net.sf.freecol.server.networking.Server sendToAll
INFO: Reap dead connection: [DummyConnection Server connection - model.nation.iroquois]
May 14, 2018 5:09:57 PM net.sf.freecol.server.networking.Server sendToAll
INFO: Reap dead connection: [DummyConnection Server connection - model.nation.english]
May 14, 2018 5:09:57 PM net.sf.freecol.server.networking.Server sendToAll
INFO: Reap dead connection: [DummyConnection Server connection - model.nation.apache]
May 14, 2018 5:09:57 PM net.sf.freecol.server.networking.Server sendToAll
INFO: Reap dead connection: [DummyConnection Server connection - model.nation.aztec]
May 14, 2018 5:09:57 PM net.sf.freecol.server.networking.Server sendToAll
INFO: Reap dead connection: [DummyConnection Server connection - model.nation.spanish]
May 14, 2018 5:09:57 PM net.sf.freecol.server.networking.Server sendToAll
INFO: Reap dead connection: [DummyConnection Server connection - model.nation.inca]
May 14, 2018 5:09:57 PM net.sf.freecol.server.networking.Server sendToAll
INFO: Reap dead connection: [DummyConnection Server connection - model.nation.cherokee]
May 14, 2018 5:09:57 PM net.sf.freecol.common.model.Specification applyDifficultyLevel
INFO: Applying difficulty level model.difficulty.medium
May 14, 2018 5:09:57 PM net.sf.freecol.common.FreeColSeed getFreeColSeed
INFO: Using seed: 4879379654892388510
May 14, 2018 5:09:57 PM net.sf.freecol.server.networking.Server sendToAll
INFO: Reap dead connection: [DummyConnection Server connection - model.nation.arawak]
May 14, 2018 5:09:57 PM net.sf.freecol.server.networking.Server sendToAll
INFO: Reap dead connection: [DummyConnection Server connection - model.nation.cherokee]
May 14, 2018 5:09:57 PM net.sf.freecol.server.networking.Server sendToAll
INFO: Reap dead connection: [DummyConnection Server connection - model.nation.aztec]
May 14, 2018 5:09:57 PM net.sf.freecol.server.networking.Server sendToAll
INFO: Reap dead connection: [DummyConnection Server connection - model.nation.tupi]
May 14, 2018 5:09:57 PM net.sf.freecol.server.networking.Server sendToAll
INFO: Reap dead connection: [DummyConnection Server connection - model.nation.iroquois]
May 14, 2018 5:09:57 PM net.sf.freecol.server.networking.Server sendToAll
INFO: Reap dead connection: [DummyConnection Server connection - model.nation.english]
May 14, 2018 5:09:57 PM net.sf.freecol.server.networking.Server sendToAll
INFO: Reap dead connection: [DummyConnection Server connection - model.nation.dutch]
May 14, 2018 5:09:57 PM net.sf.freecol.server.networking.Server sendToAll
INFO: Reap dead connection: [DummyConnection Server connection - model.nation.spanish]
May 14, 2018 5:09:57 PM net.sf.freecol.server.networking.Server sendToAll
INFO: Reap dead connection: [DummyConnection Server connection - model.nation.sioux]
May 14, 2018 5:09:57 PM net.sf.freecol.server.networking.Server sendToAll
INFO: Reap dead connection: [DummyConnection Server connection - model.nation.apache]
May 14, 2018 5:09:57 PM net.sf.freecol.server.networking.Server sendToAll
INFO: Reap dead connection: [DummyConnection Server connection - model.nation.french]
May 14, 2018 5:09:57 PM net.sf.freecol.server.networking.Server sendToAll
INFO: Reap dead connection: [DummyConnection Server connection - model.nation.inca]
May 14, 2018 5:09:57 PM net.sf.freecol.common.model.Specification applyDifficultyLevel
INFO: Applying difficulty level model.difficulty.medium
May 14, 2018 5:09:57 PM net.sf.freecol.common.FreeColSeed getFreeColSeed
INFO: Using seed: -1604274443460035793
May 14, 2018 5:09:57 PM net.sf.freecol.server.networking.Server sendToAll
INFO: Reap dead connection: [DummyConnection Server connection - model.nation.inca]
May 14, 2018 5:09:57 PM net.sf.freecol.server.networking.Server sendToAll
INFO: Reap dead connection: [DummyConnection Server connection - model.nation.french]
May 14, 2018 5:09:57 PM net.sf.freecol.server.networking.Server sendToAll
INFO: Reap dead connection: [DummyConnection Server connection - model.nation.dutch]
May 14, 2018 5:09:57 PM net.sf.freecol.server.networking.Server sendToAll
INFO: Reap dead connection: [DummyConnection Server connection - model.nation.spanish]
May 14, 2018 5:09:57 PM net.sf.freecol.server.networking.Server sendToAll
INFO: Reap dead connection: [DummyConnection Server connection - model.nation.cherokee]
May 14, 2018 5:09:57 PM net.sf.freecol.server.networking.Server sendToAll
INFO: Reap dead connection: [DummyConnection Server connection - model.nation.iroquois]
May 14, 2018 5:09:57 PM net.sf.freecol.server.networking.Server sendToAll
INFO: Reap dead connection: [DummyConnection Server connection - model.nation.tupi]
May 14, 2018 5:09:57 PM net.sf.freecol.server.networking.Server sendToAll
INFO: Reap dead connection: [DummyConnection Server connection - model.nation.english]
May 14, 2018 5:09:57 PM net.sf.freecol.server.networking.Server sendToAll
INFO: Reap dead connection: [DummyConnection Server connection - model.nation.apache]
May 14, 2018 5:09:57 PM net.sf.freecol.server.networking.Server sendToAll
INFO: Reap dead connection: [DummyConnection Server connection - model.nation.sioux]
May 14, 2018 5:09:57 PM net.sf.freecol.server.networking.Server sendToAll
INFO: Reap dead connection: [DummyConnection Server connection - model.nation.arawak]
May 14, 2018 5:09:57 PM net.sf.freecol.server.networking.Server sendToAll
INFO: Reap dead connection: [DummyConnection Server connection - model.nation.aztec]
May 14, 2018 5:09:57 PM net.sf.freecol.common.model.Specification applyDifficultyLevel
INFO: Applying difficulty level model.difficulty.medium
May 14, 2018 5:09:57 PM net.sf.freecol.common.FreeColSeed getFreeColSeed
INFO: Using seed: 3735949459493986484
May 14, 2018 5:09:57 PM net.sf.freecol.server.networking.Server sendToAll
INFO: Reap dead connection: [DummyConnection Server connection - model.nation.french]
May 14, 2018 5:09:57 PM net.sf.freecol.server.networking.Server sendToAll
INFO: Reap dead connection: [DummyConnection Server connection - model.nation.apache]
May 14, 2018 5:09:57 PM net.sf.freecol.server.networking.Server sendToAll
INFO: Reap dead connection: [DummyConnection Server connection - model.nation.tupi]
May 14, 2018 5:09:57 PM net.sf.freecol.server.networking.Server sendToAll
INFO: Reap dead connection: [DummyConnection Server connection - model.nation.sioux]
May 14, 2018 5:09:57 PM net.sf.freecol.server.networking.Server sendToAll
INFO: Reap dead connection: [DummyConnection Server connection - model.nation.cherokee]
May 14, 2018 5:09:57 PM net.sf.freecol.server.networking.Server sendToAll
INFO: Reap dead connection: [DummyConnection Server connection - model.nation.inca]
May 14, 2018 5:09:57 PM net.sf.freecol.server.networking.Server sendToAll
INFO: Reap dead connection: [DummyConnection Server connection - model.nation.iroquois]
May 14, 2018 5:09:57 PM net.sf.freecol.server.networking.Server sendToAll
INFO: Reap dead connection: [DummyConnection Server connection - model.nation.arawak]
May 14, 2018 5:09:57 PM net.sf.freecol.server.networking.Server sendToAll
INFO: Reap dead connection: [DummyConnection Server connection - model.nation.dutch]
May 14, 2018 5:09:57 PM net.sf.freecol.server.networking.Server sendToAll
INFO: Reap dead connection: [DummyConnection Server connection - model.nation.english]
May 14, 2018 5:09:57 PM net.sf.freecol.server.networking.Server sendToAll
INFO: Reap dead connection: [DummyConnection Server connection - model.nation.aztec]
May 14, 2018 5:09:57 PM net.sf.freecol.server.networking.Server sendToAll
INFO: Reap dead connection: [DummyConnection Server connection - model.nation.spanish]
May 14, 2018 5:09:57 PM net.sf.freecol.common.model.Specification applyDifficultyLevel
INFO: Applying difficulty level model.difficulty.medium
May 14, 2018 5:09:57 PM net.sf.freecol.common.FreeColSeed getFreeColSeed
INFO: Using seed: -1648664651423170997
May 14, 2018 5:09:57 PM net.sf.freecol.server.networking.Server sendToAll
INFO: Reap dead connection: [DummyConnection Server connection - model.nation.french]
May 14, 2018 5:09:57 PM net.sf.freecol.server.networking.Server sendToAll
INFO: Reap dead connection: [DummyConnection Server connection - model.nation.sioux]
May 14, 2018 5:09:57 PM net.sf.freecol.server.networking.Server sendToAll
INFO: Reap dead connection: [DummyConnection Server connection - model.nation.iroquois]
May 14, 2018 5:09:57 PM net.sf.freecol.server.networking.Server sendToAll
INFO: Reap dead connection: [DummyConnection Server connection - model.nation.dutch]
May 14, 2018 5:09:57 PM net.sf.freecol.server.networking.Server sendToAll
INFO: Reap dead connection: [DummyConnection Server connection - model.nation.arawak]
May 14, 2018 5:09:57 PM net.sf.freecol.server.networking.Server sendToAll
INFO: Reap dead connection: [DummyConnection Server connection - model.nation.inca]
May 14, 2018 5:09:57 PM net.sf.freecol.server.networking.Server sendToAll
INFO: Reap dead connection: [DummyConnection Server connection - model.nation.aztec]
May 14, 2018 5:09:57 PM net.sf.freecol.server.networking.Server sendToAll
INFO: Reap dead connection: [DummyConnection Server connection - model.nation.tupi]
May 14, 2018 5:09:57 PM net.sf.freecol.server.networking.Server sendToAll
INFO: Reap dead connection: [DummyConnection Server connection - model.nation.english]
May 14, 2018 5:09:57 PM net.sf.freecol.server.networking.Server sendToAll
INFO: Reap dead connection: [DummyConnection Server connection - model.nation.cherokee]
May 14, 2018 5:09:57 PM net.sf.freecol.server.networking.Server sendToAll
INFO: Reap dead connection: [DummyConnection Server connection - model.nation.apache]
May 14, 2018 5:09:57 PM net.sf.freecol.server.networking.Server sendToAll
INFO: Reap dead connection: [DummyConnection Server connection - model.nation.spanish]
May 14, 2018 5:09:57 PM net.sf.freecol.common.model.Specification applyDifficultyLevel
INFO: Applying difficulty level model.difficulty.medium
May 14, 2018 5:09:57 PM net.sf.freecol.common.FreeColSeed getFreeColSeed
INFO: Using seed: -2485560443504243634
May 14, 2018 5:09:57 PM net.sf.freecol.server.networking.Server sendToAll
INFO: Reap dead connection: [DummyConnection Server connection - model.nation.english]
May 14, 2018 5:09:57 PM net.sf.freecol.server.networking.Server sendToAll
INFO: Reap dead connection: [DummyConnection Server connection - model.nation.tupi]
May 14, 2018 5:09:57 PM net.sf.freecol.server.networking.Server sendToAll
INFO: Reap dead connection: [DummyConnection Server connection - model.nation.sioux]
May 14, 2018 5:09:57 PM net.sf.freecol.server.networking.Server sendToAll
INFO: Reap dead connection: [DummyConnection Server connection - model.nation.aztec]
May 14, 2018 5:09:57 PM net.sf.freecol.server.networking.Server sendToAll
INFO: Reap dead connection: [DummyConnection Server connection - model.nation.cherokee]
May 14, 2018 5:09:57 PM net.sf.freecol.server.networking.Server sendToAll
INFO: Reap dead connection: [DummyConnection Server connection - model.nation.french]
May 14, 2018 5:09:57 PM net.sf.freecol.server.networking.Server sendToAll
INFO: Reap dead connection: [DummyConnection Server connection - model.nation.iroquois]
May 14, 2018 5:09:57 PM net.sf.freecol.server.networking.Server sendToAll
INFO: Reap dead connection: [DummyConnection Server connection - model.nation.apache]
May 14, 2018 5:09:57 PM net.sf.freecol.server.networking.Server sendToAll
INFO: Reap dead connection: [DummyConnection Server connection - model.nation.inca]
May 14, 2018 5:09:57 PM net.sf.freecol.server.networking.Server sendToAll
INFO: Reap dead connection: [DummyConnection Server connection - model.nation.dutch]
May 14, 2018 5:09:57 PM net.sf.freecol.server.networking.Server sendToAll
INFO: Reap dead connection: [DummyConnection Server connection - model.nation.arawak]
May 14, 2018 5:09:57 PM net.sf.freecol.server.networking.Server sendToAll
INFO: Reap dead connection: [DummyConnection Server connection - model.nation.spanish]
May 14, 2018 5:09:57 PM net.sf.freecol.common.model.Specification applyDifficultyLevel
INFO: Applying difficulty level model.difficulty.medium
May 14, 2018 5:09:57 PM net.sf.freecol.common.FreeColSeed getFreeColSeed
INFO: Using seed: -1366665118901131701
May 14, 2018 5:09:57 PM net.sf.freecol.server.networking.Server sendToAll
INFO: Reap dead connection: [DummyConnection Server connection - model.nation.tupi]
May 14, 2018 5:09:57 PM net.sf.freecol.server.networking.Server sendToAll
INFO: Reap dead connection: [DummyConnection Server connection - model.nation.apache]
May 14, 2018 5:09:57 PM net.sf.freecol.server.networking.Server sendToAll
INFO: Reap dead connection: [DummyConnection Server connection - model.nation.sioux]
May 14, 2018 5:09:57 PM net.sf.freecol.server.networking.Server sendToAll
INFO: Reap dead connection: [DummyConnection Server connection - model.nation.cherokee]
May 14, 2018 5:09:57 PM net.sf.freecol.server.networking.Server sendToAll
INFO: Reap dead connection: [DummyConnection Server connection - model.nation.french]
May 14, 2018 5:09:57 PM net.sf.freecol.server.networking.Server sendToAll
INFO: Reap dead connection: [DummyConnection Server connection - model.nation.iroquois]
May 14, 2018 5:09:57 PM net.sf.freecol.server.networking.Server sendToAll
INFO: Reap dead connection: [DummyConnection Server connection - model.nation.dutch]
May 14, 2018 5:09:57 PM net.sf.freecol.server.networking.Server sendToAll
INFO: Reap dead connection: [DummyConnection Server connection - model.nation.inca]
May 14, 2018 5:09:57 PM net.sf.freecol.server.networking.Server sendToAll
INFO: Reap dead connection: [DummyConnection Server connection - model.nation.spanish]
May 14, 2018 5:09:57 PM net.sf.freecol.server.networking.Server sendToAll
INFO: Reap dead connection: [DummyConnection Server connection - model.nation.arawak]
May 14, 2018 5:09:57 PM net.sf.freecol.server.networking.Server sendToAll
INFO: Reap dead connection: [DummyConnection Server connection - model.nation.aztec]
May 14, 2018 5:09:57 PM net.sf.freecol.server.networking.Server sendToAll
INFO: Reap dead connection: [DummyConnection Server connection - model.nation.english]
May 14, 2018 5:09:57 PM net.sf.freecol.common.model.Specification applyDifficultyLevel
INFO: Applying difficulty level model.difficulty.medium
May 14, 2018 5:09:57 PM net.sf.freecol.common.FreeColSeed getFreeColSeed
INFO: Using seed: -237539538292810846
May 14, 2018 5:09:57 PM net.sf.freecol.server.networking.Server sendToAll
INFO: Reap dead connection: [DummyConnection Server connection - model.nation.aztec]
May 14, 2018 5:09:57 PM net.sf.freecol.server.networking.Server sendToAll
INFO: Reap dead connection: [DummyConnection Server connection - model.nation.arawak]
May 14, 2018 5:09:57 PM net.sf.freecol.server.networking.Server sendToAll
INFO: Reap dead connection: [DummyConnection Server connection - model.nation.tupi]
May 14, 2018 5:09:57 PM net.sf.freecol.server.networking.Server sendToAll
INFO: Reap dead connection: [DummyConnection Server connection - model.nation.spanish]
May 14, 2018 5:09:57 PM net.sf.freecol.server.networking.Server sendToAll
INFO: Reap dead connection: [DummyConnection Server connection - model.nation.sioux]
May 14, 2018 5:09:57 PM net.sf.freecol.server.networking.Server sendToAll
INFO: Reap dead connection: [DummyConnection Server connection - model.nation.english]
May 14, 2018 5:09:57 PM net.sf.freecol.server.networking.Server sendToAll
INFO: Reap dead connection: [DummyConnection Server connection - model.nation.inca]
May 14, 2018 5:09:57 PM net.sf.freecol.server.networking.Server sendToAll
INFO: Reap dead connection: [DummyConnection Server connection - model.nation.cherokee]
May 14, 2018 5:09:57 PM net.sf.freecol.server.networking.Server sendToAll
INFO: Reap dead connection: [DummyConnection Server connection - model.nation.dutch]
May 14, 2018 5:09:57 PM net.sf.freecol.server.networking.Server sendToAll
INFO: Reap dead connection: [DummyConnection Server connection - model.nation.iroquois]
May 14, 2018 5:09:57 PM net.sf.freecol.server.networking.Server sendToAll
INFO: Reap dead connection: [DummyConnection Server connection - model.nation.french]
May 14, 2018 5:09:57 PM net.sf.freecol.server.networking.Server sendToAll
INFO: Reap dead connection: [DummyConnection Server connection - model.nation.apache]
May 14, 2018 5:09:57 PM net.sf.freecol.common.model.Specification applyDifficultyLevel
INFO: Applying difficulty level model.difficulty.medium
May 14, 2018 5:09:57 PM net.sf.freecol.common.FreeColSeed getFreeColSeed
INFO: Using seed: -2419513603349248266
May 14, 2018 5:09:57 PM net.sf.freecol.server.networking.Server sendToAll
INFO: Reap dead connection: [DummyConnection Server connection - model.nation.sioux]
May 14, 2018 5:09:57 PM net.sf.freecol.server.networking.Server sendToAll
INFO: Reap dead connection: [DummyConnection Server connection - model.nation.arawak]
May 14, 2018 5:09:57 PM net.sf.freecol.server.networking.Server sendToAll
INFO: Reap dead connection: [DummyConnection Server connection - model.nation.aztec]
May 14, 2018 5:09:57 PM net.sf.freecol.server.networking.Server sendToAll
INFO: Reap dead connection: [DummyConnection Server connection - model.nation.dutch]
May 14, 2018 5:09:57 PM net.sf.freecol.server.networking.Server sendToAll
INFO: Reap dead connection: [DummyConnection Server connection - model.nation.tupi]
May 14, 2018 5:09:57 PM net.sf.freecol.server.networking.Server sendToAll
INFO: Reap dead connection: [DummyConnection Server connection - model.nation.spanish]
May 14, 2018 5:09:57 PM net.sf.freecol.server.networking.Server sendToAll
INFO: Reap dead connection: [DummyConnection Server connection - model.nation.cherokee]
May 14, 2018 5:09:57 PM net.sf.freecol.server.networking.Server sendToAll
INFO: Reap dead connection: [DummyConnection Server connection - model.nation.iroquois]
May 14, 2018 5:09:57 PM net.sf.freecol.server.networking.Server sendToAll
INFO: Reap dead connection: [DummyConnection Server connection - model.nation.apache]
May 14, 2018 5:09:57 PM net.sf.freecol.server.networking.Server sendToAll
INFO: Reap dead connection: [DummyConnection Server connection - model.nation.inca]
May 14, 2018 5:09:57 PM net.sf.freecol.server.networking.Server sendToAll
INFO: Reap dead connection: [DummyConnection Server connection - model.nation.english]
May 14, 2018 5:09:57 PM net.sf.freecol.server.networking.Server sendToAll
INFO: Reap dead connection: [DummyConnection Server connection - model.nation.french]
May 14, 2018 5:09:57 PM net.sf.freecol.common.model.Specification applyDifficultyLevel
INFO: Applying difficulty level model.difficulty.medium
May 14, 2018 5:09:57 PM net.sf.freecol.common.FreeColSeed getFreeColSeed
INFO: Using seed: -2506319483230921492
May 14, 2018 5:09:58 PM net.sf.freecol.server.networking.Server sendToAll
INFO: Reap dead connection: [DummyConnection Server connection - model.nation.aztec]
May 14, 2018 5:09:58 PM net.sf.freecol.server.networking.Server sendToAll
INFO: Reap dead connection: [DummyConnection Server connection - model.nation.tupi]
May 14, 2018 5:09:58 PM net.sf.freecol.server.networking.Server sendToAll
INFO: Reap dead connection: [DummyConnection Server connection - model.nation.spanish]
May 14, 2018 5:09:58 PM net.sf.freecol.server.networking.Server sendToAll
INFO: Reap dead connection: [DummyConnection Server connection - model.nation.inca]
May 14, 2018 5:09:58 PM net.sf.freecol.server.networking.Server sendToAll
INFO: Reap dead connection: [DummyConnection Server connection - model.nation.cherokee]
May 14, 2018 5:09:58 PM net.sf.freecol.server.networking.Server sendToAll
INFO: Reap dead connection: [DummyConnection Server connection - model.nation.sioux]
May 14, 2018 5:09:58 PM net.sf.freecol.server.networking.Server sendToAll
INFO: Reap dead connection: [DummyConnection Server connection - model.nation.french]
May 14, 2018 5:09:58 PM net.sf.freecol.server.networking.Server sendToAll
INFO: Reap dead connection: [DummyConnection Server connection - model.nation.iroquois]
May 14, 2018 5:09:58 PM net.sf.freecol.server.networking.Server sendToAll
INFO: Reap dead connection: [DummyConnection Server connection - model.nation.dutch]
May 14, 2018 5:09:58 PM net.sf.freecol.server.networking.Server sendToAll
INFO: Reap dead connection: [DummyConnection Server connection - model.nation.arawak]
May 14, 2018 5:09:58 PM net.sf.freecol.server.networking.Server sendToAll
INFO: Reap dead connection: [DummyConnection Server connection - model.nation.english]
May 14, 2018 5:09:58 PM net.sf.freecol.server.networking.Server sendToAll
INFO: Reap dead connection: [DummyConnection Server connection - model.nation.apache]
May 14, 2018 5:09:58 PM net.sf.freecol.common.model.Specification applyDifficultyLevel
INFO: Applying difficulty level model.difficulty.medium
May 14, 2018 5:09:58 PM net.sf.freecol.common.FreeColSeed getFreeColSeed
INFO: Using seed: 3932794907972873988
May 14, 2018 5:09:58 PM net.sf.freecol.server.networking.Server sendToAll
INFO: Reap dead connection: [DummyConnection Server connection - model.nation.english]
May 14, 2018 5:09:58 PM net.sf.freecol.server.networking.Server sendToAll
INFO: Reap dead connection: [DummyConnection Server connection - model.nation.arawak]
May 14, 2018 5:09:58 PM net.sf.freecol.server.networking.Server sendToAll
INFO: Reap dead connection: [DummyConnection Server connection - model.nation.iroquois]
May 14, 2018 5:09:58 PM net.sf.freecol.server.networking.Server sendToAll
INFO: Reap dead connection: [DummyConnection Server connection - model.nation.dutch]
May 14, 2018 5:09:58 PM net.sf.freecol.server.networking.Server sendToAll
INFO: Reap dead connection: [DummyConnection Server connection - model.nation.aztec]
May 14, 2018 5:09:58 PM net.sf.freecol.server.networking.Server sendToAll
INFO: Reap dead connection: [DummyConnection Server connection - model.nation.apache]
May 14, 2018 5:09:58 PM net.sf.freecol.server.networking.Server sendToAll
INFO: Reap dead connection: [DummyConnection Server connection - model.nation.tupi]
May 14, 2018 5:09:58 PM net.sf.freecol.server.networking.Server sendToAll
INFO: Reap dead connection: [DummyConnection Server connection - model.nation.inca]
May 14, 2018 5:09:58 PM net.sf.freecol.server.networking.Server sendToAll
INFO: Reap dead connection: [DummyConnection Server connection - model.nation.french]
May 14, 2018 5:09:58 PM net.sf.freecol.server.networking.Server sendToAll
INFO: Reap dead connection: [DummyConnection Server connection - model.nation.spanish]
May 14, 2018 5:09:58 PM net.sf.freecol.server.networking.Server sendToAll
INFO: Reap dead connection: [DummyConnection Server connection - model.nation.cherokee]
May 14, 2018 5:09:58 PM net.sf.freecol.server.networking.Server sendToAll
INFO: Reap dead connection: [DummyConnection Server connection - model.nation.sioux]
May 14, 2018 5:09:58 PM net.sf.freecol.common.model.Specification applyDifficultyLevel
INFO: Applying difficulty level model.difficulty.medium
May 14, 2018 5:09:58 PM net.sf.freecol.common.FreeColSeed getFreeColSeed
INFO: Using seed: -5130560698544502735
May 14, 2018 5:09:58 PM net.sf.freecol.server.networking.Server sendToAll
INFO: Reap dead connection: [DummyConnection Server connection - model.nation.cherokee]
May 14, 2018 5:09:58 PM net.sf.freecol.server.networking.Server sendToAll
INFO: Reap dead connection: [DummyConnection Server connection - model.nation.iroquois]
May 14, 2018 5:09:58 PM net.sf.freecol.server.networking.Server sendToAll
INFO: Reap dead connection: [DummyConnection Server connection - model.nation.arawak]
May 14, 2018 5:09:58 PM net.sf.freecol.server.networking.Server sendToAll
INFO: Reap dead connection: [DummyConnection Server connection - model.nation.sioux]
May 14, 2018 5:09:58 PM net.sf.freecol.server.networking.Server sendToAll
INFO: Reap dead connection: [DummyConnection Server connection - model.nation.dutch]
May 14, 2018 5:09:58 PM net.sf.freecol.server.networking.Server sendToAll
INFO: Reap dead connection: [DummyConnection Server connection - model.nation.tupi]
May 14, 2018 5:09:58 PM net.sf.freecol.server.networking.Server sendToAll
INFO: Reap dead connection: [DummyConnection Server connection - model.nation.french]
May 14, 2018 5:09:58 PM net.sf.freecol.server.networking.Server sendToAll
INFO: Reap dead connection: [DummyConnection Server connection - model.nation.apache]
May 14, 2018 5:09:58 PM net.sf.freecol.server.networking.Server sendToAll
INFO: Reap dead connection: [DummyConnection Server connection - model.nation.english]
May 14, 2018 5:09:58 PM net.sf.freecol.server.networking.Server sendToAll
INFO: Reap dead connection: [DummyConnection Server connection - model.nation.inca]
May 14, 2018 5:09:58 PM net.sf.freecol.server.networking.Server sendToAll
INFO: Reap dead connection: [DummyConnection Server connection - model.nation.spanish]
May 14, 2018 5:09:58 PM net.sf.freecol.server.networking.Server sendToAll
INFO: Reap dead connection: [DummyConnection Server connection - model.nation.aztec]
May 14, 2018 5:09:58 PM net.sf.freecol.common.model.Specification applyDifficultyLevel
INFO: Applying difficulty level model.difficulty.medium
May 14, 2018 5:09:58 PM net.sf.freecol.common.FreeColSeed getFreeColSeed
INFO: Using seed: 6728417757586306559
May 14, 2018 5:09:58 PM net.sf.freecol.server.networking.Server sendToAll
INFO: Reap dead connection: [DummyConnection Server connection - model.nation.tupi]
May 14, 2018 5:09:58 PM net.sf.freecol.server.networking.Server sendToAll
INFO: Reap dead connection: [DummyConnection Server connection - model.nation.english]
May 14, 2018 5:09:58 PM net.sf.freecol.server.networking.Server sendToAll
INFO: Reap dead connection: [DummyConnection Server connection - model.nation.apache]
May 14, 2018 5:09:58 PM net.sf.freecol.server.networking.Server sendToAll
INFO: Reap dead connection: [DummyConnection Server connection - model.nation.cherokee]
May 14, 2018 5:09:58 PM net.sf.freecol.server.networking.Server sendToAll
INFO: Reap dead connection: [DummyConnection Server connection - model.nation.spanish]
May 14, 2018 5:09:58 PM net.sf.freecol.server.networking.Server sendToAll
INFO: Reap dead connection: [DummyConnection Server connection - model.nation.inca]
May 14, 2018 5:09:58 PM net.sf.freecol.server.networking.Server sendToAll
INFO: Reap dead connection: [DummyConnection Server connection - model.nation.iroquois]
May 14, 2018 5:09:58 PM net.sf.freecol.server.networking.Server sendToAll
INFO: Reap dead connection: [DummyConnection Server connection - model.nation.sioux]
May 14, 2018 5:09:58 PM net.sf.freecol.server.networking.Server sendToAll
INFO: Reap dead connection: [DummyConnection Server connection - model.nation.french]
May 14, 2018 5:09:58 PM net.sf.freecol.server.networking.Server sendToAll
INFO: Reap dead connection: [DummyConnection Server connection - model.nation.aztec]
May 14, 2018 5:09:58 PM net.sf.freecol.server.networking.Server sendToAll
INFO: Reap dead connection: [DummyConnection Server connection - model.nation.dutch]
May 14, 2018 5:09:58 PM net.sf.freecol.server.networking.Server sendToAll
INFO: Reap dead connection: [DummyConnection Server connection - model.nation.arawak]
May 14, 2018 5:09:58 PM net.sf.freecol.common.model.Specification applyDifficultyLevel
INFO: Applying difficulty level model.difficulty.medium
May 14, 2018 5:09:58 PM net.sf.freecol.common.FreeColSeed getFreeColSeed
INFO: Using seed: -7958310492521896439
May 14, 2018 5:09:58 PM net.sf.freecol.server.networking.Server sendToAll
INFO: Reap dead connection: [DummyConnection Server connection - model.nation.inca]
May 14, 2018 5:09:58 PM net.sf.freecol.server.networking.Server sendToAll
INFO: Reap dead connection: [DummyConnection Server connection - model.nation.tupi]
May 14, 2018 5:09:58 PM net.sf.freecol.server.networking.Server sendToAll
INFO: Reap dead connection: [DummyConnection Server connection - model.nation.aztec]
May 14, 2018 5:09:58 PM net.sf.freecol.server.networking.Server sendToAll
INFO: Reap dead connection: [DummyConnection Server connection - model.nation.arawak]
May 14, 2018 5:09:58 PM net.sf.freecol.server.networking.Server sendToAll
INFO: Reap dead connection: [DummyConnection Server connection - model.nation.french]
May 14, 2018 5:09:58 PM net.sf.freecol.server.networking.Server sendToAll
INFO: Reap dead connection: [DummyConnection Server connection - model.nation.iroquois]
May 14, 2018 5:09:58 PM net.sf.freecol.server.networking.Server sendToAll
INFO: Reap dead connection: [DummyConnection Server connection - model.nation.cherokee]
May 14, 2018 5:09:58 PM net.sf.freecol.server.networking.Server sendToAll
INFO: Reap dead connection: [DummyConnection Server connection - model.nation.sioux]
May 14, 2018 5:09:58 PM net.sf.freecol.server.networking.Server sendToAll
INFO: Reap dead connection: [DummyConnection Server connection - model.nation.dutch]
May 14, 2018 5:09:58 PM net.sf.freecol.server.networking.Server sendToAll
INFO: Reap dead connection: [DummyConnection Server connection - model.nation.english]
May 14, 2018 5:09:58 PM net.sf.freecol.server.networking.Server sendToAll
INFO: Reap dead connection: [DummyConnection Server connection - model.nation.apache]
May 14, 2018 5:09:58 PM net.sf.freecol.server.networking.Server sendToAll
INFO: Reap dead connection: [DummyConnection Server connection - model.nation.spanish]
May 14, 2018 5:09:58 PM net.sf.freecol.common.model.Specification applyDifficultyLevel
INFO: Applying difficulty level model.difficulty.medium
May 14, 2018 5:09:58 PM net.sf.freecol.common.FreeColSeed getFreeColSeed
INFO: Using seed: 5347431021843130767
May 14, 2018 5:09:58 PM net.sf.freecol.server.networking.Server sendToAll
INFO: Reap dead connection: [DummyConnection Server connection - model.nation.dutch]
May 14, 2018 5:09:58 PM net.sf.freecol.server.networking.Server sendToAll
INFO: Reap dead connection: [DummyConnection Server connection - model.nation.cherokee]
May 14, 2018 5:09:58 PM net.sf.freecol.server.networking.Server sendToAll
INFO: Reap dead connection: [DummyConnection Server connection - model.nation.tupi]
May 14, 2018 5:09:58 PM net.sf.freecol.server.networking.Server sendToAll
INFO: Reap dead connection: [DummyConnection Server connection - model.nation.french]
May 14, 2018 5:09:58 PM net.sf.freecol.server.networking.Server sendToAll
INFO: Reap dead connection: [DummyConnection Server connection - model.nation.english]
May 14, 2018 5:09:58 PM net.sf.freecol.server.networking.Server sendToAll
INFO: Reap dead connection: [DummyConnection Server connection - model.nation.spanish]
May 14, 2018 5:09:58 PM net.sf.freecol.server.networking.Server sendToAll
INFO: Reap dead connection: [DummyConnection Server connection - model.nation.iroquois]
May 14, 2018 5:09:58 PM net.sf.freecol.server.networking.Server sendToAll
INFO: Reap dead connection: [DummyConnection Server connection - model.nation.arawak]
May 14, 2018 5:09:58 PM net.sf.freecol.server.networking.Server sendToAll
INFO: Reap dead connection: [DummyConnection Server connection - model.nation.aztec]
May 14, 2018 5:09:58 PM net.sf.freecol.server.networking.Server sendToAll
INFO: Reap dead connection: [DummyConnection Server connection - model.nation.sioux]
May 14, 2018 5:09:58 PM net.sf.freecol.server.networking.Server sendToAll
INFO: Reap dead connection: [DummyConnection Server connection - model.nation.apache]
May 14, 2018 5:09:58 PM net.sf.freecol.server.networking.Server sendToAll
INFO: Reap dead connection: [DummyConnection Server connection - model.nation.inca]
May 14, 2018 5:09:58 PM net.sf.freecol.common.model.Specification applyDifficultyLevel
INFO: Applying difficulty level model.difficulty.medium
May 14, 2018 5:09:58 PM net.sf.freecol.common.FreeColSeed getFreeColSeed
INFO: Using seed: -701671351231975166
May 14, 2018 5:09:58 PM net.sf.freecol.server.networking.Server sendToAll
INFO: Reap dead connection: [DummyConnection Server connection - model.nation.tupi]
May 14, 2018 5:09:58 PM net.sf.freecol.server.networking.Server sendToAll
INFO: Reap dead connection: [DummyConnection Server connection - model.nation.inca]
May 14, 2018 5:09:58 PM net.sf.freecol.server.networking.Server sendToAll
INFO: Reap dead connection: [DummyConnection Server connection - model.nation.apache]
May 14, 2018 5:09:58 PM net.sf.freecol.server.networking.Server sendToAll
INFO: Reap dead connection: [DummyConnection Server connection - model.nation.dutch]
May 14, 2018 5:09:58 PM net.sf.freecol.server.networking.Server sendToAll
INFO: Reap dead connection: [DummyConnection Server connection - model.nation.french]
May 14, 2018 5:09:58 PM net.sf.freecol.server.networking.Server sendToAll
INFO: Reap dead connection: [DummyConnection Server connection - model.nation.iroquois]
May 14, 2018 5:09:58 PM net.sf.freecol.server.networking.Server sendToAll
INFO: Reap dead connection: [DummyConnection Server connection - model.nation.english]
May 14, 2018 5:09:58 PM net.sf.freecol.server.networking.Server sendToAll
INFO: Reap dead connection: [DummyConnection Server connection - model.nation.arawak]
May 14, 2018 5:09:58 PM net.sf.freecol.server.networking.Server sendToAll
INFO: Reap dead connection: [DummyConnection Server connection - model.nation.spanish]
May 14, 2018 5:09:58 PM net.sf.freecol.server.networking.Server sendToAll
INFO: Reap dead connection: [DummyConnection Server connection - model.nation.aztec]
May 14, 2018 5:09:58 PM net.sf.freecol.server.networking.Server sendToAll
INFO: Reap dead connection: [DummyConnection Server connection - model.nation.cherokee]
May 14, 2018 5:09:58 PM net.sf.freecol.server.networking.Server sendToAll
INFO: Reap dead connection: [DummyConnection Server connection - model.nation.sioux]
May 14, 2018 5:09:58 PM net.sf.freecol.common.model.Specification applyDifficultyLevel
INFO: Applying difficulty level model.difficulty.medium
May 14, 2018 5:09:58 PM net.sf.freecol.common.FreeColSeed getFreeColSeed
INFO: Using seed: -2912928182686215329
May 14, 2018 5:09:58 PM net.sf.freecol.server.networking.Server sendToAll
INFO: Reap dead connection: [DummyConnection Server connection - model.nation.french]
May 14, 2018 5:09:58 PM net.sf.freecol.server.networking.Server sendToAll
INFO: Reap dead connection: [DummyConnection Server connection - model.nation.english]
May 14, 2018 5:09:58 PM net.sf.freecol.server.networking.Server sendToAll
INFO: Reap dead connection: [DummyConnection Server connection - model.nation.aztec]
May 14, 2018 5:09:58 PM net.sf.freecol.server.networking.Server sendToAll
INFO: Reap dead connection: [DummyConnection Server connection - model.nation.tupi]
May 14, 2018 5:09:58 PM net.sf.freecol.server.networking.Server sendToAll
INFO: Reap dead connection: [DummyConnection Server connection - model.nation.sioux]
May 14, 2018 5:09:58 PM net.sf.freecol.server.networking.Server sendToAll
INFO: Reap dead connection: [DummyConnection Server connection - model.nation.apache]
May 14, 2018 5:09:58 PM net.sf.freecol.server.networking.Server sendToAll
INFO: Reap dead connection: [DummyConnection Server connection - model.nation.spanish]
May 14, 2018 5:09:58 PM net.sf.freecol.server.networking.Server sendToAll
INFO: Reap dead connection: [DummyConnection Server connection - model.nation.iroquois]
May 14, 2018 5:09:58 PM net.sf.freecol.server.networking.Server sendToAll
INFO: Reap dead connection: [DummyConnection Server connection - model.nation.dutch]
May 14, 2018 5:09:58 PM net.sf.freecol.server.networking.Server sendToAll
INFO: Reap dead connection: [DummyConnection Server connection - model.nation.inca]
May 14, 2018 5:09:58 PM net.sf.freecol.server.networking.Server sendToAll
INFO: Reap dead connection: [DummyConnection Server connection - model.nation.cherokee]
May 14, 2018 5:09:58 PM net.sf.freecol.server.networking.Server sendToAll
INFO: Reap dead connection: [DummyConnection Server connection - model.nation.arawak]
May 14, 2018 5:09:58 PM net.sf.freecol.common.model.Specification applyDifficultyLevel
INFO: Applying difficulty level model.difficulty.medium
May 14, 2018 5:09:58 PM net.sf.freecol.common.FreeColSeed getFreeColSeed
INFO: Using seed: 7761215836609896104
May 14, 2018 5:09:58 PM net.sf.freecol.server.networking.Server sendToAll
INFO: Reap dead connection: [DummyConnection Server connection - model.nation.tupi]
May 14, 2018 5:09:58 PM net.sf.freecol.server.networking.Server sendToAll
INFO: Reap dead connection: [DummyConnection Server connection - model.nation.dutch]
May 14, 2018 5:09:58 PM net.sf.freecol.server.networking.Server sendToAll
INFO: Reap dead connection: [DummyConnection Server connection - model.nation.sioux]
May 14, 2018 5:09:58 PM net.sf.freecol.server.networking.Server sendToAll
INFO: Reap dead connection: [DummyConnection Server connection - model.nation.aztec]
May 14, 2018 5:09:58 PM net.sf.freecol.server.networking.Server sendToAll
INFO: Reap dead connection: [DummyConnection Server connection - model.nation.french]
May 14, 2018 5:09:58 PM net.sf.freecol.server.networking.Server sendToAll
INFO: Reap dead connection: [DummyConnection Server connection - model.nation.english]
May 14, 2018 5:09:58 PM net.sf.freecol.server.networking.Server sendToAll
INFO: Reap dead connection: [DummyConnection Server connection - model.nation.apache]
May 14, 2018 5:09:58 PM net.sf.freecol.server.networking.Server sendToAll
INFO: Reap dead connection: [DummyConnection Server connection - model.nation.arawak]
May 14, 2018 5:09:58 PM net.sf.freecol.server.networking.Server sendToAll
INFO: Reap dead connection: [DummyConnection Server connection - model.nation.spanish]
May 14, 2018 5:09:58 PM net.sf.freecol.server.networking.Server sendToAll
INFO: Reap dead connection: [DummyConnection Server connection - model.nation.inca]
May 14, 2018 5:09:58 PM net.sf.freecol.server.networking.Server sendToAll
INFO: Reap dead connection: [DummyConnection Server connection - model.nation.cherokee]
May 14, 2018 5:09:58 PM net.sf.freecol.server.networking.Server sendToAll
INFO: Reap dead connection: [DummyConnection Server connection - model.nation.iroquois]
May 14, 2018 5:09:58 PM net.sf.freecol.common.model.Specification applyDifficultyLevel
INFO: Applying difficulty level model.difficulty.medium
May 14, 2018 5:09:58 PM net.sf.freecol.common.FreeColSeed getFreeColSeed
INFO: Using seed: 4286280705444647145
May 14, 2018 5:09:58 PM net.sf.freecol.server.networking.Server sendToAll
INFO: Reap dead connection: [DummyConnection Server connection - model.nation.sioux]
May 14, 2018 5:09:58 PM net.sf.freecol.server.networking.Server sendToAll
INFO: Reap dead connection: [DummyConnection Server connection - model.nation.cherokee]
May 14, 2018 5:09:58 PM net.sf.freecol.server.networking.Server sendToAll
INFO: Reap dead connection: [DummyConnection Server connection - model.nation.aztec]
May 14, 2018 5:09:58 PM net.sf.freecol.server.networking.Server sendToAll
INFO: Reap dead connection: [DummyConnection Server connection - model.nation.iroquois]
May 14, 2018 5:09:58 PM net.sf.freecol.server.networking.Server sendToAll
INFO: Reap dead connection: [DummyConnection Server connection - model.nation.french]
May 14, 2018 5:09:58 PM net.sf.freecol.server.networking.Server sendToAll
INFO: Reap dead connection: [DummyConnection Server connection - model.nation.spanish]
May 14, 2018 5:09:58 PM net.sf.freecol.server.networking.Server sendToAll
INFO: Reap dead connection: [DummyConnection Server connection - model.nation.dutch]
May 14, 2018 5:09:58 PM net.sf.freecol.server.networking.Server sendToAll
INFO: Reap dead connection: [DummyConnection Server connection - model.nation.english]
May 14, 2018 5:09:58 PM net.sf.freecol.server.networking.Server sendToAll
INFO: Reap dead connection: [DummyConnection Server connection - model.nation.inca]
May 14, 2018 5:09:58 PM net.sf.freecol.server.networking.Server sendToAll
INFO: Reap dead connection: [DummyConnection Server connection - model.nation.arawak]
May 14, 2018 5:09:58 PM net.sf.freecol.server.networking.Server sendToAll
INFO: Reap dead connection: [DummyConnection Server connection - model.nation.apache]
May 14, 2018 5:09:58 PM net.sf.freecol.server.networking.Server sendToAll
INFO: Reap dead connection: [DummyConnection Server connection - model.nation.tupi]
May 14, 2018 5:09:58 PM net.sf.freecol.common.model.Specification applyDifficultyLevel
INFO: Applying difficulty level model.difficulty.medium
May 14, 2018 5:09:58 PM net.sf.freecol.common.FreeColSeed getFreeColSeed
INFO: Using seed: 7162929786768971919
May 14, 2018 5:09:58 PM net.sf.freecol.server.networking.Server sendToAll
INFO: Reap dead connection: [DummyConnection Server connection - model.nation.sioux]
May 14, 2018 5:09:58 PM net.sf.freecol.server.networking.Server sendToAll
INFO: Reap dead connection: [DummyConnection Server connection - model.nation.inca]
May 14, 2018 5:09:58 PM net.sf.freecol.server.networking.Server sendToAll
INFO: Reap dead connection: [DummyConnection Server connection - model.nation.dutch]
May 14, 2018 5:09:58 PM net.sf.freecol.server.networking.Server sendToAll
INFO: Reap dead connection: [DummyConnection Server connection - model.nation.apache]
May 14, 2018 5:09:58 PM net.sf.freecol.server.networking.Server sendToAll
INFO: Reap dead connection: [DummyConnection Server connection - model.nation.french]
May 14, 2018 5:09:58 PM net.sf.freecol.server.networking.Server sendToAll
INFO: Reap dead connection: [DummyConnection Server connection - model.nation.cherokee]
May 14, 2018 5:09:58 PM net.sf.freecol.server.networking.Server sendToAll
INFO: Reap dead connection: [DummyConnection Server connection - model.nation.iroquois]
May 14, 2018 5:09:58 PM net.sf.freecol.server.networking.Server sendToAll
INFO: Reap dead connection: [DummyConnection Server connection - model.nation.arawak]
May 14, 2018 5:09:58 PM net.sf.freecol.server.networking.Server sendToAll
INFO: Reap dead connection: [DummyConnection Server connection - model.nation.tupi]
May 14, 2018 5:09:58 PM net.sf.freecol.server.networking.Server sendToAll
INFO: Reap dead connection: [DummyConnection Server connection - model.nation.spanish]
May 14, 2018 5:09:58 PM net.sf.freecol.server.networking.Server sendToAll
INFO: Reap dead connection: [DummyConnection Server connection - model.nation.english]
May 14, 2018 5:09:58 PM net.sf.freecol.server.networking.Server sendToAll
INFO: Reap dead connection: [DummyConnection Server connection - model.nation.aztec]
May 14, 2018 5:09:58 PM net.sf.freecol.common.model.Specification applyDifficultyLevel
INFO: Applying difficulty level model.difficulty.medium
May 14, 2018 5:09:58 PM net.sf.freecol.common.FreeColSeed getFreeColSeed
INFO: Using seed: -1287388090329994204
May 14, 2018 5:09:58 PM net.sf.freecol.server.networking.Server sendToAll
INFO: Reap dead connection: [DummyConnection Server connection - model.nation.english]
May 14, 2018 5:09:58 PM net.sf.freecol.server.networking.Server sendToAll
INFO: Reap dead connection: [DummyConnection Server connection - model.nation.aztec]
May 14, 2018 5:09:58 PM net.sf.freecol.server.networking.Server sendToAll
INFO: Reap dead connection: [DummyConnection Server connection - model.nation.cherokee]
May 14, 2018 5:09:58 PM net.sf.freecol.server.networking.Server sendToAll
INFO: Reap dead connection: [DummyConnection Server connection - model.nation.sioux]
May 14, 2018 5:09:58 PM net.sf.freecol.server.networking.Server sendToAll
INFO: Reap dead connection: [DummyConnection Server connection - model.nation.apache]
May 14, 2018 5:09:58 PM net.sf.freecol.server.networking.Server sendToAll
INFO: Reap dead connection: [DummyConnection Server connection - model.nation.dutch]
May 14, 2018 5:09:58 PM net.sf.freecol.server.networking.Server sendToAll
INFO: Reap dead connection: [DummyConnection Server connection - model.nation.arawak]
May 14, 2018 5:09:58 PM net.sf.freecol.server.networking.Server sendToAll
INFO: Reap dead connection: [DummyConnection Server connection - model.nation.spanish]
May 14, 2018 5:09:58 PM net.sf.freecol.server.networking.Server sendToAll
INFO: Reap dead connection: [DummyConnection Server connection - model.nation.inca]
May 14, 2018 5:09:58 PM net.sf.freecol.server.networking.Server sendToAll
INFO: Reap dead connection: [DummyConnection Server connection - model.nation.tupi]
May 14, 2018 5:09:58 PM net.sf.freecol.server.networking.Server sendToAll
INFO: Reap dead connection: [DummyConnection Server connection - model.nation.french]
May 14, 2018 5:09:58 PM net.sf.freecol.server.networking.Server sendToAll
INFO: Reap dead connection: [DummyConnection Server connection - model.nation.iroquois]
May 14, 2018 5:09:58 PM net.sf.freecol.common.model.Specification applyDifficultyLevel
INFO: Applying difficulty level model.difficulty.medium
May 14, 2018 5:09:58 PM net.sf.freecol.common.FreeColSeed getFreeColSeed
INFO: Using seed: -8953177780621556407
May 14, 2018 5:09:58 PM net.sf.freecol.server.networking.Server sendToAll
INFO: Reap dead connection: [DummyConnection Server connection - model.nation.arawak]
May 14, 2018 5:09:58 PM net.sf.freecol.server.networking.Server sendToAll
INFO: Reap dead connection: [DummyConnection Server connection - model.nation.french]
May 14, 2018 5:09:58 PM net.sf.freecol.server.networking.Server sendToAll
INFO: Reap dead connection: [DummyConnection Server connection - model.nation.iroquois]
May 14, 2018 5:09:58 PM net.sf.freecol.server.networking.Server sendToAll
INFO: Reap dead connection: [DummyConnection Server connection - model.nation.dutch]
May 14, 2018 5:09:58 PM net.sf.freecol.server.networking.Server sendToAll
INFO: Reap dead connection: [DummyConnection Server connection - model.nation.aztec]
May 14, 2018 5:09:58 PM net.sf.freecol.server.networking.Server sendToAll
INFO: Reap dead connection: [DummyConnection Server connection - model.nation.sioux]
May 14, 2018 5:09:58 PM net.sf.freecol.server.networking.Server sendToAll
INFO: Reap dead connection: [DummyConnection Server connection - model.nation.inca]
May 14, 2018 5:09:58 PM net.sf.freecol.server.networking.Server sendToAll
INFO: Reap dead connection: [DummyConnection Server connection - model.nation.english]
May 14, 2018 5:09:58 PM net.sf.freecol.server.networking.Server sendToAll
INFO: Reap dead connection: [DummyConnection Server connection - model.nation.apache]
May 14, 2018 5:09:58 PM net.sf.freecol.server.networking.Server sendToAll
INFO: Reap dead connection: [DummyConnection Server connection - model.nation.cherokee]
May 14, 2018 5:09:58 PM net.sf.freecol.server.networking.Server sendToAll
INFO: Reap dead connection: [DummyConnection Server connection - model.nation.spanish]
May 14, 2018 5:09:58 PM net.sf.freecol.server.networking.Server sendToAll
INFO: Reap dead connection: [DummyConnection Server connection - model.nation.tupi]
May 14, 2018 5:09:58 PM net.sf.freecol.common.model.Specification applyDifficultyLevel
INFO: Applying difficulty level model.difficulty.medium
May 14, 2018 5:09:58 PM net.sf.freecol.common.FreeColSeed getFreeColSeed
INFO: Using seed: -4845815068421412726
May 14, 2018 5:09:58 PM net.sf.freecol.server.networking.Server sendToAll
INFO: Reap dead connection: [DummyConnection Server connection - model.nation.sioux]
May 14, 2018 5:09:58 PM net.sf.freecol.server.networking.Server sendToAll
INFO: Reap dead connection: [DummyConnection Server connection - model.nation.arawak]
May 14, 2018 5:09:58 PM net.sf.freecol.server.networking.Server sendToAll
INFO: Reap dead connection: [DummyConnection Server connection - model.nation.iroquois]
May 14, 2018 5:09:58 PM net.sf.freecol.server.networking.Server sendToAll
INFO: Reap dead connection: [DummyConnection Server connection - model.nation.spanish]
May 14, 2018 5:09:58 PM net.sf.freecol.server.networking.Server sendToAll
INFO: Reap dead connection: [DummyConnection Server connection - model.nation.inca]
May 14, 2018 5:09:58 PM net.sf.freecol.server.networking.Server sendToAll
INFO: Reap dead connection: [DummyConnection Server connection - model.nation.tupi]
May 14, 2018 5:09:58 PM net.sf.freecol.server.networking.Server sendToAll
INFO: Reap dead connection: [DummyConnection Server connection - model.nation.aztec]
May 14, 2018 5:09:58 PM net.sf.freecol.server.networking.Server sendToAll
INFO: Reap dead connection: [DummyConnection Server connection - model.nation.dutch]
May 14, 2018 5:09:58 PM net.sf.freecol.server.networking.Server sendToAll
INFO: Reap dead connection: [DummyConnection Server connection - model.nation.apache]
May 14, 2018 5:09:58 PM net.sf.freecol.server.networking.Server sendToAll
INFO: Reap dead connection: [DummyConnection Server connection - model.nation.cherokee]
May 14, 2018 5:09:58 PM net.sf.freecol.server.networking.Server sendToAll
INFO: Reap dead connection: [DummyConnection Server connection - model.nation.english]
May 14, 2018 5:09:58 PM net.sf.freecol.server.networking.Server sendToAll
INFO: Reap dead connection: [DummyConnection Server connection - model.nation.french]
May 14, 2018 5:09:58 PM net.sf.freecol.common.model.Specification applyDifficultyLevel
INFO: Applying difficulty level model.difficulty.medium
May 14, 2018 5:09:58 PM net.sf.freecol.common.FreeColSeed getFreeColSeed
INFO: Using seed: -4578145005796651611
May 14, 2018 5:09:58 PM net.sf.freecol.server.networking.Server sendToAll
INFO: Reap dead connection: [DummyConnection Server connection - model.nation.french]
May 14, 2018 5:09:58 PM net.sf.freecol.server.networking.Server sendToAll
INFO: Reap dead connection: [DummyConnection Server connection - model.nation.inca]
May 14, 2018 5:09:58 PM net.sf.freecol.server.networking.Server sendToAll
INFO: Reap dead connection: [DummyConnection Server connection - model.nation.sioux]
May 14, 2018 5:09:58 PM net.sf.freecol.server.networking.Server sendToAll
INFO: Reap dead connection: [DummyConnection Server connection - model.nation.cherokee]
May 14, 2018 5:09:58 PM net.sf.freecol.server.networking.Server sendToAll
INFO: Reap dead connection: [DummyConnection Server connection - model.nation.arawak]
May 14, 2018 5:09:58 PM net.sf.freecol.server.networking.Server sendToAll
INFO: Reap dead connection: [DummyConnection Server connection - model.nation.english]
May 14, 2018 5:09:58 PM net.sf.freecol.server.networking.Server sendToAll
INFO: Reap dead connection: [DummyConnection Server connection - model.nation.dutch]
May 14, 2018 5:09:58 PM net.sf.freecol.server.networking.Server sendToAll
INFO: Reap dead connection: [DummyConnection Server connection - model.nation.tupi]
May 14, 2018 5:09:58 PM net.sf.freecol.server.networking.Server sendToAll
INFO: Reap dead connection: [DummyConnection Server connection - model.nation.apache]
May 14, 2018 5:09:58 PM net.sf.freecol.server.networking.Server sendToAll
INFO: Reap dead connection: [DummyConnection Server connection - model.nation.aztec]
May 14, 2018 5:09:58 PM net.sf.freecol.server.networking.Server sendToAll
INFO: Reap dead connection: [DummyConnection Server connection - model.nation.spanish]
May 14, 2018 5:09:58 PM net.sf.freecol.server.networking.Server sendToAll
INFO: Reap dead connection: [DummyConnection Server connection - model.nation.iroquois]
May 14, 2018 5:09:58 PM net.sf.freecol.common.model.Specification applyDifficultyLevel
INFO: Applying difficulty level model.difficulty.medium
May 14, 2018 5:09:58 PM net.sf.freecol.common.FreeColSeed getFreeColSeed
INFO: Using seed: -6086998825446346441
May 14, 2018 5:09:58 PM net.sf.freecol.server.networking.Server sendToAll
INFO: Reap dead connection: [DummyConnection Server connection - model.nation.spanish]
May 14, 2018 5:09:58 PM net.sf.freecol.server.networking.Server sendToAll
INFO: Reap dead connection: [DummyConnection Server connection - model.nation.iroquois]
May 14, 2018 5:09:58 PM net.sf.freecol.server.networking.Server sendToAll
INFO: Reap dead connection: [DummyConnection Server connection - model.nation.aztec]
May 14, 2018 5:09:58 PM net.sf.freecol.server.networking.Server sendToAll
INFO: Reap dead connection: [DummyConnection Server connection - model.nation.cherokee]
May 14, 2018 5:09:58 PM net.sf.freecol.server.networking.Server sendToAll
INFO: Reap dead connection: [DummyConnection Server connection - model.nation.sioux]
May 14, 2018 5:09:58 PM net.sf.freecol.server.networking.Server sendToAll
INFO: Reap dead connection: [DummyConnection Server connection - model.nation.inca]
May 14, 2018 5:09:58 PM net.sf.freecol.server.networking.Server sendToAll
INFO: Reap dead connection: [DummyConnection Server connection - model.nation.english]
May 14, 2018 5:09:58 PM net.sf.freecol.server.networking.Server sendToAll
INFO: Reap dead connection: [DummyConnection Server connection - model.nation.tupi]
May 14, 2018 5:09:58 PM net.sf.freecol.server.networking.Server sendToAll
INFO: Reap dead connection: [DummyConnection Server connection - model.nation.dutch]
May 14, 2018 5:09:58 PM net.sf.freecol.server.networking.Server sendToAll
INFO: Reap dead connection: [DummyConnection Server connection - model.nation.apache]
May 14, 2018 5:09:58 PM net.sf.freecol.server.networking.Server sendToAll
INFO: Reap dead connection: [DummyConnection Server connection - model.nation.french]
May 14, 2018 5:09:58 PM net.sf.freecol.server.networking.Server sendToAll
INFO: Reap dead connection: [DummyConnection Server connection - model.nation.arawak]
May 14, 2018 5:09:58 PM net.sf.freecol.common.model.Specification applyDifficultyLevel
INFO: Applying difficulty level model.difficulty.medium
May 14, 2018 5:09:58 PM net.sf.freecol.common.FreeColSeed getFreeColSeed
INFO: Using seed: 2411317527506849804
May 14, 2018 5:09:58 PM net.sf.freecol.server.networking.Server sendToAll
INFO: Reap dead connection: [DummyConnection Server connection - model.nation.tupi]
May 14, 2018 5:09:58 PM net.sf.freecol.server.networking.Server sendToAll
INFO: Reap dead connection: [DummyConnection Server connection - model.nation.dutch]
May 14, 2018 5:09:58 PM net.sf.freecol.server.networking.Server sendToAll
INFO: Reap dead connection: [DummyConnection Server connection - model.nation.iroquois]
May 14, 2018 5:09:58 PM net.sf.freecol.server.networking.Server sendToAll
INFO: Reap dead connection: [DummyConnection Server connection - model.nation.french]
May 14, 2018 5:09:58 PM net.sf.freecol.server.networking.Server sendToAll
INFO: Reap dead connection: [DummyConnection Server connection - model.nation.arawak]
May 14, 2018 5:09:58 PM net.sf.freecol.server.networking.Server sendToAll
INFO: Reap dead connection: [DummyConnection Server connection - model.nation.sioux]
May 14, 2018 5:09:58 PM net.sf.freecol.server.networking.Server sendToAll
INFO: Reap dead connection: [DummyConnection Server connection - model.nation.apache]
May 14, 2018 5:09:58 PM net.sf.freecol.server.networking.Server sendToAll
INFO: Reap dead connection: [DummyConnection Server connection - model.nation.spanish]
May 14, 2018 5:09:58 PM net.sf.freecol.server.networking.Server sendToAll
INFO: Reap dead connection: [DummyConnection Server connection - model.nation.inca]
May 14, 2018 5:09:58 PM net.sf.freecol.server.networking.Server sendToAll
INFO: Reap dead connection: [DummyConnection Server connection - model.nation.aztec]
May 14, 2018 5:09:58 PM net.sf.freecol.server.networking.Server sendToAll
INFO: Reap dead connection: [DummyConnection Server connection - model.nation.cherokee]
May 14, 2018 5:09:58 PM net.sf.freecol.server.networking.Server sendToAll
INFO: Reap dead connection: [DummyConnection Server connection - model.nation.english]
May 14, 2018 5:09:58 PM net.sf.freecol.common.model.Specification applyDifficultyLevel
INFO: Applying difficulty level model.difficulty.medium
May 14, 2018 5:09:58 PM net.sf.freecol.common.FreeColSeed getFreeColSeed
INFO: Using seed: -4349209288288948949
May 14, 2018 5:09:58 PM net.sf.freecol.server.networking.Server sendToAll
INFO: Reap dead connection: [DummyConnection Server connection - model.nation.spanish]
May 14, 2018 5:09:58 PM net.sf.freecol.server.networking.Server sendToAll
INFO: Reap dead connection: [DummyConnection Server connection - model.nation.cherokee]
May 14, 2018 5:09:58 PM net.sf.freecol.server.networking.Server sendToAll
INFO: Reap dead connection: [DummyConnection Server connection - model.nation.arawak]
May 14, 2018 5:09:58 PM net.sf.freecol.server.networking.Server sendToAll
INFO: Reap dead connection: [DummyConnection Server connection - model.nation.dutch]
May 14, 2018 5:09:58 PM net.sf.freecol.server.networking.Server sendToAll
INFO: Reap dead connection: [DummyConnection Server connection - model.nation.french]
May 14, 2018 5:09:58 PM net.sf.freecol.server.networking.Server sendToAll
INFO: Reap dead connection: [DummyConnection Server connection - model.nation.english]
May 14, 2018 5:09:58 PM net.sf.freecol.server.networking.Server sendToAll
INFO: Reap dead connection: [DummyConnection Server connection - model.nation.iroquois]
May 14, 2018 5:09:58 PM net.sf.freecol.server.networking.Server sendToAll
INFO: Reap dead connection: [DummyConnection Server connection - model.nation.inca]
May 14, 2018 5:09:58 PM net.sf.freecol.server.networking.Server sendToAll
INFO: Reap dead connection: [DummyConnection Server connection - model.nation.tupi]
May 14, 2018 5:09:58 PM net.sf.freecol.server.networking.Server sendToAll
INFO: Reap dead connection: [DummyConnection Server connection - model.nation.apache]
May 14, 2018 5:09:58 PM net.sf.freecol.server.networking.Server sendToAll
INFO: Reap dead connection: [DummyConnection Server connection - model.nation.aztec]
May 14, 2018 5:09:58 PM net.sf.freecol.server.networking.Server sendToAll
INFO: Reap dead connection: [DummyConnection Server connection - model.nation.sioux]
May 14, 2018 5:09:58 PM net.sf.freecol.common.model.Specification applyDifficultyLevel
INFO: Applying difficulty level model.difficulty.medium
May 14, 2018 5:09:58 PM net.sf.freecol.common.FreeColSeed getFreeColSeed
INFO: Using seed: 3672377975411057840
May 14, 2018 5:09:58 PM net.sf.freecol.server.networking.Server sendToAll
INFO: Reap dead connection: [DummyConnection Server connection - model.nation.arawak]
May 14, 2018 5:09:58 PM net.sf.freecol.server.networking.Server sendToAll
INFO: Reap dead connection: [DummyConnection Server connection - model.nation.apache]
May 14, 2018 5:09:58 PM net.sf.freecol.server.networking.Server sendToAll
INFO: Reap dead connection: [DummyConnection Server connection - model.nation.spanish]
May 14, 2018 5:09:58 PM net.sf.freecol.server.networking.Server sendToAll
INFO: Reap dead connection: [DummyConnection Server connection - model.nation.aztec]
May 14, 2018 5:09:58 PM net.sf.freecol.server.networking.Server sendToAll
INFO: Reap dead connection: [DummyConnection Server connection - model.nation.dutch]
May 14, 2018 5:09:58 PM net.sf.freecol.server.networking.Server sendToAll
INFO: Reap dead connection: [DummyConnection Server connection - model.nation.iroquois]
May 14, 2018 5:09:58 PM net.sf.freecol.server.networking.Server sendToAll
INFO: Reap dead connection: [DummyConnection Server connection - model.nation.english]
May 14, 2018 5:09:58 PM net.sf.freecol.server.networking.Server sendToAll
INFO: Reap dead connection: [DummyConnection Server connection - model.nation.cherokee]
May 14, 2018 5:09:58 PM net.sf.freecol.server.networking.Server sendToAll
INFO: Reap dead connection: [DummyConnection Server connection - model.nation.inca]
May 14, 2018 5:09:58 PM net.sf.freecol.server.networking.Server sendToAll
INFO: Reap dead connection: [DummyConnection Server connection - model.nation.sioux]
May 14, 2018 5:09:58 PM net.sf.freecol.server.networking.Server sendToAll
INFO: Reap dead connection: [DummyConnection Server connection - model.nation.tupi]
May 14, 2018 5:09:58 PM net.sf.freecol.server.networking.Server sendToAll
INFO: Reap dead connection: [DummyConnection Server connection - model.nation.french]
May 14, 2018 5:09:58 PM net.sf.freecol.common.model.Specification applyDifficultyLevel
INFO: Applying difficulty level model.difficulty.medium
May 14, 2018 5:09:58 PM net.sf.freecol.common.FreeColSeed getFreeColSeed
INFO: Using seed: -949777841727854601
May 14, 2018 5:09:58 PM net.sf.freecol.server.networking.Server sendToAll
INFO: Reap dead connection: [DummyConnection Server connection - model.nation.spanish]
May 14, 2018 5:09:58 PM net.sf.freecol.server.networking.Server sendToAll
INFO: Reap dead connection: [DummyConnection Server connection - model.nation.english]
May 14, 2018 5:09:58 PM net.sf.freecol.server.networking.Server sendToAll
INFO: Reap dead connection: [DummyConnection Server connection - model.nation.cherokee]
May 14, 2018 5:09:58 PM net.sf.freecol.server.networking.Server sendToAll
INFO: Reap dead connection: [DummyConnection Server connection - model.nation.dutch]
May 14, 2018 5:09:58 PM net.sf.freecol.server.networking.Server sendToAll
INFO: Reap dead connection: [DummyConnection Server connection - model.nation.aztec]
May 14, 2018 5:09:58 PM net.sf.freecol.server.networking.Server sendToAll
INFO: Reap dead connection: [DummyConnection Server connection - model.nation.iroquois]
May 14, 2018 5:09:58 PM net.sf.freecol.server.networking.Server sendToAll
INFO: Reap dead connection: [DummyConnection Server connection - model.nation.arawak]
May 14, 2018 5:09:58 PM net.sf.freecol.server.networking.Server sendToAll
INFO: Reap dead connection: [DummyConnection Server connection - model.nation.inca]
May 14, 2018 5:09:58 PM net.sf.freecol.server.networking.Server sendToAll
INFO: Reap dead connection: [DummyConnection Server connection - model.nation.sioux]
May 14, 2018 5:09:58 PM net.sf.freecol.server.networking.Server sendToAll
INFO: Reap dead connection: [DummyConnection Server connection - model.nation.french]
May 14, 2018 5:09:58 PM net.sf.freecol.server.networking.Server sendToAll
INFO: Reap dead connection: [DummyConnection Server connection - model.nation.apache]
May 14, 2018 5:09:58 PM net.sf.freecol.server.networking.Server sendToAll
INFO: Reap dead connection: [DummyConnection Server connection - model.nation.tupi]
May 14, 2018 5:09:58 PM net.sf.freecol.common.model.Specification applyDifficultyLevel
INFO: Applying difficulty level model.difficulty.medium
May 14, 2018 5:09:58 PM net.sf.freecol.common.FreeColSeed getFreeColSeed
INFO: Using seed: -4560608714463725305
May 14, 2018 5:09:58 PM net.sf.freecol.server.networking.Server sendToAll
INFO: Reap dead connection: [DummyConnection Server connection - model.nation.dutch]
May 14, 2018 5:09:58 PM net.sf.freecol.server.networking.Server sendToAll
INFO: Reap dead connection: [DummyConnection Server connection - model.nation.cherokee]
May 14, 2018 5:09:58 PM net.sf.freecol.server.networking.Server sendToAll
INFO: Reap dead connection: [DummyConnection Server connection - model.nation.spanish]
May 14, 2018 5:09:58 PM net.sf.freecol.server.networking.Server sendToAll
INFO: Reap dead connection: [DummyConnection Server connection - model.nation.tupi]
May 14, 2018 5:09:58 PM net.sf.freecol.server.networking.Server sendToAll
INFO: Reap dead connection: [DummyConnection Server connection - model.nation.arawak]
May 14, 2018 5:09:58 PM net.sf.freecol.server.networking.Server sendToAll
INFO: Reap dead connection: [DummyConnection Server connection - model.nation.english]
May 14, 2018 5:09:58 PM net.sf.freecol.server.networking.Server sendToAll
INFO: Reap dead connection: [DummyConnection Server connection - model.nation.apache]
May 14, 2018 5:09:58 PM net.sf.freecol.server.networking.Server sendToAll
INFO: Reap dead connection: [DummyConnection Server connection - model.nation.sioux]
May 14, 2018 5:09:58 PM net.sf.freecol.server.networking.Server sendToAll
INFO: Reap dead connection: [DummyConnection Server connection - model.nation.french]
May 14, 2018 5:09:58 PM net.sf.freecol.server.networking.Server sendToAll
INFO: Reap dead connection: [DummyConnection Server connection - model.nation.iroquois]
May 14, 2018 5:09:58 PM net.sf.freecol.server.networking.Server sendToAll
INFO: Reap dead connection: [DummyConnection Server connection - model.nation.aztec]
May 14, 2018 5:09:58 PM net.sf.freecol.server.networking.Server sendToAll
INFO: Reap dead connection: [DummyConnection Server connection - model.nation.inca]
May 14, 2018 5:09:58 PM net.sf.freecol.common.model.Specification applyDifficultyLevel
INFO: Applying difficulty level model.difficulty.medium
May 14, 2018 5:09:58 PM net.sf.freecol.common.FreeColSeed getFreeColSeed
INFO: Using seed: -8382343816178308230
May 14, 2018 5:09:58 PM net.sf.freecol.server.networking.Server sendToAll
INFO: Reap dead connection: [DummyConnection Server connection - model.nation.sioux]
May 14, 2018 5:09:58 PM net.sf.freecol.server.networking.Server sendToAll
INFO: Reap dead connection: [DummyConnection Server connection - model.nation.iroquois]
May 14, 2018 5:09:58 PM net.sf.freecol.server.networking.Server sendToAll
INFO: Reap dead connection: [DummyConnection Server connection - model.nation.french]
May 14, 2018 5:09:58 PM net.sf.freecol.server.networking.Server sendToAll
INFO: Reap dead connection: [DummyConnection Server connection - model.nation.dutch]
May 14, 2018 5:09:58 PM net.sf.freecol.server.networking.Server sendToAll
INFO: Reap dead connection: [DummyConnection Server connection - model.nation.tupi]
May 14, 2018 5:09:58 PM net.sf.freecol.server.networking.Server sendToAll
INFO: Reap dead connection: [DummyConnection Server connection - model.nation.english]
May 14, 2018 5:09:58 PM net.sf.freecol.server.networking.Server sendToAll
INFO: Reap dead connection: [DummyConnection Server connection - model.nation.inca]
May 14, 2018 5:09:58 PM net.sf.freecol.server.networking.Server sendToAll
INFO: Reap dead connection: [DummyConnection Server connection - model.nation.arawak]
May 14, 2018 5:09:58 PM net.sf.freecol.server.networking.Server sendToAll
INFO: Reap dead connection: [DummyConnection Server connection - model.nation.aztec]
May 14, 2018 5:09:58 PM net.sf.freecol.server.networking.Server sendToAll
INFO: Reap dead connection: [DummyConnection Server connection - model.nation.cherokee]
May 14, 2018 5:09:58 PM net.sf.freecol.server.networking.Server sendToAll
INFO: Reap dead connection: [DummyConnection Server connection - model.nation.apache]
May 14, 2018 5:09:58 PM net.sf.freecol.server.networking.Server sendToAll
INFO: Reap dead connection: [DummyConnection Server connection - model.nation.spanish]
May 14, 2018 5:09:58 PM net.sf.freecol.common.model.Specification applyDifficultyLevel
INFO: Applying difficulty level model.difficulty.medium
May 14, 2018 5:09:58 PM net.sf.freecol.common.FreeColSeed getFreeColSeed
INFO: Using seed: -7932649393030067715
May 14, 2018 5:09:58 PM net.sf.freecol.server.networking.Server sendToAll
INFO: Reap dead connection: [DummyConnection Server connection - model.nation.cherokee]
May 14, 2018 5:09:58 PM net.sf.freecol.server.networking.Server sendToAll
INFO: Reap dead connection: [DummyConnection Server connection - model.nation.iroquois]
May 14, 2018 5:09:58 PM net.sf.freecol.server.networking.Server sendToAll
INFO: Reap dead connection: [DummyConnection Server connection - model.nation.arawak]
May 14, 2018 5:09:58 PM net.sf.freecol.server.networking.Server sendToAll
INFO: Reap dead connection: [DummyConnection Server connection - model.nation.sioux]
May 14, 2018 5:09:58 PM net.sf.freecol.server.networking.Server sendToAll
INFO: Reap dead connection: [DummyConnection Server connection - model.nation.french]
May 14, 2018 5:09:58 PM net.sf.freecol.server.networking.Server sendToAll
INFO: Reap dead connection: [DummyConnection Server connection - model.nation.dutch]
May 14, 2018 5:09:58 PM net.sf.freecol.server.networking.Server sendToAll
INFO: Reap dead connection: [DummyConnection Server connection - model.nation.aztec]
May 14, 2018 5:09:58 PM net.sf.freecol.server.networking.Server sendToAll
INFO: Reap dead connection: [DummyConnection Server connection - model.nation.english]
May 14, 2018 5:09:58 PM net.sf.freecol.server.networking.Server sendToAll
INFO: Reap dead connection: [DummyConnection Server connection - model.nation.spanish]
May 14, 2018 5:09:58 PM net.sf.freecol.server.networking.Server sendToAll
INFO: Reap dead connection: [DummyConnection Server connection - model.nation.apache]
May 14, 2018 5:09:58 PM net.sf.freecol.server.networking.Server sendToAll
INFO: Reap dead connection: [DummyConnection Server connection - model.nation.inca]
May 14, 2018 5:09:58 PM net.sf.freecol.server.networking.Server sendToAll
INFO: Reap dead connection: [DummyConnection Server connection - model.nation.tupi]
May 14, 2018 5:09:58 PM net.sf.freecol.common.model.Specification applyDifficultyLevel
INFO: Applying difficulty level model.difficulty.medium
May 14, 2018 5:09:58 PM net.sf.freecol.common.FreeColSeed getFreeColSeed
INFO: Using seed: -2105135473217759300
May 14, 2018 5:09:58 PM net.sf.freecol.server.networking.Server sendToAll
INFO: Reap dead connection: [DummyConnection Server connection - model.nation.tupi]
May 14, 2018 5:09:58 PM net.sf.freecol.server.networking.Server sendToAll
INFO: Reap dead connection: [DummyConnection Server connection - model.nation.arawak]
May 14, 2018 5:09:58 PM net.sf.freecol.server.networking.Server sendToAll
INFO: Reap dead connection: [DummyConnection Server connection - model.nation.inca]
May 14, 2018 5:09:58 PM net.sf.freecol.server.networking.Server sendToAll
INFO: Reap dead connection: [DummyConnection Server connection - model.nation.apache]
May 14, 2018 5:09:58 PM net.sf.freecol.server.networking.Server sendToAll
INFO: Reap dead connection: [DummyConnection Server connection - model.nation.aztec]
May 14, 2018 5:09:58 PM net.sf.freecol.server.networking.Server sendToAll
INFO: Reap dead connection: [DummyConnection Server connection - model.nation.english]
May 14, 2018 5:09:58 PM net.sf.freecol.server.networking.Server sendToAll
INFO: Reap dead connection: [DummyConnection Server connection - model.nation.spanish]
May 14, 2018 5:09:58 PM net.sf.freecol.server.networking.Server sendToAll
INFO: Reap dead connection: [DummyConnection Server connection - model.nation.french]
May 14, 2018 5:09:58 PM net.sf.freecol.server.networking.Server sendToAll
INFO: Reap dead connection: [DummyConnection Server connection - model.nation.sioux]
May 14, 2018 5:09:58 PM net.sf.freecol.server.networking.Server sendToAll
INFO: Reap dead connection: [DummyConnection Server connection - model.nation.dutch]
May 14, 2018 5:09:58 PM net.sf.freecol.server.networking.Server sendToAll
INFO: Reap dead connection: [DummyConnection Server connection - model.nation.iroquois]
May 14, 2018 5:09:58 PM net.sf.freecol.server.networking.Server sendToAll
INFO: Reap dead connection: [DummyConnection Server connection - model.nation.cherokee]
May 14, 2018 5:09:58 PM net.sf.freecol.common.networking.DOMMessage clientError
WARNING: Naval unit unit:250 can not embark.
May 14, 2018 5:09:58 PM net.sf.freecol.common.networking.DOMMessage clientError
WARNING: Carrier: unit:248 can not carry unit:252: CAPACITY_EXCEEDED
May 14, 2018 5:09:58 PM net.sf.freecol.common.model.Specification applyDifficultyLevel
INFO: Applying difficulty level model.difficulty.medium
May 14, 2018 5:09:58 PM net.sf.freecol.common.FreeColSeed getFreeColSeed
INFO: Using seed: 7694356417780546181
May 14, 2018 5:09:58 PM net.sf.freecol.server.networking.Server sendToAll
INFO: Reap dead connection: [DummyConnection Server connection - model.nation.french]
May 14, 2018 5:09:58 PM net.sf.freecol.server.networking.Server sendToAll
INFO: Reap dead connection: [DummyConnection Server connection - model.nation.aztec]
May 14, 2018 5:09:58 PM net.sf.freecol.server.networking.Server sendToAll
INFO: Reap dead connection: [DummyConnection Server connection - model.nation.tupi]
May 14, 2018 5:09:58 PM net.sf.freecol.server.networking.Server sendToAll
INFO: Reap dead connection: [DummyConnection Server connection - model.nation.cherokee]
May 14, 2018 5:09:58 PM net.sf.freecol.server.networking.Server sendToAll
INFO: Reap dead connection: [DummyConnection Server connection - model.nation.dutch]
May 14, 2018 5:09:58 PM net.sf.freecol.server.networking.Server sendToAll
INFO: Reap dead connection: [DummyConnection Server connection - model.nation.spanish]
May 14, 2018 5:09:58 PM net.sf.freecol.server.networking.Server sendToAll
INFO: Reap dead connection: [DummyConnection Server connection - model.nation.iroquois]
May 14, 2018 5:09:58 PM net.sf.freecol.server.networking.Server sendToAll
INFO: Reap dead connection: [DummyConnection Server connection - model.nation.english]
May 14, 2018 5:09:58 PM net.sf.freecol.server.networking.Server sendToAll
INFO: Reap dead connection: [DummyConnection Server connection - model.nation.inca]
May 14, 2018 5:09:58 PM net.sf.freecol.server.networking.Server sendToAll
INFO: Reap dead connection: [DummyConnection Server connection - model.nation.sioux]
May 14, 2018 5:09:58 PM net.sf.freecol.server.networking.Server sendToAll
INFO: Reap dead connection: [DummyConnection Server connection - model.nation.apache]
May 14, 2018 5:09:58 PM net.sf.freecol.server.networking.Server sendToAll
INFO: Reap dead connection: [DummyConnection Server connection - model.nation.arawak]
May 14, 2018 5:09:58 PM net.sf.freecol.server.model.ServerPlayer csChangeStance
INFO: Stance modification William I UNCONTACTED -> WAR wrt Louis XIV
May 14, 2018 5:09:58 PM net.sf.freecol.server.model.ServerPlayer csChangeStance
INFO: Stance modification Louis XIV UNCONTACTED -> WAR wrt William I (symmetric)
May 14, 2018 5:09:58 PM net.sf.freecol.common.util.LogBuilder log
INFO: Combat attacker=unit:247-veteranSoldier-soldier [Modifier model.modifier.offence (model.source.baseOffence) ADDITIVE 0.0 index=10] [Modifier model.modifier.offence (model.role.soldier) ADDITIVE 2.0 index=30] [Modifier model.modifier.offence (model.unit.veteranSoldier) PERCENTAGE 50.0 index=40] [Modifier model.modifier.attackBonus (model.source.attackBonus) PERCENTAGE 50.0 index=50] = 4.5 defender=unit:248-freeColonist-soldier [Modifier model.modifier.defence (model.source.baseDefence) ADDITIVE 1.0 index=10] [Modifier model.modifier.defence (model.role.soldier) ADDITIVE 1.0 index=30] = 2.0 odds=0.6923076923076923 random(1.0)=0.7123076915740967 great=false Attack LOSE LOSE_EQUIP
May 14, 2018 5:09:58 PM net.sf.freecol.common.util.LogBuilder log
INFO: Combat attacker=unit:247-veteranSoldier [Modifier model.modifier.offence (model.source.baseOffence) ADDITIVE 0.0 index=10] [Modifier model.modifier.offence (model.unit.veteranSoldier) PERCENTAGE 50.0 index=40] [Modifier model.modifier.attackBonus (model.source.attackBonus) PERCENTAGE 50.0 index=50] = 0.0 defender=unit:248-freeColonist-soldier [Modifier model.modifier.defence (model.source.baseDefence) ADDITIVE 1.0 index=10] [Modifier model.modifier.defence (model.role.soldier) ADDITIVE 1.0 index=30] = 2.0 odds=0.0 random(1.0)=0.019999999552965164 great=false Attack LOSE CAPTURE_UNIT
May 14, 2018 5:09:58 PM net.sf.freecol.common.model.Specification applyDifficultyLevel
INFO: Applying difficulty level model.difficulty.medium
May 14, 2018 5:09:58 PM net.sf.freecol.common.FreeColSeed getFreeColSeed
INFO: Using seed: -1069696936737693595
May 14, 2018 5:09:58 PM net.sf.freecol.server.networking.Server sendToAll
INFO: Reap dead connection: [DummyConnection Server connection - model.nation.aztec]
May 14, 2018 5:09:58 PM net.sf.freecol.server.networking.Server sendToAll
INFO: Reap dead connection: [DummyConnection Server connection - model.nation.apache]
May 14, 2018 5:09:58 PM net.sf.freecol.server.networking.Server sendToAll
INFO: Reap dead connection: [DummyConnection Server connection - model.nation.cherokee]
May 14, 2018 5:09:58 PM net.sf.freecol.server.networking.Server sendToAll
INFO: Reap dead connection: [DummyConnection Server connection - model.nation.spanish]
May 14, 2018 5:09:58 PM net.sf.freecol.server.networking.Server sendToAll
INFO: Reap dead connection: [DummyConnection Server connection - model.nation.french]
May 14, 2018 5:09:58 PM net.sf.freecol.server.networking.Server sendToAll
INFO: Reap dead connection: [DummyConnection Server connection - model.nation.iroquois]
May 14, 2018 5:09:58 PM net.sf.freecol.server.networking.Server sendToAll
INFO: Reap dead connection: [DummyConnection Server connection - model.nation.inca]
May 14, 2018 5:09:58 PM net.sf.freecol.server.networking.Server sendToAll
INFO: Reap dead connection: [DummyConnection Server connection - model.nation.tupi]
May 14, 2018 5:09:58 PM net.sf.freecol.server.networking.Server sendToAll
INFO: Reap dead connection: [DummyConnection Server connection - model.nation.sioux]
May 14, 2018 5:09:58 PM net.sf.freecol.server.networking.Server sendToAll
INFO: Reap dead connection: [DummyConnection Server connection - model.nation.dutch]
May 14, 2018 5:09:58 PM net.sf.freecol.server.networking.Server sendToAll
INFO: Reap dead connection: [DummyConnection Server connection - model.nation.english]
May 14, 2018 5:09:58 PM net.sf.freecol.server.networking.Server sendToAll
INFO: Reap dead connection: [DummyConnection Server connection - model.nation.arawak]
May 14, 2018 5:09:58 PM net.sf.freecol.server.model.ServerPlayer csChangeStance
INFO: Stance modification William I UNCONTACTED -> WAR wrt Atahualpa
May 14, 2018 5:09:58 PM net.sf.freecol.server.model.ServerPlayer csChangeStance
INFO: Stance modification Atahualpa UNCONTACTED -> WAR wrt William I (symmetric)
May 14, 2018 5:09:58 PM net.sf.freecol.common.util.LogBuilder log
INFO: Combat attacker=unit:271-brave-nativeDragoon [Modifier model.modifier.offence (model.source.baseOffence) ADDITIVE 1.0 index=10] [Modifier model.modifier.offence (model.role.nativeDragoon) ADDITIVE 3.0 index=30] [Modifier model.modifier.attackBonus (model.source.attackBonus) PERCENTAGE 50.0 index=50] = 6.0 defender=unit:270-freeColonist [Modifier model.modifier.defence (model.source.baseDefence) ADDITIVE 1.0 index=10] [Modifier model.modifier.defence (model.role.soldier) ADDITIVE 1.0 index=30] [Modifier model.modifier.defence (model.settlement.colony) PERCENTAGE 50.0 index=50] = 3.0 odds=0.6666666666666666 random(1.0)=0.6466666460037231 great=false Attack WIN AUTOEQUIP_UNIT LOSE_AUTOEQUIP
May 14, 2018 5:09:58 PM net.sf.freecol.common.model.Specification applyDifficultyLevel
INFO: Applying difficulty level model.difficulty.medium
May 14, 2018 5:09:58 PM net.sf.freecol.common.FreeColSeed getFreeColSeed
INFO: Using seed: 1868115802968991462
May 14, 2018 5:09:58 PM net.sf.freecol.server.networking.Server sendToAll
INFO: Reap dead connection: [DummyConnection Server connection - model.nation.aztec]
May 14, 2018 5:09:58 PM net.sf.freecol.server.networking.Server sendToAll
INFO: Reap dead connection: [DummyConnection Server connection - model.nation.french]
May 14, 2018 5:09:58 PM net.sf.freecol.server.networking.Server sendToAll
INFO: Reap dead connection: [DummyConnection Server connection - model.nation.dutch]
May 14, 2018 5:09:58 PM net.sf.freecol.server.networking.Server sendToAll
INFO: Reap dead connection: [DummyConnection Server connection - model.nation.spanish]
May 14, 2018 5:09:58 PM net.sf.freecol.server.networking.Server sendToAll
INFO: Reap dead connection: [DummyConnection Server connection - model.nation.cherokee]
May 14, 2018 5:09:58 PM net.sf.freecol.server.networking.Server sendToAll
INFO: Reap dead connection: [DummyConnection Server connection - model.nation.sioux]
May 14, 2018 5:09:58 PM net.sf.freecol.server.networking.Server sendToAll
INFO: Reap dead connection: [DummyConnection Server connection - model.nation.inca]
May 14, 2018 5:09:58 PM net.sf.freecol.server.networking.Server sendToAll
INFO: Reap dead connection: [DummyConnection Server connection - model.nation.english]
May 14, 2018 5:09:58 PM net.sf.freecol.server.networking.Server sendToAll
INFO: Reap dead connection: [DummyConnection Server connection - model.nation.iroquois]
May 14, 2018 5:09:58 PM net.sf.freecol.server.networking.Server sendToAll
INFO: Reap dead connection: [DummyConnection Server connection - model.nation.apache]
May 14, 2018 5:09:58 PM net.sf.freecol.server.networking.Server sendToAll
INFO: Reap dead connection: [DummyConnection Server connection - model.nation.arawak]
May 14, 2018 5:09:58 PM net.sf.freecol.server.networking.Server sendToAll
INFO: Reap dead connection: [DummyConnection Server connection - model.nation.tupi]
May 14, 2018 5:09:58 PM net.sf.freecol.common.model.Specification applyDifficultyLevel
INFO: Applying difficulty level model.difficulty.medium
May 14, 2018 5:09:58 PM net.sf.freecol.common.FreeColSeed getFreeColSeed
INFO: Using seed: -3117373314961141908
May 14, 2018 5:09:58 PM net.sf.freecol.server.networking.Server sendToAll
INFO: Reap dead connection: [DummyConnection Server connection - model.nation.inca]
May 14, 2018 5:09:58 PM net.sf.freecol.server.networking.Server sendToAll
INFO: Reap dead connection: [DummyConnection Server connection - model.nation.apache]
May 14, 2018 5:09:58 PM net.sf.freecol.server.networking.Server sendToAll
INFO: Reap dead connection: [DummyConnection Server connection - model.nation.sioux]
May 14, 2018 5:09:58 PM net.sf.freecol.server.networking.Server sendToAll
INFO: Reap dead connection: [DummyConnection Server connection - model.nation.aztec]
May 14, 2018 5:09:58 PM net.sf.freecol.server.networking.Server sendToAll
INFO: Reap dead connection: [DummyConnection Server connection - model.nation.iroquois]
May 14, 2018 5:09:58 PM net.sf.freecol.server.networking.Server sendToAll
INFO: Reap dead connection: [DummyConnection Server connection - model.nation.dutch]
May 14, 2018 5:09:58 PM net.sf.freecol.server.networking.Server sendToAll
INFO: Reap dead connection: [DummyConnection Server connection - model.nation.english]
May 14, 2018 5:09:58 PM net.sf.freecol.server.networking.Server sendToAll
INFO: Reap dead connection: [DummyConnection Server connection - model.nation.cherokee]
May 14, 2018 5:09:58 PM net.sf.freecol.server.networking.Server sendToAll
INFO: Reap dead connection: [DummyConnection Server connection - model.nation.tupi]
May 14, 2018 5:09:58 PM net.sf.freecol.server.networking.Server sendToAll
INFO: Reap dead connection: [DummyConnection Server connection - model.nation.spanish]
May 14, 2018 5:09:58 PM net.sf.freecol.server.networking.Server sendToAll
INFO: Reap dead connection: [DummyConnection Server connection - model.nation.french]
May 14, 2018 5:09:58 PM net.sf.freecol.server.networking.Server sendToAll
INFO: Reap dead connection: [DummyConnection Server connection - model.nation.arawak]
May 14, 2018 5:09:58 PM net.sf.freecol.server.model.ServerPlayer csChangeStance
INFO: Stance modification William I UNCONTACTED -> WAR wrt Louis XIV
May 14, 2018 5:09:58 PM net.sf.freecol.server.model.ServerPlayer csChangeStance
INFO: Stance modification Louis XIV UNCONTACTED -> WAR wrt William I (symmetric)
May 14, 2018 5:09:58 PM net.sf.freecol.common.util.LogBuilder log
INFO: Combat attacker=unit:247-freeColonist [Modifier model.modifier.offence (model.source.baseOffence) ADDITIVE 0.0 index=10] [Modifier model.modifier.attackBonus (model.source.attackBonus) PERCENTAGE 50.0 index=50] = 0.0 defender=unit:248-freeColonist-soldier [Modifier model.modifier.defence (model.source.baseDefence) ADDITIVE 1.0 index=10] [Modifier model.modifier.defence (model.role.soldier) ADDITIVE 1.0 index=30] = 2.0 odds=0.0 random(1.0)=0.019999999552965164 great=false Attack LOSE CAPTURE_UNIT
May 14, 2018 5:09:58 PM net.sf.freecol.common.model.Specification applyDifficultyLevel
INFO: Applying difficulty level model.difficulty.medium
May 14, 2018 5:09:58 PM net.sf.freecol.common.FreeColSeed getFreeColSeed
INFO: Using seed: -2916821254077908576
May 14, 2018 5:09:59 PM net.sf.freecol.server.networking.Server sendToAll
INFO: Reap dead connection: [DummyConnection Server connection - model.nation.inca]
May 14, 2018 5:09:59 PM net.sf.freecol.server.networking.Server sendToAll
INFO: Reap dead connection: [DummyConnection Server connection - model.nation.english]
May 14, 2018 5:09:59 PM net.sf.freecol.server.networking.Server sendToAll
INFO: Reap dead connection: [DummyConnection Server connection - model.nation.dutch]
May 14, 2018 5:09:59 PM net.sf.freecol.server.networking.Server sendToAll
INFO: Reap dead connection: [DummyConnection Server connection - model.nation.sioux]
May 14, 2018 5:09:59 PM net.sf.freecol.server.networking.Server sendToAll
INFO: Reap dead connection: [DummyConnection Server connection - model.nation.aztec]
May 14, 2018 5:09:59 PM net.sf.freecol.server.networking.Server sendToAll
INFO: Reap dead connection: [DummyConnection Server connection - model.nation.french]
May 14, 2018 5:09:59 PM net.sf.freecol.server.networking.Server sendToAll
INFO: Reap dead connection: [DummyConnection Server connection - model.nation.spanish]
May 14, 2018 5:09:59 PM net.sf.freecol.server.networking.Server sendToAll
INFO: Reap dead connection: [DummyConnection Server connection - model.nation.apache]
May 14, 2018 5:09:59 PM net.sf.freecol.server.networking.Server sendToAll
INFO: Reap dead connection: [DummyConnection Server connection - model.nation.iroquois]
May 14, 2018 5:09:59 PM net.sf.freecol.server.networking.Server sendToAll
INFO: Reap dead connection: [DummyConnection Server connection - model.nation.tupi]
May 14, 2018 5:09:59 PM net.sf.freecol.server.networking.Server sendToAll
INFO: Reap dead connection: [DummyConnection Server connection - model.nation.arawak]
May 14, 2018 5:09:59 PM net.sf.freecol.server.networking.Server sendToAll
INFO: Reap dead connection: [DummyConnection Server connection - model.nation.cherokee]
May 14, 2018 5:09:59 PM net.sf.freecol.server.model.ServerPlayer csChangeStance
INFO: Stance modification William I UNCONTACTED -> WAR wrt Louis XIV
May 14, 2018 5:09:59 PM net.sf.freecol.server.model.ServerPlayer csChangeStance
INFO: Stance modification Louis XIV UNCONTACTED -> WAR wrt William I (symmetric)
May 14, 2018 5:09:59 PM net.sf.freecol.common.util.LogBuilder log
INFO: Combat attacker=unit:247-freeColonist-scout [Modifier model.modifier.offence (model.source.baseOffence) ADDITIVE 0.0 index=10] [Modifier model.modifier.offence (model.role.scout) ADDITIVE 1.0 index=30] [Modifier model.modifier.attackBonus (model.source.attackBonus) PERCENTAGE 50.0 index=50] = 1.5 defender=unit:248-freeColonist-soldier [Modifier model.modifier.defence (model.source.baseDefence) ADDITIVE 1.0 index=10] [Modifier model.modifier.defence (model.role.soldier) ADDITIVE 1.0 index=30] = 2.0 odds=0.42857142857142855 random(1.0)=0.44857141375541687 great=false Attack LOSE SLAUGHTER_UNIT
May 14, 2018 5:09:59 PM net.sf.freecol.common.util.LogBuilder log
INFO: Destroying: unit:247
May 14, 2018 5:09:59 PM net.sf.freecol.common.model.Specification applyDifficultyLevel
INFO: Applying difficulty level model.difficulty.medium
May 14, 2018 5:09:59 PM net.sf.freecol.common.FreeColSeed getFreeColSeed
INFO: Using seed: 2408808519300896058
May 14, 2018 5:09:59 PM net.sf.freecol.server.networking.Server sendToAll
INFO: Reap dead connection: [DummyConnection Server connection - model.nation.tupi]
May 14, 2018 5:09:59 PM net.sf.freecol.server.networking.Server sendToAll
INFO: Reap dead connection: [DummyConnection Server connection - model.nation.apache]
May 14, 2018 5:09:59 PM net.sf.freecol.server.networking.Server sendToAll
INFO: Reap dead connection: [DummyConnection Server connection - model.nation.spanish]
May 14, 2018 5:09:59 PM net.sf.freecol.server.networking.Server sendToAll
INFO: Reap dead connection: [DummyConnection Server connection - model.nation.aztec]
May 14, 2018 5:09:59 PM net.sf.freecol.server.networking.Server sendToAll
INFO: Reap dead connection: [DummyConnection Server connection - model.nation.dutch]
May 14, 2018 5:09:59 PM net.sf.freecol.server.networking.Server sendToAll
INFO: Reap dead connection: [DummyConnection Server connection - model.nation.cherokee]
May 14, 2018 5:09:59 PM net.sf.freecol.server.networking.Server sendToAll
INFO: Reap dead connection: [DummyConnection Server connection - model.nation.arawak]
May 14, 2018 5:09:59 PM net.sf.freecol.server.networking.Server sendToAll
INFO: Reap dead connection: [DummyConnection Server connection - model.nation.french]
May 14, 2018 5:09:59 PM net.sf.freecol.server.networking.Server sendToAll
INFO: Reap dead connection: [DummyConnection Server connection - model.nation.inca]
May 14, 2018 5:09:59 PM net.sf.freecol.server.networking.Server sendToAll
INFO: Reap dead connection: [DummyConnection Server connection - model.nation.iroquois]
May 14, 2018 5:09:59 PM net.sf.freecol.server.networking.Server sendToAll
INFO: Reap dead connection: [DummyConnection Server connection - model.nation.sioux]
May 14, 2018 5:09:59 PM net.sf.freecol.server.networking.Server sendToAll
INFO: Reap dead connection: [DummyConnection Server connection - model.nation.english]
May 14, 2018 5:09:59 PM net.sf.freecol.common.model.Specification applyDifficultyLevel
INFO: Applying difficulty level model.difficulty.medium
May 14, 2018 5:09:59 PM net.sf.freecol.common.FreeColSeed getFreeColSeed
INFO: Using seed: 406089135561918233
May 14, 2018 5:09:59 PM net.sf.freecol.server.networking.Server sendToAll
INFO: Reap dead connection: [DummyConnection Server connection - model.nation.iroquois]
May 14, 2018 5:09:59 PM net.sf.freecol.server.networking.Server sendToAll
INFO: Reap dead connection: [DummyConnection Server connection - model.nation.dutch]
May 14, 2018 5:09:59 PM net.sf.freecol.server.networking.Server sendToAll
INFO: Reap dead connection: [DummyConnection Server connection - model.nation.french]
May 14, 2018 5:09:59 PM net.sf.freecol.server.networking.Server sendToAll
INFO: Reap dead connection: [DummyConnection Server connection - model.nation.tupi]
May 14, 2018 5:09:59 PM net.sf.freecol.server.networking.Server sendToAll
INFO: Reap dead connection: [DummyConnection Server connection - model.nation.arawak]
May 14, 2018 5:09:59 PM net.sf.freecol.server.networking.Server sendToAll
INFO: Reap dead connection: [DummyConnection Server connection - model.nation.apache]
May 14, 2018 5:09:59 PM net.sf.freecol.server.networking.Server sendToAll
INFO: Reap dead connection: [DummyConnection Server connection - model.nation.sioux]
May 14, 2018 5:09:59 PM net.sf.freecol.server.networking.Server sendToAll
INFO: Reap dead connection: [DummyConnection Server connection - model.nation.aztec]
May 14, 2018 5:09:59 PM net.sf.freecol.server.networking.Server sendToAll
INFO: Reap dead connection: [DummyConnection Server connection - model.nation.cherokee]
May 14, 2018 5:09:59 PM net.sf.freecol.server.networking.Server sendToAll
INFO: Reap dead connection: [DummyConnection Server connection - model.nation.spanish]
May 14, 2018 5:09:59 PM net.sf.freecol.server.networking.Server sendToAll
INFO: Reap dead connection: [DummyConnection Server connection - model.nation.inca]
May 14, 2018 5:09:59 PM net.sf.freecol.server.networking.Server sendToAll
INFO: Reap dead connection: [DummyConnection Server connection - model.nation.english]
May 14, 2018 5:09:59 PM net.sf.freecol.server.model.ServerPlayer csChangeStance
INFO: Stance modification William I UNCONTACTED -> WAR wrt Atahualpa
May 14, 2018 5:09:59 PM net.sf.freecol.server.model.ServerPlayer csChangeStance
INFO: Stance modification Atahualpa UNCONTACTED -> WAR wrt William I (symmetric)
May 14, 2018 5:09:59 PM net.sf.freecol.common.util.LogBuilder log
INFO: Combat attacker=unit:272-brave-nativeDragoon [Modifier model.modifier.offence (model.source.baseOffence) ADDITIVE 1.0 index=10] [Modifier model.modifier.offence (model.role.nativeDragoon) ADDITIVE 3.0 index=30] [Modifier model.modifier.attackBonus (model.source.attackBonus) PERCENTAGE 50.0 index=50] = 6.0 defender=unit:271-veteranSoldier-dragoon [Modifier model.modifier.defence (model.source.baseDefence) ADDITIVE 1.0 index=10] [Modifier model.modifier.defence (model.role.dragoon) ADDITIVE 2.0 index=30] [Modifier model.modifier.defence (model.unit.veteranSoldier) PERCENTAGE 50.0 index=40] [Modifier model.modifier.defence (model.settlement.colony) PERCENTAGE 50.0 index=50] = 6.75 odds=0.47058823529411764 random(1.0)=0.4505882263183594 great=false Attack WIN LOSE_EQUIP
May 14, 2018 5:09:59 PM net.sf.freecol.common.util.LogBuilder log
INFO: Combat attacker=unit:272-brave-nativeDragoon [Modifier model.modifier.offence (model.source.baseOffence) ADDITIVE 1.0 index=10] [Modifier model.modifier.offence (model.role.nativeDragoon) ADDITIVE 3.0 index=30] [Modifier model.modifier.attackBonus (model.source.attackBonus) PERCENTAGE 50.0 index=50] = 6.0 defender=unit:271-veteranSoldier-soldier [Modifier model.modifier.defence (model.source.baseDefence) ADDITIVE 1.0 index=10] [Modifier model.modifier.defence (model.role.soldier) ADDITIVE 1.0 index=30] [Modifier model.modifier.defence (model.unit.veteranSoldier) PERCENTAGE 50.0 index=40] [Modifier model.modifier.defence (model.settlement.colony) PERCENTAGE 50.0 index=50] = 4.5 odds=0.5714285714285714 random(1.0)=0.5514285564422607 great=false Attack WIN LOSE_EQUIP
May 14, 2018 5:09:59 PM net.sf.freecol.common.util.LogBuilder log
INFO: Combat attacker=unit:272-brave-nativeDragoon [Modifier model.modifier.offence (model.source.baseOffence) ADDITIVE 1.0 index=10] [Modifier model.modifier.offence (model.role.nativeDragoon) ADDITIVE 3.0 index=30] [Modifier model.modifier.attackBonus (model.source.attackBonus) PERCENTAGE 50.0 index=50] = 6.0 defender=unit:271-veteranSoldier [Modifier model.modifier.defence (model.source.baseDefence) ADDITIVE 1.0 index=10] [Modifier model.modifier.defence (model.unit.veteranSoldier) PERCENTAGE 50.0 index=40] [Modifier model.modifier.defence (model.settlement.colony) PERCENTAGE 50.0 index=50] = 2.25 odds=0.7272727272727273 random(1.0)=0.7072727084159851 great=false Attack WIN SLAUGHTER_UNIT
May 14, 2018 5:09:59 PM net.sf.freecol.common.util.LogBuilder log
INFO: Destroying: unit:271
May 14, 2018 5:09:59 PM net.sf.freecol.common.util.LogBuilder log
INFO: Combat attacker=unit:272-brave-nativeDragoon [Modifier model.modifier.offence (model.source.baseOffence) ADDITIVE 1.0 index=10] [Modifier model.modifier.offence (model.role.nativeDragoon) ADDITIVE 3.0 index=30] [Modifier model.modifier.attackBonus (model.source.attackBonus) PERCENTAGE 50.0 index=50] = 6.0 defender=unit:270-freeColonist [Modifier model.modifier.defence (model.source.baseDefence) ADDITIVE 1.0 index=10] [Modifier model.modifier.defence (model.settlement.colony) PERCENTAGE 50.0 index=50] = 1.5 odds=0.8 random(1.0)=0.7799999713897705 great=false Attack WIN PILLAGE_COLONY
May 14, 2018 5:09:59 PM net.sf.freecol.common.util.LogBuilder log
INFO: Destroying: building:274
May 14, 2018 5:09:59 PM net.sf.freecol.common.util.LogBuilder log
INFO: Combat attacker=unit:272-brave-nativeDragoon [Modifier model.modifier.offence (model.source.baseOffence) ADDITIVE 1.0 index=10] [Modifier model.modifier.offence (model.role.nativeDragoon) ADDITIVE 3.0 index=30] [Modifier model.modifier.attackBonus (model.source.attackBonus) PERCENTAGE 50.0 index=50] = 6.0 defender=unit:270-freeColonist [Modifier model.modifier.defence (model.source.baseDefence) ADDITIVE 1.0 index=10] [Modifier model.modifier.defence (model.settlement.colony) PERCENTAGE 50.0 index=50] = 1.5 odds=0.8 random(1.0)=0.7799999713897705 great=false Attack WIN PILLAGE_COLONY
May 14, 2018 5:09:59 PM net.sf.freecol.common.util.LogBuilder log
INFO: Combat attacker=unit:272-brave-nativeDragoon [Modifier model.modifier.offence (model.source.baseOffence) ADDITIVE 1.0 index=10] [Modifier model.modifier.offence (model.role.nativeDragoon) ADDITIVE 3.0 index=30] [Modifier model.modifier.attackBonus (model.source.attackBonus) PERCENTAGE 50.0 index=50] = 6.0 defender=unit:270-freeColonist [Modifier model.modifier.defence (model.source.baseDefence) ADDITIVE 1.0 index=10] [Modifier model.modifier.defence (model.settlement.colony) PERCENTAGE 50.0 index=50] = 1.5 odds=0.8 random(1.0)=0.7799999713897705 great=false Attack WIN PILLAGE_COLONY
May 14, 2018 5:09:59 PM net.sf.freecol.common.util.LogBuilder log
INFO: Combat attacker=unit:272-brave-nativeDragoon [Modifier model.modifier.offence (model.source.baseOffence) ADDITIVE 1.0 index=10] [Modifier model.modifier.offence (model.role.nativeDragoon) ADDITIVE 3.0 index=30] [Modifier model.modifier.attackBonus (model.source.attackBonus) PERCENTAGE 50.0 index=50] = 6.0 defender=unit:270-freeColonist [Modifier model.modifier.defence (model.source.baseDefence) ADDITIVE 1.0 index=10] [Modifier model.modifier.defence (model.settlement.colony) PERCENTAGE 50.0 index=50] = 1.5 odds=0.8 random(1.0)=0.7799999713897705 great=false Attack WIN PILLAGE_COLONY
May 14, 2018 5:09:59 PM net.sf.freecol.common.util.LogBuilder log
INFO: Combat attacker=unit:272-brave-nativeDragoon [Modifier model.modifier.offence (model.source.baseOffence) ADDITIVE 1.0 index=10] [Modifier model.modifier.offence (model.role.nativeDragoon) ADDITIVE 3.0 index=30] [Modifier model.modifier.attackBonus (model.source.attackBonus) PERCENTAGE 50.0 index=50] = 6.0 defender=unit:270-freeColonist [Modifier model.modifier.defence (model.source.baseDefence) ADDITIVE 1.0 index=10] [Modifier model.modifier.defence (model.settlement.colony) PERCENTAGE 50.0 index=50] = 1.5 odds=0.8 random(1.0)=0.7799999713897705 great=false Attack WIN SLAUGHTER_UNIT DESTROY_COLONY
May 14, 2018 5:09:59 PM net.sf.freecol.common.util.LogBuilder log
INFO: Destroying: unit:270
May 14, 2018 5:09:59 PM net.sf.freecol.common.util.LogBuilder log
INFO: Destroying: colonyTile:249 colonyTile:250 colonyTile:251 colonyTile:252 colonyTile:253 colonyTile:254 colonyTile:255 colonyTile:256 colonyTile:257 building:258 building:260 building:259 building:262 building:266 building:267 building:261 building:263 building:264 building:265 goodsContainer:248 colony:247
May 14, 2018 5:09:59 PM net.sf.freecol.common.model.Specification applyDifficultyLevel
INFO: Applying difficulty level model.difficulty.medium
May 14, 2018 5:09:59 PM net.sf.freecol.common.FreeColSeed getFreeColSeed
INFO: Using seed: -6190839770379749049
May 14, 2018 5:09:59 PM net.sf.freecol.server.networking.Server sendToAll
INFO: Reap dead connection: [DummyConnection Server connection - model.nation.iroquois]
May 14, 2018 5:09:59 PM net.sf.freecol.server.networking.Server sendToAll
INFO: Reap dead connection: [DummyConnection Server connection - model.nation.cherokee]
May 14, 2018 5:09:59 PM net.sf.freecol.server.networking.Server sendToAll
INFO: Reap dead connection: [DummyConnection Server connection - model.nation.english]
May 14, 2018 5:09:59 PM net.sf.freecol.server.networking.Server sendToAll
INFO: Reap dead connection: [DummyConnection Server connection - model.nation.spanish]
May 14, 2018 5:09:59 PM net.sf.freecol.server.networking.Server sendToAll
INFO: Reap dead connection: [DummyConnection Server connection - model.nation.apache]
May 14, 2018 5:09:59 PM net.sf.freecol.server.networking.Server sendToAll
INFO: Reap dead connection: [DummyConnection Server connection - model.nation.inca]
May 14, 2018 5:09:59 PM net.sf.freecol.server.networking.Server sendToAll
INFO: Reap dead connection: [DummyConnection Server connection - model.nation.dutch]
May 14, 2018 5:09:59 PM net.sf.freecol.server.networking.Server sendToAll
INFO: Reap dead connection: [DummyConnection Server connection - model.nation.french]
May 14, 2018 5:09:59 PM net.sf.freecol.server.networking.Server sendToAll
INFO: Reap dead connection: [DummyConnection Server connection - model.nation.tupi]
May 14, 2018 5:09:59 PM net.sf.freecol.server.networking.Server sendToAll
INFO: Reap dead connection: [DummyConnection Server connection - model.nation.arawak]
May 14, 2018 5:09:59 PM net.sf.freecol.server.networking.Server sendToAll
INFO: Reap dead connection: [DummyConnection Server connection - model.nation.sioux]
May 14, 2018 5:09:59 PM net.sf.freecol.server.networking.Server sendToAll
INFO: Reap dead connection: [DummyConnection Server connection - model.nation.aztec]
May 14, 2018 5:09:59 PM net.sf.freecol.common.model.Specification applyDifficultyLevel
INFO: Applying difficulty level model.difficulty.medium
May 14, 2018 5:09:59 PM net.sf.freecol.common.FreeColSeed getFreeColSeed
INFO: Using seed: -3830205048296156070
May 14, 2018 5:09:59 PM net.sf.freecol.server.networking.Server sendToAll
INFO: Reap dead connection: [DummyConnection Server connection - model.nation.tupi]
May 14, 2018 5:09:59 PM net.sf.freecol.server.networking.Server sendToAll
INFO: Reap dead connection: [DummyConnection Server connection - model.nation.iroquois]
May 14, 2018 5:09:59 PM net.sf.freecol.server.networking.Server sendToAll
INFO: Reap dead connection: [DummyConnection Server connection - model.nation.sioux]
May 14, 2018 5:09:59 PM net.sf.freecol.server.networking.Server sendToAll
INFO: Reap dead connection: [DummyConnection Server connection - model.nation.inca]
May 14, 2018 5:09:59 PM net.sf.freecol.server.networking.Server sendToAll
INFO: Reap dead connection: [DummyConnection Server connection - model.nation.arawak]
May 14, 2018 5:09:59 PM net.sf.freecol.server.networking.Server sendToAll
INFO: Reap dead connection: [DummyConnection Server connection - model.nation.english]
May 14, 2018 5:09:59 PM net.sf.freecol.server.networking.Server sendToAll
INFO: Reap dead connection: [DummyConnection Server connection - model.nation.dutch]
May 14, 2018 5:09:59 PM net.sf.freecol.server.networking.Server sendToAll
INFO: Reap dead connection: [DummyConnection Server connection - model.nation.aztec]
May 14, 2018 5:09:59 PM net.sf.freecol.server.networking.Server sendToAll
INFO: Reap dead connection: [DummyConnection Server connection - model.nation.cherokee]
May 14, 2018 5:09:59 PM net.sf.freecol.server.networking.Server sendToAll
INFO: Reap dead connection: [DummyConnection Server connection - model.nation.apache]
May 14, 2018 5:09:59 PM net.sf.freecol.server.networking.Server sendToAll
INFO: Reap dead connection: [DummyConnection Server connection - model.nation.french]
May 14, 2018 5:09:59 PM net.sf.freecol.server.networking.Server sendToAll
INFO: Reap dead connection: [DummyConnection Server connection - model.nation.spanish]
May 14, 2018 5:09:59 PM net.sf.freecol.common.model.Specification applyDifficultyLevel
INFO: Applying difficulty level model.difficulty.medium
May 14, 2018 5:09:59 PM net.sf.freecol.common.FreeColSeed getFreeColSeed
INFO: Using seed: -7094599787826316552
May 14, 2018 5:09:59 PM net.sf.freecol.server.networking.Server sendToAll
INFO: Reap dead connection: [DummyConnection Server connection - model.nation.tupi]
May 14, 2018 5:09:59 PM net.sf.freecol.server.networking.Server sendToAll
INFO: Reap dead connection: [DummyConnection Server connection - model.nation.spanish]
May 14, 2018 5:09:59 PM net.sf.freecol.server.networking.Server sendToAll
INFO: Reap dead connection: [DummyConnection Server connection - model.nation.aztec]
May 14, 2018 5:09:59 PM net.sf.freecol.server.networking.Server sendToAll
INFO: Reap dead connection: [DummyConnection Server connection - model.nation.cherokee]
May 14, 2018 5:09:59 PM net.sf.freecol.server.networking.Server sendToAll
INFO: Reap dead connection: [DummyConnection Server connection - model.nation.french]
May 14, 2018 5:09:59 PM net.sf.freecol.server.networking.Server sendToAll
INFO: Reap dead connection: [DummyConnection Server connection - model.nation.arawak]
May 14, 2018 5:09:59 PM net.sf.freecol.server.networking.Server sendToAll
INFO: Reap dead connection: [DummyConnection Server connection - model.nation.iroquois]
May 14, 2018 5:09:59 PM net.sf.freecol.server.networking.Server sendToAll
INFO: Reap dead connection: [DummyConnection Server connection - model.nation.inca]
May 14, 2018 5:09:59 PM net.sf.freecol.server.networking.Server sendToAll
INFO: Reap dead connection: [DummyConnection Server connection - model.nation.apache]
May 14, 2018 5:09:59 PM net.sf.freecol.server.networking.Server sendToAll
INFO: Reap dead connection: [DummyConnection Server connection - model.nation.dutch]
May 14, 2018 5:09:59 PM net.sf.freecol.server.networking.Server sendToAll
INFO: Reap dead connection: [DummyConnection Server connection - model.nation.english]
May 14, 2018 5:09:59 PM net.sf.freecol.server.networking.Server sendToAll
INFO: Reap dead connection: [DummyConnection Server connection - model.nation.sioux]
May 14, 2018 5:09:59 PM net.sf.freecol.common.model.Specification applyDifficultyLevel
INFO: Applying difficulty level model.difficulty.medium
May 14, 2018 5:09:59 PM net.sf.freecol.common.FreeColSeed getFreeColSeed
INFO: Using seed: 3483955501167318162
May 14, 2018 5:09:59 PM net.sf.freecol.server.networking.Server sendToAll
INFO: Reap dead connection: [DummyConnection Server connection - model.nation.english]
May 14, 2018 5:09:59 PM net.sf.freecol.server.networking.Server sendToAll
INFO: Reap dead connection: [DummyConnection Server connection - model.nation.french]
May 14, 2018 5:09:59 PM net.sf.freecol.server.networking.Server sendToAll
INFO: Reap dead connection: [DummyConnection Server connection - model.nation.sioux]
May 14, 2018 5:09:59 PM net.sf.freecol.server.networking.Server sendToAll
INFO: Reap dead connection: [DummyConnection Server connection - model.nation.apache]
May 14, 2018 5:09:59 PM net.sf.freecol.server.networking.Server sendToAll
INFO: Reap dead connection: [DummyConnection Server connection - model.nation.iroquois]
May 14, 2018 5:09:59 PM net.sf.freecol.server.networking.Server sendToAll
INFO: Reap dead connection: [DummyConnection Server connection - model.nation.spanish]
May 14, 2018 5:09:59 PM net.sf.freecol.server.networking.Server sendToAll
INFO: Reap dead connection: [DummyConnection Server connection - model.nation.arawak]
May 14, 2018 5:09:59 PM net.sf.freecol.server.networking.Server sendToAll
INFO: Reap dead connection: [DummyConnection Server connection - model.nation.cherokee]
May 14, 2018 5:09:59 PM net.sf.freecol.server.networking.Server sendToAll
INFO: Reap dead connection: [DummyConnection Server connection - model.nation.aztec]
May 14, 2018 5:09:59 PM net.sf.freecol.server.networking.Server sendToAll
INFO: Reap dead connection: [DummyConnection Server connection - model.nation.tupi]
May 14, 2018 5:09:59 PM net.sf.freecol.server.networking.Server sendToAll
INFO: Reap dead connection: [DummyConnection Server connection - model.nation.dutch]
May 14, 2018 5:09:59 PM net.sf.freecol.server.networking.Server sendToAll
INFO: Reap dead connection: [DummyConnection Server connection - model.nation.inca]
May 14, 2018 5:09:59 PM net.sf.freecol.common.model.Specification applyDifficultyLevel
INFO: Applying difficulty level model.difficulty.medium
May 14, 2018 5:09:59 PM net.sf.freecol.common.FreeColSeed getFreeColSeed
INFO: Using seed: -3723869867796800975
May 14, 2018 5:09:59 PM net.sf.freecol.server.networking.Server sendToAll
INFO: Reap dead connection: [DummyConnection Server connection - model.nation.tupi]
May 14, 2018 5:09:59 PM net.sf.freecol.server.networking.Server sendToAll
INFO: Reap dead connection: [DummyConnection Server connection - model.nation.arawak]
May 14, 2018 5:09:59 PM net.sf.freecol.server.networking.Server sendToAll
INFO: Reap dead connection: [DummyConnection Server connection - model.nation.english]
May 14, 2018 5:09:59 PM net.sf.freecol.server.networking.Server sendToAll
INFO: Reap dead connection: [DummyConnection Server connection - model.nation.french]
May 14, 2018 5:09:59 PM net.sf.freecol.server.networking.Server sendToAll
INFO: Reap dead connection: [DummyConnection Server connection - model.nation.apache]
May 14, 2018 5:09:59 PM net.sf.freecol.server.networking.Server sendToAll
INFO: Reap dead connection: [DummyConnection Server connection - model.nation.dutch]
May 14, 2018 5:09:59 PM net.sf.freecol.server.networking.Server sendToAll
INFO: Reap dead connection: [DummyConnection Server connection - model.nation.inca]
May 14, 2018 5:09:59 PM net.sf.freecol.server.networking.Server sendToAll
INFO: Reap dead connection: [DummyConnection Server connection - model.nation.cherokee]
May 14, 2018 5:09:59 PM net.sf.freecol.server.networking.Server sendToAll
INFO: Reap dead connection: [DummyConnection Server connection - model.nation.iroquois]
May 14, 2018 5:09:59 PM net.sf.freecol.server.networking.Server sendToAll
INFO: Reap dead connection: [DummyConnection Server connection - model.nation.spanish]
May 14, 2018 5:09:59 PM net.sf.freecol.server.networking.Server sendToAll
INFO: Reap dead connection: [DummyConnection Server connection - model.nation.aztec]
May 14, 2018 5:09:59 PM net.sf.freecol.server.networking.Server sendToAll
INFO: Reap dead connection: [DummyConnection Server connection - model.nation.sioux]
May 14, 2018 5:09:59 PM net.sf.freecol.common.model.Specification applyDifficultyLevel
INFO: Applying difficulty level model.difficulty.medium
May 14, 2018 5:09:59 PM net.sf.freecol.common.FreeColSeed getFreeColSeed
INFO: Using seed: 7968069898981149986
May 14, 2018 5:09:59 PM net.sf.freecol.server.networking.Server sendToAll
INFO: Reap dead connection: [DummyConnection Server connection - model.nation.aztec]
May 14, 2018 5:09:59 PM net.sf.freecol.server.networking.Server sendToAll
INFO: Reap dead connection: [DummyConnection Server connection - model.nation.iroquois]
May 14, 2018 5:09:59 PM net.sf.freecol.server.networking.Server sendToAll
INFO: Reap dead connection: [DummyConnection Server connection - model.nation.dutch]
May 14, 2018 5:09:59 PM net.sf.freecol.server.networking.Server sendToAll
INFO: Reap dead connection: [DummyConnection Server connection - model.nation.tupi]
May 14, 2018 5:09:59 PM net.sf.freecol.server.networking.Server sendToAll
INFO: Reap dead connection: [DummyConnection Server connection - model.nation.inca]
May 14, 2018 5:09:59 PM net.sf.freecol.server.networking.Server sendToAll
INFO: Reap dead connection: [DummyConnection Server connection - model.nation.sioux]
May 14, 2018 5:09:59 PM net.sf.freecol.server.networking.Server sendToAll
INFO: Reap dead connection: [DummyConnection Server connection - model.nation.apache]
May 14, 2018 5:09:59 PM net.sf.freecol.server.networking.Server sendToAll
INFO: Reap dead connection: [DummyConnection Server connection - model.nation.english]
May 14, 2018 5:09:59 PM net.sf.freecol.server.networking.Server sendToAll
INFO: Reap dead connection: [DummyConnection Server connection - model.nation.spanish]
May 14, 2018 5:09:59 PM net.sf.freecol.server.networking.Server sendToAll
INFO: Reap dead connection: [DummyConnection Server connection - model.nation.arawak]
May 14, 2018 5:09:59 PM net.sf.freecol.server.networking.Server sendToAll
INFO: Reap dead connection: [DummyConnection Server connection - model.nation.french]
May 14, 2018 5:09:59 PM net.sf.freecol.server.networking.Server sendToAll
INFO: Reap dead connection: [DummyConnection Server connection - model.nation.cherokee]
May 14, 2018 5:09:59 PM net.sf.freecol.common.model.Specification applyDifficultyLevel
INFO: Applying difficulty level model.difficulty.medium
May 14, 2018 5:09:59 PM net.sf.freecol.common.FreeColSeed getFreeColSeed
INFO: Using seed: -6807310859588933920
May 14, 2018 5:09:59 PM net.sf.freecol.server.networking.Server sendToAll
INFO: Reap dead connection: [DummyConnection Server connection - model.nation.french]
May 14, 2018 5:09:59 PM net.sf.freecol.server.networking.Server sendToAll
INFO: Reap dead connection: [DummyConnection Server connection - model.nation.cherokee]
May 14, 2018 5:09:59 PM net.sf.freecol.server.networking.Server sendToAll
INFO: Reap dead connection: [DummyConnection Server connection - model.nation.apache]
May 14, 2018 5:09:59 PM net.sf.freecol.server.networking.Server sendToAll
INFO: Reap dead connection: [DummyConnection Server connection - model.nation.inca]
May 14, 2018 5:09:59 PM net.sf.freecol.server.networking.Server sendToAll
INFO: Reap dead connection: [DummyConnection Server connection - model.nation.iroquois]
May 14, 2018 5:09:59 PM net.sf.freecol.server.networking.Server sendToAll
INFO: Reap dead connection: [DummyConnection Server connection - model.nation.sioux]
May 14, 2018 5:09:59 PM net.sf.freecol.server.networking.Server sendToAll
INFO: Reap dead connection: [DummyConnection Server connection - model.nation.dutch]
May 14, 2018 5:09:59 PM net.sf.freecol.server.networking.Server sendToAll
INFO: Reap dead connection: [DummyConnection Server connection - model.nation.arawak]
May 14, 2018 5:09:59 PM net.sf.freecol.server.networking.Server sendToAll
INFO: Reap dead connection: [DummyConnection Server connection - model.nation.spanish]
May 14, 2018 5:09:59 PM net.sf.freecol.server.networking.Server sendToAll
INFO: Reap dead connection: [DummyConnection Server connection - model.nation.tupi]
May 14, 2018 5:09:59 PM net.sf.freecol.server.networking.Server sendToAll
INFO: Reap dead connection: [DummyConnection Server connection - model.nation.aztec]
May 14, 2018 5:09:59 PM net.sf.freecol.server.networking.Server sendToAll
INFO: Reap dead connection: [DummyConnection Server connection - model.nation.english]
May 14, 2018 5:09:59 PM net.sf.freecol.common.model.Unit setLocation
WARNING: Can not add [unit:272 dutch pettyCriminal 0/1] to building:258
May 14, 2018 5:09:59 PM net.sf.freecol.common.model.Specification applyDifficultyLevel
INFO: Applying difficulty level model.difficulty.medium
May 14, 2018 5:09:59 PM net.sf.freecol.common.FreeColSeed getFreeColSeed
INFO: Using seed: -5599212343261521609
May 14, 2018 5:09:59 PM net.sf.freecol.server.networking.Server sendToAll
INFO: Reap dead connection: [DummyConnection Server connection - model.nation.iroquois]
May 14, 2018 5:09:59 PM net.sf.freecol.server.networking.Server sendToAll
INFO: Reap dead connection: [DummyConnection Server connection - model.nation.aztec]
May 14, 2018 5:09:59 PM net.sf.freecol.server.networking.Server sendToAll
INFO: Reap dead connection: [DummyConnection Server connection - model.nation.tupi]
May 14, 2018 5:09:59 PM net.sf.freecol.server.networking.Server sendToAll
INFO: Reap dead connection: [DummyConnection Server connection - model.nation.dutch]
May 14, 2018 5:09:59 PM net.sf.freecol.server.networking.Server sendToAll
INFO: Reap dead connection: [DummyConnection Server connection - model.nation.french]
May 14, 2018 5:09:59 PM net.sf.freecol.server.networking.Server sendToAll
INFO: Reap dead connection: [DummyConnection Server connection - model.nation.arawak]
May 14, 2018 5:09:59 PM net.sf.freecol.server.networking.Server sendToAll
INFO: Reap dead connection: [DummyConnection Server connection - model.nation.spanish]
May 14, 2018 5:09:59 PM net.sf.freecol.server.networking.Server sendToAll
INFO: Reap dead connection: [DummyConnection Server connection - model.nation.apache]
May 14, 2018 5:09:59 PM net.sf.freecol.server.networking.Server sendToAll
INFO: Reap dead connection: [DummyConnection Server connection - model.nation.inca]
May 14, 2018 5:09:59 PM net.sf.freecol.server.networking.Server sendToAll
INFO: Reap dead connection: [DummyConnection Server connection - model.nation.english]
May 14, 2018 5:09:59 PM net.sf.freecol.server.networking.Server sendToAll
INFO: Reap dead connection: [DummyConnection Server connection - model.nation.cherokee]
May 14, 2018 5:09:59 PM net.sf.freecol.server.networking.Server sendToAll
INFO: Reap dead connection: [DummyConnection Server connection - model.nation.sioux]
May 14, 2018 5:09:59 PM net.sf.freecol.common.model.Specification applyDifficultyLevel
INFO: Applying difficulty level model.difficulty.medium
May 14, 2018 5:09:59 PM net.sf.freecol.common.FreeColSeed getFreeColSeed
INFO: Using seed: -4547102987058795468
May 14, 2018 5:09:59 PM net.sf.freecol.server.networking.Server sendToAll
INFO: Reap dead connection: [DummyConnection Server connection - model.nation.inca]
May 14, 2018 5:09:59 PM net.sf.freecol.server.networking.Server sendToAll
INFO: Reap dead connection: [DummyConnection Server connection - model.nation.arawak]
May 14, 2018 5:09:59 PM net.sf.freecol.server.networking.Server sendToAll
INFO: Reap dead connection: [DummyConnection Server connection - model.nation.dutch]
May 14, 2018 5:09:59 PM net.sf.freecol.server.networking.Server sendToAll
INFO: Reap dead connection: [DummyConnection Server connection - model.nation.iroquois]
May 14, 2018 5:09:59 PM net.sf.freecol.server.networking.Server sendToAll
INFO: Reap dead connection: [DummyConnection Server connection - model.nation.french]
May 14, 2018 5:09:59 PM net.sf.freecol.server.networking.Server sendToAll
INFO: Reap dead connection: [DummyConnection Server connection - model.nation.cherokee]
May 14, 2018 5:09:59 PM net.sf.freecol.server.networking.Server sendToAll
INFO: Reap dead connection: [DummyConnection Server connection - model.nation.aztec]
May 14, 2018 5:09:59 PM net.sf.freecol.server.networking.Server sendToAll
INFO: Reap dead connection: [DummyConnection Server connection - model.nation.tupi]
May 14, 2018 5:09:59 PM net.sf.freecol.server.networking.Server sendToAll
INFO: Reap dead connection: [DummyConnection Server connection - model.nation.english]
May 14, 2018 5:09:59 PM net.sf.freecol.server.networking.Server sendToAll
INFO: Reap dead connection: [DummyConnection Server connection - model.nation.sioux]
May 14, 2018 5:09:59 PM net.sf.freecol.server.networking.Server sendToAll
INFO: Reap dead connection: [DummyConnection Server connection - model.nation.apache]
May 14, 2018 5:09:59 PM net.sf.freecol.server.networking.Server sendToAll
INFO: Reap dead connection: [DummyConnection Server connection - model.nation.spanish]
May 14, 2018 5:09:59 PM net.sf.freecol.common.model.Specification applyDifficultyLevel
INFO: Applying difficulty level model.difficulty.medium
May 14, 2018 5:09:59 PM net.sf.freecol.common.FreeColSeed getFreeColSeed
INFO: Using seed: -5769101876165446069
May 14, 2018 5:09:59 PM net.sf.freecol.server.networking.Server sendToAll
INFO: Reap dead connection: [DummyConnection Server connection - model.nation.sioux]
May 14, 2018 5:09:59 PM net.sf.freecol.server.networking.Server sendToAll
INFO: Reap dead connection: [DummyConnection Server connection - model.nation.arawak]
May 14, 2018 5:09:59 PM net.sf.freecol.server.networking.Server sendToAll
INFO: Reap dead connection: [DummyConnection Server connection - model.nation.spanish]
May 14, 2018 5:09:59 PM net.sf.freecol.server.networking.Server sendToAll
INFO: Reap dead connection: [DummyConnection Server connection - model.nation.cherokee]
May 14, 2018 5:09:59 PM net.sf.freecol.server.networking.Server sendToAll
INFO: Reap dead connection: [DummyConnection Server connection - model.nation.iroquois]
May 14, 2018 5:09:59 PM net.sf.freecol.server.networking.Server sendToAll
INFO: Reap dead connection: [DummyConnection Server connection - model.nation.inca]
May 14, 2018 5:09:59 PM net.sf.freecol.server.networking.Server sendToAll
INFO: Reap dead connection: [DummyConnection Server connection - model.nation.apache]
May 14, 2018 5:09:59 PM net.sf.freecol.server.networking.Server sendToAll
INFO: Reap dead connection: [DummyConnection Server connection - model.nation.english]
May 14, 2018 5:09:59 PM net.sf.freecol.server.networking.Server sendToAll
INFO: Reap dead connection: [DummyConnection Server connection - model.nation.aztec]
May 14, 2018 5:09:59 PM net.sf.freecol.server.networking.Server sendToAll
INFO: Reap dead connection: [DummyConnection Server connection - model.nation.tupi]
May 14, 2018 5:09:59 PM net.sf.freecol.server.networking.Server sendToAll
INFO: Reap dead connection: [DummyConnection Server connection - model.nation.dutch]
May 14, 2018 5:09:59 PM net.sf.freecol.server.networking.Server sendToAll
INFO: Reap dead connection: [DummyConnection Server connection - model.nation.french]
May 14, 2018 5:09:59 PM net.sf.freecol.common.model.Specification applyDifficultyLevel
INFO: Applying difficulty level model.difficulty.medium
May 14, 2018 5:09:59 PM net.sf.freecol.common.FreeColSeed getFreeColSeed
INFO: Using seed: -5724812060594571313
May 14, 2018 5:09:59 PM net.sf.freecol.server.networking.Server sendToAll
INFO: Reap dead connection: [DummyConnection Server connection - model.nation.dutch]
May 14, 2018 5:09:59 PM net.sf.freecol.server.networking.Server sendToAll
INFO: Reap dead connection: [DummyConnection Server connection - model.nation.french]
May 14, 2018 5:09:59 PM net.sf.freecol.server.networking.Server sendToAll
INFO: Reap dead connection: [DummyConnection Server connection - model.nation.apache]
May 14, 2018 5:09:59 PM net.sf.freecol.server.networking.Server sendToAll
INFO: Reap dead connection: [DummyConnection Server connection - model.nation.sioux]
May 14, 2018 5:09:59 PM net.sf.freecol.server.networking.Server sendToAll
INFO: Reap dead connection: [DummyConnection Server connection - model.nation.iroquois]
May 14, 2018 5:09:59 PM net.sf.freecol.server.networking.Server sendToAll
INFO: Reap dead connection: [DummyConnection Server connection - model.nation.cherokee]
May 14, 2018 5:09:59 PM net.sf.freecol.server.networking.Server sendToAll
INFO: Reap dead connection: [DummyConnection Server connection - model.nation.aztec]
May 14, 2018 5:09:59 PM net.sf.freecol.server.networking.Server sendToAll
INFO: Reap dead connection: [DummyConnection Server connection - model.nation.inca]
May 14, 2018 5:09:59 PM net.sf.freecol.server.networking.Server sendToAll
INFO: Reap dead connection: [DummyConnection Server connection - model.nation.english]
May 14, 2018 5:09:59 PM net.sf.freecol.server.networking.Server sendToAll
INFO: Reap dead connection: [DummyConnection Server connection - model.nation.tupi]
May 14, 2018 5:09:59 PM net.sf.freecol.server.networking.Server sendToAll
INFO: Reap dead connection: [DummyConnection Server connection - model.nation.spanish]
May 14, 2018 5:09:59 PM net.sf.freecol.server.networking.Server sendToAll
INFO: Reap dead connection: [DummyConnection Server connection - model.nation.arawak]
May 14, 2018 5:09:59 PM net.sf.freecol.common.model.Specification applyDifficultyLevel
INFO: Applying difficulty level model.difficulty.medium
May 14, 2018 5:09:59 PM net.sf.freecol.common.FreeColSeed getFreeColSeed
INFO: Using seed: -7017040577893174919
May 14, 2018 5:09:59 PM net.sf.freecol.server.networking.Server sendToAll
INFO: Reap dead connection: [DummyConnection Server connection - model.nation.tupi]
May 14, 2018 5:09:59 PM net.sf.freecol.server.networking.Server sendToAll
INFO: Reap dead connection: [DummyConnection Server connection - model.nation.spanish]
May 14, 2018 5:09:59 PM net.sf.freecol.server.networking.Server sendToAll
INFO: Reap dead connection: [DummyConnection Server connection - model.nation.dutch]
May 14, 2018 5:09:59 PM net.sf.freecol.server.networking.Server sendToAll
INFO: Reap dead connection: [DummyConnection Server connection - model.nation.cherokee]
May 14, 2018 5:09:59 PM net.sf.freecol.server.networking.Server sendToAll
INFO: Reap dead connection: [DummyConnection Server connection - model.nation.english]
May 14, 2018 5:09:59 PM net.sf.freecol.server.networking.Server sendToAll
INFO: Reap dead connection: [DummyConnection Server connection - model.nation.apache]
May 14, 2018 5:09:59 PM net.sf.freecol.server.networking.Server sendToAll
INFO: Reap dead connection: [DummyConnection Server connection - model.nation.iroquois]
May 14, 2018 5:09:59 PM net.sf.freecol.server.networking.Server sendToAll
INFO: Reap dead connection: [DummyConnection Server connection - model.nation.french]
May 14, 2018 5:09:59 PM net.sf.freecol.server.networking.Server sendToAll
INFO: Reap dead connection: [DummyConnection Server connection - model.nation.arawak]
May 14, 2018 5:09:59 PM net.sf.freecol.server.networking.Server sendToAll
INFO: Reap dead connection: [DummyConnection Server connection - model.nation.aztec]
May 14, 2018 5:09:59 PM net.sf.freecol.server.networking.Server sendToAll
INFO: Reap dead connection: [DummyConnection Server connection - model.nation.sioux]
May 14, 2018 5:09:59 PM net.sf.freecol.server.networking.Server sendToAll
INFO: Reap dead connection: [DummyConnection Server connection - model.nation.inca]
May 14, 2018 5:09:59 PM net.sf.freecol.common.model.Specification applyDifficultyLevel
INFO: Applying difficulty level model.difficulty.medium
May 14, 2018 5:09:59 PM net.sf.freecol.common.FreeColSeed getFreeColSeed
INFO: Using seed: 2408144684797923492
May 14, 2018 5:09:59 PM net.sf.freecol.server.networking.Server sendToAll
INFO: Reap dead connection: [DummyConnection Server connection - model.nation.sioux]
May 14, 2018 5:09:59 PM net.sf.freecol.server.networking.Server sendToAll
INFO: Reap dead connection: [DummyConnection Server connection - model.nation.dutch]
May 14, 2018 5:09:59 PM net.sf.freecol.server.networking.Server sendToAll
INFO: Reap dead connection: [DummyConnection Server connection - model.nation.cherokee]
May 14, 2018 5:09:59 PM net.sf.freecol.server.networking.Server sendToAll
INFO: Reap dead connection: [DummyConnection Server connection - model.nation.french]
May 14, 2018 5:09:59 PM net.sf.freecol.server.networking.Server sendToAll
INFO: Reap dead connection: [DummyConnection Server connection - model.nation.apache]
May 14, 2018 5:09:59 PM net.sf.freecol.server.networking.Server sendToAll
INFO: Reap dead connection: [DummyConnection Server connection - model.nation.aztec]
May 14, 2018 5:09:59 PM net.sf.freecol.server.networking.Server sendToAll
INFO: Reap dead connection: [DummyConnection Server connection - model.nation.spanish]
May 14, 2018 5:09:59 PM net.sf.freecol.server.networking.Server sendToAll
INFO: Reap dead connection: [DummyConnection Server connection - model.nation.inca]
May 14, 2018 5:09:59 PM net.sf.freecol.server.networking.Server sendToAll
INFO: Reap dead connection: [DummyConnection Server connection - model.nation.iroquois]
May 14, 2018 5:09:59 PM net.sf.freecol.server.networking.Server sendToAll
INFO: Reap dead connection: [DummyConnection Server connection - model.nation.arawak]
May 14, 2018 5:09:59 PM net.sf.freecol.server.networking.Server sendToAll
INFO: Reap dead connection: [DummyConnection Server connection - model.nation.tupi]
May 14, 2018 5:09:59 PM net.sf.freecol.server.networking.Server sendToAll
INFO: Reap dead connection: [DummyConnection Server connection - model.nation.english]
May 14, 2018 5:09:59 PM net.sf.freecol.common.model.Specification applyDifficultyLevel
INFO: Applying difficulty level model.difficulty.medium
May 14, 2018 5:09:59 PM net.sf.freecol.common.FreeColSeed getFreeColSeed
INFO: Using seed: 806842632697040733
May 14, 2018 5:09:59 PM net.sf.freecol.server.networking.Server sendToAll
INFO: Reap dead connection: [DummyConnection Server connection - model.nation.iroquois]
May 14, 2018 5:09:59 PM net.sf.freecol.server.networking.Server sendToAll
INFO: Reap dead connection: [DummyConnection Server connection - model.nation.spanish]
May 14, 2018 5:09:59 PM net.sf.freecol.server.networking.Server sendToAll
INFO: Reap dead connection: [DummyConnection Server connection - model.nation.tupi]
May 14, 2018 5:09:59 PM net.sf.freecol.server.networking.Server sendToAll
INFO: Reap dead connection: [DummyConnection Server connection - model.nation.apache]
May 14, 2018 5:09:59 PM net.sf.freecol.server.networking.Server sendToAll
INFO: Reap dead connection: [DummyConnection Server connection - model.nation.aztec]
May 14, 2018 5:09:59 PM net.sf.freecol.server.networking.Server sendToAll
INFO: Reap dead connection: [DummyConnection Server connection - model.nation.dutch]
May 14, 2018 5:09:59 PM net.sf.freecol.server.networking.Server sendToAll
INFO: Reap dead connection: [DummyConnection Server connection - model.nation.cherokee]
May 14, 2018 5:09:59 PM net.sf.freecol.server.networking.Server sendToAll
INFO: Reap dead connection: [DummyConnection Server connection - model.nation.english]
May 14, 2018 5:09:59 PM net.sf.freecol.server.networking.Server sendToAll
INFO: Reap dead connection: [DummyConnection Server connection - model.nation.inca]
May 14, 2018 5:09:59 PM net.sf.freecol.server.networking.Server sendToAll
INFO: Reap dead connection: [DummyConnection Server connection - model.nation.sioux]
May 14, 2018 5:09:59 PM net.sf.freecol.server.networking.Server sendToAll
INFO: Reap dead connection: [DummyConnection Server connection - model.nation.french]
May 14, 2018 5:09:59 PM net.sf.freecol.server.networking.Server sendToAll
INFO: Reap dead connection: [DummyConnection Server connection - model.nation.arawak]
May 14, 2018 5:09:59 PM net.sf.freecol.common.model.Specification applyDifficultyLevel
INFO: Applying difficulty level model.difficulty.medium
May 14, 2018 5:09:59 PM net.sf.freecol.common.FreeColSeed getFreeColSeed
INFO: Using seed: -2289258672049388920
May 14, 2018 5:09:59 PM net.sf.freecol.server.networking.Server sendToAll
INFO: Reap dead connection: [DummyConnection Server connection - model.nation.iroquois]
May 14, 2018 5:09:59 PM net.sf.freecol.server.networking.Server sendToAll
INFO: Reap dead connection: [DummyConnection Server connection - model.nation.arawak]
May 14, 2018 5:09:59 PM net.sf.freecol.server.networking.Server sendToAll
INFO: Reap dead connection: [DummyConnection Server connection - model.nation.inca]
May 14, 2018 5:09:59 PM net.sf.freecol.server.networking.Server sendToAll
INFO: Reap dead connection: [DummyConnection Server connection - model.nation.french]
May 14, 2018 5:09:59 PM net.sf.freecol.server.networking.Server sendToAll
INFO: Reap dead connection: [DummyConnection Server connection - model.nation.sioux]
May 14, 2018 5:09:59 PM net.sf.freecol.server.networking.Server sendToAll
INFO: Reap dead connection: [DummyConnection Server connection - model.nation.dutch]
May 14, 2018 5:09:59 PM net.sf.freecol.server.networking.Server sendToAll
INFO: Reap dead connection: [DummyConnection Server connection - model.nation.tupi]
May 14, 2018 5:09:59 PM net.sf.freecol.server.networking.Server sendToAll
INFO: Reap dead connection: [DummyConnection Server connection - model.nation.cherokee]
May 14, 2018 5:09:59 PM net.sf.freecol.server.networking.Server sendToAll
INFO: Reap dead connection: [DummyConnection Server connection - model.nation.english]
May 14, 2018 5:09:59 PM net.sf.freecol.server.networking.Server sendToAll
INFO: Reap dead connection: [DummyConnection Server connection - model.nation.spanish]
May 14, 2018 5:09:59 PM net.sf.freecol.server.networking.Server sendToAll
INFO: Reap dead connection: [DummyConnection Server connection - model.nation.apache]
May 14, 2018 5:09:59 PM net.sf.freecol.server.networking.Server sendToAll
INFO: Reap dead connection: [DummyConnection Server connection - model.nation.aztec]
May 14, 2018 5:09:59 PM net.sf.freecol.common.model.Specification applyDifficultyLevel
INFO: Applying difficulty level model.difficulty.medium
May 14, 2018 5:09:59 PM net.sf.freecol.common.FreeColSeed getFreeColSeed
INFO: Using seed: 6219948623984948561
May 14, 2018 5:10:00 PM net.sf.freecol.server.networking.Server sendToAll
INFO: Reap dead connection: [DummyConnection Server connection - model.nation.english]
May 14, 2018 5:10:00 PM net.sf.freecol.server.networking.Server sendToAll
INFO: Reap dead connection: [DummyConnection Server connection - model.nation.iroquois]
May 14, 2018 5:10:00 PM net.sf.freecol.server.networking.Server sendToAll
INFO: Reap dead connection: [DummyConnection Server connection - model.nation.sioux]
May 14, 2018 5:10:00 PM net.sf.freecol.server.networking.Server sendToAll
INFO: Reap dead connection: [DummyConnection Server connection - model.nation.apache]
May 14, 2018 5:10:00 PM net.sf.freecol.server.networking.Server sendToAll
INFO: Reap dead connection: [DummyConnection Server connection - model.nation.arawak]
May 14, 2018 5:10:00 PM net.sf.freecol.server.networking.Server sendToAll
INFO: Reap dead connection: [DummyConnection Server connection - model.nation.inca]
May 14, 2018 5:10:00 PM net.sf.freecol.server.networking.Server sendToAll
INFO: Reap dead connection: [DummyConnection Server connection - model.nation.dutch]
May 14, 2018 5:10:00 PM net.sf.freecol.server.networking.Server sendToAll
INFO: Reap dead connection: [DummyConnection Server connection - model.nation.spanish]
May 14, 2018 5:10:00 PM net.sf.freecol.server.networking.Server sendToAll
INFO: Reap dead connection: [DummyConnection Server connection - model.nation.cherokee]
May 14, 2018 5:10:00 PM net.sf.freecol.server.networking.Server sendToAll
INFO: Reap dead connection: [DummyConnection Server connection - model.nation.french]
May 14, 2018 5:10:00 PM net.sf.freecol.server.networking.Server sendToAll
INFO: Reap dead connection: [DummyConnection Server connection - model.nation.aztec]
May 14, 2018 5:10:00 PM net.sf.freecol.server.networking.Server sendToAll
INFO: Reap dead connection: [DummyConnection Server connection - model.nation.tupi]
May 14, 2018 5:10:00 PM net.sf.freecol.common.model.Specification applyDifficultyLevel
INFO: Applying difficulty level model.difficulty.medium
May 14, 2018 5:10:00 PM net.sf.freecol.common.FreeColSeed getFreeColSeed
INFO: Using seed: -4030698971111649275
May 14, 2018 5:10:00 PM net.sf.freecol.server.networking.Server sendToAll
INFO: Reap dead connection: [DummyConnection Server connection - model.nation.french]
May 14, 2018 5:10:00 PM net.sf.freecol.server.networking.Server sendToAll
INFO: Reap dead connection: [DummyConnection Server connection - model.nation.aztec]
May 14, 2018 5:10:00 PM net.sf.freecol.server.networking.Server sendToAll
INFO: Reap dead connection: [DummyConnection Server connection - model.nation.inca]
May 14, 2018 5:10:00 PM net.sf.freecol.server.networking.Server sendToAll
INFO: Reap dead connection: [DummyConnection Server connection - model.nation.arawak]
May 14, 2018 5:10:00 PM net.sf.freecol.server.networking.Server sendToAll
INFO: Reap dead connection: [DummyConnection Server connection - model.nation.english]
May 14, 2018 5:10:00 PM net.sf.freecol.server.networking.Server sendToAll
INFO: Reap dead connection: [DummyConnection Server connection - model.nation.spanish]
May 14, 2018 5:10:00 PM net.sf.freecol.server.networking.Server sendToAll
INFO: Reap dead connection: [DummyConnection Server connection - model.nation.sioux]
May 14, 2018 5:10:00 PM net.sf.freecol.server.networking.Server sendToAll
INFO: Reap dead connection: [DummyConnection Server connection - model.nation.cherokee]
May 14, 2018 5:10:00 PM net.sf.freecol.server.networking.Server sendToAll
INFO: Reap dead connection: [DummyConnection Server connection - model.nation.dutch]
May 14, 2018 5:10:00 PM net.sf.freecol.server.networking.Server sendToAll
INFO: Reap dead connection: [DummyConnection Server connection - model.nation.iroquois]
May 14, 2018 5:10:00 PM net.sf.freecol.server.networking.Server sendToAll
INFO: Reap dead connection: [DummyConnection Server connection - model.nation.apache]
May 14, 2018 5:10:00 PM net.sf.freecol.server.networking.Server sendToAll
INFO: Reap dead connection: [DummyConnection Server connection - model.nation.tupi]
May 14, 2018 5:10:00 PM net.sf.freecol.common.model.Specification applyDifficultyLevel
INFO: Applying difficulty level model.difficulty.medium
May 14, 2018 5:10:00 PM net.sf.freecol.common.FreeColSeed getFreeColSeed
INFO: Using seed: 5164462746902903836
May 14, 2018 5:10:00 PM net.sf.freecol.server.networking.Server sendToAll
INFO: Reap dead connection: [DummyConnection Server connection - model.nation.apache]
May 14, 2018 5:10:00 PM net.sf.freecol.server.networking.Server sendToAll
INFO: Reap dead connection: [DummyConnection Server connection - model.nation.dutch]
May 14, 2018 5:10:00 PM net.sf.freecol.server.networking.Server sendToAll
INFO: Reap dead connection: [DummyConnection Server connection - model.nation.english]
May 14, 2018 5:10:00 PM net.sf.freecol.server.networking.Server sendToAll
INFO: Reap dead connection: [DummyConnection Server connection - model.nation.spanish]
May 14, 2018 5:10:00 PM net.sf.freecol.server.networking.Server sendToAll
INFO: Reap dead connection: [DummyConnection Server connection - model.nation.iroquois]
May 14, 2018 5:10:00 PM net.sf.freecol.server.networking.Server sendToAll
INFO: Reap dead connection: [DummyConnection Server connection - model.nation.sioux]
May 14, 2018 5:10:00 PM net.sf.freecol.server.networking.Server sendToAll
INFO: Reap dead connection: [DummyConnection Server connection - model.nation.tupi]
May 14, 2018 5:10:00 PM net.sf.freecol.server.networking.Server sendToAll
INFO: Reap dead connection: [DummyConnection Server connection - model.nation.arawak]
May 14, 2018 5:10:00 PM net.sf.freecol.server.networking.Server sendToAll
INFO: Reap dead connection: [DummyConnection Server connection - model.nation.aztec]
May 14, 2018 5:10:00 PM net.sf.freecol.server.networking.Server sendToAll
INFO: Reap dead connection: [DummyConnection Server connection - model.nation.french]
May 14, 2018 5:10:00 PM net.sf.freecol.server.networking.Server sendToAll
INFO: Reap dead connection: [DummyConnection Server connection - model.nation.cherokee]
May 14, 2018 5:10:00 PM net.sf.freecol.server.networking.Server sendToAll
INFO: Reap dead connection: [DummyConnection Server connection - model.nation.inca]
May 14, 2018 5:10:00 PM net.sf.freecol.common.model.Specification applyDifficultyLevel
INFO: Applying difficulty level model.difficulty.medium
May 14, 2018 5:10:00 PM net.sf.freecol.common.FreeColSeed getFreeColSeed
INFO: Using seed: -985446710452633860
May 14, 2018 5:10:00 PM net.sf.freecol.server.networking.Server sendToAll
INFO: Reap dead connection: [DummyConnection Server connection - model.nation.dutch]
May 14, 2018 5:10:00 PM net.sf.freecol.server.networking.Server sendToAll
INFO: Reap dead connection: [DummyConnection Server connection - model.nation.arawak]
May 14, 2018 5:10:00 PM net.sf.freecol.server.networking.Server sendToAll
INFO: Reap dead connection: [DummyConnection Server connection - model.nation.inca]
May 14, 2018 5:10:00 PM net.sf.freecol.server.networking.Server sendToAll
INFO: Reap dead connection: [DummyConnection Server connection - model.nation.sioux]
May 14, 2018 5:10:00 PM net.sf.freecol.server.networking.Server sendToAll
INFO: Reap dead connection: [DummyConnection Server connection - model.nation.apache]
May 14, 2018 5:10:00 PM net.sf.freecol.server.networking.Server sendToAll
INFO: Reap dead connection: [DummyConnection Server connection - model.nation.french]
May 14, 2018 5:10:00 PM net.sf.freecol.server.networking.Server sendToAll
INFO: Reap dead connection: [DummyConnection Server connection - model.nation.tupi]
May 14, 2018 5:10:00 PM net.sf.freecol.server.networking.Server sendToAll
INFO: Reap dead connection: [DummyConnection Server connection - model.nation.spanish]
May 14, 2018 5:10:00 PM net.sf.freecol.server.networking.Server sendToAll
INFO: Reap dead connection: [DummyConnection Server connection - model.nation.english]
May 14, 2018 5:10:00 PM net.sf.freecol.server.networking.Server sendToAll
INFO: Reap dead connection: [DummyConnection Server connection - model.nation.aztec]
May 14, 2018 5:10:00 PM net.sf.freecol.server.networking.Server sendToAll
INFO: Reap dead connection: [DummyConnection Server connection - model.nation.iroquois]
May 14, 2018 5:10:00 PM net.sf.freecol.server.networking.Server sendToAll
INFO: Reap dead connection: [DummyConnection Server connection - model.nation.cherokee]
May 14, 2018 5:10:00 PM net.sf.freecol.common.model.Specification applyDifficultyLevel
INFO: Applying difficulty level model.difficulty.medium
May 14, 2018 5:10:00 PM net.sf.freecol.common.FreeColSeed getFreeColSeed
INFO: Using seed: -7463772434821234574
May 14, 2018 5:10:00 PM net.sf.freecol.server.networking.Server sendToAll
INFO: Reap dead connection: [DummyConnection Server connection - model.nation.iroquois]
May 14, 2018 5:10:00 PM net.sf.freecol.server.networking.Server sendToAll
INFO: Reap dead connection: [DummyConnection Server connection - model.nation.sioux]
May 14, 2018 5:10:00 PM net.sf.freecol.server.networking.Server sendToAll
INFO: Reap dead connection: [DummyConnection Server connection - model.nation.aztec]
May 14, 2018 5:10:00 PM net.sf.freecol.server.networking.Server sendToAll
INFO: Reap dead connection: [DummyConnection Server connection - model.nation.arawak]
May 14, 2018 5:10:00 PM net.sf.freecol.server.networking.Server sendToAll
INFO: Reap dead connection: [DummyConnection Server connection - model.nation.tupi]
May 14, 2018 5:10:00 PM net.sf.freecol.server.networking.Server sendToAll
INFO: Reap dead connection: [DummyConnection Server connection - model.nation.spanish]
May 14, 2018 5:10:00 PM net.sf.freecol.server.networking.Server sendToAll
INFO: Reap dead connection: [DummyConnection Server connection - model.nation.french]
May 14, 2018 5:10:00 PM net.sf.freecol.server.networking.Server sendToAll
INFO: Reap dead connection: [DummyConnection Server connection - model.nation.dutch]
May 14, 2018 5:10:00 PM net.sf.freecol.server.networking.Server sendToAll
INFO: Reap dead connection: [DummyConnection Server connection - model.nation.inca]
May 14, 2018 5:10:00 PM net.sf.freecol.server.networking.Server sendToAll
INFO: Reap dead connection: [DummyConnection Server connection - model.nation.apache]
May 14, 2018 5:10:00 PM net.sf.freecol.server.networking.Server sendToAll
INFO: Reap dead connection: [DummyConnection Server connection - model.nation.cherokee]
May 14, 2018 5:10:00 PM net.sf.freecol.server.networking.Server sendToAll
INFO: Reap dead connection: [DummyConnection Server connection - model.nation.english]
May 14, 2018 5:10:00 PM net.sf.freecol.common.model.Specification applyDifficultyLevel
INFO: Applying difficulty level model.difficulty.medium
May 14, 2018 5:10:00 PM net.sf.freecol.common.FreeColSeed getFreeColSeed
INFO: Using seed: 2133682598784968519
May 14, 2018 5:10:00 PM net.sf.freecol.server.networking.Server sendToAll
INFO: Reap dead connection: [DummyConnection Server connection - model.nation.english]
May 14, 2018 5:10:00 PM net.sf.freecol.server.networking.Server sendToAll
INFO: Reap dead connection: [DummyConnection Server connection - model.nation.inca]
May 14, 2018 5:10:00 PM net.sf.freecol.server.networking.Server sendToAll
INFO: Reap dead connection: [DummyConnection Server connection - model.nation.iroquois]
May 14, 2018 5:10:00 PM net.sf.freecol.server.networking.Server sendToAll
INFO: Reap dead connection: [DummyConnection Server connection - model.nation.cherokee]
May 14, 2018 5:10:00 PM net.sf.freecol.server.networking.Server sendToAll
INFO: Reap dead connection: [DummyConnection Server connection - model.nation.apache]
May 14, 2018 5:10:00 PM net.sf.freecol.server.networking.Server sendToAll
INFO: Reap dead connection: [DummyConnection Server connection - model.nation.french]
May 14, 2018 5:10:00 PM net.sf.freecol.server.networking.Server sendToAll
INFO: Reap dead connection: [DummyConnection Server connection - model.nation.sioux]
May 14, 2018 5:10:00 PM net.sf.freecol.server.networking.Server sendToAll
INFO: Reap dead connection: [DummyConnection Server connection - model.nation.dutch]
May 14, 2018 5:10:00 PM net.sf.freecol.server.networking.Server sendToAll
INFO: Reap dead connection: [DummyConnection Server connection - model.nation.aztec]
May 14, 2018 5:10:00 PM net.sf.freecol.server.networking.Server sendToAll
INFO: Reap dead connection: [DummyConnection Server connection - model.nation.tupi]
May 14, 2018 5:10:00 PM net.sf.freecol.server.networking.Server sendToAll
INFO: Reap dead connection: [DummyConnection Server connection - model.nation.spanish]
May 14, 2018 5:10:00 PM net.sf.freecol.server.networking.Server sendToAll
INFO: Reap dead connection: [DummyConnection Server connection - model.nation.arawak]
May 14, 2018 5:10:00 PM net.sf.freecol.common.model.Specification applyDifficultyLevel
INFO: Applying difficulty level model.difficulty.medium
May 14, 2018 5:10:00 PM net.sf.freecol.common.FreeColSeed getFreeColSeed
INFO: Using seed: -6226944041006931590
May 14, 2018 5:10:00 PM net.sf.freecol.server.networking.Server sendToAll
INFO: Reap dead connection: [DummyConnection Server connection - model.nation.tupi]
May 14, 2018 5:10:00 PM net.sf.freecol.server.networking.Server sendToAll
INFO: Reap dead connection: [DummyConnection Server connection - model.nation.aztec]
May 14, 2018 5:10:00 PM net.sf.freecol.server.networking.Server sendToAll
INFO: Reap dead connection: [DummyConnection Server connection - model.nation.dutch]
May 14, 2018 5:10:00 PM net.sf.freecol.server.networking.Server sendToAll
INFO: Reap dead connection: [DummyConnection Server connection - model.nation.english]
May 14, 2018 5:10:00 PM net.sf.freecol.server.networking.Server sendToAll
INFO: Reap dead connection: [DummyConnection Server connection - model.nation.inca]
May 14, 2018 5:10:00 PM net.sf.freecol.server.networking.Server sendToAll
INFO: Reap dead connection: [DummyConnection Server connection - model.nation.cherokee]
May 14, 2018 5:10:00 PM net.sf.freecol.server.networking.Server sendToAll
INFO: Reap dead connection: [DummyConnection Server connection - model.nation.arawak]
May 14, 2018 5:10:00 PM net.sf.freecol.server.networking.Server sendToAll
INFO: Reap dead connection: [DummyConnection Server connection - model.nation.apache]
May 14, 2018 5:10:00 PM net.sf.freecol.server.networking.Server sendToAll
INFO: Reap dead connection: [DummyConnection Server connection - model.nation.sioux]
May 14, 2018 5:10:00 PM net.sf.freecol.server.networking.Server sendToAll
INFO: Reap dead connection: [DummyConnection Server connection - model.nation.iroquois]
May 14, 2018 5:10:00 PM net.sf.freecol.server.networking.Server sendToAll
INFO: Reap dead connection: [DummyConnection Server connection - model.nation.french]
May 14, 2018 5:10:00 PM net.sf.freecol.server.networking.Server sendToAll
INFO: Reap dead connection: [DummyConnection Server connection - model.nation.spanish]
May 14, 2018 5:10:00 PM net.sf.freecol.common.model.Specification applyDifficultyLevel
INFO: Applying difficulty level model.difficulty.medium
May 14, 2018 5:10:00 PM net.sf.freecol.common.FreeColSeed getFreeColSeed
INFO: Using seed: 7570451750263375863
May 14, 2018 5:10:00 PM net.sf.freecol.server.networking.Server sendToAll
INFO: Reap dead connection: [DummyConnection Server connection - model.nation.tupi]
May 14, 2018 5:10:00 PM net.sf.freecol.server.networking.Server sendToAll
INFO: Reap dead connection: [DummyConnection Server connection - model.nation.aztec]
May 14, 2018 5:10:00 PM net.sf.freecol.server.networking.Server sendToAll
INFO: Reap dead connection: [DummyConnection Server connection - model.nation.spanish]
May 14, 2018 5:10:00 PM net.sf.freecol.server.networking.Server sendToAll
INFO: Reap dead connection: [DummyConnection Server connection - model.nation.apache]
May 14, 2018 5:10:00 PM net.sf.freecol.server.networking.Server sendToAll
INFO: Reap dead connection: [DummyConnection Server connection - model.nation.dutch]
May 14, 2018 5:10:00 PM net.sf.freecol.server.networking.Server sendToAll
INFO: Reap dead connection: [DummyConnection Server connection - model.nation.arawak]
May 14, 2018 5:10:00 PM net.sf.freecol.server.networking.Server sendToAll
INFO: Reap dead connection: [DummyConnection Server connection - model.nation.french]
May 14, 2018 5:10:00 PM net.sf.freecol.server.networking.Server sendToAll
INFO: Reap dead connection: [DummyConnection Server connection - model.nation.cherokee]
May 14, 2018 5:10:00 PM net.sf.freecol.server.networking.Server sendToAll
INFO: Reap dead connection: [DummyConnection Server connection - model.nation.sioux]
May 14, 2018 5:10:00 PM net.sf.freecol.server.networking.Server sendToAll
INFO: Reap dead connection: [DummyConnection Server connection - model.nation.english]
May 14, 2018 5:10:00 PM net.sf.freecol.server.networking.Server sendToAll
INFO: Reap dead connection: [DummyConnection Server connection - model.nation.inca]
May 14, 2018 5:10:00 PM net.sf.freecol.server.networking.Server sendToAll
INFO: Reap dead connection: [DummyConnection Server connection - model.nation.iroquois]
May 14, 2018 5:10:00 PM net.sf.freecol.common.model.Specification applyDifficultyLevel
INFO: Applying difficulty level model.difficulty.medium
May 14, 2018 5:10:00 PM net.sf.freecol.common.FreeColSeed getFreeColSeed
INFO: Using seed: 4853460364050883676
May 14, 2018 5:10:00 PM net.sf.freecol.server.networking.Server sendToAll
INFO: Reap dead connection: [DummyConnection Server connection - model.nation.aztec]
May 14, 2018 5:10:00 PM net.sf.freecol.server.networking.Server sendToAll
INFO: Reap dead connection: [DummyConnection Server connection - model.nation.spanish]
May 14, 2018 5:10:00 PM net.sf.freecol.server.networking.Server sendToAll
INFO: Reap dead connection: [DummyConnection Server connection - model.nation.sioux]
May 14, 2018 5:10:00 PM net.sf.freecol.server.networking.Server sendToAll
INFO: Reap dead connection: [DummyConnection Server connection - model.nation.french]
May 14, 2018 5:10:00 PM net.sf.freecol.server.networking.Server sendToAll
INFO: Reap dead connection: [DummyConnection Server connection - model.nation.tupi]
May 14, 2018 5:10:00 PM net.sf.freecol.server.networking.Server sendToAll
INFO: Reap dead connection: [DummyConnection Server connection - model.nation.cherokee]
May 14, 2018 5:10:00 PM net.sf.freecol.server.networking.Server sendToAll
INFO: Reap dead connection: [DummyConnection Server connection - model.nation.inca]
May 14, 2018 5:10:00 PM net.sf.freecol.server.networking.Server sendToAll
INFO: Reap dead connection: [DummyConnection Server connection - model.nation.dutch]
May 14, 2018 5:10:00 PM net.sf.freecol.server.networking.Server sendToAll
INFO: Reap dead connection: [DummyConnection Server connection - model.nation.arawak]
May 14, 2018 5:10:00 PM net.sf.freecol.server.networking.Server sendToAll
INFO: Reap dead connection: [DummyConnection Server connection - model.nation.iroquois]
May 14, 2018 5:10:00 PM net.sf.freecol.server.networking.Server sendToAll
INFO: Reap dead connection: [DummyConnection Server connection - model.nation.english]
May 14, 2018 5:10:00 PM net.sf.freecol.server.networking.Server sendToAll
INFO: Reap dead connection: [DummyConnection Server connection - model.nation.apache]
May 14, 2018 5:10:00 PM net.sf.freecol.common.model.Specification applyDifficultyLevel
INFO: Applying difficulty level model.difficulty.medium
May 14, 2018 5:10:00 PM net.sf.freecol.common.FreeColSeed getFreeColSeed
INFO: Using seed: 5754933008024118579
May 14, 2018 5:10:00 PM net.sf.freecol.server.networking.Server sendToAll
INFO: Reap dead connection: [DummyConnection Server connection - model.nation.inca]
May 14, 2018 5:10:00 PM net.sf.freecol.server.networking.Server sendToAll
INFO: Reap dead connection: [DummyConnection Server connection - model.nation.sioux]
May 14, 2018 5:10:00 PM net.sf.freecol.server.networking.Server sendToAll
INFO: Reap dead connection: [DummyConnection Server connection - model.nation.cherokee]
May 14, 2018 5:10:00 PM net.sf.freecol.server.networking.Server sendToAll
INFO: Reap dead connection: [DummyConnection Server connection - model.nation.spanish]
May 14, 2018 5:10:00 PM net.sf.freecol.server.networking.Server sendToAll
INFO: Reap dead connection: [DummyConnection Server connection - model.nation.apache]
May 14, 2018 5:10:00 PM net.sf.freecol.server.networking.Server sendToAll
INFO: Reap dead connection: [DummyConnection Server connection - model.nation.aztec]
May 14, 2018 5:10:00 PM net.sf.freecol.server.networking.Server sendToAll
INFO: Reap dead connection: [DummyConnection Server connection - model.nation.english]
May 14, 2018 5:10:00 PM net.sf.freecol.server.networking.Server sendToAll
INFO: Reap dead connection: [DummyConnection Server connection - model.nation.iroquois]
May 14, 2018 5:10:00 PM net.sf.freecol.server.networking.Server sendToAll
INFO: Reap dead connection: [DummyConnection Server connection - model.nation.dutch]
May 14, 2018 5:10:00 PM net.sf.freecol.server.networking.Server sendToAll
INFO: Reap dead connection: [DummyConnection Server connection - model.nation.french]
May 14, 2018 5:10:00 PM net.sf.freecol.server.networking.Server sendToAll
INFO: Reap dead connection: [DummyConnection Server connection - model.nation.arawak]
May 14, 2018 5:10:00 PM net.sf.freecol.server.networking.Server sendToAll
INFO: Reap dead connection: [DummyConnection Server connection - model.nation.tupi]
May 14, 2018 5:10:00 PM net.sf.freecol.common.util.LogBuilder log
INFO: Destroying: unit:270
May 14, 2018 5:10:00 PM net.sf.freecol.common.model.Specification applyDifficultyLevel
INFO: Applying difficulty level model.difficulty.medium
May 14, 2018 5:10:00 PM net.sf.freecol.common.FreeColSeed getFreeColSeed
INFO: Using seed: -1107455260659507011
May 14, 2018 5:10:00 PM net.sf.freecol.server.networking.Server sendToAll
INFO: Reap dead connection: [DummyConnection Server connection - model.nation.spanish]
May 14, 2018 5:10:00 PM net.sf.freecol.server.networking.Server sendToAll
INFO: Reap dead connection: [DummyConnection Server connection - model.nation.arawak]
May 14, 2018 5:10:00 PM net.sf.freecol.server.networking.Server sendToAll
INFO: Reap dead connection: [DummyConnection Server connection - model.nation.cherokee]
May 14, 2018 5:10:00 PM net.sf.freecol.server.networking.Server sendToAll
INFO: Reap dead connection: [DummyConnection Server connection - model.nation.iroquois]
May 14, 2018 5:10:00 PM net.sf.freecol.server.networking.Server sendToAll
INFO: Reap dead connection: [DummyConnection Server connection - model.nation.dutch]
May 14, 2018 5:10:00 PM net.sf.freecol.server.networking.Server sendToAll
INFO: Reap dead connection: [DummyConnection Server connection - model.nation.aztec]
May 14, 2018 5:10:00 PM net.sf.freecol.server.networking.Server sendToAll
INFO: Reap dead connection: [DummyConnection Server connection - model.nation.english]
May 14, 2018 5:10:00 PM net.sf.freecol.server.networking.Server sendToAll
INFO: Reap dead connection: [DummyConnection Server connection - model.nation.french]
May 14, 2018 5:10:00 PM net.sf.freecol.server.networking.Server sendToAll
INFO: Reap dead connection: [DummyConnection Server connection - model.nation.inca]
May 14, 2018 5:10:00 PM net.sf.freecol.server.networking.Server sendToAll
INFO: Reap dead connection: [DummyConnection Server connection - model.nation.sioux]
May 14, 2018 5:10:00 PM net.sf.freecol.server.networking.Server sendToAll
INFO: Reap dead connection: [DummyConnection Server connection - model.nation.tupi]
May 14, 2018 5:10:00 PM net.sf.freecol.server.networking.Server sendToAll
INFO: Reap dead connection: [DummyConnection Server connection - model.nation.apache]
May 14, 2018 5:10:00 PM net.sf.freecol.server.model.ServerColony csBuildBuilding
INFO: New building in New Amsterdam: warehouse
May 14, 2018 5:10:00 PM net.sf.freecol.common.model.Specification applyDifficultyLevel
INFO: Applying difficulty level model.difficulty.medium
May 14, 2018 5:10:00 PM net.sf.freecol.common.FreeColSeed getFreeColSeed
INFO: Using seed: -7994585230719692614
May 14, 2018 5:10:00 PM net.sf.freecol.server.networking.Server sendToAll
INFO: Reap dead connection: [DummyConnection Server connection - model.nation.inca]
May 14, 2018 5:10:00 PM net.sf.freecol.server.networking.Server sendToAll
INFO: Reap dead connection: [DummyConnection Server connection - model.nation.tupi]
May 14, 2018 5:10:00 PM net.sf.freecol.server.networking.Server sendToAll
INFO: Reap dead connection: [DummyConnection Server connection - model.nation.iroquois]
May 14, 2018 5:10:00 PM net.sf.freecol.server.networking.Server sendToAll
INFO: Reap dead connection: [DummyConnection Server connection - model.nation.spanish]
May 14, 2018 5:10:00 PM net.sf.freecol.server.networking.Server sendToAll
INFO: Reap dead connection: [DummyConnection Server connection - model.nation.english]
May 14, 2018 5:10:00 PM net.sf.freecol.server.networking.Server sendToAll
INFO: Reap dead connection: [DummyConnection Server connection - model.nation.sioux]
May 14, 2018 5:10:00 PM net.sf.freecol.server.networking.Server sendToAll
INFO: Reap dead connection: [DummyConnection Server connection - model.nation.dutch]
May 14, 2018 5:10:00 PM net.sf.freecol.server.networking.Server sendToAll
INFO: Reap dead connection: [DummyConnection Server connection - model.nation.french]
May 14, 2018 5:10:00 PM net.sf.freecol.server.networking.Server sendToAll
INFO: Reap dead connection: [DummyConnection Server connection - model.nation.cherokee]
May 14, 2018 5:10:00 PM net.sf.freecol.server.networking.Server sendToAll
INFO: Reap dead connection: [DummyConnection Server connection - model.nation.apache]
May 14, 2018 5:10:00 PM net.sf.freecol.server.networking.Server sendToAll
INFO: Reap dead connection: [DummyConnection Server connection - model.nation.aztec]
May 14, 2018 5:10:00 PM net.sf.freecol.server.networking.Server sendToAll
INFO: Reap dead connection: [DummyConnection Server connection - model.nation.arawak]
May 14, 2018 5:10:00 PM net.sf.freecol.server.model.ServerColony csBuildBuilding
INFO: New building in New Amsterdam: lumberMill
May 14, 2018 5:10:00 PM net.sf.freecol.common.model.Specification applyDifficultyLevel
INFO: Applying difficulty level model.difficulty.medium
May 14, 2018 5:10:00 PM net.sf.freecol.common.FreeColSeed getFreeColSeed
INFO: Using seed: -4764448782877598172
May 14, 2018 5:10:00 PM net.sf.freecol.server.networking.Server sendToAll
INFO: Reap dead connection: [DummyConnection Server connection - model.nation.arawak]
May 14, 2018 5:10:00 PM net.sf.freecol.server.networking.Server sendToAll
INFO: Reap dead connection: [DummyConnection Server connection - model.nation.english]
May 14, 2018 5:10:00 PM net.sf.freecol.server.networking.Server sendToAll
INFO: Reap dead connection: [DummyConnection Server connection - model.nation.inca]
May 14, 2018 5:10:00 PM net.sf.freecol.server.networking.Server sendToAll
INFO: Reap dead connection: [DummyConnection Server connection - model.nation.sioux]
May 14, 2018 5:10:00 PM net.sf.freecol.server.networking.Server sendToAll
INFO: Reap dead connection: [DummyConnection Server connection - model.nation.aztec]
May 14, 2018 5:10:00 PM net.sf.freecol.server.networking.Server sendToAll
INFO: Reap dead connection: [DummyConnection Server connection - model.nation.tupi]
May 14, 2018 5:10:00 PM net.sf.freecol.server.networking.Server sendToAll
INFO: Reap dead connection: [DummyConnection Server connection - model.nation.french]
May 14, 2018 5:10:00 PM net.sf.freecol.server.networking.Server sendToAll
INFO: Reap dead connection: [DummyConnection Server connection - model.nation.iroquois]
May 14, 2018 5:10:00 PM net.sf.freecol.server.networking.Server sendToAll
INFO: Reap dead connection: [DummyConnection Server connection - model.nation.dutch]
May 14, 2018 5:10:00 PM net.sf.freecol.server.networking.Server sendToAll
INFO: Reap dead connection: [DummyConnection Server connection - model.nation.apache]
May 14, 2018 5:10:00 PM net.sf.freecol.server.networking.Server sendToAll
INFO: Reap dead connection: [DummyConnection Server connection - model.nation.spanish]
May 14, 2018 5:10:00 PM net.sf.freecol.server.networking.Server sendToAll
INFO: Reap dead connection: [DummyConnection Server connection - model.nation.cherokee]
May 14, 2018 5:10:00 PM net.sf.freecol.server.model.ServerColony csBuildUnit
INFO: New unit in New Amsterdam: freeColonist
May 14, 2018 5:10:00 PM net.sf.freecol.common.model.Specification applyDifficultyLevel
INFO: Applying difficulty level model.difficulty.medium
May 14, 2018 5:10:00 PM net.sf.freecol.common.model.Specification applyDifficultyLevel
INFO: Applying difficulty level model.difficulty.medium
May 14, 2018 5:10:00 PM net.sf.freecol.common.FreeColSeed getFreeColSeed
INFO: Using seed: 2605612627848568619
May 14, 2018 5:10:00 PM net.sf.freecol.server.networking.Server sendToAll
INFO: Reap dead connection: [DummyConnection Server connection - model.nation.iroquois]
May 14, 2018 5:10:00 PM net.sf.freecol.server.networking.Server sendToAll
INFO: Reap dead connection: [DummyConnection Server connection - model.nation.spanish]
May 14, 2018 5:10:00 PM net.sf.freecol.server.networking.Server sendToAll
INFO: Reap dead connection: [DummyConnection Server connection - model.nation.french]
May 14, 2018 5:10:00 PM net.sf.freecol.server.networking.Server sendToAll
INFO: Reap dead connection: [DummyConnection Server connection - model.nation.aztec]
May 14, 2018 5:10:00 PM net.sf.freecol.server.networking.Server sendToAll
INFO: Reap dead connection: [DummyConnection Server connection - model.nation.inca]
May 14, 2018 5:10:00 PM net.sf.freecol.server.networking.Server sendToAll
INFO: Reap dead connection: [DummyConnection Server connection - model.nation.sioux]
May 14, 2018 5:10:00 PM net.sf.freecol.server.networking.Server sendToAll
INFO: Reap dead connection: [DummyConnection Server connection - model.nation.cherokee]
May 14, 2018 5:10:00 PM net.sf.freecol.server.networking.Server sendToAll
INFO: Reap dead connection: [DummyConnection Server connection - model.nation.tupi]
May 14, 2018 5:10:00 PM net.sf.freecol.server.networking.Server sendToAll
INFO: Reap dead connection: [DummyConnection Server connection - model.nation.arawak]
May 14, 2018 5:10:00 PM net.sf.freecol.server.networking.Server sendToAll
INFO: Reap dead connection: [DummyConnection Server connection - model.nation.english]
May 14, 2018 5:10:00 PM net.sf.freecol.server.networking.Server sendToAll
INFO: Reap dead connection: [DummyConnection Server connection - model.nation.dutch]
May 14, 2018 5:10:00 PM net.sf.freecol.server.networking.Server sendToAll
INFO: Reap dead connection: [DummyConnection Server connection - model.nation.apache]
May 14, 2018 5:10:00 PM net.sf.freecol.common.model.Specification applyDifficultyLevel
INFO: Applying difficulty level model.difficulty.medium
May 14, 2018 5:10:00 PM net.sf.freecol.common.FreeColSeed getFreeColSeed
INFO: Using seed: 7120117183133099736
May 14, 2018 5:10:00 PM net.sf.freecol.server.networking.Server sendToAll
INFO: Reap dead connection: [DummyConnection Server connection - model.nation.spanish]
May 14, 2018 5:10:00 PM net.sf.freecol.server.networking.Server sendToAll
INFO: Reap dead connection: [DummyConnection Server connection - model.nation.iroquois]
May 14, 2018 5:10:00 PM net.sf.freecol.server.networking.Server sendToAll
INFO: Reap dead connection: [DummyConnection Server connection - model.nation.french]
May 14, 2018 5:10:00 PM net.sf.freecol.server.networking.Server sendToAll
INFO: Reap dead connection: [DummyConnection Server connection - model.nation.english]
May 14, 2018 5:10:00 PM net.sf.freecol.server.networking.Server sendToAll
INFO: Reap dead connection: [DummyConnection Server connection - model.nation.apache]
May 14, 2018 5:10:00 PM net.sf.freecol.server.networking.Server sendToAll
INFO: Reap dead connection: [DummyConnection Server connection - model.nation.aztec]
May 14, 2018 5:10:00 PM net.sf.freecol.server.networking.Server sendToAll
INFO: Reap dead connection: [DummyConnection Server connection - model.nation.dutch]
May 14, 2018 5:10:00 PM net.sf.freecol.server.networking.Server sendToAll
INFO: Reap dead connection: [DummyConnection Server connection - model.nation.tupi]
May 14, 2018 5:10:00 PM net.sf.freecol.server.networking.Server sendToAll
INFO: Reap dead connection: [DummyConnection Server connection - model.nation.sioux]
May 14, 2018 5:10:00 PM net.sf.freecol.server.networking.Server sendToAll
INFO: Reap dead connection: [DummyConnection Server connection - model.nation.cherokee]
May 14, 2018 5:10:00 PM net.sf.freecol.server.networking.Server sendToAll
INFO: Reap dead connection: [DummyConnection Server connection - model.nation.arawak]
May 14, 2018 5:10:00 PM net.sf.freecol.server.networking.Server sendToAll
INFO: Reap dead connection: [DummyConnection Server connection - model.nation.inca]
May 14, 2018 5:10:00 PM net.sf.freecol.common.model.Specification applyDifficultyLevel
INFO: Applying difficulty level model.difficulty.medium
May 14, 2018 5:10:00 PM net.sf.freecol.common.FreeColSeed getFreeColSeed
INFO: Using seed: -1851722869462801044
May 14, 2018 5:10:00 PM net.sf.freecol.server.networking.Server sendToAll
INFO: Reap dead connection: [DummyConnection Server connection - model.nation.tupi]
May 14, 2018 5:10:00 PM net.sf.freecol.server.networking.Server sendToAll
INFO: Reap dead connection: [DummyConnection Server connection - model.nation.iroquois]
May 14, 2018 5:10:00 PM net.sf.freecol.server.networking.Server sendToAll
INFO: Reap dead connection: [DummyConnection Server connection - model.nation.arawak]
May 14, 2018 5:10:00 PM net.sf.freecol.server.networking.Server sendToAll
INFO: Reap dead connection: [DummyConnection Server connection - model.nation.english]
May 14, 2018 5:10:00 PM net.sf.freecol.server.networking.Server sendToAll
INFO: Reap dead connection: [DummyConnection Server connection - model.nation.aztec]
May 14, 2018 5:10:00 PM net.sf.freecol.server.networking.Server sendToAll
INFO: Reap dead connection: [DummyConnection Server connection - model.nation.sioux]
May 14, 2018 5:10:00 PM net.sf.freecol.server.networking.Server sendToAll
INFO: Reap dead connection: [DummyConnection Server connection - model.nation.apache]
May 14, 2018 5:10:00 PM net.sf.freecol.server.networking.Server sendToAll
INFO: Reap dead connection: [DummyConnection Server connection - model.nation.spanish]
May 14, 2018 5:10:00 PM net.sf.freecol.server.networking.Server sendToAll
INFO: Reap dead connection: [DummyConnection Server connection - model.nation.french]
May 14, 2018 5:10:00 PM net.sf.freecol.server.networking.Server sendToAll
INFO: Reap dead connection: [DummyConnection Server connection - model.nation.inca]
May 14, 2018 5:10:00 PM net.sf.freecol.server.networking.Server sendToAll
INFO: Reap dead connection: [DummyConnection Server connection - model.nation.cherokee]
May 14, 2018 5:10:00 PM net.sf.freecol.server.networking.Server sendToAll
INFO: Reap dead connection: [DummyConnection Server connection - model.nation.dutch]
May 14, 2018 5:10:00 PM net.sf.freecol.common.util.LogBuilder log
INFO: Destroying: goodsContainer:252 unit:251
May 14, 2018 5:10:00 PM net.sf.freecol.common.model.Specification applyDifficultyLevel
INFO: Applying difficulty level model.difficulty.medium
May 14, 2018 5:10:00 PM net.sf.freecol.common.FreeColSeed getFreeColSeed
INFO: Using seed: 898328786912680036
May 14, 2018 5:10:00 PM net.sf.freecol.server.networking.Server sendToAll
INFO: Reap dead connection: [DummyConnection Server connection - model.nation.iroquois]
May 14, 2018 5:10:00 PM net.sf.freecol.server.networking.Server sendToAll
INFO: Reap dead connection: [DummyConnection Server connection - model.nation.apache]
May 14, 2018 5:10:00 PM net.sf.freecol.server.networking.Server sendToAll
INFO: Reap dead connection: [DummyConnection Server connection - model.nation.english]
May 14, 2018 5:10:00 PM net.sf.freecol.server.networking.Server sendToAll
INFO: Reap dead connection: [DummyConnection Server connection - model.nation.dutch]
May 14, 2018 5:10:00 PM net.sf.freecol.server.networking.Server sendToAll
INFO: Reap dead connection: [DummyConnection Server connection - model.nation.aztec]
May 14, 2018 5:10:00 PM net.sf.freecol.server.networking.Server sendToAll
INFO: Reap dead connection: [DummyConnection Server connection - model.nation.spanish]
May 14, 2018 5:10:00 PM net.sf.freecol.server.networking.Server sendToAll
INFO: Reap dead connection: [DummyConnection Server connection - model.nation.tupi]
May 14, 2018 5:10:00 PM net.sf.freecol.server.networking.Server sendToAll
INFO: Reap dead connection: [DummyConnection Server connection - model.nation.inca]
May 14, 2018 5:10:00 PM net.sf.freecol.server.networking.Server sendToAll
INFO: Reap dead connection: [DummyConnection Server connection - model.nation.french]
May 14, 2018 5:10:00 PM net.sf.freecol.server.networking.Server sendToAll
INFO: Reap dead connection: [DummyConnection Server connection - model.nation.sioux]
May 14, 2018 5:10:00 PM net.sf.freecol.server.networking.Server sendToAll
INFO: Reap dead connection: [DummyConnection Server connection - model.nation.arawak]
May 14, 2018 5:10:00 PM net.sf.freecol.server.networking.Server sendToAll
INFO: Reap dead connection: [DummyConnection Server connection - model.nation.cherokee]
May 14, 2018 5:10:00 PM net.sf.freecol.common.model.Specification applyDifficultyLevel
INFO: Applying difficulty level model.difficulty.medium
May 14, 2018 5:10:00 PM net.sf.freecol.common.FreeColSeed getFreeColSeed
INFO: Using seed: -5026605347029563070
May 14, 2018 5:10:00 PM net.sf.freecol.server.networking.Server sendToAll
INFO: Reap dead connection: [DummyConnection Server connection - model.nation.iroquois]
May 14, 2018 5:10:00 PM net.sf.freecol.server.networking.Server sendToAll
INFO: Reap dead connection: [DummyConnection Server connection - model.nation.sioux]
May 14, 2018 5:10:00 PM net.sf.freecol.server.networking.Server sendToAll
INFO: Reap dead connection: [DummyConnection Server connection - model.nation.dutch]
May 14, 2018 5:10:00 PM net.sf.freecol.server.networking.Server sendToAll
INFO: Reap dead connection: [DummyConnection Server connection - model.nation.tupi]
May 14, 2018 5:10:00 PM net.sf.freecol.server.networking.Server sendToAll
INFO: Reap dead connection: [DummyConnection Server connection - model.nation.inca]
May 14, 2018 5:10:00 PM net.sf.freecol.server.networking.Server sendToAll
INFO: Reap dead connection: [DummyConnection Server connection - model.nation.english]
May 14, 2018 5:10:00 PM net.sf.freecol.server.networking.Server sendToAll
INFO: Reap dead connection: [DummyConnection Server connection - model.nation.aztec]
May 14, 2018 5:10:00 PM net.sf.freecol.server.networking.Server sendToAll
INFO: Reap dead connection: [DummyConnection Server connection - model.nation.spanish]
May 14, 2018 5:10:00 PM net.sf.freecol.server.networking.Server sendToAll
INFO: Reap dead connection: [DummyConnection Server connection - model.nation.cherokee]
May 14, 2018 5:10:00 PM net.sf.freecol.server.networking.Server sendToAll
INFO: Reap dead connection: [DummyConnection Server connection - model.nation.french]
May 14, 2018 5:10:00 PM net.sf.freecol.server.networking.Server sendToAll
INFO: Reap dead connection: [DummyConnection Server connection - model.nation.apache]
May 14, 2018 5:10:00 PM net.sf.freecol.server.networking.Server sendToAll
INFO: Reap dead connection: [DummyConnection Server connection - model.nation.arawak]
May 14, 2018 5:10:00 PM net.sf.freecol.common.model.Specification applyDifficultyLevel
INFO: Applying difficulty level model.difficulty.medium
May 14, 2018 5:10:00 PM net.sf.freecol.common.FreeColSeed getFreeColSeed
INFO: Using seed: -2595593415717917124
May 14, 2018 5:10:00 PM net.sf.freecol.server.networking.Server sendToAll
INFO: Reap dead connection: [DummyConnection Server connection - model.nation.aztec]
May 14, 2018 5:10:00 PM net.sf.freecol.server.networking.Server sendToAll
INFO: Reap dead connection: [DummyConnection Server connection - model.nation.inca]
May 14, 2018 5:10:00 PM net.sf.freecol.server.networking.Server sendToAll
INFO: Reap dead connection: [DummyConnection Server connection - model.nation.spanish]
May 14, 2018 5:10:00 PM net.sf.freecol.server.networking.Server sendToAll
INFO: Reap dead connection: [DummyConnection Server connection - model.nation.dutch]
May 14, 2018 5:10:00 PM net.sf.freecol.server.networking.Server sendToAll
INFO: Reap dead connection: [DummyConnection Server connection - model.nation.arawak]
May 14, 2018 5:10:00 PM net.sf.freecol.server.networking.Server sendToAll
INFO: Reap dead connection: [DummyConnection Server connection - model.nation.iroquois]
May 14, 2018 5:10:00 PM net.sf.freecol.server.networking.Server sendToAll
INFO: Reap dead connection: [DummyConnection Server connection - model.nation.tupi]
May 14, 2018 5:10:00 PM net.sf.freecol.server.networking.Server sendToAll
INFO: Reap dead connection: [DummyConnection Server connection - model.nation.french]
May 14, 2018 5:10:00 PM net.sf.freecol.server.networking.Server sendToAll
INFO: Reap dead connection: [DummyConnection Server connection - model.nation.apache]
May 14, 2018 5:10:00 PM net.sf.freecol.server.networking.Server sendToAll
INFO: Reap dead connection: [DummyConnection Server connection - model.nation.cherokee]
May 14, 2018 5:10:00 PM net.sf.freecol.server.networking.Server sendToAll
INFO: Reap dead connection: [DummyConnection Server connection - model.nation.english]
May 14, 2018 5:10:00 PM net.sf.freecol.server.networking.Server sendToAll
INFO: Reap dead connection: [DummyConnection Server connection - model.nation.sioux]
May 14, 2018 5:10:00 PM net.sf.freecol.common.model.Specification applyDifficultyLevel
INFO: Applying difficulty level model.difficulty.medium
May 14, 2018 5:10:00 PM net.sf.freecol.common.FreeColSeed getFreeColSeed
INFO: Using seed: -7779956102557819377
May 14, 2018 5:10:00 PM net.sf.freecol.server.networking.Server sendToAll
INFO: Reap dead connection: [DummyConnection Server connection - model.nation.sioux]
May 14, 2018 5:10:00 PM net.sf.freecol.server.networking.Server sendToAll
INFO: Reap dead connection: [DummyConnection Server connection - model.nation.aztec]
May 14, 2018 5:10:00 PM net.sf.freecol.server.networking.Server sendToAll
INFO: Reap dead connection: [DummyConnection Server connection - model.nation.spanish]
May 14, 2018 5:10:00 PM net.sf.freecol.server.networking.Server sendToAll
INFO: Reap dead connection: [DummyConnection Server connection - model.nation.dutch]
May 14, 2018 5:10:00 PM net.sf.freecol.server.networking.Server sendToAll
INFO: Reap dead connection: [DummyConnection Server connection - model.nation.inca]
May 14, 2018 5:10:00 PM net.sf.freecol.server.networking.Server sendToAll
INFO: Reap dead connection: [DummyConnection Server connection - model.nation.apache]
May 14, 2018 5:10:00 PM net.sf.freecol.server.networking.Server sendToAll
INFO: Reap dead connection: [DummyConnection Server connection - model.nation.tupi]
May 14, 2018 5:10:00 PM net.sf.freecol.server.networking.Server sendToAll
INFO: Reap dead connection: [DummyConnection Server connection - model.nation.cherokee]
May 14, 2018 5:10:00 PM net.sf.freecol.server.networking.Server sendToAll
INFO: Reap dead connection: [DummyConnection Server connection - model.nation.english]
May 14, 2018 5:10:00 PM net.sf.freecol.server.networking.Server sendToAll
INFO: Reap dead connection: [DummyConnection Server connection - model.nation.iroquois]
May 14, 2018 5:10:00 PM net.sf.freecol.server.networking.Server sendToAll
INFO: Reap dead connection: [DummyConnection Server connection - model.nation.french]
May 14, 2018 5:10:00 PM net.sf.freecol.server.networking.Server sendToAll
INFO: Reap dead connection: [DummyConnection Server connection - model.nation.arawak]
May 14, 2018 5:10:00 PM net.sf.freecol.server.model.ServerPlayer checkForDeath
INFO: William I alive, can buy colonist.
May 14, 2018 5:10:00 PM net.sf.freecol.common.model.Specification applyDifficultyLevel
INFO: Applying difficulty level model.difficulty.medium
May 14, 2018 5:10:00 PM net.sf.freecol.common.FreeColSeed getFreeColSeed
INFO: Using seed: 5538557159092861092
May 14, 2018 5:10:00 PM net.sf.freecol.server.networking.Server sendToAll
INFO: Reap dead connection: [DummyConnection Server connection - model.nation.dutch]
May 14, 2018 5:10:00 PM net.sf.freecol.server.networking.Server sendToAll
INFO: Reap dead connection: [DummyConnection Server connection - model.nation.spanish]
May 14, 2018 5:10:00 PM net.sf.freecol.server.networking.Server sendToAll
INFO: Reap dead connection: [DummyConnection Server connection - model.nation.aztec]
May 14, 2018 5:10:00 PM net.sf.freecol.server.networking.Server sendToAll
INFO: Reap dead connection: [DummyConnection Server connection - model.nation.english]
May 14, 2018 5:10:00 PM net.sf.freecol.server.networking.Server sendToAll
INFO: Reap dead connection: [DummyConnection Server connection - model.nation.inca]
May 14, 2018 5:10:00 PM net.sf.freecol.server.networking.Server sendToAll
INFO: Reap dead connection: [DummyConnection Server connection - model.nation.iroquois]
May 14, 2018 5:10:00 PM net.sf.freecol.server.networking.Server sendToAll
INFO: Reap dead connection: [DummyConnection Server connection - model.nation.sioux]
May 14, 2018 5:10:00 PM net.sf.freecol.server.networking.Server sendToAll
INFO: Reap dead connection: [DummyConnection Server connection - model.nation.apache]
May 14, 2018 5:10:00 PM net.sf.freecol.server.networking.Server sendToAll
INFO: Reap dead connection: [DummyConnection Server connection - model.nation.tupi]
May 14, 2018 5:10:00 PM net.sf.freecol.server.networking.Server sendToAll
INFO: Reap dead connection: [DummyConnection Server connection - model.nation.french]
May 14, 2018 5:10:00 PM net.sf.freecol.server.networking.Server sendToAll
INFO: Reap dead connection: [DummyConnection Server connection - model.nation.arawak]
May 14, 2018 5:10:00 PM net.sf.freecol.server.networking.Server sendToAll
INFO: Reap dead connection: [DummyConnection Server connection - model.nation.cherokee]
May 14, 2018 5:10:00 PM net.sf.freecol.server.model.ServerPlayer checkForDeath
INFO: William I survives by autorecruit.
May 14, 2018 5:10:00 PM net.sf.freecol.server.model.ServerPlayer checkForDeath
INFO: William I alive, has waiting colonist.
May 14, 2018 5:10:00 PM net.sf.freecol.server.model.ServerPlayer checkForDeath
INFO: William I dead, no presence >= 1600
May 14, 2018 5:10:00 PM net.sf.freecol.common.model.Specification applyDifficultyLevel
INFO: Applying difficulty level model.difficulty.medium
May 14, 2018 5:10:00 PM net.sf.freecol.common.FreeColSeed getFreeColSeed
INFO: Using seed: -6503531337293403484
May 14, 2018 5:10:00 PM net.sf.freecol.server.networking.Server sendToAll
INFO: Reap dead connection: [DummyConnection Server connection - model.nation.cherokee]
May 14, 2018 5:10:00 PM net.sf.freecol.server.networking.Server sendToAll
INFO: Reap dead connection: [DummyConnection Server connection - model.nation.iroquois]
May 14, 2018 5:10:00 PM net.sf.freecol.server.networking.Server sendToAll
INFO: Reap dead connection: [DummyConnection Server connection - model.nation.sioux]
May 14, 2018 5:10:00 PM net.sf.freecol.server.networking.Server sendToAll
INFO: Reap dead connection: [DummyConnection Server connection - model.nation.aztec]
May 14, 2018 5:10:00 PM net.sf.freecol.server.networking.Server sendToAll
INFO: Reap dead connection: [DummyConnection Server connection - model.nation.french]
May 14, 2018 5:10:00 PM net.sf.freecol.server.networking.Server sendToAll
INFO: Reap dead connection: [DummyConnection Server connection - model.nation.inca]
May 14, 2018 5:10:00 PM net.sf.freecol.server.networking.Server sendToAll
INFO: Reap dead connection: [DummyConnection Server connection - model.nation.arawak]
May 14, 2018 5:10:00 PM net.sf.freecol.server.networking.Server sendToAll
INFO: Reap dead connection: [DummyConnection Server connection - model.nation.english]
May 14, 2018 5:10:00 PM net.sf.freecol.server.networking.Server sendToAll
INFO: Reap dead connection: [DummyConnection Server connection - model.nation.tupi]
May 14, 2018 5:10:00 PM net.sf.freecol.server.networking.Server sendToAll
INFO: Reap dead connection: [DummyConnection Server connection - model.nation.spanish]
May 14, 2018 5:10:00 PM net.sf.freecol.server.networking.Server sendToAll
INFO: Reap dead connection: [DummyConnection Server connection - model.nation.dutch]
May 14, 2018 5:10:00 PM net.sf.freecol.server.networking.Server sendToAll
INFO: Reap dead connection: [DummyConnection Server connection - model.nation.apache]
May 14, 2018 5:10:00 PM net.sf.freecol.server.model.ServerPlayer checkForDeath
INFO: William I alive, unit unit:247 on map.
May 14, 2018 5:10:00 PM net.sf.freecol.common.model.Specification applyDifficultyLevel
INFO: Applying difficulty level model.difficulty.medium
May 14, 2018 5:10:00 PM net.sf.freecol.common.FreeColSeed getFreeColSeed
INFO: Using seed: -2063163739917112339
May 14, 2018 5:10:00 PM net.sf.freecol.server.networking.Server sendToAll
INFO: Reap dead connection: [DummyConnection Server connection - model.nation.dutch]
May 14, 2018 5:10:00 PM net.sf.freecol.server.networking.Server sendToAll
INFO: Reap dead connection: [DummyConnection Server connection - model.nation.apache]
May 14, 2018 5:10:00 PM net.sf.freecol.server.networking.Server sendToAll
INFO: Reap dead connection: [DummyConnection Server connection - model.nation.aztec]
May 14, 2018 5:10:00 PM net.sf.freecol.server.networking.Server sendToAll
INFO: Reap dead connection: [DummyConnection Server connection - model.nation.spanish]
May 14, 2018 5:10:00 PM net.sf.freecol.server.networking.Server sendToAll
INFO: Reap dead connection: [DummyConnection Server connection - model.nation.inca]
May 14, 2018 5:10:00 PM net.sf.freecol.server.networking.Server sendToAll
INFO: Reap dead connection: [DummyConnection Server connection - model.nation.cherokee]
May 14, 2018 5:10:00 PM net.sf.freecol.server.networking.Server sendToAll
INFO: Reap dead connection: [DummyConnection Server connection - model.nation.iroquois]
May 14, 2018 5:10:00 PM net.sf.freecol.server.networking.Server sendToAll
INFO: Reap dead connection: [DummyConnection Server connection - model.nation.arawak]
May 14, 2018 5:10:00 PM net.sf.freecol.server.networking.Server sendToAll
INFO: Reap dead connection: [DummyConnection Server connection - model.nation.english]
May 14, 2018 5:10:00 PM net.sf.freecol.server.networking.Server sendToAll
INFO: Reap dead connection: [DummyConnection Server connection - model.nation.french]
May 14, 2018 5:10:00 PM net.sf.freecol.server.networking.Server sendToAll
INFO: Reap dead connection: [DummyConnection Server connection - model.nation.tupi]
May 14, 2018 5:10:00 PM net.sf.freecol.server.networking.Server sendToAll
INFO: Reap dead connection: [DummyConnection Server connection - model.nation.sioux]
May 14, 2018 5:10:00 PM net.sf.freecol.common.model.Specification applyDifficultyLevel
INFO: Applying difficulty level model.difficulty.medium
May 14, 2018 5:10:00 PM net.sf.freecol.common.FreeColSeed getFreeColSeed
INFO: Using seed: -49450038280636714
May 14, 2018 5:10:01 PM net.sf.freecol.server.networking.Server sendToAll
INFO: Reap dead connection: [DummyConnection Server connection - model.nation.spanish]
May 14, 2018 5:10:01 PM net.sf.freecol.server.networking.Server sendToAll
INFO: Reap dead connection: [DummyConnection Server connection - model.nation.aztec]
May 14, 2018 5:10:01 PM net.sf.freecol.server.networking.Server sendToAll
INFO: Reap dead connection: [DummyConnection Server connection - model.nation.iroquois]
May 14, 2018 5:10:01 PM net.sf.freecol.server.networking.Server sendToAll
INFO: Reap dead connection: [DummyConnection Server connection - model.nation.inca]
May 14, 2018 5:10:01 PM net.sf.freecol.server.networking.Server sendToAll
INFO: Reap dead connection: [DummyConnection Server connection - model.nation.cherokee]
May 14, 2018 5:10:01 PM net.sf.freecol.server.networking.Server sendToAll
INFO: Reap dead connection: [DummyConnection Server connection - model.nation.apache]
May 14, 2018 5:10:01 PM net.sf.freecol.server.networking.Server sendToAll
INFO: Reap dead connection: [DummyConnection Server connection - model.nation.tupi]
May 14, 2018 5:10:01 PM net.sf.freecol.server.networking.Server sendToAll
INFO: Reap dead connection: [DummyConnection Server connection - model.nation.sioux]
May 14, 2018 5:10:01 PM net.sf.freecol.server.networking.Server sendToAll
INFO: Reap dead connection: [DummyConnection Server connection - model.nation.arawak]
May 14, 2018 5:10:01 PM net.sf.freecol.server.networking.Server sendToAll
INFO: Reap dead connection: [DummyConnection Server connection - model.nation.dutch]
May 14, 2018 5:10:01 PM net.sf.freecol.server.networking.Server sendToAll
INFO: Reap dead connection: [DummyConnection Server connection - model.nation.french]
May 14, 2018 5:10:01 PM net.sf.freecol.server.networking.Server sendToAll
INFO: Reap dead connection: [DummyConnection Server connection - model.nation.english]
May 14, 2018 5:10:01 PM net.sf.freecol.common.model.Specification applyDifficultyLevel
INFO: Applying difficulty level model.difficulty.medium
May 14, 2018 5:10:01 PM net.sf.freecol.common.FreeColSeed getFreeColSeed
INFO: Using seed: 4255470944893305158
May 14, 2018 5:10:01 PM net.sf.freecol.server.networking.Server sendToAll
INFO: Reap dead connection: [DummyConnection Server connection - model.nation.arawak]
May 14, 2018 5:10:01 PM net.sf.freecol.server.networking.Server sendToAll
INFO: Reap dead connection: [DummyConnection Server connection - model.nation.inca]
May 14, 2018 5:10:01 PM net.sf.freecol.server.networking.Server sendToAll
INFO: Reap dead connection: [DummyConnection Server connection - model.nation.aztec]
May 14, 2018 5:10:01 PM net.sf.freecol.server.networking.Server sendToAll
INFO: Reap dead connection: [DummyConnection Server connection - model.nation.tupi]
May 14, 2018 5:10:01 PM net.sf.freecol.server.networking.Server sendToAll
INFO: Reap dead connection: [DummyConnection Server connection - model.nation.dutch]
May 14, 2018 5:10:01 PM net.sf.freecol.server.networking.Server sendToAll
INFO: Reap dead connection: [DummyConnection Server connection - model.nation.english]
May 14, 2018 5:10:01 PM net.sf.freecol.server.networking.Server sendToAll
INFO: Reap dead connection: [DummyConnection Server connection - model.nation.french]
May 14, 2018 5:10:01 PM net.sf.freecol.server.networking.Server sendToAll
INFO: Reap dead connection: [DummyConnection Server connection - model.nation.iroquois]
May 14, 2018 5:10:01 PM net.sf.freecol.server.networking.Server sendToAll
INFO: Reap dead connection: [DummyConnection Server connection - model.nation.sioux]
May 14, 2018 5:10:01 PM net.sf.freecol.server.networking.Server sendToAll
INFO: Reap dead connection: [DummyConnection Server connection - model.nation.cherokee]
May 14, 2018 5:10:01 PM net.sf.freecol.server.networking.Server sendToAll
INFO: Reap dead connection: [DummyConnection Server connection - model.nation.apache]
May 14, 2018 5:10:01 PM net.sf.freecol.server.networking.Server sendToAll
INFO: Reap dead connection: [DummyConnection Server connection - model.nation.spanish]
May 14, 2018 5:10:01 PM net.sf.freecol.server.model.ServerPlayer checkForDeath
INFO: William I alive, has embarked unit.
May 14, 2018 5:10:01 PM net.sf.freecol.server.model.ServerPlayer checkForDeath
INFO: William I dead, no presence >= 1600
May 14, 2018 5:10:01 PM net.sf.freecol.common.model.Specification applyDifficultyLevel
INFO: Applying difficulty level model.difficulty.medium
May 14, 2018 5:10:01 PM net.sf.freecol.common.model.Specification applyDifficultyLevel
INFO: Applying difficulty level model.difficulty.medium
May 14, 2018 5:10:01 PM net.sf.freecol.common.model.Specification applyDifficultyLevel
INFO: Applying difficulty level model.difficulty.medium
May 14, 2018 5:10:01 PM net.sf.freecol.common.FreeColSeed getFreeColSeed
INFO: Using seed: 2228965941970175665
May 14, 2018 5:10:01 PM net.sf.freecol.server.networking.Server sendToAll
INFO: Reap dead connection: [DummyConnection Server connection - model.nation.tupi]
May 14, 2018 5:10:01 PM net.sf.freecol.server.networking.Server sendToAll
INFO: Reap dead connection: [DummyConnection Server connection - model.nation.arawak]
May 14, 2018 5:10:01 PM net.sf.freecol.server.networking.Server sendToAll
INFO: Reap dead connection: [DummyConnection Server connection - model.nation.english]
May 14, 2018 5:10:01 PM net.sf.freecol.server.networking.Server sendToAll
INFO: Reap dead connection: [DummyConnection Server connection - model.nation.iroquois]
May 14, 2018 5:10:01 PM net.sf.freecol.server.networking.Server sendToAll
INFO: Reap dead connection: [DummyConnection Server connection - model.nation.sioux]
May 14, 2018 5:10:01 PM net.sf.freecol.server.networking.Server sendToAll
INFO: Reap dead connection: [DummyConnection Server connection - model.nation.french]
May 14, 2018 5:10:01 PM net.sf.freecol.server.networking.Server sendToAll
INFO: Reap dead connection: [DummyConnection Server connection - model.nation.aztec]
May 14, 2018 5:10:01 PM net.sf.freecol.server.networking.Server sendToAll
INFO: Reap dead connection: [DummyConnection Server connection - model.nation.apache]
May 14, 2018 5:10:01 PM net.sf.freecol.server.networking.Server sendToAll
INFO: Reap dead connection: [DummyConnection Server connection - model.nation.dutch]
May 14, 2018 5:10:01 PM net.sf.freecol.server.networking.Server sendToAll
INFO: Reap dead connection: [DummyConnection Server connection - model.nation.inca]
May 14, 2018 5:10:01 PM net.sf.freecol.server.networking.Server sendToAll
INFO: Reap dead connection: [DummyConnection Server connection - model.nation.cherokee]
May 14, 2018 5:10:01 PM net.sf.freecol.server.networking.Server sendToAll
INFO: Reap dead connection: [DummyConnection Server connection - model.nation.spanish]
May 14, 2018 5:10:01 PM net.sf.freecol.common.model.Specification applyDifficultyLevel
INFO: Applying difficulty level model.difficulty.medium
May 14, 2018 5:10:01 PM net.sf.freecol.common.FreeColSeed getFreeColSeed
INFO: Using seed: 46120449919776976
May 14, 2018 5:10:01 PM net.sf.freecol.server.networking.Server sendToAll
INFO: Reap dead connection: [DummyConnection Server connection - model.nation.dutch]
May 14, 2018 5:10:01 PM net.sf.freecol.server.networking.Server sendToAll
INFO: Reap dead connection: [DummyConnection Server connection - model.nation.tupi]
May 14, 2018 5:10:01 PM net.sf.freecol.server.networking.Server sendToAll
INFO: Reap dead connection: [DummyConnection Server connection - model.nation.spanish]
May 14, 2018 5:10:01 PM net.sf.freecol.server.networking.Server sendToAll
INFO: Reap dead connection: [DummyConnection Server connection - model.nation.apache]
May 14, 2018 5:10:01 PM net.sf.freecol.server.networking.Server sendToAll
INFO: Reap dead connection: [DummyConnection Server connection - model.nation.french]
May 14, 2018 5:10:01 PM net.sf.freecol.server.networking.Server sendToAll
INFO: Reap dead connection: [DummyConnection Server connection - model.nation.inca]
May 14, 2018 5:10:01 PM net.sf.freecol.server.networking.Server sendToAll
INFO: Reap dead connection: [DummyConnection Server connection - model.nation.iroquois]
May 14, 2018 5:10:01 PM net.sf.freecol.server.networking.Server sendToAll
INFO: Reap dead connection: [DummyConnection Server connection - model.nation.sioux]
May 14, 2018 5:10:01 PM net.sf.freecol.server.networking.Server sendToAll
INFO: Reap dead connection: [DummyConnection Server connection - model.nation.cherokee]
May 14, 2018 5:10:01 PM net.sf.freecol.server.networking.Server sendToAll
INFO: Reap dead connection: [DummyConnection Server connection - model.nation.aztec]
May 14, 2018 5:10:01 PM net.sf.freecol.server.networking.Server sendToAll
INFO: Reap dead connection: [DummyConnection Server connection - model.nation.english]
May 14, 2018 5:10:01 PM net.sf.freecol.server.networking.Server sendToAll
INFO: Reap dead connection: [DummyConnection Server connection - model.nation.arawak]
May 14, 2018 5:10:01 PM net.sf.freecol.common.model.Specification applyDifficultyLevel
INFO: Applying difficulty level model.difficulty.medium
May 14, 2018 5:10:01 PM net.sf.freecol.common.FreeColSeed getFreeColSeed
INFO: Using seed: 3914840507468894949
May 14, 2018 5:10:01 PM net.sf.freecol.server.networking.Server sendToAll
INFO: Reap dead connection: [DummyConnection Server connection - model.nation.aztec]
May 14, 2018 5:10:01 PM net.sf.freecol.server.networking.Server sendToAll
INFO: Reap dead connection: [DummyConnection Server connection - model.nation.english]
May 14, 2018 5:10:01 PM net.sf.freecol.server.networking.Server sendToAll
INFO: Reap dead connection: [DummyConnection Server connection - model.nation.tupi]
May 14, 2018 5:10:01 PM net.sf.freecol.server.networking.Server sendToAll
INFO: Reap dead connection: [DummyConnection Server connection - model.nation.dutch]
May 14, 2018 5:10:01 PM net.sf.freecol.server.networking.Server sendToAll
INFO: Reap dead connection: [DummyConnection Server connection - model.nation.french]
May 14, 2018 5:10:01 PM net.sf.freecol.server.networking.Server sendToAll
INFO: Reap dead connection: [DummyConnection Server connection - model.nation.iroquois]
May 14, 2018 5:10:01 PM net.sf.freecol.server.networking.Server sendToAll
INFO: Reap dead connection: [DummyConnection Server connection - model.nation.sioux]
May 14, 2018 5:10:01 PM net.sf.freecol.server.networking.Server sendToAll
INFO: Reap dead connection: [DummyConnection Server connection - model.nation.apache]
May 14, 2018 5:10:01 PM net.sf.freecol.server.networking.Server sendToAll
INFO: Reap dead connection: [DummyConnection Server connection - model.nation.cherokee]
May 14, 2018 5:10:01 PM net.sf.freecol.server.networking.Server sendToAll
INFO: Reap dead connection: [DummyConnection Server connection - model.nation.arawak]
May 14, 2018 5:10:01 PM net.sf.freecol.server.networking.Server sendToAll
INFO: Reap dead connection: [DummyConnection Server connection - model.nation.inca]
May 14, 2018 5:10:01 PM net.sf.freecol.server.networking.Server sendToAll
INFO: Reap dead connection: [DummyConnection Server connection - model.nation.spanish]
May 14, 2018 5:10:01 PM net.sf.freecol.server.model.ServerPlayer checkForDeath
INFO: William I dead, can not buy carrier.
May 14, 2018 5:10:01 PM net.sf.freecol.common.model.Specification applyDifficultyLevel
INFO: Applying difficulty level model.difficulty.medium
May 14, 2018 5:10:01 PM net.sf.freecol.common.FreeColSeed getFreeColSeed
INFO: Using seed: -7776830352758364314
May 14, 2018 5:10:01 PM net.sf.freecol.server.networking.Server sendToAll
INFO: Reap dead connection: [DummyConnection Server connection - model.nation.iroquois]
May 14, 2018 5:10:01 PM net.sf.freecol.server.networking.Server sendToAll
INFO: Reap dead connection: [DummyConnection Server connection - model.nation.french]
May 14, 2018 5:10:01 PM net.sf.freecol.server.networking.Server sendToAll
INFO: Reap dead connection: [DummyConnection Server connection - model.nation.aztec]
May 14, 2018 5:10:01 PM net.sf.freecol.server.networking.Server sendToAll
INFO: Reap dead connection: [DummyConnection Server connection - model.nation.sioux]
May 14, 2018 5:10:01 PM net.sf.freecol.server.networking.Server sendToAll
INFO: Reap dead connection: [DummyConnection Server connection - model.nation.arawak]
May 14, 2018 5:10:01 PM net.sf.freecol.server.networking.Server sendToAll
INFO: Reap dead connection: [DummyConnection Server connection - model.nation.english]
May 14, 2018 5:10:01 PM net.sf.freecol.server.networking.Server sendToAll
INFO: Reap dead connection: [DummyConnection Server connection - model.nation.spanish]
May 14, 2018 5:10:01 PM net.sf.freecol.server.networking.Server sendToAll
INFO: Reap dead connection: [DummyConnection Server connection - model.nation.inca]
May 14, 2018 5:10:01 PM net.sf.freecol.server.networking.Server sendToAll
INFO: Reap dead connection: [DummyConnection Server connection - model.nation.tupi]
May 14, 2018 5:10:01 PM net.sf.freecol.server.networking.Server sendToAll
INFO: Reap dead connection: [DummyConnection Server connection - model.nation.apache]
May 14, 2018 5:10:01 PM net.sf.freecol.server.networking.Server sendToAll
INFO: Reap dead connection: [DummyConnection Server connection - model.nation.cherokee]
May 14, 2018 5:10:01 PM net.sf.freecol.server.networking.Server sendToAll
INFO: Reap dead connection: [DummyConnection Server connection - model.nation.dutch]
May 14, 2018 5:10:01 PM net.sf.freecol.server.model.ServerPlayer checkForDeath
INFO: William I alive, has embarked unit.
May 14, 2018 5:10:01 PM net.sf.freecol.server.model.ServerPlayer checkForDeath
INFO: William I dead, no presence >= 1600
May 14, 2018 5:10:01 PM net.sf.freecol.common.model.Specification applyDifficultyLevel
INFO: Applying difficulty level model.difficulty.medium
May 14, 2018 5:10:01 PM net.sf.freecol.common.FreeColSeed getFreeColSeed
INFO: Using seed: 6053181819846320390
May 14, 2018 5:10:01 PM net.sf.freecol.server.networking.Server sendToAll
INFO: Reap dead connection: [DummyConnection Server connection - model.nation.arawak]
May 14, 2018 5:10:01 PM net.sf.freecol.server.networking.Server sendToAll
INFO: Reap dead connection: [DummyConnection Server connection - model.nation.apache]
May 14, 2018 5:10:01 PM net.sf.freecol.server.networking.Server sendToAll
INFO: Reap dead connection: [DummyConnection Server connection - model.nation.aztec]
May 14, 2018 5:10:01 PM net.sf.freecol.server.networking.Server sendToAll
INFO: Reap dead connection: [DummyConnection Server connection - model.nation.dutch]
May 14, 2018 5:10:01 PM net.sf.freecol.server.networking.Server sendToAll
INFO: Reap dead connection: [DummyConnection Server connection - model.nation.french]
May 14, 2018 5:10:01 PM net.sf.freecol.server.networking.Server sendToAll
INFO: Reap dead connection: [DummyConnection Server connection - model.nation.english]
May 14, 2018 5:10:01 PM net.sf.freecol.server.networking.Server sendToAll
INFO: Reap dead connection: [DummyConnection Server connection - model.nation.tupi]
May 14, 2018 5:10:01 PM net.sf.freecol.server.networking.Server sendToAll
INFO: Reap dead connection: [DummyConnection Server connection - model.nation.inca]
May 14, 2018 5:10:01 PM net.sf.freecol.server.networking.Server sendToAll
INFO: Reap dead connection: [DummyConnection Server connection - model.nation.sioux]
May 14, 2018 5:10:01 PM net.sf.freecol.server.networking.Server sendToAll
INFO: Reap dead connection: [DummyConnection Server connection - model.nation.spanish]
May 14, 2018 5:10:01 PM net.sf.freecol.server.networking.Server sendToAll
INFO: Reap dead connection: [DummyConnection Server connection - model.nation.cherokee]
May 14, 2018 5:10:01 PM net.sf.freecol.server.networking.Server sendToAll
INFO: Reap dead connection: [DummyConnection Server connection - model.nation.iroquois]
May 14, 2018 5:10:01 PM net.sf.freecol.common.model.MarketData price
INFO: Clamped price fall for marketData:67 from 10 to 16
May 14, 2018 5:10:01 PM net.sf.freecol.common.model.Specification applyDifficultyLevel
INFO: Applying difficulty level model.difficulty.medium
May 14, 2018 5:10:01 PM net.sf.freecol.common.FreeColSeed getFreeColSeed
INFO: Using seed: -7447314898625301609
May 14, 2018 5:10:01 PM net.sf.freecol.server.networking.Server sendToAll
INFO: Reap dead connection: [DummyConnection Server connection - model.nation.french]
May 14, 2018 5:10:01 PM net.sf.freecol.server.networking.Server sendToAll
INFO: Reap dead connection: [DummyConnection Server connection - model.nation.iroquois]
May 14, 2018 5:10:01 PM net.sf.freecol.server.networking.Server sendToAll
INFO: Reap dead connection: [DummyConnection Server connection - model.nation.aztec]
May 14, 2018 5:10:01 PM net.sf.freecol.server.networking.Server sendToAll
INFO: Reap dead connection: [DummyConnection Server connection - model.nation.english]
May 14, 2018 5:10:01 PM net.sf.freecol.server.networking.Server sendToAll
INFO: Reap dead connection: [DummyConnection Server connection - model.nation.dutch]
May 14, 2018 5:10:01 PM net.sf.freecol.server.networking.Server sendToAll
INFO: Reap dead connection: [DummyConnection Server connection - model.nation.apache]
May 14, 2018 5:10:01 PM net.sf.freecol.server.networking.Server sendToAll
INFO: Reap dead connection: [DummyConnection Server connection - model.nation.sioux]
May 14, 2018 5:10:01 PM net.sf.freecol.server.networking.Server sendToAll
INFO: Reap dead connection: [DummyConnection Server connection - model.nation.inca]
May 14, 2018 5:10:01 PM net.sf.freecol.server.networking.Server sendToAll
INFO: Reap dead connection: [DummyConnection Server connection - model.nation.cherokee]
May 14, 2018 5:10:01 PM net.sf.freecol.server.networking.Server sendToAll
INFO: Reap dead connection: [DummyConnection Server connection - model.nation.arawak]
May 14, 2018 5:10:01 PM net.sf.freecol.server.networking.Server sendToAll
INFO: Reap dead connection: [DummyConnection Server connection - model.nation.spanish]
May 14, 2018 5:10:01 PM net.sf.freecol.server.networking.Server sendToAll
INFO: Reap dead connection: [DummyConnection Server connection - model.nation.tupi]
May 14, 2018 5:10:01 PM net.sf.freecol.common.model.MarketData price
INFO: Clamped price fall for marketData:88 from 13 to 16
May 14, 2018 5:10:01 PM net.sf.freecol.common.model.Specification applyDifficultyLevel
INFO: Applying difficulty level model.difficulty.medium
May 14, 2018 5:10:01 PM net.sf.freecol.common.FreeColSeed getFreeColSeed
INFO: Using seed: 3438655346225216951
May 14, 2018 5:10:01 PM net.sf.freecol.server.networking.Server sendToAll
INFO: Reap dead connection: [DummyConnection Server connection - model.nation.apache]
May 14, 2018 5:10:01 PM net.sf.freecol.server.networking.Server sendToAll
INFO: Reap dead connection: [DummyConnection Server connection - model.nation.aztec]
May 14, 2018 5:10:01 PM net.sf.freecol.server.networking.Server sendToAll
INFO: Reap dead connection: [DummyConnection Server connection - model.nation.iroquois]
May 14, 2018 5:10:01 PM net.sf.freecol.server.networking.Server sendToAll
INFO: Reap dead connection: [DummyConnection Server connection - model.nation.inca]
May 14, 2018 5:10:01 PM net.sf.freecol.server.networking.Server sendToAll
INFO: Reap dead connection: [DummyConnection Server connection - model.nation.french]
May 14, 2018 5:10:01 PM net.sf.freecol.server.networking.Server sendToAll
INFO: Reap dead connection: [DummyConnection Server connection - model.nation.arawak]
May 14, 2018 5:10:01 PM net.sf.freecol.server.networking.Server sendToAll
INFO: Reap dead connection: [DummyConnection Server connection - model.nation.cherokee]
May 14, 2018 5:10:01 PM net.sf.freecol.server.networking.Server sendToAll
INFO: Reap dead connection: [DummyConnection Server connection - model.nation.tupi]
May 14, 2018 5:10:01 PM net.sf.freecol.server.networking.Server sendToAll
INFO: Reap dead connection: [DummyConnection Server connection - model.nation.sioux]
May 14, 2018 5:10:01 PM net.sf.freecol.server.networking.Server sendToAll
INFO: Reap dead connection: [DummyConnection Server connection - model.nation.dutch]
May 14, 2018 5:10:01 PM net.sf.freecol.server.networking.Server sendToAll
INFO: Reap dead connection: [DummyConnection Server connection - model.nation.spanish]
May 14, 2018 5:10:01 PM net.sf.freecol.server.networking.Server sendToAll
INFO: Reap dead connection: [DummyConnection Server connection - model.nation.english]
May 14, 2018 5:10:01 PM net.sf.freecol.common.networking.DOMMessage clientError
WARNING: Carrier not at location: New Amsterdam
May 14, 2018 5:10:01 PM net.sf.freecol.common.networking.DOMMessage clientError
WARNING: Too much goods
May 14, 2018 5:10:01 PM net.sf.freecol.common.networking.DOMMessage clientError
WARNING: Too much goods
May 14, 2018 5:10:01 PM net.sf.freecol.common.model.Specification applyDifficultyLevel
INFO: Applying difficulty level model.difficulty.medium
May 14, 2018 5:10:01 PM net.sf.freecol.common.FreeColSeed getFreeColSeed
INFO: Using seed: -6956909867754973211
May 14, 2018 5:10:01 PM net.sf.freecol.server.networking.Server sendToAll
INFO: Reap dead connection: [DummyConnection Server connection - model.nation.cherokee]
May 14, 2018 5:10:01 PM net.sf.freecol.server.networking.Server sendToAll
INFO: Reap dead connection: [DummyConnection Server connection - model.nation.tupi]
May 14, 2018 5:10:01 PM net.sf.freecol.server.networking.Server sendToAll
INFO: Reap dead connection: [DummyConnection Server connection - model.nation.dutch]
May 14, 2018 5:10:01 PM net.sf.freecol.server.networking.Server sendToAll
INFO: Reap dead connection: [DummyConnection Server connection - model.nation.aztec]
May 14, 2018 5:10:01 PM net.sf.freecol.server.networking.Server sendToAll
INFO: Reap dead connection: [DummyConnection Server connection - model.nation.french]
May 14, 2018 5:10:01 PM net.sf.freecol.server.networking.Server sendToAll
INFO: Reap dead connection: [DummyConnection Server connection - model.nation.arawak]
May 14, 2018 5:10:01 PM net.sf.freecol.server.networking.Server sendToAll
INFO: Reap dead connection: [DummyConnection Server connection - model.nation.english]
May 14, 2018 5:10:01 PM net.sf.freecol.server.networking.Server sendToAll
INFO: Reap dead connection: [DummyConnection Server connection - model.nation.sioux]
May 14, 2018 5:10:01 PM net.sf.freecol.server.networking.Server sendToAll
INFO: Reap dead connection: [DummyConnection Server connection - model.nation.apache]
May 14, 2018 5:10:01 PM net.sf.freecol.server.networking.Server sendToAll
INFO: Reap dead connection: [DummyConnection Server connection - model.nation.iroquois]
May 14, 2018 5:10:01 PM net.sf.freecol.server.networking.Server sendToAll
INFO: Reap dead connection: [DummyConnection Server connection - model.nation.spanish]
May 14, 2018 5:10:01 PM net.sf.freecol.server.networking.Server sendToAll
INFO: Reap dead connection: [DummyConnection Server connection - model.nation.inca]
May 14, 2018 5:10:01 PM net.sf.freecol.common.model.Unit setLocation
WARNING: Can not add [unit:249 dutch privateer 8/8] to tile:491
May 14, 2018 5:10:01 PM net.sf.freecol.common.networking.DOMMessage clientError
WARNING: Player William I tried to buy 10 cotton
May 14, 2018 5:10:01 PM net.sf.freecol.common.networking.DOMMessage clientError
WARNING: Carrier not in Europe: Europe
May 14, 2018 5:10:01 PM net.sf.freecol.common.networking.DOMMessage clientError
WARNING: Can not trade boycotted goods
May 14, 2018 5:10:01 PM net.sf.freecol.common.model.Specification applyDifficultyLevel
INFO: Applying difficulty level model.difficulty.medium
May 14, 2018 5:10:01 PM net.sf.freecol.common.FreeColSeed getFreeColSeed
INFO: Using seed: 1887341495745971673
May 14, 2018 5:10:01 PM net.sf.freecol.server.networking.Server sendToAll
INFO: Reap dead connection: [DummyConnection Server connection - model.nation.aztec]
May 14, 2018 5:10:01 PM net.sf.freecol.server.networking.Server sendToAll
INFO: Reap dead connection: [DummyConnection Server connection - model.nation.apache]
May 14, 2018 5:10:01 PM net.sf.freecol.server.networking.Server sendToAll
INFO: Reap dead connection: [DummyConnection Server connection - model.nation.cherokee]
May 14, 2018 5:10:01 PM net.sf.freecol.server.networking.Server sendToAll
INFO: Reap dead connection: [DummyConnection Server connection - model.nation.arawak]
May 14, 2018 5:10:01 PM net.sf.freecol.server.networking.Server sendToAll
INFO: Reap dead connection: [DummyConnection Server connection - model.nation.dutch]
May 14, 2018 5:10:01 PM net.sf.freecol.server.networking.Server sendToAll
INFO: Reap dead connection: [DummyConnection Server connection - model.nation.inca]
May 14, 2018 5:10:01 PM net.sf.freecol.server.networking.Server sendToAll
INFO: Reap dead connection: [DummyConnection Server connection - model.nation.spanish]
May 14, 2018 5:10:01 PM net.sf.freecol.server.networking.Server sendToAll
INFO: Reap dead connection: [DummyConnection Server connection - model.nation.iroquois]
May 14, 2018 5:10:01 PM net.sf.freecol.server.networking.Server sendToAll
INFO: Reap dead connection: [DummyConnection Server connection - model.nation.french]
May 14, 2018 5:10:01 PM net.sf.freecol.server.networking.Server sendToAll
INFO: Reap dead connection: [DummyConnection Server connection - model.nation.english]
May 14, 2018 5:10:01 PM net.sf.freecol.server.networking.Server sendToAll
INFO: Reap dead connection: [DummyConnection Server connection - model.nation.sioux]
May 14, 2018 5:10:01 PM net.sf.freecol.server.networking.Server sendToAll
INFO: Reap dead connection: [DummyConnection Server connection - model.nation.tupi]
May 14, 2018 5:10:01 PM net.sf.freecol.common.model.Specification applyDifficultyLevel
INFO: Applying difficulty level model.difficulty.medium
May 14, 2018 5:10:01 PM net.sf.freecol.common.FreeColSeed getFreeColSeed
INFO: Using seed: -3590149023840403135
May 14, 2018 5:10:01 PM net.sf.freecol.server.networking.Server sendToAll
INFO: Reap dead connection: [DummyConnection Server connection - model.nation.arawak]
May 14, 2018 5:10:01 PM net.sf.freecol.server.networking.Server sendToAll
INFO: Reap dead connection: [DummyConnection Server connection - model.nation.spanish]
May 14, 2018 5:10:01 PM net.sf.freecol.server.networking.Server sendToAll
INFO: Reap dead connection: [DummyConnection Server connection - model.nation.tupi]
May 14, 2018 5:10:01 PM net.sf.freecol.server.networking.Server sendToAll
INFO: Reap dead connection: [DummyConnection Server connection - model.nation.aztec]
May 14, 2018 5:10:01 PM net.sf.freecol.server.networking.Server sendToAll
INFO: Reap dead connection: [DummyConnection Server connection - model.nation.apache]
May 14, 2018 5:10:01 PM net.sf.freecol.server.networking.Server sendToAll
INFO: Reap dead connection: [DummyConnection Server connection - model.nation.cherokee]
May 14, 2018 5:10:01 PM net.sf.freecol.server.networking.Server sendToAll
INFO: Reap dead connection: [DummyConnection Server connection - model.nation.french]
May 14, 2018 5:10:01 PM net.sf.freecol.server.networking.Server sendToAll
INFO: Reap dead connection: [DummyConnection Server connection - model.nation.dutch]
May 14, 2018 5:10:01 PM net.sf.freecol.server.networking.Server sendToAll
INFO: Reap dead connection: [DummyConnection Server connection - model.nation.iroquois]
May 14, 2018 5:10:01 PM net.sf.freecol.server.networking.Server sendToAll
INFO: Reap dead connection: [DummyConnection Server connection - model.nation.english]
May 14, 2018 5:10:01 PM net.sf.freecol.server.networking.Server sendToAll
INFO: Reap dead connection: [DummyConnection Server connection - model.nation.inca]
May 14, 2018 5:10:01 PM net.sf.freecol.server.networking.Server sendToAll
INFO: Reap dead connection: [DummyConnection Server connection - model.nation.sioux]
May 14, 2018 5:10:01 PM net.sf.freecol.common.model.Specification applyDifficultyLevel
INFO: Applying difficulty level model.difficulty.medium
May 14, 2018 5:10:01 PM net.sf.freecol.common.FreeColSeed getFreeColSeed
INFO: Using seed: -4341317510530965533
May 14, 2018 5:10:01 PM net.sf.freecol.server.networking.Server sendToAll
INFO: Reap dead connection: [DummyConnection Server connection - model.nation.apache]
May 14, 2018 5:10:01 PM net.sf.freecol.server.networking.Server sendToAll
INFO: Reap dead connection: [DummyConnection Server connection - model.nation.tupi]
May 14, 2018 5:10:01 PM net.sf.freecol.server.networking.Server sendToAll
INFO: Reap dead connection: [DummyConnection Server connection - model.nation.french]
May 14, 2018 5:10:01 PM net.sf.freecol.server.networking.Server sendToAll
INFO: Reap dead connection: [DummyConnection Server connection - model.nation.arawak]
May 14, 2018 5:10:01 PM net.sf.freecol.server.networking.Server sendToAll
INFO: Reap dead connection: [DummyConnection Server connection - model.nation.inca]
May 14, 2018 5:10:01 PM net.sf.freecol.server.networking.Server sendToAll
INFO: Reap dead connection: [DummyConnection Server connection - model.nation.aztec]
May 14, 2018 5:10:01 PM net.sf.freecol.server.networking.Server sendToAll
INFO: Reap dead connection: [DummyConnection Server connection - model.nation.cherokee]
May 14, 2018 5:10:01 PM net.sf.freecol.server.networking.Server sendToAll
INFO: Reap dead connection: [DummyConnection Server connection - model.nation.sioux]
May 14, 2018 5:10:01 PM net.sf.freecol.server.networking.Server sendToAll
INFO: Reap dead connection: [DummyConnection Server connection - model.nation.dutch]
May 14, 2018 5:10:01 PM net.sf.freecol.server.networking.Server sendToAll
INFO: Reap dead connection: [DummyConnection Server connection - model.nation.iroquois]
May 14, 2018 5:10:01 PM net.sf.freecol.server.networking.Server sendToAll
INFO: Reap dead connection: [DummyConnection Server connection - model.nation.english]
May 14, 2018 5:10:01 PM net.sf.freecol.server.networking.Server sendToAll
INFO: Reap dead connection: [DummyConnection Server connection - model.nation.spanish]
May 14, 2018 5:10:01 PM net.sf.freecol.common.util.LogBuilder log
INFO: Destroying: tileImprovement:248
May 14, 2018 5:10:01 PM net.sf.freecol.common.model.Specification applyDifficultyLevel
INFO: Applying difficulty level model.difficulty.medium
May 14, 2018 5:10:01 PM net.sf.freecol.common.FreeColSeed getFreeColSeed
INFO: Using seed: 1935139369639007728
May 14, 2018 5:10:01 PM net.sf.freecol.server.networking.Server sendToAll
INFO: Reap dead connection: [DummyConnection Server connection - model.nation.cherokee]
May 14, 2018 5:10:01 PM net.sf.freecol.server.networking.Server sendToAll
INFO: Reap dead connection: [DummyConnection Server connection - model.nation.dutch]
May 14, 2018 5:10:01 PM net.sf.freecol.server.networking.Server sendToAll
INFO: Reap dead connection: [DummyConnection Server connection - model.nation.english]
May 14, 2018 5:10:01 PM net.sf.freecol.server.networking.Server sendToAll
INFO: Reap dead connection: [DummyConnection Server connection - model.nation.iroquois]
May 14, 2018 5:10:01 PM net.sf.freecol.server.networking.Server sendToAll
INFO: Reap dead connection: [DummyConnection Server connection - model.nation.french]
May 14, 2018 5:10:01 PM net.sf.freecol.server.networking.Server sendToAll
INFO: Reap dead connection: [DummyConnection Server connection - model.nation.arawak]
May 14, 2018 5:10:01 PM net.sf.freecol.server.networking.Server sendToAll
INFO: Reap dead connection: [DummyConnection Server connection - model.nation.inca]
May 14, 2018 5:10:01 PM net.sf.freecol.server.networking.Server sendToAll
INFO: Reap dead connection: [DummyConnection Server connection - model.nation.tupi]
May 14, 2018 5:10:01 PM net.sf.freecol.server.networking.Server sendToAll
INFO: Reap dead connection: [DummyConnection Server connection - model.nation.sioux]
May 14, 2018 5:10:01 PM net.sf.freecol.server.networking.Server sendToAll
INFO: Reap dead connection: [DummyConnection Server connection - model.nation.aztec]
May 14, 2018 5:10:01 PM net.sf.freecol.server.networking.Server sendToAll
INFO: Reap dead connection: [DummyConnection Server connection - model.nation.spanish]
May 14, 2018 5:10:01 PM net.sf.freecol.server.networking.Server sendToAll
INFO: Reap dead connection: [DummyConnection Server connection - model.nation.apache]
May 14, 2018 5:10:01 PM net.sf.freecol.common.util.LogBuilder log
INFO: Destroying: tileImprovement:252
May 14, 2018 5:10:01 PM net.sf.freecol.common.model.Specification applyDifficultyLevel
INFO: Applying difficulty level model.difficulty.medium
May 14, 2018 5:10:01 PM net.sf.freecol.common.FreeColSeed getFreeColSeed
INFO: Using seed: -8951346635937320839
May 14, 2018 5:10:01 PM net.sf.freecol.server.networking.Server sendToAll
INFO: Reap dead connection: [DummyConnection Server connection - model.nation.cherokee]
May 14, 2018 5:10:01 PM net.sf.freecol.server.networking.Server sendToAll
INFO: Reap dead connection: [DummyConnection Server connection - model.nation.english]
May 14, 2018 5:10:01 PM net.sf.freecol.server.networking.Server sendToAll
INFO: Reap dead connection: [DummyConnection Server connection - model.nation.dutch]
May 14, 2018 5:10:01 PM net.sf.freecol.server.networking.Server sendToAll
INFO: Reap dead connection: [DummyConnection Server connection - model.nation.spanish]
May 14, 2018 5:10:01 PM net.sf.freecol.server.networking.Server sendToAll
INFO: Reap dead connection: [DummyConnection Server connection - model.nation.inca]
May 14, 2018 5:10:01 PM net.sf.freecol.server.networking.Server sendToAll
INFO: Reap dead connection: [DummyConnection Server connection - model.nation.iroquois]
May 14, 2018 5:10:01 PM net.sf.freecol.server.networking.Server sendToAll
INFO: Reap dead connection: [DummyConnection Server connection - model.nation.french]
May 14, 2018 5:10:01 PM net.sf.freecol.server.networking.Server sendToAll
INFO: Reap dead connection: [DummyConnection Server connection - model.nation.tupi]
May 14, 2018 5:10:01 PM net.sf.freecol.server.networking.Server sendToAll
INFO: Reap dead connection: [DummyConnection Server connection - model.nation.apache]
May 14, 2018 5:10:01 PM net.sf.freecol.server.networking.Server sendToAll
INFO: Reap dead connection: [DummyConnection Server connection - model.nation.sioux]
May 14, 2018 5:10:01 PM net.sf.freecol.server.networking.Server sendToAll
INFO: Reap dead connection: [DummyConnection Server connection - model.nation.arawak]
May 14, 2018 5:10:01 PM net.sf.freecol.server.networking.Server sendToAll
INFO: Reap dead connection: [DummyConnection Server connection - model.nation.aztec]
May 14, 2018 5:10:01 PM net.sf.freecol.common.model.Specification applyDifficultyLevel
INFO: Applying difficulty level model.difficulty.medium
May 14, 2018 5:10:01 PM net.sf.freecol.common.FreeColSeed getFreeColSeed
INFO: Using seed: -3295127487919153254
May 14, 2018 5:10:01 PM net.sf.freecol.server.networking.Server sendToAll
INFO: Reap dead connection: [DummyConnection Server connection - model.nation.iroquois]
May 14, 2018 5:10:01 PM net.sf.freecol.server.networking.Server sendToAll
INFO: Reap dead connection: [DummyConnection Server connection - model.nation.dutch]
May 14, 2018 5:10:01 PM net.sf.freecol.server.networking.Server sendToAll
INFO: Reap dead connection: [DummyConnection Server connection - model.nation.apache]
May 14, 2018 5:10:01 PM net.sf.freecol.server.networking.Server sendToAll
INFO: Reap dead connection: [DummyConnection Server connection - model.nation.french]
May 14, 2018 5:10:01 PM net.sf.freecol.server.networking.Server sendToAll
INFO: Reap dead connection: [DummyConnection Server connection - model.nation.inca]
May 14, 2018 5:10:01 PM net.sf.freecol.server.networking.Server sendToAll
INFO: Reap dead connection: [DummyConnection Server connection - model.nation.spanish]
May 14, 2018 5:10:01 PM net.sf.freecol.server.networking.Server sendToAll
INFO: Reap dead connection: [DummyConnection Server connection - model.nation.aztec]
May 14, 2018 5:10:01 PM net.sf.freecol.server.networking.Server sendToAll
INFO: Reap dead connection: [DummyConnection Server connection - model.nation.cherokee]
May 14, 2018 5:10:01 PM net.sf.freecol.server.networking.Server sendToAll
INFO: Reap dead connection: [DummyConnection Server connection - model.nation.arawak]
May 14, 2018 5:10:01 PM net.sf.freecol.server.networking.Server sendToAll
INFO: Reap dead connection: [DummyConnection Server connection - model.nation.english]
May 14, 2018 5:10:01 PM net.sf.freecol.server.networking.Server sendToAll
INFO: Reap dead connection: [DummyConnection Server connection - model.nation.sioux]
May 14, 2018 5:10:01 PM net.sf.freecol.server.networking.Server sendToAll
INFO: Reap dead connection: [DummyConnection Server connection - model.nation.tupi]
May 14, 2018 5:10:01 PM net.sf.freecol.common.model.Specification applyDifficultyLevel
INFO: Applying difficulty level model.difficulty.medium
May 14, 2018 5:10:01 PM net.sf.freecol.common.FreeColSeed getFreeColSeed
INFO: Using seed: -4618664339072563846
May 14, 2018 5:10:01 PM net.sf.freecol.server.networking.Server sendToAll
INFO: Reap dead connection: [DummyConnection Server connection - model.nation.english]
May 14, 2018 5:10:01 PM net.sf.freecol.server.networking.Server sendToAll
INFO: Reap dead connection: [DummyConnection Server connection - model.nation.cherokee]
May 14, 2018 5:10:01 PM net.sf.freecol.server.networking.Server sendToAll
INFO: Reap dead connection: [DummyConnection Server connection - model.nation.iroquois]
May 14, 2018 5:10:01 PM net.sf.freecol.server.networking.Server sendToAll
INFO: Reap dead connection: [DummyConnection Server connection - model.nation.sioux]
May 14, 2018 5:10:01 PM net.sf.freecol.server.networking.Server sendToAll
INFO: Reap dead connection: [DummyConnection Server connection - model.nation.french]
May 14, 2018 5:10:01 PM net.sf.freecol.server.networking.Server sendToAll
INFO: Reap dead connection: [DummyConnection Server connection - model.nation.inca]
May 14, 2018 5:10:01 PM net.sf.freecol.server.networking.Server sendToAll
INFO: Reap dead connection: [DummyConnection Server connection - model.nation.apache]
May 14, 2018 5:10:01 PM net.sf.freecol.server.networking.Server sendToAll
INFO: Reap dead connection: [DummyConnection Server connection - model.nation.dutch]
May 14, 2018 5:10:01 PM net.sf.freecol.server.networking.Server sendToAll
INFO: Reap dead connection: [DummyConnection Server connection - model.nation.tupi]
May 14, 2018 5:10:01 PM net.sf.freecol.server.networking.Server sendToAll
INFO: Reap dead connection: [DummyConnection Server connection - model.nation.arawak]
May 14, 2018 5:10:01 PM net.sf.freecol.server.networking.Server sendToAll
INFO: Reap dead connection: [DummyConnection Server connection - model.nation.aztec]
May 14, 2018 5:10:01 PM net.sf.freecol.server.networking.Server sendToAll
INFO: Reap dead connection: [DummyConnection Server connection - model.nation.spanish]
May 14, 2018 5:10:01 PM net.sf.freecol.common.util.LogBuilder log
INFO: Destroying: tileImprovement:274
May 14, 2018 5:10:01 PM net.sf.freecol.common.util.LogBuilder log
INFO: Destroying: tileImprovement:276
May 14, 2018 5:10:01 PM net.sf.freecol.common.model.Specification applyDifficultyLevel
INFO: Applying difficulty level model.difficulty.medium
May 14, 2018 5:10:01 PM net.sf.freecol.common.FreeColSeed getFreeColSeed
INFO: Using seed: -1175668776480919111
May 14, 2018 5:10:01 PM net.sf.freecol.server.networking.Server sendToAll
INFO: Reap dead connection: [DummyConnection Server connection - model.nation.tupi]
May 14, 2018 5:10:01 PM net.sf.freecol.server.networking.Server sendToAll
INFO: Reap dead connection: [DummyConnection Server connection - model.nation.arawak]
May 14, 2018 5:10:01 PM net.sf.freecol.server.networking.Server sendToAll
INFO: Reap dead connection: [DummyConnection Server connection - model.nation.dutch]
May 14, 2018 5:10:01 PM net.sf.freecol.server.networking.Server sendToAll
INFO: Reap dead connection: [DummyConnection Server connection - model.nation.english]
May 14, 2018 5:10:01 PM net.sf.freecol.server.networking.Server sendToAll
INFO: Reap dead connection: [DummyConnection Server connection - model.nation.apache]
May 14, 2018 5:10:01 PM net.sf.freecol.server.networking.Server sendToAll
INFO: Reap dead connection: [DummyConnection Server connection - model.nation.inca]
May 14, 2018 5:10:01 PM net.sf.freecol.server.networking.Server sendToAll
INFO: Reap dead connection: [DummyConnection Server connection - model.nation.spanish]
May 14, 2018 5:10:01 PM net.sf.freecol.server.networking.Server sendToAll
INFO: Reap dead connection: [DummyConnection Server connection - model.nation.sioux]
May 14, 2018 5:10:01 PM net.sf.freecol.server.networking.Server sendToAll
INFO: Reap dead connection: [DummyConnection Server connection - model.nation.french]
May 14, 2018 5:10:01 PM net.sf.freecol.server.networking.Server sendToAll
INFO: Reap dead connection: [DummyConnection Server connection - model.nation.aztec]
May 14, 2018 5:10:01 PM net.sf.freecol.server.networking.Server sendToAll
INFO: Reap dead connection: [DummyConnection Server connection - model.nation.iroquois]
May 14, 2018 5:10:01 PM net.sf.freecol.server.networking.Server sendToAll
INFO: Reap dead connection: [DummyConnection Server connection - model.nation.cherokee]
May 14, 2018 5:10:01 PM net.sf.freecol.common.model.LandMap <init>
INFO: Using land generator model.option.landGeneratorType.classic
May 14, 2018 5:10:01 PM net.sf.freecol.common.util.LogBuilder log
INFO: Destroying: tileImprovement:4066
May 14, 2018 5:10:01 PM net.sf.freecol.common.util.LogBuilder log
INFO: Destroying: tileImprovement:4068
May 14, 2018 5:10:01 PM net.sf.freecol.common.util.LogBuilder log
INFO: Destroying: tileImprovement:4070
May 14, 2018 5:10:01 PM net.sf.freecol.common.util.LogBuilder log
INFO: Destroying: tileImprovement:4047
May 14, 2018 5:10:01 PM net.sf.freecol.common.util.LogBuilder log
INFO: Destroying: tileImprovement:4049
May 14, 2018 5:10:01 PM net.sf.freecol.common.util.LogBuilder log
INFO: Destroying: tileImprovement:4051
May 14, 2018 5:10:01 PM net.sf.freecol.common.util.LogBuilder log
INFO: Destroying: tileImprovement:4053
May 14, 2018 5:10:01 PM net.sf.freecol.common.util.LogBuilder log
INFO: Destroying: tileImprovement:4055
May 14, 2018 5:10:01 PM net.sf.freecol.common.util.LogBuilder log
INFO: Destroying: tileImprovement:4057
May 14, 2018 5:10:01 PM net.sf.freecol.common.util.LogBuilder log
INFO: Destroying: tileImprovement:4059
May 14, 2018 5:10:01 PM net.sf.freecol.common.util.LogBuilder log
INFO: Destroying: tileImprovement:4202
May 14, 2018 5:10:01 PM net.sf.freecol.common.util.LogBuilder log
INFO: Destroying: tileImprovement:4204
May 14, 2018 5:10:01 PM net.sf.freecol.common.util.LogBuilder log
INFO: Destroying: tileImprovement:4206
May 14, 2018 5:10:01 PM net.sf.freecol.common.util.LogBuilder log
INFO: Destroying: tileImprovement:4208
May 14, 2018 5:10:01 PM net.sf.freecol.common.util.LogBuilder log
INFO: Destroying: tileImprovement:4210
May 14, 2018 5:10:01 PM net.sf.freecol.common.util.LogBuilder log
INFO: Destroying: tileImprovement:4212
May 14, 2018 5:10:01 PM net.sf.freecol.common.util.LogBuilder log
INFO: Destroying: tileImprovement:4236
May 14, 2018 5:10:01 PM net.sf.freecol.common.util.LogBuilder log
INFO: Destroying: tileImprovement:4237
May 14, 2018 5:10:01 PM net.sf.freecol.common.util.LogBuilder log
INFO: Destroying: tileImprovement:4238
May 14, 2018 5:10:01 PM net.sf.freecol.common.util.LogBuilder log
INFO: Destroying: tileImprovement:4239
May 14, 2018 5:10:01 PM net.sf.freecol.common.util.LogBuilder log
INFO: Destroying: tileImprovement:4240
May 14, 2018 5:10:01 PM net.sf.freecol.common.util.LogBuilder log
INFO: Destroying: tileImprovement:4241
May 14, 2018 5:10:01 PM net.sf.freecol.common.util.LogBuilder log
INFO: Destroying: tileImprovement:4242
May 14, 2018 5:10:01 PM net.sf.freecol.common.util.LogBuilder log
INFO: Destroying: tileImprovement:4260
May 14, 2018 5:10:01 PM net.sf.freecol.common.util.LogBuilder log
INFO: Destroying: tileImprovement:4262
May 14, 2018 5:10:01 PM net.sf.freecol.common.util.LogBuilder log
INFO: Destroying: tileImprovement:4264
May 14, 2018 5:10:01 PM net.sf.freecol.common.util.LogBuilder log
INFO: Destroying: tileImprovement:4254
May 14, 2018 5:10:01 PM net.sf.freecol.common.util.LogBuilder log
INFO: Destroying: tileImprovement:4255
May 14, 2018 5:10:01 PM net.sf.freecol.common.util.LogBuilder log
INFO: Destroying: tileImprovement:4256
May 14, 2018 5:10:01 PM net.sf.freecol.common.util.LogBuilder log
INFO: Destroying: tileImprovement:4257
May 14, 2018 5:10:01 PM net.sf.freecol.common.util.LogBuilder log
INFO: Destroying: tileImprovement:4258
May 14, 2018 5:10:01 PM net.sf.freecol.common.util.LogBuilder log
INFO: Destroying: tileImprovement:4259
May 14, 2018 5:10:01 PM net.sf.freecol.common.util.LogBuilder log
INFO: Destroying: tileImprovement:4183
May 14, 2018 5:10:01 PM net.sf.freecol.common.util.LogBuilder log
INFO: Destroying: tileImprovement:4185
May 14, 2018 5:10:01 PM net.sf.freecol.common.util.LogBuilder log
INFO: Destroying: tileImprovement:4187
May 14, 2018 5:10:01 PM net.sf.freecol.common.util.LogBuilder log
INFO: Destroying: tileImprovement:4189
May 14, 2018 5:10:01 PM net.sf.freecol.common.util.LogBuilder log
INFO: Destroying: tileImprovement:4062
May 14, 2018 5:10:01 PM net.sf.freecol.common.util.LogBuilder log
INFO: Destroying: tileImprovement:4064
May 14, 2018 5:10:01 PM net.sf.freecol.common.util.LogBuilder log
INFO: Destroying: tileImprovement:4217
May 14, 2018 5:10:01 PM net.sf.freecol.common.util.LogBuilder log
INFO: Destroying: tileImprovement:4218
May 14, 2018 5:10:01 PM net.sf.freecol.common.util.LogBuilder log
INFO: Destroying: tileImprovement:4219
May 14, 2018 5:10:01 PM net.sf.freecol.common.util.LogBuilder log
INFO: Destroying: tileImprovement:4192
May 14, 2018 5:10:01 PM net.sf.freecol.common.util.LogBuilder log
INFO: Destroying: tileImprovement:4194
May 14, 2018 5:10:01 PM net.sf.freecol.common.util.LogBuilder log
INFO: Destroying: tileImprovement:4196
May 14, 2018 5:10:01 PM net.sf.freecol.common.util.LogBuilder log
INFO: Destroying: tileImprovement:4157
May 14, 2018 5:10:01 PM net.sf.freecol.common.util.LogBuilder log
INFO: Destroying: tileImprovement:4159
May 14, 2018 5:10:01 PM net.sf.freecol.common.util.LogBuilder log
INFO: Destroying: tileImprovement:4161
May 14, 2018 5:10:01 PM net.sf.freecol.common.util.LogBuilder log
INFO: Destroying: tileImprovement:4163
May 14, 2018 5:10:01 PM net.sf.freecol.common.util.LogBuilder log
INFO: Destroying: tileImprovement:4165
May 14, 2018 5:10:01 PM net.sf.freecol.common.util.LogBuilder log
INFO: Destroying: tileImprovement:4167
May 14, 2018 5:10:01 PM net.sf.freecol.common.util.LogBuilder log
INFO: Destroying: tileImprovement:4169
May 14, 2018 5:10:01 PM net.sf.freecol.common.util.LogBuilder log
INFO: Destroying: tileImprovement:4171
May 14, 2018 5:10:01 PM net.sf.freecol.common.util.LogBuilder log
INFO: Destroying: tileImprovement:4173
May 14, 2018 5:10:01 PM net.sf.freecol.common.util.LogBuilder log
INFO: Destroying: tileImprovement:4175
May 14, 2018 5:10:01 PM net.sf.freecol.common.util.LogBuilder log
INFO: Destroying: tileImprovement:4177
May 14, 2018 5:10:01 PM net.sf.freecol.common.util.LogBuilder log
INFO: Destroying: tileImprovement:4179
May 14, 2018 5:10:01 PM net.sf.freecol.common.util.LogBuilder log
INFO: Destroying: tileImprovement:4181
May 14, 2018 5:10:01 PM net.sf.freecol.common.util.LogBuilder log
INFO: Destroying: tileImprovement:4363
May 14, 2018 5:10:01 PM net.sf.freecol.common.util.LogBuilder log
INFO: Destroying: tileImprovement:4364
May 14, 2018 5:10:01 PM net.sf.freecol.common.util.LogBuilder log
INFO: Destroying: tileImprovement:4365
May 14, 2018 5:10:01 PM net.sf.freecol.common.util.LogBuilder log
INFO: Destroying: tileImprovement:4366
May 14, 2018 5:10:01 PM net.sf.freecol.common.util.LogBuilder log
INFO: Destroying: tileImprovement:4514
May 14, 2018 5:10:01 PM net.sf.freecol.common.util.LogBuilder log
INFO: Destroying: tileImprovement:4516
May 14, 2018 5:10:01 PM net.sf.freecol.common.util.LogBuilder log
INFO: Destroying: tileImprovement:4518
May 14, 2018 5:10:01 PM net.sf.freecol.common.util.LogBuilder log
INFO: Destroying: tileImprovement:4520
May 14, 2018 5:10:01 PM net.sf.freecol.common.util.LogBuilder log
INFO: Destroying: tileImprovement:4522
May 14, 2018 5:10:01 PM net.sf.freecol.common.util.LogBuilder log
INFO: Destroying: tileImprovement:4524
May 14, 2018 5:10:01 PM net.sf.freecol.common.util.LogBuilder log
INFO: Destroying: tileImprovement:4526
May 14, 2018 5:10:01 PM net.sf.freecol.common.util.LogBuilder log
INFO: Destroying: tileImprovement:4528
May 14, 2018 5:10:01 PM net.sf.freecol.common.util.LogBuilder log
INFO: Destroying: tileImprovement:4506
May 14, 2018 5:10:01 PM net.sf.freecol.common.util.LogBuilder log
INFO: Destroying: tileImprovement:4508
May 14, 2018 5:10:01 PM net.sf.freecol.common.util.LogBuilder log
INFO: Destroying: tileImprovement:4510
May 14, 2018 5:10:01 PM net.sf.freecol.common.util.LogBuilder log
INFO: Destroying: tileImprovement:4512
May 14, 2018 5:10:01 PM net.sf.freecol.common.util.LogBuilder log
INFO: Destroying: tileImprovement:4550
May 14, 2018 5:10:01 PM net.sf.freecol.common.util.LogBuilder log
INFO: Destroying: tileImprovement:4551
May 14, 2018 5:10:01 PM net.sf.freecol.common.util.LogBuilder log
INFO: Destroying: tileImprovement:4552
May 14, 2018 5:10:01 PM net.sf.freecol.common.util.LogBuilder log
INFO: Destroying: tileImprovement:4553
May 14, 2018 5:10:01 PM net.sf.freecol.common.util.LogBuilder log
INFO: Destroying: tileImprovement:4554
May 14, 2018 5:10:01 PM net.sf.freecol.common.util.LogBuilder log
INFO: Destroying: tileImprovement:4555
May 14, 2018 5:10:01 PM net.sf.freecol.common.util.LogBuilder log
INFO: Destroying: tileImprovement:4556
May 14, 2018 5:10:01 PM net.sf.freecol.common.util.LogBuilder log
INFO: Destroying: tileImprovement:4557
May 14, 2018 5:10:01 PM net.sf.freecol.common.util.LogBuilder log
INFO: Destroying: tileImprovement:4376
May 14, 2018 5:10:01 PM net.sf.freecol.common.util.LogBuilder log
INFO: Destroying: tileImprovement:4377
May 14, 2018 5:10:01 PM net.sf.freecol.common.util.LogBuilder log
INFO: Destroying: tileImprovement:4486
May 14, 2018 5:10:01 PM net.sf.freecol.common.util.LogBuilder log
INFO: Destroying: tileImprovement:4488
May 14, 2018 5:10:01 PM net.sf.freecol.common.util.LogBuilder log
INFO: Destroying: tileImprovement:4490
May 14, 2018 5:10:01 PM net.sf.freecol.common.util.LogBuilder log
INFO: Destroying: tileImprovement:4492
May 14, 2018 5:10:01 PM net.sf.freecol.common.util.LogBuilder log
INFO: Destroying: tileImprovement:4494
May 14, 2018 5:10:01 PM net.sf.freecol.common.util.LogBuilder log
INFO: Destroying: tileImprovement:4496
May 14, 2018 5:10:01 PM net.sf.freecol.common.util.LogBuilder log
INFO: Destroying: tileImprovement:4473
May 14, 2018 5:10:01 PM net.sf.freecol.common.util.LogBuilder log
INFO: Destroying: tileImprovement:4474
May 14, 2018 5:10:01 PM net.sf.freecol.common.util.LogBuilder log
INFO: Destroying: tileImprovement:4475
May 14, 2018 5:10:01 PM net.sf.freecol.common.util.LogBuilder log
INFO: Destroying: tileImprovement:4476
May 14, 2018 5:10:01 PM net.sf.freecol.common.util.LogBuilder log
INFO: Destroying: tileImprovement:4477
May 14, 2018 5:10:01 PM net.sf.freecol.common.util.LogBuilder log
INFO: Destroying: tileImprovement:4478
May 14, 2018 5:10:01 PM net.sf.freecol.common.util.LogBuilder log
INFO: Destroying: tileImprovement:4479
May 14, 2018 5:10:01 PM net.sf.freecol.common.util.LogBuilder log
INFO: Destroying: tileImprovement:4480
May 14, 2018 5:10:01 PM net.sf.freecol.common.util.LogBuilder log
INFO: Destroying: tileImprovement:4481
May 14, 2018 5:10:01 PM net.sf.freecol.common.util.LogBuilder log
INFO: Destroying: tileImprovement:4482
May 14, 2018 5:10:01 PM net.sf.freecol.common.util.LogBuilder log
INFO: Destroying: tileImprovement:4483
May 14, 2018 5:10:01 PM net.sf.freecol.common.util.LogBuilder log
INFO: Destroying: tileImprovement:4484
May 14, 2018 5:10:01 PM net.sf.freecol.common.util.LogBuilder log
INFO: Destroying: tileImprovement:4485
May 14, 2018 5:10:01 PM net.sf.freecol.common.util.LogBuilder log
INFO: Destroying: tileImprovement:4301
May 14, 2018 5:10:01 PM net.sf.freecol.common.util.LogBuilder log
INFO: Destroying: tileImprovement:4303
May 14, 2018 5:10:01 PM net.sf.freecol.common.util.LogBuilder log
INFO: Destroying: tileImprovement:4305
May 14, 2018 5:10:01 PM net.sf.freecol.common.util.LogBuilder log
INFO: Destroying: tileImprovement:4594
May 14, 2018 5:10:01 PM net.sf.freecol.common.util.LogBuilder log
INFO: Destroying: tileImprovement:4596
May 14, 2018 5:10:01 PM net.sf.freecol.common.util.LogBuilder log
INFO: Destroying: tileImprovement:4598
May 14, 2018 5:10:01 PM net.sf.freecol.common.util.LogBuilder log
INFO: Destroying: tileImprovement:4289
May 14, 2018 5:10:01 PM net.sf.freecol.common.util.LogBuilder log
INFO: Destroying: tileImprovement:4291
May 14, 2018 5:10:01 PM net.sf.freecol.common.util.LogBuilder log
INFO: Destroying: tileImprovement:4293
May 14, 2018 5:10:01 PM net.sf.freecol.common.util.LogBuilder log
INFO: Destroying: tileImprovement:4736
May 14, 2018 5:10:01 PM net.sf.freecol.common.util.LogBuilder log
INFO: Destroying: tileImprovement:4737
May 14, 2018 5:10:01 PM net.sf.freecol.common.util.LogBuilder log
INFO: Destroying: tileImprovement:4738
May 14, 2018 5:10:01 PM net.sf.freecol.common.util.LogBuilder log
INFO: Destroying: tileImprovement:4720
May 14, 2018 5:10:01 PM net.sf.freecol.common.util.LogBuilder log
INFO: Destroying: tileImprovement:4722
May 14, 2018 5:10:01 PM net.sf.freecol.common.util.LogBuilder log
INFO: Destroying: tileImprovement:4717
May 14, 2018 5:10:01 PM net.sf.freecol.common.util.LogBuilder log
INFO: Destroying: tileImprovement:4718
May 14, 2018 5:10:01 PM net.sf.freecol.common.util.LogBuilder log
INFO: Destroying: tileImprovement:4719
May 14, 2018 5:10:01 PM net.sf.freecol.common.util.LogBuilder log
INFO: Destroying: tileImprovement:4243
May 14, 2018 5:10:01 PM net.sf.freecol.common.util.LogBuilder log
INFO: Destroying: tileImprovement:4245
May 14, 2018 5:10:01 PM net.sf.freecol.common.util.LogBuilder log
INFO: Destroying: tileImprovement:4247
May 14, 2018 5:10:01 PM net.sf.freecol.common.util.LogBuilder log
INFO: Destroying: tileImprovement:4249
May 14, 2018 5:10:01 PM net.sf.freecol.common.util.LogBuilder log
INFO: Destroying: tileImprovement:4251
May 14, 2018 5:10:01 PM net.sf.freecol.common.util.LogBuilder log
INFO: Destroying: tileImprovement:4590
May 14, 2018 5:10:01 PM net.sf.freecol.common.util.LogBuilder log
INFO: Destroying: tileImprovement:4592
May 14, 2018 5:10:02 PM net.sf.freecol.server.FreeColServer readGame
INFO: Found savegame version 11
May 14, 2018 5:10:02 PM net.sf.freecol.server.FreeColServer readGame
INFO: Imported file data\maps\Africa.fsg
May 14, 2018 5:10:02 PM net.sf.freecol.server.FreeColServer readGame
INFO: Found savegame version 13
May 14, 2018 5:10:02 PM net.sf.freecol.server.FreeColServer readGame
INFO: Imported file data\maps\America_large.fsg
May 14, 2018 5:10:02 PM net.sf.freecol.server.FreeColServer readGame
INFO: Found savegame version 11
May 14, 2018 5:10:02 PM net.sf.freecol.server.FreeColServer readGame
INFO: Imported file data\maps\Australia.fsg
May 14, 2018 5:10:02 PM net.sf.freecol.server.FreeColServer readGame
INFO: Found savegame version 11
May 14, 2018 5:10:02 PM net.sf.freecol.server.FreeColServer readGame
INFO: Imported file data\maps\Caribbean_basin.fsg
May 14, 2018 5:10:02 PM net.sf.freecol.common.model.LandMap <init>
INFO: Using land generator model.option.landGeneratorType.classic
May 14, 2018 5:10:02 PM net.sf.freecol.common.util.LogBuilder log
INFO: Destroying: tileImprovement:4045
May 14, 2018 5:10:02 PM net.sf.freecol.common.util.LogBuilder log
INFO: Destroying: tileImprovement:4047
May 14, 2018 5:10:02 PM net.sf.freecol.common.util.LogBuilder log
INFO: Destroying: tileImprovement:4049
May 14, 2018 5:10:02 PM net.sf.freecol.common.util.LogBuilder log
INFO: Destroying: tileImprovement:4026
May 14, 2018 5:10:02 PM net.sf.freecol.common.util.LogBuilder log
INFO: Destroying: tileImprovement:4028
May 14, 2018 5:10:02 PM net.sf.freecol.common.util.LogBuilder log
INFO: Destroying: tileImprovement:4030
May 14, 2018 5:10:02 PM net.sf.freecol.common.util.LogBuilder log
INFO: Destroying: tileImprovement:4032
May 14, 2018 5:10:02 PM net.sf.freecol.common.util.LogBuilder log
INFO: Destroying: tileImprovement:4034
May 14, 2018 5:10:02 PM net.sf.freecol.common.util.LogBuilder log
INFO: Destroying: tileImprovement:4036
May 14, 2018 5:10:02 PM net.sf.freecol.common.util.LogBuilder log
INFO: Destroying: tileImprovement:4038
May 14, 2018 5:10:02 PM net.sf.freecol.common.util.LogBuilder log
INFO: Destroying: tileImprovement:4181
May 14, 2018 5:10:02 PM net.sf.freecol.common.util.LogBuilder log
INFO: Destroying: tileImprovement:4183
May 14, 2018 5:10:02 PM net.sf.freecol.common.util.LogBuilder log
INFO: Destroying: tileImprovement:4185
May 14, 2018 5:10:02 PM net.sf.freecol.common.util.LogBuilder log
INFO: Destroying: tileImprovement:4187
May 14, 2018 5:10:02 PM net.sf.freecol.common.util.LogBuilder log
INFO: Destroying: tileImprovement:4189
May 14, 2018 5:10:02 PM net.sf.freecol.common.util.LogBuilder log
INFO: Destroying: tileImprovement:4191
May 14, 2018 5:10:02 PM net.sf.freecol.common.util.LogBuilder log
INFO: Destroying: tileImprovement:4215
May 14, 2018 5:10:02 PM net.sf.freecol.common.util.LogBuilder log
INFO: Destroying: tileImprovement:4216
May 14, 2018 5:10:02 PM net.sf.freecol.common.util.LogBuilder log
INFO: Destroying: tileImprovement:4217
May 14, 2018 5:10:02 PM net.sf.freecol.common.util.LogBuilder log
INFO: Destroying: tileImprovement:4218
May 14, 2018 5:10:02 PM net.sf.freecol.common.util.LogBuilder log
INFO: Destroying: tileImprovement:4219
May 14, 2018 5:10:02 PM net.sf.freecol.common.util.LogBuilder log
INFO: Destroying: tileImprovement:4220
May 14, 2018 5:10:02 PM net.sf.freecol.common.util.LogBuilder log
INFO: Destroying: tileImprovement:4221
May 14, 2018 5:10:02 PM net.sf.freecol.common.util.LogBuilder log
INFO: Destroying: tileImprovement:4239
May 14, 2018 5:10:02 PM net.sf.freecol.common.util.LogBuilder log
INFO: Destroying: tileImprovement:4241
May 14, 2018 5:10:02 PM net.sf.freecol.common.util.LogBuilder log
INFO: Destroying: tileImprovement:4243
May 14, 2018 5:10:02 PM net.sf.freecol.common.util.LogBuilder log
INFO: Destroying: tileImprovement:4233
May 14, 2018 5:10:02 PM net.sf.freecol.common.util.LogBuilder log
INFO: Destroying: tileImprovement:4234
May 14, 2018 5:10:02 PM net.sf.freecol.common.util.LogBuilder log
INFO: Destroying: tileImprovement:4235
May 14, 2018 5:10:02 PM net.sf.freecol.common.util.LogBuilder log
INFO: Destroying: tileImprovement:4236
May 14, 2018 5:10:02 PM net.sf.freecol.common.util.LogBuilder log
INFO: Destroying: tileImprovement:4237
May 14, 2018 5:10:02 PM net.sf.freecol.common.util.LogBuilder log
INFO: Destroying: tileImprovement:4238
May 14, 2018 5:10:02 PM net.sf.freecol.common.util.LogBuilder log
INFO: Destroying: tileImprovement:4162
May 14, 2018 5:10:02 PM net.sf.freecol.common.util.LogBuilder log
INFO: Destroying: tileImprovement:4164
May 14, 2018 5:10:02 PM net.sf.freecol.common.util.LogBuilder log
INFO: Destroying: tileImprovement:4166
May 14, 2018 5:10:02 PM net.sf.freecol.common.util.LogBuilder log
INFO: Destroying: tileImprovement:4168
May 14, 2018 5:10:02 PM net.sf.freecol.common.util.LogBuilder log
INFO: Destroying: tileImprovement:4041
May 14, 2018 5:10:02 PM net.sf.freecol.common.util.LogBuilder log
INFO: Destroying: tileImprovement:4043
May 14, 2018 5:10:02 PM net.sf.freecol.common.util.LogBuilder log
INFO: Destroying: tileImprovement:4196
May 14, 2018 5:10:02 PM net.sf.freecol.common.util.LogBuilder log
INFO: Destroying: tileImprovement:4197
May 14, 2018 5:10:02 PM net.sf.freecol.common.util.LogBuilder log
INFO: Destroying: tileImprovement:4198
May 14, 2018 5:10:02 PM net.sf.freecol.common.util.LogBuilder log
INFO: Destroying: tileImprovement:4171
May 14, 2018 5:10:02 PM net.sf.freecol.common.util.LogBuilder log
INFO: Destroying: tileImprovement:4173
May 14, 2018 5:10:02 PM net.sf.freecol.common.util.LogBuilder log
INFO: Destroying: tileImprovement:4175
May 14, 2018 5:10:02 PM net.sf.freecol.common.util.LogBuilder log
INFO: Destroying: tileImprovement:4136
May 14, 2018 5:10:02 PM net.sf.freecol.common.util.LogBuilder log
INFO: Destroying: tileImprovement:4138
May 14, 2018 5:10:02 PM net.sf.freecol.common.util.LogBuilder log
INFO: Destroying: tileImprovement:4140
May 14, 2018 5:10:02 PM net.sf.freecol.common.util.LogBuilder log
INFO: Destroying: tileImprovement:4142
May 14, 2018 5:10:02 PM net.sf.freecol.common.util.LogBuilder log
INFO: Destroying: tileImprovement:4144
May 14, 2018 5:10:02 PM net.sf.freecol.common.util.LogBuilder log
INFO: Destroying: tileImprovement:4146
May 14, 2018 5:10:02 PM net.sf.freecol.common.util.LogBuilder log
INFO: Destroying: tileImprovement:4148
May 14, 2018 5:10:02 PM net.sf.freecol.common.util.LogBuilder log
INFO: Destroying: tileImprovement:4150
May 14, 2018 5:10:02 PM net.sf.freecol.common.util.LogBuilder log
INFO: Destroying: tileImprovement:4152
May 14, 2018 5:10:02 PM net.sf.freecol.common.util.LogBuilder log
INFO: Destroying: tileImprovement:4154
May 14, 2018 5:10:02 PM net.sf.freecol.common.util.LogBuilder log
INFO: Destroying: tileImprovement:4156
May 14, 2018 5:10:02 PM net.sf.freecol.common.util.LogBuilder log
INFO: Destroying: tileImprovement:4158
May 14, 2018 5:10:02 PM net.sf.freecol.common.util.LogBuilder log
INFO: Destroying: tileImprovement:4160
May 14, 2018 5:10:02 PM net.sf.freecol.common.util.LogBuilder log
INFO: Destroying: tileImprovement:4342
May 14, 2018 5:10:02 PM net.sf.freecol.common.util.LogBuilder log
INFO: Destroying: tileImprovement:4343
May 14, 2018 5:10:02 PM net.sf.freecol.common.util.LogBuilder log
INFO: Destroying: tileImprovement:4344
May 14, 2018 5:10:02 PM net.sf.freecol.common.util.LogBuilder log
INFO: Destroying: tileImprovement:4345
May 14, 2018 5:10:02 PM net.sf.freecol.common.util.LogBuilder log
INFO: Destroying: tileImprovement:4493
May 14, 2018 5:10:02 PM net.sf.freecol.common.util.LogBuilder log
INFO: Destroying: tileImprovement:4495
May 14, 2018 5:10:02 PM net.sf.freecol.common.util.LogBuilder log
INFO: Destroying: tileImprovement:4497
May 14, 2018 5:10:02 PM net.sf.freecol.common.util.LogBuilder log
INFO: Destroying: tileImprovement:4499
May 14, 2018 5:10:02 PM net.sf.freecol.common.util.LogBuilder log
INFO: Destroying: tileImprovement:4501
May 14, 2018 5:10:02 PM net.sf.freecol.common.util.LogBuilder log
INFO: Destroying: tileImprovement:4503
May 14, 2018 5:10:02 PM net.sf.freecol.common.util.LogBuilder log
INFO: Destroying: tileImprovement:4505
May 14, 2018 5:10:02 PM net.sf.freecol.common.util.LogBuilder log
INFO: Destroying: tileImprovement:4507
May 14, 2018 5:10:02 PM net.sf.freecol.common.util.LogBuilder log
INFO: Destroying: tileImprovement:4485
May 14, 2018 5:10:02 PM net.sf.freecol.common.util.LogBuilder log
INFO: Destroying: tileImprovement:4487
May 14, 2018 5:10:02 PM net.sf.freecol.common.util.LogBuilder log
INFO: Destroying: tileImprovement:4489
May 14, 2018 5:10:02 PM net.sf.freecol.common.util.LogBuilder log
INFO: Destroying: tileImprovement:4491
May 14, 2018 5:10:02 PM net.sf.freecol.common.util.LogBuilder log
INFO: Destroying: tileImprovement:4529
May 14, 2018 5:10:02 PM net.sf.freecol.common.util.LogBuilder log
INFO: Destroying: tileImprovement:4530
May 14, 2018 5:10:02 PM net.sf.freecol.common.util.LogBuilder log
INFO: Destroying: tileImprovement:4531
May 14, 2018 5:10:02 PM net.sf.freecol.common.util.LogBuilder log
INFO: Destroying: tileImprovement:4532
May 14, 2018 5:10:02 PM net.sf.freecol.common.util.LogBuilder log
INFO: Destroying: tileImprovement:4533
May 14, 2018 5:10:02 PM net.sf.freecol.common.util.LogBuilder log
INFO: Destroying: tileImprovement:4534
May 14, 2018 5:10:02 PM net.sf.freecol.common.util.LogBuilder log
INFO: Destroying: tileImprovement:4535
May 14, 2018 5:10:02 PM net.sf.freecol.common.util.LogBuilder log
INFO: Destroying: tileImprovement:4536
May 14, 2018 5:10:02 PM net.sf.freecol.common.util.LogBuilder log
INFO: Destroying: tileImprovement:4355
May 14, 2018 5:10:02 PM net.sf.freecol.common.util.LogBuilder log
INFO: Destroying: tileImprovement:4356
May 14, 2018 5:10:02 PM net.sf.freecol.common.util.LogBuilder log
INFO: Destroying: tileImprovement:4465
May 14, 2018 5:10:02 PM net.sf.freecol.common.util.LogBuilder log
INFO: Destroying: tileImprovement:4467
May 14, 2018 5:10:02 PM net.sf.freecol.common.util.LogBuilder log
INFO: Destroying: tileImprovement:4469
May 14, 2018 5:10:02 PM net.sf.freecol.common.util.LogBuilder log
INFO: Destroying: tileImprovement:4471
May 14, 2018 5:10:02 PM net.sf.freecol.common.util.LogBuilder log
INFO: Destroying: tileImprovement:4473
May 14, 2018 5:10:02 PM net.sf.freecol.common.util.LogBuilder log
INFO: Destroying: tileImprovement:4475
May 14, 2018 5:10:02 PM net.sf.freecol.common.util.LogBuilder log
INFO: Destroying: tileImprovement:4452
May 14, 2018 5:10:02 PM net.sf.freecol.common.util.LogBuilder log
INFO: Destroying: tileImprovement:4453
May 14, 2018 5:10:02 PM net.sf.freecol.common.util.LogBuilder log
INFO: Destroying: tileImprovement:4454
May 14, 2018 5:10:02 PM net.sf.freecol.common.util.LogBuilder log
INFO: Destroying: tileImprovement:4455
May 14, 2018 5:10:02 PM net.sf.freecol.common.util.LogBuilder log
INFO: Destroying: tileImprovement:4456
May 14, 2018 5:10:02 PM net.sf.freecol.common.util.LogBuilder log
INFO: Destroying: tileImprovement:4457
May 14, 2018 5:10:02 PM net.sf.freecol.common.util.LogBuilder log
INFO: Destroying: tileImprovement:4458
May 14, 2018 5:10:02 PM net.sf.freecol.common.util.LogBuilder log
INFO: Destroying: tileImprovement:4459
May 14, 2018 5:10:02 PM net.sf.freecol.common.util.LogBuilder log
INFO: Destroying: tileImprovement:4460
May 14, 2018 5:10:02 PM net.sf.freecol.common.util.LogBuilder log
INFO: Destroying: tileImprovement:4461
May 14, 2018 5:10:02 PM net.sf.freecol.common.util.LogBuilder log
INFO: Destroying: tileImprovement:4462
May 14, 2018 5:10:02 PM net.sf.freecol.common.util.LogBuilder log
INFO: Destroying: tileImprovement:4463
May 14, 2018 5:10:02 PM net.sf.freecol.common.util.LogBuilder log
INFO: Destroying: tileImprovement:4464
May 14, 2018 5:10:02 PM net.sf.freecol.common.util.LogBuilder log
INFO: Destroying: tileImprovement:4280
May 14, 2018 5:10:02 PM net.sf.freecol.common.util.LogBuilder log
INFO: Destroying: tileImprovement:4282
May 14, 2018 5:10:02 PM net.sf.freecol.common.util.LogBuilder log
INFO: Destroying: tileImprovement:4284
May 14, 2018 5:10:02 PM net.sf.freecol.common.util.LogBuilder log
INFO: Destroying: tileImprovement:4573
May 14, 2018 5:10:02 PM net.sf.freecol.common.util.LogBuilder log
INFO: Destroying: tileImprovement:4575
May 14, 2018 5:10:02 PM net.sf.freecol.common.util.LogBuilder log
INFO: Destroying: tileImprovement:4577
May 14, 2018 5:10:02 PM net.sf.freecol.common.util.LogBuilder log
INFO: Destroying: tileImprovement:4268
May 14, 2018 5:10:02 PM net.sf.freecol.common.util.LogBuilder log
INFO: Destroying: tileImprovement:4270
May 14, 2018 5:10:02 PM net.sf.freecol.common.util.LogBuilder log
INFO: Destroying: tileImprovement:4272
May 14, 2018 5:10:02 PM net.sf.freecol.common.util.LogBuilder log
INFO: Destroying: tileImprovement:4715
May 14, 2018 5:10:02 PM net.sf.freecol.common.util.LogBuilder log
INFO: Destroying: tileImprovement:4716
May 14, 2018 5:10:02 PM net.sf.freecol.common.util.LogBuilder log
INFO: Destroying: tileImprovement:4717
May 14, 2018 5:10:02 PM net.sf.freecol.common.util.LogBuilder log
INFO: Destroying: tileImprovement:4699
May 14, 2018 5:10:02 PM net.sf.freecol.common.util.LogBuilder log
INFO: Destroying: tileImprovement:4701
May 14, 2018 5:10:02 PM net.sf.freecol.common.util.LogBuilder log
INFO: Destroying: tileImprovement:4696
May 14, 2018 5:10:02 PM net.sf.freecol.common.util.LogBuilder log
INFO: Destroying: tileImprovement:4697
May 14, 2018 5:10:02 PM net.sf.freecol.common.util.LogBuilder log
INFO: Destroying: tileImprovement:4698
May 14, 2018 5:10:02 PM net.sf.freecol.common.util.LogBuilder log
INFO: Destroying: tileImprovement:4222
May 14, 2018 5:10:02 PM net.sf.freecol.common.util.LogBuilder log
INFO: Destroying: tileImprovement:4224
May 14, 2018 5:10:02 PM net.sf.freecol.common.util.LogBuilder log
INFO: Destroying: tileImprovement:4226
May 14, 2018 5:10:02 PM net.sf.freecol.common.util.LogBuilder log
INFO: Destroying: tileImprovement:4228
May 14, 2018 5:10:02 PM net.sf.freecol.common.util.LogBuilder log
INFO: Destroying: tileImprovement:4230
May 14, 2018 5:10:02 PM net.sf.freecol.common.util.LogBuilder log
INFO: Destroying: tileImprovement:4569
May 14, 2018 5:10:02 PM net.sf.freecol.common.util.LogBuilder log
INFO: Destroying: tileImprovement:4571
May 14, 2018 5:10:02 PM net.sf.freecol.common.model.Game addPlayer
WARNING: Game already full, but tried to add: Dom Manuel I
May 14, 2018 5:10:02 PM net.sf.freecol.common.model.Game addPlayer
WARNING: Game already full, but tried to add: Charles XI
May 14, 2018 5:10:02 PM net.sf.freecol.common.model.Game addPlayer
WARNING: Game already full, but tried to add: Frederick II
May 14, 2018 5:10:02 PM net.sf.freecol.common.model.Game addPlayer
WARNING: Game already full, but tried to add: Peter I
May 14, 2018 5:10:02 PM net.sf.freecol.common.model.LandMap <init>
INFO: Using land generator model.option.landGeneratorType.classic
May 14, 2018 5:10:02 PM net.sf.freecol.common.util.LogBuilder log
INFO: Destroying: tileImprovement:4213
May 14, 2018 5:10:02 PM net.sf.freecol.common.util.LogBuilder log
INFO: Destroying: tileImprovement:4215
May 14, 2018 5:10:02 PM net.sf.freecol.common.util.LogBuilder log
INFO: Destroying: tileImprovement:4217
May 14, 2018 5:10:02 PM net.sf.freecol.common.util.LogBuilder log
INFO: Destroying: tileImprovement:4194
May 14, 2018 5:10:02 PM net.sf.freecol.common.util.LogBuilder log
INFO: Destroying: tileImprovement:4196
May 14, 2018 5:10:02 PM net.sf.freecol.common.util.LogBuilder log
INFO: Destroying: tileImprovement:4198
May 14, 2018 5:10:02 PM net.sf.freecol.common.util.LogBuilder log
INFO: Destroying: tileImprovement:4200
May 14, 2018 5:10:02 PM net.sf.freecol.common.util.LogBuilder log
INFO: Destroying: tileImprovement:4202
May 14, 2018 5:10:02 PM net.sf.freecol.common.util.LogBuilder log
INFO: Destroying: tileImprovement:4204
May 14, 2018 5:10:02 PM net.sf.freecol.common.util.LogBuilder log
INFO: Destroying: tileImprovement:4206
May 14, 2018 5:10:02 PM net.sf.freecol.common.util.LogBuilder log
INFO: Destroying: tileImprovement:4349
May 14, 2018 5:10:02 PM net.sf.freecol.common.util.LogBuilder log
INFO: Destroying: tileImprovement:4351
May 14, 2018 5:10:02 PM net.sf.freecol.common.util.LogBuilder log
INFO: Destroying: tileImprovement:4353
May 14, 2018 5:10:02 PM net.sf.freecol.common.util.LogBuilder log
INFO: Destroying: tileImprovement:4355
May 14, 2018 5:10:02 PM net.sf.freecol.common.util.LogBuilder log
INFO: Destroying: tileImprovement:4357
May 14, 2018 5:10:02 PM net.sf.freecol.common.util.LogBuilder log
INFO: Destroying: tileImprovement:4359
May 14, 2018 5:10:02 PM net.sf.freecol.common.util.LogBuilder log
INFO: Destroying: tileImprovement:4383
May 14, 2018 5:10:02 PM net.sf.freecol.common.util.LogBuilder log
INFO: Destroying: tileImprovement:4384
May 14, 2018 5:10:02 PM net.sf.freecol.common.util.LogBuilder log
INFO: Destroying: tileImprovement:4385
May 14, 2018 5:10:02 PM net.sf.freecol.common.util.LogBuilder log
INFO: Destroying: tileImprovement:4386
May 14, 2018 5:10:02 PM net.sf.freecol.common.util.LogBuilder log
INFO: Destroying: tileImprovement:4387
May 14, 2018 5:10:02 PM net.sf.freecol.common.util.LogBuilder log
INFO: Destroying: tileImprovement:4388
May 14, 2018 5:10:02 PM net.sf.freecol.common.util.LogBuilder log
INFO: Destroying: tileImprovement:4389
May 14, 2018 5:10:02 PM net.sf.freecol.common.util.LogBuilder log
INFO: Destroying: tileImprovement:4407
May 14, 2018 5:10:02 PM net.sf.freecol.common.util.LogBuilder log
INFO: Destroying: tileImprovement:4409
May 14, 2018 5:10:02 PM net.sf.freecol.common.util.LogBuilder log
INFO: Destroying: tileImprovement:4411
May 14, 2018 5:10:02 PM net.sf.freecol.common.util.LogBuilder log
INFO: Destroying: tileImprovement:4401
May 14, 2018 5:10:02 PM net.sf.freecol.common.util.LogBuilder log
INFO: Destroying: tileImprovement:4402
May 14, 2018 5:10:02 PM net.sf.freecol.common.util.LogBuilder log
INFO: Destroying: tileImprovement:4403
May 14, 2018 5:10:02 PM net.sf.freecol.common.util.LogBuilder log
INFO: Destroying: tileImprovement:4404
May 14, 2018 5:10:02 PM net.sf.freecol.common.util.LogBuilder log
INFO: Destroying: tileImprovement:4405
May 14, 2018 5:10:02 PM net.sf.freecol.common.util.LogBuilder log
INFO: Destroying: tileImprovement:4406
May 14, 2018 5:10:02 PM net.sf.freecol.common.util.LogBuilder log
INFO: Destroying: tileImprovement:4330
May 14, 2018 5:10:02 PM net.sf.freecol.common.util.LogBuilder log
INFO: Destroying: tileImprovement:4332
May 14, 2018 5:10:02 PM net.sf.freecol.common.util.LogBuilder log
INFO: Destroying: tileImprovement:4334
May 14, 2018 5:10:02 PM net.sf.freecol.common.util.LogBuilder log
INFO: Destroying: tileImprovement:4336
May 14, 2018 5:10:02 PM net.sf.freecol.common.util.LogBuilder log
INFO: Destroying: tileImprovement:4209
May 14, 2018 5:10:02 PM net.sf.freecol.common.util.LogBuilder log
INFO: Destroying: tileImprovement:4211
May 14, 2018 5:10:02 PM net.sf.freecol.common.util.LogBuilder log
INFO: Destroying: tileImprovement:4364
May 14, 2018 5:10:02 PM net.sf.freecol.common.util.LogBuilder log
INFO: Destroying: tileImprovement:4365
May 14, 2018 5:10:02 PM net.sf.freecol.common.util.LogBuilder log
INFO: Destroying: tileImprovement:4366
May 14, 2018 5:10:02 PM net.sf.freecol.common.util.LogBuilder log
INFO: Destroying: tileImprovement:4339
May 14, 2018 5:10:02 PM net.sf.freecol.common.util.LogBuilder log
INFO: Destroying: tileImprovement:4341
May 14, 2018 5:10:02 PM net.sf.freecol.common.util.LogBuilder log
INFO: Destroying: tileImprovement:4343
May 14, 2018 5:10:02 PM net.sf.freecol.common.util.LogBuilder log
INFO: Destroying: tileImprovement:4304
May 14, 2018 5:10:02 PM net.sf.freecol.common.util.LogBuilder log
INFO: Destroying: tileImprovement:4306
May 14, 2018 5:10:02 PM net.sf.freecol.common.util.LogBuilder log
INFO: Destroying: tileImprovement:4308
May 14, 2018 5:10:02 PM net.sf.freecol.common.util.LogBuilder log
INFO: Destroying: tileImprovement:4310
May 14, 2018 5:10:02 PM net.sf.freecol.common.util.LogBuilder log
INFO: Destroying: tileImprovement:4312
May 14, 2018 5:10:02 PM net.sf.freecol.common.util.LogBuilder log
INFO: Destroying: tileImprovement:4314
May 14, 2018 5:10:02 PM net.sf.freecol.common.util.LogBuilder log
INFO: Destroying: tileImprovement:4316
May 14, 2018 5:10:02 PM net.sf.freecol.common.util.LogBuilder log
INFO: Destroying: tileImprovement:4318
May 14, 2018 5:10:02 PM net.sf.freecol.common.util.LogBuilder log
INFO: Destroying: tileImprovement:4320
May 14, 2018 5:10:02 PM net.sf.freecol.common.util.LogBuilder log
INFO: Destroying: tileImprovement:4322
May 14, 2018 5:10:02 PM net.sf.freecol.common.util.LogBuilder log
INFO: Destroying: tileImprovement:4324
May 14, 2018 5:10:02 PM net.sf.freecol.common.util.LogBuilder log
INFO: Destroying: tileImprovement:4326
May 14, 2018 5:10:02 PM net.sf.freecol.common.util.LogBuilder log
INFO: Destroying: tileImprovement:4328
May 14, 2018 5:10:02 PM net.sf.freecol.common.util.LogBuilder log
INFO: Destroying: tileImprovement:4510
May 14, 2018 5:10:02 PM net.sf.freecol.common.util.LogBuilder log
INFO: Destroying: tileImprovement:4511
May 14, 2018 5:10:02 PM net.sf.freecol.common.util.LogBuilder log
INFO: Destroying: tileImprovement:4512
May 14, 2018 5:10:02 PM net.sf.freecol.common.util.LogBuilder log
INFO: Destroying: tileImprovement:4513
May 14, 2018 5:10:02 PM net.sf.freecol.common.util.LogBuilder log
INFO: Destroying: tileImprovement:4661
May 14, 2018 5:10:02 PM net.sf.freecol.common.util.LogBuilder log
INFO: Destroying: tileImprovement:4663
May 14, 2018 5:10:02 PM net.sf.freecol.common.util.LogBuilder log
INFO: Destroying: tileImprovement:4665
May 14, 2018 5:10:02 PM net.sf.freecol.common.util.LogBuilder log
INFO: Destroying: tileImprovement:4667
May 14, 2018 5:10:02 PM net.sf.freecol.common.util.LogBuilder log
INFO: Destroying: tileImprovement:4669
May 14, 2018 5:10:02 PM net.sf.freecol.common.util.LogBuilder log
INFO: Destroying: tileImprovement:4671
May 14, 2018 5:10:02 PM net.sf.freecol.common.util.LogBuilder log
INFO: Destroying: tileImprovement:4673
May 14, 2018 5:10:02 PM net.sf.freecol.common.util.LogBuilder log
INFO: Destroying: tileImprovement:4675
May 14, 2018 5:10:02 PM net.sf.freecol.common.util.LogBuilder log
INFO: Destroying: tileImprovement:4653
May 14, 2018 5:10:02 PM net.sf.freecol.common.util.LogBuilder log
INFO: Destroying: tileImprovement:4655
May 14, 2018 5:10:02 PM net.sf.freecol.common.util.LogBuilder log
INFO: Destroying: tileImprovement:4657
May 14, 2018 5:10:02 PM net.sf.freecol.common.util.LogBuilder log
INFO: Destroying: tileImprovement:4659
May 14, 2018 5:10:02 PM net.sf.freecol.common.util.LogBuilder log
INFO: Destroying: tileImprovement:4697
May 14, 2018 5:10:02 PM net.sf.freecol.common.util.LogBuilder log
INFO: Destroying: tileImprovement:4698
May 14, 2018 5:10:02 PM net.sf.freecol.common.util.LogBuilder log
INFO: Destroying: tileImprovement:4699
May 14, 2018 5:10:02 PM net.sf.freecol.common.util.LogBuilder log
INFO: Destroying: tileImprovement:4700
May 14, 2018 5:10:02 PM net.sf.freecol.common.util.LogBuilder log
INFO: Destroying: tileImprovement:4701
May 14, 2018 5:10:02 PM net.sf.freecol.common.util.LogBuilder log
INFO: Destroying: tileImprovement:4702
May 14, 2018 5:10:02 PM net.sf.freecol.common.util.LogBuilder log
INFO: Destroying: tileImprovement:4703
May 14, 2018 5:10:02 PM net.sf.freecol.common.util.LogBuilder log
INFO: Destroying: tileImprovement:4704
May 14, 2018 5:10:02 PM net.sf.freecol.common.util.LogBuilder log
INFO: Destroying: tileImprovement:4523
May 14, 2018 5:10:02 PM net.sf.freecol.common.util.LogBuilder log
INFO: Destroying: tileImprovement:4524
May 14, 2018 5:10:02 PM net.sf.freecol.common.util.LogBuilder log
INFO: Destroying: tileImprovement:4633
May 14, 2018 5:10:02 PM net.sf.freecol.common.util.LogBuilder log
INFO: Destroying: tileImprovement:4635
May 14, 2018 5:10:02 PM net.sf.freecol.common.util.LogBuilder log
INFO: Destroying: tileImprovement:4637
May 14, 2018 5:10:02 PM net.sf.freecol.common.util.LogBuilder log
INFO: Destroying: tileImprovement:4639
May 14, 2018 5:10:02 PM net.sf.freecol.common.util.LogBuilder log
INFO: Destroying: tileImprovement:4641
May 14, 2018 5:10:02 PM net.sf.freecol.common.util.LogBuilder log
INFO: Destroying: tileImprovement:4643
May 14, 2018 5:10:02 PM net.sf.freecol.common.util.LogBuilder log
INFO: Destroying: tileImprovement:4620
May 14, 2018 5:10:02 PM net.sf.freecol.common.util.LogBuilder log
INFO: Destroying: tileImprovement:4621
May 14, 2018 5:10:02 PM net.sf.freecol.common.util.LogBuilder log
INFO: Destroying: tileImprovement:4622
May 14, 2018 5:10:02 PM net.sf.freecol.common.util.LogBuilder log
INFO: Destroying: tileImprovement:4623
May 14, 2018 5:10:02 PM net.sf.freecol.common.util.LogBuilder log
INFO: Destroying: tileImprovement:4624
May 14, 2018 5:10:02 PM net.sf.freecol.common.util.LogBuilder log
INFO: Destroying: tileImprovement:4625
May 14, 2018 5:10:02 PM net.sf.freecol.common.util.LogBuilder log
INFO: Destroying: tileImprovement:4626
May 14, 2018 5:10:02 PM net.sf.freecol.common.util.LogBuilder log
INFO: Destroying: tileImprovement:4627
May 14, 2018 5:10:02 PM net.sf.freecol.common.util.LogBuilder log
INFO: Destroying: tileImprovement:4628
May 14, 2018 5:10:02 PM net.sf.freecol.common.util.LogBuilder log
INFO: Destroying: tileImprovement:4629
May 14, 2018 5:10:02 PM net.sf.freecol.common.util.LogBuilder log
INFO: Destroying: tileImprovement:4630
May 14, 2018 5:10:02 PM net.sf.freecol.common.util.LogBuilder log
INFO: Destroying: tileImprovement:4631
May 14, 2018 5:10:02 PM net.sf.freecol.common.util.LogBuilder log
INFO: Destroying: tileImprovement:4632
May 14, 2018 5:10:02 PM net.sf.freecol.common.util.LogBuilder log
INFO: Destroying: tileImprovement:4448
May 14, 2018 5:10:02 PM net.sf.freecol.common.util.LogBuilder log
INFO: Destroying: tileImprovement:4450
May 14, 2018 5:10:02 PM net.sf.freecol.common.util.LogBuilder log
INFO: Destroying: tileImprovement:4452
May 14, 2018 5:10:02 PM net.sf.freecol.common.util.LogBuilder log
INFO: Destroying: tileImprovement:4741
May 14, 2018 5:10:02 PM net.sf.freecol.common.util.LogBuilder log
INFO: Destroying: tileImprovement:4743
May 14, 2018 5:10:02 PM net.sf.freecol.common.util.LogBuilder log
INFO: Destroying: tileImprovement:4745
May 14, 2018 5:10:02 PM net.sf.freecol.common.util.LogBuilder log
INFO: Destroying: tileImprovement:4436
May 14, 2018 5:10:02 PM net.sf.freecol.common.util.LogBuilder log
INFO: Destroying: tileImprovement:4438
May 14, 2018 5:10:02 PM net.sf.freecol.common.util.LogBuilder log
INFO: Destroying: tileImprovement:4440
May 14, 2018 5:10:02 PM net.sf.freecol.common.util.LogBuilder log
INFO: Destroying: tileImprovement:4883
May 14, 2018 5:10:02 PM net.sf.freecol.common.util.LogBuilder log
INFO: Destroying: tileImprovement:4884
May 14, 2018 5:10:02 PM net.sf.freecol.common.util.LogBuilder log
INFO: Destroying: tileImprovement:4885
May 14, 2018 5:10:02 PM net.sf.freecol.common.util.LogBuilder log
INFO: Destroying: tileImprovement:4867
May 14, 2018 5:10:02 PM net.sf.freecol.common.util.LogBuilder log
INFO: Destroying: tileImprovement:4869
May 14, 2018 5:10:02 PM net.sf.freecol.common.util.LogBuilder log
INFO: Destroying: tileImprovement:4864
May 14, 2018 5:10:02 PM net.sf.freecol.common.util.LogBuilder log
INFO: Destroying: tileImprovement:4865
May 14, 2018 5:10:02 PM net.sf.freecol.common.util.LogBuilder log
INFO: Destroying: tileImprovement:4866
May 14, 2018 5:10:02 PM net.sf.freecol.common.util.LogBuilder log
INFO: Destroying: tileImprovement:4390
May 14, 2018 5:10:02 PM net.sf.freecol.common.util.LogBuilder log
INFO: Destroying: tileImprovement:4392
May 14, 2018 5:10:02 PM net.sf.freecol.common.util.LogBuilder log
INFO: Destroying: tileImprovement:4394
May 14, 2018 5:10:02 PM net.sf.freecol.common.util.LogBuilder log
INFO: Destroying: tileImprovement:4396
May 14, 2018 5:10:02 PM net.sf.freecol.common.util.LogBuilder log
INFO: Destroying: tileImprovement:4398
May 14, 2018 5:10:02 PM net.sf.freecol.common.util.LogBuilder log
INFO: Destroying: tileImprovement:4737
May 14, 2018 5:10:02 PM net.sf.freecol.common.util.LogBuilder log
INFO: Destroying: tileImprovement:4739
May 14, 2018 5:10:02 PM net.sf.freecol.common.model.Game addPlayer
WARNING: Game already full, but tried to add: Dom Manuel I
May 14, 2018 5:10:02 PM net.sf.freecol.common.model.Game addPlayer
WARNING: Game already full, but tried to add: Charles XI
May 14, 2018 5:10:02 PM net.sf.freecol.common.model.Game addPlayer
WARNING: Game already full, but tried to add: Frederick II
May 14, 2018 5:10:02 PM net.sf.freecol.common.model.Game addPlayer
WARNING: Game already full, but tried to add: Peter I
May 14, 2018 5:10:02 PM net.sf.freecol.common.model.LandMap <init>
INFO: Using land generator model.option.landGeneratorType.classic
May 14, 2018 5:10:02 PM net.sf.freecol.common.util.LogBuilder log
INFO: Destroying: tileImprovement:4517
May 14, 2018 5:10:02 PM net.sf.freecol.common.util.LogBuilder log
INFO: Destroying: tileImprovement:4519
May 14, 2018 5:10:02 PM net.sf.freecol.common.util.LogBuilder log
INFO: Destroying: tileImprovement:4521
May 14, 2018 5:10:02 PM net.sf.freecol.common.util.LogBuilder log
INFO: Destroying: tileImprovement:4498
May 14, 2018 5:10:02 PM net.sf.freecol.common.util.LogBuilder log
INFO: Destroying: tileImprovement:4500
May 14, 2018 5:10:02 PM net.sf.freecol.common.util.LogBuilder log
INFO: Destroying: tileImprovement:4502
May 14, 2018 5:10:02 PM net.sf.freecol.common.util.LogBuilder log
INFO: Destroying: tileImprovement:4504
May 14, 2018 5:10:02 PM net.sf.freecol.common.util.LogBuilder log
INFO: Destroying: tileImprovement:4506
May 14, 2018 5:10:02 PM net.sf.freecol.common.util.LogBuilder log
INFO: Destroying: tileImprovement:4508
May 14, 2018 5:10:02 PM net.sf.freecol.common.util.LogBuilder log
INFO: Destroying: tileImprovement:4510
May 14, 2018 5:10:02 PM net.sf.freecol.common.util.LogBuilder log
INFO: Destroying: tileImprovement:4653
May 14, 2018 5:10:02 PM net.sf.freecol.common.util.LogBuilder log
INFO: Destroying: tileImprovement:4655
May 14, 2018 5:10:02 PM net.sf.freecol.common.util.LogBuilder log
INFO: Destroying: tileImprovement:4657
May 14, 2018 5:10:02 PM net.sf.freecol.common.util.LogBuilder log
INFO: Destroying: tileImprovement:4659
May 14, 2018 5:10:02 PM net.sf.freecol.common.util.LogBuilder log
INFO: Destroying: tileImprovement:4661
May 14, 2018 5:10:02 PM net.sf.freecol.common.util.LogBuilder log
INFO: Destroying: tileImprovement:4663
May 14, 2018 5:10:02 PM net.sf.freecol.common.util.LogBuilder log
INFO: Destroying: tileImprovement:4687
May 14, 2018 5:10:02 PM net.sf.freecol.common.util.LogBuilder log
INFO: Destroying: tileImprovement:4688
May 14, 2018 5:10:02 PM net.sf.freecol.common.util.LogBuilder log
INFO: Destroying: tileImprovement:4689
May 14, 2018 5:10:02 PM net.sf.freecol.common.util.LogBuilder log
INFO: Destroying: tileImprovement:4690
May 14, 2018 5:10:02 PM net.sf.freecol.common.util.LogBuilder log
INFO: Destroying: tileImprovement:4691
May 14, 2018 5:10:02 PM net.sf.freecol.common.util.LogBuilder log
INFO: Destroying: tileImprovement:4692
May 14, 2018 5:10:02 PM net.sf.freecol.common.util.LogBuilder log
INFO: Destroying: tileImprovement:4693
May 14, 2018 5:10:02 PM net.sf.freecol.common.util.LogBuilder log
INFO: Destroying: tileImprovement:4711
May 14, 2018 5:10:02 PM net.sf.freecol.common.util.LogBuilder log
INFO: Destroying: tileImprovement:4713
May 14, 2018 5:10:02 PM net.sf.freecol.common.util.LogBuilder log
INFO: Destroying: tileImprovement:4715
May 14, 2018 5:10:02 PM net.sf.freecol.common.util.LogBuilder log
INFO: Destroying: tileImprovement:4705
May 14, 2018 5:10:02 PM net.sf.freecol.common.util.LogBuilder log
INFO: Destroying: tileImprovement:4706
May 14, 2018 5:10:02 PM net.sf.freecol.common.util.LogBuilder log
INFO: Destroying: tileImprovement:4707
May 14, 2018 5:10:02 PM net.sf.freecol.common.util.LogBuilder log
INFO: Destroying: tileImprovement:4708
May 14, 2018 5:10:02 PM net.sf.freecol.common.util.LogBuilder log
INFO: Destroying: tileImprovement:4709
May 14, 2018 5:10:02 PM net.sf.freecol.common.util.LogBuilder log
INFO: Destroying: tileImprovement:4710
May 14, 2018 5:10:02 PM net.sf.freecol.common.util.LogBuilder log
INFO: Destroying: tileImprovement:4634
May 14, 2018 5:10:02 PM net.sf.freecol.common.util.LogBuilder log
INFO: Destroying: tileImprovement:4636
May 14, 2018 5:10:02 PM net.sf.freecol.common.util.LogBuilder log
INFO: Destroying: tileImprovement:4638
May 14, 2018 5:10:02 PM net.sf.freecol.common.util.LogBuilder log
INFO: Destroying: tileImprovement:4640
May 14, 2018 5:10:02 PM net.sf.freecol.common.util.LogBuilder log
INFO: Destroying: tileImprovement:4513
May 14, 2018 5:10:02 PM net.sf.freecol.common.util.LogBuilder log
INFO: Destroying: tileImprovement:4515
May 14, 2018 5:10:02 PM net.sf.freecol.common.util.LogBuilder log
INFO: Destroying: tileImprovement:4668
May 14, 2018 5:10:02 PM net.sf.freecol.common.util.LogBuilder log
INFO: Destroying: tileImprovement:4669
May 14, 2018 5:10:02 PM net.sf.freecol.common.util.LogBuilder log
INFO: Destroying: tileImprovement:4670
May 14, 2018 5:10:02 PM net.sf.freecol.common.util.LogBuilder log
INFO: Destroying: tileImprovement:4643
May 14, 2018 5:10:02 PM net.sf.freecol.common.util.LogBuilder log
INFO: Destroying: tileImprovement:4645
May 14, 2018 5:10:02 PM net.sf.freecol.common.util.LogBuilder log
INFO: Destroying: tileImprovement:4647
May 14, 2018 5:10:02 PM net.sf.freecol.common.util.LogBuilder log
INFO: Destroying: tileImprovement:4608
May 14, 2018 5:10:02 PM net.sf.freecol.common.util.LogBuilder log
INFO: Destroying: tileImprovement:4610
May 14, 2018 5:10:02 PM net.sf.freecol.common.util.LogBuilder log
INFO: Destroying: tileImprovement:4612
May 14, 2018 5:10:02 PM net.sf.freecol.common.util.LogBuilder log
INFO: Destroying: tileImprovement:4614
May 14, 2018 5:10:02 PM net.sf.freecol.common.util.LogBuilder log
INFO: Destroying: tileImprovement:4616
May 14, 2018 5:10:02 PM net.sf.freecol.common.util.LogBuilder log
INFO: Destroying: tileImprovement:4618
May 14, 2018 5:10:02 PM net.sf.freecol.common.util.LogBuilder log
INFO: Destroying: tileImprovement:4620
May 14, 2018 5:10:02 PM net.sf.freecol.common.util.LogBuilder log
INFO: Destroying: tileImprovement:4622
May 14, 2018 5:10:02 PM net.sf.freecol.common.util.LogBuilder log
INFO: Destroying: tileImprovement:4624
May 14, 2018 5:10:02 PM net.sf.freecol.common.util.LogBuilder log
INFO: Destroying: tileImprovement:4626
May 14, 2018 5:10:02 PM net.sf.freecol.common.util.LogBuilder log
INFO: Destroying: tileImprovement:4628
May 14, 2018 5:10:02 PM net.sf.freecol.common.util.LogBuilder log
INFO: Destroying: tileImprovement:4630
May 14, 2018 5:10:02 PM net.sf.freecol.common.util.LogBuilder log
INFO: Destroying: tileImprovement:4632
May 14, 2018 5:10:02 PM net.sf.freecol.common.util.LogBuilder log
INFO: Destroying: tileImprovement:4814
May 14, 2018 5:10:02 PM net.sf.freecol.common.util.LogBuilder log
INFO: Destroying: tileImprovement:4815
May 14, 2018 5:10:02 PM net.sf.freecol.common.util.LogBuilder log
INFO: Destroying: tileImprovement:4816
May 14, 2018 5:10:02 PM net.sf.freecol.common.util.LogBuilder log
INFO: Destroying: tileImprovement:4817
May 14, 2018 5:10:02 PM net.sf.freecol.common.util.LogBuilder log
INFO: Destroying: tileImprovement:4965
May 14, 2018 5:10:02 PM net.sf.freecol.common.util.LogBuilder log
INFO: Destroying: tileImprovement:4967
May 14, 2018 5:10:02 PM net.sf.freecol.common.util.LogBuilder log
INFO: Destroying: tileImprovement:4969
May 14, 2018 5:10:02 PM net.sf.freecol.common.util.LogBuilder log
INFO: Destroying: tileImprovement:4971
May 14, 2018 5:10:02 PM net.sf.freecol.common.util.LogBuilder log
INFO: Destroying: tileImprovement:4973
May 14, 2018 5:10:02 PM net.sf.freecol.common.util.LogBuilder log
INFO: Destroying: tileImprovement:4975
May 14, 2018 5:10:02 PM net.sf.freecol.common.util.LogBuilder log
INFO: Destroying: tileImprovement:4977
May 14, 2018 5:10:02 PM net.sf.freecol.common.util.LogBuilder log
INFO: Destroying: tileImprovement:4979
May 14, 2018 5:10:02 PM net.sf.freecol.common.util.LogBuilder log
INFO: Destroying: tileImprovement:4957
May 14, 2018 5:10:02 PM net.sf.freecol.common.util.LogBuilder log
INFO: Destroying: tileImprovement:4959
May 14, 2018 5:10:02 PM net.sf.freecol.common.util.LogBuilder log
INFO: Destroying: tileImprovement:4961
May 14, 2018 5:10:02 PM net.sf.freecol.common.util.LogBuilder log
INFO: Destroying: tileImprovement:4963
May 14, 2018 5:10:02 PM net.sf.freecol.common.util.LogBuilder log
INFO: Destroying: tileImprovement:5001
May 14, 2018 5:10:02 PM net.sf.freecol.common.util.LogBuilder log
INFO: Destroying: tileImprovement:5002
May 14, 2018 5:10:02 PM net.sf.freecol.common.util.LogBuilder log
INFO: Destroying: tileImprovement:5003
May 14, 2018 5:10:02 PM net.sf.freecol.common.util.LogBuilder log
INFO: Destroying: tileImprovement:5004
May 14, 2018 5:10:02 PM net.sf.freecol.common.util.LogBuilder log
INFO: Destroying: tileImprovement:5005
May 14, 2018 5:10:02 PM net.sf.freecol.common.util.LogBuilder log
INFO: Destroying: tileImprovement:5006
May 14, 2018 5:10:02 PM net.sf.freecol.common.util.LogBuilder log
INFO: Destroying: tileImprovement:5007
May 14, 2018 5:10:02 PM net.sf.freecol.common.util.LogBuilder log
INFO: Destroying: tileImprovement:5008
May 14, 2018 5:10:02 PM net.sf.freecol.common.util.LogBuilder log
INFO: Destroying: tileImprovement:4827
May 14, 2018 5:10:02 PM net.sf.freecol.common.util.LogBuilder log
INFO: Destroying: tileImprovement:4828
May 14, 2018 5:10:02 PM net.sf.freecol.common.util.LogBuilder log
INFO: Destroying: tileImprovement:4937
May 14, 2018 5:10:02 PM net.sf.freecol.common.util.LogBuilder log
INFO: Destroying: tileImprovement:4939
May 14, 2018 5:10:02 PM net.sf.freecol.common.util.LogBuilder log
INFO: Destroying: tileImprovement:4941
May 14, 2018 5:10:02 PM net.sf.freecol.common.util.LogBuilder log
INFO: Destroying: tileImprovement:4943
May 14, 2018 5:10:02 PM net.sf.freecol.common.util.LogBuilder log
INFO: Destroying: tileImprovement:4945
May 14, 2018 5:10:02 PM net.sf.freecol.common.util.LogBuilder log
INFO: Destroying: tileImprovement:4947
May 14, 2018 5:10:02 PM net.sf.freecol.common.util.LogBuilder log
INFO: Destroying: tileImprovement:4924
May 14, 2018 5:10:02 PM net.sf.freecol.common.util.LogBuilder log
INFO: Destroying: tileImprovement:4925
May 14, 2018 5:10:02 PM net.sf.freecol.common.util.LogBuilder log
INFO: Destroying: tileImprovement:4926
May 14, 2018 5:10:02 PM net.sf.freecol.common.util.LogBuilder log
INFO: Destroying: tileImprovement:4927
May 14, 2018 5:10:02 PM net.sf.freecol.common.util.LogBuilder log
INFO: Destroying: tileImprovement:4928
May 14, 2018 5:10:02 PM net.sf.freecol.common.util.LogBuilder log
INFO: Destroying: tileImprovement:4929
May 14, 2018 5:10:02 PM net.sf.freecol.common.util.LogBuilder log
INFO: Destroying: tileImprovement:4930
May 14, 2018 5:10:02 PM net.sf.freecol.common.util.LogBuilder log
INFO: Destroying: tileImprovement:4931
May 14, 2018 5:10:02 PM net.sf.freecol.common.util.LogBuilder log
INFO: Destroying: tileImprovement:4932
May 14, 2018 5:10:02 PM net.sf.freecol.common.util.LogBuilder log
INFO: Destroying: tileImprovement:4933
May 14, 2018 5:10:02 PM net.sf.freecol.common.util.LogBuilder log
INFO: Destroying: tileImprovement:4934
May 14, 2018 5:10:02 PM net.sf.freecol.common.util.LogBuilder log
INFO: Destroying: tileImprovement:4935
May 14, 2018 5:10:02 PM net.sf.freecol.common.util.LogBuilder log
INFO: Destroying: tileImprovement:4936
May 14, 2018 5:10:02 PM net.sf.freecol.common.util.LogBuilder log
INFO: Destroying: tileImprovement:4752
May 14, 2018 5:10:02 PM net.sf.freecol.common.util.LogBuilder log
INFO: Destroying: tileImprovement:4754
May 14, 2018 5:10:02 PM net.sf.freecol.common.util.LogBuilder log
INFO: Destroying: tileImprovement:4756
May 14, 2018 5:10:02 PM net.sf.freecol.common.util.LogBuilder log
INFO: Destroying: tileImprovement:5045
May 14, 2018 5:10:02 PM net.sf.freecol.common.util.LogBuilder log
INFO: Destroying: tileImprovement:5047
May 14, 2018 5:10:02 PM net.sf.freecol.common.util.LogBuilder log
INFO: Destroying: tileImprovement:5049
May 14, 2018 5:10:02 PM net.sf.freecol.common.util.LogBuilder log
INFO: Destroying: tileImprovement:4740
May 14, 2018 5:10:02 PM net.sf.freecol.common.util.LogBuilder log
INFO: Destroying: tileImprovement:4742
May 14, 2018 5:10:02 PM net.sf.freecol.common.util.LogBuilder log
INFO: Destroying: tileImprovement:4744
May 14, 2018 5:10:02 PM net.sf.freecol.common.util.LogBuilder log
INFO: Destroying: tileImprovement:5187
May 14, 2018 5:10:02 PM net.sf.freecol.common.util.LogBuilder log
INFO: Destroying: tileImprovement:5188
May 14, 2018 5:10:02 PM net.sf.freecol.common.util.LogBuilder log
INFO: Destroying: tileImprovement:5189
May 14, 2018 5:10:02 PM net.sf.freecol.common.util.LogBuilder log
INFO: Destroying: tileImprovement:5171
May 14, 2018 5:10:02 PM net.sf.freecol.common.util.LogBuilder log
INFO: Destroying: tileImprovement:5173
May 14, 2018 5:10:02 PM net.sf.freecol.common.util.LogBuilder log
INFO: Destroying: tileImprovement:5168
May 14, 2018 5:10:02 PM net.sf.freecol.common.util.LogBuilder log
INFO: Destroying: tileImprovement:5169
May 14, 2018 5:10:02 PM net.sf.freecol.common.util.LogBuilder log
INFO: Destroying: tileImprovement:5170
May 14, 2018 5:10:02 PM net.sf.freecol.common.util.LogBuilder log
INFO: Destroying: tileImprovement:4694
May 14, 2018 5:10:02 PM net.sf.freecol.common.util.LogBuilder log
INFO: Destroying: tileImprovement:4696
May 14, 2018 5:10:02 PM net.sf.freecol.common.util.LogBuilder log
INFO: Destroying: tileImprovement:4698
May 14, 2018 5:10:02 PM net.sf.freecol.common.util.LogBuilder log
INFO: Destroying: tileImprovement:4700
May 14, 2018 5:10:02 PM net.sf.freecol.common.util.LogBuilder log
INFO: Destroying: tileImprovement:4702
May 14, 2018 5:10:02 PM net.sf.freecol.common.util.LogBuilder log
INFO: Destroying: tileImprovement:5041
May 14, 2018 5:10:02 PM net.sf.freecol.common.util.LogBuilder log
INFO: Destroying: tileImprovement:5043
May 14, 2018 5:10:02 PM net.sf.freecol.common.model.Game addPlayer
WARNING: Game already full, but tried to add: Dom Manuel I
May 14, 2018 5:10:02 PM net.sf.freecol.common.model.Game addPlayer
WARNING: Game already full, but tried to add: Charles XI
May 14, 2018 5:10:02 PM net.sf.freecol.common.model.Game addPlayer
WARNING: Game already full, but tried to add: Frederick II
May 14, 2018 5:10:02 PM net.sf.freecol.common.model.Game addPlayer
WARNING: Game already full, but tried to add: Peter I
May 14, 2018 5:10:02 PM net.sf.freecol.common.model.LandMap <init>
INFO: Using land generator model.option.landGeneratorType.classic
May 14, 2018 5:10:02 PM net.sf.freecol.common.util.LogBuilder log
INFO: Destroying: tileImprovement:4517
May 14, 2018 5:10:02 PM net.sf.freecol.common.util.LogBuilder log
INFO: Destroying: tileImprovement:4519
May 14, 2018 5:10:02 PM net.sf.freecol.common.util.LogBuilder log
INFO: Destroying: tileImprovement:4521
May 14, 2018 5:10:02 PM net.sf.freecol.common.util.LogBuilder log
INFO: Destroying: tileImprovement:4498
May 14, 2018 5:10:02 PM net.sf.freecol.common.util.LogBuilder log
INFO: Destroying: tileImprovement:4500
May 14, 2018 5:10:02 PM net.sf.freecol.common.util.LogBuilder log
INFO: Destroying: tileImprovement:4502
May 14, 2018 5:10:02 PM net.sf.freecol.common.util.LogBuilder log
INFO: Destroying: tileImprovement:4504
May 14, 2018 5:10:02 PM net.sf.freecol.common.util.LogBuilder log
INFO: Destroying: tileImprovement:4506
May 14, 2018 5:10:02 PM net.sf.freecol.common.util.LogBuilder log
INFO: Destroying: tileImprovement:4508
May 14, 2018 5:10:02 PM net.sf.freecol.common.util.LogBuilder log
INFO: Destroying: tileImprovement:4510
May 14, 2018 5:10:02 PM net.sf.freecol.common.util.LogBuilder log
INFO: Destroying: tileImprovement:4653
May 14, 2018 5:10:02 PM net.sf.freecol.common.util.LogBuilder log
INFO: Destroying: tileImprovement:4655
May 14, 2018 5:10:02 PM net.sf.freecol.common.util.LogBuilder log
INFO: Destroying: tileImprovement:4657
May 14, 2018 5:10:02 PM net.sf.freecol.common.util.LogBuilder log
INFO: Destroying: tileImprovement:4659
May 14, 2018 5:10:02 PM net.sf.freecol.common.util.LogBuilder log
INFO: Destroying: tileImprovement:4661
May 14, 2018 5:10:02 PM net.sf.freecol.common.util.LogBuilder log
INFO: Destroying: tileImprovement:4663
May 14, 2018 5:10:02 PM net.sf.freecol.common.util.LogBuilder log
INFO: Destroying: tileImprovement:4687
May 14, 2018 5:10:02 PM net.sf.freecol.common.util.LogBuilder log
INFO: Destroying: tileImprovement:4688
May 14, 2018 5:10:02 PM net.sf.freecol.common.util.LogBuilder log
INFO: Destroying: tileImprovement:4689
May 14, 2018 5:10:02 PM net.sf.freecol.common.util.LogBuilder log
INFO: Destroying: tileImprovement:4690
May 14, 2018 5:10:02 PM net.sf.freecol.common.util.LogBuilder log
INFO: Destroying: tileImprovement:4691
May 14, 2018 5:10:02 PM net.sf.freecol.common.util.LogBuilder log
INFO: Destroying: tileImprovement:4692
May 14, 2018 5:10:02 PM net.sf.freecol.common.util.LogBuilder log
INFO: Destroying: tileImprovement:4693
May 14, 2018 5:10:02 PM net.sf.freecol.common.util.LogBuilder log
INFO: Destroying: tileImprovement:4711
May 14, 2018 5:10:02 PM net.sf.freecol.common.util.LogBuilder log
INFO: Destroying: tileImprovement:4713
May 14, 2018 5:10:02 PM net.sf.freecol.common.util.LogBuilder log
INFO: Destroying: tileImprovement:4715
May 14, 2018 5:10:02 PM net.sf.freecol.common.util.LogBuilder log
INFO: Destroying: tileImprovement:4705
May 14, 2018 5:10:02 PM net.sf.freecol.common.util.LogBuilder log
INFO: Destroying: tileImprovement:4706
May 14, 2018 5:10:02 PM net.sf.freecol.common.util.LogBuilder log
INFO: Destroying: tileImprovement:4707
May 14, 2018 5:10:02 PM net.sf.freecol.common.util.LogBuilder log
INFO: Destroying: tileImprovement:4708
May 14, 2018 5:10:02 PM net.sf.freecol.common.util.LogBuilder log
INFO: Destroying: tileImprovement:4709
May 14, 2018 5:10:02 PM net.sf.freecol.common.util.LogBuilder log
INFO: Destroying: tileImprovement:4710
May 14, 2018 5:10:03 PM net.sf.freecol.common.util.LogBuilder log
INFO: Destroying: tileImprovement:4634
May 14, 2018 5:10:03 PM net.sf.freecol.common.util.LogBuilder log
INFO: Destroying: tileImprovement:4636
May 14, 2018 5:10:03 PM net.sf.freecol.common.util.LogBuilder log
INFO: Destroying: tileImprovement:4638
May 14, 2018 5:10:03 PM net.sf.freecol.common.util.LogBuilder log
INFO: Destroying: tileImprovement:4640
May 14, 2018 5:10:03 PM net.sf.freecol.common.util.LogBuilder log
INFO: Destroying: tileImprovement:4513
May 14, 2018 5:10:03 PM net.sf.freecol.common.util.LogBuilder log
INFO: Destroying: tileImprovement:4515
May 14, 2018 5:10:03 PM net.sf.freecol.common.util.LogBuilder log
INFO: Destroying: tileImprovement:4668
May 14, 2018 5:10:03 PM net.sf.freecol.common.util.LogBuilder log
INFO: Destroying: tileImprovement:4669
May 14, 2018 5:10:03 PM net.sf.freecol.common.util.LogBuilder log
INFO: Destroying: tileImprovement:4670
May 14, 2018 5:10:03 PM net.sf.freecol.common.util.LogBuilder log
INFO: Destroying: tileImprovement:4643
May 14, 2018 5:10:03 PM net.sf.freecol.common.util.LogBuilder log
INFO: Destroying: tileImprovement:4645
May 14, 2018 5:10:03 PM net.sf.freecol.common.util.LogBuilder log
INFO: Destroying: tileImprovement:4647
May 14, 2018 5:10:03 PM net.sf.freecol.common.util.LogBuilder log
INFO: Destroying: tileImprovement:4608
May 14, 2018 5:10:03 PM net.sf.freecol.common.util.LogBuilder log
INFO: Destroying: tileImprovement:4610
May 14, 2018 5:10:03 PM net.sf.freecol.common.util.LogBuilder log
INFO: Destroying: tileImprovement:4612
May 14, 2018 5:10:03 PM net.sf.freecol.common.util.LogBuilder log
INFO: Destroying: tileImprovement:4614
May 14, 2018 5:10:03 PM net.sf.freecol.common.util.LogBuilder log
INFO: Destroying: tileImprovement:4616
May 14, 2018 5:10:03 PM net.sf.freecol.common.util.LogBuilder log
INFO: Destroying: tileImprovement:4618
May 14, 2018 5:10:03 PM net.sf.freecol.common.util.LogBuilder log
INFO: Destroying: tileImprovement:4620
May 14, 2018 5:10:03 PM net.sf.freecol.common.util.LogBuilder log
INFO: Destroying: tileImprovement:4622
May 14, 2018 5:10:03 PM net.sf.freecol.common.util.LogBuilder log
INFO: Destroying: tileImprovement:4624
May 14, 2018 5:10:03 PM net.sf.freecol.common.util.LogBuilder log
INFO: Destroying: tileImprovement:4626
May 14, 2018 5:10:03 PM net.sf.freecol.common.util.LogBuilder log
INFO: Destroying: tileImprovement:4628
May 14, 2018 5:10:03 PM net.sf.freecol.common.util.LogBuilder log
INFO: Destroying: tileImprovement:4630
May 14, 2018 5:10:03 PM net.sf.freecol.common.util.LogBuilder log
INFO: Destroying: tileImprovement:4632
May 14, 2018 5:10:03 PM net.sf.freecol.common.util.LogBuilder log
INFO: Destroying: tileImprovement:4814
May 14, 2018 5:10:03 PM net.sf.freecol.common.util.LogBuilder log
INFO: Destroying: tileImprovement:4815
May 14, 2018 5:10:03 PM net.sf.freecol.common.util.LogBuilder log
INFO: Destroying: tileImprovement:4816
May 14, 2018 5:10:03 PM net.sf.freecol.common.util.LogBuilder log
INFO: Destroying: tileImprovement:4817
May 14, 2018 5:10:03 PM net.sf.freecol.common.util.LogBuilder log
INFO: Destroying: tileImprovement:4965
May 14, 2018 5:10:03 PM net.sf.freecol.common.util.LogBuilder log
INFO: Destroying: tileImprovement:4967
May 14, 2018 5:10:03 PM net.sf.freecol.common.util.LogBuilder log
INFO: Destroying: tileImprovement:4969
May 14, 2018 5:10:03 PM net.sf.freecol.common.util.LogBuilder log
INFO: Destroying: tileImprovement:4971
May 14, 2018 5:10:03 PM net.sf.freecol.common.util.LogBuilder log
INFO: Destroying: tileImprovement:4973
May 14, 2018 5:10:03 PM net.sf.freecol.common.util.LogBuilder log
INFO: Destroying: tileImprovement:4975
May 14, 2018 5:10:03 PM net.sf.freecol.common.util.LogBuilder log
INFO: Destroying: tileImprovement:4977
May 14, 2018 5:10:03 PM net.sf.freecol.common.util.LogBuilder log
INFO: Destroying: tileImprovement:4979
May 14, 2018 5:10:03 PM net.sf.freecol.common.util.LogBuilder log
INFO: Destroying: tileImprovement:4957
May 14, 2018 5:10:03 PM net.sf.freecol.common.util.LogBuilder log
INFO: Destroying: tileImprovement:4959
May 14, 2018 5:10:03 PM net.sf.freecol.common.util.LogBuilder log
INFO: Destroying: tileImprovement:4961
May 14, 2018 5:10:03 PM net.sf.freecol.common.util.LogBuilder log
INFO: Destroying: tileImprovement:4963
May 14, 2018 5:10:03 PM net.sf.freecol.common.util.LogBuilder log
INFO: Destroying: tileImprovement:5001
May 14, 2018 5:10:03 PM net.sf.freecol.common.util.LogBuilder log
INFO: Destroying: tileImprovement:5002
May 14, 2018 5:10:03 PM net.sf.freecol.common.util.LogBuilder log
INFO: Destroying: tileImprovement:5003
May 14, 2018 5:10:03 PM net.sf.freecol.common.util.LogBuilder log
INFO: Destroying: tileImprovement:5004
May 14, 2018 5:10:03 PM net.sf.freecol.common.util.LogBuilder log
INFO: Destroying: tileImprovement:5005
May 14, 2018 5:10:03 PM net.sf.freecol.common.util.LogBuilder log
INFO: Destroying: tileImprovement:5006
May 14, 2018 5:10:03 PM net.sf.freecol.common.util.LogBuilder log
INFO: Destroying: tileImprovement:5007
May 14, 2018 5:10:03 PM net.sf.freecol.common.util.LogBuilder log
INFO: Destroying: tileImprovement:5008
May 14, 2018 5:10:03 PM net.sf.freecol.common.util.LogBuilder log
INFO: Destroying: tileImprovement:4827
May 14, 2018 5:10:03 PM net.sf.freecol.common.util.LogBuilder log
INFO: Destroying: tileImprovement:4828
May 14, 2018 5:10:03 PM net.sf.freecol.common.util.LogBuilder log
INFO: Destroying: tileImprovement:4937
May 14, 2018 5:10:03 PM net.sf.freecol.common.util.LogBuilder log
INFO: Destroying: tileImprovement:4939
May 14, 2018 5:10:03 PM net.sf.freecol.common.util.LogBuilder log
INFO: Destroying: tileImprovement:4941
May 14, 2018 5:10:03 PM net.sf.freecol.common.util.LogBuilder log
INFO: Destroying: tileImprovement:4943
May 14, 2018 5:10:03 PM net.sf.freecol.common.util.LogBuilder log
INFO: Destroying: tileImprovement:4945
May 14, 2018 5:10:03 PM net.sf.freecol.common.util.LogBuilder log
INFO: Destroying: tileImprovement:4947
May 14, 2018 5:10:03 PM net.sf.freecol.common.util.LogBuilder log
INFO: Destroying: tileImprovement:4924
May 14, 2018 5:10:03 PM net.sf.freecol.common.util.LogBuilder log
INFO: Destroying: tileImprovement:4925
May 14, 2018 5:10:03 PM net.sf.freecol.common.util.LogBuilder log
INFO: Destroying: tileImprovement:4926
May 14, 2018 5:10:03 PM net.sf.freecol.common.util.LogBuilder log
INFO: Destroying: tileImprovement:4927
May 14, 2018 5:10:03 PM net.sf.freecol.common.util.LogBuilder log
INFO: Destroying: tileImprovement:4928
May 14, 2018 5:10:03 PM net.sf.freecol.common.util.LogBuilder log
INFO: Destroying: tileImprovement:4929
May 14, 2018 5:10:03 PM net.sf.freecol.common.util.LogBuilder log
INFO: Destroying: tileImprovement:4930
May 14, 2018 5:10:03 PM net.sf.freecol.common.util.LogBuilder log
INFO: Destroying: tileImprovement:4931
May 14, 2018 5:10:03 PM net.sf.freecol.common.util.LogBuilder log
INFO: Destroying: tileImprovement:4932
May 14, 2018 5:10:03 PM net.sf.freecol.common.util.LogBuilder log
INFO: Destroying: tileImprovement:4933
May 14, 2018 5:10:03 PM net.sf.freecol.common.util.LogBuilder log
INFO: Destroying: tileImprovement:4934
May 14, 2018 5:10:03 PM net.sf.freecol.common.util.LogBuilder log
INFO: Destroying: tileImprovement:4935
May 14, 2018 5:10:03 PM net.sf.freecol.common.util.LogBuilder log
INFO: Destroying: tileImprovement:4936
May 14, 2018 5:10:03 PM net.sf.freecol.common.util.LogBuilder log
INFO: Destroying: tileImprovement:4752
May 14, 2018 5:10:03 PM net.sf.freecol.common.util.LogBuilder log
INFO: Destroying: tileImprovement:4754
May 14, 2018 5:10:03 PM net.sf.freecol.common.util.LogBuilder log
INFO: Destroying: tileImprovement:4756
May 14, 2018 5:10:03 PM net.sf.freecol.common.util.LogBuilder log
INFO: Destroying: tileImprovement:5045
May 14, 2018 5:10:03 PM net.sf.freecol.common.util.LogBuilder log
INFO: Destroying: tileImprovement:5047
May 14, 2018 5:10:03 PM net.sf.freecol.common.util.LogBuilder log
INFO: Destroying: tileImprovement:5049
May 14, 2018 5:10:03 PM net.sf.freecol.common.util.LogBuilder log
INFO: Destroying: tileImprovement:4740
May 14, 2018 5:10:03 PM net.sf.freecol.common.util.LogBuilder log
INFO: Destroying: tileImprovement:4742
May 14, 2018 5:10:03 PM net.sf.freecol.common.util.LogBuilder log
INFO: Destroying: tileImprovement:4744
May 14, 2018 5:10:03 PM net.sf.freecol.common.util.LogBuilder log
INFO: Destroying: tileImprovement:5187
May 14, 2018 5:10:03 PM net.sf.freecol.common.util.LogBuilder log
INFO: Destroying: tileImprovement:5188
May 14, 2018 5:10:03 PM net.sf.freecol.common.util.LogBuilder log
INFO: Destroying: tileImprovement:5189
May 14, 2018 5:10:03 PM net.sf.freecol.common.util.LogBuilder log
INFO: Destroying: tileImprovement:5171
May 14, 2018 5:10:03 PM net.sf.freecol.common.util.LogBuilder log
INFO: Destroying: tileImprovement:5173
May 14, 2018 5:10:03 PM net.sf.freecol.common.util.LogBuilder log
INFO: Destroying: tileImprovement:5168
May 14, 2018 5:10:03 PM net.sf.freecol.common.util.LogBuilder log
INFO: Destroying: tileImprovement:5169
May 14, 2018 5:10:03 PM net.sf.freecol.common.util.LogBuilder log
INFO: Destroying: tileImprovement:5170
May 14, 2018 5:10:03 PM net.sf.freecol.common.util.LogBuilder log
INFO: Destroying: tileImprovement:4694
May 14, 2018 5:10:03 PM net.sf.freecol.common.util.LogBuilder log
INFO: Destroying: tileImprovement:4696
May 14, 2018 5:10:03 PM net.sf.freecol.common.util.LogBuilder log
INFO: Destroying: tileImprovement:4698
May 14, 2018 5:10:03 PM net.sf.freecol.common.util.LogBuilder log
INFO: Destroying: tileImprovement:4700
May 14, 2018 5:10:03 PM net.sf.freecol.common.util.LogBuilder log
INFO: Destroying: tileImprovement:4702
May 14, 2018 5:10:03 PM net.sf.freecol.common.util.LogBuilder log
INFO: Destroying: tileImprovement:5041
May 14, 2018 5:10:03 PM net.sf.freecol.common.util.LogBuilder log
INFO: Destroying: tileImprovement:5043
]]></system-err>
</testsuite>
