<?xml version="1.0" encoding="UTF-8" ?>
<testsuite errors="0" failures="0" hostname="KYLESLABTOP" name="net.sf.freecol.AllTests" skipped="0" tests="430" time="64.686" timestamp="2018-05-16T04:12:32">
  <properties>
    <property name="java.vendor" value="Oracle Corporation" />
    <property name="env.USERDOMAIN_ROAMINGPROFILE" value="KYLESLABTOP" />
    <property name="miglayout-core.jar" value="jars/miglayout-core-4.2.jar" />
    <property name="sun.java.launcher" value="SUN_STANDARD" />
    <property name="eclipse.pdebuild.templates" value="/C:/Users/Kyle/Documents/Eclipse/Eclipse4.5.1Mars32WCSPlugin/plugins/org.eclipse.pde.build_3.9.100.v20150521-1524/templates/" />
    <property name="sun.management.compiler" value="HotSpot Client Compiler" />
    <property name="env.UOIPME_REG_PATH" value="C:\Program Files\Intel Corporation\USB over IP" />
    <property name="env.PROMPT" value="$P$G" />
    <property name="freecol.javadoc.dir" value="C:\Users\Kyle\Documents\Eclipse\Eclipse4.5.1Mars32WCSPlugin\collegeworkspace204\FreeCol/doc/javadoc" />
    <property name="os.name" value="Windows 10" />
    <property name="sun.boot.class.path" value="C:\Program Files (x86)\Java\jre1.8.0_66\lib\resources.jar;C:\Program Files (x86)\Java\jre1.8.0_66\lib\rt.jar;C:\Program Files (x86)\Java\jre1.8.0_66\lib\sunrsasign.jar;C:\Program Files (x86)\Java\jre1.8.0_66\lib\jsse.jar;C:\Program Files (x86)\Java\jre1.8.0_66\lib\jce.jar;C:\Program Files (x86)\Java\jre1.8.0_66\lib\charsets.jar;C:\Program Files (x86)\Java\jre1.8.0_66\lib\jfr.jar;C:\Program Files (x86)\Java\jre1.8.0_66\classes" />
    <property name="env.COMPUTERNAME" value="KYLESLABTOP" />
    <property name="env.CommonProgramW6432" value="C:\Program Files\Common Files" />
    <property name="TODAY" value="May 16 2018" />
    <property name="env.ALLUSERSPROFILE" value="C:\ProgramData" />
    <property name="sun.desktop" value="windows" />
    <property name="java.vm.specification.vendor" value="Oracle Corporation" />
    <property name="ant.home" value="C:\Users\Kyle\Documents\Eclipse\Eclipse4.5.1Mars32WCSPlugin\plugins\org.apache.ant_1.9.6.v201510161327" />
    <property name="freecol.metaserver.jar.file" value="C:\Users\Kyle\Documents\Eclipse\Eclipse4.5.1Mars32WCSPlugin\collegeworkspace204\FreeCol/FreeCol-metaserver.jar" />
    <property name="java.runtime.version" value="1.8.0_66-b18" />
    <property name="env.HOMEPATH" value="\Users\Kyle" />
    <property name="user.name" value="Kyle" />
    <property name="freecol.overview.file" value="C:\Users\Kyle\Documents\Eclipse\Eclipse4.5.1Mars32WCSPlugin\collegeworkspace204\FreeCol/src/overview.html" />
    <property name="ant.file.type.FreeCol" value="file" />
    <property name="freecol.release.dir" value="C:\Users\Kyle\Documents\Eclipse\Eclipse4.5.1Mars32WCSPlugin\collegeworkspace204\FreeCol/dist" />
    <property name="user.language" value="en" />
    <property name="sun.boot.library.path" value="C:\Program Files (x86)\Java\jre1.8.0_66\bin" />
    <property name="ant.project.default-target" value="package" />
    <property name="ant.project.name" value="FreeCol" />
    <property name="DSTAMP" value="20180516" />
    <property name="cortado.jar" value="jars/cortado-0.6.0.jar" />
    <property name="java.version" value="1.8.0_66" />
    <property name="env.PROCESSOR_IDENTIFIER" value="Intel64 Family 6 Model 78 Stepping 3, GenuineIntel" />
    <property name="user.timezone" value="" />
    <property name="freecol.name" value="freecol" />
    <property name="env.TEMP" value="C:\Users\Kyle\AppData\Local\Temp" />
    <property name="sun.arch.data.model" value="32" />
    <property name="java.endorsed.dirs" value="C:\Program Files (x86)\Java\jre1.8.0_66\lib\endorsed" />
    <property name="env.PROCESSOR_ARCHITEW6432" value="AMD64" />
    <property name="sun.cpu.isalist" value="pentium_pro+mmx pentium_pro pentium+mmx pentium i486 i386 i86" />
    <property name="env.HOMEDRIVE" value="C:" />
    <property name="sun.jnu.encoding" value="Cp1252" />
    <property name="file.encoding.pkg" value="sun.io" />
    <property name="file.separator" value="\" />
    <property name="isOsWindows" value="true" />
    <property name="java.specification.name" value="Java Platform API Specification" />
    <property name="java.class.version" value="52.0" />
    <property name="user.country" value="US" />
    <property name="java.home" value="C:\Program Files (x86)\Java\jre1.8.0_66" />
    <property name="env.PSModulePath" value="C:\WINDOWS\system32\WindowsPowerShell\v1.0\Modules\" />
    <property name="env.APPDATA" value="C:\Users\Kyle\AppData\Roaming" />
    <property name="env.PUBLIC" value="C:\Users\Public" />
    <property name="java.vm.info" value="mixed mode, sharing" />
    <property name="env.ComSpec" value="C:\WINDOWS\system32\cmd.exe" />
    <property name="env.OS" value="Windows_NT" />
    <property name="env.CommonProgramFiles" value="C:\Program Files (x86)\Common Files" />
    <property name="ant.file" value="C:\Users\Kyle\Documents\Eclipse\Eclipse4.5.1Mars32WCSPlugin\collegeworkspace204\FreeCol\build.xml" />
    <property name="os.version" value="10.0" />
    <property name="env.ProgramW6432" value="C:\Program Files" />
    <property name="miglayout-swing.jar" value="jars/miglayout-swing-4.2.jar" />
    <property name="freecol.build.dir" value="C:\Users\Kyle\Documents\Eclipse\Eclipse4.5.1Mars32WCSPlugin\collegeworkspace204\FreeCol/build" />
    <property name="path.separator" value=";" />
    <property name="java.vm.version" value="25.66-b18" />
    <property name="java.target.version" value="1.8" />
    <property name="env.USERPROFILE" value="C:\Users\Kyle" />
    <property name="user.variant" value="" />
    <property name="ant.library.dir" value="C:\Users\Kyle\Documents\Eclipse\Eclipse4.5.1Mars32WCSPlugin\plugins\org.apache.ant_1.9.6.v201510161327\lib" />
    <property name="java.awt.printerjob" value="sun.awt.windows.WPrinterJob" />
    <property name="env.TMP" value="C:\Users\Kyle\AppData\Local\Temp" />
    <property name="freecol.packaging.dir" value="C:\Users\Kyle\Documents\Eclipse\Eclipse4.5.1Mars32WCSPlugin\collegeworkspace204\FreeCol/packaging" />
    <property name="env.FPS_BROWSER_USER_PROFILE_STRING" value="Default" />
    <property name="sun.io.unicode.encoding" value="UnicodeLittle" />
    <property name="awt.toolkit" value="sun.awt.windows.WToolkit" />
    <property name="user.script" value="" />
    <property name="ant.file.FreeCol" value="C:\Users\Kyle\Documents\Eclipse\Eclipse4.5.1Mars32WCSPlugin\collegeworkspace204\FreeCol\build.xml" />
    <property name="eclipse.pdebuild.scripts" value="/C:/Users/Kyle/Documents/Eclipse/Eclipse4.5.1Mars32WCSPlugin/plugins/org.eclipse.pde.build_3.9.100.v20150521-1524/scripts/" />
    <property name="freecol.rules.dir" value="C:\Users\Kyle\Documents\Eclipse\Eclipse4.5.1Mars32WCSPlugin\collegeworkspace204\FreeCol/data/rules" />
    <property name="user.home" value="C:\Users\Kyle" />
    <property name="env.ProgramData" value="C:\ProgramData" />
    <property name="env.VS140COMNTOOLS" value="C:\Program Files (x86)\Microsoft Visual Studio 14.0\Common7\Tools\" />
    <property name="env.SESSIONNAME" value="Console" />
    <property name="env.ProgramFiles(x86)" value="C:\Program Files (x86)" />
    <property name="test" value="AllTests" />
    <property name="java.specification.vendor" value="Oracle Corporation" />
    <property name="java.vendor.url" value="http://java.oracle.com/" />
    <property name="java.library.path" value="C:\Program Files (x86)\Java\jre1.8.0_66\bin;C:\WINDOWS\Sun\Java\bin;C:\WINDOWS\system32;C:\WINDOWS;C:/Program Files (x86)/Java/jre1.8.0_66/bin/client;C:/Program Files (x86)/Java/jre1.8.0_66/bin;C:/Program Files (x86)/Java/jre1.8.0_66/lib/i386;C:\ProgramData\Oracle\Java\javapath;C:\Program Files (x86)\Intel\iCLS Client\;C:\Program Files\Intel\iCLS Client\;C:\WINDOWS\system32;C:\WINDOWS;C:\WINDOWS\System32\Wbem;C:\WINDOWS\System32\WindowsPowerShell\v1.0\;C:\Program Files (x86)\Intel\Intel(R) Management Engine Components\DAL;C:\Program Files\Intel\Intel(R) Management Engine Components\DAL;C:\Program Files (x86)\Intel\Intel(R) Management Engine Components\IPT;C:\Program Files\Intel\Intel(R) Management Engine Components\IPT;c:\Program Files\Intel\IntelSGXPSW\bin\x64\Release\;c:\Program Files\Intel\IntelSGXPSW\bin\win32\Release\;C:\Program Files\Git\cmd;C:\Program Files\Intel\WiFi\bin\;C:\Program Files\Common Files\Intel\WirelessCommon\;C:\Program Files\nodejs\;C:\Users\Kyle\AppData\Local\Microsoft\WindowsApps;C:\Users\Kyle\AppData\Local\GitHubDesktop\bin;C:\Users\Kyle\AppData\Roaming\npm;C:\Users\Kyle\AppData\Local\Programs\radare2;C:\Users\Kyle\Documents\Eclipse\Eclipse4.5.1Mars32WCSPlugin;;." />
    <property name="env.NUMBER_OF_PROCESSORS" value="4" />
    <property name="java.vm.vendor" value="Oracle Corporation" />
    <property name="java.runtime.name" value="Java(TM) SE Runtime Environment" />
    <property name="ant.version" value="Apache Ant(TM) version 1.9.6 compiled on June 29 2015" />
    <property name="sun.java.command" value="org.apache.tools.ant.taskdefs.optional.junit.JUnitTestRunner net.sf.freecol.AllTests skipNonTests=false filtertrace=true haltOnError=false haltOnFailure=false formatter=org.apache.tools.ant.taskdefs.optional.junit.SummaryJUnitResultFormatter showoutput=false outputtoformatters=true logfailedtests=true threadid=0 logtestlistenerevents=false formatter=org.apache.tools.ant.taskdefs.optional.junit.XMLJUnitResultFormatter,C:\Users\Kyle\Documents\Eclipse\Eclipse4.5.1Mars32WCSPlugin\collegeworkspace204\FreeCol\build\report\xml\TEST-net.sf.freecol.AllTests.xml crashfile=C:\Users\Kyle\Documents\Eclipse\Eclipse4.5.1Mars32WCSPlugin\collegeworkspace204\FreeCol\junitvmwatcher1098662464067846497.properties propsfile=C:\Users\Kyle\Documents\Eclipse\Eclipse4.5.1Mars32WCSPlugin\collegeworkspace204\FreeCol\junit8219621625518543426.properties" />
    <property name="java.class.path" value="C:\Users\Kyle\Documents\Eclipse\Eclipse4.5.1Mars32WCSPlugin\collegeworkspace204\FreeCol\build;C:\Users\Kyle\Documents\Eclipse\Eclipse4.5.1Mars32WCSPlugin\collegeworkspace204\FreeCol\test\lib\junit.jar;C:\Users\Kyle\Documents\Eclipse\Eclipse4.5.1Mars32WCSPlugin\collegeworkspace204\FreeCol\jars\miglayout-swing-4.2.jar;C:\Users\Kyle\Documents\Eclipse\Eclipse4.5.1Mars32WCSPlugin\collegeworkspace204\FreeCol\jars\miglayout-core-4.2.jar;C:\Users\Kyle\Documents\Eclipse\Eclipse4.5.1Mars32WCSPlugin\collegeworkspace204\FreeCol\jars\commons-cli-1.1.jar;C:\Users\Kyle\Documents\Eclipse\Eclipse4.5.1Mars32WCSPlugin\collegeworkspace204\FreeCol\jars\cortado-0.6.0.jar;C:\Users\Kyle\Documents\Eclipse\Eclipse4.5.1Mars32WCSPlugin\collegeworkspace204\FreeCol\jars\jogg-0.0.17.jar;C:\Users\Kyle\Documents\Eclipse\Eclipse4.5.1Mars32WCSPlugin\collegeworkspace204\FreeCol\jars\jorbis-0.0.17.jar;C:\Users\Kyle\Documents\Eclipse\Eclipse4.5.1Mars32WCSPlugin\plugins\org.apache.ant_1.9.6.v201510161327\lib\ant-launcher.jar;C:\Users\Kyle\Documents\Eclipse\Eclipse4.5.1Mars32WCSPlugin\plugins\org.apache.ant_1.9.6.v201510161327\lib\ant.jar;C:\Users\Kyle\Documents\Eclipse\Eclipse4.5.1Mars32WCSPlugin\plugins\org.apache.ant_1.9.6.v201510161327\lib\ant-junit.jar;C:\Users\Kyle\Documents\Eclipse\Eclipse4.5.1Mars32WCSPlugin\plugins\org.apache.ant_1.9.6.v201510161327\lib\ant-junit4.jar" />
    <property name="TSTAMP" value="0012" />
    <property name="java.vm.specification.name" value="Java Virtual Machine Specification" />
    <property name="env.windir" value="C:\WINDOWS" />
    <property name="env.LOGONSERVER" value="\\KYLESLABTOP" />
    <property name="env.PROCESSOR_ARCHITECTURE" value="x86" />
    <property name="java.vm.specification.version" value="1.8" />
    <property name="sun.os.patch.level" value="" />
    <property name="sun.cpu.endian" value="little" />
    <property name="java.awt.headless" value="true" />
    <property name="env.OneDrive" value="C:\Users\Kyle\OneDrive" />
    <property name="env.ANT_HOME" value="C:\Users\Kyle\Documents\Eclipse\Eclipse4.5.1Mars32WCSPlugin\plugins\org.apache.ant_1.9.6.v201510161327" />
    <property name="env.ProgramFiles" value="C:\Program Files (x86)" />
    <property name="java.io.tmpdir" value="C:\Users\Kyle\AppData\Local\Temp\" />
    <property name="env.PROCESSOR_REVISION" value="4e03" />
    <property name="eclipse.pdebuild.home" value="/C:/Users/Kyle/Documents/Eclipse/Eclipse4.5.1Mars32WCSPlugin/plugins/org.eclipse.pde.build_3.9.100.v20150521-1524/./" />
    <property name="freecol.src.dir" value="C:\Users\Kyle\Documents\Eclipse\Eclipse4.5.1Mars32WCSPlugin\collegeworkspace204\FreeCol/src" />
    <property name="env.CommonProgramFiles(x86)" value="C:\Program Files (x86)\Common Files" />
    <property name="java.vendor.url.bug" value="http://bugreport.sun.com/bugreport/" />
    <property name="env.SystemRoot" value="C:\WINDOWS" />
    <property name="env.FPS_BROWSER_APP_PROFILE_STRING" value="Internet Explorer" />
    <property name="java.awt.graphicsenv" value="sun.awt.Win32GraphicsEnvironment" />
    <property name="os.arch" value="x86" />
    <property name="java.ext.dirs" value="C:\Program Files (x86)\Java\jre1.8.0_66\lib\ext;C:\WINDOWS\Sun\Java\lib\ext" />
    <property name="user.dir" value="C:\Users\Kyle\Documents\Eclipse\Eclipse4.5.1Mars32WCSPlugin\collegeworkspace204\FreeCol" />
    <property name="env.LOCALAPPDATA" value="C:\Users\Kyle\AppData\Local" />
    <property name="line.separator" value="&#xd;&#xa;" />
    <property name="java.vm.name" value="Java HotSpot(TM) Client VM" />
    <property name="env.PATHEXT" value=".COM;.EXE;.BAT;.CMD;.VBS;.VBE;.JS;.JSE;.WSF;.WSH;.MSC" />
    <property name="env.Path" value="C:/Program Files (x86)/Java/jre1.8.0_66/bin/client;C:/Program Files (x86)/Java/jre1.8.0_66/bin;C:/Program Files (x86)/Java/jre1.8.0_66/lib/i386;C:\ProgramData\Oracle\Java\javapath;C:\Program Files (x86)\Intel\iCLS Client\;C:\Program Files\Intel\iCLS Client\;C:\WINDOWS\system32;C:\WINDOWS;C:\WINDOWS\System32\Wbem;C:\WINDOWS\System32\WindowsPowerShell\v1.0\;C:\Program Files (x86)\Intel\Intel(R) Management Engine Components\DAL;C:\Program Files\Intel\Intel(R) Management Engine Components\DAL;C:\Program Files (x86)\Intel\Intel(R) Management Engine Components\IPT;C:\Program Files\Intel\Intel(R) Management Engine Components\IPT;c:\Program Files\Intel\IntelSGXPSW\bin\x64\Release\;c:\Program Files\Intel\IntelSGXPSW\bin\win32\Release\;C:\Program Files\Git\cmd;C:\Program Files\Intel\WiFi\bin\;C:\Program Files\Common Files\Intel\WirelessCommon\;C:\Program Files\nodejs\;C:\Users\Kyle\AppData\Local\Microsoft\WindowsApps;C:\Users\Kyle\AppData\Local\GitHubDesktop\bin;C:\Users\Kyle\AppData\Roaming\npm;C:\Users\Kyle\AppData\Local\Programs\radare2;C:\Users\Kyle\Documents\Eclipse\Eclipse4.5.1Mars32WCSPlugin;" />
    <property name="basedir" value="C:\Users\Kyle\Documents\Eclipse\Eclipse4.5.1Mars32WCSPlugin\collegeworkspace204\FreeCol" />
    <property name="ant.java.version" value="1.8" />
    <property name="freecol.jar.file" value="C:\Users\Kyle\Documents\Eclipse\Eclipse4.5.1Mars32WCSPlugin\collegeworkspace204\FreeCol/FreeCol.jar" />
    <property name="ant.core.lib" value="C:\Users\Kyle\Documents\Eclipse\Eclipse4.5.1Mars32WCSPlugin\plugins\org.apache.ant_1.9.6.v201510161327\lib\ant.jar" />
    <property name="env.USERNAME" value="Kyle" />
    <property name="cli.jar" value="jars/commons-cli-1.1.jar" />
    <property name="env.SystemDrive" value="C:" />
    <property name="file.encoding" value="Cp1252" />
    <property name="freecol.data.dir" value="C:\Users\Kyle\Documents\Eclipse\Eclipse4.5.1Mars32WCSPlugin\collegeworkspace204\FreeCol/data" />
    <property name="freecol.doc.dir" value="C:\Users\Kyle\Documents\Eclipse\Eclipse4.5.1Mars32WCSPlugin\collegeworkspace204\FreeCol/doc" />
    <property name="env.USERDOMAIN" value="KYLESLABTOP" />
    <property name="java.specification.version" value="1.8" />
    <property name="ant.project.invoked-targets" value="testall" />
    <property name="env.PROCESSOR_LEVEL" value="6" />
  </properties>
  <testcase classname="net.sf.freecol.common.i18n.CLDRTest" name="testRuleParsing" time="0.117" />
  <testcase classname="net.sf.freecol.common.i18n.CLDRTest" name="testPlurals" time="0.006" />
  <testcase classname="net.sf.freecol.common.i18n.MessagesTest" name="testReplaceArbitraryTag" time="0.045" />
  <testcase classname="net.sf.freecol.common.i18n.MessagesTest" name="testReplaceNumber" time="0.039" />
  <testcase classname="net.sf.freecol.common.i18n.MessagesTest" name="testReplaceChoicesGrammar" time="0.03" />
  <testcase classname="net.sf.freecol.common.i18n.MessagesTest" name="testMessageWithSpecialChars" time="0.039" />
  <testcase classname="net.sf.freecol.common.i18n.MessagesTest" name="testReplaceGarbage" time="0.039" />
  <testcase classname="net.sf.freecol.common.i18n.MessagesTest" name="testAbstractUnitDescription" time="0.033" />
  <testcase classname="net.sf.freecol.common.i18n.MessagesTest" name="testChangeLocaleSettings" time="0.139" />
  <testcase classname="net.sf.freecol.common.i18n.MessagesTest" name="testMessageString" time="0.035" />
  <testcase classname="net.sf.freecol.common.i18n.MessagesTest" name="testNestedChoices" time="0.03" />
  <testcase classname="net.sf.freecol.common.i18n.MessagesTest" name="testStringTemplates" time="0.656" />
  <testcase classname="net.sf.freecol.common.i18n.MessagesTest" name="testReplaceChoicesPlural" time="0.039" />
  <testcase classname="net.sf.freecol.common.i18n.MessagesTest" name="testUnitDescription" time="0.058" />
  <testcase classname="net.sf.freecol.common.i18n.MessagesTest" name="testREFMessages" time="0.031" />
  <testcase classname="net.sf.freecol.common.io.ModTest" name="testGetRuleSets" time="0.009" />
  <testcase classname="net.sf.freecol.common.io.ModTest" name="testGetAllMods" time="0.033" />
  <testcase classname="net.sf.freecol.common.option.OptionTest" name="testGameOptions" time="0.002" />
  <testcase classname="net.sf.freecol.common.option.OptionTest" name="testUnitListOption" time="0.0" />
  <testcase classname="net.sf.freecol.common.option.OptionTest" name="testInheritsEditable" time="0.001" />
  <testcase classname="net.sf.freecol.common.option.OptionTest" name="testCloneIntegerOption" time="0.0" />
  <testcase classname="net.sf.freecol.common.model.SpecificationTest" name="testExtendsDelete" time="0.184" />
  <testcase classname="net.sf.freecol.common.model.SpecificationTest" name="testLoadMods" time="0.058" />
  <testcase classname="net.sf.freecol.common.model.SpecificationTest" name="testExtends" time="0.109" />
  <testcase classname="net.sf.freecol.common.model.SpecificationTest" name="testModifiers" time="0.0" />
  <testcase classname="net.sf.freecol.common.model.SpecificationTest" name="testLoad" time="0.06" />
  <testcase classname="net.sf.freecol.common.model.SpecificationTest" name="testNationTypes" time="0.0" />
  <testcase classname="net.sf.freecol.common.model.SpecificationTest" name="testGetDefaultUnitType" time="0.004" />
  <testcase classname="net.sf.freecol.common.model.SpecificationTest" name="testGoodsTypes" time="0.0" />
  <testcase classname="net.sf.freecol.common.model.SpecificationTest" name="testFoundingFathers" time="0.001" />
  <testcase classname="net.sf.freecol.common.model.SpecificationTest" name="testRequiredAbilitiesForRoles" time="0.0" />
  <testcase classname="net.sf.freecol.common.model.SpecificationTest" name="testNations" time="0.0" />
  <testcase classname="net.sf.freecol.common.model.SpecificationTest" name="testUnitAbilities" time="0.0" />
  <testcase classname="net.sf.freecol.common.model.BaseCostDeciderTest" name="testNavalUnitMoveToTileWithSettlement" time="0.091" />
  <testcase classname="net.sf.freecol.common.model.BaseCostDeciderTest" name="testInvalidMoveThroughTileWithSettlement" time="0.009" />
  <testcase classname="net.sf.freecol.common.model.BaseCostDeciderTest" name="testGetRemainingMovesAndNewTurn" time="0.008" />
  <testcase classname="net.sf.freecol.common.model.BaseCostDeciderTest" name="testGetCostLandLand" time="0.01" />
  <testcase classname="net.sf.freecol.common.model.BaseCostDeciderTest" name="testInvalidMoveOfLandUnitToAnOceanTile" time="0.011" />
  <testcase classname="net.sf.freecol.common.model.BaseCostDeciderTest" name="testInvalidMoveOfNavalUnitToALandTile" time="0.006" />
  <testcase classname="net.sf.freecol.common.model.BuildingTest" name="testStockade" time="0.035" />
  <testcase classname="net.sf.freecol.common.model.BuildingTest" name="testCottonClothProduction" time="0.024" />
  <testcase classname="net.sf.freecol.common.model.BuildingTest" name="testPasture" time="0.028" />
  <testcase classname="net.sf.freecol.common.model.BuildingTest" name="testCanBuildNext" time="0.01" />
  <testcase classname="net.sf.freecol.common.model.BuildingTest" name="testFortRequiresMinimumPopulation" time="0.02" />
  <testcase classname="net.sf.freecol.common.model.BuildingTest" name="testUnitProduction" time="0.039" />
  <testcase classname="net.sf.freecol.common.model.BuildingTest" name="testPrintingPressBonus" time="0.036" />
  <testcase classname="net.sf.freecol.common.model.BuildingTest" name="testCanAddToBuilding" time="0.036" />
  <testcase classname="net.sf.freecol.common.model.BuildingTest" name="testToolsMusketProduction" time="0.047" />
  <testcase classname="net.sf.freecol.common.model.BuildingTest" name="testFortressRequiresMinimumPopulation" time="0.017" />
  <testcase classname="net.sf.freecol.common.model.BuildingTest" name="testSerialize" time="0.028" />
  <testcase classname="net.sf.freecol.common.model.BuildingTest" name="testTownhallProduction" time="0.019" />
  <testcase classname="net.sf.freecol.common.model.BuildingTest" name="testChurch" time="0.042" />
  <testcase classname="net.sf.freecol.common.model.BuildingTest" name="testInitialColony" time="0.008" />
  <testcase classname="net.sf.freecol.common.model.BuildingTest" name="testStockadeRequiresMinimumPopulation" time="0.013" />
  <testcase classname="net.sf.freecol.common.model.BuildingTest" name="testNewspaperBonus" time="0.031" />
  <testcase classname="net.sf.freecol.common.model.BuildingTest" name="testCanAddToSchool" time="0.027" />
  <testcase classname="net.sf.freecol.common.model.ColonyTest" name="testCopyColony" time="0.065" />
  <testcase classname="net.sf.freecol.common.model.ColonyTest" name="testFoundColony" time="0.018" />
  <testcase classname="net.sf.freecol.common.model.ColonyTest" name="testTeaParty" time="0.013" />
  <testcase classname="net.sf.freecol.common.model.ColonyTest" name="testAddUnitToColony" time="0.033" />
  <testcase classname="net.sf.freecol.common.model.ColonyTest" name="testCurrentlyBuilding" time="0.006" />
  <testcase classname="net.sf.freecol.common.model.ColonyTest" name="testBuildQueueDoesNotAcceptBuildingDoubles" time="0.007" />
  <testcase classname="net.sf.freecol.common.model.ColonyTest" name="testBuildQueueAcceptsUnitDoubles" time="0.053" />
  <testcase classname="net.sf.freecol.common.model.ColonyTest" name="testUpkeep" time="0.01" />
  <testcase classname="net.sf.freecol.common.model.ColonyTest" name="testUnderSiege" time="0.009" />
  <testcase classname="net.sf.freecol.common.model.ColonyTest" name="testOccupationWithFood" time="0.019" />
  <testcase classname="net.sf.freecol.common.model.ColonyProductionTest" name="testNoHorsesOverProduction" time="0.005" />
  <testcase classname="net.sf.freecol.common.model.ColonyProductionTest" name="testBellNetProduction" time="0.007" />
  <testcase classname="net.sf.freecol.common.model.ColonyProductionTest" name="testProductionMap" time="0.0" />
  <testcase classname="net.sf.freecol.common.model.ColonyProductionTest" name="testProductionSoldier" time="0.006" />
  <testcase classname="net.sf.freecol.common.model.ColonyProductionTest" name="testConsumers" time="0.016" />
  <testcase classname="net.sf.freecol.common.model.ColonyProductionTest" name="testProductionPioneer" time="0.004" />
  <testcase classname="net.sf.freecol.common.model.ColonyProductionTest" name="testProduction" time="0.006" />
  <testcase classname="net.sf.freecol.common.model.ColonyProductionTest" name="testGetPotentialProduction" time="0.006" />
  <testcase classname="net.sf.freecol.common.model.CombatTest" name="testCaptureConvert" time="0.738" />
  <testcase classname="net.sf.freecol.common.model.CombatTest" name="testGalleonAttackedByPrivateer" time="0.005" />
  <testcase classname="net.sf.freecol.common.model.CombatTest" name="testDefendColonyWithUnarmedColonist" time="0.027" />
  <testcase classname="net.sf.freecol.common.model.CombatTest" name="testRegulars" time="0.304" />
  <testcase classname="net.sf.freecol.common.model.CombatTest" name="testSpanishAgainstNatives" time="0.012" />
  <testcase classname="net.sf.freecol.common.model.CombatTest" name="testColonistAttackedByVeteran" time="0.003" />
  <testcase classname="net.sf.freecol.common.model.CombatTest" name="testAttackIgnoresMovementPoints" time="0.005" />
  <testcase classname="net.sf.freecol.common.model.CombatTest" name="testAttackShipWithLandUnit" time="0.005" />
  <testcase classname="net.sf.freecol.common.model.CombatTest" name="testDefendColonyWithRevere" time="0.008" />
  <testcase classname="net.sf.freecol.common.model.CombatTest" name="testDefendSettlement" time="0.013" />
  <testcase classname="net.sf.freecol.common.model.DisasterTest" name="testDisastersPresent" time="0.001" />
  <testcase classname="net.sf.freecol.common.model.EuropeTest" name="testMissionary" time="0.002" />
  <testcase classname="net.sf.freecol.common.model.FoundingFatherTest" name="testAddAllFathers" time="0.01" />
  <testcase classname="net.sf.freecol.common.model.FoundingFatherTest" name="testAvailableTo" time="0.006" />
  <testcase classname="net.sf.freecol.common.model.FoundingFatherTest" name="testFeatures" time="0.002" />
  <testcase classname="net.sf.freecol.common.model.FoundingFatherTest" name="testBellsRequired" time="0.002" />
  <testcase classname="net.sf.freecol.common.model.GameTest" name="testGame" time="0.003" />
  <testcase classname="net.sf.freecol.common.model.GameTest" name="testTurn" time="0.0" />
  <testcase classname="net.sf.freecol.common.model.GameTest" name="testAddPlayer" time="0.001" />
  <testcase classname="net.sf.freecol.common.model.GoodsTest" name="testGetTakeSpace" time="0.012" />
  <testcase classname="net.sf.freecol.common.model.GoodsTest" name="testGetInputType" time="0.0" />
  <testcase classname="net.sf.freecol.common.model.GoodsTest" name="testSetGetAmount" time="0.005" />
  <testcase classname="net.sf.freecol.common.model.GoodsTest" name="testGoodsGameLocationIntInt" time="0.004" />
  <testcase classname="net.sf.freecol.common.model.GoodsTest" name="testToString" time="0.102" />
  <testcase classname="net.sf.freecol.common.model.GoodsTest" name="testBuildingMaterials" time="0.0" />
  <testcase classname="net.sf.freecol.common.model.GoodsTest" name="testIsFarmedGoods" time="0.0" />
  <testcase classname="net.sf.freecol.common.model.GoodsTest" name="testGetName" time="0.004" />
  <testcase classname="net.sf.freecol.common.model.GoodsTest" name="testSerialize" time="0.068" />
  <testcase classname="net.sf.freecol.common.model.GoodsTest" name="testGetOutputType" time="0.0" />
  <testcase classname="net.sf.freecol.common.model.GoodsTest" name="testMilitaryGoods" time="0.0" />
  <testcase classname="net.sf.freecol.common.model.GoodsTest" name="testTradeGoods" time="0.0" />
  <testcase classname="net.sf.freecol.common.model.GoodsTest" name="testProductionChain" time="0.0" />
  <testcase classname="net.sf.freecol.common.model.GoodsTest" name="testAdjustAmount" time="0.004" />
  <testcase classname="net.sf.freecol.common.model.GoodsTest" name="testSetOwner" time="0.009" />
  <testcase classname="net.sf.freecol.common.model.GoodsContainerTest" name="testContainer" time="0.006" />
  <testcase classname="net.sf.freecol.common.model.IndianSettlementTest" name="testAutomaticEquipBraves" time="0.003" />
  <testcase classname="net.sf.freecol.common.model.IndianSettlementTest" name="testSettlementDoesNotOwnWaterTiles" time="0.004" />
  <testcase classname="net.sf.freecol.common.model.IndianSettlementTest" name="testTradeGoodsWithSetlement" time="0.003" />
  <testcase classname="net.sf.freecol.common.model.IndividualFatherTest" name="testPaine" time="0.019" />
  <testcase classname="net.sf.freecol.common.model.IndividualFatherTest" name="testBolivar" time="0.01" />
  <testcase classname="net.sf.freecol.common.model.IndividualFatherTest" name="testBrebeuf" time="0.002" />
  <testcase classname="net.sf.freecol.common.model.IndividualFatherTest" name="testStuyvesant" time="0.009" />
  <testcase classname="net.sf.freecol.common.model.IndividualFatherTest" name="testBrewster" time="0.002" />
  <testcase classname="net.sf.freecol.common.model.IndividualFatherTest" name="testCortes" time="0.017" />
  <testcase classname="net.sf.freecol.common.model.IndividualFatherTest" name="testDeWitt" time="0.004" />
  <testcase classname="net.sf.freecol.common.model.IndividualFatherTest" name="testJefferson" time="0.01" />
  <testcase classname="net.sf.freecol.common.model.IndividualFatherTest" name="testMinuit" time="0.007" />
  <testcase classname="net.sf.freecol.common.model.IndividualFatherTest" name="testRevere" time="0.014" />
  <testcase classname="net.sf.freecol.common.model.IndividualFatherTest" name="testDeLasCasas" time="0.009" />
  <testcase classname="net.sf.freecol.common.model.LimitTest" name="testSuccessionLimits" time="0.009" />
  <testcase classname="net.sf.freecol.common.model.LimitTest" name="testWagonTrainLimit" time="0.015" />
  <testcase classname="net.sf.freecol.common.model.LimitTest" name="testOperand" time="0.0" />
  <testcase classname="net.sf.freecol.common.model.LimitTest" name="testIndependenceLimits" time="0.017" />
  <testcase classname="net.sf.freecol.common.model.MapTest" name="testSearchForColony" time="0.063" />
  <testcase classname="net.sf.freecol.common.model.MapTest" name="testCopy" time="0.025" />
  <testcase classname="net.sf.freecol.common.model.MapTest" name="testNoPathAvailableDueToUnitInTheWay" time="0.004" />
  <testcase classname="net.sf.freecol.common.model.MapTest" name="testGetAllTiles" time="0.002" />
  <testcase classname="net.sf.freecol.common.model.MapTest" name="testGetSurroundingTiles" time="0.008" />
  <testcase classname="net.sf.freecol.common.model.MapTest" name="testMapGameInt" time="0.002" />
  <testcase classname="net.sf.freecol.common.model.MapTest" name="testLatitude" time="0.003" />
  <testcase classname="net.sf.freecol.common.model.MapTest" name="testRandomDirection" time="0.002" />
  <testcase classname="net.sf.freecol.common.model.MapTest" name="testShortestPathObstructed" time="0.004" />
  <testcase classname="net.sf.freecol.common.model.MapTest" name="testFindPath" time="0.236" />
  <testcase classname="net.sf.freecol.common.model.MapTest" name="testMoveThroughTileWithEnemyUnit" time="0.006" />
  <testcase classname="net.sf.freecol.common.model.MapTest" name="testNoPathAvailableDueToColonyInTheWay" time="0.012" />
  <testcase classname="net.sf.freecol.common.model.MapTest" name="testNoPathAvailableDueToCampInTheWay" time="0.009" />
  <testcase classname="net.sf.freecol.common.model.MapTest" name="testGetReverseDirection" time="0.0" />
  <testcase classname="net.sf.freecol.common.model.MarketTest" name="testSerialization" time="0.0" />
  <testcase classname="net.sf.freecol.common.model.MarketTest" name="testTransactionListeners" time="0.0" />
  <testcase classname="net.sf.freecol.common.model.MarketTest" name="testInitialMarket" time="0.003" />
  <testcase classname="net.sf.freecol.common.model.ModelMessageTest" name="testDefaultId" time="0.008" />
  <testcase classname="net.sf.freecol.common.model.ModelMessageTest" name="testHashCode" time="0.011" />
  <testcase classname="net.sf.freecol.common.model.ModelMessageTest" name="testModelMapSet2" time="0.01" />
  <testcase classname="net.sf.freecol.common.model.ModifierTest" name="testScope" time="0.001" />
  <testcase classname="net.sf.freecol.common.model.ModifierTest" name="testCombinedModifier" time="0.001" />
  <testcase classname="net.sf.freecol.common.model.ModifierTest" name="testPercentageModifier" time="0.001" />
  <testcase classname="net.sf.freecol.common.model.ModifierTest" name="testHashEquals" time="0.003" />
  <testcase classname="net.sf.freecol.common.model.ModifierTest" name="testAdditiveModifier" time="0.0" />
  <testcase classname="net.sf.freecol.common.model.ModifierTest" name="testTimeLimits" time="0.001" />
  <testcase classname="net.sf.freecol.common.model.ModifierTest" name="testCombinePercentageModifiers" time="0.0" />
  <testcase classname="net.sf.freecol.common.model.ModifierTest" name="testModifierUnknown" time="0.0" />
  <testcase classname="net.sf.freecol.common.model.ModifierTest" name="testCombineMultiplicativeModifiers" time="0.0" />
  <testcase classname="net.sf.freecol.common.model.ModifierTest" name="testMultiplicativeModifier" time="0.0" />
  <testcase classname="net.sf.freecol.common.model.ModifierTest" name="testIncrements" time="0.001" />
  <testcase classname="net.sf.freecol.common.model.ModifierTest" name="testCombineAdditiveModifiers" time="0.001" />
  <testcase classname="net.sf.freecol.common.model.MonarchTest" name="testTaxActionChoices" time="0.022" />
  <testcase classname="net.sf.freecol.common.model.MonarchTest" name="testSerialize" time="0.003" />
  <testcase classname="net.sf.freecol.common.model.MovementTest" name="testMoveAlongRoad" time="0.006" />
  <testcase classname="net.sf.freecol.common.model.MovementTest" name="testMoveAlongRiver" time="0.006" />
  <testcase classname="net.sf.freecol.common.model.MovementTest" name="testMoveFromPlainsToHills" time="0.004" />
  <testcase classname="net.sf.freecol.common.model.MovementTest" name="testMoveFromPlainsToPlains" time="0.004" />
  <testcase classname="net.sf.freecol.common.model.MovementTest" name="testScoutIndianSettlement" time="0.006" />
  <testcase classname="net.sf.freecol.common.model.MovementTest" name="testScoutColony" time="0.019" />
  <testcase classname="net.sf.freecol.common.model.NationTypeTest" name="testSettlementType" time="0.001" />
  <testcase classname="net.sf.freecol.common.model.NationTypeTest" name="testIsREF" time="0.0" />
  <testcase classname="net.sf.freecol.common.model.NationTypeTest" name="testisRef" time="0.001" />
  <testcase classname="net.sf.freecol.common.model.NationTypeTest" name="testAdvantagesThatOnlyApplyToPersons" time="0.01" />
  <testcase classname="net.sf.freecol.common.model.NationTypeTest" name="testHasType" time="0.001" />
  <testcase classname="net.sf.freecol.common.model.NationTypeTest" name="testStartingUnits" time="0.005" />
  <testcase classname="net.sf.freecol.common.model.PlayerTest" name="testAddAnotherPlayersUnit" time="0.004" />
  <testcase classname="net.sf.freecol.common.model.PlayerTest" name="testFreecolPlayers" time="0.008" />
  <testcase classname="net.sf.freecol.common.model.PlayerTest" name="testTension" time="0.002" />
  <testcase classname="net.sf.freecol.common.model.PlayerTest" name="testUnits" time="0.004" />
  <testcase classname="net.sf.freecol.common.model.PlayerTest" name="testClassicPlayers" time="0.014" />
  <testcase classname="net.sf.freecol.common.model.ProductionTypeTest" name="testOtherBuildings" time="0.001" />
  <testcase classname="net.sf.freecol.common.model.ProductionTypeTest" name="testRainForest" time="0.001" />
  <testcase classname="net.sf.freecol.common.model.ProductionTypeTest" name="testHorseProduction" time="0.0" />
  <testcase classname="net.sf.freecol.common.model.ProductionTypeTest" name="testSavannah" time="0.0" />
  <testcase classname="net.sf.freecol.common.model.ProductionTypeTest" name="testHills" time="0.0" />
  <testcase classname="net.sf.freecol.common.model.ProductionTypeTest" name="testMarsh" time="0.0" />
  <testcase classname="net.sf.freecol.common.model.ProductionTypeTest" name="testOcean" time="0.001" />
  <testcase classname="net.sf.freecol.common.model.ProductionTypeTest" name="testSwamp" time="0.0" />
  <testcase classname="net.sf.freecol.common.model.ProductionTypeTest" name="testCoatProduction" time="0.0" />
  <testcase classname="net.sf.freecol.common.model.ProductionTypeTest" name="testLake" time="0.001" />
  <testcase classname="net.sf.freecol.common.model.ProductionTypeTest" name="testHighSeas" time="0.0" />
  <testcase classname="net.sf.freecol.common.model.ProductionTypeTest" name="testPrairie" time="0.0" />
  <testcase classname="net.sf.freecol.common.model.ProductionTypeTest" name="testWetlandForest" time="0.001" />
  <testcase classname="net.sf.freecol.common.model.ProductionTypeTest" name="testGrassland" time="0.0" />
  <testcase classname="net.sf.freecol.common.model.ProductionTypeTest" name="testBroadleafForest" time="0.0" />
  <testcase classname="net.sf.freecol.common.model.ProductionTypeTest" name="testCrossProduction" time="0.0" />
  <testcase classname="net.sf.freecol.common.model.ProductionTypeTest" name="testGreatRiver" time="0.0" />
  <testcase classname="net.sf.freecol.common.model.ProductionTypeTest" name="testToolsProduction" time="0.0" />
  <testcase classname="net.sf.freecol.common.model.ProductionTypeTest" name="testMixedForest" time="0.001" />
  <testcase classname="net.sf.freecol.common.model.ProductionTypeTest" name="testBorealForest" time="0.0" />
  <testcase classname="net.sf.freecol.common.model.ProductionTypeTest" name="testBellProduction" time="0.0" />
  <testcase classname="net.sf.freecol.common.model.ProductionTypeTest" name="testClothProduction" time="0.0" />
  <testcase classname="net.sf.freecol.common.model.ProductionTypeTest" name="testMountains" time="0.0" />
  <testcase classname="net.sf.freecol.common.model.ProductionTypeTest" name="testArctic" time="0.0" />
  <testcase classname="net.sf.freecol.common.model.ProductionTypeTest" name="testConiferForest" time="0.0" />
  <testcase classname="net.sf.freecol.common.model.ProductionTypeTest" name="testDesert" time="0.0" />
  <testcase classname="net.sf.freecol.common.model.ProductionTypeTest" name="testHammerProduction" time="0.0" />
  <testcase classname="net.sf.freecol.common.model.ProductionTypeTest" name="testPlains" time="0.0" />
  <testcase classname="net.sf.freecol.common.model.ProductionTypeTest" name="testMusketProduction" time="0.0" />
  <testcase classname="net.sf.freecol.common.model.ProductionTypeTest" name="testCigarProduction" time="0.001" />
  <testcase classname="net.sf.freecol.common.model.ProductionTypeTest" name="testTundra" time="0.0" />
  <testcase classname="net.sf.freecol.common.model.ProductionTypeTest" name="testRumProduction" time="0.001" />
  <testcase classname="net.sf.freecol.common.model.ProductionTypeTest" name="testTropicalForest" time="0.001" />
  <testcase classname="net.sf.freecol.common.model.ProductionTypeTest" name="testScrubForest" time="0.0" />
  <testcase classname="net.sf.freecol.common.model.RandomRangeTest" name="testRandomRange" time="0.001" />
  <testcase classname="net.sf.freecol.common.model.RoleTest" name="testRoleComparator" time="0.0" />
  <testcase classname="net.sf.freecol.common.model.RoleTest" name="testMilitaryRoles" time="0.003" />
  <testcase classname="net.sf.freecol.common.model.RoleTest" name="testGoodsDifference" time="0.001" />
  <testcase classname="net.sf.freecol.common.model.RoleTest" name="testCompatibleRoles" time="0.0" />
  <testcase classname="net.sf.freecol.common.model.RoleTest" name="testGetRoleWithAbility" time="0.003" />
  <testcase classname="net.sf.freecol.common.model.SchoolTest" name="testEducationOption" time="0.016" />
  <testcase classname="net.sf.freecol.common.model.SchoolTest" name="testChangeTeachers" time="0.012" />
  <testcase classname="net.sf.freecol.common.model.SchoolTest" name="testUpgrades" time="0.001" />
  <testcase classname="net.sf.freecol.common.model.ScopeTest" name="testEmptyScope" time="0.0" />
  <testcase classname="net.sf.freecol.common.model.ScopeTest" name="testMethodScope" time="0.0" />
  <testcase classname="net.sf.freecol.common.model.ScopeTest" name="testCombinedScope" time="0.001" />
  <testcase classname="net.sf.freecol.common.model.ScopeTest" name="testTypeScope" time="0.001" />
  <testcase classname="net.sf.freecol.common.model.ScopeTest" name="testAbilityScope" time="0.0" />
  <testcase classname="net.sf.freecol.common.model.ScopeTest" name="testEquality" time="0.001" />
  <testcase classname="net.sf.freecol.common.model.ScopeTest" name="testMatchesNull" time="0.0" />
  <testcase classname="net.sf.freecol.common.model.ScopeTest" name="testGameObjects" time="0.01" />
  <testcase classname="net.sf.freecol.common.model.SerializationTest" name="testMapAmerica" time="1.047" />
  <testcase classname="net.sf.freecol.common.model.SerializationTest" name="testSpecification" time="0.16" />
  <testcase classname="net.sf.freecol.common.model.SerializationTest" name="testValidation" time="0.577" />
  <testcase classname="net.sf.freecol.common.model.SerializationTest" name="testStringTemplate" time="0.022" />
  <testcase classname="net.sf.freecol.common.model.SerializationTest" name="testMapAfrica" time="0.365" />
  <testcase classname="net.sf.freecol.common.model.SerializationTest" name="testMapCaribbean" time="0.173" />
  <testcase classname="net.sf.freecol.common.model.SerializationTest" name="testDifficulty" time="0.136" />
  <testcase classname="net.sf.freecol.common.model.SerializationTest" name="testGeneratedLists" time="0.088" />
  <testcase classname="net.sf.freecol.common.model.SerializationTest" name="testMapAustralia" time="0.255" />
  <testcase classname="net.sf.freecol.common.model.SettlementTest" name="testColonyClaimsWater" time="0.004" />
  <testcase classname="net.sf.freecol.common.model.SettlementTest" name="testLineOfSight" time="0.004" />
  <testcase classname="net.sf.freecol.common.model.SettlementTest" name="testSettlementRadius" time="0.011" />
  <testcase classname="net.sf.freecol.common.model.SettlementTest" name="testCanImproveUnitMilitaryRole" time="0.011" />
  <testcase classname="net.sf.freecol.common.model.SettlementTest" name="testSettlementDoesNotClaimWater" time="0.003" />
  <testcase classname="net.sf.freecol.common.model.SettlementTest" name="testColonyRadius" time="0.003" />
  <testcase classname="net.sf.freecol.common.model.SoLTest" name="testSoL" time="0.014" />
  <testcase classname="net.sf.freecol.common.model.TileImprovementTest" name="testRiverWithExtras" time="0.001" />
  <testcase classname="net.sf.freecol.common.model.TileImprovementTest" name="testRiverNoExtras" time="0.001" />
  <testcase classname="net.sf.freecol.common.model.TileImprovementTest" name="testAllFrills" time="0.001" />
  <testcase classname="net.sf.freecol.common.model.TileImprovementTest" name="testOldStyle" time="0.0" />
  <testcase classname="net.sf.freecol.common.model.TileImprovementTest" name="testEquality" time="0.0" />
  <testcase classname="net.sf.freecol.common.model.TileItemContainerTest" name="testCopyFromWithEveryThing" time="0.011" />
  <testcase classname="net.sf.freecol.common.model.TileTest" name="testTileTypeChangeProduction" time="0.0" />
  <testcase classname="net.sf.freecol.common.model.TileTest" name="testDefenceModifiers" time="0.0" />
  <testcase classname="net.sf.freecol.common.model.TileTest" name="testPrimarySecondaryGoods" time="0.006" />
  <testcase classname="net.sf.freecol.common.model.TileTest" name="testPotential" time="0.002" />
  <testcase classname="net.sf.freecol.common.model.TileTest" name="testCopy" time="0.006" />
  <testcase classname="net.sf.freecol.common.model.TileTest" name="testImprovements" time="0.002" />
  <testcase classname="net.sf.freecol.common.model.TileTest" name="testMinerals" time="0.004" />
  <testcase classname="net.sf.freecol.common.model.TileTest" name="testMaximumPotential" time="0.003" />
  <testcase classname="net.sf.freecol.common.model.TileTest" name="testIsTileTypeAllowed" time="0.001" />
  <testcase classname="net.sf.freecol.common.model.TileTest" name="testGetWorkAmount" time="0.005" />
  <testcase classname="net.sf.freecol.common.model.TileTest" name="testGetBestDisembarkTile" time="0.018" />
  <testcase classname="net.sf.freecol.common.model.TileTest" name="testColonyImprovements" time="0.003" />
  <testcase classname="net.sf.freecol.common.model.TileTest" name="testConiferForest" time="0.018" />
  <testcase classname="net.sf.freecol.common.model.TileTest" name="testProductionModifiers" time="0.007" />
  <testcase classname="net.sf.freecol.common.model.TileTest" name="testZIndex" time="0.0" />
  <testcase classname="net.sf.freecol.common.model.TradeRouteTest" name="testTradeRoute" time="0.036" />
  <testcase classname="net.sf.freecol.common.model.UnitTest" name="testIsColonist" time="0.005" />
  <testcase classname="net.sf.freecol.common.model.UnitTest" name="testElement" time="0.011" />
  <testcase classname="net.sf.freecol.common.model.UnitTest" name="testUnitLosesExperienceWithRoleChange" time="0.003" />
  <testcase classname="net.sf.freecol.common.model.UnitTest" name="testUnitAvailability" time="0.002" />
  <testcase classname="net.sf.freecol.common.model.UnitTest" name="testOwnerChange" time="0.073" />
  <testcase classname="net.sf.freecol.common.model.UnitTest" name="testIndianDies" time="0.005" />
  <testcase classname="net.sf.freecol.common.model.UnitTest" name="testGetMovesAsString" time="0.006" />
  <testcase classname="net.sf.freecol.common.model.UnitTest" name="testCopy" time="0.01" />
  <testcase classname="net.sf.freecol.common.model.UnitTest" name="testDefaultRole" time="0.0" />
  <testcase classname="net.sf.freecol.common.model.UnitTest" name="testMissionary" time="0.011" />
  <testcase classname="net.sf.freecol.common.model.UnitTest" name="testUnitCanBuildColony" time="0.006" />
  <testcase classname="net.sf.freecol.common.model.UnitTest" name="testCarrierOwnerChange" time="0.01" />
  <testcase classname="net.sf.freecol.common.model.UnitTest" name="testTreasureTransportFee" time="0.005" />
  <testcase classname="net.sf.freecol.common.model.UnitTest" name="testFailedAddGoods" time="0.004" />
  <testcase classname="net.sf.freecol.common.model.UnitTest" name="testGetLineOfSight" time="0.006" />
  <testcase classname="net.sf.freecol.common.model.UnitTest" name="testCanAdd" time="0.002" />
  <testcase classname="net.sf.freecol.common.model.UnitTest" name="testUnitLocationAfterBuildingColony" time="0.004" />
  <testcase classname="net.sf.freecol.common.model.UnitTypeChangeTest" name="testEmptyScope" time="0.002" />
  <testcase classname="net.sf.freecol.common.model.UnitTypeChangeTest" name="testCreation" time="0.002" />
  <testcase classname="net.sf.freecol.common.model.UnitTypeChangeTest" name="testAbilityScope" time="0.002" />
  <testcase classname="net.sf.freecol.common.model.UnitTypeChangeTest" name="testEquality" time="0.0" />
  <testcase classname="net.sf.freecol.common.utils.UtilsTest" name="testComparator" time="0.0" />
  <testcase classname="net.sf.freecol.common.utils.UtilsTest" name="testGetPermutations" time="0.003" />
  <testcase classname="net.sf.freecol.common.sound.SoundTest" name="testSound" time="1.082" />
  <testcase classname="net.sf.freecol.common.sound.SoundTest" name="testClassic" time="3.983" />
  <testcase classname="net.sf.freecol.server.SaveLoadTest" name="testDelayedLoading" time="1.504" />
  <testcase classname="net.sf.freecol.server.SaveLoadTest" name="testImmediateLoading" time="1.325" />
  <testcase classname="net.sf.freecol.server.SaveLoadTest" name="testImport" time="1.41" />
  <testcase classname="net.sf.freecol.server.ai.AIColonyTest" name="testBuildersAllocation" time="0.447" />
  <testcase classname="net.sf.freecol.server.ai.AIColonyTest" name="testBestDefender" time="0.204" />
  <testcase classname="net.sf.freecol.server.ai.AIColonyTest" name="testBuildersAllocNoRawMatTiles" time="0.517" />
  <testcase classname="net.sf.freecol.server.ai.AIColonyTest" name="testExpertAllocColonyHasEnoughRawMat" time="0.263" />
  <testcase classname="net.sf.freecol.server.ai.ContactTest" name="testNativeMeetsEuropean" time="0.234" />
  <testcase classname="net.sf.freecol.server.ai.ContactTest" name="testNativeMeetsColony" time="0.175" />
  <testcase classname="net.sf.freecol.server.ai.ContactTest" name="testShipMeetsShip" time="0.205" />
  <testcase classname="net.sf.freecol.server.ai.ContactTest" name="testNativeMeetsNative" time="0.206" />
  <testcase classname="net.sf.freecol.server.ai.ContactTest" name="testNativeMeetsIndianSettlement" time="0.151" />
  <testcase classname="net.sf.freecol.server.ai.ContactTest" name="testEuropeanMeetsIndianSettlement" time="0.302" />
  <testcase classname="net.sf.freecol.server.ai.ContactTest" name="testEuropeanMeetsNative" time="0.232" />
  <testcase classname="net.sf.freecol.server.ai.ColonyPlanTest" name="testGetBestWorker" time="0.226" />
  <testcase classname="net.sf.freecol.server.ai.ColonyPlanTest" name="testBestImprovements" time="0.011" />
  <testcase classname="net.sf.freecol.server.ai.ColonyPlanTest" name="testNoBuildRawMatTiles" time="0.161" />
  <testcase classname="net.sf.freecol.server.ai.ColonyPlanTest" name="testReqLumberAndHammersForBuild" time="0.168" />
  <testcase classname="net.sf.freecol.server.ai.ColonyPlanTest" name="testReqOreAndToolsWithEnoughHammersForBuild" time="0.152" />
  <testcase classname="net.sf.freecol.server.ai.MissionAssignmentTest" name="testIsTargetValidForSeekAndDestroy" time="0.141" />
  <testcase classname="net.sf.freecol.server.ai.MissionAssignmentTest" name="testImpossibleConditionsForTargetSelection" time="0.191" />
  <testcase classname="net.sf.freecol.server.ai.MissionAssignmentTest" name="testSecureIndianSettlementMissionIgnoreNavalThreat" time="0.241" />
  <testcase classname="net.sf.freecol.server.ai.MissionAssignmentTest" name="testSecureIndianSettlementMission" time="0.195" />
  <testcase classname="net.sf.freecol.server.ai.MissionAssignmentTest" name="testAssignDefendSettlementMission" time="0.174" />
  <testcase classname="net.sf.freecol.server.ai.REFTest" name="testCreateREFPlayer" time="0.174" />
  <testcase classname="net.sf.freecol.server.ai.StandardAIPlayerTest" name="testEquipBravesNotEnoughReqGoods" time="0.194" />
  <testcase classname="net.sf.freecol.server.ai.StandardAIPlayerTest" name="testEquipBraves" time="0.195" />
  <testcase classname="net.sf.freecol.server.ai.TensionTest" name="testTension" time="0.172" />
  <testcase classname="net.sf.freecol.server.ai.mission.PioneeringMissionTest" name="testImprovementNoLongerValid" time="0.354" />
  <testcase classname="net.sf.freecol.server.ai.mission.PrivateerMissionTest" name="testIsMissionValid" time="0.195" />
  <testcase classname="net.sf.freecol.server.ai.mission.ScoutingMissionTest" name="testHorsesLost" time="0.198" />
  <testcase classname="net.sf.freecol.server.ai.mission.TransportMissionTest" name="testGetNextStopAlreadyAtDestination" time="0.184" />
  <testcase classname="net.sf.freecol.server.ai.mission.TransportMissionTest" name="testGetDefaultDestination" time="0.212" />
  <testcase classname="net.sf.freecol.server.ai.mission.TransportMissionTest" name="testWagonTrain" time="0.218" />
  <testcase classname="net.sf.freecol.server.ai.mission.TransportMissionTest" name="testGetNextStopIsColony" time="0.219" />
  <testcase classname="net.sf.freecol.server.ai.mission.TransportMissionTest" name="testGetNextStopIsEurope" time="0.244" />
  <testcase classname="net.sf.freecol.server.ai.mission.TransportMissionTest" name="testTransportMissionInvalidAfterCombatLost" time="0.27" />
  <testcase classname="net.sf.freecol.server.ai.mission.UnitSeekAndDestroyMissionTest" name="testCapturedUnitsLoseMission" time="0.188" />
  <testcase classname="net.sf.freecol.server.ai.mission.UnitSeekAndDestroyMissionTest" name="testDoNotPursueUnitsInColonies" time="0.197" />
  <testcase classname="net.sf.freecol.server.control.InGameControllerTest" name="testWarDeclarationAffectsSettlementAlarm" time="0.207" />
  <testcase classname="net.sf.freecol.server.control.InGameControllerTest" name="testArtilleryDemotedBySoldier" time="0.199" />
  <testcase classname="net.sf.freecol.server.control.InGameControllerTest" name="testPeaceTreatyFromWarStance" time="0.148" />
  <testcase classname="net.sf.freecol.server.control.InGameControllerTest" name="testScoutDiesNotLosesEquipment" time="0.154" />
  <testcase classname="net.sf.freecol.server.control.InGameControllerTest" name="testDragoonDemotedByBrave" time="0.217" />
  <testcase classname="net.sf.freecol.server.control.InGameControllerTest" name="testCeaseFireTreaty" time="0.154" />
  <testcase classname="net.sf.freecol.server.control.InGameControllerTest" name="testDeclarationOfWarFromPeace" time="0.137" />
  <testcase classname="net.sf.freecol.server.control.InGameControllerTest" name="testAttackColonyWithVeteran" time="0.234" />
  <testcase classname="net.sf.freecol.server.control.InGameControllerTest" name="testDragoonDemotedBySoldier" time="0.187" />
  <testcase classname="net.sf.freecol.server.control.InGameControllerTest" name="testAddFatherUnits" time="0.155" />
  <testcase classname="net.sf.freecol.server.control.InGameControllerTest" name="testDumpGoods" time="0.152" />
  <testcase classname="net.sf.freecol.server.control.InGameControllerTest" name="testAtackedNavalUnitIsDamaged" time="0.172" />
  <testcase classname="net.sf.freecol.server.control.InGameControllerTest" name="testLaSalle" time="0.203" />
  <testcase classname="net.sf.freecol.server.control.InGameControllerTest" name="testPocahontas" time="0.253" />
  <testcase classname="net.sf.freecol.server.control.InGameControllerTest" name="testPioneerDiesNotLosesEquipment" time="0.524" />
  <testcase classname="net.sf.freecol.server.control.InGameControllerTest" name="testPromotion" time="0.308" />
  <testcase classname="net.sf.freecol.server.control.InGameControllerTest" name="testClearSpecialty" time="0.171" />
  <testcase classname="net.sf.freecol.server.control.InGameControllerTest" name="testPeaceTreatyFromCeaseFireStance" time="0.29" />
  <testcase classname="net.sf.freecol.server.control.InGameControllerTest" name="testUnitLosesExperienceWithWorkChange" time="0.287" />
  <testcase classname="net.sf.freecol.server.control.InGameControllerTest" name="testEquipIndianNotEnoughReqGoods" time="0.192" />
  <testcase classname="net.sf.freecol.server.control.InGameControllerTest" name="testCashInTreasure" time="0.23" />
  <testcase classname="net.sf.freecol.server.control.InGameControllerTest" name="testAddFatherUpgrades" time="0.202" />
  <testcase classname="net.sf.freecol.server.control.InGameControllerTest" name="testUnitTypeChangeOnEnterColony" time="0.189" />
  <testcase classname="net.sf.freecol.server.control.InGameControllerTest" name="testSoldierDemotedBySoldier" time="0.218" />
  <testcase classname="net.sf.freecol.server.control.InGameControllerTest" name="testUnarmedAttack" time="0.223" />
  <testcase classname="net.sf.freecol.server.control.InGameControllerTest" name="testCarpenterHouseNationalAdvantage" time="0.209" />
  <testcase classname="net.sf.freecol.server.control.InGameControllerTest" name="testCreateMission" time="0.25" />
  <testcase classname="net.sf.freecol.server.control.InGameControllerTest" name="testDoAssignedWorkAmateurAndHardyPioneer" time="10.151" />
  <testcase classname="net.sf.freecol.server.control.InGameControllerTest" name="testEmbark" time="0.201" />
  <testcase classname="net.sf.freecol.server.control.InGameControllerTest" name="testVeteranSoldierDemotedBySoldier" time="0.231" />
  <testcase classname="net.sf.freecol.server.control.InGameControllerTest" name="testLoseColonyDefenceWithRevere" time="0.296" />
  <testcase classname="net.sf.freecol.server.control.InGameControllerTest" name="testBuildingBonus" time="0.215" />
  <testcase classname="net.sf.freecol.server.control.InGameControllerTest" name="testColonistDemotedBySoldier" time="0.203" />
  <testcase classname="net.sf.freecol.server.control.InGameControllerTest" name="testScoutDefeatedBySoldier" time="0.281" />
  <testcase classname="net.sf.freecol.server.control.InGameControllerTest" name="testAddFatherBuildingEvent" time="0.605" />
  <testcase classname="net.sf.freecol.server.control.InGameControllerTest" name="testAttackColonyWithBrave" time="0.636" />
  <testcase classname="net.sf.freecol.server.control.InGameControllerTest" name="testEquipIndian" time="0.155" />
  <testcase classname="net.sf.freecol.server.model.ServerBuildingTest" name="testMoveTeacherOutside" time="0.275" />
  <testcase classname="net.sf.freecol.server.model.ServerBuildingTest" name="testTeacherStoresProgress" time="0.413" />
  <testcase classname="net.sf.freecol.server.model.ServerBuildingTest" name="testCaseTwoTeachersWithDifferentExp" time="0.425" />
  <testcase classname="net.sf.freecol.server.model.ServerBuildingTest" name="testMoveTeacherInside" time="0.233" />
  <testcase classname="net.sf.freecol.server.model.ServerBuildingTest" name="testConcurrentUpgrade" time="0.502" />
  <testcase classname="net.sf.freecol.server.model.ServerBuildingTest" name="testTeachingOrder" time="0.404" />
  <testcase classname="net.sf.freecol.server.model.ServerBuildingTest" name="testTeachPettyCriminalsByMaster" time="0.414" />
  <testcase classname="net.sf.freecol.server.model.ServerBuildingTest" name="testTeachingDoublePromotion" time="0.274" />
  <testcase classname="net.sf.freecol.server.model.ServerBuildingTest" name="testUniversity" time="0.292" />
  <testcase classname="net.sf.freecol.server.model.ServerBuildingTest" name="testTwoTeachersSimple" time="0.169" />
  <testcase classname="net.sf.freecol.server.model.ServerBuildingTest" name="testTrackerBug1616384" time="0.173" />
  <testcase classname="net.sf.freecol.server.model.ServerBuildingTest" name="testSingleGuyTwoTeachers2" time="0.174" />
  <testcase classname="net.sf.freecol.server.model.ServerBuildingTest" name="testCollege" time="0.139" />
  <testcase classname="net.sf.freecol.server.model.ServerBuildingTest" name="testSingleGuyTwoTeachers" time="0.197" />
  <testcase classname="net.sf.freecol.server.model.ServerBuildingTest" name="testSonsOfLiberty" time="0.11" />
  <testcase classname="net.sf.freecol.server.model.ServerBuildingTest" name="testTwoTeachersOfSameKind" time="0.092" />
  <testcase classname="net.sf.freecol.server.model.ServerBuildingTest" name="testTeachPettyCriminals" time="0.271" />
  <testcase classname="net.sf.freecol.server.model.ServerBuildingTest" name="testProductionBonus" time="0.194" />
  <testcase classname="net.sf.freecol.server.model.ServerBuildingTest" name="testPartTraining" time="0.185" />
  <testcase classname="net.sf.freecol.server.model.ServerBuildingTest" name="testExpertTeaching" time="0.279" />
  <testcase classname="net.sf.freecol.server.model.ServerBuildingTest" name="testColonialRegular" time="0.196" />
  <testcase classname="net.sf.freecol.server.model.ServerBuildingTest" name="testTeachIndenturedServants" time="0.201" />
  <testcase classname="net.sf.freecol.server.model.ServerColonyTest" name="testEqualFoodProductionConsumptionCase" time="0.157" />
  <testcase classname="net.sf.freecol.server.model.ServerColonyTest" name="testDeathByStarvation" time="0.15" />
  <testcase classname="net.sf.freecol.server.model.ServerColonyTest" name="testBuildingCompletion" time="0.177" />
  <testcase classname="net.sf.freecol.server.model.ServerColonyTest" name="testInvalidCompletion" time="0.17" />
  <testcase classname="net.sf.freecol.server.model.ServerColonyTest" name="testAvoidStarvation" time="0.151" />
  <testcase classname="net.sf.freecol.server.model.ServerColonyTest" name="testNoBuildingMaterialsProductionWhenBuildingNothing" time="0.017" />
  <testcase classname="net.sf.freecol.server.model.ServerColonyTest" name="testFoodConsumption" time="0.222" />
  <testcase classname="net.sf.freecol.server.model.ServerColonyTest" name="testLibertyAndImmigration" time="0.217" />
  <testcase classname="net.sf.freecol.server.model.ServerIndianSettlementTest" name="testHorseBreedingNoFoodAvail" time="0.222" />
  <testcase classname="net.sf.freecol.server.model.ServerIndianSettlementTest" name="testPricing" time="0.178" />
  <testcase classname="net.sf.freecol.server.model.ServerIndianSettlementTest" name="testHorseBreeding" time="0.212" />
  <testcase classname="net.sf.freecol.server.model.ServerIndianSettlementTest" name="testFoodConsumption" time="0.188" />
  <testcase classname="net.sf.freecol.server.model.ServerPlayerTest" name="testCheckNoGameOverEnoughMoney" time="0.167" />
  <testcase classname="net.sf.freecol.server.model.ServerPlayerTest" name="testCheckGameOver1600Threshold" time="0.2" />
  <testcase classname="net.sf.freecol.server.model.ServerPlayerTest" name="testCheckNoGameOverHasColonistInNewWorld" time="0.174" />
  <testcase classname="net.sf.freecol.server.model.ServerPlayerTest" name="testHasExploredTile" time="0.213" />
  <testcase classname="net.sf.freecol.server.model.ServerPlayerTest" name="testBuyingMakesPricesRaise" time="0.222" />
  <testcase classname="net.sf.freecol.server.model.ServerPlayerTest" name="testCheckGameOverUnitsGoingToEurope" time="0.275" />
  <testcase classname="net.sf.freecol.server.model.ServerPlayerTest" name="testDutchMarket" time="0.366" />
  <testcase classname="net.sf.freecol.server.model.ServerPlayerTest" name="testCheckGameOverNoUnits" time="0.271" />
  <testcase classname="net.sf.freecol.server.model.ServerPlayerTest" name="testCheckGameOverUnitsGoingToNewWorld" time="0.175" />
  <testcase classname="net.sf.freecol.server.model.ServerPlayerTest" name="testSellingMakesPricesFall" time="0.166" />
  <testcase classname="net.sf.freecol.server.model.ServerPlayerTest" name="testMarketRecovery" time="0.443" />
  <testcase classname="net.sf.freecol.server.model.ServerPlayerTest" name="testLoadInColony" time="0.156" />
  <testcase classname="net.sf.freecol.server.model.ServerPlayerTest" name="testLoadInEurope" time="0.167" />
  <testcase classname="net.sf.freecol.server.model.ServerUnitTest" name="testDoAssignedWorkHardyPioneerPlowPlain" time="0.171" />
  <testcase classname="net.sf.freecol.server.model.ServerUnitTest" name="testColonyProfitFromEnhancement" time="0.182" />
  <testcase classname="net.sf.freecol.server.model.ServerUnitTest" name="testExposeResource" time="0.163" />
  <testcase classname="net.sf.freecol.server.model.ServerUnitTest" name="testDoAssignedWorkHardyPioneerBuildRoad" time="0.167" />
  <testcase classname="net.sf.freecol.server.model.ServerUnitTest" name="testUnitPromotionWorkingInWorkTile" time="0.163" />
  <testcase classname="net.sf.freecol.server.model.ServerUnitTest" name="testUnitGetsExperienceThroughWork" time="0.177" />
  <testcase classname="net.sf.freecol.server.model.ServerUnitTest" name="testUnitLumberDelivery" time="0.175" />
  <testcase classname="net.sf.freecol.server.model.ServerUnitTest" name="testToggleHorses" time="0.165" />
  <testcase classname="net.sf.freecol.server.generator.MapGeneratorTest" name="testSinglePlayerOnSmallMap" time="0.536" />
  <testcase classname="net.sf.freecol.server.generator.MapGeneratorTest" name="testImportMap" time="2.752" />
  <testcase classname="net.sf.freecol.server.generator.MapGeneratorTest" name="testRegions" time="0.395" />
  <testcase classname="net.sf.freecol.server.generator.MapGeneratorTest" name="testWithNoIndians" time="0.287" />
  <testcase classname="net.sf.freecol.server.generator.MapGeneratorTest" name="testIndianCapital" time="0.298" />
  <testcase classname="net.sf.freecol.server.generator.MapGeneratorTest" name="testMapGenerator" time="0.33" />
  <testcase classname="net.sf.freecol.client.gui.FontTest" name="testLogicalSerif" time="0.005" />
  <system-out><![CDATA[]]></system-out>
  <system-err><![CDATA[May 16, 2018 12:12:31 AM net.sf.freecol.common.model.Specification fixRoles
INFO: Loading role backward compatibility fragment: roles-compat.xml with roles: model.role.defaultmodel.role.scoutmodel.role.soldiermodel.role.dragoonmodel.role.pioneermodel.role.missionarymodel.role.infantrymodel.role.cavalrymodel.role.mountedBravemodel.role.armedBravemodel.role.nativeDragoon
May 16, 2018 12:12:31 AM net.sf.freecol.common.model.Specification checkDifficultyOptionGroup
INFO: Check group model.difficulty.immigration
May 16, 2018 12:12:31 AM net.sf.freecol.common.model.Specification checkDifficultyOptionGroup
INFO: Check group model.difficulty.natives
May 16, 2018 12:12:31 AM net.sf.freecol.common.model.Specification checkDifficultyOptionGroup
INFO: Check group model.difficulty.monarch
May 16, 2018 12:12:31 AM net.sf.freecol.common.model.Specification checkDifficultyOptionGroup
INFO: Check group model.difficulty.government
May 16, 2018 12:12:31 AM net.sf.freecol.common.model.Specification checkDifficultyOptionGroup
INFO: Check group model.difficulty.other
May 16, 2018 12:12:31 AM net.sf.freecol.common.model.Specification checkDifficultyOptionGroup
INFO: Check group model.difficulty.cheat
May 16, 2018 12:12:31 AM net.sf.freecol.common.model.Specification checkDifficultyUnitListOption
INFO: Added difficulty unit list option: model.option.immigrants
May 16, 2018 12:12:31 AM net.sf.freecol.common.model.Specification clean
INFO: Specification clean following load from InputStream complete, starting year=1492, season year=1600, ages=[1,109,309], seasons=2, 259 FreeColGameObjectTypes, 79 Abilities, 41 BuildingTypes, 14 Disasters, 9 EuropeanNationTypes, 2 Events, 25 FoundingFathers, 21 GoodsTypes, 8 IndianNationTypes, 60 Modifiers, 25 Nations, 65 Options, 16 Option Groups, 12 ResourceTypes, 11 Roles, 23 TileTypes, 6 TileImprovementTypes, 42 UnitTypes read.
May 16, 2018 12:12:31 AM net.sf.freecol.common.model.Specification checkDifficultyOptionGroup
INFO: Check group model.difficulty.immigration
May 16, 2018 12:12:31 AM net.sf.freecol.common.model.Specification checkDifficultyOptionGroup
INFO: Check group model.difficulty.natives
May 16, 2018 12:12:31 AM net.sf.freecol.common.model.Specification checkDifficultyOptionGroup
INFO: Check group model.difficulty.monarch
May 16, 2018 12:12:31 AM net.sf.freecol.common.model.Specification checkDifficultyOptionGroup
INFO: Check group model.difficulty.government
May 16, 2018 12:12:31 AM net.sf.freecol.common.model.Specification checkDifficultyOptionGroup
INFO: Check group model.difficulty.other
May 16, 2018 12:12:31 AM net.sf.freecol.common.model.Specification checkDifficultyOptionGroup
INFO: Check group model.difficulty.cheat
May 16, 2018 12:12:31 AM net.sf.freecol.common.model.Specification applyDifficultyLevel
INFO: Applying difficulty level model.difficulty.medium
May 16, 2018 12:12:31 AM net.sf.freecol.common.model.Specification fixRoles
INFO: Loading role backward compatibility fragment: roles-compat.xml with roles: model.role.defaultmodel.role.scoutmodel.role.soldiermodel.role.dragoonmodel.role.pioneermodel.role.missionarymodel.role.infantrymodel.role.cavalrymodel.role.mountedBravemodel.role.armedBravemodel.role.nativeDragoon
May 16, 2018 12:12:31 AM net.sf.freecol.common.model.Specification checkDifficultyOptionGroup
INFO: Check group model.difficulty.immigration
May 16, 2018 12:12:31 AM net.sf.freecol.common.model.Specification checkDifficultyOptionGroup
INFO: Check group model.difficulty.natives
May 16, 2018 12:12:31 AM net.sf.freecol.common.model.Specification checkDifficultyOptionGroup
INFO: Check group model.difficulty.monarch
May 16, 2018 12:12:31 AM net.sf.freecol.common.model.Specification checkDifficultyOptionGroup
INFO: Check group model.difficulty.government
May 16, 2018 12:12:31 AM net.sf.freecol.common.model.Specification checkDifficultyOptionGroup
INFO: Check group model.difficulty.other
May 16, 2018 12:12:31 AM net.sf.freecol.common.model.Specification checkDifficultyOptionGroup
INFO: Check group model.difficulty.cheat
May 16, 2018 12:12:31 AM net.sf.freecol.common.model.Specification checkDifficultyUnitListOption
INFO: Added difficulty unit list option: model.option.immigrants
May 16, 2018 12:12:31 AM net.sf.freecol.common.model.Specification clean
INFO: Specification clean following load from InputStream complete, starting year=1492, season year=1600, ages=[1,109,309], seasons=2, 247 FreeColGameObjectTypes, 78 Abilities, 41 BuildingTypes, 14 Disasters, 5 EuropeanNationTypes, 2 Events, 25 FoundingFathers, 21 GoodsTypes, 8 IndianNationTypes, 60 Modifiers, 17 Nations, 65 Options, 16 Option Groups, 12 ResourceTypes, 11 Roles, 23 TileTypes, 6 TileImprovementTypes, 42 UnitTypes read.
May 16, 2018 12:12:31 AM net.sf.freecol.common.model.Specification checkDifficultyOptionGroup
INFO: Check group model.difficulty.immigration
May 16, 2018 12:12:31 AM net.sf.freecol.common.model.Specification checkDifficultyOptionGroup
INFO: Check group model.difficulty.natives
May 16, 2018 12:12:31 AM net.sf.freecol.common.model.Specification checkDifficultyOptionGroup
INFO: Check group model.difficulty.monarch
May 16, 2018 12:12:31 AM net.sf.freecol.common.model.Specification checkDifficultyOptionGroup
INFO: Check group model.difficulty.government
May 16, 2018 12:12:31 AM net.sf.freecol.common.model.Specification checkDifficultyOptionGroup
INFO: Check group model.difficulty.other
May 16, 2018 12:12:31 AM net.sf.freecol.common.model.Specification checkDifficultyOptionGroup
INFO: Check group model.difficulty.cheat
May 16, 2018 12:12:31 AM net.sf.freecol.common.model.Specification applyDifficultyLevel
INFO: Applying difficulty level model.difficulty.medium
May 16, 2018 12:12:32 AM net.sf.freecol.common.i18n.Messages replaceChoices
WARNING: Unknown key or untagged choice: 'west=westward|east=eastward|default=into the wind', selector was 'whatever', trying 'default' instead
May 16, 2018 12:12:32 AM net.sf.freecol.common.i18n.Messages replaceChoices
WARNING: No tag found: {{}}abc   {{xyz}}def{{123|567}}
May 16, 2018 12:12:32 AM net.sf.freecol.common.i18n.Messages replaceChoices
WARNING: No tag found: {{}}abc   {{xyz}}def{{123|567}}
May 16, 2018 12:12:32 AM net.sf.freecol.common.i18n.Messages replaceChoices
WARNING: No tag found: {{}}abc   {{xyz}}def{{123|567}}
May 16, 2018 12:12:33 AM net.sf.freecol.common.model.Specification applyDifficultyLevel
INFO: Applying difficulty level model.difficulty.medium
May 16, 2018 12:12:33 AM net.sf.freecol.common.model.Specification applyDifficultyLevel
INFO: Applying difficulty level model.difficulty.medium
May 16, 2018 12:12:33 AM net.sf.freecol.common.util.LogBuilder log
INFO: In data\mods found mod: bryce classic_ui convertUpgrade daySeasons example fourSeasons hutzli markovoss misiulo monthSeasons plantForest weekSeasons
May 16, 2018 12:12:33 AM net.sf.freecol.common.model.Specification fixRoles
INFO: Loading role backward compatibility fragment: roles-compat.xml with roles: model.role.defaultmodel.role.scoutmodel.role.soldiermodel.role.dragoonmodel.role.pioneermodel.role.missionarymodel.role.infantrymodel.role.cavalrymodel.role.mountedBravemodel.role.armedBravemodel.role.nativeDragoon
May 16, 2018 12:12:33 AM net.sf.freecol.common.model.Specification checkDifficultyOptionGroup
INFO: Check group model.difficulty.immigration
May 16, 2018 12:12:33 AM net.sf.freecol.common.model.Specification checkDifficultyOptionGroup
INFO: Check group model.difficulty.natives
May 16, 2018 12:12:33 AM net.sf.freecol.common.model.Specification checkDifficultyOptionGroup
INFO: Check group model.difficulty.monarch
May 16, 2018 12:12:33 AM net.sf.freecol.common.model.Specification checkDifficultyOptionGroup
INFO: Check group model.difficulty.government
May 16, 2018 12:12:33 AM net.sf.freecol.common.model.Specification checkDifficultyOptionGroup
INFO: Check group model.difficulty.other
May 16, 2018 12:12:33 AM net.sf.freecol.common.model.Specification checkDifficultyOptionGroup
INFO: Check group model.difficulty.cheat
May 16, 2018 12:12:33 AM net.sf.freecol.common.model.Specification checkDifficultyUnitListOption
INFO: Added difficulty unit list option: model.option.immigrants
May 16, 2018 12:12:33 AM net.sf.freecol.common.model.Specification clean
INFO: Specification clean following load from InputStream complete, starting year=1492, season year=1600, ages=[1,109,309], seasons=2, 258 FreeColGameObjectTypes, 79 Abilities, 41 BuildingTypes, 14 Disasters, 9 EuropeanNationTypes, 2 Events, 25 FoundingFathers, 21 GoodsTypes, 8 IndianNationTypes, 60 Modifiers, 25 Nations, 65 Options, 16 Option Groups, 12 ResourceTypes, 11 Roles, 23 TileTypes, 6 TileImprovementTypes, 41 UnitTypes read.
May 16, 2018 12:12:33 AM net.sf.freecol.common.model.Specification fixRoles
INFO: Loading role backward compatibility fragment: roles-compat.xml with roles: model.role.defaultmodel.role.scoutmodel.role.soldiermodel.role.dragoonmodel.role.pioneermodel.role.missionarymodel.role.infantrymodel.role.cavalrymodel.role.mountedBravemodel.role.armedBravemodel.role.nativeDragoon
May 16, 2018 12:12:33 AM net.sf.freecol.common.model.Specification checkDifficultyOptionGroup
INFO: Check group model.difficulty.immigration
May 16, 2018 12:12:33 AM net.sf.freecol.common.model.Specification checkDifficultyOptionGroup
INFO: Check group model.difficulty.natives
May 16, 2018 12:12:33 AM net.sf.freecol.common.model.Specification checkDifficultyOptionGroup
INFO: Check group model.difficulty.monarch
May 16, 2018 12:12:33 AM net.sf.freecol.common.model.Specification checkDifficultyOptionGroup
INFO: Check group model.difficulty.government
May 16, 2018 12:12:33 AM net.sf.freecol.common.model.Specification checkDifficultyOptionGroup
INFO: Check group model.difficulty.other
May 16, 2018 12:12:33 AM net.sf.freecol.common.model.Specification checkDifficultyOptionGroup
INFO: Check group model.difficulty.cheat
May 16, 2018 12:12:33 AM net.sf.freecol.common.model.Specification checkDifficultyUnitListOption
INFO: Added difficulty unit list option: model.option.immigrants
May 16, 2018 12:12:33 AM net.sf.freecol.common.model.Specification clean
INFO: Specification clean following load from InputStream complete, starting year=1492, season year=1600, ages=[1,109,309], seasons=2, 259 FreeColGameObjectTypes, 79 Abilities, 41 BuildingTypes, 14 Disasters, 9 EuropeanNationTypes, 2 Events, 25 FoundingFathers, 21 GoodsTypes, 8 IndianNationTypes, 60 Modifiers, 25 Nations, 65 Options, 16 Option Groups, 12 ResourceTypes, 11 Roles, 23 TileTypes, 6 TileImprovementTypes, 42 UnitTypes read.
May 16, 2018 12:12:33 AM net.sf.freecol.common.model.Specification fixRoles
INFO: Loading role backward compatibility fragment: roles-compat.xml with roles: model.role.defaultmodel.role.scoutmodel.role.soldiermodel.role.dragoonmodel.role.pioneermodel.role.missionarymodel.role.infantrymodel.role.cavalrymodel.role.mountedBravemodel.role.armedBravemodel.role.nativeDragoon
May 16, 2018 12:12:33 AM net.sf.freecol.common.model.Specification checkDifficultyOptionGroup
INFO: Check group model.difficulty.immigration
May 16, 2018 12:12:33 AM net.sf.freecol.common.model.Specification checkDifficultyOptionGroup
INFO: Check group model.difficulty.natives
May 16, 2018 12:12:33 AM net.sf.freecol.common.model.Specification checkDifficultyOptionGroup
INFO: Check group model.difficulty.monarch
May 16, 2018 12:12:33 AM net.sf.freecol.common.model.Specification checkDifficultyOptionGroup
INFO: Check group model.difficulty.government
May 16, 2018 12:12:33 AM net.sf.freecol.common.model.Specification checkDifficultyOptionGroup
INFO: Check group model.difficulty.other
May 16, 2018 12:12:33 AM net.sf.freecol.common.model.Specification checkDifficultyOptionGroup
INFO: Check group model.difficulty.cheat
May 16, 2018 12:12:33 AM net.sf.freecol.common.model.Specification checkDifficultyUnitListOption
INFO: Added difficulty unit list option: model.option.immigrants
May 16, 2018 12:12:33 AM net.sf.freecol.common.model.Specification clean
INFO: Specification clean following load from InputStream complete, starting year=1492, season year=1600, ages=[1,109,309], seasons=2, 259 FreeColGameObjectTypes, 79 Abilities, 41 BuildingTypes, 14 Disasters, 9 EuropeanNationTypes, 2 Events, 25 FoundingFathers, 21 GoodsTypes, 8 IndianNationTypes, 60 Modifiers, 25 Nations, 65 Options, 16 Option Groups, 12 ResourceTypes, 11 Roles, 23 TileTypes, 6 TileImprovementTypes, 42 UnitTypes read.
May 16, 2018 12:12:33 AM net.sf.freecol.common.model.Specification loadMods
INFO: Loaded mod example
May 16, 2018 12:12:33 AM net.sf.freecol.common.model.Specification clean
INFO: Specification clean following mod loading complete, starting year=1492, season year=1600, ages=[1,109,309], seasons=2, 260 FreeColGameObjectTypes, 79 Abilities, 41 BuildingTypes, 14 Disasters, 9 EuropeanNationTypes, 2 Events, 25 FoundingFathers, 21 GoodsTypes, 8 IndianNationTypes, 60 Modifiers, 25 Nations, 65 Options, 16 Option Groups, 12 ResourceTypes, 11 Roles, 23 TileTypes, 6 TileImprovementTypes, 43 UnitTypes read.
May 16, 2018 12:12:33 AM net.sf.freecol.common.model.Specification fixRoles
INFO: Loading role backward compatibility fragment: roles-compat.xml with roles: model.role.defaultmodel.role.scoutmodel.role.soldiermodel.role.dragoonmodel.role.pioneermodel.role.missionarymodel.role.infantrymodel.role.cavalrymodel.role.mountedBravemodel.role.armedBravemodel.role.nativeDragoon
May 16, 2018 12:12:33 AM net.sf.freecol.common.model.Specification checkDifficultyOptionGroup
INFO: Check group model.difficulty.immigration
May 16, 2018 12:12:33 AM net.sf.freecol.common.model.Specification checkDifficultyOptionGroup
INFO: Check group model.difficulty.natives
May 16, 2018 12:12:33 AM net.sf.freecol.common.model.Specification checkDifficultyOptionGroup
INFO: Check group model.difficulty.monarch
May 16, 2018 12:12:33 AM net.sf.freecol.common.model.Specification checkDifficultyOptionGroup
INFO: Check group model.difficulty.government
May 16, 2018 12:12:33 AM net.sf.freecol.common.model.Specification checkDifficultyOptionGroup
INFO: Check group model.difficulty.other
May 16, 2018 12:12:33 AM net.sf.freecol.common.model.Specification checkDifficultyOptionGroup
INFO: Check group model.difficulty.cheat
May 16, 2018 12:12:33 AM net.sf.freecol.common.model.Specification checkDifficultyUnitListOption
INFO: Added difficulty unit list option: model.option.immigrants
May 16, 2018 12:12:33 AM net.sf.freecol.common.model.Specification clean
INFO: Specification clean following load from InputStream complete, starting year=1492, season year=1600, ages=[1,109,309], seasons=2, 260 FreeColGameObjectTypes, 79 Abilities, 41 BuildingTypes, 14 Disasters, 9 EuropeanNationTypes, 2 Events, 25 FoundingFathers, 21 GoodsTypes, 8 IndianNationTypes, 60 Modifiers, 25 Nations, 65 Options, 16 Option Groups, 12 ResourceTypes, 11 Roles, 23 TileTypes, 6 TileImprovementTypes, 43 UnitTypes read.
May 16, 2018 12:12:34 AM net.sf.freecol.common.model.Specification fixRoles
INFO: Loading role backward compatibility fragment: roles-compat.xml with roles: model.role.defaultmodel.role.scoutmodel.role.soldiermodel.role.dragoonmodel.role.pioneermodel.role.missionarymodel.role.infantrymodel.role.cavalrymodel.role.mountedBravemodel.role.armedBravemodel.role.nativeDragoon
May 16, 2018 12:12:34 AM net.sf.freecol.common.model.Specification checkDifficultyOptionGroup
INFO: Check group model.difficulty.immigration
May 16, 2018 12:12:34 AM net.sf.freecol.common.model.Specification checkDifficultyOptionGroup
INFO: Check group model.difficulty.natives
May 16, 2018 12:12:34 AM net.sf.freecol.common.model.Specification checkDifficultyOptionGroup
INFO: Check group model.difficulty.monarch
May 16, 2018 12:12:34 AM net.sf.freecol.common.model.Specification checkDifficultyOptionGroup
INFO: Check group model.difficulty.government
May 16, 2018 12:12:34 AM net.sf.freecol.common.model.Specification checkDifficultyOptionGroup
INFO: Check group model.difficulty.other
May 16, 2018 12:12:34 AM net.sf.freecol.common.model.Specification checkDifficultyOptionGroup
INFO: Check group model.difficulty.cheat
May 16, 2018 12:12:34 AM net.sf.freecol.common.model.Specification checkDifficultyUnitListOption
INFO: Added difficulty unit list option: model.option.immigrants
May 16, 2018 12:12:34 AM net.sf.freecol.common.model.Specification clean
INFO: Specification clean following load from InputStream complete, starting year=1492, season year=1600, ages=[1,109,309], seasons=2, 259 FreeColGameObjectTypes, 79 Abilities, 41 BuildingTypes, 14 Disasters, 9 EuropeanNationTypes, 2 Events, 25 FoundingFathers, 21 GoodsTypes, 8 IndianNationTypes, 60 Modifiers, 25 Nations, 65 Options, 16 Option Groups, 12 ResourceTypes, 11 Roles, 23 TileTypes, 6 TileImprovementTypes, 42 UnitTypes read.
May 16, 2018 12:12:34 AM net.sf.freecol.common.model.Specification fixRoles
INFO: Loading role backward compatibility fragment: roles-compat.xml with roles: model.role.defaultmodel.role.scoutmodel.role.soldiermodel.role.dragoonmodel.role.pioneermodel.role.missionarymodel.role.infantrymodel.role.cavalrymodel.role.mountedBravemodel.role.armedBravemodel.role.nativeDragoon
May 16, 2018 12:12:34 AM net.sf.freecol.common.model.Specification checkDifficultyOptionGroup
INFO: Check group model.difficulty.immigration
May 16, 2018 12:12:34 AM net.sf.freecol.common.model.Specification checkDifficultyOptionGroup
INFO: Check group model.difficulty.natives
May 16, 2018 12:12:34 AM net.sf.freecol.common.model.Specification checkDifficultyOptionGroup
INFO: Check group model.difficulty.monarch
May 16, 2018 12:12:34 AM net.sf.freecol.common.model.Specification checkDifficultyOptionGroup
INFO: Check group model.difficulty.government
May 16, 2018 12:12:34 AM net.sf.freecol.common.model.Specification checkDifficultyOptionGroup
INFO: Check group model.difficulty.other
May 16, 2018 12:12:34 AM net.sf.freecol.common.model.Specification checkDifficultyOptionGroup
INFO: Check group model.difficulty.cheat
May 16, 2018 12:12:34 AM net.sf.freecol.common.model.Specification checkDifficultyUnitListOption
INFO: Added difficulty unit list option: model.option.immigrants
May 16, 2018 12:12:34 AM net.sf.freecol.common.model.Specification clean
INFO: Specification clean following load from InputStream complete, starting year=1492, season year=1600, ages=[1,109,309], seasons=2, 259 FreeColGameObjectTypes, 79 Abilities, 41 BuildingTypes, 14 Disasters, 9 EuropeanNationTypes, 2 Events, 25 FoundingFathers, 21 GoodsTypes, 8 IndianNationTypes, 60 Modifiers, 25 Nations, 65 Options, 16 Option Groups, 12 ResourceTypes, 11 Roles, 23 TileTypes, 6 TileImprovementTypes, 42 UnitTypes read.
May 16, 2018 12:12:34 AM net.sf.freecol.common.model.Specification applyDifficultyLevel
INFO: Applying difficulty level model.difficulty.medium
May 16, 2018 12:12:34 AM net.sf.freecol.common.model.Specification applyDifficultyLevel
INFO: Applying difficulty level model.difficulty.medium
May 16, 2018 12:12:34 AM net.sf.freecol.common.model.Specification applyDifficultyLevel
INFO: Applying difficulty level model.difficulty.medium
May 16, 2018 12:12:34 AM net.sf.freecol.common.model.Specification applyDifficultyLevel
INFO: Applying difficulty level model.difficulty.medium
May 16, 2018 12:12:34 AM net.sf.freecol.common.model.Specification applyDifficultyLevel
INFO: Applying difficulty level model.difficulty.medium
May 16, 2018 12:12:34 AM net.sf.freecol.common.model.Specification applyDifficultyLevel
INFO: Applying difficulty level model.difficulty.medium
May 16, 2018 12:12:34 AM net.sf.freecol.common.model.Specification applyDifficultyLevel
INFO: Applying difficulty level model.difficulty.medium
May 16, 2018 12:12:34 AM net.sf.freecol.common.model.Specification applyDifficultyLevel
INFO: Applying difficulty level model.difficulty.medium
May 16, 2018 12:12:34 AM net.sf.freecol.common.model.Specification applyDifficultyLevel
INFO: Applying difficulty level model.difficulty.medium
May 16, 2018 12:12:34 AM net.sf.freecol.common.model.Specification applyDifficultyLevel
INFO: Applying difficulty level model.difficulty.medium
May 16, 2018 12:12:34 AM net.sf.freecol.common.model.Specification applyDifficultyLevel
INFO: Applying difficulty level model.difficulty.medium
May 16, 2018 12:12:34 AM net.sf.freecol.common.model.Unit setLocation
WARNING: Can not add [unit:798 dutch indianConvert 0/1] to building:794
May 16, 2018 12:12:34 AM net.sf.freecol.common.model.Unit setLocation
WARNING: Can not add [unit:798 dutch indianConvert 0/1] to building:795
May 16, 2018 12:12:34 AM net.sf.freecol.common.model.Unit setLocation
WARNING: Can not add [unit:798 dutch indianConvert 0/1] to building:793
May 16, 2018 12:12:34 AM net.sf.freecol.common.model.Specification applyDifficultyLevel
INFO: Applying difficulty level model.difficulty.medium
May 16, 2018 12:12:34 AM net.sf.freecol.common.model.Specification applyDifficultyLevel
INFO: Applying difficulty level model.difficulty.medium
May 16, 2018 12:12:34 AM net.sf.freecol.common.model.Specification applyDifficultyLevel
INFO: Applying difficulty level model.difficulty.medium
May 16, 2018 12:12:34 AM net.sf.freecol.common.model.Specification applyDifficultyLevel
INFO: Applying difficulty level model.difficulty.medium
May 16, 2018 12:12:34 AM net.sf.freecol.common.model.Specification applyDifficultyLevel
INFO: Applying difficulty level model.difficulty.medium
May 16, 2018 12:12:34 AM net.sf.freecol.common.model.Specification applyDifficultyLevel
INFO: Applying difficulty level model.difficulty.medium
May 16, 2018 12:12:34 AM net.sf.freecol.common.model.Specification applyDifficultyLevel
INFO: Applying difficulty level model.difficulty.medium
May 16, 2018 12:12:34 AM net.sf.freecol.common.model.Specification applyDifficultyLevel
INFO: Applying difficulty level model.difficulty.medium
May 16, 2018 12:12:34 AM net.sf.freecol.common.model.Specification applyDifficultyLevel
INFO: Applying difficulty level model.difficulty.medium
May 16, 2018 12:12:34 AM net.sf.freecol.common.model.Specification applyDifficultyLevel
INFO: Applying difficulty level model.difficulty.medium
May 16, 2018 12:12:34 AM net.sf.freecol.common.model.Specification applyDifficultyLevel
INFO: Applying difficulty level model.difficulty.medium
May 16, 2018 12:12:34 AM net.sf.freecol.common.model.Specification applyDifficultyLevel
INFO: Applying difficulty level model.difficulty.medium
May 16, 2018 12:12:35 AM net.sf.freecol.common.model.Specification applyDifficultyLevel
INFO: Applying difficulty level model.difficulty.medium
May 16, 2018 12:12:35 AM net.sf.freecol.common.model.Specification applyDifficultyLevel
INFO: Applying difficulty level model.difficulty.medium
May 16, 2018 12:12:35 AM net.sf.freecol.common.model.Specification applyDifficultyLevel
INFO: Applying difficulty level model.difficulty.medium
May 16, 2018 12:12:35 AM net.sf.freecol.common.model.Specification applyDifficultyLevel
INFO: Applying difficulty level model.difficulty.medium
May 16, 2018 12:12:35 AM net.sf.freecol.common.model.Specification applyDifficultyLevel
INFO: Applying difficulty level model.difficulty.medium
May 16, 2018 12:12:35 AM net.sf.freecol.common.model.Specification applyDifficultyLevel
INFO: Applying difficulty level model.difficulty.medium
May 16, 2018 12:12:35 AM net.sf.freecol.common.model.Specification applyDifficultyLevel
INFO: Applying difficulty level model.difficulty.medium
May 16, 2018 12:12:35 AM net.sf.freecol.common.model.Specification applyDifficultyLevel
INFO: Applying difficulty level model.difficulty.medium
May 16, 2018 12:12:35 AM net.sf.freecol.common.model.Specification applyDifficultyLevel
INFO: Applying difficulty level model.difficulty.medium
May 16, 2018 12:12:35 AM net.sf.freecol.common.model.Specification applyDifficultyLevel
INFO: Applying difficulty level model.difficulty.medium
May 16, 2018 12:12:35 AM net.sf.freecol.common.model.Specification applyDifficultyLevel
INFO: Applying difficulty level model.difficulty.medium
May 16, 2018 12:12:35 AM net.sf.freecol.common.model.Specification applyDifficultyLevel
INFO: Applying difficulty level model.difficulty.medium
May 16, 2018 12:12:35 AM net.sf.freecol.common.model.Specification applyDifficultyLevel
INFO: Applying difficulty level model.difficulty.medium
May 16, 2018 12:12:35 AM net.sf.freecol.common.model.Specification applyDifficultyLevel
INFO: Applying difficulty level model.difficulty.medium
May 16, 2018 12:12:35 AM net.sf.freecol.common.model.Specification applyDifficultyLevel
INFO: Applying difficulty level model.difficulty.medium
May 16, 2018 12:12:35 AM net.sf.freecol.common.model.Specification applyDifficultyLevel
INFO: Applying difficulty level model.difficulty.medium
May 16, 2018 12:12:35 AM net.sf.freecol.common.model.Specification applyDifficultyLevel
INFO: Applying difficulty level model.difficulty.medium
May 16, 2018 12:12:35 AM net.sf.freecol.common.FreeColSeed getFreeColSeed
INFO: Using seed: 641359455586355859
May 16, 2018 12:12:36 AM net.sf.freecol.server.networking.Server sendToAll
INFO: Reap dead connection: [DummyConnection Server connection - model.nation.tupi]
May 16, 2018 12:12:36 AM net.sf.freecol.server.networking.Server sendToAll
INFO: Reap dead connection: [DummyConnection Server connection - model.nation.english]
May 16, 2018 12:12:36 AM net.sf.freecol.server.networking.Server sendToAll
INFO: Reap dead connection: [DummyConnection Server connection - model.nation.spanish]
May 16, 2018 12:12:36 AM net.sf.freecol.server.networking.Server sendToAll
INFO: Reap dead connection: [DummyConnection Server connection - model.nation.cherokee]
May 16, 2018 12:12:36 AM net.sf.freecol.server.networking.Server sendToAll
INFO: Reap dead connection: [DummyConnection Server connection - model.nation.sioux]
May 16, 2018 12:12:36 AM net.sf.freecol.server.networking.Server sendToAll
INFO: Reap dead connection: [DummyConnection Server connection - model.nation.dutch]
May 16, 2018 12:12:36 AM net.sf.freecol.server.networking.Server sendToAll
INFO: Reap dead connection: [DummyConnection Server connection - model.nation.inca]
May 16, 2018 12:12:36 AM net.sf.freecol.server.networking.Server sendToAll
INFO: Reap dead connection: [DummyConnection Server connection - model.nation.iroquois]
May 16, 2018 12:12:36 AM net.sf.freecol.server.networking.Server sendToAll
INFO: Reap dead connection: [DummyConnection Server connection - model.nation.french]
May 16, 2018 12:12:36 AM net.sf.freecol.server.networking.Server sendToAll
INFO: Reap dead connection: [DummyConnection Server connection - model.nation.aztec]
May 16, 2018 12:12:36 AM net.sf.freecol.server.networking.Server sendToAll
INFO: Reap dead connection: [DummyConnection Server connection - model.nation.arawak]
May 16, 2018 12:12:36 AM net.sf.freecol.server.networking.Server sendToAll
INFO: Reap dead connection: [DummyConnection Server connection - model.nation.apache]
May 16, 2018 12:12:36 AM net.sf.freecol.common.util.LogBuilder log
INFO: Combat attacker=unit:268-veteranSoldier-soldier [Modifier model.modifier.offence (model.source.baseOffence) ADDITIVE 0.0 index=10] [Modifier model.modifier.offence (model.role.soldier) ADDITIVE 2.0 index=30] [Modifier model.modifier.offence (model.unit.veteranSoldier) PERCENTAGE 50.0 index=40] [Modifier model.modifier.attackBonus (model.source.attackBonus) PERCENTAGE 50.0 index=50] = 4.5 defender=unit:250-brave [Modifier model.modifier.defence (model.source.baseDefence) ADDITIVE 1.0 index=10] [Modifier model.modifier.defence (model.settlement.inca.capital) PERCENTAGE 200.0 index=50] = 3.0 odds=0.6 random(1.0)=0.0 great=true Attack WIN SLAUGHTER_UNIT CAPTURE_CONVERT
May 16, 2018 12:12:36 AM net.sf.freecol.common.util.LogBuilder log
INFO: Destroying: goodsContainer:251 unit:250
May 16, 2018 12:12:36 AM net.sf.freecol.common.model.Specification applyDifficultyLevel
INFO: Applying difficulty level model.difficulty.medium
May 16, 2018 12:12:36 AM net.sf.freecol.common.model.Specification applyDifficultyLevel
INFO: Applying difficulty level model.difficulty.medium
May 16, 2018 12:12:36 AM net.sf.freecol.common.model.Specification applyDifficultyLevel
INFO: Applying difficulty level model.difficulty.medium
May 16, 2018 12:12:36 AM net.sf.freecol.common.FreeColSeed getFreeColSeed
INFO: Using seed: 69777430522188158
May 16, 2018 12:12:36 AM net.sf.freecol.server.networking.Server sendToAll
INFO: Reap dead connection: [DummyConnection Server connection - model.nation.dutch]
May 16, 2018 12:12:36 AM net.sf.freecol.server.networking.Server sendToAll
INFO: Reap dead connection: [DummyConnection Server connection - model.nation.inca]
May 16, 2018 12:12:36 AM net.sf.freecol.server.networking.Server sendToAll
INFO: Reap dead connection: [DummyConnection Server connection - model.nation.tupi]
May 16, 2018 12:12:36 AM net.sf.freecol.server.networking.Server sendToAll
INFO: Reap dead connection: [DummyConnection Server connection - model.nation.apache]
May 16, 2018 12:12:36 AM net.sf.freecol.server.networking.Server sendToAll
INFO: Reap dead connection: [DummyConnection Server connection - model.nation.spanish]
May 16, 2018 12:12:36 AM net.sf.freecol.server.networking.Server sendToAll
INFO: Reap dead connection: [DummyConnection Server connection - model.nation.arawak]
May 16, 2018 12:12:36 AM net.sf.freecol.server.networking.Server sendToAll
INFO: Reap dead connection: [DummyConnection Server connection - model.nation.english]
May 16, 2018 12:12:36 AM net.sf.freecol.server.networking.Server sendToAll
INFO: Reap dead connection: [DummyConnection Server connection - model.nation.french]
May 16, 2018 12:12:36 AM net.sf.freecol.server.networking.Server sendToAll
INFO: Reap dead connection: [DummyConnection Server connection - model.nation.aztec]
May 16, 2018 12:12:36 AM net.sf.freecol.server.networking.Server sendToAll
INFO: Reap dead connection: [DummyConnection Server connection - model.nation.cherokee]
May 16, 2018 12:12:36 AM net.sf.freecol.server.networking.Server sendToAll
INFO: Reap dead connection: [DummyConnection Server connection - model.nation.iroquois]
May 16, 2018 12:12:36 AM net.sf.freecol.server.networking.Server sendToAll
INFO: Reap dead connection: [DummyConnection Server connection - model.nation.sioux]
May 16, 2018 12:12:36 AM net.sf.freecol.common.util.LogBuilder log
INFO: Combat attacker=unit:347-kingsRegular-cavalry [Modifier model.modifier.offence (model.source.baseOffence) ADDITIVE 0.0 index=10] [Modifier model.modifier.offence (model.unit.kingsRegular) ADDITIVE 4.0 index=20] [Modifier model.modifier.offence (model.role.cavalry) ADDITIVE 3.0 index=30] [Modifier model.modifier.attackBonus (model.source.attackBonus) PERCENTAGE 50.0 index=50] = 10.5 defender=unit:348-colonialRegular-dragoon [Modifier model.modifier.defence (model.source.baseDefence) ADDITIVE 1.0 index=10] [Modifier model.modifier.defence (model.unit.colonialRegular) ADDITIVE 3.0 index=20] [Modifier model.modifier.defence (model.role.dragoon) ADDITIVE 2.0 index=30] = 6.0 odds=0.6363636363636364 random(1.0)=0.8500000238418579 great=false Attack LOSE LOSE_EQUIP
May 16, 2018 12:12:36 AM net.sf.freecol.server.model.ServerPlayer csChangeStance
INFO: Stance modification Louis XV PEACE -> WAR wrt Louis XIV
May 16, 2018 12:12:36 AM net.sf.freecol.server.model.ServerPlayer csChangeStance
INFO: Stance modification Louis XIV PEACE -> WAR wrt Louis XV (symmetric)
May 16, 2018 12:12:36 AM net.sf.freecol.common.util.LogBuilder log
INFO: Combat attacker=unit:348-colonialRegular-dragoon [Modifier model.modifier.offence (model.source.baseOffence) ADDITIVE 0.0 index=10] [Modifier model.modifier.offence (model.unit.colonialRegular) ADDITIVE 3.0 index=20] [Modifier model.modifier.offence (model.role.dragoon) ADDITIVE 3.0 index=30] [Modifier model.modifier.attackBonus (model.source.attackBonus) PERCENTAGE 50.0 index=50] = 9.0 defender=unit:347-kingsRegular-infantry [Modifier model.modifier.defence (model.source.baseDefence) ADDITIVE 1.0 index=10] [Modifier model.modifier.defence (model.unit.kingsRegular) ADDITIVE 4.0 index=20] [Modifier model.modifier.defence (model.role.infantry) ADDITIVE 1.0 index=30] = 6.0 odds=0.6 random(1.0)=0.20000000298023224 great=false Attack WIN SLAUGHTER_UNIT
May 16, 2018 12:12:36 AM net.sf.freecol.common.util.LogBuilder log
INFO: Combat attacker=unit:349-kingsRegular-cavalry [Modifier model.modifier.offence (model.source.baseOffence) ADDITIVE 0.0 index=10] [Modifier model.modifier.offence (model.unit.kingsRegular) ADDITIVE 4.0 index=20] [Modifier model.modifier.offence (model.role.cavalry) ADDITIVE 3.0 index=30] [Modifier model.modifier.attackBonus (model.source.attackBonus) PERCENTAGE 50.0 index=50] = 10.5 defender=unit:348-colonialRegular-dragoon [Modifier model.modifier.defence (model.source.baseDefence) ADDITIVE 1.0 index=10] [Modifier model.modifier.defence (model.unit.colonialRegular) ADDITIVE 3.0 index=20] [Modifier model.modifier.defence (model.role.dragoon) ADDITIVE 2.0 index=30] = 6.0 odds=0.6363636363636364 random(1.0)=0.20000000298023224 great=false Attack WIN LOSE_EQUIP
May 16, 2018 12:12:36 AM net.sf.freecol.common.util.LogBuilder log
INFO: Combat attacker=unit:349-kingsRegular-cavalry [Modifier model.modifier.offence (model.source.baseOffence) ADDITIVE 0.0 index=10] [Modifier model.modifier.offence (model.unit.kingsRegular) ADDITIVE 4.0 index=20] [Modifier model.modifier.offence (model.role.cavalry) ADDITIVE 3.0 index=30] [Modifier model.modifier.attackBonus (model.source.attackBonus) PERCENTAGE 50.0 index=50] = 10.5 defender=unit:348-colonialRegular-soldier [Modifier model.modifier.defence (model.source.baseDefence) ADDITIVE 1.0 index=10] [Modifier model.modifier.defence (model.unit.colonialRegular) ADDITIVE 3.0 index=20] [Modifier model.modifier.defence (model.role.soldier) ADDITIVE 1.0 index=30] = 5.0 odds=0.6774193548387096 random(1.0)=0.20000000298023224 great=false Attack WIN LOSE_EQUIP DEMOTE_UNIT
May 16, 2018 12:12:36 AM net.sf.freecol.common.util.LogBuilder log
INFO: Combat attacker=unit:349-kingsRegular-cavalry [Modifier model.modifier.offence (model.source.baseOffence) ADDITIVE 0.0 index=10] [Modifier model.modifier.offence (model.unit.kingsRegular) ADDITIVE 4.0 index=20] [Modifier model.modifier.offence (model.role.cavalry) ADDITIVE 3.0 index=30] [Modifier model.modifier.attackBonus (model.source.attackBonus) PERCENTAGE 50.0 index=50] = 10.5 defender=unit:348-veteranSoldier [Modifier model.modifier.defence (model.source.baseDefence) ADDITIVE 1.0 index=10] [Modifier model.modifier.defence (model.unit.veteranSoldier) PERCENTAGE 50.0 index=40] = 1.5 odds=0.875 random(1.0)=0.20000000298023224 great=false Attack WIN CAPTURE_UNIT
May 16, 2018 12:12:36 AM net.sf.freecol.common.model.Specification applyDifficultyLevel
INFO: Applying difficulty level model.difficulty.medium
May 16, 2018 12:12:36 AM net.sf.freecol.common.model.Specification applyDifficultyLevel
INFO: Applying difficulty level model.difficulty.medium
May 16, 2018 12:12:36 AM net.sf.freecol.common.model.Specification applyDifficultyLevel
INFO: Applying difficulty level model.difficulty.medium
May 16, 2018 12:12:36 AM net.sf.freecol.common.model.Specification applyDifficultyLevel
INFO: Applying difficulty level model.difficulty.medium
May 16, 2018 12:12:36 AM net.sf.freecol.common.model.Specification applyDifficultyLevel
INFO: Applying difficulty level model.difficulty.medium
May 16, 2018 12:12:36 AM net.sf.freecol.common.model.Specification applyDifficultyLevel
INFO: Applying difficulty level model.difficulty.medium
May 16, 2018 12:12:36 AM net.sf.freecol.common.model.Specification applyDifficultyLevel
INFO: Applying difficulty level model.difficulty.medium
May 16, 2018 12:12:36 AM net.sf.freecol.common.model.Specification applyDifficultyLevel
INFO: Applying difficulty level model.difficulty.medium
May 16, 2018 12:12:36 AM net.sf.freecol.common.model.Specification applyDifficultyLevel
INFO: Applying difficulty level model.difficulty.medium
May 16, 2018 12:12:36 AM net.sf.freecol.common.model.Specification applyDifficultyLevel
INFO: Applying difficulty level model.difficulty.medium
May 16, 2018 12:12:36 AM net.sf.freecol.common.model.Specification applyDifficultyLevel
INFO: Applying difficulty level model.difficulty.medium
May 16, 2018 12:12:36 AM net.sf.freecol.common.model.Specification applyDifficultyLevel
INFO: Applying difficulty level model.difficulty.medium
May 16, 2018 12:12:36 AM net.sf.freecol.common.model.Specification applyDifficultyLevel
INFO: Applying difficulty level model.difficulty.medium
May 16, 2018 12:12:36 AM net.sf.freecol.common.model.Specification applyDifficultyLevel
INFO: Applying difficulty level model.difficulty.medium
May 16, 2018 12:12:36 AM net.sf.freecol.common.model.Specification applyDifficultyLevel
INFO: Applying difficulty level model.difficulty.medium
May 16, 2018 12:12:36 AM net.sf.freecol.common.model.Specification applyDifficultyLevel
INFO: Applying difficulty level model.difficulty.medium
May 16, 2018 12:12:36 AM net.sf.freecol.common.model.Specification applyDifficultyLevel
INFO: Applying difficulty level model.difficulty.medium
May 16, 2018 12:12:36 AM net.sf.freecol.common.model.Specification applyDifficultyLevel
INFO: Applying difficulty level model.difficulty.medium
May 16, 2018 12:12:37 AM net.sf.freecol.common.model.Specification applyDifficultyLevel
INFO: Applying difficulty level model.difficulty.medium
May 16, 2018 12:12:37 AM net.sf.freecol.common.model.Specification applyDifficultyLevel
INFO: Applying difficulty level model.difficulty.medium
May 16, 2018 12:12:37 AM net.sf.freecol.common.model.Specification applyDifficultyLevel
INFO: Applying difficulty level model.difficulty.medium
May 16, 2018 12:12:37 AM net.sf.freecol.common.model.Specification applyDifficultyLevel
INFO: Applying difficulty level model.difficulty.medium
May 16, 2018 12:12:37 AM net.sf.freecol.common.model.Specification applyDifficultyLevel
INFO: Applying difficulty level model.difficulty.medium
May 16, 2018 12:12:37 AM net.sf.freecol.common.model.Specification applyDifficultyLevel
INFO: Applying difficulty level model.difficulty.medium
May 16, 2018 12:12:37 AM net.sf.freecol.common.model.Specification applyDifficultyLevel
INFO: Applying difficulty level model.difficulty.medium
May 16, 2018 12:12:37 AM net.sf.freecol.common.model.Specification applyDifficultyLevel
INFO: Applying difficulty level model.difficulty.medium
May 16, 2018 12:12:37 AM net.sf.freecol.common.model.Specification applyDifficultyLevel
INFO: Applying difficulty level model.difficulty.medium
May 16, 2018 12:12:37 AM net.sf.freecol.common.model.Specification applyDifficultyLevel
INFO: Applying difficulty level model.difficulty.medium
May 16, 2018 12:12:37 AM net.sf.freecol.common.model.Specification applyDifficultyLevel
INFO: Applying difficulty level model.difficulty.medium
May 16, 2018 12:12:37 AM net.sf.freecol.common.model.Specification applyDifficultyLevel
INFO: Applying difficulty level model.difficulty.medium
May 16, 2018 12:12:37 AM net.sf.freecol.common.model.Specification applyDifficultyLevel
INFO: Applying difficulty level model.difficulty.medium
May 16, 2018 12:12:37 AM net.sf.freecol.common.model.Specification applyDifficultyLevel
INFO: Applying difficulty level model.difficulty.medium
May 16, 2018 12:12:37 AM net.sf.freecol.common.model.Specification applyDifficultyLevel
INFO: Applying difficulty level model.difficulty.medium
May 16, 2018 12:12:37 AM net.sf.freecol.common.model.Specification applyDifficultyLevel
INFO: Applying difficulty level model.difficulty.medium
May 16, 2018 12:12:37 AM net.sf.freecol.common.model.Specification applyDifficultyLevel
INFO: Applying difficulty level model.difficulty.medium
May 16, 2018 12:12:37 AM net.sf.freecol.common.model.Specification applyDifficultyLevel
INFO: Applying difficulty level model.difficulty.medium
May 16, 2018 12:12:37 AM net.sf.freecol.common.model.Specification applyDifficultyLevel
INFO: Applying difficulty level model.difficulty.medium
May 16, 2018 12:12:37 AM net.sf.freecol.common.model.Specification applyDifficultyLevel
INFO: Applying difficulty level model.difficulty.medium
May 16, 2018 12:12:37 AM net.sf.freecol.common.model.Specification applyDifficultyLevel
INFO: Applying difficulty level model.difficulty.medium
May 16, 2018 12:12:37 AM net.sf.freecol.common.model.Specification applyDifficultyLevel
INFO: Applying difficulty level model.difficulty.medium
May 16, 2018 12:12:37 AM net.sf.freecol.common.model.Specification applyDifficultyLevel
INFO: Applying difficulty level model.difficulty.medium
May 16, 2018 12:12:37 AM net.sf.freecol.common.model.Specification applyDifficultyLevel
INFO: Applying difficulty level model.difficulty.medium
May 16, 2018 12:12:37 AM net.sf.freecol.common.model.Specification applyDifficultyLevel
INFO: Applying difficulty level model.difficulty.medium
May 16, 2018 12:12:37 AM net.sf.freecol.common.model.Specification applyDifficultyLevel
INFO: Applying difficulty level model.difficulty.medium
May 16, 2018 12:12:37 AM net.sf.freecol.common.model.Specification applyDifficultyLevel
INFO: Applying difficulty level model.difficulty.medium
May 16, 2018 12:12:37 AM net.sf.freecol.common.model.Specification applyDifficultyLevel
INFO: Applying difficulty level model.difficulty.medium
May 16, 2018 12:12:37 AM net.sf.freecol.common.model.Specification applyDifficultyLevel
INFO: Applying difficulty level model.difficulty.medium
May 16, 2018 12:12:37 AM net.sf.freecol.common.model.Specification applyDifficultyLevel
INFO: Applying difficulty level model.difficulty.medium
May 16, 2018 12:12:37 AM net.sf.freecol.common.model.Specification applyDifficultyLevel
INFO: Applying difficulty level model.difficulty.medium
May 16, 2018 12:12:37 AM net.sf.freecol.common.model.Specification applyDifficultyLevel
INFO: Applying difficulty level model.difficulty.medium
May 16, 2018 12:12:37 AM net.sf.freecol.common.model.Specification applyDifficultyLevel
INFO: Applying difficulty level model.difficulty.medium
May 16, 2018 12:12:37 AM net.sf.freecol.common.model.Specification applyDifficultyLevel
INFO: Applying difficulty level model.difficulty.medium
May 16, 2018 12:12:37 AM net.sf.freecol.common.model.Specification applyDifficultyLevel
INFO: Applying difficulty level model.difficulty.medium
May 16, 2018 12:12:37 AM net.sf.freecol.common.model.Specification applyDifficultyLevel
INFO: Applying difficulty level model.difficulty.medium
May 16, 2018 12:12:37 AM net.sf.freecol.common.model.Specification applyDifficultyLevel
INFO: Applying difficulty level model.difficulty.medium
May 16, 2018 12:12:38 AM net.sf.freecol.common.model.Specification applyDifficultyLevel
INFO: Applying difficulty level model.difficulty.medium
May 16, 2018 12:12:38 AM net.sf.freecol.common.model.Specification applyDifficultyLevel
INFO: Applying difficulty level model.difficulty.medium
May 16, 2018 12:12:38 AM net.sf.freecol.common.model.Specification applyDifficultyLevel
INFO: Applying difficulty level model.difficulty.medium
May 16, 2018 12:12:38 AM net.sf.freecol.common.model.Specification applyDifficultyLevel
INFO: Applying difficulty level model.difficulty.medium
May 16, 2018 12:12:38 AM net.sf.freecol.common.model.Specification applyDifficultyLevel
INFO: Applying difficulty level model.difficulty.medium
May 16, 2018 12:12:38 AM net.sf.freecol.common.model.Specification applyDifficultyLevel
INFO: Applying difficulty level model.difficulty.medium
May 16, 2018 12:12:38 AM net.sf.freecol.common.model.Specification applyDifficultyLevel
INFO: Applying difficulty level model.difficulty.medium
May 16, 2018 12:12:38 AM net.sf.freecol.common.model.Specification applyDifficultyLevel
INFO: Applying difficulty level model.difficulty.medium
May 16, 2018 12:12:38 AM net.sf.freecol.common.model.Specification applyDifficultyLevel
INFO: Applying difficulty level model.difficulty.medium
May 16, 2018 12:12:38 AM net.sf.freecol.common.model.Specification applyDifficultyLevel
INFO: Applying difficulty level model.difficulty.veryEasy
May 16, 2018 12:12:38 AM net.sf.freecol.common.model.Specification applyDifficultyLevel
INFO: Applying difficulty level model.difficulty.easy
May 16, 2018 12:12:38 AM net.sf.freecol.common.model.Specification applyDifficultyLevel
INFO: Applying difficulty level model.difficulty.medium
May 16, 2018 12:12:38 AM net.sf.freecol.common.model.Specification applyDifficultyLevel
INFO: Applying difficulty level model.difficulty.hard
May 16, 2018 12:12:38 AM net.sf.freecol.common.model.Specification applyDifficultyLevel
INFO: Applying difficulty level model.difficulty.veryHard
May 16, 2018 12:12:38 AM net.sf.freecol.common.model.Specification applyDifficultyLevel
INFO: Applying difficulty level model.difficulty.custom
May 16, 2018 12:12:38 AM net.sf.freecol.common.model.Specification applyDifficultyLevel
INFO: Applying difficulty level model.difficulty.medium
May 16, 2018 12:12:38 AM net.sf.freecol.common.model.Specification applyDifficultyLevel
INFO: Applying difficulty level model.difficulty.medium
May 16, 2018 12:12:38 AM net.sf.freecol.common.model.Specification applyDifficultyLevel
INFO: Applying difficulty level model.difficulty.medium
May 16, 2018 12:12:38 AM net.sf.freecol.common.model.Specification applyDifficultyLevel
INFO: Applying difficulty level model.difficulty.medium
May 16, 2018 12:12:38 AM net.sf.freecol.common.util.LogBuilder log
INFO: Destroying: unit:775
May 16, 2018 12:12:38 AM net.sf.freecol.common.model.Specification applyDifficultyLevel
INFO: Applying difficulty level model.difficulty.medium
May 16, 2018 12:12:38 AM net.sf.freecol.common.model.Specification applyDifficultyLevel
INFO: Applying difficulty level model.difficulty.medium
May 16, 2018 12:12:38 AM net.sf.freecol.common.model.Specification applyDifficultyLevel
INFO: Applying difficulty level model.difficulty.medium
May 16, 2018 12:12:38 AM net.sf.freecol.common.model.Specification applyDifficultyLevel
INFO: Applying difficulty level model.difficulty.medium
May 16, 2018 12:12:39 AM net.sf.freecol.common.model.Specification applyDifficultyLevel
INFO: Applying difficulty level model.difficulty.medium
May 16, 2018 12:12:40 AM net.sf.freecol.common.model.Specification applyDifficultyLevel
INFO: Applying difficulty level model.difficulty.medium
May 16, 2018 12:12:40 AM net.sf.freecol.common.FreeColSeed getFreeColSeed
INFO: Using seed: 2806164690746264665
May 16, 2018 12:12:40 AM net.sf.freecol.server.networking.Server sendToAll
INFO: Reap dead connection: [DummyConnection Server connection - model.nation.tupi]
May 16, 2018 12:12:40 AM net.sf.freecol.server.networking.Server sendToAll
INFO: Reap dead connection: [DummyConnection Server connection - model.nation.iroquois]
May 16, 2018 12:12:40 AM net.sf.freecol.server.networking.Server sendToAll
INFO: Reap dead connection: [DummyConnection Server connection - model.nation.arawak]
May 16, 2018 12:12:40 AM net.sf.freecol.server.networking.Server sendToAll
INFO: Reap dead connection: [DummyConnection Server connection - model.nation.dutch]
May 16, 2018 12:12:40 AM net.sf.freecol.server.networking.Server sendToAll
INFO: Reap dead connection: [DummyConnection Server connection - model.nation.cherokee]
May 16, 2018 12:12:40 AM net.sf.freecol.server.networking.Server sendToAll
INFO: Reap dead connection: [DummyConnection Server connection - model.nation.english]
May 16, 2018 12:12:40 AM net.sf.freecol.server.networking.Server sendToAll
INFO: Reap dead connection: [DummyConnection Server connection - model.nation.sioux]
May 16, 2018 12:12:40 AM net.sf.freecol.server.networking.Server sendToAll
INFO: Reap dead connection: [DummyConnection Server connection - model.nation.inca]
May 16, 2018 12:12:40 AM net.sf.freecol.server.networking.Server sendToAll
INFO: Reap dead connection: [DummyConnection Server connection - model.nation.aztec]
May 16, 2018 12:12:40 AM net.sf.freecol.server.networking.Server sendToAll
INFO: Reap dead connection: [DummyConnection Server connection - model.nation.spanish]
May 16, 2018 12:12:40 AM net.sf.freecol.server.networking.Server sendToAll
INFO: Reap dead connection: [DummyConnection Server connection - model.nation.french]
May 16, 2018 12:12:40 AM net.sf.freecol.server.networking.Server sendToAll
INFO: Reap dead connection: [DummyConnection Server connection - model.nation.apache]
May 16, 2018 12:12:40 AM net.sf.freecol.common.model.Specification applyDifficultyLevel
INFO: Applying difficulty level model.difficulty.medium
May 16, 2018 12:12:41 AM net.sf.freecol.common.model.Specification fixRoles
INFO: Loading role backward compatibility fragment: roles-compat.xml with roles: model.role.defaultmodel.role.scoutmodel.role.soldiermodel.role.dragoonmodel.role.pioneermodel.role.missionarymodel.role.infantrymodel.role.cavalrymodel.role.mountedBravemodel.role.armedBravemodel.role.nativeDragoon
May 16, 2018 12:12:41 AM net.sf.freecol.common.model.Specification checkDifficultyOptionGroup
INFO: Check group model.difficulty.immigration
May 16, 2018 12:12:41 AM net.sf.freecol.common.model.Specification checkDifficultyOptionGroup
INFO: Check group model.difficulty.natives
May 16, 2018 12:12:41 AM net.sf.freecol.common.model.Specification checkDifficultyOptionGroup
INFO: Check group model.difficulty.monarch
May 16, 2018 12:12:41 AM net.sf.freecol.common.model.Specification checkDifficultyOptionGroup
INFO: Check group model.difficulty.government
May 16, 2018 12:12:41 AM net.sf.freecol.common.model.Specification checkDifficultyOptionGroup
INFO: Check group model.difficulty.other
May 16, 2018 12:12:41 AM net.sf.freecol.common.model.Specification checkDifficultyOptionGroup
INFO: Check group model.difficulty.cheat
May 16, 2018 12:12:41 AM net.sf.freecol.common.model.Specification checkDifficultyUnitListOption
INFO: Added difficulty unit list option: model.option.immigrants
May 16, 2018 12:12:41 AM net.sf.freecol.common.model.Specification clean
INFO: Specification clean following load from InputStream complete, starting year=1492, season year=1600, ages=[1,109,309], seasons=2, 247 FreeColGameObjectTypes, 78 Abilities, 41 BuildingTypes, 14 Disasters, 5 EuropeanNationTypes, 2 Events, 25 FoundingFathers, 21 GoodsTypes, 8 IndianNationTypes, 60 Modifiers, 17 Nations, 65 Options, 16 Option Groups, 12 ResourceTypes, 11 Roles, 23 TileTypes, 6 TileImprovementTypes, 42 UnitTypes read.
May 16, 2018 12:12:41 AM net.sf.freecol.common.model.Specification applyDifficultyLevel
INFO: Applying difficulty level model.difficulty.veryEasy
May 16, 2018 12:12:41 AM net.sf.freecol.common.model.Specification checkDifficultyOptionGroup
INFO: Check group model.difficulty.immigration
May 16, 2018 12:12:41 AM net.sf.freecol.common.model.Specification checkDifficultyOptionGroup
INFO: Check group model.difficulty.natives
May 16, 2018 12:12:41 AM net.sf.freecol.common.model.Specification checkDifficultyOptionGroup
INFO: Check group model.difficulty.monarch
May 16, 2018 12:12:41 AM net.sf.freecol.common.model.Specification checkDifficultyOptionGroup
INFO: Check group model.difficulty.government
May 16, 2018 12:12:41 AM net.sf.freecol.common.model.Specification checkDifficultyOptionGroup
INFO: Check group model.difficulty.other
May 16, 2018 12:12:41 AM net.sf.freecol.common.model.Specification checkDifficultyOptionGroup
INFO: Check group model.difficulty.cheat
May 16, 2018 12:12:41 AM net.sf.freecol.common.model.Specification applyDifficultyLevel
INFO: Applying difficulty level model.difficulty.veryEasy
May 16, 2018 12:12:41 AM net.sf.freecol.common.model.Specification clean
INFO: Specification clean following load from InputStream complete, starting year=1492, season year=1600, ages=[1,109,309], seasons=2, 241 FreeColGameObjectTypes, 78 Abilities, 41 BuildingTypes, 14 Disasters, 5 EuropeanNationTypes, 2 Events, 25 FoundingFathers, 21 GoodsTypes, 8 IndianNationTypes, 60 Modifiers, 17 Nations, 112 Options, 22 Option Groups, 12 ResourceTypes, 11 Roles, 23 TileTypes, 6 TileImprovementTypes, 42 UnitTypes read.
May 16, 2018 12:12:41 AM net.sf.freecol.common.model.Specification fixRoles
INFO: Loading role backward compatibility fragment: roles-compat.xml with roles: model.role.defaultmodel.role.scoutmodel.role.soldiermodel.role.dragoonmodel.role.pioneermodel.role.missionarymodel.role.infantrymodel.role.cavalrymodel.role.mountedBravemodel.role.armedBravemodel.role.nativeDragoon
May 16, 2018 12:12:41 AM net.sf.freecol.common.model.Specification checkDifficultyOptionGroup
INFO: Check group model.difficulty.immigration
May 16, 2018 12:12:41 AM net.sf.freecol.common.model.Specification checkDifficultyOptionGroup
INFO: Check group model.difficulty.natives
May 16, 2018 12:12:41 AM net.sf.freecol.common.model.Specification checkDifficultyOptionGroup
INFO: Check group model.difficulty.monarch
May 16, 2018 12:12:41 AM net.sf.freecol.common.model.Specification checkDifficultyOptionGroup
INFO: Check group model.difficulty.government
May 16, 2018 12:12:41 AM net.sf.freecol.common.model.Specification checkDifficultyOptionGroup
INFO: Check group model.difficulty.other
May 16, 2018 12:12:41 AM net.sf.freecol.common.model.Specification checkDifficultyOptionGroup
INFO: Check group model.difficulty.cheat
May 16, 2018 12:12:41 AM net.sf.freecol.common.model.Specification checkDifficultyUnitListOption
INFO: Added difficulty unit list option: model.option.immigrants
May 16, 2018 12:12:41 AM net.sf.freecol.common.model.Specification clean
INFO: Specification clean following load from InputStream complete, starting year=1492, season year=1600, ages=[1,109,309], seasons=2, 247 FreeColGameObjectTypes, 78 Abilities, 41 BuildingTypes, 14 Disasters, 5 EuropeanNationTypes, 2 Events, 25 FoundingFathers, 21 GoodsTypes, 8 IndianNationTypes, 60 Modifiers, 17 Nations, 65 Options, 16 Option Groups, 12 ResourceTypes, 11 Roles, 23 TileTypes, 6 TileImprovementTypes, 42 UnitTypes read.
May 16, 2018 12:12:41 AM net.sf.freecol.common.model.Specification applyDifficultyLevel
INFO: Applying difficulty level model.difficulty.veryEasy
May 16, 2018 12:12:41 AM net.sf.freecol.common.model.Specification checkDifficultyOptionGroup
INFO: Check group model.difficulty.immigration
May 16, 2018 12:12:41 AM net.sf.freecol.common.model.Specification checkDifficultyOptionGroup
INFO: Check group model.difficulty.natives
May 16, 2018 12:12:41 AM net.sf.freecol.common.model.Specification checkDifficultyOptionGroup
INFO: Check group model.difficulty.monarch
May 16, 2018 12:12:41 AM net.sf.freecol.common.model.Specification checkDifficultyOptionGroup
INFO: Check group model.difficulty.government
May 16, 2018 12:12:41 AM net.sf.freecol.common.model.Specification checkDifficultyOptionGroup
INFO: Check group model.difficulty.other
May 16, 2018 12:12:41 AM net.sf.freecol.common.model.Specification checkDifficultyOptionGroup
INFO: Check group model.difficulty.cheat
May 16, 2018 12:12:41 AM net.sf.freecol.common.model.Specification applyDifficultyLevel
INFO: Applying difficulty level model.difficulty.veryEasy
May 16, 2018 12:12:41 AM net.sf.freecol.common.model.Specification clean
INFO: Specification clean following load from InputStream complete, starting year=1492, season year=1600, ages=[1,109,309], seasons=2, 241 FreeColGameObjectTypes, 78 Abilities, 41 BuildingTypes, 14 Disasters, 5 EuropeanNationTypes, 2 Events, 25 FoundingFathers, 21 GoodsTypes, 8 IndianNationTypes, 60 Modifiers, 17 Nations, 112 Options, 22 Option Groups, 12 ResourceTypes, 11 Roles, 23 TileTypes, 6 TileImprovementTypes, 42 UnitTypes read.
May 16, 2018 12:12:41 AM net.sf.freecol.common.model.Specification applyDifficultyLevel
INFO: Applying difficulty level model.difficulty.medium
May 16, 2018 12:12:41 AM net.sf.freecol.common.model.Specification applyDifficultyLevel
INFO: Applying difficulty level model.difficulty.medium
May 16, 2018 12:12:41 AM net.sf.freecol.common.model.Specification applyDifficultyLevel
INFO: Applying difficulty level model.difficulty.medium
May 16, 2018 12:12:41 AM net.sf.freecol.common.util.LogBuilder log
INFO: Destroying: goodsContainer:776 goodsContainer:778 unit:777 indianSettlement:775
May 16, 2018 12:12:41 AM net.sf.freecol.common.util.LogBuilder log
INFO: Destroying: goodsContainer:782 goodsContainer:784 unit:783 indianSettlement:781
May 16, 2018 12:12:41 AM net.sf.freecol.common.util.LogBuilder log
INFO: Destroying: goodsContainer:786 goodsContainer:788 unit:787 indianSettlement:785
May 16, 2018 12:12:41 AM net.sf.freecol.common.util.LogBuilder log
INFO: Destroying: goodsContainer:790 goodsContainer:792 unit:791 indianSettlement:789
May 16, 2018 12:12:42 AM net.sf.freecol.common.model.Specification applyDifficultyLevel
INFO: Applying difficulty level model.difficulty.medium
May 16, 2018 12:12:42 AM net.sf.freecol.common.model.Specification applyDifficultyLevel
INFO: Applying difficulty level model.difficulty.medium
May 16, 2018 12:12:42 AM net.sf.freecol.common.model.Specification applyDifficultyLevel
INFO: Applying difficulty level model.difficulty.medium
May 16, 2018 12:12:42 AM net.sf.freecol.common.model.Specification applyDifficultyLevel
INFO: Applying difficulty level model.difficulty.medium
May 16, 2018 12:12:42 AM net.sf.freecol.common.model.Specification applyDifficultyLevel
INFO: Applying difficulty level model.difficulty.medium
May 16, 2018 12:12:42 AM net.sf.freecol.common.model.Specification applyDifficultyLevel
INFO: Applying difficulty level model.difficulty.medium
May 16, 2018 12:12:42 AM net.sf.freecol.common.util.LogBuilder log
INFO: Destroying: tileImprovement:799
May 16, 2018 12:12:42 AM net.sf.freecol.common.model.Specification applyDifficultyLevel
INFO: Applying difficulty level model.difficulty.medium
May 16, 2018 12:12:42 AM net.sf.freecol.common.model.Specification applyDifficultyLevel
INFO: Applying difficulty level model.difficulty.medium
May 16, 2018 12:12:42 AM net.sf.freecol.common.model.Specification applyDifficultyLevel
INFO: Applying difficulty level model.difficulty.medium
May 16, 2018 12:12:42 AM net.sf.freecol.common.util.LogBuilder log
INFO: Destroying: tileImprovement:780
May 16, 2018 12:12:42 AM net.sf.freecol.common.model.Specification applyDifficultyLevel
INFO: Applying difficulty level model.difficulty.medium
May 16, 2018 12:12:42 AM net.sf.freecol.common.model.Specification applyDifficultyLevel
INFO: Applying difficulty level model.difficulty.medium
May 16, 2018 12:12:42 AM net.sf.freecol.common.model.Specification applyDifficultyLevel
INFO: Applying difficulty level model.difficulty.medium
May 16, 2018 12:12:42 AM net.sf.freecol.common.model.Specification applyDifficultyLevel
INFO: Applying difficulty level model.difficulty.medium
May 16, 2018 12:12:42 AM net.sf.freecol.common.model.Specification applyDifficultyLevel
INFO: Applying difficulty level model.difficulty.medium
May 16, 2018 12:12:42 AM net.sf.freecol.common.model.Specification applyDifficultyLevel
INFO: Applying difficulty level model.difficulty.medium
May 16, 2018 12:12:42 AM net.sf.freecol.common.model.Specification applyDifficultyLevel
INFO: Applying difficulty level model.difficulty.medium
May 16, 2018 12:12:42 AM net.sf.freecol.common.util.LogBuilder log
INFO: Destroying: tileImprovement:804
May 16, 2018 12:12:42 AM net.sf.freecol.common.model.Specification applyDifficultyLevel
INFO: Applying difficulty level model.difficulty.medium
May 16, 2018 12:12:42 AM net.sf.freecol.common.model.Specification applyDifficultyLevel
INFO: Applying difficulty level model.difficulty.medium
May 16, 2018 12:12:42 AM net.sf.freecol.common.model.Unit setLocation
WARNING: Can not add [unit:775 dutch merchantman 5/5] to tile:573
May 16, 2018 12:12:42 AM net.sf.freecol.common.model.Specification applyDifficultyLevel
INFO: Applying difficulty level model.difficulty.medium
May 16, 2018 12:12:42 AM net.sf.freecol.common.model.Unit setLocation
WARNING: Can not add [unit:775 dutch merchantman 5/5] to tile:573
May 16, 2018 12:12:42 AM net.sf.freecol.common.model.Specification applyDifficultyLevel
INFO: Applying difficulty level model.difficulty.medium
May 16, 2018 12:12:42 AM net.sf.freecol.common.model.Specification applyDifficultyLevel
INFO: Applying difficulty level model.difficulty.medium
May 16, 2018 12:12:42 AM net.sf.freecol.common.model.Specification applyDifficultyLevel
INFO: Applying difficulty level model.difficulty.medium
May 16, 2018 12:12:42 AM net.sf.freecol.common.model.Specification applyDifficultyLevel
INFO: Applying difficulty level model.difficulty.medium
May 16, 2018 12:12:42 AM net.sf.freecol.common.util.LogBuilder log
INFO: Destroying: goodsContainer:782 unit:781
May 16, 2018 12:12:42 AM net.sf.freecol.common.model.Specification applyDifficultyLevel
INFO: Applying difficulty level model.difficulty.medium
May 16, 2018 12:12:42 AM net.sf.freecol.common.model.Specification applyDifficultyLevel
INFO: Applying difficulty level model.difficulty.medium
May 16, 2018 12:12:42 AM net.sf.freecol.common.model.Unit setLocation
WARNING: Can not add [unit:775 dutch merchantman 5/5] to tile:573
May 16, 2018 12:12:42 AM net.sf.freecol.common.model.Specification applyDifficultyLevel
INFO: Applying difficulty level model.difficulty.medium
May 16, 2018 12:12:42 AM net.sf.freecol.common.model.Specification applyDifficultyLevel
INFO: Applying difficulty level model.difficulty.medium
May 16, 2018 12:12:42 AM net.sf.freecol.common.model.Unit setLocation
WARNING: Can not add [unit:777 dutch galleon 6/6] to tile:629
May 16, 2018 12:12:42 AM net.sf.freecol.common.model.Specification applyDifficultyLevel
INFO: Applying difficulty level model.difficulty.medium
May 16, 2018 12:12:42 AM net.sf.freecol.common.model.Specification applyDifficultyLevel
INFO: Applying difficulty level model.difficulty.medium
May 16, 2018 12:12:42 AM net.sf.freecol.common.model.Specification applyDifficultyLevel
INFO: Applying difficulty level model.difficulty.veryEasy
May 16, 2018 12:12:42 AM net.sf.freecol.common.model.Specification applyDifficultyLevel
INFO: Applying difficulty level model.difficulty.easy
May 16, 2018 12:12:42 AM net.sf.freecol.common.model.Specification applyDifficultyLevel
INFO: Applying difficulty level model.difficulty.medium
May 16, 2018 12:12:42 AM net.sf.freecol.common.model.Specification applyDifficultyLevel
INFO: Applying difficulty level model.difficulty.hard
May 16, 2018 12:12:42 AM net.sf.freecol.common.model.Specification applyDifficultyLevel
INFO: Applying difficulty level model.difficulty.veryHard
May 16, 2018 12:12:42 AM net.sf.freecol.common.model.Specification applyDifficultyLevel
INFO: Applying difficulty level model.difficulty.veryEasy
May 16, 2018 12:12:42 AM net.sf.freecol.common.model.Specification applyDifficultyLevel
INFO: Applying difficulty level model.difficulty.easy
May 16, 2018 12:12:42 AM net.sf.freecol.common.model.Specification applyDifficultyLevel
INFO: Applying difficulty level model.difficulty.medium
May 16, 2018 12:12:42 AM net.sf.freecol.common.model.Specification applyDifficultyLevel
INFO: Applying difficulty level model.difficulty.hard
May 16, 2018 12:12:42 AM net.sf.freecol.common.model.Specification applyDifficultyLevel
INFO: Applying difficulty level model.difficulty.veryHard
May 16, 2018 12:12:42 AM net.sf.freecol.common.model.Specification applyDifficultyLevel
INFO: Applying difficulty level model.difficulty.medium
May 16, 2018 12:12:42 AM net.sf.freecol.common.model.Specification applyDifficultyLevel
INFO: Applying difficulty level model.difficulty.medium
May 16, 2018 12:12:42 AM net.sf.freecol.common.model.Unit setLocation
WARNING: Can not add [unit:775 dutch frigate 6/6] to tile:574
May 16, 2018 12:12:42 AM net.sf.freecol.common.model.Specification applyDifficultyLevel
INFO: Applying difficulty level model.difficulty.medium
May 16, 2018 12:12:42 AM net.sf.freecol.common.model.Specification applyDifficultyLevel
INFO: Applying difficulty level model.difficulty.medium
May 16, 2018 12:12:42 AM net.sf.freecol.common.model.Specification applyDifficultyLevel
INFO: Applying difficulty level model.difficulty.medium
May 16, 2018 12:12:42 AM net.sf.freecol.common.model.Specification applyDifficultyLevel
INFO: Applying difficulty level model.difficulty.medium
May 16, 2018 12:12:42 AM net.sf.freecol.common.model.Specification applyDifficultyLevel
INFO: Applying difficulty level model.difficulty.medium
May 16, 2018 12:12:43 AM net.sf.freecol.common.resources.FontResource <init>
INFO: Loaded font: Serif.plain from: urn:font:Serif-PLAIN-12
May 16, 2018 12:12:43 AM net.sf.freecol.common.resources.FontResource <init>
INFO: Loaded font: Dialog.plain from: urn:font:Dialog-PLAIN-12
May 16, 2018 12:12:43 AM net.sf.freecol.common.resources.FontResource <init>
INFO: Loaded font: ShadowedBlack from: file:/C:/Users/Kyle/Documents/Eclipse/Eclipse4.5.1Mars32WCSPlugin/collegeworkspace204/FreeCol/data/base/resources/fonts/ShadowedBlack.ttf
May 16, 2018 12:12:43 AM net.sf.freecol.common.util.LogBuilder log
INFO: Resource mapping, data\base/resources.properties loaded, data\base/resources_en.properties not found
May 16, 2018 12:12:43 AM net.sf.freecol.common.resources.ResourceManager setBaseMapping
INFO: setBaseMapping net.sf.freecol.common.resources.ResourceMapping@18190fc
May 16, 2018 12:12:43 AM net.sf.freecol.common.util.LogBuilder log
INFO: Resource mapping, data\base/resources.properties loaded, data\base/resources_en.properties not found
May 16, 2018 12:12:43 AM net.sf.freecol.common.resources.ResourceManager setBaseMapping
INFO: setBaseMapping net.sf.freecol.common.resources.ResourceMapping@7db1f
May 16, 2018 12:12:44 AM net.sf.freecol.common.util.LogBuilder log
INFO: Resource mapping, data\rules\classic/resources.properties loaded, data\rules\classic/resources_en.properties not found
May 16, 2018 12:12:44 AM net.sf.freecol.common.resources.ResourceManager setTcMapping
INFO: setTcMapping net.sf.freecol.common.resources.ResourceMapping@bc55de
May 16, 2018 12:12:47 AM net.sf.freecol.common.FreeColSeed getFreeColSeed
INFO: Using seed: -6956773175816334442
May 16, 2018 12:12:48 AM net.sf.freecol.common.model.LandMap <init>
INFO: Using land generator model.option.landGeneratorType.classic
May 16, 2018 12:12:48 AM net.sf.freecol.common.util.LogBuilder log
INFO: Destroying: tileImprovement:4273
May 16, 2018 12:12:48 AM net.sf.freecol.common.util.LogBuilder log
INFO: Destroying: tileImprovement:4275
May 16, 2018 12:12:48 AM net.sf.freecol.common.util.LogBuilder log
INFO: Destroying: tileImprovement:4277
May 16, 2018 12:12:48 AM net.sf.freecol.common.util.LogBuilder log
INFO: Destroying: tileImprovement:4279
May 16, 2018 12:12:48 AM net.sf.freecol.common.util.LogBuilder log
INFO: Destroying: tileImprovement:4281
May 16, 2018 12:12:48 AM net.sf.freecol.common.util.LogBuilder log
INFO: Destroying: tileImprovement:4283
May 16, 2018 12:12:48 AM net.sf.freecol.common.util.LogBuilder log
INFO: Destroying: tileImprovement:4424
May 16, 2018 12:12:48 AM net.sf.freecol.common.util.LogBuilder log
INFO: Destroying: tileImprovement:4426
May 16, 2018 12:12:48 AM net.sf.freecol.common.util.LogBuilder log
INFO: Destroying: tileImprovement:4428
May 16, 2018 12:12:48 AM net.sf.freecol.common.util.LogBuilder log
INFO: Destroying: tileImprovement:4322
May 16, 2018 12:12:48 AM net.sf.freecol.common.util.LogBuilder log
INFO: Destroying: tileImprovement:4324
May 16, 2018 12:12:48 AM net.sf.freecol.common.util.LogBuilder log
INFO: Destroying: tileImprovement:4326
May 16, 2018 12:12:48 AM net.sf.freecol.common.util.LogBuilder log
INFO: Destroying: tileImprovement:4328
May 16, 2018 12:12:48 AM net.sf.freecol.common.util.LogBuilder log
INFO: Destroying: tileImprovement:4330
May 16, 2018 12:12:48 AM net.sf.freecol.common.util.LogBuilder log
INFO: Destroying: tileImprovement:4332
May 16, 2018 12:12:48 AM net.sf.freecol.common.util.LogBuilder log
INFO: Destroying: tileImprovement:4334
May 16, 2018 12:12:48 AM net.sf.freecol.common.util.LogBuilder log
INFO: Destroying: tileImprovement:4336
May 16, 2018 12:12:48 AM net.sf.freecol.common.util.LogBuilder log
INFO: Destroying: tileImprovement:4338
May 16, 2018 12:12:48 AM net.sf.freecol.common.util.LogBuilder log
INFO: Destroying: tileImprovement:4340
May 16, 2018 12:12:48 AM net.sf.freecol.common.util.LogBuilder log
INFO: Destroying: tileImprovement:4342
May 16, 2018 12:12:48 AM net.sf.freecol.common.util.LogBuilder log
INFO: Destroying: tileImprovement:4363
May 16, 2018 12:12:48 AM net.sf.freecol.common.util.LogBuilder log
INFO: Destroying: tileImprovement:4365
May 16, 2018 12:12:48 AM net.sf.freecol.common.util.LogBuilder log
INFO: Destroying: tileImprovement:4367
May 16, 2018 12:12:48 AM net.sf.freecol.common.util.LogBuilder log
INFO: Destroying: tileImprovement:4369
May 16, 2018 12:12:48 AM net.sf.freecol.common.util.LogBuilder log
INFO: Destroying: tileImprovement:4371
May 16, 2018 12:12:48 AM net.sf.freecol.common.util.LogBuilder log
INFO: Destroying: tileImprovement:4373
May 16, 2018 12:12:48 AM net.sf.freecol.common.util.LogBuilder log
INFO: Destroying: tileImprovement:4375
May 16, 2018 12:12:48 AM net.sf.freecol.common.util.LogBuilder log
INFO: Destroying: tileImprovement:4377
May 16, 2018 12:12:48 AM net.sf.freecol.common.util.LogBuilder log
INFO: Destroying: tileImprovement:4379
May 16, 2018 12:12:48 AM net.sf.freecol.common.util.LogBuilder log
INFO: Destroying: tileImprovement:4381
May 16, 2018 12:12:48 AM net.sf.freecol.common.util.LogBuilder log
INFO: Destroying: tileImprovement:4383
May 16, 2018 12:12:48 AM net.sf.freecol.common.util.LogBuilder log
INFO: Destroying: tileImprovement:4385
May 16, 2018 12:12:48 AM net.sf.freecol.common.util.LogBuilder log
INFO: Destroying: tileImprovement:4387
May 16, 2018 12:12:48 AM net.sf.freecol.common.util.LogBuilder log
INFO: Destroying: tileImprovement:4389
May 16, 2018 12:12:48 AM net.sf.freecol.common.util.LogBuilder log
INFO: Destroying: tileImprovement:4391
May 16, 2018 12:12:48 AM net.sf.freecol.common.util.LogBuilder log
INFO: Destroying: tileImprovement:4393
May 16, 2018 12:12:48 AM net.sf.freecol.common.util.LogBuilder log
INFO: Destroying: tileImprovement:4395
May 16, 2018 12:12:48 AM net.sf.freecol.common.util.LogBuilder log
INFO: Destroying: tileImprovement:4397
May 16, 2018 12:12:48 AM net.sf.freecol.common.util.LogBuilder log
INFO: Destroying: tileImprovement:4399
May 16, 2018 12:12:48 AM net.sf.freecol.common.util.LogBuilder log
INFO: Destroying: tileImprovement:4401
May 16, 2018 12:12:48 AM net.sf.freecol.common.util.LogBuilder log
INFO: Destroying: tileImprovement:4403
May 16, 2018 12:12:48 AM net.sf.freecol.common.util.LogBuilder log
INFO: Destroying: tileImprovement:4405
May 16, 2018 12:12:48 AM net.sf.freecol.common.util.LogBuilder log
INFO: Destroying: tileImprovement:4407
May 16, 2018 12:12:48 AM net.sf.freecol.common.util.LogBuilder log
INFO: Destroying: tileImprovement:4409
May 16, 2018 12:12:48 AM net.sf.freecol.common.util.LogBuilder log
INFO: Destroying: tileImprovement:4411
May 16, 2018 12:12:48 AM net.sf.freecol.common.util.LogBuilder log
INFO: Destroying: tileImprovement:4413
May 16, 2018 12:12:48 AM net.sf.freecol.common.util.LogBuilder log
INFO: Destroying: tileImprovement:4415
May 16, 2018 12:12:48 AM net.sf.freecol.common.util.LogBuilder log
INFO: Destroying: tileImprovement:4417
May 16, 2018 12:12:48 AM net.sf.freecol.common.util.LogBuilder log
INFO: Destroying: tileImprovement:4419
May 16, 2018 12:12:48 AM net.sf.freecol.common.util.LogBuilder log
INFO: Destroying: tileImprovement:4421
May 16, 2018 12:12:48 AM net.sf.freecol.common.util.LogBuilder log
INFO: Destroying: tileImprovement:4455
May 16, 2018 12:12:48 AM net.sf.freecol.common.util.LogBuilder log
INFO: Destroying: tileImprovement:4456
May 16, 2018 12:12:48 AM net.sf.freecol.common.util.LogBuilder log
INFO: Destroying: tileImprovement:4457
May 16, 2018 12:12:48 AM net.sf.freecol.common.util.LogBuilder log
INFO: Destroying: tileImprovement:4458
May 16, 2018 12:12:48 AM net.sf.freecol.common.util.LogBuilder log
INFO: Destroying: tileImprovement:4443
May 16, 2018 12:12:48 AM net.sf.freecol.common.util.LogBuilder log
INFO: Destroying: tileImprovement:4445
May 16, 2018 12:12:48 AM net.sf.freecol.common.util.LogBuilder log
INFO: Destroying: tileImprovement:4432
May 16, 2018 12:12:48 AM net.sf.freecol.common.util.LogBuilder log
INFO: Destroying: tileImprovement:4433
May 16, 2018 12:12:48 AM net.sf.freecol.common.util.LogBuilder log
INFO: Destroying: tileImprovement:4434
May 16, 2018 12:12:48 AM net.sf.freecol.common.util.LogBuilder log
INFO: Destroying: tileImprovement:4618
May 16, 2018 12:12:48 AM net.sf.freecol.common.util.LogBuilder log
INFO: Destroying: tileImprovement:4620
May 16, 2018 12:12:48 AM net.sf.freecol.common.util.LogBuilder log
INFO: Destroying: tileImprovement:4622
May 16, 2018 12:12:48 AM net.sf.freecol.common.util.LogBuilder log
INFO: Destroying: tileImprovement:4624
May 16, 2018 12:12:48 AM net.sf.freecol.common.util.LogBuilder log
INFO: Destroying: tileImprovement:4626
May 16, 2018 12:12:48 AM net.sf.freecol.common.util.LogBuilder log
INFO: Destroying: tileImprovement:4628
May 16, 2018 12:12:48 AM net.sf.freecol.common.util.LogBuilder log
INFO: Destroying: tileImprovement:4630
May 16, 2018 12:12:48 AM net.sf.freecol.common.util.LogBuilder log
INFO: Destroying: tileImprovement:4632
May 16, 2018 12:12:48 AM net.sf.freecol.common.util.LogBuilder log
INFO: Destroying: tileImprovement:4634
May 16, 2018 12:12:48 AM net.sf.freecol.common.util.LogBuilder log
INFO: Destroying: tileImprovement:4636
May 16, 2018 12:12:48 AM net.sf.freecol.common.util.LogBuilder log
INFO: Destroying: tileImprovement:4521
May 16, 2018 12:12:48 AM net.sf.freecol.common.util.LogBuilder log
INFO: Destroying: tileImprovement:4523
May 16, 2018 12:12:48 AM net.sf.freecol.common.util.LogBuilder log
INFO: Destroying: tileImprovement:4525
May 16, 2018 12:12:48 AM net.sf.freecol.common.util.LogBuilder log
INFO: Destroying: tileImprovement:4527
May 16, 2018 12:12:48 AM net.sf.freecol.common.util.LogBuilder log
INFO: Destroying: tileImprovement:4529
May 16, 2018 12:12:48 AM net.sf.freecol.common.util.LogBuilder log
INFO: Destroying: tileImprovement:4531
May 16, 2018 12:12:48 AM net.sf.freecol.common.util.LogBuilder log
INFO: Destroying: tileImprovement:4533
May 16, 2018 12:12:48 AM net.sf.freecol.common.util.LogBuilder log
INFO: Destroying: tileImprovement:4535
May 16, 2018 12:12:48 AM net.sf.freecol.common.util.LogBuilder log
INFO: Destroying: tileImprovement:4487
May 16, 2018 12:12:48 AM net.sf.freecol.common.util.LogBuilder log
INFO: Destroying: tileImprovement:4488
May 16, 2018 12:12:48 AM net.sf.freecol.common.util.LogBuilder log
INFO: Destroying: tileImprovement:4489
May 16, 2018 12:12:48 AM net.sf.freecol.common.util.LogBuilder log
INFO: Destroying: tileImprovement:4490
May 16, 2018 12:12:48 AM net.sf.freecol.common.util.LogBuilder log
INFO: Destroying: tileImprovement:4491
May 16, 2018 12:12:48 AM net.sf.freecol.common.util.LogBuilder log
INFO: Destroying: tileImprovement:4492
May 16, 2018 12:12:48 AM net.sf.freecol.common.util.LogBuilder log
INFO: Destroying: tileImprovement:4493
May 16, 2018 12:12:48 AM net.sf.freecol.common.util.LogBuilder log
INFO: Destroying: tileImprovement:4494
May 16, 2018 12:12:48 AM net.sf.freecol.common.util.LogBuilder log
INFO: Destroying: tileImprovement:4495
May 16, 2018 12:12:48 AM net.sf.freecol.common.util.LogBuilder log
INFO: Destroying: tileImprovement:4496
May 16, 2018 12:12:48 AM net.sf.freecol.common.util.LogBuilder log
INFO: Destroying: tileImprovement:4497
May 16, 2018 12:12:48 AM net.sf.freecol.common.util.LogBuilder log
INFO: Destroying: tileImprovement:4498
May 16, 2018 12:12:48 AM net.sf.freecol.common.util.LogBuilder log
INFO: Destroying: tileImprovement:4499
May 16, 2018 12:12:48 AM net.sf.freecol.common.util.LogBuilder log
INFO: Destroying: tileImprovement:4500
May 16, 2018 12:12:48 AM net.sf.freecol.common.util.LogBuilder log
INFO: Destroying: tileImprovement:4501
May 16, 2018 12:12:48 AM net.sf.freecol.common.util.LogBuilder log
INFO: Destroying: tileImprovement:4502
May 16, 2018 12:12:48 AM net.sf.freecol.common.util.LogBuilder log
INFO: Destroying: tileImprovement:4503
May 16, 2018 12:12:48 AM net.sf.freecol.common.util.LogBuilder log
INFO: Destroying: tileImprovement:4504
May 16, 2018 12:12:48 AM net.sf.freecol.common.util.LogBuilder log
INFO: Destroying: tileImprovement:4505
May 16, 2018 12:12:48 AM net.sf.freecol.common.util.LogBuilder log
INFO: Destroying: tileImprovement:4506
May 16, 2018 12:12:48 AM net.sf.freecol.common.util.LogBuilder log
INFO: Destroying: tileImprovement:4507
May 16, 2018 12:12:48 AM net.sf.freecol.common.util.LogBuilder log
INFO: Destroying: tileImprovement:4508
May 16, 2018 12:12:48 AM net.sf.freecol.common.util.LogBuilder log
INFO: Destroying: tileImprovement:4509
May 16, 2018 12:12:48 AM net.sf.freecol.common.util.LogBuilder log
INFO: Destroying: tileImprovement:4510
May 16, 2018 12:12:48 AM net.sf.freecol.common.util.LogBuilder log
INFO: Destroying: tileImprovement:4511
May 16, 2018 12:12:48 AM net.sf.freecol.common.util.LogBuilder log
INFO: Destroying: tileImprovement:4512
May 16, 2018 12:12:48 AM net.sf.freecol.common.util.LogBuilder log
INFO: Destroying: tileImprovement:4513
May 16, 2018 12:12:48 AM net.sf.freecol.common.util.LogBuilder log
INFO: Destroying: tileImprovement:4514
May 16, 2018 12:12:48 AM net.sf.freecol.common.util.LogBuilder log
INFO: Destroying: tileImprovement:4515
May 16, 2018 12:12:48 AM net.sf.freecol.common.util.LogBuilder log
INFO: Destroying: tileImprovement:4516
May 16, 2018 12:12:48 AM net.sf.freecol.common.util.LogBuilder log
INFO: Destroying: tileImprovement:4600
May 16, 2018 12:12:48 AM net.sf.freecol.common.util.LogBuilder log
INFO: Destroying: tileImprovement:4602
May 16, 2018 12:12:48 AM net.sf.freecol.common.util.LogBuilder log
INFO: Destroying: tileImprovement:4604
May 16, 2018 12:12:48 AM net.sf.freecol.common.util.LogBuilder log
INFO: Destroying: tileImprovement:4606
May 16, 2018 12:12:48 AM net.sf.freecol.common.util.LogBuilder log
INFO: Destroying: tileImprovement:4608
May 16, 2018 12:12:48 AM net.sf.freecol.common.util.LogBuilder log
INFO: Destroying: tileImprovement:4517
May 16, 2018 12:12:48 AM net.sf.freecol.common.util.LogBuilder log
INFO: Destroying: tileImprovement:4519
May 16, 2018 12:12:48 AM net.sf.freecol.common.util.LogBuilder log
INFO: Destroying: tileImprovement:4762
May 16, 2018 12:12:48 AM net.sf.freecol.common.util.LogBuilder log
INFO: Destroying: tileImprovement:4763
May 16, 2018 12:12:48 AM net.sf.freecol.common.util.LogBuilder log
INFO: Destroying: tileImprovement:4764
May 16, 2018 12:12:48 AM net.sf.freecol.common.util.LogBuilder log
INFO: Destroying: tileImprovement:4765
May 16, 2018 12:12:48 AM net.sf.freecol.common.util.LogBuilder log
INFO: Destroying: tileImprovement:4766
May 16, 2018 12:12:48 AM net.sf.freecol.common.util.LogBuilder log
INFO: Destroying: tileImprovement:4767
May 16, 2018 12:12:48 AM net.sf.freecol.common.util.LogBuilder log
INFO: Destroying: tileImprovement:4768
May 16, 2018 12:12:48 AM net.sf.freecol.common.util.LogBuilder log
INFO: Destroying: tileImprovement:4769
May 16, 2018 12:12:48 AM net.sf.freecol.common.util.LogBuilder log
INFO: Destroying: tileImprovement:4475
May 16, 2018 12:12:48 AM net.sf.freecol.common.util.LogBuilder log
INFO: Destroying: tileImprovement:4448
May 16, 2018 12:12:48 AM net.sf.freecol.common.util.LogBuilder log
INFO: Destroying: tileImprovement:4449
May 16, 2018 12:12:48 AM net.sf.freecol.common.util.LogBuilder log
INFO: Destroying: tileImprovement:4450
May 16, 2018 12:12:48 AM net.sf.freecol.common.util.LogBuilder log
INFO: Destroying: tileImprovement:4451
May 16, 2018 12:12:48 AM net.sf.freecol.common.util.LogBuilder log
INFO: Destroying: tileImprovement:4452
May 16, 2018 12:12:48 AM net.sf.freecol.common.util.LogBuilder log
INFO: Destroying: tileImprovement:4453
May 16, 2018 12:12:48 AM net.sf.freecol.common.util.LogBuilder log
INFO: Destroying: tileImprovement:4454
May 16, 2018 12:12:48 AM net.sf.freecol.common.util.LogBuilder log
INFO: Destroying: tileImprovement:4703
May 16, 2018 12:12:48 AM net.sf.freecol.common.util.LogBuilder log
INFO: Destroying: tileImprovement:4705
May 16, 2018 12:12:48 AM net.sf.freecol.common.util.LogBuilder log
INFO: Destroying: tileImprovement:4707
May 16, 2018 12:12:48 AM net.sf.freecol.common.util.LogBuilder log
INFO: Destroying: tileImprovement:4701
May 16, 2018 12:12:48 AM net.sf.freecol.common.util.LogBuilder log
INFO: Destroying: tileImprovement:4746
May 16, 2018 12:12:48 AM net.sf.freecol.common.util.LogBuilder log
INFO: Destroying: tileImprovement:4748
May 16, 2018 12:12:48 AM net.sf.freecol.common.util.LogBuilder log
INFO: Destroying: tileImprovement:4750
May 16, 2018 12:12:48 AM net.sf.freecol.common.util.LogBuilder log
INFO: Destroying: tileImprovement:4752
May 16, 2018 12:12:48 AM net.sf.freecol.common.util.LogBuilder log
INFO: Destroying: tileImprovement:4754
May 16, 2018 12:12:48 AM net.sf.freecol.common.util.LogBuilder log
INFO: Destroying: tileImprovement:4756
May 16, 2018 12:12:48 AM net.sf.freecol.common.util.LogBuilder log
INFO: Destroying: tileImprovement:4734
May 16, 2018 12:12:48 AM net.sf.freecol.common.util.LogBuilder log
INFO: Destroying: tileImprovement:4736
May 16, 2018 12:12:48 AM net.sf.freecol.common.util.LogBuilder log
INFO: Destroying: tileImprovement:4738
May 16, 2018 12:12:48 AM net.sf.freecol.common.util.LogBuilder log
INFO: Destroying: tileImprovement:4740
May 16, 2018 12:12:48 AM net.sf.freecol.common.util.LogBuilder log
INFO: Destroying: tileImprovement:4742
May 16, 2018 12:12:48 AM net.sf.freecol.common.util.LogBuilder log
INFO: Destroying: tileImprovement:4744
May 16, 2018 12:12:48 AM net.sf.freecol.common.util.LogBuilder log
INFO: Destroying: tileImprovement:4880
May 16, 2018 12:12:48 AM net.sf.freecol.common.util.LogBuilder log
INFO: Destroying: tileImprovement:4881
May 16, 2018 12:12:48 AM net.sf.freecol.common.util.LogBuilder log
INFO: Destroying: tileImprovement:4882
May 16, 2018 12:12:48 AM net.sf.freecol.common.util.LogBuilder log
INFO: Destroying: tileImprovement:4883
May 16, 2018 12:12:48 AM net.sf.freecol.common.util.LogBuilder log
INFO: Destroying: tileImprovement:4884
May 16, 2018 12:12:48 AM net.sf.freecol.common.util.LogBuilder log
INFO: Destroying: tileImprovement:4885
May 16, 2018 12:12:48 AM net.sf.freecol.common.util.LogBuilder log
INFO: Destroying: tileImprovement:4303
May 16, 2018 12:12:48 AM net.sf.freecol.common.util.LogBuilder log
INFO: Destroying: tileImprovement:4305
May 16, 2018 12:12:48 AM net.sf.freecol.common.util.LogBuilder log
INFO: Destroying: tileImprovement:4307
May 16, 2018 12:12:48 AM net.sf.freecol.common.util.LogBuilder log
INFO: Destroying: tileImprovement:4309
May 16, 2018 12:12:48 AM net.sf.freecol.common.util.LogBuilder log
INFO: Destroying: tileImprovement:4311
May 16, 2018 12:12:48 AM net.sf.freecol.common.util.LogBuilder log
INFO: Destroying: tileImprovement:4313
May 16, 2018 12:12:48 AM net.sf.freecol.common.util.LogBuilder log
INFO: Destroying: tileImprovement:4315
May 16, 2018 12:12:48 AM net.sf.freecol.common.util.LogBuilder log
INFO: Destroying: tileImprovement:4317
May 16, 2018 12:12:48 AM net.sf.freecol.common.util.LogBuilder log
INFO: Destroying: tileImprovement:4827
May 16, 2018 12:12:48 AM net.sf.freecol.common.util.LogBuilder log
INFO: Destroying: tileImprovement:4829
May 16, 2018 12:12:48 AM net.sf.freecol.common.util.LogBuilder log
INFO: Destroying: tileImprovement:4831
May 16, 2018 12:12:48 AM net.sf.freecol.common.util.LogBuilder log
INFO: Destroying: tileImprovement:4833
May 16, 2018 12:12:48 AM net.sf.freecol.common.util.LogBuilder log
INFO: Destroying: tileImprovement:4835
May 16, 2018 12:12:48 AM net.sf.freecol.common.util.LogBuilder log
INFO: Destroying: tileImprovement:4837
May 16, 2018 12:12:48 AM net.sf.freecol.common.util.LogBuilder log
INFO: Destroying: tileImprovement:4839
May 16, 2018 12:12:48 AM net.sf.freecol.common.util.LogBuilder log
INFO: Destroying: tileImprovement:4841
May 16, 2018 12:12:48 AM net.sf.freecol.common.util.LogBuilder log
INFO: Destroying: tileImprovement:4843
May 16, 2018 12:12:48 AM net.sf.freecol.common.util.LogBuilder log
INFO: Destroying: tileImprovement:4845
May 16, 2018 12:12:48 AM net.sf.freecol.common.util.LogBuilder log
INFO: Destroying: tileImprovement:4847
May 16, 2018 12:12:48 AM net.sf.freecol.common.util.LogBuilder log
INFO: Destroying: tileImprovement:4826
May 16, 2018 12:12:48 AM net.sf.freecol.common.util.LogBuilder log
INFO: Destroying: tileImprovement:4540
May 16, 2018 12:12:48 AM net.sf.freecol.common.util.LogBuilder log
INFO: Destroying: tileImprovement:4542
May 16, 2018 12:12:48 AM net.sf.freecol.common.util.LogBuilder log
INFO: Destroying: tileImprovement:4544
May 16, 2018 12:12:48 AM net.sf.freecol.common.util.LogBuilder log
INFO: Destroying: tileImprovement:4546
May 16, 2018 12:12:48 AM net.sf.freecol.common.util.LogBuilder log
INFO: Destroying: tileImprovement:4548
May 16, 2018 12:12:48 AM net.sf.freecol.common.util.LogBuilder log
INFO: Destroying: tileImprovement:4550
May 16, 2018 12:12:48 AM net.sf.freecol.common.util.LogBuilder log
INFO: Destroying: tileImprovement:4690
May 16, 2018 12:12:48 AM net.sf.freecol.common.util.LogBuilder log
INFO: Destroying: tileImprovement:4692
May 16, 2018 12:12:48 AM net.sf.freecol.common.util.LogBuilder log
INFO: Destroying: tileImprovement:4694
May 16, 2018 12:12:48 AM net.sf.freecol.common.util.LogBuilder log
INFO: Destroying: tileImprovement:4696
May 16, 2018 12:12:48 AM net.sf.freecol.common.util.LogBuilder log
INFO: Destroying: tileImprovement:4673
May 16, 2018 12:12:48 AM net.sf.freecol.common.util.LogBuilder log
INFO: Destroying: tileImprovement:4674
May 16, 2018 12:12:48 AM net.sf.freecol.common.util.LogBuilder log
INFO: Destroying: tileImprovement:4675
May 16, 2018 12:12:48 AM net.sf.freecol.common.util.LogBuilder log
INFO: Destroying: tileImprovement:4676
May 16, 2018 12:12:48 AM net.sf.freecol.common.util.LogBuilder log
INFO: Destroying: tileImprovement:4677
May 16, 2018 12:12:48 AM net.sf.freecol.common.util.LogBuilder log
INFO: Destroying: tileImprovement:4678
May 16, 2018 12:12:48 AM net.sf.freecol.common.util.LogBuilder log
INFO: Destroying: tileImprovement:4679
May 16, 2018 12:12:48 AM net.sf.freecol.common.util.LogBuilder log
INFO: Destroying: tileImprovement:4680
May 16, 2018 12:12:48 AM net.sf.freecol.common.util.LogBuilder log
INFO: Destroying: tileImprovement:4681
May 16, 2018 12:12:48 AM net.sf.freecol.common.util.LogBuilder log
INFO: Destroying: tileImprovement:4682
May 16, 2018 12:12:48 AM net.sf.freecol.common.util.LogBuilder log
INFO: Destroying: tileImprovement:4918
May 16, 2018 12:12:48 AM net.sf.freecol.common.util.LogBuilder log
INFO: Destroying: tileImprovement:4920
May 16, 2018 12:12:48 AM net.sf.freecol.common.util.LogBuilder log
INFO: Destroying: tileImprovement:4910
May 16, 2018 12:12:48 AM net.sf.freecol.common.util.LogBuilder log
INFO: Destroying: tileImprovement:4911
May 16, 2018 12:12:48 AM net.sf.freecol.common.util.LogBuilder log
INFO: Destroying: tileImprovement:4912
May 16, 2018 12:12:48 AM net.sf.freecol.common.util.LogBuilder log
INFO: Destroying: tileImprovement:4913
May 16, 2018 12:12:48 AM net.sf.freecol.common.util.LogBuilder log
INFO: Destroying: tileImprovement:4914
May 16, 2018 12:12:48 AM net.sf.freecol.common.util.LogBuilder log
INFO: Destroying: tileImprovement:4915
May 16, 2018 12:12:48 AM net.sf.freecol.common.util.LogBuilder log
INFO: Destroying: tileImprovement:4916
May 16, 2018 12:12:48 AM net.sf.freecol.common.util.LogBuilder log
INFO: Destroying: tileImprovement:4917
May 16, 2018 12:12:48 AM net.sf.freecol.common.util.LogBuilder log
INFO: Destroying: tileImprovement:4793
May 16, 2018 12:12:48 AM net.sf.freecol.common.util.LogBuilder log
INFO: Destroying: tileImprovement:4795
May 16, 2018 12:12:48 AM net.sf.freecol.common.util.LogBuilder log
INFO: Destroying: tileImprovement:4797
May 16, 2018 12:12:48 AM net.sf.freecol.common.util.LogBuilder log
INFO: Destroying: tileImprovement:4788
May 16, 2018 12:12:48 AM net.sf.freecol.common.util.LogBuilder log
INFO: Destroying: tileImprovement:4789
May 16, 2018 12:12:48 AM net.sf.freecol.common.util.LogBuilder log
INFO: Destroying: tileImprovement:4790
May 16, 2018 12:12:48 AM net.sf.freecol.common.util.LogBuilder log
INFO: Destroying: tileImprovement:4791
May 16, 2018 12:12:48 AM net.sf.freecol.common.util.LogBuilder log
INFO: Destroying: tileImprovement:4792
May 16, 2018 12:12:48 AM net.sf.freecol.common.util.LogBuilder log
INFO: Destroying: tileImprovement:4886
May 16, 2018 12:12:48 AM net.sf.freecol.common.util.LogBuilder log
INFO: Destroying: tileImprovement:4888
May 16, 2018 12:12:48 AM net.sf.freecol.common.util.LogBuilder log
INFO: Destroying: tileImprovement:4890
May 16, 2018 12:12:48 AM net.sf.freecol.common.util.LogBuilder log
INFO: Destroying: tileImprovement:4892
May 16, 2018 12:12:48 AM net.sf.freecol.common.util.LogBuilder log
INFO: Destroying: tileImprovement:4897
May 16, 2018 12:12:48 AM net.sf.freecol.common.util.LogBuilder log
INFO: Destroying: tileImprovement:4898
May 16, 2018 12:12:48 AM net.sf.freecol.common.util.LogBuilder log
INFO: Destroying: tileImprovement:4899
May 16, 2018 12:12:48 AM net.sf.freecol.common.util.LogBuilder log
INFO: Destroying: tileImprovement:4900
May 16, 2018 12:12:48 AM net.sf.freecol.common.util.LogBuilder log
INFO: Destroying: tileImprovement:4901
May 16, 2018 12:12:48 AM net.sf.freecol.common.util.LogBuilder log
INFO: Destroying: tileImprovement:4902
May 16, 2018 12:12:48 AM net.sf.freecol.common.util.LogBuilder log
INFO: Destroying: tileImprovement:4286
May 16, 2018 12:12:48 AM net.sf.freecol.common.util.LogBuilder log
INFO: Destroying: tileImprovement:4287
May 16, 2018 12:12:48 AM net.sf.freecol.common.util.LogBuilder log
INFO: Destroying: tileImprovement:4288
May 16, 2018 12:12:48 AM net.sf.freecol.common.util.LogBuilder log
INFO: Destroying: tileImprovement:4289
May 16, 2018 12:12:48 AM net.sf.freecol.common.util.LogBuilder log
INFO: Destroying: tileImprovement:4290
May 16, 2018 12:12:48 AM net.sf.freecol.common.util.LogBuilder log
INFO: Destroying: tileImprovement:4291
May 16, 2018 12:12:48 AM net.sf.freecol.common.util.LogBuilder log
INFO: Destroying: tileImprovement:5004
May 16, 2018 12:12:48 AM net.sf.freecol.common.util.LogBuilder log
INFO: Destroying: tileImprovement:5006
May 16, 2018 12:12:48 AM net.sf.freecol.common.util.LogBuilder log
INFO: Destroying: tileImprovement:5008
May 16, 2018 12:12:48 AM net.sf.freecol.common.util.LogBuilder log
INFO: Destroying: tileImprovement:5010
May 16, 2018 12:12:48 AM net.sf.freecol.common.util.LogBuilder log
INFO: Destroying: tileImprovement:4998
May 16, 2018 12:12:48 AM net.sf.freecol.common.util.LogBuilder log
INFO: Destroying: tileImprovement:4999
May 16, 2018 12:12:48 AM net.sf.freecol.common.util.LogBuilder log
INFO: Destroying: tileImprovement:5000
May 16, 2018 12:12:48 AM net.sf.freecol.common.util.LogBuilder log
INFO: Destroying: tileImprovement:5001
May 16, 2018 12:12:48 AM net.sf.freecol.common.util.LogBuilder log
INFO: Destroying: tileImprovement:5002
May 16, 2018 12:12:48 AM net.sf.freecol.common.util.LogBuilder log
INFO: Destroying: tileImprovement:5003
May 16, 2018 12:12:48 AM net.sf.freecol.common.util.LogBuilder log
INFO: Destroying: tileImprovement:4923
May 16, 2018 12:12:48 AM net.sf.freecol.common.util.LogBuilder log
INFO: Destroying: tileImprovement:4925
May 16, 2018 12:12:48 AM net.sf.freecol.common.util.LogBuilder log
INFO: Destroying: tileImprovement:4927
May 16, 2018 12:12:48 AM net.sf.freecol.common.util.LogBuilder log
INFO: Destroying: tileImprovement:4929
May 16, 2018 12:12:48 AM net.sf.freecol.common.util.LogBuilder log
INFO: Destroying: tileImprovement:4931
May 16, 2018 12:12:48 AM net.sf.freecol.common.util.LogBuilder log
INFO: Destroying: tileImprovement:4980
May 16, 2018 12:12:48 AM net.sf.freecol.common.util.LogBuilder log
INFO: Destroying: tileImprovement:4982
May 16, 2018 12:12:48 AM net.sf.freecol.common.util.LogBuilder log
INFO: Destroying: tileImprovement:4984
May 16, 2018 12:12:48 AM net.sf.freecol.common.util.LogBuilder log
INFO: Destroying: tileImprovement:4986
May 16, 2018 12:12:48 AM net.sf.freecol.common.util.LogBuilder log
INFO: Destroying: tileImprovement:4988
May 16, 2018 12:12:48 AM net.sf.freecol.common.util.LogBuilder log
INFO: Destroying: tileImprovement:4990
May 16, 2018 12:12:48 AM net.sf.freecol.common.util.LogBuilder log
INFO: Destroying: tileImprovement:4957
May 16, 2018 12:12:48 AM net.sf.freecol.common.util.LogBuilder log
INFO: Destroying: tileImprovement:4958
May 16, 2018 12:12:48 AM net.sf.freecol.common.util.LogBuilder log
INFO: Destroying: tileImprovement:4959
May 16, 2018 12:12:48 AM net.sf.freecol.common.util.LogBuilder log
INFO: Destroying: tileImprovement:4960
May 16, 2018 12:12:48 AM net.sf.freecol.common.util.LogBuilder log
INFO: Destroying: tileImprovement:4961
May 16, 2018 12:12:48 AM net.sf.freecol.common.util.LogBuilder log
INFO: Destroying: tileImprovement:4962
May 16, 2018 12:12:48 AM net.sf.freecol.common.util.LogBuilder log
INFO: Destroying: tileImprovement:4963
May 16, 2018 12:12:48 AM net.sf.freecol.common.util.LogBuilder log
INFO: Destroying: tileImprovement:4964
May 16, 2018 12:12:48 AM net.sf.freecol.common.util.LogBuilder log
INFO: Destroying: tileImprovement:4965
May 16, 2018 12:12:48 AM net.sf.freecol.common.util.LogBuilder log
INFO: Destroying: tileImprovement:4966
May 16, 2018 12:12:48 AM net.sf.freecol.server.networking.Server sendToAll
INFO: Reap dead connection: [DummyConnection Server connection - model.nation.tupi]
May 16, 2018 12:12:48 AM net.sf.freecol.server.networking.Server sendToAll
INFO: Reap dead connection: [DummyConnection Server connection - model.nation.sioux]
May 16, 2018 12:12:48 AM net.sf.freecol.server.networking.Server sendToAll
INFO: Reap dead connection: [DummyConnection Server connection - model.nation.dutch]
May 16, 2018 12:12:48 AM net.sf.freecol.server.networking.Server sendToAll
INFO: Reap dead connection: [DummyConnection Server connection - model.nation.arawak]
May 16, 2018 12:12:48 AM net.sf.freecol.server.networking.Server sendToAll
INFO: Reap dead connection: [DummyConnection Server connection - model.nation.aztec]
May 16, 2018 12:12:48 AM net.sf.freecol.server.networking.Server sendToAll
INFO: Reap dead connection: [DummyConnection Server connection - model.nation.spanish]
May 16, 2018 12:12:48 AM net.sf.freecol.server.networking.Server sendToAll
INFO: Reap dead connection: [DummyConnection Server connection - model.nation.inca]
May 16, 2018 12:12:48 AM net.sf.freecol.server.networking.Server sendToAll
INFO: Reap dead connection: [DummyConnection Server connection - model.nation.english]
May 16, 2018 12:12:48 AM net.sf.freecol.server.networking.Server sendToAll
INFO: Reap dead connection: [DummyConnection Server connection - model.nation.iroquois]
May 16, 2018 12:12:48 AM net.sf.freecol.server.networking.Server sendToAll
INFO: Reap dead connection: [DummyConnection Server connection - model.nation.cherokee]
May 16, 2018 12:12:48 AM net.sf.freecol.server.networking.Server sendToAll
INFO: Reap dead connection: [DummyConnection Server connection - model.nation.apache]
May 16, 2018 12:12:48 AM net.sf.freecol.server.networking.Server sendToAll
INFO: Reap dead connection: [DummyConnection Server connection - model.nation.french]
May 16, 2018 12:12:49 AM net.sf.freecol.common.FreeColSeed getFreeColSeed
INFO: Using seed: -6511719421110594884
May 16, 2018 12:12:49 AM net.sf.freecol.server.FreeColServer readGame
INFO: Found savegame version 13
May 16, 2018 12:12:49 AM net.sf.freecol.common.model.Game readChild
INFO: Loading specification.
May 16, 2018 12:12:49 AM net.sf.freecol.common.model.Specification checkDifficultyOptionGroup
INFO: Check group model.difficulty.immigration
May 16, 2018 12:12:49 AM net.sf.freecol.common.model.Specification checkDifficultyOptionGroup
INFO: Check group model.difficulty.natives
May 16, 2018 12:12:49 AM net.sf.freecol.common.model.Specification checkDifficultyOptionGroup
INFO: Check group model.difficulty.monarch
May 16, 2018 12:12:49 AM net.sf.freecol.common.model.Specification checkDifficultyOptionGroup
INFO: Check group model.difficulty.government
May 16, 2018 12:12:49 AM net.sf.freecol.common.model.Specification checkDifficultyOptionGroup
INFO: Check group model.difficulty.other
May 16, 2018 12:12:49 AM net.sf.freecol.common.model.Specification checkDifficultyOptionGroup
INFO: Check group model.difficulty.cheat
May 16, 2018 12:12:49 AM net.sf.freecol.common.model.Specification applyDifficultyLevel
INFO: Applying difficulty level model.difficulty.medium
May 16, 2018 12:12:49 AM net.sf.freecol.common.model.Specification clean
INFO: Specification clean following load from stream complete, starting year=1492, season year=1600, ages=[1,109,309], seasons=2, 253 FreeColGameObjectTypes, 79 Abilities, 41 BuildingTypes, 14 Disasters, 9 EuropeanNationTypes, 2 Events, 25 FoundingFathers, 21 GoodsTypes, 8 IndianNationTypes, 59 Modifiers, 25 Nations, 161 Options, 23 Option Groups, 12 ResourceTypes, 11 Roles, 23 TileTypes, 6 TileImprovementTypes, 42 UnitTypes read.
May 16, 2018 12:12:49 AM net.sf.freecol.server.FreeColServer loadGame
INFO: Game integrity test succeeded.
May 16, 2018 12:12:49 AM net.sf.freecol.server.FreeColServer loadGame
INFO: AI integrity test succeeded
May 16, 2018 12:12:49 AM net.sf.freecol.common.FreeColSeed getFreeColSeed
INFO: Using seed: -1962891512116185487
May 16, 2018 12:12:49 AM net.sf.freecol.common.model.LandMap <init>
INFO: Using land generator model.option.landGeneratorType.classic
May 16, 2018 12:12:49 AM net.sf.freecol.common.util.LogBuilder log
INFO: Destroying: tileImprovement:4291
May 16, 2018 12:12:49 AM net.sf.freecol.common.util.LogBuilder log
INFO: Destroying: tileImprovement:4293
May 16, 2018 12:12:49 AM net.sf.freecol.common.util.LogBuilder log
INFO: Destroying: tileImprovement:4295
May 16, 2018 12:12:49 AM net.sf.freecol.common.util.LogBuilder log
INFO: Destroying: tileImprovement:4297
May 16, 2018 12:12:49 AM net.sf.freecol.common.util.LogBuilder log
INFO: Destroying: tileImprovement:4299
May 16, 2018 12:12:49 AM net.sf.freecol.common.util.LogBuilder log
INFO: Destroying: tileImprovement:4301
May 16, 2018 12:12:49 AM net.sf.freecol.common.util.LogBuilder log
INFO: Destroying: tileImprovement:4303
May 16, 2018 12:12:49 AM net.sf.freecol.common.util.LogBuilder log
INFO: Destroying: tileImprovement:4305
May 16, 2018 12:12:49 AM net.sf.freecol.common.util.LogBuilder log
INFO: Destroying: tileImprovement:4438
May 16, 2018 12:12:49 AM net.sf.freecol.common.util.LogBuilder log
INFO: Destroying: tileImprovement:4440
May 16, 2018 12:12:49 AM net.sf.freecol.common.util.LogBuilder log
INFO: Destroying: tileImprovement:4442
May 16, 2018 12:12:49 AM net.sf.freecol.common.util.LogBuilder log
INFO: Destroying: tileImprovement:4433
May 16, 2018 12:12:49 AM net.sf.freecol.common.util.LogBuilder log
INFO: Destroying: tileImprovement:4466
May 16, 2018 12:12:49 AM net.sf.freecol.common.util.LogBuilder log
INFO: Destroying: tileImprovement:4467
May 16, 2018 12:12:49 AM net.sf.freecol.common.util.LogBuilder log
INFO: Destroying: tileImprovement:4468
May 16, 2018 12:12:49 AM net.sf.freecol.common.util.LogBuilder log
INFO: Destroying: tileImprovement:4274
May 16, 2018 12:12:49 AM net.sf.freecol.common.util.LogBuilder log
INFO: Destroying: tileImprovement:4276
May 16, 2018 12:12:49 AM net.sf.freecol.common.util.LogBuilder log
INFO: Destroying: tileImprovement:4278
May 16, 2018 12:12:49 AM net.sf.freecol.common.util.LogBuilder log
INFO: Destroying: tileImprovement:4280
May 16, 2018 12:12:49 AM net.sf.freecol.common.util.LogBuilder log
INFO: Destroying: tileImprovement:4282
May 16, 2018 12:12:49 AM net.sf.freecol.common.util.LogBuilder log
INFO: Destroying: tileImprovement:4284
May 16, 2018 12:12:49 AM net.sf.freecol.common.util.LogBuilder log
INFO: Destroying: tileImprovement:4286
May 16, 2018 12:12:49 AM net.sf.freecol.common.util.LogBuilder log
INFO: Destroying: tileImprovement:4288
May 16, 2018 12:12:49 AM net.sf.freecol.common.util.LogBuilder log
INFO: Destroying: tileImprovement:4485
May 16, 2018 12:12:49 AM net.sf.freecol.common.util.LogBuilder log
INFO: Destroying: tileImprovement:4487
May 16, 2018 12:12:49 AM net.sf.freecol.common.util.LogBuilder log
INFO: Destroying: tileImprovement:4489
May 16, 2018 12:12:49 AM net.sf.freecol.common.util.LogBuilder log
INFO: Destroying: tileImprovement:4491
May 16, 2018 12:12:49 AM net.sf.freecol.common.util.LogBuilder log
INFO: Destroying: tileImprovement:4493
May 16, 2018 12:12:49 AM net.sf.freecol.common.util.LogBuilder log
INFO: Destroying: tileImprovement:4495
May 16, 2018 12:12:49 AM net.sf.freecol.common.util.LogBuilder log
INFO: Destroying: tileImprovement:4497
May 16, 2018 12:12:49 AM net.sf.freecol.common.util.LogBuilder log
INFO: Destroying: tileImprovement:4499
May 16, 2018 12:12:49 AM net.sf.freecol.common.util.LogBuilder log
INFO: Destroying: tileImprovement:4501
May 16, 2018 12:12:49 AM net.sf.freecol.common.util.LogBuilder log
INFO: Destroying: tileImprovement:4503
May 16, 2018 12:12:49 AM net.sf.freecol.common.util.LogBuilder log
INFO: Destroying: tileImprovement:4505
May 16, 2018 12:12:49 AM net.sf.freecol.common.util.LogBuilder log
INFO: Destroying: tileImprovement:4507
May 16, 2018 12:12:49 AM net.sf.freecol.common.util.LogBuilder log
INFO: Destroying: tileImprovement:4465
May 16, 2018 12:12:49 AM net.sf.freecol.common.util.LogBuilder log
INFO: Destroying: tileImprovement:4405
May 16, 2018 12:12:49 AM net.sf.freecol.common.util.LogBuilder log
INFO: Destroying: tileImprovement:4407
May 16, 2018 12:12:49 AM net.sf.freecol.common.util.LogBuilder log
INFO: Destroying: tileImprovement:4409
May 16, 2018 12:12:49 AM net.sf.freecol.common.util.LogBuilder log
INFO: Destroying: tileImprovement:4411
May 16, 2018 12:12:49 AM net.sf.freecol.common.util.LogBuilder log
INFO: Destroying: tileImprovement:4413
May 16, 2018 12:12:49 AM net.sf.freecol.common.util.LogBuilder log
INFO: Destroying: tileImprovement:4415
May 16, 2018 12:12:49 AM net.sf.freecol.common.util.LogBuilder log
INFO: Destroying: tileImprovement:4417
May 16, 2018 12:12:49 AM net.sf.freecol.common.util.LogBuilder log
INFO: Destroying: tileImprovement:4419
May 16, 2018 12:12:49 AM net.sf.freecol.common.util.LogBuilder log
INFO: Destroying: tileImprovement:4421
May 16, 2018 12:12:49 AM net.sf.freecol.common.util.LogBuilder log
INFO: Destroying: tileImprovement:4423
May 16, 2018 12:12:49 AM net.sf.freecol.common.util.LogBuilder log
INFO: Destroying: tileImprovement:4425
May 16, 2018 12:12:49 AM net.sf.freecol.common.util.LogBuilder log
INFO: Destroying: tileImprovement:4427
May 16, 2018 12:12:49 AM net.sf.freecol.common.util.LogBuilder log
INFO: Destroying: tileImprovement:4429
May 16, 2018 12:12:49 AM net.sf.freecol.common.util.LogBuilder log
INFO: Destroying: tileImprovement:4391
May 16, 2018 12:12:49 AM net.sf.freecol.common.util.LogBuilder log
INFO: Destroying: tileImprovement:4392
May 16, 2018 12:12:49 AM net.sf.freecol.common.util.LogBuilder log
INFO: Destroying: tileImprovement:4393
May 16, 2018 12:12:49 AM net.sf.freecol.common.util.LogBuilder log
INFO: Destroying: tileImprovement:4394
May 16, 2018 12:12:49 AM net.sf.freecol.common.util.LogBuilder log
INFO: Destroying: tileImprovement:4395
May 16, 2018 12:12:49 AM net.sf.freecol.common.util.LogBuilder log
INFO: Destroying: tileImprovement:4396
May 16, 2018 12:12:49 AM net.sf.freecol.common.util.LogBuilder log
INFO: Destroying: tileImprovement:4397
May 16, 2018 12:12:49 AM net.sf.freecol.common.util.LogBuilder log
INFO: Destroying: tileImprovement:4398
May 16, 2018 12:12:49 AM net.sf.freecol.common.util.LogBuilder log
INFO: Destroying: tileImprovement:4598
May 16, 2018 12:12:49 AM net.sf.freecol.common.util.LogBuilder log
INFO: Destroying: tileImprovement:4600
May 16, 2018 12:12:49 AM net.sf.freecol.common.util.LogBuilder log
INFO: Destroying: tileImprovement:4585
May 16, 2018 12:12:49 AM net.sf.freecol.common.util.LogBuilder log
INFO: Destroying: tileImprovement:4586
May 16, 2018 12:12:49 AM net.sf.freecol.common.util.LogBuilder log
INFO: Destroying: tileImprovement:4587
May 16, 2018 12:12:49 AM net.sf.freecol.common.util.LogBuilder log
INFO: Destroying: tileImprovement:4588
May 16, 2018 12:12:49 AM net.sf.freecol.common.util.LogBuilder log
INFO: Destroying: tileImprovement:4589
May 16, 2018 12:12:49 AM net.sf.freecol.common.util.LogBuilder log
INFO: Destroying: tileImprovement:4590
May 16, 2018 12:12:49 AM net.sf.freecol.common.util.LogBuilder log
INFO: Destroying: tileImprovement:4591
May 16, 2018 12:12:49 AM net.sf.freecol.common.util.LogBuilder log
INFO: Destroying: tileImprovement:4592
May 16, 2018 12:12:49 AM net.sf.freecol.common.util.LogBuilder log
INFO: Destroying: tileImprovement:4593
May 16, 2018 12:12:49 AM net.sf.freecol.common.util.LogBuilder log
INFO: Destroying: tileImprovement:4594
May 16, 2018 12:12:49 AM net.sf.freecol.common.util.LogBuilder log
INFO: Destroying: tileImprovement:4595
May 16, 2018 12:12:49 AM net.sf.freecol.common.util.LogBuilder log
INFO: Destroying: tileImprovement:4596
May 16, 2018 12:12:49 AM net.sf.freecol.common.util.LogBuilder log
INFO: Destroying: tileImprovement:4597
May 16, 2018 12:12:49 AM net.sf.freecol.common.util.LogBuilder log
INFO: Destroying: tileImprovement:4324
May 16, 2018 12:12:49 AM net.sf.freecol.common.util.LogBuilder log
INFO: Destroying: tileImprovement:4574
May 16, 2018 12:12:49 AM net.sf.freecol.common.util.LogBuilder log
INFO: Destroying: tileImprovement:4576
May 16, 2018 12:12:49 AM net.sf.freecol.common.util.LogBuilder log
INFO: Destroying: tileImprovement:4578
May 16, 2018 12:12:49 AM net.sf.freecol.common.util.LogBuilder log
INFO: Destroying: tileImprovement:4561
May 16, 2018 12:12:49 AM net.sf.freecol.common.util.LogBuilder log
INFO: Destroying: tileImprovement:4562
May 16, 2018 12:12:49 AM net.sf.freecol.common.util.LogBuilder log
INFO: Destroying: tileImprovement:4563
May 16, 2018 12:12:49 AM net.sf.freecol.common.util.LogBuilder log
INFO: Destroying: tileImprovement:4564
May 16, 2018 12:12:49 AM net.sf.freecol.common.util.LogBuilder log
INFO: Destroying: tileImprovement:4565
May 16, 2018 12:12:49 AM net.sf.freecol.common.util.LogBuilder log
INFO: Destroying: tileImprovement:4566
May 16, 2018 12:12:49 AM net.sf.freecol.common.util.LogBuilder log
INFO: Destroying: tileImprovement:4567
May 16, 2018 12:12:49 AM net.sf.freecol.common.util.LogBuilder log
INFO: Destroying: tileImprovement:4568
May 16, 2018 12:12:49 AM net.sf.freecol.common.util.LogBuilder log
INFO: Destroying: tileImprovement:4569
May 16, 2018 12:12:49 AM net.sf.freecol.common.util.LogBuilder log
INFO: Destroying: tileImprovement:4570
May 16, 2018 12:12:49 AM net.sf.freecol.common.util.LogBuilder log
INFO: Destroying: tileImprovement:4571
May 16, 2018 12:12:49 AM net.sf.freecol.common.util.LogBuilder log
INFO: Destroying: tileImprovement:4572
May 16, 2018 12:12:49 AM net.sf.freecol.common.util.LogBuilder log
INFO: Destroying: tileImprovement:4661
May 16, 2018 12:12:49 AM net.sf.freecol.common.util.LogBuilder log
INFO: Destroying: tileImprovement:4663
May 16, 2018 12:12:49 AM net.sf.freecol.common.util.LogBuilder log
INFO: Destroying: tileImprovement:4665
May 16, 2018 12:12:49 AM net.sf.freecol.common.util.LogBuilder log
INFO: Destroying: tileImprovement:4667
May 16, 2018 12:12:49 AM net.sf.freecol.common.util.LogBuilder log
INFO: Destroying: tileImprovement:4647
May 16, 2018 12:12:49 AM net.sf.freecol.common.util.LogBuilder log
INFO: Destroying: tileImprovement:4648
May 16, 2018 12:12:49 AM net.sf.freecol.common.util.LogBuilder log
INFO: Destroying: tileImprovement:4649
May 16, 2018 12:12:49 AM net.sf.freecol.common.util.LogBuilder log
INFO: Destroying: tileImprovement:4513
May 16, 2018 12:12:49 AM net.sf.freecol.common.util.LogBuilder log
INFO: Destroying: tileImprovement:4515
May 16, 2018 12:12:49 AM net.sf.freecol.common.util.LogBuilder log
INFO: Destroying: tileImprovement:4517
May 16, 2018 12:12:49 AM net.sf.freecol.common.util.LogBuilder log
INFO: Destroying: tileImprovement:4519
May 16, 2018 12:12:49 AM net.sf.freecol.common.util.LogBuilder log
INFO: Destroying: tileImprovement:4701
May 16, 2018 12:12:49 AM net.sf.freecol.common.util.LogBuilder log
INFO: Destroying: tileImprovement:4703
May 16, 2018 12:12:49 AM net.sf.freecol.common.util.LogBuilder log
INFO: Destroying: tileImprovement:4705
May 16, 2018 12:12:49 AM net.sf.freecol.common.util.LogBuilder log
INFO: Destroying: tileImprovement:4707
May 16, 2018 12:12:49 AM net.sf.freecol.common.util.LogBuilder log
INFO: Destroying: tileImprovement:4709
May 16, 2018 12:12:49 AM net.sf.freecol.common.util.LogBuilder log
INFO: Destroying: tileImprovement:4711
May 16, 2018 12:12:49 AM net.sf.freecol.common.util.LogBuilder log
INFO: Destroying: tileImprovement:4713
May 16, 2018 12:12:49 AM net.sf.freecol.common.util.LogBuilder log
INFO: Destroying: tileImprovement:4715
May 16, 2018 12:12:49 AM net.sf.freecol.common.util.LogBuilder log
INFO: Destroying: tileImprovement:4688
May 16, 2018 12:12:49 AM net.sf.freecol.common.util.LogBuilder log
INFO: Destroying: tileImprovement:4689
May 16, 2018 12:12:49 AM net.sf.freecol.common.util.LogBuilder log
INFO: Destroying: tileImprovement:4690
May 16, 2018 12:12:49 AM net.sf.freecol.common.util.LogBuilder log
INFO: Destroying: tileImprovement:4691
May 16, 2018 12:12:49 AM net.sf.freecol.common.util.LogBuilder log
INFO: Destroying: tileImprovement:4672
May 16, 2018 12:12:49 AM net.sf.freecol.common.util.LogBuilder log
INFO: Destroying: tileImprovement:4674
May 16, 2018 12:12:49 AM net.sf.freecol.common.util.LogBuilder log
INFO: Destroying: tileImprovement:4676
May 16, 2018 12:12:49 AM net.sf.freecol.common.util.LogBuilder log
INFO: Destroying: tileImprovement:4678
May 16, 2018 12:12:49 AM net.sf.freecol.common.util.LogBuilder log
INFO: Destroying: tileImprovement:4680
May 16, 2018 12:12:49 AM net.sf.freecol.common.util.LogBuilder log
INFO: Destroying: tileImprovement:4682
May 16, 2018 12:12:49 AM net.sf.freecol.common.util.LogBuilder log
INFO: Destroying: tileImprovement:4684
May 16, 2018 12:12:49 AM net.sf.freecol.common.util.LogBuilder log
INFO: Destroying: tileImprovement:4776
May 16, 2018 12:12:49 AM net.sf.freecol.common.util.LogBuilder log
INFO: Destroying: tileImprovement:4778
May 16, 2018 12:12:49 AM net.sf.freecol.common.util.LogBuilder log
INFO: Destroying: tileImprovement:4758
May 16, 2018 12:12:49 AM net.sf.freecol.common.util.LogBuilder log
INFO: Destroying: tileImprovement:4759
May 16, 2018 12:12:49 AM net.sf.freecol.common.util.LogBuilder log
INFO: Destroying: tileImprovement:4760
May 16, 2018 12:12:49 AM net.sf.freecol.common.util.LogBuilder log
INFO: Destroying: tileImprovement:4761
May 16, 2018 12:12:49 AM net.sf.freecol.common.util.LogBuilder log
INFO: Destroying: tileImprovement:4762
May 16, 2018 12:12:49 AM net.sf.freecol.common.util.LogBuilder log
INFO: Destroying: tileImprovement:4763
May 16, 2018 12:12:49 AM net.sf.freecol.common.util.LogBuilder log
INFO: Destroying: tileImprovement:4764
May 16, 2018 12:12:49 AM net.sf.freecol.common.util.LogBuilder log
INFO: Destroying: tileImprovement:4765
May 16, 2018 12:12:49 AM net.sf.freecol.common.util.LogBuilder log
INFO: Destroying: tileImprovement:4353
May 16, 2018 12:12:49 AM net.sf.freecol.common.util.LogBuilder log
INFO: Destroying: tileImprovement:4355
May 16, 2018 12:12:49 AM net.sf.freecol.common.util.LogBuilder log
INFO: Destroying: tileImprovement:4357
May 16, 2018 12:12:49 AM net.sf.freecol.common.util.LogBuilder log
INFO: Destroying: tileImprovement:4359
May 16, 2018 12:12:49 AM net.sf.freecol.common.util.LogBuilder log
INFO: Destroying: tileImprovement:4361
May 16, 2018 12:12:49 AM net.sf.freecol.common.util.LogBuilder log
INFO: Destroying: tileImprovement:4806
May 16, 2018 12:12:49 AM net.sf.freecol.common.util.LogBuilder log
INFO: Destroying: tileImprovement:4808
May 16, 2018 12:12:49 AM net.sf.freecol.common.util.LogBuilder log
INFO: Destroying: tileImprovement:4810
May 16, 2018 12:12:49 AM net.sf.freecol.common.util.LogBuilder log
INFO: Destroying: tileImprovement:4794
May 16, 2018 12:12:49 AM net.sf.freecol.common.util.LogBuilder log
INFO: Destroying: tileImprovement:4795
May 16, 2018 12:12:49 AM net.sf.freecol.common.util.LogBuilder log
INFO: Destroying: tileImprovement:4308
May 16, 2018 12:12:49 AM net.sf.freecol.common.util.LogBuilder log
INFO: Destroying: tileImprovement:4310
May 16, 2018 12:12:49 AM net.sf.freecol.common.util.LogBuilder log
INFO: Destroying: tileImprovement:4312
May 16, 2018 12:12:49 AM net.sf.freecol.common.util.LogBuilder log
INFO: Destroying: tileImprovement:4314
May 16, 2018 12:12:49 AM net.sf.freecol.common.util.LogBuilder log
INFO: Destroying: tileImprovement:4316
May 16, 2018 12:12:49 AM net.sf.freecol.common.util.LogBuilder log
INFO: Destroying: tileImprovement:4318
May 16, 2018 12:12:49 AM net.sf.freecol.common.util.LogBuilder log
INFO: Destroying: tileImprovement:4320
May 16, 2018 12:12:49 AM net.sf.freecol.common.util.LogBuilder log
INFO: Destroying: tileImprovement:4322
May 16, 2018 12:12:49 AM net.sf.freecol.common.util.LogBuilder log
INFO: Destroying: tileImprovement:4621
May 16, 2018 12:12:49 AM net.sf.freecol.common.util.LogBuilder log
INFO: Destroying: tileImprovement:4744
May 16, 2018 12:12:49 AM net.sf.freecol.common.util.LogBuilder log
INFO: Destroying: tileImprovement:4746
May 16, 2018 12:12:49 AM net.sf.freecol.common.util.LogBuilder log
INFO: Destroying: tileImprovement:4748
May 16, 2018 12:12:49 AM net.sf.freecol.common.util.LogBuilder log
INFO: Destroying: tileImprovement:4750
May 16, 2018 12:12:49 AM net.sf.freecol.common.util.LogBuilder log
INFO: Destroying: tileImprovement:4752
May 16, 2018 12:12:49 AM net.sf.freecol.common.util.LogBuilder log
INFO: Destroying: tileImprovement:4469
May 16, 2018 12:12:49 AM net.sf.freecol.common.util.LogBuilder log
INFO: Destroying: tileImprovement:4471
May 16, 2018 12:12:49 AM net.sf.freecol.common.util.LogBuilder log
INFO: Destroying: tileImprovement:4473
May 16, 2018 12:12:49 AM net.sf.freecol.common.util.LogBuilder log
INFO: Destroying: tileImprovement:4475
May 16, 2018 12:12:49 AM net.sf.freecol.common.util.LogBuilder log
INFO: Destroying: tileImprovement:4477
May 16, 2018 12:12:49 AM net.sf.freecol.common.util.LogBuilder log
INFO: Destroying: tileImprovement:4479
May 16, 2018 12:12:49 AM net.sf.freecol.common.util.LogBuilder log
INFO: Destroying: tileImprovement:4481
May 16, 2018 12:12:49 AM net.sf.freecol.common.util.LogBuilder log
INFO: Destroying: tileImprovement:4483
May 16, 2018 12:12:49 AM net.sf.freecol.common.util.LogBuilder log
INFO: Destroying: tileImprovement:4453
May 16, 2018 12:12:49 AM net.sf.freecol.common.util.LogBuilder log
INFO: Destroying: tileImprovement:4455
May 16, 2018 12:12:49 AM net.sf.freecol.common.util.LogBuilder log
INFO: Destroying: tileImprovement:4457
May 16, 2018 12:12:49 AM net.sf.freecol.common.util.LogBuilder log
INFO: Destroying: tileImprovement:4459
May 16, 2018 12:12:49 AM net.sf.freecol.common.util.LogBuilder log
INFO: Destroying: tileImprovement:4461
May 16, 2018 12:12:49 AM net.sf.freecol.common.util.LogBuilder log
INFO: Destroying: tileImprovement:4960
May 16, 2018 12:12:49 AM net.sf.freecol.common.util.LogBuilder log
INFO: Destroying: tileImprovement:4961
May 16, 2018 12:12:49 AM net.sf.freecol.common.util.LogBuilder log
INFO: Destroying: tileImprovement:4962
May 16, 2018 12:12:49 AM net.sf.freecol.common.util.LogBuilder log
INFO: Destroying: tileImprovement:4866
May 16, 2018 12:12:49 AM net.sf.freecol.common.util.LogBuilder log
INFO: Destroying: tileImprovement:4868
May 16, 2018 12:12:49 AM net.sf.freecol.common.util.LogBuilder log
INFO: Destroying: tileImprovement:4870
May 16, 2018 12:12:49 AM net.sf.freecol.common.util.LogBuilder log
INFO: Destroying: tileImprovement:4872
May 16, 2018 12:12:49 AM net.sf.freecol.common.util.LogBuilder log
INFO: Destroying: tileImprovement:4874
May 16, 2018 12:12:49 AM net.sf.freecol.common.util.LogBuilder log
INFO: Destroying: tileImprovement:4876
May 16, 2018 12:12:49 AM net.sf.freecol.common.util.LogBuilder log
INFO: Destroying: tileImprovement:4878
May 16, 2018 12:12:49 AM net.sf.freecol.common.util.LogBuilder log
INFO: Destroying: tileImprovement:4841
May 16, 2018 12:12:49 AM net.sf.freecol.common.util.LogBuilder log
INFO: Destroying: tileImprovement:4842
May 16, 2018 12:12:49 AM net.sf.freecol.common.util.LogBuilder log
INFO: Destroying: tileImprovement:4843
May 16, 2018 12:12:49 AM net.sf.freecol.common.util.LogBuilder log
INFO: Destroying: tileImprovement:4963
May 16, 2018 12:12:49 AM net.sf.freecol.common.util.LogBuilder log
INFO: Destroying: tileImprovement:4965
May 16, 2018 12:12:49 AM net.sf.freecol.common.util.LogBuilder log
INFO: Destroying: tileImprovement:4967
May 16, 2018 12:12:49 AM net.sf.freecol.common.util.LogBuilder log
INFO: Destroying: tileImprovement:4958
May 16, 2018 12:12:49 AM net.sf.freecol.common.util.LogBuilder log
INFO: Destroying: tileImprovement:4959
May 16, 2018 12:12:49 AM net.sf.freecol.common.util.LogBuilder log
INFO: Destroying: tileImprovement:4351
May 16, 2018 12:12:49 AM net.sf.freecol.common.util.LogBuilder log
INFO: Destroying: tileImprovement:4825
May 16, 2018 12:12:49 AM net.sf.freecol.common.util.LogBuilder log
INFO: Destroying: tileImprovement:4826
May 16, 2018 12:12:49 AM net.sf.freecol.common.util.LogBuilder log
INFO: Destroying: tileImprovement:4827
May 16, 2018 12:12:49 AM net.sf.freecol.common.util.LogBuilder log
INFO: Destroying: tileImprovement:4828
May 16, 2018 12:12:49 AM net.sf.freecol.common.util.LogBuilder log
INFO: Destroying: tileImprovement:4829
May 16, 2018 12:12:49 AM net.sf.freecol.common.util.LogBuilder log
INFO: Destroying: tileImprovement:4337
May 16, 2018 12:12:49 AM net.sf.freecol.common.util.LogBuilder log
INFO: Destroying: tileImprovement:4339
May 16, 2018 12:12:49 AM net.sf.freecol.common.util.LogBuilder log
INFO: Destroying: tileImprovement:4341
May 16, 2018 12:12:49 AM net.sf.freecol.common.util.LogBuilder log
INFO: Destroying: tileImprovement:4343
May 16, 2018 12:12:49 AM net.sf.freecol.common.util.LogBuilder log
INFO: Destroying: tileImprovement:4345
May 16, 2018 12:12:49 AM net.sf.freecol.common.util.LogBuilder log
INFO: Destroying: tileImprovement:4347
May 16, 2018 12:12:49 AM net.sf.freecol.common.util.LogBuilder log
INFO: Destroying: tileImprovement:4349
May 16, 2018 12:12:49 AM net.sf.freecol.common.util.LogBuilder log
INFO: Destroying: tileImprovement:5050
May 16, 2018 12:12:49 AM net.sf.freecol.common.util.LogBuilder log
INFO: Destroying: tileImprovement:4366
May 16, 2018 12:12:49 AM net.sf.freecol.common.util.LogBuilder log
INFO: Destroying: tileImprovement:4368
May 16, 2018 12:12:49 AM net.sf.freecol.common.util.LogBuilder log
INFO: Destroying: tileImprovement:4370
May 16, 2018 12:12:49 AM net.sf.freecol.common.util.LogBuilder log
INFO: Destroying: tileImprovement:4372
May 16, 2018 12:12:49 AM net.sf.freecol.common.util.LogBuilder log
INFO: Destroying: tileImprovement:4364
May 16, 2018 12:12:49 AM net.sf.freecol.common.util.LogBuilder log
INFO: Destroying: tileImprovement:4830
May 16, 2018 12:12:49 AM net.sf.freecol.common.util.LogBuilder log
INFO: Destroying: tileImprovement:4832
May 16, 2018 12:12:49 AM net.sf.freecol.common.util.LogBuilder log
INFO: Destroying: tileImprovement:4834
May 16, 2018 12:12:49 AM net.sf.freecol.common.util.LogBuilder log
INFO: Destroying: tileImprovement:4836
May 16, 2018 12:12:49 AM net.sf.freecol.common.util.LogBuilder log
INFO: Destroying: tileImprovement:5006
May 16, 2018 12:12:49 AM net.sf.freecol.common.util.LogBuilder log
INFO: Destroying: tileImprovement:5008
May 16, 2018 12:12:49 AM net.sf.freecol.common.util.LogBuilder log
INFO: Destroying: tileImprovement:5010
May 16, 2018 12:12:49 AM net.sf.freecol.common.util.LogBuilder log
INFO: Destroying: tileImprovement:4989
May 16, 2018 12:12:49 AM net.sf.freecol.common.util.LogBuilder log
INFO: Destroying: tileImprovement:4990
May 16, 2018 12:12:49 AM net.sf.freecol.common.util.LogBuilder log
INFO: Destroying: tileImprovement:4991
May 16, 2018 12:12:49 AM net.sf.freecol.common.util.LogBuilder log
INFO: Destroying: tileImprovement:4992
May 16, 2018 12:12:49 AM net.sf.freecol.common.util.LogBuilder log
INFO: Destroying: tileImprovement:4993
May 16, 2018 12:12:49 AM net.sf.freecol.common.util.LogBuilder log
INFO: Destroying: tileImprovement:4994
May 16, 2018 12:12:49 AM net.sf.freecol.common.util.LogBuilder log
INFO: Destroying: tileImprovement:4995
May 16, 2018 12:12:50 AM net.sf.freecol.server.networking.Server sendToAll
INFO: Reap dead connection: [DummyConnection Server connection - model.nation.cherokee]
May 16, 2018 12:12:50 AM net.sf.freecol.server.networking.Server sendToAll
INFO: Reap dead connection: [DummyConnection Server connection - model.nation.aztec]
May 16, 2018 12:12:50 AM net.sf.freecol.server.networking.Server sendToAll
INFO: Reap dead connection: [DummyConnection Server connection - model.nation.spanish]
May 16, 2018 12:12:50 AM net.sf.freecol.server.networking.Server sendToAll
INFO: Reap dead connection: [DummyConnection Server connection - model.nation.dutch]
May 16, 2018 12:12:50 AM net.sf.freecol.server.networking.Server sendToAll
INFO: Reap dead connection: [DummyConnection Server connection - model.nation.iroquois]
May 16, 2018 12:12:50 AM net.sf.freecol.server.networking.Server sendToAll
INFO: Reap dead connection: [DummyConnection Server connection - model.nation.sioux]
May 16, 2018 12:12:50 AM net.sf.freecol.server.networking.Server sendToAll
INFO: Reap dead connection: [DummyConnection Server connection - model.nation.french]
May 16, 2018 12:12:50 AM net.sf.freecol.server.networking.Server sendToAll
INFO: Reap dead connection: [DummyConnection Server connection - model.nation.english]
May 16, 2018 12:12:50 AM net.sf.freecol.server.networking.Server sendToAll
INFO: Reap dead connection: [DummyConnection Server connection - model.nation.arawak]
May 16, 2018 12:12:50 AM net.sf.freecol.server.networking.Server sendToAll
INFO: Reap dead connection: [DummyConnection Server connection - model.nation.apache]
May 16, 2018 12:12:50 AM net.sf.freecol.server.networking.Server sendToAll
INFO: Reap dead connection: [DummyConnection Server connection - model.nation.inca]
May 16, 2018 12:12:50 AM net.sf.freecol.server.networking.Server sendToAll
INFO: Reap dead connection: [DummyConnection Server connection - model.nation.tupi]
May 16, 2018 12:12:50 AM net.sf.freecol.server.FreeColServer readGame
INFO: Found savegame version 13
May 16, 2018 12:12:50 AM net.sf.freecol.common.model.Game readChild
INFO: Loading specification.
May 16, 2018 12:12:50 AM net.sf.freecol.common.model.Specification checkDifficultyOptionGroup
INFO: Check group model.difficulty.immigration
May 16, 2018 12:12:50 AM net.sf.freecol.common.model.Specification checkDifficultyOptionGroup
INFO: Check group model.difficulty.natives
May 16, 2018 12:12:50 AM net.sf.freecol.common.model.Specification checkDifficultyOptionGroup
INFO: Check group model.difficulty.monarch
May 16, 2018 12:12:50 AM net.sf.freecol.common.model.Specification checkDifficultyOptionGroup
INFO: Check group model.difficulty.government
May 16, 2018 12:12:50 AM net.sf.freecol.common.model.Specification checkDifficultyOptionGroup
INFO: Check group model.difficulty.other
May 16, 2018 12:12:50 AM net.sf.freecol.common.model.Specification checkDifficultyOptionGroup
INFO: Check group model.difficulty.cheat
May 16, 2018 12:12:50 AM net.sf.freecol.common.model.Specification applyDifficultyLevel
INFO: Applying difficulty level model.difficulty.medium
May 16, 2018 12:12:50 AM net.sf.freecol.common.model.Specification clean
INFO: Specification clean following load from stream complete, starting year=1492, season year=1600, ages=[1,109,309], seasons=2, 253 FreeColGameObjectTypes, 79 Abilities, 41 BuildingTypes, 14 Disasters, 9 EuropeanNationTypes, 2 Events, 25 FoundingFathers, 21 GoodsTypes, 8 IndianNationTypes, 59 Modifiers, 25 Nations, 161 Options, 23 Option Groups, 12 ResourceTypes, 11 Roles, 23 TileTypes, 6 TileImprovementTypes, 42 UnitTypes read.
May 16, 2018 12:12:50 AM net.sf.freecol.server.FreeColServer loadGame
INFO: Game integrity test succeeded.
May 16, 2018 12:12:50 AM net.sf.freecol.server.FreeColServer loadGame
INFO: AI integrity test succeeded
May 16, 2018 12:12:50 AM net.sf.freecol.common.FreeColSeed getFreeColSeed
INFO: Using seed: -3065269038647752032
May 16, 2018 12:12:50 AM net.sf.freecol.common.model.LandMap <init>
INFO: Using land generator model.option.landGeneratorType.classic
May 16, 2018 12:12:50 AM net.sf.freecol.common.util.LogBuilder log
INFO: Destroying: tileImprovement:4354
May 16, 2018 12:12:50 AM net.sf.freecol.common.util.LogBuilder log
INFO: Destroying: tileImprovement:4356
May 16, 2018 12:12:50 AM net.sf.freecol.common.util.LogBuilder log
INFO: Destroying: tileImprovement:4358
May 16, 2018 12:12:50 AM net.sf.freecol.common.util.LogBuilder log
INFO: Destroying: tileImprovement:4360
May 16, 2018 12:12:50 AM net.sf.freecol.common.util.LogBuilder log
INFO: Destroying: tileImprovement:4362
May 16, 2018 12:12:50 AM net.sf.freecol.common.util.LogBuilder log
INFO: Destroying: tileImprovement:4364
May 16, 2018 12:12:50 AM net.sf.freecol.common.util.LogBuilder log
INFO: Destroying: tileImprovement:4440
May 16, 2018 12:12:50 AM net.sf.freecol.common.util.LogBuilder log
INFO: Destroying: tileImprovement:4442
May 16, 2018 12:12:50 AM net.sf.freecol.common.util.LogBuilder log
INFO: Destroying: tileImprovement:4444
May 16, 2018 12:12:50 AM net.sf.freecol.common.util.LogBuilder log
INFO: Destroying: tileImprovement:4446
May 16, 2018 12:12:50 AM net.sf.freecol.common.util.LogBuilder log
INFO: Destroying: tileImprovement:4448
May 16, 2018 12:12:50 AM net.sf.freecol.common.util.LogBuilder log
INFO: Destroying: tileImprovement:4450
May 16, 2018 12:12:50 AM net.sf.freecol.common.util.LogBuilder log
INFO: Destroying: tileImprovement:4452
May 16, 2018 12:12:50 AM net.sf.freecol.common.util.LogBuilder log
INFO: Destroying: tileImprovement:4454
May 16, 2018 12:12:50 AM net.sf.freecol.common.util.LogBuilder log
INFO: Destroying: tileImprovement:4456
May 16, 2018 12:12:50 AM net.sf.freecol.common.util.LogBuilder log
INFO: Destroying: tileImprovement:4458
May 16, 2018 12:12:50 AM net.sf.freecol.common.util.LogBuilder log
INFO: Destroying: tileImprovement:4460
May 16, 2018 12:12:50 AM net.sf.freecol.common.util.LogBuilder log
INFO: Destroying: tileImprovement:4462
May 16, 2018 12:12:50 AM net.sf.freecol.common.util.LogBuilder log
INFO: Destroying: tileImprovement:4464
May 16, 2018 12:12:50 AM net.sf.freecol.common.util.LogBuilder log
INFO: Destroying: tileImprovement:4466
May 16, 2018 12:12:50 AM net.sf.freecol.common.util.LogBuilder log
INFO: Destroying: tileImprovement:4468
May 16, 2018 12:12:50 AM net.sf.freecol.common.util.LogBuilder log
INFO: Destroying: tileImprovement:4470
May 16, 2018 12:12:51 AM net.sf.freecol.common.util.LogBuilder log
INFO: Destroying: tileImprovement:4370
May 16, 2018 12:12:51 AM net.sf.freecol.common.util.LogBuilder log
INFO: Destroying: tileImprovement:4371
May 16, 2018 12:12:51 AM net.sf.freecol.common.util.LogBuilder log
INFO: Destroying: tileImprovement:4372
May 16, 2018 12:12:51 AM net.sf.freecol.common.util.LogBuilder log
INFO: Destroying: tileImprovement:4373
May 16, 2018 12:12:51 AM net.sf.freecol.common.util.LogBuilder log
INFO: Destroying: tileImprovement:4374
May 16, 2018 12:12:51 AM net.sf.freecol.common.util.LogBuilder log
INFO: Destroying: tileImprovement:4411
May 16, 2018 12:12:51 AM net.sf.freecol.common.util.LogBuilder log
INFO: Destroying: tileImprovement:4413
May 16, 2018 12:12:51 AM net.sf.freecol.common.util.LogBuilder log
INFO: Destroying: tileImprovement:4415
May 16, 2018 12:12:51 AM net.sf.freecol.common.util.LogBuilder log
INFO: Destroying: tileImprovement:4417
May 16, 2018 12:12:51 AM net.sf.freecol.common.util.LogBuilder log
INFO: Destroying: tileImprovement:4271
May 16, 2018 12:12:51 AM net.sf.freecol.common.util.LogBuilder log
INFO: Destroying: tileImprovement:4273
May 16, 2018 12:12:51 AM net.sf.freecol.common.util.LogBuilder log
INFO: Destroying: tileImprovement:4275
May 16, 2018 12:12:51 AM net.sf.freecol.common.util.LogBuilder log
INFO: Destroying: tileImprovement:4277
May 16, 2018 12:12:51 AM net.sf.freecol.common.util.LogBuilder log
INFO: Destroying: tileImprovement:4279
May 16, 2018 12:12:51 AM net.sf.freecol.common.util.LogBuilder log
INFO: Destroying: tileImprovement:4281
May 16, 2018 12:12:51 AM net.sf.freecol.common.util.LogBuilder log
INFO: Destroying: tileImprovement:4283
May 16, 2018 12:12:51 AM net.sf.freecol.common.util.LogBuilder log
INFO: Destroying: tileImprovement:4285
May 16, 2018 12:12:51 AM net.sf.freecol.common.util.LogBuilder log
INFO: Destroying: tileImprovement:4287
May 16, 2018 12:12:51 AM net.sf.freecol.common.util.LogBuilder log
INFO: Destroying: tileImprovement:4289
May 16, 2018 12:12:51 AM net.sf.freecol.common.util.LogBuilder log
INFO: Destroying: tileImprovement:4291
May 16, 2018 12:12:51 AM net.sf.freecol.common.util.LogBuilder log
INFO: Destroying: tileImprovement:4293
May 16, 2018 12:12:51 AM net.sf.freecol.common.util.LogBuilder log
INFO: Destroying: tileImprovement:4428
May 16, 2018 12:12:51 AM net.sf.freecol.common.util.LogBuilder log
INFO: Destroying: tileImprovement:4430
May 16, 2018 12:12:51 AM net.sf.freecol.common.util.LogBuilder log
INFO: Destroying: tileImprovement:4432
May 16, 2018 12:12:51 AM net.sf.freecol.common.util.LogBuilder log
INFO: Destroying: tileImprovement:4434
May 16, 2018 12:12:51 AM net.sf.freecol.common.util.LogBuilder log
INFO: Destroying: tileImprovement:4436
May 16, 2018 12:12:51 AM net.sf.freecol.common.util.LogBuilder log
INFO: Destroying: tileImprovement:4438
May 16, 2018 12:12:51 AM net.sf.freecol.common.util.LogBuilder log
INFO: Destroying: tileImprovement:4483
May 16, 2018 12:12:51 AM net.sf.freecol.common.util.LogBuilder log
INFO: Destroying: tileImprovement:4484
May 16, 2018 12:12:51 AM net.sf.freecol.common.util.LogBuilder log
INFO: Destroying: tileImprovement:4485
May 16, 2018 12:12:51 AM net.sf.freecol.common.util.LogBuilder log
INFO: Destroying: tileImprovement:4486
May 16, 2018 12:12:51 AM net.sf.freecol.common.util.LogBuilder log
INFO: Destroying: tileImprovement:4487
May 16, 2018 12:12:51 AM net.sf.freecol.common.util.LogBuilder log
INFO: Destroying: tileImprovement:4488
May 16, 2018 12:12:51 AM net.sf.freecol.common.util.LogBuilder log
INFO: Destroying: tileImprovement:4489
May 16, 2018 12:12:51 AM net.sf.freecol.common.util.LogBuilder log
INFO: Destroying: tileImprovement:4490
May 16, 2018 12:12:51 AM net.sf.freecol.common.util.LogBuilder log
INFO: Destroying: tileImprovement:4491
May 16, 2018 12:12:51 AM net.sf.freecol.common.util.LogBuilder log
INFO: Destroying: tileImprovement:4492
May 16, 2018 12:12:51 AM net.sf.freecol.common.util.LogBuilder log
INFO: Destroying: tileImprovement:4493
May 16, 2018 12:12:51 AM net.sf.freecol.common.util.LogBuilder log
INFO: Destroying: tileImprovement:4494
May 16, 2018 12:12:51 AM net.sf.freecol.common.util.LogBuilder log
INFO: Destroying: tileImprovement:4495
May 16, 2018 12:12:51 AM net.sf.freecol.common.util.LogBuilder log
INFO: Destroying: tileImprovement:4496
May 16, 2018 12:12:51 AM net.sf.freecol.common.util.LogBuilder log
INFO: Destroying: tileImprovement:4497
May 16, 2018 12:12:51 AM net.sf.freecol.common.util.LogBuilder log
INFO: Destroying: tileImprovement:4498
May 16, 2018 12:12:51 AM net.sf.freecol.common.util.LogBuilder log
INFO: Destroying: tileImprovement:4546
May 16, 2018 12:12:51 AM net.sf.freecol.common.util.LogBuilder log
INFO: Destroying: tileImprovement:4536
May 16, 2018 12:12:51 AM net.sf.freecol.common.util.LogBuilder log
INFO: Destroying: tileImprovement:4537
May 16, 2018 12:12:51 AM net.sf.freecol.common.util.LogBuilder log
INFO: Destroying: tileImprovement:4538
May 16, 2018 12:12:51 AM net.sf.freecol.common.util.LogBuilder log
INFO: Destroying: tileImprovement:4539
May 16, 2018 12:12:51 AM net.sf.freecol.common.util.LogBuilder log
INFO: Destroying: tileImprovement:4581
May 16, 2018 12:12:51 AM net.sf.freecol.common.util.LogBuilder log
INFO: Destroying: tileImprovement:4583
May 16, 2018 12:12:51 AM net.sf.freecol.common.util.LogBuilder log
INFO: Destroying: tileImprovement:4569
May 16, 2018 12:12:51 AM net.sf.freecol.common.util.LogBuilder log
INFO: Destroying: tileImprovement:4570
May 16, 2018 12:12:51 AM net.sf.freecol.common.util.LogBuilder log
INFO: Destroying: tileImprovement:4571
May 16, 2018 12:12:51 AM net.sf.freecol.common.util.LogBuilder log
INFO: Destroying: tileImprovement:4572
May 16, 2018 12:12:51 AM net.sf.freecol.common.util.LogBuilder log
INFO: Destroying: tileImprovement:4573
May 16, 2018 12:12:51 AM net.sf.freecol.common.util.LogBuilder log
INFO: Destroying: tileImprovement:4574
May 16, 2018 12:12:51 AM net.sf.freecol.common.util.LogBuilder log
INFO: Destroying: tileImprovement:4575
May 16, 2018 12:12:51 AM net.sf.freecol.common.util.LogBuilder log
INFO: Destroying: tileImprovement:4576
May 16, 2018 12:12:51 AM net.sf.freecol.common.util.LogBuilder log
INFO: Destroying: tileImprovement:4577
May 16, 2018 12:12:51 AM net.sf.freecol.common.util.LogBuilder log
INFO: Destroying: tileImprovement:4578
May 16, 2018 12:12:51 AM net.sf.freecol.common.util.LogBuilder log
INFO: Destroying: tileImprovement:4579
May 16, 2018 12:12:51 AM net.sf.freecol.common.util.LogBuilder log
INFO: Destroying: tileImprovement:4580
May 16, 2018 12:12:51 AM net.sf.freecol.common.util.LogBuilder log
INFO: Destroying: tileImprovement:4521
May 16, 2018 12:12:51 AM net.sf.freecol.common.util.LogBuilder log
INFO: Destroying: tileImprovement:4523
May 16, 2018 12:12:51 AM net.sf.freecol.common.util.LogBuilder log
INFO: Destroying: tileImprovement:4525
May 16, 2018 12:12:51 AM net.sf.freecol.common.util.LogBuilder log
INFO: Destroying: tileImprovement:4527
May 16, 2018 12:12:51 AM net.sf.freecol.common.util.LogBuilder log
INFO: Destroying: tileImprovement:4529
May 16, 2018 12:12:51 AM net.sf.freecol.common.util.LogBuilder log
INFO: Destroying: tileImprovement:4531
May 16, 2018 12:12:51 AM net.sf.freecol.common.util.LogBuilder log
INFO: Destroying: tileImprovement:4608
May 16, 2018 12:12:51 AM net.sf.freecol.common.util.LogBuilder log
INFO: Destroying: tileImprovement:4610
May 16, 2018 12:12:51 AM net.sf.freecol.common.util.LogBuilder log
INFO: Destroying: tileImprovement:4612
May 16, 2018 12:12:51 AM net.sf.freecol.common.util.LogBuilder log
INFO: Destroying: tileImprovement:4614
May 16, 2018 12:12:51 AM net.sf.freecol.common.util.LogBuilder log
INFO: Destroying: tileImprovement:4616
May 16, 2018 12:12:51 AM net.sf.freecol.common.util.LogBuilder log
INFO: Destroying: tileImprovement:4618
May 16, 2018 12:12:51 AM net.sf.freecol.common.util.LogBuilder log
INFO: Destroying: tileImprovement:4620
May 16, 2018 12:12:51 AM net.sf.freecol.common.util.LogBuilder log
INFO: Destroying: tileImprovement:4681
May 16, 2018 12:12:51 AM net.sf.freecol.common.util.LogBuilder log
INFO: Destroying: tileImprovement:4683
May 16, 2018 12:12:51 AM net.sf.freecol.common.util.LogBuilder log
INFO: Destroying: tileImprovement:4685
May 16, 2018 12:12:51 AM net.sf.freecol.common.util.LogBuilder log
INFO: Destroying: tileImprovement:4687
May 16, 2018 12:12:51 AM net.sf.freecol.common.util.LogBuilder log
INFO: Destroying: tileImprovement:4689
May 16, 2018 12:12:51 AM net.sf.freecol.common.util.LogBuilder log
INFO: Destroying: tileImprovement:4691
May 16, 2018 12:12:51 AM net.sf.freecol.common.util.LogBuilder log
INFO: Destroying: tileImprovement:4693
May 16, 2018 12:12:51 AM net.sf.freecol.common.util.LogBuilder log
INFO: Destroying: tileImprovement:4677
May 16, 2018 12:12:51 AM net.sf.freecol.common.util.LogBuilder log
INFO: Destroying: tileImprovement:4678
May 16, 2018 12:12:51 AM net.sf.freecol.common.util.LogBuilder log
INFO: Destroying: tileImprovement:4507
May 16, 2018 12:12:51 AM net.sf.freecol.common.util.LogBuilder log
INFO: Destroying: tileImprovement:4509
May 16, 2018 12:12:51 AM net.sf.freecol.common.util.LogBuilder log
INFO: Destroying: tileImprovement:4511
May 16, 2018 12:12:51 AM net.sf.freecol.common.util.LogBuilder log
INFO: Destroying: tileImprovement:4513
May 16, 2018 12:12:51 AM net.sf.freecol.common.util.LogBuilder log
INFO: Destroying: tileImprovement:4663
May 16, 2018 12:12:51 AM net.sf.freecol.common.util.LogBuilder log
INFO: Destroying: tileImprovement:4665
May 16, 2018 12:12:51 AM net.sf.freecol.common.util.LogBuilder log
INFO: Destroying: tileImprovement:4667
May 16, 2018 12:12:51 AM net.sf.freecol.common.util.LogBuilder log
INFO: Destroying: tileImprovement:4669
May 16, 2018 12:12:51 AM net.sf.freecol.common.util.LogBuilder log
INFO: Destroying: tileImprovement:4671
May 16, 2018 12:12:51 AM net.sf.freecol.common.util.LogBuilder log
INFO: Destroying: tileImprovement:4673
May 16, 2018 12:12:51 AM net.sf.freecol.common.util.LogBuilder log
INFO: Destroying: tileImprovement:4660
May 16, 2018 12:12:51 AM net.sf.freecol.common.util.LogBuilder log
INFO: Destroying: tileImprovement:4392
May 16, 2018 12:12:51 AM net.sf.freecol.common.util.LogBuilder log
INFO: Destroying: tileImprovement:4394
May 16, 2018 12:12:51 AM net.sf.freecol.common.util.LogBuilder log
INFO: Destroying: tileImprovement:4380
May 16, 2018 12:12:51 AM net.sf.freecol.common.util.LogBuilder log
INFO: Destroying: tileImprovement:4711
May 16, 2018 12:12:51 AM net.sf.freecol.common.util.LogBuilder log
INFO: Destroying: tileImprovement:4713
May 16, 2018 12:12:51 AM net.sf.freecol.common.util.LogBuilder log
INFO: Destroying: tileImprovement:4715
May 16, 2018 12:12:51 AM net.sf.freecol.common.util.LogBuilder log
INFO: Destroying: tileImprovement:4717
May 16, 2018 12:12:51 AM net.sf.freecol.common.util.LogBuilder log
INFO: Destroying: tileImprovement:4697
May 16, 2018 12:12:51 AM net.sf.freecol.common.util.LogBuilder log
INFO: Destroying: tileImprovement:4698
May 16, 2018 12:12:51 AM net.sf.freecol.common.util.LogBuilder log
INFO: Destroying: tileImprovement:4699
May 16, 2018 12:12:51 AM net.sf.freecol.common.util.LogBuilder log
INFO: Destroying: tileImprovement:4700
May 16, 2018 12:12:51 AM net.sf.freecol.common.util.LogBuilder log
INFO: Destroying: tileImprovement:4701
May 16, 2018 12:12:51 AM net.sf.freecol.common.util.LogBuilder log
INFO: Destroying: tileImprovement:4702
May 16, 2018 12:12:51 AM net.sf.freecol.common.util.LogBuilder log
INFO: Destroying: tileImprovement:4724
May 16, 2018 12:12:51 AM net.sf.freecol.common.util.LogBuilder log
INFO: Destroying: tileImprovement:4725
May 16, 2018 12:12:51 AM net.sf.freecol.common.util.LogBuilder log
INFO: Destroying: tileImprovement:4726
May 16, 2018 12:12:51 AM net.sf.freecol.common.util.LogBuilder log
INFO: Destroying: tileImprovement:4727
May 16, 2018 12:12:51 AM net.sf.freecol.common.util.LogBuilder log
INFO: Destroying: tileImprovement:4728
May 16, 2018 12:12:51 AM net.sf.freecol.common.util.LogBuilder log
INFO: Destroying: tileImprovement:4375
May 16, 2018 12:12:51 AM net.sf.freecol.common.util.LogBuilder log
INFO: Destroying: tileImprovement:4377
May 16, 2018 12:12:51 AM net.sf.freecol.common.util.LogBuilder log
INFO: Destroying: tileImprovement:4369
May 16, 2018 12:12:51 AM net.sf.freecol.common.util.LogBuilder log
INFO: Destroying: tileImprovement:4308
May 16, 2018 12:12:51 AM net.sf.freecol.common.util.LogBuilder log
INFO: Destroying: tileImprovement:4310
May 16, 2018 12:12:51 AM net.sf.freecol.common.util.LogBuilder log
INFO: Destroying: tileImprovement:4312
May 16, 2018 12:12:51 AM net.sf.freecol.common.util.LogBuilder log
INFO: Destroying: tileImprovement:4314
May 16, 2018 12:12:51 AM net.sf.freecol.common.util.LogBuilder log
INFO: Destroying: tileImprovement:4316
May 16, 2018 12:12:51 AM net.sf.freecol.common.util.LogBuilder log
INFO: Destroying: tileImprovement:4318
May 16, 2018 12:12:51 AM net.sf.freecol.common.util.LogBuilder log
INFO: Destroying: tileImprovement:4320
May 16, 2018 12:12:51 AM net.sf.freecol.common.util.LogBuilder log
INFO: Destroying: tileImprovement:4322
May 16, 2018 12:12:51 AM net.sf.freecol.common.util.LogBuilder log
INFO: Destroying: tileImprovement:4324
May 16, 2018 12:12:51 AM net.sf.freecol.common.util.LogBuilder log
INFO: Destroying: tileImprovement:4326
May 16, 2018 12:12:51 AM net.sf.freecol.common.util.LogBuilder log
INFO: Destroying: tileImprovement:4328
May 16, 2018 12:12:51 AM net.sf.freecol.common.util.LogBuilder log
INFO: Destroying: tileImprovement:4330
May 16, 2018 12:12:51 AM net.sf.freecol.common.util.LogBuilder log
INFO: Destroying: tileImprovement:4332
May 16, 2018 12:12:51 AM net.sf.freecol.common.util.LogBuilder log
INFO: Destroying: tileImprovement:4334
May 16, 2018 12:12:51 AM net.sf.freecol.common.util.LogBuilder log
INFO: Destroying: tileImprovement:4336
May 16, 2018 12:12:51 AM net.sf.freecol.common.util.LogBuilder log
INFO: Destroying: tileImprovement:4338
May 16, 2018 12:12:51 AM net.sf.freecol.common.util.LogBuilder log
INFO: Destroying: tileImprovement:4340
May 16, 2018 12:12:51 AM net.sf.freecol.common.util.LogBuilder log
INFO: Destroying: tileImprovement:4342
May 16, 2018 12:12:51 AM net.sf.freecol.common.util.LogBuilder log
INFO: Destroying: tileImprovement:4344
May 16, 2018 12:12:51 AM net.sf.freecol.common.util.LogBuilder log
INFO: Destroying: tileImprovement:4807
May 16, 2018 12:12:51 AM net.sf.freecol.common.util.LogBuilder log
INFO: Destroying: tileImprovement:4809
May 16, 2018 12:12:51 AM net.sf.freecol.common.util.LogBuilder log
INFO: Destroying: tileImprovement:4811
May 16, 2018 12:12:51 AM net.sf.freecol.common.util.LogBuilder log
INFO: Destroying: tileImprovement:4813
May 16, 2018 12:12:51 AM net.sf.freecol.common.util.LogBuilder log
INFO: Destroying: tileImprovement:4796
May 16, 2018 12:12:51 AM net.sf.freecol.common.util.LogBuilder log
INFO: Destroying: tileImprovement:4797
May 16, 2018 12:12:51 AM net.sf.freecol.common.util.LogBuilder log
INFO: Destroying: tileImprovement:4798
May 16, 2018 12:12:51 AM net.sf.freecol.common.util.LogBuilder log
INFO: Destroying: tileImprovement:4799
May 16, 2018 12:12:51 AM net.sf.freecol.common.util.LogBuilder log
INFO: Destroying: tileImprovement:4800
May 16, 2018 12:12:51 AM net.sf.freecol.common.util.LogBuilder log
INFO: Destroying: tileImprovement:4801
May 16, 2018 12:12:51 AM net.sf.freecol.common.util.LogBuilder log
INFO: Destroying: tileImprovement:4940
May 16, 2018 12:12:51 AM net.sf.freecol.common.util.LogBuilder log
INFO: Destroying: tileImprovement:4941
May 16, 2018 12:12:51 AM net.sf.freecol.common.util.LogBuilder log
INFO: Destroying: tileImprovement:4942
May 16, 2018 12:12:51 AM net.sf.freecol.common.util.LogBuilder log
INFO: Destroying: tileImprovement:4943
May 16, 2018 12:12:51 AM net.sf.freecol.common.util.LogBuilder log
INFO: Destroying: tileImprovement:4944
May 16, 2018 12:12:51 AM net.sf.freecol.common.util.LogBuilder log
INFO: Destroying: tileImprovement:4945
May 16, 2018 12:12:51 AM net.sf.freecol.common.util.LogBuilder log
INFO: Destroying: tileImprovement:4946
May 16, 2018 12:12:51 AM net.sf.freecol.common.util.LogBuilder log
INFO: Destroying: tileImprovement:4947
May 16, 2018 12:12:51 AM net.sf.freecol.common.util.LogBuilder log
INFO: Destroying: tileImprovement:4948
May 16, 2018 12:12:51 AM net.sf.freecol.common.util.LogBuilder log
INFO: Destroying: tileImprovement:4949
May 16, 2018 12:12:51 AM net.sf.freecol.common.util.LogBuilder log
INFO: Destroying: tileImprovement:4950
May 16, 2018 12:12:51 AM net.sf.freecol.common.util.LogBuilder log
INFO: Destroying: tileImprovement:4951
May 16, 2018 12:12:51 AM net.sf.freecol.common.util.LogBuilder log
INFO: Destroying: tileImprovement:4952
May 16, 2018 12:12:51 AM net.sf.freecol.common.util.LogBuilder log
INFO: Destroying: tileImprovement:4707
May 16, 2018 12:12:51 AM net.sf.freecol.common.util.LogBuilder log
INFO: Destroying: tileImprovement:4709
May 16, 2018 12:12:51 AM net.sf.freecol.common.util.LogBuilder log
INFO: Destroying: tileImprovement:4840
May 16, 2018 12:12:51 AM net.sf.freecol.common.util.LogBuilder log
INFO: Destroying: tileImprovement:4841
May 16, 2018 12:12:51 AM net.sf.freecol.common.util.LogBuilder log
INFO: Destroying: tileImprovement:4842
May 16, 2018 12:12:51 AM net.sf.freecol.common.util.LogBuilder log
INFO: Destroying: tileImprovement:4843
May 16, 2018 12:12:51 AM net.sf.freecol.common.util.LogBuilder log
INFO: Destroying: tileImprovement:4633
May 16, 2018 12:12:51 AM net.sf.freecol.common.util.LogBuilder log
INFO: Destroying: tileImprovement:4634
May 16, 2018 12:12:51 AM net.sf.freecol.server.networking.Server sendToAll
INFO: Reap dead connection: [DummyConnection Server connection - model.nation.sioux]
May 16, 2018 12:12:51 AM net.sf.freecol.server.networking.Server sendToAll
INFO: Reap dead connection: [DummyConnection Server connection - model.nation.apache]
May 16, 2018 12:12:51 AM net.sf.freecol.server.networking.Server sendToAll
INFO: Reap dead connection: [DummyConnection Server connection - model.nation.french]
May 16, 2018 12:12:51 AM net.sf.freecol.server.networking.Server sendToAll
INFO: Reap dead connection: [DummyConnection Server connection - model.nation.english]
May 16, 2018 12:12:51 AM net.sf.freecol.server.networking.Server sendToAll
INFO: Reap dead connection: [DummyConnection Server connection - model.nation.arawak]
May 16, 2018 12:12:51 AM net.sf.freecol.server.networking.Server sendToAll
INFO: Reap dead connection: [DummyConnection Server connection - model.nation.inca]
May 16, 2018 12:12:51 AM net.sf.freecol.server.networking.Server sendToAll
INFO: Reap dead connection: [DummyConnection Server connection - model.nation.cherokee]
May 16, 2018 12:12:51 AM net.sf.freecol.server.networking.Server sendToAll
INFO: Reap dead connection: [DummyConnection Server connection - model.nation.tupi]
May 16, 2018 12:12:51 AM net.sf.freecol.server.networking.Server sendToAll
INFO: Reap dead connection: [DummyConnection Server connection - model.nation.aztec]
May 16, 2018 12:12:51 AM net.sf.freecol.server.networking.Server sendToAll
INFO: Reap dead connection: [DummyConnection Server connection - model.nation.dutch]
May 16, 2018 12:12:51 AM net.sf.freecol.server.networking.Server sendToAll
INFO: Reap dead connection: [DummyConnection Server connection - model.nation.spanish]
May 16, 2018 12:12:51 AM net.sf.freecol.server.networking.Server sendToAll
INFO: Reap dead connection: [DummyConnection Server connection - model.nation.iroquois]
May 16, 2018 12:12:51 AM net.sf.freecol.common.FreeColSeed getFreeColSeed
INFO: Using seed: -297978555342083138
May 16, 2018 12:12:51 AM net.sf.freecol.server.FreeColServer readGame
INFO: Found savegame version 13
May 16, 2018 12:12:51 AM net.sf.freecol.common.model.Game readChild
INFO: Reloading specification.
May 16, 2018 12:12:51 AM net.sf.freecol.common.model.Specification checkDifficultyOptionGroup
INFO: Check group model.difficulty.immigration
May 16, 2018 12:12:51 AM net.sf.freecol.common.model.Specification checkDifficultyOptionGroup
INFO: Check group model.difficulty.natives
May 16, 2018 12:12:51 AM net.sf.freecol.common.model.Specification checkDifficultyOptionGroup
INFO: Check group model.difficulty.monarch
May 16, 2018 12:12:51 AM net.sf.freecol.common.model.Specification checkDifficultyOptionGroup
INFO: Check group model.difficulty.government
May 16, 2018 12:12:51 AM net.sf.freecol.common.model.Specification checkDifficultyOptionGroup
INFO: Check group model.difficulty.other
May 16, 2018 12:12:51 AM net.sf.freecol.common.model.Specification checkDifficultyOptionGroup
INFO: Check group model.difficulty.cheat
May 16, 2018 12:12:51 AM net.sf.freecol.common.model.Specification applyDifficultyLevel
INFO: Applying difficulty level model.difficulty.medium
May 16, 2018 12:12:51 AM net.sf.freecol.common.model.Specification clean
INFO: Specification clean following load from stream complete, starting year=1492, season year=1600, ages=[1,109,309], seasons=2, 253 FreeColGameObjectTypes, 79 Abilities, 41 BuildingTypes, 14 Disasters, 9 EuropeanNationTypes, 2 Events, 25 FoundingFathers, 21 GoodsTypes, 8 IndianNationTypes, 59 Modifiers, 25 Nations, 161 Options, 23 Option Groups, 12 ResourceTypes, 11 Roles, 23 TileTypes, 6 TileImprovementTypes, 42 UnitTypes read.
May 16, 2018 12:12:51 AM net.sf.freecol.server.FreeColServer readGame
INFO: Imported file test\data\test.fsg
May 16, 2018 12:12:52 AM net.sf.freecol.server.networking.Server sendToAll
INFO: Reap dead connection: [DummyConnection Server connection - model.nation.arawak]
May 16, 2018 12:12:52 AM net.sf.freecol.server.networking.Server sendToAll
INFO: Reap dead connection: [DummyConnection Server connection - model.nation.iroquois]
May 16, 2018 12:12:52 AM net.sf.freecol.server.networking.Server sendToAll
INFO: Reap dead connection: [DummyConnection Server connection - model.nation.apache]
May 16, 2018 12:12:52 AM net.sf.freecol.server.networking.Server sendToAll
INFO: Reap dead connection: [DummyConnection Server connection - model.nation.aztec]
May 16, 2018 12:12:52 AM net.sf.freecol.server.networking.Server sendToAll
INFO: Reap dead connection: [DummyConnection Server connection - model.nation.spanish]
May 16, 2018 12:12:52 AM net.sf.freecol.server.networking.Server sendToAll
INFO: Reap dead connection: [DummyConnection Server connection - model.nation.tupi]
May 16, 2018 12:12:52 AM net.sf.freecol.server.networking.Server sendToAll
INFO: Reap dead connection: [DummyConnection Server connection - model.nation.dutch]
May 16, 2018 12:12:52 AM net.sf.freecol.server.networking.Server sendToAll
INFO: Reap dead connection: [DummyConnection Server connection - model.nation.english]
May 16, 2018 12:12:52 AM net.sf.freecol.server.networking.Server sendToAll
INFO: Reap dead connection: [DummyConnection Server connection - model.nation.french]
May 16, 2018 12:12:52 AM net.sf.freecol.server.networking.Server sendToAll
INFO: Reap dead connection: [DummyConnection Server connection - model.nation.cherokee]
May 16, 2018 12:12:52 AM net.sf.freecol.server.networking.Server sendToAll
INFO: Reap dead connection: [DummyConnection Server connection - model.nation.sioux]
May 16, 2018 12:12:52 AM net.sf.freecol.server.networking.Server sendToAll
INFO: Reap dead connection: [DummyConnection Server connection - model.nation.inca]
May 16, 2018 12:12:52 AM net.sf.freecol.common.model.Specification applyDifficultyLevel
INFO: Applying difficulty level model.difficulty.medium
May 16, 2018 12:12:52 AM net.sf.freecol.common.FreeColSeed getFreeColSeed
INFO: Using seed: 5425663095926459542
May 16, 2018 12:12:52 AM net.sf.freecol.server.networking.Server sendToAll
INFO: Reap dead connection: [DummyConnection Server connection - model.nation.arawak]
May 16, 2018 12:12:52 AM net.sf.freecol.server.networking.Server sendToAll
INFO: Reap dead connection: [DummyConnection Server connection - model.nation.cherokee]
May 16, 2018 12:12:52 AM net.sf.freecol.server.networking.Server sendToAll
INFO: Reap dead connection: [DummyConnection Server connection - model.nation.tupi]
May 16, 2018 12:12:52 AM net.sf.freecol.server.networking.Server sendToAll
INFO: Reap dead connection: [DummyConnection Server connection - model.nation.english]
May 16, 2018 12:12:52 AM net.sf.freecol.server.networking.Server sendToAll
INFO: Reap dead connection: [DummyConnection Server connection - model.nation.aztec]
May 16, 2018 12:12:52 AM net.sf.freecol.server.networking.Server sendToAll
INFO: Reap dead connection: [DummyConnection Server connection - model.nation.spanish]
May 16, 2018 12:12:52 AM net.sf.freecol.server.networking.Server sendToAll
INFO: Reap dead connection: [DummyConnection Server connection - model.nation.french]
May 16, 2018 12:12:52 AM net.sf.freecol.server.networking.Server sendToAll
INFO: Reap dead connection: [DummyConnection Server connection - model.nation.apache]
May 16, 2018 12:12:52 AM net.sf.freecol.server.networking.Server sendToAll
INFO: Reap dead connection: [DummyConnection Server connection - model.nation.iroquois]
May 16, 2018 12:12:52 AM net.sf.freecol.server.networking.Server sendToAll
INFO: Reap dead connection: [DummyConnection Server connection - model.nation.dutch]
May 16, 2018 12:12:52 AM net.sf.freecol.server.networking.Server sendToAll
INFO: Reap dead connection: [DummyConnection Server connection - model.nation.sioux]
May 16, 2018 12:12:52 AM net.sf.freecol.server.networking.Server sendToAll
INFO: Reap dead connection: [DummyConnection Server connection - model.nation.inca]
May 16, 2018 12:12:52 AM net.sf.freecol.common.model.Specification applyDifficultyLevel
INFO: Applying difficulty level model.difficulty.medium
May 16, 2018 12:12:52 AM net.sf.freecol.common.FreeColSeed getFreeColSeed
INFO: Using seed: -1919855547072346809
May 16, 2018 12:12:52 AM net.sf.freecol.server.networking.Server sendToAll
INFO: Reap dead connection: [DummyConnection Server connection - model.nation.sioux]
May 16, 2018 12:12:52 AM net.sf.freecol.server.networking.Server sendToAll
INFO: Reap dead connection: [DummyConnection Server connection - model.nation.spanish]
May 16, 2018 12:12:52 AM net.sf.freecol.server.networking.Server sendToAll
INFO: Reap dead connection: [DummyConnection Server connection - model.nation.tupi]
May 16, 2018 12:12:52 AM net.sf.freecol.server.networking.Server sendToAll
INFO: Reap dead connection: [DummyConnection Server connection - model.nation.dutch]
May 16, 2018 12:12:52 AM net.sf.freecol.server.networking.Server sendToAll
INFO: Reap dead connection: [DummyConnection Server connection - model.nation.english]
May 16, 2018 12:12:52 AM net.sf.freecol.server.networking.Server sendToAll
INFO: Reap dead connection: [DummyConnection Server connection - model.nation.iroquois]
May 16, 2018 12:12:52 AM net.sf.freecol.server.networking.Server sendToAll
INFO: Reap dead connection: [DummyConnection Server connection - model.nation.aztec]
May 16, 2018 12:12:52 AM net.sf.freecol.server.networking.Server sendToAll
INFO: Reap dead connection: [DummyConnection Server connection - model.nation.arawak]
May 16, 2018 12:12:52 AM net.sf.freecol.server.networking.Server sendToAll
INFO: Reap dead connection: [DummyConnection Server connection - model.nation.apache]
May 16, 2018 12:12:52 AM net.sf.freecol.server.networking.Server sendToAll
INFO: Reap dead connection: [DummyConnection Server connection - model.nation.cherokee]
May 16, 2018 12:12:52 AM net.sf.freecol.server.networking.Server sendToAll
INFO: Reap dead connection: [DummyConnection Server connection - model.nation.inca]
May 16, 2018 12:12:52 AM net.sf.freecol.server.networking.Server sendToAll
INFO: Reap dead connection: [DummyConnection Server connection - model.nation.french]
May 16, 2018 12:12:52 AM net.sf.freecol.common.model.Specification applyDifficultyLevel
INFO: Applying difficulty level model.difficulty.medium
May 16, 2018 12:12:52 AM net.sf.freecol.common.FreeColSeed getFreeColSeed
INFO: Using seed: 3230676342748190257
May 16, 2018 12:12:53 AM net.sf.freecol.server.networking.Server sendToAll
INFO: Reap dead connection: [DummyConnection Server connection - model.nation.iroquois]
May 16, 2018 12:12:53 AM net.sf.freecol.server.networking.Server sendToAll
INFO: Reap dead connection: [DummyConnection Server connection - model.nation.arawak]
May 16, 2018 12:12:53 AM net.sf.freecol.server.networking.Server sendToAll
INFO: Reap dead connection: [DummyConnection Server connection - model.nation.sioux]
May 16, 2018 12:12:53 AM net.sf.freecol.server.networking.Server sendToAll
INFO: Reap dead connection: [DummyConnection Server connection - model.nation.apache]
May 16, 2018 12:12:53 AM net.sf.freecol.server.networking.Server sendToAll
INFO: Reap dead connection: [DummyConnection Server connection - model.nation.inca]
May 16, 2018 12:12:53 AM net.sf.freecol.server.networking.Server sendToAll
INFO: Reap dead connection: [DummyConnection Server connection - model.nation.aztec]
May 16, 2018 12:12:53 AM net.sf.freecol.server.networking.Server sendToAll
INFO: Reap dead connection: [DummyConnection Server connection - model.nation.cherokee]
May 16, 2018 12:12:53 AM net.sf.freecol.server.networking.Server sendToAll
INFO: Reap dead connection: [DummyConnection Server connection - model.nation.tupi]
May 16, 2018 12:12:53 AM net.sf.freecol.server.networking.Server sendToAll
INFO: Reap dead connection: [DummyConnection Server connection - model.nation.dutch]
May 16, 2018 12:12:53 AM net.sf.freecol.server.networking.Server sendToAll
INFO: Reap dead connection: [DummyConnection Server connection - model.nation.english]
May 16, 2018 12:12:53 AM net.sf.freecol.server.networking.Server sendToAll
INFO: Reap dead connection: [DummyConnection Server connection - model.nation.french]
May 16, 2018 12:12:53 AM net.sf.freecol.server.networking.Server sendToAll
INFO: Reap dead connection: [DummyConnection Server connection - model.nation.spanish]
May 16, 2018 12:12:53 AM net.sf.freecol.common.model.Specification applyDifficultyLevel
INFO: Applying difficulty level model.difficulty.medium
May 16, 2018 12:12:53 AM net.sf.freecol.common.FreeColSeed getFreeColSeed
INFO: Using seed: 6284007098214357491
May 16, 2018 12:12:53 AM net.sf.freecol.server.networking.Server sendToAll
INFO: Reap dead connection: [DummyConnection Server connection - model.nation.inca]
May 16, 2018 12:12:53 AM net.sf.freecol.server.networking.Server sendToAll
INFO: Reap dead connection: [DummyConnection Server connection - model.nation.tupi]
May 16, 2018 12:12:53 AM net.sf.freecol.server.networking.Server sendToAll
INFO: Reap dead connection: [DummyConnection Server connection - model.nation.english]
May 16, 2018 12:12:53 AM net.sf.freecol.server.networking.Server sendToAll
INFO: Reap dead connection: [DummyConnection Server connection - model.nation.apache]
May 16, 2018 12:12:53 AM net.sf.freecol.server.networking.Server sendToAll
INFO: Reap dead connection: [DummyConnection Server connection - model.nation.dutch]
May 16, 2018 12:12:53 AM net.sf.freecol.server.networking.Server sendToAll
INFO: Reap dead connection: [DummyConnection Server connection - model.nation.spanish]
May 16, 2018 12:12:53 AM net.sf.freecol.server.networking.Server sendToAll
INFO: Reap dead connection: [DummyConnection Server connection - model.nation.arawak]
May 16, 2018 12:12:53 AM net.sf.freecol.server.networking.Server sendToAll
INFO: Reap dead connection: [DummyConnection Server connection - model.nation.aztec]
May 16, 2018 12:12:53 AM net.sf.freecol.server.networking.Server sendToAll
INFO: Reap dead connection: [DummyConnection Server connection - model.nation.iroquois]
May 16, 2018 12:12:53 AM net.sf.freecol.server.networking.Server sendToAll
INFO: Reap dead connection: [DummyConnection Server connection - model.nation.sioux]
May 16, 2018 12:12:53 AM net.sf.freecol.server.networking.Server sendToAll
INFO: Reap dead connection: [DummyConnection Server connection - model.nation.french]
May 16, 2018 12:12:53 AM net.sf.freecol.server.networking.Server sendToAll
INFO: Reap dead connection: [DummyConnection Server connection - model.nation.cherokee]
May 16, 2018 12:12:53 AM net.sf.freecol.common.model.Specification applyDifficultyLevel
INFO: Applying difficulty level model.difficulty.medium
May 16, 2018 12:12:53 AM net.sf.freecol.common.FreeColSeed getFreeColSeed
INFO: Using seed: -3331014488890492974
May 16, 2018 12:12:53 AM net.sf.freecol.server.networking.Server sendToAll
INFO: Reap dead connection: [DummyConnection Server connection - model.nation.apache]
May 16, 2018 12:12:53 AM net.sf.freecol.server.networking.Server sendToAll
INFO: Reap dead connection: [DummyConnection Server connection - model.nation.iroquois]
May 16, 2018 12:12:53 AM net.sf.freecol.server.networking.Server sendToAll
INFO: Reap dead connection: [DummyConnection Server connection - model.nation.tupi]
May 16, 2018 12:12:53 AM net.sf.freecol.server.networking.Server sendToAll
INFO: Reap dead connection: [DummyConnection Server connection - model.nation.sioux]
May 16, 2018 12:12:53 AM net.sf.freecol.server.networking.Server sendToAll
INFO: Reap dead connection: [DummyConnection Server connection - model.nation.inca]
May 16, 2018 12:12:53 AM net.sf.freecol.server.networking.Server sendToAll
INFO: Reap dead connection: [DummyConnection Server connection - model.nation.english]
May 16, 2018 12:12:53 AM net.sf.freecol.server.networking.Server sendToAll
INFO: Reap dead connection: [DummyConnection Server connection - model.nation.cherokee]
May 16, 2018 12:12:53 AM net.sf.freecol.server.networking.Server sendToAll
INFO: Reap dead connection: [DummyConnection Server connection - model.nation.arawak]
May 16, 2018 12:12:53 AM net.sf.freecol.server.networking.Server sendToAll
INFO: Reap dead connection: [DummyConnection Server connection - model.nation.aztec]
May 16, 2018 12:12:53 AM net.sf.freecol.server.networking.Server sendToAll
INFO: Reap dead connection: [DummyConnection Server connection - model.nation.french]
May 16, 2018 12:12:53 AM net.sf.freecol.server.networking.Server sendToAll
INFO: Reap dead connection: [DummyConnection Server connection - model.nation.dutch]
May 16, 2018 12:12:53 AM net.sf.freecol.server.networking.Server sendToAll
INFO: Reap dead connection: [DummyConnection Server connection - model.nation.spanish]
May 16, 2018 12:12:53 AM net.sf.freecol.server.model.ServerPlayer csChangeStance
INFO: Stance modification Louis XIV UNCONTACTED -> PEACE wrt Geronimo
May 16, 2018 12:12:53 AM net.sf.freecol.server.model.ServerPlayer csChangeStance
INFO: Stance modification Geronimo UNCONTACTED -> PEACE wrt Louis XIV (symmetric)
May 16, 2018 12:12:53 AM net.sf.freecol.common.model.Specification applyDifficultyLevel
INFO: Applying difficulty level model.difficulty.medium
May 16, 2018 12:12:53 AM net.sf.freecol.common.FreeColSeed getFreeColSeed
INFO: Using seed: 1031811817584111082
May 16, 2018 12:12:53 AM net.sf.freecol.server.networking.Server sendToAll
INFO: Reap dead connection: [DummyConnection Server connection - model.nation.arawak]
May 16, 2018 12:12:53 AM net.sf.freecol.server.networking.Server sendToAll
INFO: Reap dead connection: [DummyConnection Server connection - model.nation.apache]
May 16, 2018 12:12:53 AM net.sf.freecol.server.networking.Server sendToAll
INFO: Reap dead connection: [DummyConnection Server connection - model.nation.dutch]
May 16, 2018 12:12:53 AM net.sf.freecol.server.networking.Server sendToAll
INFO: Reap dead connection: [DummyConnection Server connection - model.nation.sioux]
May 16, 2018 12:12:53 AM net.sf.freecol.server.networking.Server sendToAll
INFO: Reap dead connection: [DummyConnection Server connection - model.nation.spanish]
May 16, 2018 12:12:53 AM net.sf.freecol.server.networking.Server sendToAll
INFO: Reap dead connection: [DummyConnection Server connection - model.nation.iroquois]
May 16, 2018 12:12:53 AM net.sf.freecol.server.networking.Server sendToAll
INFO: Reap dead connection: [DummyConnection Server connection - model.nation.cherokee]
May 16, 2018 12:12:53 AM net.sf.freecol.server.networking.Server sendToAll
INFO: Reap dead connection: [DummyConnection Server connection - model.nation.aztec]
May 16, 2018 12:12:53 AM net.sf.freecol.server.networking.Server sendToAll
INFO: Reap dead connection: [DummyConnection Server connection - model.nation.french]
May 16, 2018 12:12:53 AM net.sf.freecol.server.networking.Server sendToAll
INFO: Reap dead connection: [DummyConnection Server connection - model.nation.tupi]
May 16, 2018 12:12:53 AM net.sf.freecol.server.networking.Server sendToAll
INFO: Reap dead connection: [DummyConnection Server connection - model.nation.inca]
May 16, 2018 12:12:53 AM net.sf.freecol.server.networking.Server sendToAll
INFO: Reap dead connection: [DummyConnection Server connection - model.nation.english]
May 16, 2018 12:12:53 AM net.sf.freecol.server.model.ServerPlayer csChangeStance
INFO: Stance modification William I UNCONTACTED -> PEACE wrt Geronimo
May 16, 2018 12:12:53 AM net.sf.freecol.server.model.ServerPlayer csChangeStance
INFO: Stance modification Geronimo UNCONTACTED -> PEACE wrt William I (symmetric)
May 16, 2018 12:12:53 AM net.sf.freecol.common.model.Specification applyDifficultyLevel
INFO: Applying difficulty level model.difficulty.medium
May 16, 2018 12:12:53 AM net.sf.freecol.common.FreeColSeed getFreeColSeed
INFO: Using seed: 6000105304632562134
May 16, 2018 12:12:54 AM net.sf.freecol.server.networking.Server sendToAll
INFO: Reap dead connection: [DummyConnection Server connection - model.nation.iroquois]
May 16, 2018 12:12:54 AM net.sf.freecol.server.networking.Server sendToAll
INFO: Reap dead connection: [DummyConnection Server connection - model.nation.cherokee]
May 16, 2018 12:12:54 AM net.sf.freecol.server.networking.Server sendToAll
INFO: Reap dead connection: [DummyConnection Server connection - model.nation.apache]
May 16, 2018 12:12:54 AM net.sf.freecol.server.networking.Server sendToAll
INFO: Reap dead connection: [DummyConnection Server connection - model.nation.dutch]
May 16, 2018 12:12:54 AM net.sf.freecol.server.networking.Server sendToAll
INFO: Reap dead connection: [DummyConnection Server connection - model.nation.french]
May 16, 2018 12:12:54 AM net.sf.freecol.server.networking.Server sendToAll
INFO: Reap dead connection: [DummyConnection Server connection - model.nation.sioux]
May 16, 2018 12:12:54 AM net.sf.freecol.server.networking.Server sendToAll
INFO: Reap dead connection: [DummyConnection Server connection - model.nation.arawak]
May 16, 2018 12:12:54 AM net.sf.freecol.server.networking.Server sendToAll
INFO: Reap dead connection: [DummyConnection Server connection - model.nation.english]
May 16, 2018 12:12:54 AM net.sf.freecol.server.networking.Server sendToAll
INFO: Reap dead connection: [DummyConnection Server connection - model.nation.aztec]
May 16, 2018 12:12:54 AM net.sf.freecol.server.networking.Server sendToAll
INFO: Reap dead connection: [DummyConnection Server connection - model.nation.spanish]
May 16, 2018 12:12:54 AM net.sf.freecol.server.networking.Server sendToAll
INFO: Reap dead connection: [DummyConnection Server connection - model.nation.inca]
May 16, 2018 12:12:54 AM net.sf.freecol.server.networking.Server sendToAll
INFO: Reap dead connection: [DummyConnection Server connection - model.nation.tupi]
May 16, 2018 12:12:54 AM net.sf.freecol.common.model.Specification applyDifficultyLevel
INFO: Applying difficulty level model.difficulty.medium
May 16, 2018 12:12:54 AM net.sf.freecol.common.FreeColSeed getFreeColSeed
INFO: Using seed: -9141761705603242586
May 16, 2018 12:12:54 AM net.sf.freecol.server.networking.Server sendToAll
INFO: Reap dead connection: [DummyConnection Server connection - model.nation.tupi]
May 16, 2018 12:12:54 AM net.sf.freecol.server.networking.Server sendToAll
INFO: Reap dead connection: [DummyConnection Server connection - model.nation.french]
May 16, 2018 12:12:54 AM net.sf.freecol.server.networking.Server sendToAll
INFO: Reap dead connection: [DummyConnection Server connection - model.nation.arawak]
May 16, 2018 12:12:54 AM net.sf.freecol.server.networking.Server sendToAll
INFO: Reap dead connection: [DummyConnection Server connection - model.nation.apache]
May 16, 2018 12:12:54 AM net.sf.freecol.server.networking.Server sendToAll
INFO: Reap dead connection: [DummyConnection Server connection - model.nation.inca]
May 16, 2018 12:12:54 AM net.sf.freecol.server.networking.Server sendToAll
INFO: Reap dead connection: [DummyConnection Server connection - model.nation.iroquois]
May 16, 2018 12:12:54 AM net.sf.freecol.server.networking.Server sendToAll
INFO: Reap dead connection: [DummyConnection Server connection - model.nation.aztec]
May 16, 2018 12:12:54 AM net.sf.freecol.server.networking.Server sendToAll
INFO: Reap dead connection: [DummyConnection Server connection - model.nation.english]
May 16, 2018 12:12:54 AM net.sf.freecol.server.networking.Server sendToAll
INFO: Reap dead connection: [DummyConnection Server connection - model.nation.dutch]
May 16, 2018 12:12:54 AM net.sf.freecol.server.networking.Server sendToAll
INFO: Reap dead connection: [DummyConnection Server connection - model.nation.sioux]
May 16, 2018 12:12:54 AM net.sf.freecol.server.networking.Server sendToAll
INFO: Reap dead connection: [DummyConnection Server connection - model.nation.spanish]
May 16, 2018 12:12:54 AM net.sf.freecol.server.networking.Server sendToAll
INFO: Reap dead connection: [DummyConnection Server connection - model.nation.cherokee]
May 16, 2018 12:12:54 AM net.sf.freecol.common.model.Specification applyDifficultyLevel
INFO: Applying difficulty level model.difficulty.medium
May 16, 2018 12:12:54 AM net.sf.freecol.common.FreeColSeed getFreeColSeed
INFO: Using seed: 3667878496653804975
May 16, 2018 12:12:54 AM net.sf.freecol.server.networking.Server sendToAll
INFO: Reap dead connection: [DummyConnection Server connection - model.nation.tupi]
May 16, 2018 12:12:54 AM net.sf.freecol.server.networking.Server sendToAll
INFO: Reap dead connection: [DummyConnection Server connection - model.nation.arawak]
May 16, 2018 12:12:54 AM net.sf.freecol.server.networking.Server sendToAll
INFO: Reap dead connection: [DummyConnection Server connection - model.nation.inca]
May 16, 2018 12:12:54 AM net.sf.freecol.server.networking.Server sendToAll
INFO: Reap dead connection: [DummyConnection Server connection - model.nation.dutch]
May 16, 2018 12:12:54 AM net.sf.freecol.server.networking.Server sendToAll
INFO: Reap dead connection: [DummyConnection Server connection - model.nation.spanish]
May 16, 2018 12:12:54 AM net.sf.freecol.server.networking.Server sendToAll
INFO: Reap dead connection: [DummyConnection Server connection - model.nation.cherokee]
May 16, 2018 12:12:54 AM net.sf.freecol.server.networking.Server sendToAll
INFO: Reap dead connection: [DummyConnection Server connection - model.nation.apache]
May 16, 2018 12:12:54 AM net.sf.freecol.server.networking.Server sendToAll
INFO: Reap dead connection: [DummyConnection Server connection - model.nation.aztec]
May 16, 2018 12:12:54 AM net.sf.freecol.server.networking.Server sendToAll
INFO: Reap dead connection: [DummyConnection Server connection - model.nation.iroquois]
May 16, 2018 12:12:54 AM net.sf.freecol.server.networking.Server sendToAll
INFO: Reap dead connection: [DummyConnection Server connection - model.nation.french]
May 16, 2018 12:12:54 AM net.sf.freecol.server.networking.Server sendToAll
INFO: Reap dead connection: [DummyConnection Server connection - model.nation.english]
May 16, 2018 12:12:54 AM net.sf.freecol.server.networking.Server sendToAll
INFO: Reap dead connection: [DummyConnection Server connection - model.nation.sioux]
May 16, 2018 12:12:54 AM net.sf.freecol.common.model.Specification applyDifficultyLevel
INFO: Applying difficulty level model.difficulty.medium
May 16, 2018 12:12:54 AM net.sf.freecol.common.FreeColSeed getFreeColSeed
INFO: Using seed: 1998423312011131951
May 16, 2018 12:12:54 AM net.sf.freecol.server.networking.Server sendToAll
INFO: Reap dead connection: [DummyConnection Server connection - model.nation.dutch]
May 16, 2018 12:12:54 AM net.sf.freecol.server.networking.Server sendToAll
INFO: Reap dead connection: [DummyConnection Server connection - model.nation.tupi]
May 16, 2018 12:12:54 AM net.sf.freecol.server.networking.Server sendToAll
INFO: Reap dead connection: [DummyConnection Server connection - model.nation.inca]
May 16, 2018 12:12:54 AM net.sf.freecol.server.networking.Server sendToAll
INFO: Reap dead connection: [DummyConnection Server connection - model.nation.iroquois]
May 16, 2018 12:12:54 AM net.sf.freecol.server.networking.Server sendToAll
INFO: Reap dead connection: [DummyConnection Server connection - model.nation.apache]
May 16, 2018 12:12:54 AM net.sf.freecol.server.networking.Server sendToAll
INFO: Reap dead connection: [DummyConnection Server connection - model.nation.sioux]
May 16, 2018 12:12:54 AM net.sf.freecol.server.networking.Server sendToAll
INFO: Reap dead connection: [DummyConnection Server connection - model.nation.arawak]
May 16, 2018 12:12:54 AM net.sf.freecol.server.networking.Server sendToAll
INFO: Reap dead connection: [DummyConnection Server connection - model.nation.english]
May 16, 2018 12:12:54 AM net.sf.freecol.server.networking.Server sendToAll
INFO: Reap dead connection: [DummyConnection Server connection - model.nation.spanish]
May 16, 2018 12:12:54 AM net.sf.freecol.server.networking.Server sendToAll
INFO: Reap dead connection: [DummyConnection Server connection - model.nation.cherokee]
May 16, 2018 12:12:54 AM net.sf.freecol.server.networking.Server sendToAll
INFO: Reap dead connection: [DummyConnection Server connection - model.nation.french]
May 16, 2018 12:12:54 AM net.sf.freecol.server.networking.Server sendToAll
INFO: Reap dead connection: [DummyConnection Server connection - model.nation.aztec]
May 16, 2018 12:12:54 AM net.sf.freecol.server.model.ServerPlayer csChangeStance
INFO: Stance modification William I UNCONTACTED -> PEACE wrt Segoyewatha
May 16, 2018 12:12:54 AM net.sf.freecol.server.model.ServerPlayer csChangeStance
INFO: Stance modification Segoyewatha UNCONTACTED -> PEACE wrt William I (symmetric)
May 16, 2018 12:12:54 AM net.sf.freecol.common.model.Specification applyDifficultyLevel
INFO: Applying difficulty level model.difficulty.medium
May 16, 2018 12:12:54 AM net.sf.freecol.common.FreeColSeed getFreeColSeed
INFO: Using seed: -7366871782606716227
May 16, 2018 12:12:55 AM net.sf.freecol.server.networking.Server sendToAll
INFO: Reap dead connection: [DummyConnection Server connection - model.nation.sioux]
May 16, 2018 12:12:55 AM net.sf.freecol.server.networking.Server sendToAll
INFO: Reap dead connection: [DummyConnection Server connection - model.nation.tupi]
May 16, 2018 12:12:55 AM net.sf.freecol.server.networking.Server sendToAll
INFO: Reap dead connection: [DummyConnection Server connection - model.nation.dutch]
May 16, 2018 12:12:55 AM net.sf.freecol.server.networking.Server sendToAll
INFO: Reap dead connection: [DummyConnection Server connection - model.nation.arawak]
May 16, 2018 12:12:55 AM net.sf.freecol.server.networking.Server sendToAll
INFO: Reap dead connection: [DummyConnection Server connection - model.nation.english]
May 16, 2018 12:12:55 AM net.sf.freecol.server.networking.Server sendToAll
INFO: Reap dead connection: [DummyConnection Server connection - model.nation.iroquois]
May 16, 2018 12:12:55 AM net.sf.freecol.server.networking.Server sendToAll
INFO: Reap dead connection: [DummyConnection Server connection - model.nation.aztec]
May 16, 2018 12:12:55 AM net.sf.freecol.server.networking.Server sendToAll
INFO: Reap dead connection: [DummyConnection Server connection - model.nation.apache]
May 16, 2018 12:12:55 AM net.sf.freecol.server.networking.Server sendToAll
INFO: Reap dead connection: [DummyConnection Server connection - model.nation.inca]
May 16, 2018 12:12:55 AM net.sf.freecol.server.networking.Server sendToAll
INFO: Reap dead connection: [DummyConnection Server connection - model.nation.cherokee]
May 16, 2018 12:12:55 AM net.sf.freecol.server.networking.Server sendToAll
INFO: Reap dead connection: [DummyConnection Server connection - model.nation.french]
May 16, 2018 12:12:55 AM net.sf.freecol.server.networking.Server sendToAll
INFO: Reap dead connection: [DummyConnection Server connection - model.nation.spanish]
May 16, 2018 12:12:55 AM net.sf.freecol.server.model.ServerPlayer csChangeStance
INFO: Stance modification William I UNCONTACTED -> PEACE wrt Segoyewatha
May 16, 2018 12:12:55 AM net.sf.freecol.server.model.ServerPlayer csChangeStance
INFO: Stance modification Segoyewatha UNCONTACTED -> PEACE wrt William I (symmetric)
May 16, 2018 12:12:55 AM net.sf.freecol.common.model.Specification applyDifficultyLevel
INFO: Applying difficulty level model.difficulty.medium
May 16, 2018 12:12:55 AM net.sf.freecol.common.FreeColSeed getFreeColSeed
INFO: Using seed: 4916128699817986420
May 16, 2018 12:12:55 AM net.sf.freecol.server.networking.Server sendToAll
INFO: Reap dead connection: [DummyConnection Server connection - model.nation.english]
May 16, 2018 12:12:55 AM net.sf.freecol.server.networking.Server sendToAll
INFO: Reap dead connection: [DummyConnection Server connection - model.nation.inca]
May 16, 2018 12:12:55 AM net.sf.freecol.server.networking.Server sendToAll
INFO: Reap dead connection: [DummyConnection Server connection - model.nation.tupi]
May 16, 2018 12:12:55 AM net.sf.freecol.server.networking.Server sendToAll
INFO: Reap dead connection: [DummyConnection Server connection - model.nation.dutch]
May 16, 2018 12:12:55 AM net.sf.freecol.server.networking.Server sendToAll
INFO: Reap dead connection: [DummyConnection Server connection - model.nation.aztec]
May 16, 2018 12:12:55 AM net.sf.freecol.server.networking.Server sendToAll
INFO: Reap dead connection: [DummyConnection Server connection - model.nation.sioux]
May 16, 2018 12:12:55 AM net.sf.freecol.server.networking.Server sendToAll
INFO: Reap dead connection: [DummyConnection Server connection - model.nation.arawak]
May 16, 2018 12:12:55 AM net.sf.freecol.server.networking.Server sendToAll
INFO: Reap dead connection: [DummyConnection Server connection - model.nation.cherokee]
May 16, 2018 12:12:55 AM net.sf.freecol.server.networking.Server sendToAll
INFO: Reap dead connection: [DummyConnection Server connection - model.nation.apache]
May 16, 2018 12:12:55 AM net.sf.freecol.server.networking.Server sendToAll
INFO: Reap dead connection: [DummyConnection Server connection - model.nation.iroquois]
May 16, 2018 12:12:55 AM net.sf.freecol.server.networking.Server sendToAll
INFO: Reap dead connection: [DummyConnection Server connection - model.nation.french]
May 16, 2018 12:12:55 AM net.sf.freecol.server.networking.Server sendToAll
INFO: Reap dead connection: [DummyConnection Server connection - model.nation.spanish]
May 16, 2018 12:12:55 AM net.sf.freecol.common.model.Specification applyDifficultyLevel
INFO: Applying difficulty level model.difficulty.medium
May 16, 2018 12:12:55 AM net.sf.freecol.common.model.Specification applyDifficultyLevel
INFO: Applying difficulty level model.difficulty.medium
May 16, 2018 12:12:55 AM net.sf.freecol.common.model.Specification applyDifficultyLevel
INFO: Applying difficulty level model.difficulty.medium
May 16, 2018 12:12:55 AM net.sf.freecol.common.FreeColSeed getFreeColSeed
INFO: Using seed: 4237915480357963764
May 16, 2018 12:12:55 AM net.sf.freecol.server.networking.Server sendToAll
INFO: Reap dead connection: [DummyConnection Server connection - model.nation.tupi]
May 16, 2018 12:12:55 AM net.sf.freecol.server.networking.Server sendToAll
INFO: Reap dead connection: [DummyConnection Server connection - model.nation.french]
May 16, 2018 12:12:55 AM net.sf.freecol.server.networking.Server sendToAll
INFO: Reap dead connection: [DummyConnection Server connection - model.nation.inca]
May 16, 2018 12:12:55 AM net.sf.freecol.server.networking.Server sendToAll
INFO: Reap dead connection: [DummyConnection Server connection - model.nation.cherokee]
May 16, 2018 12:12:55 AM net.sf.freecol.server.networking.Server sendToAll
INFO: Reap dead connection: [DummyConnection Server connection - model.nation.aztec]
May 16, 2018 12:12:55 AM net.sf.freecol.server.networking.Server sendToAll
INFO: Reap dead connection: [DummyConnection Server connection - model.nation.apache]
May 16, 2018 12:12:55 AM net.sf.freecol.server.networking.Server sendToAll
INFO: Reap dead connection: [DummyConnection Server connection - model.nation.spanish]
May 16, 2018 12:12:55 AM net.sf.freecol.server.networking.Server sendToAll
INFO: Reap dead connection: [DummyConnection Server connection - model.nation.arawak]
May 16, 2018 12:12:55 AM net.sf.freecol.server.networking.Server sendToAll
INFO: Reap dead connection: [DummyConnection Server connection - model.nation.sioux]
May 16, 2018 12:12:55 AM net.sf.freecol.server.networking.Server sendToAll
INFO: Reap dead connection: [DummyConnection Server connection - model.nation.dutch]
May 16, 2018 12:12:55 AM net.sf.freecol.server.networking.Server sendToAll
INFO: Reap dead connection: [DummyConnection Server connection - model.nation.iroquois]
May 16, 2018 12:12:55 AM net.sf.freecol.server.networking.Server sendToAll
INFO: Reap dead connection: [DummyConnection Server connection - model.nation.english]
May 16, 2018 12:12:55 AM net.sf.freecol.common.model.Specification applyDifficultyLevel
INFO: Applying difficulty level model.difficulty.medium
May 16, 2018 12:12:55 AM net.sf.freecol.common.FreeColSeed getFreeColSeed
INFO: Using seed: -4933072422479245880
May 16, 2018 12:12:55 AM net.sf.freecol.server.networking.Server sendToAll
INFO: Reap dead connection: [DummyConnection Server connection - model.nation.tupi]
May 16, 2018 12:12:55 AM net.sf.freecol.server.networking.Server sendToAll
INFO: Reap dead connection: [DummyConnection Server connection - model.nation.english]
May 16, 2018 12:12:55 AM net.sf.freecol.server.networking.Server sendToAll
INFO: Reap dead connection: [DummyConnection Server connection - model.nation.apache]
May 16, 2018 12:12:55 AM net.sf.freecol.server.networking.Server sendToAll
INFO: Reap dead connection: [DummyConnection Server connection - model.nation.inca]
May 16, 2018 12:12:55 AM net.sf.freecol.server.networking.Server sendToAll
INFO: Reap dead connection: [DummyConnection Server connection - model.nation.spanish]
May 16, 2018 12:12:55 AM net.sf.freecol.server.networking.Server sendToAll
INFO: Reap dead connection: [DummyConnection Server connection - model.nation.arawak]
May 16, 2018 12:12:55 AM net.sf.freecol.server.networking.Server sendToAll
INFO: Reap dead connection: [DummyConnection Server connection - model.nation.french]
May 16, 2018 12:12:55 AM net.sf.freecol.server.networking.Server sendToAll
INFO: Reap dead connection: [DummyConnection Server connection - model.nation.sioux]
May 16, 2018 12:12:55 AM net.sf.freecol.server.networking.Server sendToAll
INFO: Reap dead connection: [DummyConnection Server connection - model.nation.aztec]
May 16, 2018 12:12:55 AM net.sf.freecol.server.networking.Server sendToAll
INFO: Reap dead connection: [DummyConnection Server connection - model.nation.dutch]
May 16, 2018 12:12:55 AM net.sf.freecol.server.networking.Server sendToAll
INFO: Reap dead connection: [DummyConnection Server connection - model.nation.iroquois]
May 16, 2018 12:12:55 AM net.sf.freecol.server.networking.Server sendToAll
INFO: Reap dead connection: [DummyConnection Server connection - model.nation.cherokee]
May 16, 2018 12:12:55 AM net.sf.freecol.common.model.Specification applyDifficultyLevel
INFO: Applying difficulty level model.difficulty.medium
May 16, 2018 12:12:55 AM net.sf.freecol.common.FreeColSeed getFreeColSeed
INFO: Using seed: -2726876208654601716
May 16, 2018 12:12:55 AM net.sf.freecol.server.networking.Server sendToAll
INFO: Reap dead connection: [DummyConnection Server connection - model.nation.aztec]
May 16, 2018 12:12:55 AM net.sf.freecol.server.networking.Server sendToAll
INFO: Reap dead connection: [DummyConnection Server connection - model.nation.cherokee]
May 16, 2018 12:12:55 AM net.sf.freecol.server.networking.Server sendToAll
INFO: Reap dead connection: [DummyConnection Server connection - model.nation.apache]
May 16, 2018 12:12:55 AM net.sf.freecol.server.networking.Server sendToAll
INFO: Reap dead connection: [DummyConnection Server connection - model.nation.inca]
May 16, 2018 12:12:55 AM net.sf.freecol.server.networking.Server sendToAll
INFO: Reap dead connection: [DummyConnection Server connection - model.nation.spanish]
May 16, 2018 12:12:55 AM net.sf.freecol.server.networking.Server sendToAll
INFO: Reap dead connection: [DummyConnection Server connection - model.nation.english]
May 16, 2018 12:12:55 AM net.sf.freecol.server.networking.Server sendToAll
INFO: Reap dead connection: [DummyConnection Server connection - model.nation.dutch]
May 16, 2018 12:12:55 AM net.sf.freecol.server.networking.Server sendToAll
INFO: Reap dead connection: [DummyConnection Server connection - model.nation.arawak]
May 16, 2018 12:12:55 AM net.sf.freecol.server.networking.Server sendToAll
INFO: Reap dead connection: [DummyConnection Server connection - model.nation.tupi]
May 16, 2018 12:12:55 AM net.sf.freecol.server.networking.Server sendToAll
INFO: Reap dead connection: [DummyConnection Server connection - model.nation.sioux]
May 16, 2018 12:12:55 AM net.sf.freecol.server.networking.Server sendToAll
INFO: Reap dead connection: [DummyConnection Server connection - model.nation.french]
May 16, 2018 12:12:55 AM net.sf.freecol.server.networking.Server sendToAll
INFO: Reap dead connection: [DummyConnection Server connection - model.nation.iroquois]
May 16, 2018 12:12:55 AM net.sf.freecol.common.model.Specification applyDifficultyLevel
INFO: Applying difficulty level model.difficulty.medium
May 16, 2018 12:12:55 AM net.sf.freecol.common.FreeColSeed getFreeColSeed
INFO: Using seed: -817152883099514693
May 16, 2018 12:12:56 AM net.sf.freecol.server.networking.Server sendToAll
INFO: Reap dead connection: [DummyConnection Server connection - model.nation.arawak]
May 16, 2018 12:12:56 AM net.sf.freecol.server.networking.Server sendToAll
INFO: Reap dead connection: [DummyConnection Server connection - model.nation.english]
May 16, 2018 12:12:56 AM net.sf.freecol.server.networking.Server sendToAll
INFO: Reap dead connection: [DummyConnection Server connection - model.nation.spanish]
May 16, 2018 12:12:56 AM net.sf.freecol.server.networking.Server sendToAll
INFO: Reap dead connection: [DummyConnection Server connection - model.nation.apache]
May 16, 2018 12:12:56 AM net.sf.freecol.server.networking.Server sendToAll
INFO: Reap dead connection: [DummyConnection Server connection - model.nation.aztec]
May 16, 2018 12:12:56 AM net.sf.freecol.server.networking.Server sendToAll
INFO: Reap dead connection: [DummyConnection Server connection - model.nation.cherokee]
May 16, 2018 12:12:56 AM net.sf.freecol.server.networking.Server sendToAll
INFO: Reap dead connection: [DummyConnection Server connection - model.nation.iroquois]
May 16, 2018 12:12:56 AM net.sf.freecol.server.networking.Server sendToAll
INFO: Reap dead connection: [DummyConnection Server connection - model.nation.inca]
May 16, 2018 12:12:56 AM net.sf.freecol.server.networking.Server sendToAll
INFO: Reap dead connection: [DummyConnection Server connection - model.nation.french]
May 16, 2018 12:12:56 AM net.sf.freecol.server.networking.Server sendToAll
INFO: Reap dead connection: [DummyConnection Server connection - model.nation.tupi]
May 16, 2018 12:12:56 AM net.sf.freecol.server.networking.Server sendToAll
INFO: Reap dead connection: [DummyConnection Server connection - model.nation.sioux]
May 16, 2018 12:12:56 AM net.sf.freecol.server.networking.Server sendToAll
INFO: Reap dead connection: [DummyConnection Server connection - model.nation.dutch]
May 16, 2018 12:12:56 AM net.sf.freecol.common.model.Specification applyDifficultyLevel
INFO: Applying difficulty level model.difficulty.medium
May 16, 2018 12:12:56 AM net.sf.freecol.common.FreeColSeed getFreeColSeed
INFO: Using seed: 7140255872758702826
May 16, 2018 12:12:56 AM net.sf.freecol.server.networking.Server sendToAll
INFO: Reap dead connection: [DummyConnection Server connection - model.nation.sioux]
May 16, 2018 12:12:56 AM net.sf.freecol.server.networking.Server sendToAll
INFO: Reap dead connection: [DummyConnection Server connection - model.nation.french]
May 16, 2018 12:12:56 AM net.sf.freecol.server.networking.Server sendToAll
INFO: Reap dead connection: [DummyConnection Server connection - model.nation.english]
May 16, 2018 12:12:56 AM net.sf.freecol.server.networking.Server sendToAll
INFO: Reap dead connection: [DummyConnection Server connection - model.nation.apache]
May 16, 2018 12:12:56 AM net.sf.freecol.server.networking.Server sendToAll
INFO: Reap dead connection: [DummyConnection Server connection - model.nation.iroquois]
May 16, 2018 12:12:56 AM net.sf.freecol.server.networking.Server sendToAll
INFO: Reap dead connection: [DummyConnection Server connection - model.nation.dutch]
May 16, 2018 12:12:56 AM net.sf.freecol.server.networking.Server sendToAll
INFO: Reap dead connection: [DummyConnection Server connection - model.nation.cherokee]
May 16, 2018 12:12:56 AM net.sf.freecol.server.networking.Server sendToAll
INFO: Reap dead connection: [DummyConnection Server connection - model.nation.arawak]
May 16, 2018 12:12:56 AM net.sf.freecol.server.networking.Server sendToAll
INFO: Reap dead connection: [DummyConnection Server connection - model.nation.inca]
May 16, 2018 12:12:56 AM net.sf.freecol.server.networking.Server sendToAll
INFO: Reap dead connection: [DummyConnection Server connection - model.nation.aztec]
May 16, 2018 12:12:56 AM net.sf.freecol.server.networking.Server sendToAll
INFO: Reap dead connection: [DummyConnection Server connection - model.nation.spanish]
May 16, 2018 12:12:56 AM net.sf.freecol.server.networking.Server sendToAll
INFO: Reap dead connection: [DummyConnection Server connection - model.nation.tupi]
May 16, 2018 12:12:56 AM net.sf.freecol.common.model.Specification applyDifficultyLevel
INFO: Applying difficulty level model.difficulty.medium
May 16, 2018 12:12:56 AM net.sf.freecol.common.FreeColSeed getFreeColSeed
INFO: Using seed: -3476904321378698556
May 16, 2018 12:12:56 AM net.sf.freecol.server.networking.Server sendToAll
INFO: Reap dead connection: [DummyConnection Server connection - model.nation.english]
May 16, 2018 12:12:56 AM net.sf.freecol.server.networking.Server sendToAll
INFO: Reap dead connection: [DummyConnection Server connection - model.nation.apache]
May 16, 2018 12:12:56 AM net.sf.freecol.server.networking.Server sendToAll
INFO: Reap dead connection: [DummyConnection Server connection - model.nation.inca]
May 16, 2018 12:12:56 AM net.sf.freecol.server.networking.Server sendToAll
INFO: Reap dead connection: [DummyConnection Server connection - model.nation.tupi]
May 16, 2018 12:12:56 AM net.sf.freecol.server.networking.Server sendToAll
INFO: Reap dead connection: [DummyConnection Server connection - model.nation.aztec]
May 16, 2018 12:12:56 AM net.sf.freecol.server.networking.Server sendToAll
INFO: Reap dead connection: [DummyConnection Server connection - model.nation.sioux]
May 16, 2018 12:12:56 AM net.sf.freecol.server.networking.Server sendToAll
INFO: Reap dead connection: [DummyConnection Server connection - model.nation.dutch]
May 16, 2018 12:12:56 AM net.sf.freecol.server.networking.Server sendToAll
INFO: Reap dead connection: [DummyConnection Server connection - model.nation.french]
May 16, 2018 12:12:56 AM net.sf.freecol.server.networking.Server sendToAll
INFO: Reap dead connection: [DummyConnection Server connection - model.nation.spanish]
May 16, 2018 12:12:56 AM net.sf.freecol.server.networking.Server sendToAll
INFO: Reap dead connection: [DummyConnection Server connection - model.nation.iroquois]
May 16, 2018 12:12:56 AM net.sf.freecol.server.networking.Server sendToAll
INFO: Reap dead connection: [DummyConnection Server connection - model.nation.arawak]
May 16, 2018 12:12:56 AM net.sf.freecol.server.networking.Server sendToAll
INFO: Reap dead connection: [DummyConnection Server connection - model.nation.cherokee]
May 16, 2018 12:12:56 AM net.sf.freecol.common.model.Specification applyDifficultyLevel
INFO: Applying difficulty level model.difficulty.medium
May 16, 2018 12:12:56 AM net.sf.freecol.common.FreeColSeed getFreeColSeed
INFO: Using seed: 6774412355163361035
May 16, 2018 12:12:56 AM net.sf.freecol.server.networking.Server sendToAll
INFO: Reap dead connection: [DummyConnection Server connection - model.nation.iroquois]
May 16, 2018 12:12:56 AM net.sf.freecol.server.networking.Server sendToAll
INFO: Reap dead connection: [DummyConnection Server connection - model.nation.english]
May 16, 2018 12:12:56 AM net.sf.freecol.server.networking.Server sendToAll
INFO: Reap dead connection: [DummyConnection Server connection - model.nation.apache]
May 16, 2018 12:12:56 AM net.sf.freecol.server.networking.Server sendToAll
INFO: Reap dead connection: [DummyConnection Server connection - model.nation.sioux]
May 16, 2018 12:12:56 AM net.sf.freecol.server.networking.Server sendToAll
INFO: Reap dead connection: [DummyConnection Server connection - model.nation.french]
May 16, 2018 12:12:56 AM net.sf.freecol.server.networking.Server sendToAll
INFO: Reap dead connection: [DummyConnection Server connection - model.nation.aztec]
May 16, 2018 12:12:56 AM net.sf.freecol.server.networking.Server sendToAll
INFO: Reap dead connection: [DummyConnection Server connection - model.nation.spanish]
May 16, 2018 12:12:56 AM net.sf.freecol.server.networking.Server sendToAll
INFO: Reap dead connection: [DummyConnection Server connection - model.nation.arawak]
May 16, 2018 12:12:56 AM net.sf.freecol.server.networking.Server sendToAll
INFO: Reap dead connection: [DummyConnection Server connection - model.nation.tupi]
May 16, 2018 12:12:56 AM net.sf.freecol.server.networking.Server sendToAll
INFO: Reap dead connection: [DummyConnection Server connection - model.nation.cherokee]
May 16, 2018 12:12:56 AM net.sf.freecol.server.networking.Server sendToAll
INFO: Reap dead connection: [DummyConnection Server connection - model.nation.inca]
May 16, 2018 12:12:56 AM net.sf.freecol.server.networking.Server sendToAll
INFO: Reap dead connection: [DummyConnection Server connection - model.nation.dutch]
May 16, 2018 12:12:56 AM net.sf.freecol.common.model.Specification applyDifficultyLevel
INFO: Applying difficulty level model.difficulty.medium
May 16, 2018 12:12:56 AM net.sf.freecol.common.FreeColSeed getFreeColSeed
INFO: Using seed: -2202375890651932768
May 16, 2018 12:12:56 AM net.sf.freecol.server.networking.Server sendToAll
INFO: Reap dead connection: [DummyConnection Server connection - model.nation.dutch]
May 16, 2018 12:12:56 AM net.sf.freecol.server.networking.Server sendToAll
INFO: Reap dead connection: [DummyConnection Server connection - model.nation.french]
May 16, 2018 12:12:56 AM net.sf.freecol.server.networking.Server sendToAll
INFO: Reap dead connection: [DummyConnection Server connection - model.nation.english]
May 16, 2018 12:12:56 AM net.sf.freecol.server.networking.Server sendToAll
INFO: Reap dead connection: [DummyConnection Server connection - model.nation.cherokee]
May 16, 2018 12:12:56 AM net.sf.freecol.server.networking.Server sendToAll
INFO: Reap dead connection: [DummyConnection Server connection - model.nation.arawak]
May 16, 2018 12:12:56 AM net.sf.freecol.server.networking.Server sendToAll
INFO: Reap dead connection: [DummyConnection Server connection - model.nation.inca]
May 16, 2018 12:12:56 AM net.sf.freecol.server.networking.Server sendToAll
INFO: Reap dead connection: [DummyConnection Server connection - model.nation.sioux]
May 16, 2018 12:12:56 AM net.sf.freecol.server.networking.Server sendToAll
INFO: Reap dead connection: [DummyConnection Server connection - model.nation.aztec]
May 16, 2018 12:12:56 AM net.sf.freecol.server.networking.Server sendToAll
INFO: Reap dead connection: [DummyConnection Server connection - model.nation.apache]
May 16, 2018 12:12:56 AM net.sf.freecol.server.networking.Server sendToAll
INFO: Reap dead connection: [DummyConnection Server connection - model.nation.spanish]
May 16, 2018 12:12:56 AM net.sf.freecol.server.networking.Server sendToAll
INFO: Reap dead connection: [DummyConnection Server connection - model.nation.tupi]
May 16, 2018 12:12:56 AM net.sf.freecol.server.networking.Server sendToAll
INFO: Reap dead connection: [DummyConnection Server connection - model.nation.iroquois]
May 16, 2018 12:12:56 AM net.sf.freecol.common.model.Specification applyDifficultyLevel
INFO: Applying difficulty level model.difficulty.medium
May 16, 2018 12:12:56 AM net.sf.freecol.common.FreeColSeed getFreeColSeed
INFO: Using seed: -4660039348913985487
May 16, 2018 12:12:56 AM net.sf.freecol.server.networking.Server sendToAll
INFO: Reap dead connection: [DummyConnection Server connection - model.nation.arawak]
May 16, 2018 12:12:56 AM net.sf.freecol.server.networking.Server sendToAll
INFO: Reap dead connection: [DummyConnection Server connection - model.nation.inca]
May 16, 2018 12:12:56 AM net.sf.freecol.server.networking.Server sendToAll
INFO: Reap dead connection: [DummyConnection Server connection - model.nation.french]
May 16, 2018 12:12:56 AM net.sf.freecol.server.networking.Server sendToAll
INFO: Reap dead connection: [DummyConnection Server connection - model.nation.sioux]
May 16, 2018 12:12:57 AM net.sf.freecol.server.networking.Server sendToAll
INFO: Reap dead connection: [DummyConnection Server connection - model.nation.dutch]
May 16, 2018 12:12:57 AM net.sf.freecol.server.networking.Server sendToAll
INFO: Reap dead connection: [DummyConnection Server connection - model.nation.iroquois]
May 16, 2018 12:12:57 AM net.sf.freecol.server.networking.Server sendToAll
INFO: Reap dead connection: [DummyConnection Server connection - model.nation.aztec]
May 16, 2018 12:12:57 AM net.sf.freecol.server.networking.Server sendToAll
INFO: Reap dead connection: [DummyConnection Server connection - model.nation.english]
May 16, 2018 12:12:57 AM net.sf.freecol.server.networking.Server sendToAll
INFO: Reap dead connection: [DummyConnection Server connection - model.nation.spanish]
May 16, 2018 12:12:57 AM net.sf.freecol.server.networking.Server sendToAll
INFO: Reap dead connection: [DummyConnection Server connection - model.nation.tupi]
May 16, 2018 12:12:57 AM net.sf.freecol.server.networking.Server sendToAll
INFO: Reap dead connection: [DummyConnection Server connection - model.nation.apache]
May 16, 2018 12:12:57 AM net.sf.freecol.server.networking.Server sendToAll
INFO: Reap dead connection: [DummyConnection Server connection - model.nation.cherokee]
May 16, 2018 12:12:57 AM net.sf.freecol.common.model.Specification applyDifficultyLevel
INFO: Applying difficulty level model.difficulty.medium
May 16, 2018 12:12:57 AM net.sf.freecol.common.FreeColSeed getFreeColSeed
INFO: Using seed: 1294843021755529414
May 16, 2018 12:12:57 AM net.sf.freecol.server.networking.Server sendToAll
INFO: Reap dead connection: [DummyConnection Server connection - model.nation.spanish]
May 16, 2018 12:12:57 AM net.sf.freecol.server.networking.Server sendToAll
INFO: Reap dead connection: [DummyConnection Server connection - model.nation.apache]
May 16, 2018 12:12:57 AM net.sf.freecol.server.networking.Server sendToAll
INFO: Reap dead connection: [DummyConnection Server connection - model.nation.dutch]
May 16, 2018 12:12:57 AM net.sf.freecol.server.networking.Server sendToAll
INFO: Reap dead connection: [DummyConnection Server connection - model.nation.french]
May 16, 2018 12:12:57 AM net.sf.freecol.server.networking.Server sendToAll
INFO: Reap dead connection: [DummyConnection Server connection - model.nation.iroquois]
May 16, 2018 12:12:57 AM net.sf.freecol.server.networking.Server sendToAll
INFO: Reap dead connection: [DummyConnection Server connection - model.nation.inca]
May 16, 2018 12:12:57 AM net.sf.freecol.server.networking.Server sendToAll
INFO: Reap dead connection: [DummyConnection Server connection - model.nation.aztec]
May 16, 2018 12:12:57 AM net.sf.freecol.server.networking.Server sendToAll
INFO: Reap dead connection: [DummyConnection Server connection - model.nation.tupi]
May 16, 2018 12:12:57 AM net.sf.freecol.server.networking.Server sendToAll
INFO: Reap dead connection: [DummyConnection Server connection - model.nation.arawak]
May 16, 2018 12:12:57 AM net.sf.freecol.server.networking.Server sendToAll
INFO: Reap dead connection: [DummyConnection Server connection - model.nation.english]
May 16, 2018 12:12:57 AM net.sf.freecol.server.networking.Server sendToAll
INFO: Reap dead connection: [DummyConnection Server connection - model.nation.sioux]
May 16, 2018 12:12:57 AM net.sf.freecol.server.networking.Server sendToAll
INFO: Reap dead connection: [DummyConnection Server connection - model.nation.cherokee]
May 16, 2018 12:12:57 AM net.sf.freecol.common.model.Specification applyDifficultyLevel
INFO: Applying difficulty level model.difficulty.medium
May 16, 2018 12:12:57 AM net.sf.freecol.common.FreeColSeed getFreeColSeed
INFO: Using seed: -5844787082572457084
May 16, 2018 12:12:57 AM net.sf.freecol.server.networking.Server sendToAll
INFO: Reap dead connection: [DummyConnection Server connection - model.nation.sioux]
May 16, 2018 12:12:57 AM net.sf.freecol.server.networking.Server sendToAll
INFO: Reap dead connection: [DummyConnection Server connection - model.nation.apache]
May 16, 2018 12:12:57 AM net.sf.freecol.server.networking.Server sendToAll
INFO: Reap dead connection: [DummyConnection Server connection - model.nation.dutch]
May 16, 2018 12:12:57 AM net.sf.freecol.server.networking.Server sendToAll
INFO: Reap dead connection: [DummyConnection Server connection - model.nation.aztec]
May 16, 2018 12:12:57 AM net.sf.freecol.server.networking.Server sendToAll
INFO: Reap dead connection: [DummyConnection Server connection - model.nation.tupi]
May 16, 2018 12:12:57 AM net.sf.freecol.server.networking.Server sendToAll
INFO: Reap dead connection: [DummyConnection Server connection - model.nation.iroquois]
May 16, 2018 12:12:57 AM net.sf.freecol.server.networking.Server sendToAll
INFO: Reap dead connection: [DummyConnection Server connection - model.nation.english]
May 16, 2018 12:12:57 AM net.sf.freecol.server.networking.Server sendToAll
INFO: Reap dead connection: [DummyConnection Server connection - model.nation.inca]
May 16, 2018 12:12:57 AM net.sf.freecol.server.networking.Server sendToAll
INFO: Reap dead connection: [DummyConnection Server connection - model.nation.arawak]
May 16, 2018 12:12:57 AM net.sf.freecol.server.networking.Server sendToAll
INFO: Reap dead connection: [DummyConnection Server connection - model.nation.french]
May 16, 2018 12:12:57 AM net.sf.freecol.server.networking.Server sendToAll
INFO: Reap dead connection: [DummyConnection Server connection - model.nation.spanish]
May 16, 2018 12:12:57 AM net.sf.freecol.server.networking.Server sendToAll
INFO: Reap dead connection: [DummyConnection Server connection - model.nation.cherokee]
May 16, 2018 12:12:57 AM net.sf.freecol.common.model.Specification applyDifficultyLevel
INFO: Applying difficulty level model.difficulty.medium
May 16, 2018 12:12:57 AM net.sf.freecol.common.FreeColSeed getFreeColSeed
INFO: Using seed: -6413311751068558182
May 16, 2018 12:12:57 AM net.sf.freecol.server.networking.Server sendToAll
INFO: Reap dead connection: [DummyConnection Server connection - model.nation.dutch]
May 16, 2018 12:12:57 AM net.sf.freecol.server.networking.Server sendToAll
INFO: Reap dead connection: [DummyConnection Server connection - model.nation.sioux]
May 16, 2018 12:12:57 AM net.sf.freecol.server.networking.Server sendToAll
INFO: Reap dead connection: [DummyConnection Server connection - model.nation.inca]
May 16, 2018 12:12:57 AM net.sf.freecol.server.networking.Server sendToAll
INFO: Reap dead connection: [DummyConnection Server connection - model.nation.cherokee]
May 16, 2018 12:12:57 AM net.sf.freecol.server.networking.Server sendToAll
INFO: Reap dead connection: [DummyConnection Server connection - model.nation.iroquois]
May 16, 2018 12:12:57 AM net.sf.freecol.server.networking.Server sendToAll
INFO: Reap dead connection: [DummyConnection Server connection - model.nation.apache]
May 16, 2018 12:12:57 AM net.sf.freecol.server.networking.Server sendToAll
INFO: Reap dead connection: [DummyConnection Server connection - model.nation.french]
May 16, 2018 12:12:57 AM net.sf.freecol.server.networking.Server sendToAll
INFO: Reap dead connection: [DummyConnection Server connection - model.nation.tupi]
May 16, 2018 12:12:57 AM net.sf.freecol.server.networking.Server sendToAll
INFO: Reap dead connection: [DummyConnection Server connection - model.nation.arawak]
May 16, 2018 12:12:57 AM net.sf.freecol.server.networking.Server sendToAll
INFO: Reap dead connection: [DummyConnection Server connection - model.nation.spanish]
May 16, 2018 12:12:57 AM net.sf.freecol.server.networking.Server sendToAll
INFO: Reap dead connection: [DummyConnection Server connection - model.nation.aztec]
May 16, 2018 12:12:57 AM net.sf.freecol.server.networking.Server sendToAll
INFO: Reap dead connection: [DummyConnection Server connection - model.nation.english]
May 16, 2018 12:12:57 AM net.sf.freecol.common.model.Specification applyDifficultyLevel
INFO: Applying difficulty level model.difficulty.medium
May 16, 2018 12:12:57 AM net.sf.freecol.common.FreeColSeed getFreeColSeed
INFO: Using seed: -3985687217360000518
May 16, 2018 12:12:57 AM net.sf.freecol.server.networking.Server sendToAll
INFO: Reap dead connection: [DummyConnection Server connection - model.nation.english]
May 16, 2018 12:12:57 AM net.sf.freecol.server.networking.Server sendToAll
INFO: Reap dead connection: [DummyConnection Server connection - model.nation.spanish]
May 16, 2018 12:12:57 AM net.sf.freecol.server.networking.Server sendToAll
INFO: Reap dead connection: [DummyConnection Server connection - model.nation.tupi]
May 16, 2018 12:12:57 AM net.sf.freecol.server.networking.Server sendToAll
INFO: Reap dead connection: [DummyConnection Server connection - model.nation.apache]
May 16, 2018 12:12:57 AM net.sf.freecol.server.networking.Server sendToAll
INFO: Reap dead connection: [DummyConnection Server connection - model.nation.dutch]
May 16, 2018 12:12:57 AM net.sf.freecol.server.networking.Server sendToAll
INFO: Reap dead connection: [DummyConnection Server connection - model.nation.french]
May 16, 2018 12:12:57 AM net.sf.freecol.server.networking.Server sendToAll
INFO: Reap dead connection: [DummyConnection Server connection - model.nation.arawak]
May 16, 2018 12:12:57 AM net.sf.freecol.server.networking.Server sendToAll
INFO: Reap dead connection: [DummyConnection Server connection - model.nation.iroquois]
May 16, 2018 12:12:57 AM net.sf.freecol.server.networking.Server sendToAll
INFO: Reap dead connection: [DummyConnection Server connection - model.nation.inca]
May 16, 2018 12:12:57 AM net.sf.freecol.server.networking.Server sendToAll
INFO: Reap dead connection: [DummyConnection Server connection - model.nation.cherokee]
May 16, 2018 12:12:57 AM net.sf.freecol.server.networking.Server sendToAll
INFO: Reap dead connection: [DummyConnection Server connection - model.nation.aztec]
May 16, 2018 12:12:57 AM net.sf.freecol.server.networking.Server sendToAll
INFO: Reap dead connection: [DummyConnection Server connection - model.nation.sioux]
May 16, 2018 12:12:57 AM net.sf.freecol.common.model.FreeColObject getIdNumber
WARNING: Exception formatting ID number.
java.lang.NumberFormatException: For input string: "am2"
	at java.lang.NumberFormatException.forInputString(Unknown Source)
	at java.lang.Integer.parseInt(Unknown Source)
	at java.lang.Integer.parseInt(Unknown Source)
	at net.sf.freecol.common.model.FreeColObject.getIdNumber(FreeColObject.java:203)
	at net.sf.freecol.common.model.FreeColObject.compareIds(FreeColObject.java:233)
	at net.sf.freecol.common.model.FreeColObject.compareTo(FreeColObject.java:246)
	at net.sf.freecol.server.ai.ValuedAIObject.compareTo(ValuedAIObject.java:126)
	at net.sf.freecol.server.ai.ValuedAIObject.compareTo(ValuedAIObject.java:37)
	at java.util.ComparableTimSort.countRunAndMakeAscending(Unknown Source)
	at java.util.ComparableTimSort.sort(Unknown Source)
	at java.util.Arrays.sort(Unknown Source)
	at java.util.Arrays.sort(Unknown Source)
	at java.util.ArrayList.sort(Unknown Source)
	at java.util.Collections.sort(Unknown Source)
	at net.sf.freecol.server.ai.AIColony.updateTileImprovementPlans(AIColony.java:1406)
	at net.sf.freecol.server.ai.mission.PioneeringMissionTest.testImprovementNoLongerValid(PioneeringMissionTest.java:84)
	at sun.reflect.NativeMethodAccessorImpl.invoke0(Native Method)
	at sun.reflect.NativeMethodAccessorImpl.invoke(Unknown Source)
	at sun.reflect.DelegatingMethodAccessorImpl.invoke(Unknown Source)
	at java.lang.reflect.Method.invoke(Unknown Source)
	at junit.framework.TestCase.runTest(TestCase.java:176)
	at junit.framework.TestCase.runBare(TestCase.java:141)
	at junit.framework.TestResult$1.protect(TestResult.java:122)
	at junit.framework.TestResult.runProtected(TestResult.java:142)
	at junit.framework.TestResult.run(TestResult.java:125)
	at junit.framework.TestCase.run(TestCase.java:129)
	at junit.framework.TestSuite.runTest(TestSuite.java:255)
	at junit.framework.TestSuite.run(TestSuite.java:250)
	at junit.framework.TestSuite.runTest(TestSuite.java:255)
	at junit.framework.TestSuite.run(TestSuite.java:250)
	at junit.framework.TestSuite.runTest(TestSuite.java:255)
	at junit.framework.TestSuite.run(TestSuite.java:250)
	at junit.framework.TestSuite.runTest(TestSuite.java:255)
	at junit.framework.TestSuite.run(TestSuite.java:250)
	at junit.framework.TestSuite.runTest(TestSuite.java:255)
	at junit.framework.TestSuite.run(TestSuite.java:250)
	at junit.extensions.TestDecorator.basicRun(TestDecorator.java:23)
	at junit.extensions.TestSetup$1.protect(TestSetup.java:23)
	at junit.framework.TestResult.runProtected(TestResult.java:142)
	at junit.extensions.TestSetup.run(TestSetup.java:27)
	at org.apache.tools.ant.taskdefs.optional.junit.JUnitTestRunner.run(JUnitTestRunner.java:535)
	at org.apache.tools.ant.taskdefs.optional.junit.JUnitTestRunner.launch(JUnitTestRunner.java:1182)
	at org.apache.tools.ant.taskdefs.optional.junit.JUnitTestRunner.main(JUnitTestRunner.java:1033)

May 16, 2018 12:12:57 AM net.sf.freecol.common.model.FreeColObject getIdNumber
WARNING: Exception formatting ID number.
java.lang.NumberFormatException: For input string: "am1"
	at java.lang.NumberFormatException.forInputString(Unknown Source)
	at java.lang.Integer.parseInt(Unknown Source)
	at java.lang.Integer.parseInt(Unknown Source)
	at net.sf.freecol.common.model.FreeColObject.getIdNumber(FreeColObject.java:203)
	at net.sf.freecol.common.model.FreeColObject.compareIds(FreeColObject.java:233)
	at net.sf.freecol.common.model.FreeColObject.compareTo(FreeColObject.java:246)
	at net.sf.freecol.server.ai.ValuedAIObject.compareTo(ValuedAIObject.java:126)
	at net.sf.freecol.server.ai.ValuedAIObject.compareTo(ValuedAIObject.java:37)
	at java.util.ComparableTimSort.countRunAndMakeAscending(Unknown Source)
	at java.util.ComparableTimSort.sort(Unknown Source)
	at java.util.Arrays.sort(Unknown Source)
	at java.util.Arrays.sort(Unknown Source)
	at java.util.ArrayList.sort(Unknown Source)
	at java.util.Collections.sort(Unknown Source)
	at net.sf.freecol.server.ai.AIColony.updateTileImprovementPlans(AIColony.java:1406)
	at net.sf.freecol.server.ai.mission.PioneeringMissionTest.testImprovementNoLongerValid(PioneeringMissionTest.java:84)
	at sun.reflect.NativeMethodAccessorImpl.invoke0(Native Method)
	at sun.reflect.NativeMethodAccessorImpl.invoke(Unknown Source)
	at sun.reflect.DelegatingMethodAccessorImpl.invoke(Unknown Source)
	at java.lang.reflect.Method.invoke(Unknown Source)
	at junit.framework.TestCase.runTest(TestCase.java:176)
	at junit.framework.TestCase.runBare(TestCase.java:141)
	at junit.framework.TestResult$1.protect(TestResult.java:122)
	at junit.framework.TestResult.runProtected(TestResult.java:142)
	at junit.framework.TestResult.run(TestResult.java:125)
	at junit.framework.TestCase.run(TestCase.java:129)
	at junit.framework.TestSuite.runTest(TestSuite.java:255)
	at junit.framework.TestSuite.run(TestSuite.java:250)
	at junit.framework.TestSuite.runTest(TestSuite.java:255)
	at junit.framework.TestSuite.run(TestSuite.java:250)
	at junit.framework.TestSuite.runTest(TestSuite.java:255)
	at junit.framework.TestSuite.run(TestSuite.java:250)
	at junit.framework.TestSuite.runTest(TestSuite.java:255)
	at junit.framework.TestSuite.run(TestSuite.java:250)
	at junit.framework.TestSuite.runTest(TestSuite.java:255)
	at junit.framework.TestSuite.run(TestSuite.java:250)
	at junit.extensions.TestDecorator.basicRun(TestDecorator.java:23)
	at junit.extensions.TestSetup$1.protect(TestSetup.java:23)
	at junit.framework.TestResult.runProtected(TestResult.java:142)
	at junit.extensions.TestSetup.run(TestSetup.java:27)
	at org.apache.tools.ant.taskdefs.optional.junit.JUnitTestRunner.run(JUnitTestRunner.java:535)
	at org.apache.tools.ant.taskdefs.optional.junit.JUnitTestRunner.launch(JUnitTestRunner.java:1182)
	at org.apache.tools.ant.taskdefs.optional.junit.JUnitTestRunner.main(JUnitTestRunner.java:1033)

May 16, 2018 12:12:57 AM net.sf.freecol.common.model.Specification applyDifficultyLevel
INFO: Applying difficulty level model.difficulty.medium
May 16, 2018 12:12:57 AM net.sf.freecol.common.FreeColSeed getFreeColSeed
INFO: Using seed: 6868923816101205721
May 16, 2018 12:12:58 AM net.sf.freecol.server.networking.Server sendToAll
INFO: Reap dead connection: [DummyConnection Server connection - model.nation.french]
May 16, 2018 12:12:58 AM net.sf.freecol.server.networking.Server sendToAll
INFO: Reap dead connection: [DummyConnection Server connection - model.nation.sioux]
May 16, 2018 12:12:58 AM net.sf.freecol.server.networking.Server sendToAll
INFO: Reap dead connection: [DummyConnection Server connection - model.nation.spanish]
May 16, 2018 12:12:58 AM net.sf.freecol.server.networking.Server sendToAll
INFO: Reap dead connection: [DummyConnection Server connection - model.nation.english]
May 16, 2018 12:12:58 AM net.sf.freecol.server.networking.Server sendToAll
INFO: Reap dead connection: [DummyConnection Server connection - model.nation.aztec]
May 16, 2018 12:12:58 AM net.sf.freecol.server.networking.Server sendToAll
INFO: Reap dead connection: [DummyConnection Server connection - model.nation.iroquois]
May 16, 2018 12:12:58 AM net.sf.freecol.server.networking.Server sendToAll
INFO: Reap dead connection: [DummyConnection Server connection - model.nation.tupi]
May 16, 2018 12:12:58 AM net.sf.freecol.server.networking.Server sendToAll
INFO: Reap dead connection: [DummyConnection Server connection - model.nation.apache]
May 16, 2018 12:12:58 AM net.sf.freecol.server.networking.Server sendToAll
INFO: Reap dead connection: [DummyConnection Server connection - model.nation.inca]
May 16, 2018 12:12:58 AM net.sf.freecol.server.networking.Server sendToAll
INFO: Reap dead connection: [DummyConnection Server connection - model.nation.arawak]
May 16, 2018 12:12:58 AM net.sf.freecol.server.networking.Server sendToAll
INFO: Reap dead connection: [DummyConnection Server connection - model.nation.dutch]
May 16, 2018 12:12:58 AM net.sf.freecol.server.networking.Server sendToAll
INFO: Reap dead connection: [DummyConnection Server connection - model.nation.cherokee]
May 16, 2018 12:12:58 AM net.sf.freecol.common.model.Specification applyDifficultyLevel
INFO: Applying difficulty level model.difficulty.medium
May 16, 2018 12:12:58 AM net.sf.freecol.common.FreeColSeed getFreeColSeed
INFO: Using seed: 3443721286204332968
May 16, 2018 12:12:58 AM net.sf.freecol.server.networking.Server sendToAll
INFO: Reap dead connection: [DummyConnection Server connection - model.nation.iroquois]
May 16, 2018 12:12:58 AM net.sf.freecol.server.networking.Server sendToAll
INFO: Reap dead connection: [DummyConnection Server connection - model.nation.english]
May 16, 2018 12:12:58 AM net.sf.freecol.server.networking.Server sendToAll
INFO: Reap dead connection: [DummyConnection Server connection - model.nation.cherokee]
May 16, 2018 12:12:58 AM net.sf.freecol.server.networking.Server sendToAll
INFO: Reap dead connection: [DummyConnection Server connection - model.nation.sioux]
May 16, 2018 12:12:58 AM net.sf.freecol.server.networking.Server sendToAll
INFO: Reap dead connection: [DummyConnection Server connection - model.nation.aztec]
May 16, 2018 12:12:58 AM net.sf.freecol.server.networking.Server sendToAll
INFO: Reap dead connection: [DummyConnection Server connection - model.nation.spanish]
May 16, 2018 12:12:58 AM net.sf.freecol.server.networking.Server sendToAll
INFO: Reap dead connection: [DummyConnection Server connection - model.nation.tupi]
May 16, 2018 12:12:58 AM net.sf.freecol.server.networking.Server sendToAll
INFO: Reap dead connection: [DummyConnection Server connection - model.nation.arawak]
May 16, 2018 12:12:58 AM net.sf.freecol.server.networking.Server sendToAll
INFO: Reap dead connection: [DummyConnection Server connection - model.nation.inca]
May 16, 2018 12:12:58 AM net.sf.freecol.server.networking.Server sendToAll
INFO: Reap dead connection: [DummyConnection Server connection - model.nation.apache]
May 16, 2018 12:12:58 AM net.sf.freecol.server.networking.Server sendToAll
INFO: Reap dead connection: [DummyConnection Server connection - model.nation.french]
May 16, 2018 12:12:58 AM net.sf.freecol.server.networking.Server sendToAll
INFO: Reap dead connection: [DummyConnection Server connection - model.nation.dutch]
May 16, 2018 12:12:58 AM net.sf.freecol.common.model.Specification applyDifficultyLevel
INFO: Applying difficulty level model.difficulty.medium
May 16, 2018 12:12:58 AM net.sf.freecol.common.FreeColSeed getFreeColSeed
INFO: Using seed: 3961032434391538032
May 16, 2018 12:12:58 AM net.sf.freecol.server.networking.Server sendToAll
INFO: Reap dead connection: [DummyConnection Server connection - model.nation.arawak]
May 16, 2018 12:12:58 AM net.sf.freecol.server.networking.Server sendToAll
INFO: Reap dead connection: [DummyConnection Server connection - model.nation.aztec]
May 16, 2018 12:12:58 AM net.sf.freecol.server.networking.Server sendToAll
INFO: Reap dead connection: [DummyConnection Server connection - model.nation.dutch]
May 16, 2018 12:12:58 AM net.sf.freecol.server.networking.Server sendToAll
INFO: Reap dead connection: [DummyConnection Server connection - model.nation.french]
May 16, 2018 12:12:58 AM net.sf.freecol.server.networking.Server sendToAll
INFO: Reap dead connection: [DummyConnection Server connection - model.nation.english]
May 16, 2018 12:12:58 AM net.sf.freecol.server.networking.Server sendToAll
INFO: Reap dead connection: [DummyConnection Server connection - model.nation.spanish]
May 16, 2018 12:12:58 AM net.sf.freecol.server.networking.Server sendToAll
INFO: Reap dead connection: [DummyConnection Server connection - model.nation.inca]
May 16, 2018 12:12:58 AM net.sf.freecol.server.networking.Server sendToAll
INFO: Reap dead connection: [DummyConnection Server connection - model.nation.iroquois]
May 16, 2018 12:12:58 AM net.sf.freecol.server.networking.Server sendToAll
INFO: Reap dead connection: [DummyConnection Server connection - model.nation.tupi]
May 16, 2018 12:12:58 AM net.sf.freecol.server.networking.Server sendToAll
INFO: Reap dead connection: [DummyConnection Server connection - model.nation.sioux]
May 16, 2018 12:12:58 AM net.sf.freecol.server.networking.Server sendToAll
INFO: Reap dead connection: [DummyConnection Server connection - model.nation.cherokee]
May 16, 2018 12:12:58 AM net.sf.freecol.server.networking.Server sendToAll
INFO: Reap dead connection: [DummyConnection Server connection - model.nation.apache]
May 16, 2018 12:12:58 AM net.sf.freecol.common.model.Specification applyDifficultyLevel
INFO: Applying difficulty level model.difficulty.medium
May 16, 2018 12:12:58 AM net.sf.freecol.common.FreeColSeed getFreeColSeed
INFO: Using seed: -7573744685716632341
May 16, 2018 12:12:58 AM net.sf.freecol.server.networking.Server sendToAll
INFO: Reap dead connection: [DummyConnection Server connection - model.nation.french]
May 16, 2018 12:12:58 AM net.sf.freecol.server.networking.Server sendToAll
INFO: Reap dead connection: [DummyConnection Server connection - model.nation.arawak]
May 16, 2018 12:12:58 AM net.sf.freecol.server.networking.Server sendToAll
INFO: Reap dead connection: [DummyConnection Server connection - model.nation.apache]
May 16, 2018 12:12:58 AM net.sf.freecol.server.networking.Server sendToAll
INFO: Reap dead connection: [DummyConnection Server connection - model.nation.spanish]
May 16, 2018 12:12:58 AM net.sf.freecol.server.networking.Server sendToAll
INFO: Reap dead connection: [DummyConnection Server connection - model.nation.tupi]
May 16, 2018 12:12:58 AM net.sf.freecol.server.networking.Server sendToAll
INFO: Reap dead connection: [DummyConnection Server connection - model.nation.sioux]
May 16, 2018 12:12:58 AM net.sf.freecol.server.networking.Server sendToAll
INFO: Reap dead connection: [DummyConnection Server connection - model.nation.dutch]
May 16, 2018 12:12:58 AM net.sf.freecol.server.networking.Server sendToAll
INFO: Reap dead connection: [DummyConnection Server connection - model.nation.english]
May 16, 2018 12:12:58 AM net.sf.freecol.server.networking.Server sendToAll
INFO: Reap dead connection: [DummyConnection Server connection - model.nation.iroquois]
May 16, 2018 12:12:58 AM net.sf.freecol.server.networking.Server sendToAll
INFO: Reap dead connection: [DummyConnection Server connection - model.nation.inca]
May 16, 2018 12:12:58 AM net.sf.freecol.server.networking.Server sendToAll
INFO: Reap dead connection: [DummyConnection Server connection - model.nation.aztec]
May 16, 2018 12:12:58 AM net.sf.freecol.server.networking.Server sendToAll
INFO: Reap dead connection: [DummyConnection Server connection - model.nation.cherokee]
May 16, 2018 12:12:58 AM net.sf.freecol.common.model.Specification applyDifficultyLevel
INFO: Applying difficulty level model.difficulty.medium
May 16, 2018 12:12:58 AM net.sf.freecol.common.FreeColSeed getFreeColSeed
INFO: Using seed: -5553685383696203616
May 16, 2018 12:12:58 AM net.sf.freecol.server.networking.Server sendToAll
INFO: Reap dead connection: [DummyConnection Server connection - model.nation.french]
May 16, 2018 12:12:58 AM net.sf.freecol.server.networking.Server sendToAll
INFO: Reap dead connection: [DummyConnection Server connection - model.nation.spanish]
May 16, 2018 12:12:58 AM net.sf.freecol.server.networking.Server sendToAll
INFO: Reap dead connection: [DummyConnection Server connection - model.nation.apache]
May 16, 2018 12:12:58 AM net.sf.freecol.server.networking.Server sendToAll
INFO: Reap dead connection: [DummyConnection Server connection - model.nation.inca]
May 16, 2018 12:12:58 AM net.sf.freecol.server.networking.Server sendToAll
INFO: Reap dead connection: [DummyConnection Server connection - model.nation.sioux]
May 16, 2018 12:12:58 AM net.sf.freecol.server.networking.Server sendToAll
INFO: Reap dead connection: [DummyConnection Server connection - model.nation.english]
May 16, 2018 12:12:58 AM net.sf.freecol.server.networking.Server sendToAll
INFO: Reap dead connection: [DummyConnection Server connection - model.nation.aztec]
May 16, 2018 12:12:58 AM net.sf.freecol.server.networking.Server sendToAll
INFO: Reap dead connection: [DummyConnection Server connection - model.nation.dutch]
May 16, 2018 12:12:58 AM net.sf.freecol.server.networking.Server sendToAll
INFO: Reap dead connection: [DummyConnection Server connection - model.nation.arawak]
May 16, 2018 12:12:58 AM net.sf.freecol.server.networking.Server sendToAll
INFO: Reap dead connection: [DummyConnection Server connection - model.nation.tupi]
May 16, 2018 12:12:58 AM net.sf.freecol.server.networking.Server sendToAll
INFO: Reap dead connection: [DummyConnection Server connection - model.nation.iroquois]
May 16, 2018 12:12:58 AM net.sf.freecol.server.networking.Server sendToAll
INFO: Reap dead connection: [DummyConnection Server connection - model.nation.cherokee]
May 16, 2018 12:12:59 AM net.sf.freecol.common.networking.DOMMessage clientError
WARNING: Received message: move out of turn from player: model.nation.dutch
May 16, 2018 12:12:59 AM net.sf.freecol.server.ai.AIMessage checkError
WARNING: AIMessage.move error, messageId: server.reject message: Received message: move out of turn from player: model.nation.dutch
May 16, 2018 12:12:59 AM net.sf.freecol.common.model.Specification applyDifficultyLevel
INFO: Applying difficulty level model.difficulty.medium
May 16, 2018 12:12:59 AM net.sf.freecol.common.FreeColSeed getFreeColSeed
INFO: Using seed: 824183009390414200
May 16, 2018 12:12:59 AM net.sf.freecol.server.networking.Server sendToAll
INFO: Reap dead connection: [DummyConnection Server connection - model.nation.french]
May 16, 2018 12:12:59 AM net.sf.freecol.server.networking.Server sendToAll
INFO: Reap dead connection: [DummyConnection Server connection - model.nation.cherokee]
May 16, 2018 12:12:59 AM net.sf.freecol.server.networking.Server sendToAll
INFO: Reap dead connection: [DummyConnection Server connection - model.nation.tupi]
May 16, 2018 12:12:59 AM net.sf.freecol.server.networking.Server sendToAll
INFO: Reap dead connection: [DummyConnection Server connection - model.nation.english]
May 16, 2018 12:12:59 AM net.sf.freecol.server.networking.Server sendToAll
INFO: Reap dead connection: [DummyConnection Server connection - model.nation.aztec]
May 16, 2018 12:12:59 AM net.sf.freecol.server.networking.Server sendToAll
INFO: Reap dead connection: [DummyConnection Server connection - model.nation.dutch]
May 16, 2018 12:12:59 AM net.sf.freecol.server.networking.Server sendToAll
INFO: Reap dead connection: [DummyConnection Server connection - model.nation.sioux]
May 16, 2018 12:12:59 AM net.sf.freecol.server.networking.Server sendToAll
INFO: Reap dead connection: [DummyConnection Server connection - model.nation.apache]
May 16, 2018 12:12:59 AM net.sf.freecol.server.networking.Server sendToAll
INFO: Reap dead connection: [DummyConnection Server connection - model.nation.iroquois]
May 16, 2018 12:12:59 AM net.sf.freecol.server.networking.Server sendToAll
INFO: Reap dead connection: [DummyConnection Server connection - model.nation.spanish]
May 16, 2018 12:12:59 AM net.sf.freecol.server.networking.Server sendToAll
INFO: Reap dead connection: [DummyConnection Server connection - model.nation.inca]
May 16, 2018 12:12:59 AM net.sf.freecol.server.networking.Server sendToAll
INFO: Reap dead connection: [DummyConnection Server connection - model.nation.arawak]
May 16, 2018 12:12:59 AM net.sf.freecol.common.networking.DOMMessage clientError
WARNING: Received message: move out of turn from player: model.nation.dutch
May 16, 2018 12:12:59 AM net.sf.freecol.server.ai.AIMessage checkError
WARNING: AIMessage.move error, messageId: server.reject message: Received message: move out of turn from player: model.nation.dutch
May 16, 2018 12:12:59 AM net.sf.freecol.common.model.Specification applyDifficultyLevel
INFO: Applying difficulty level model.difficulty.medium
May 16, 2018 12:12:59 AM net.sf.freecol.common.FreeColSeed getFreeColSeed
INFO: Using seed: -632688049915675814
May 16, 2018 12:12:59 AM net.sf.freecol.server.networking.Server sendToAll
INFO: Reap dead connection: [DummyConnection Server connection - model.nation.iroquois]
May 16, 2018 12:12:59 AM net.sf.freecol.server.networking.Server sendToAll
INFO: Reap dead connection: [DummyConnection Server connection - model.nation.cherokee]
May 16, 2018 12:12:59 AM net.sf.freecol.server.networking.Server sendToAll
INFO: Reap dead connection: [DummyConnection Server connection - model.nation.aztec]
May 16, 2018 12:12:59 AM net.sf.freecol.server.networking.Server sendToAll
INFO: Reap dead connection: [DummyConnection Server connection - model.nation.apache]
May 16, 2018 12:12:59 AM net.sf.freecol.server.networking.Server sendToAll
INFO: Reap dead connection: [DummyConnection Server connection - model.nation.arawak]
May 16, 2018 12:12:59 AM net.sf.freecol.server.networking.Server sendToAll
INFO: Reap dead connection: [DummyConnection Server connection - model.nation.english]
May 16, 2018 12:12:59 AM net.sf.freecol.server.networking.Server sendToAll
INFO: Reap dead connection: [DummyConnection Server connection - model.nation.spanish]
May 16, 2018 12:12:59 AM net.sf.freecol.server.networking.Server sendToAll
INFO: Reap dead connection: [DummyConnection Server connection - model.nation.french]
May 16, 2018 12:12:59 AM net.sf.freecol.server.networking.Server sendToAll
INFO: Reap dead connection: [DummyConnection Server connection - model.nation.sioux]
May 16, 2018 12:12:59 AM net.sf.freecol.server.networking.Server sendToAll
INFO: Reap dead connection: [DummyConnection Server connection - model.nation.dutch]
May 16, 2018 12:12:59 AM net.sf.freecol.server.networking.Server sendToAll
INFO: Reap dead connection: [DummyConnection Server connection - model.nation.tupi]
May 16, 2018 12:12:59 AM net.sf.freecol.server.networking.Server sendToAll
INFO: Reap dead connection: [DummyConnection Server connection - model.nation.inca]
May 16, 2018 12:12:59 AM net.sf.freecol.common.networking.DOMMessage clientError
WARNING: Received message: move out of turn from player: model.nation.dutch
May 16, 2018 12:12:59 AM net.sf.freecol.server.ai.AIMessage checkError
WARNING: AIMessage.move error, messageId: server.reject message: Received message: move out of turn from player: model.nation.dutch
May 16, 2018 12:12:59 AM net.sf.freecol.common.model.Specification applyDifficultyLevel
INFO: Applying difficulty level model.difficulty.medium
May 16, 2018 12:12:59 AM net.sf.freecol.common.FreeColSeed getFreeColSeed
INFO: Using seed: 451942489864374392
May 16, 2018 12:12:59 AM net.sf.freecol.server.networking.Server sendToAll
INFO: Reap dead connection: [DummyConnection Server connection - model.nation.french]
May 16, 2018 12:12:59 AM net.sf.freecol.server.networking.Server sendToAll
INFO: Reap dead connection: [DummyConnection Server connection - model.nation.dutch]
May 16, 2018 12:12:59 AM net.sf.freecol.server.networking.Server sendToAll
INFO: Reap dead connection: [DummyConnection Server connection - model.nation.apache]
May 16, 2018 12:12:59 AM net.sf.freecol.server.networking.Server sendToAll
INFO: Reap dead connection: [DummyConnection Server connection - model.nation.spanish]
May 16, 2018 12:12:59 AM net.sf.freecol.server.networking.Server sendToAll
INFO: Reap dead connection: [DummyConnection Server connection - model.nation.english]
May 16, 2018 12:12:59 AM net.sf.freecol.server.networking.Server sendToAll
INFO: Reap dead connection: [DummyConnection Server connection - model.nation.sioux]
May 16, 2018 12:12:59 AM net.sf.freecol.server.networking.Server sendToAll
INFO: Reap dead connection: [DummyConnection Server connection - model.nation.aztec]
May 16, 2018 12:12:59 AM net.sf.freecol.server.networking.Server sendToAll
INFO: Reap dead connection: [DummyConnection Server connection - model.nation.arawak]
May 16, 2018 12:12:59 AM net.sf.freecol.server.networking.Server sendToAll
INFO: Reap dead connection: [DummyConnection Server connection - model.nation.cherokee]
May 16, 2018 12:12:59 AM net.sf.freecol.server.networking.Server sendToAll
INFO: Reap dead connection: [DummyConnection Server connection - model.nation.tupi]
May 16, 2018 12:12:59 AM net.sf.freecol.server.networking.Server sendToAll
INFO: Reap dead connection: [DummyConnection Server connection - model.nation.iroquois]
May 16, 2018 12:12:59 AM net.sf.freecol.server.networking.Server sendToAll
INFO: Reap dead connection: [DummyConnection Server connection - model.nation.inca]
May 16, 2018 12:12:59 AM net.sf.freecol.common.util.LogBuilder log
INFO: Combat attacker=unit:250-privateer [Modifier model.modifier.offence (model.source.baseOffence) ADDITIVE 8.0 index=10] [Modifier model.modifier.attackBonus (model.source.attackBonus) PERCENTAGE 50.0 index=50] = 12.0 defender=unit:247-galleon [Modifier model.modifier.defence (model.source.baseDefence) ADDITIVE 10.0 index=10] = 10.0 odds=0.5454545454545454 random(1.0)=0.5254545211791992 great=false Attack WIN DAMAGE_SHIP_ATTACK
May 16, 2018 12:12:59 AM net.sf.freecol.common.util.LogBuilder log
INFO: Destroying: unit:249
May 16, 2018 12:12:59 AM net.sf.freecol.common.model.Specification applyDifficultyLevel
INFO: Applying difficulty level model.difficulty.medium
May 16, 2018 12:12:59 AM net.sf.freecol.common.FreeColSeed getFreeColSeed
INFO: Using seed: -7010441615850728017
May 16, 2018 12:12:59 AM net.sf.freecol.server.networking.Server sendToAll
INFO: Reap dead connection: [DummyConnection Server connection - model.nation.cherokee]
May 16, 2018 12:12:59 AM net.sf.freecol.server.networking.Server sendToAll
INFO: Reap dead connection: [DummyConnection Server connection - model.nation.apache]
May 16, 2018 12:12:59 AM net.sf.freecol.server.networking.Server sendToAll
INFO: Reap dead connection: [DummyConnection Server connection - model.nation.aztec]
May 16, 2018 12:12:59 AM net.sf.freecol.server.networking.Server sendToAll
INFO: Reap dead connection: [DummyConnection Server connection - model.nation.english]
May 16, 2018 12:12:59 AM net.sf.freecol.server.networking.Server sendToAll
INFO: Reap dead connection: [DummyConnection Server connection - model.nation.sioux]
May 16, 2018 12:12:59 AM net.sf.freecol.server.networking.Server sendToAll
INFO: Reap dead connection: [DummyConnection Server connection - model.nation.french]
May 16, 2018 12:12:59 AM net.sf.freecol.server.networking.Server sendToAll
INFO: Reap dead connection: [DummyConnection Server connection - model.nation.tupi]
May 16, 2018 12:12:59 AM net.sf.freecol.server.networking.Server sendToAll
INFO: Reap dead connection: [DummyConnection Server connection - model.nation.inca]
May 16, 2018 12:12:59 AM net.sf.freecol.server.networking.Server sendToAll
INFO: Reap dead connection: [DummyConnection Server connection - model.nation.spanish]
May 16, 2018 12:12:59 AM net.sf.freecol.server.networking.Server sendToAll
INFO: Reap dead connection: [DummyConnection Server connection - model.nation.arawak]
May 16, 2018 12:12:59 AM net.sf.freecol.server.networking.Server sendToAll
INFO: Reap dead connection: [DummyConnection Server connection - model.nation.iroquois]
May 16, 2018 12:12:59 AM net.sf.freecol.server.networking.Server sendToAll
INFO: Reap dead connection: [DummyConnection Server connection - model.nation.dutch]
May 16, 2018 12:12:59 AM net.sf.freecol.common.model.Specification applyDifficultyLevel
INFO: Applying difficulty level model.difficulty.medium
May 16, 2018 12:12:59 AM net.sf.freecol.common.FreeColSeed getFreeColSeed
INFO: Using seed: 143508266508067692
May 16, 2018 12:13:00 AM net.sf.freecol.server.networking.Server sendToAll
INFO: Reap dead connection: [DummyConnection Server connection - model.nation.sioux]
May 16, 2018 12:13:00 AM net.sf.freecol.server.networking.Server sendToAll
INFO: Reap dead connection: [DummyConnection Server connection - model.nation.arawak]
May 16, 2018 12:13:00 AM net.sf.freecol.server.networking.Server sendToAll
INFO: Reap dead connection: [DummyConnection Server connection - model.nation.dutch]
May 16, 2018 12:13:00 AM net.sf.freecol.server.networking.Server sendToAll
INFO: Reap dead connection: [DummyConnection Server connection - model.nation.french]
May 16, 2018 12:13:00 AM net.sf.freecol.server.networking.Server sendToAll
INFO: Reap dead connection: [DummyConnection Server connection - model.nation.tupi]
May 16, 2018 12:13:00 AM net.sf.freecol.server.networking.Server sendToAll
INFO: Reap dead connection: [DummyConnection Server connection - model.nation.spanish]
May 16, 2018 12:13:00 AM net.sf.freecol.server.networking.Server sendToAll
INFO: Reap dead connection: [DummyConnection Server connection - model.nation.cherokee]
May 16, 2018 12:13:00 AM net.sf.freecol.server.networking.Server sendToAll
INFO: Reap dead connection: [DummyConnection Server connection - model.nation.english]
May 16, 2018 12:13:00 AM net.sf.freecol.server.networking.Server sendToAll
INFO: Reap dead connection: [DummyConnection Server connection - model.nation.aztec]
May 16, 2018 12:13:00 AM net.sf.freecol.server.networking.Server sendToAll
INFO: Reap dead connection: [DummyConnection Server connection - model.nation.apache]
May 16, 2018 12:13:00 AM net.sf.freecol.server.networking.Server sendToAll
INFO: Reap dead connection: [DummyConnection Server connection - model.nation.iroquois]
May 16, 2018 12:13:00 AM net.sf.freecol.server.networking.Server sendToAll
INFO: Reap dead connection: [DummyConnection Server connection - model.nation.inca]
May 16, 2018 12:13:00 AM net.sf.freecol.common.model.Specification applyDifficultyLevel
INFO: Applying difficulty level model.difficulty.medium
May 16, 2018 12:13:00 AM net.sf.freecol.common.FreeColSeed getFreeColSeed
INFO: Using seed: -9222056475039916471
May 16, 2018 12:13:00 AM net.sf.freecol.server.networking.Server sendToAll
INFO: Reap dead connection: [DummyConnection Server connection - model.nation.dutch]
May 16, 2018 12:13:00 AM net.sf.freecol.server.networking.Server sendToAll
INFO: Reap dead connection: [DummyConnection Server connection - model.nation.sioux]
May 16, 2018 12:13:00 AM net.sf.freecol.server.networking.Server sendToAll
INFO: Reap dead connection: [DummyConnection Server connection - model.nation.aztec]
May 16, 2018 12:13:00 AM net.sf.freecol.server.networking.Server sendToAll
INFO: Reap dead connection: [DummyConnection Server connection - model.nation.spanish]
May 16, 2018 12:13:00 AM net.sf.freecol.server.networking.Server sendToAll
INFO: Reap dead connection: [DummyConnection Server connection - model.nation.english]
May 16, 2018 12:13:00 AM net.sf.freecol.server.networking.Server sendToAll
INFO: Reap dead connection: [DummyConnection Server connection - model.nation.inca]
May 16, 2018 12:13:00 AM net.sf.freecol.server.networking.Server sendToAll
INFO: Reap dead connection: [DummyConnection Server connection - model.nation.cherokee]
May 16, 2018 12:13:00 AM net.sf.freecol.server.networking.Server sendToAll
INFO: Reap dead connection: [DummyConnection Server connection - model.nation.french]
May 16, 2018 12:13:00 AM net.sf.freecol.server.networking.Server sendToAll
INFO: Reap dead connection: [DummyConnection Server connection - model.nation.apache]
May 16, 2018 12:13:00 AM net.sf.freecol.server.networking.Server sendToAll
INFO: Reap dead connection: [DummyConnection Server connection - model.nation.iroquois]
May 16, 2018 12:13:00 AM net.sf.freecol.server.networking.Server sendToAll
INFO: Reap dead connection: [DummyConnection Server connection - model.nation.arawak]
May 16, 2018 12:13:00 AM net.sf.freecol.server.networking.Server sendToAll
INFO: Reap dead connection: [DummyConnection Server connection - model.nation.tupi]
May 16, 2018 12:13:00 AM net.sf.freecol.server.model.ServerPlayer csChangeStance
INFO: Stance modification William I PEACE -> WAR wrt Atahualpa
May 16, 2018 12:13:00 AM net.sf.freecol.server.model.ServerPlayer csChangeStance
INFO: Stance modification Atahualpa PEACE -> WAR wrt William I (symmetric)
May 16, 2018 12:13:00 AM net.sf.freecol.common.model.Specification applyDifficultyLevel
INFO: Applying difficulty level model.difficulty.medium
May 16, 2018 12:13:00 AM net.sf.freecol.common.FreeColSeed getFreeColSeed
INFO: Using seed: 3821877604130764645
May 16, 2018 12:13:00 AM net.sf.freecol.server.networking.Server sendToAll
INFO: Reap dead connection: [DummyConnection Server connection - model.nation.inca]
May 16, 2018 12:13:00 AM net.sf.freecol.server.networking.Server sendToAll
INFO: Reap dead connection: [DummyConnection Server connection - model.nation.english]
May 16, 2018 12:13:00 AM net.sf.freecol.server.networking.Server sendToAll
INFO: Reap dead connection: [DummyConnection Server connection - model.nation.iroquois]
May 16, 2018 12:13:00 AM net.sf.freecol.server.networking.Server sendToAll
INFO: Reap dead connection: [DummyConnection Server connection - model.nation.aztec]
May 16, 2018 12:13:00 AM net.sf.freecol.server.networking.Server sendToAll
INFO: Reap dead connection: [DummyConnection Server connection - model.nation.cherokee]
May 16, 2018 12:13:00 AM net.sf.freecol.server.networking.Server sendToAll
INFO: Reap dead connection: [DummyConnection Server connection - model.nation.arawak]
May 16, 2018 12:13:00 AM net.sf.freecol.server.networking.Server sendToAll
INFO: Reap dead connection: [DummyConnection Server connection - model.nation.spanish]
May 16, 2018 12:13:00 AM net.sf.freecol.server.networking.Server sendToAll
INFO: Reap dead connection: [DummyConnection Server connection - model.nation.french]
May 16, 2018 12:13:00 AM net.sf.freecol.server.networking.Server sendToAll
INFO: Reap dead connection: [DummyConnection Server connection - model.nation.sioux]
May 16, 2018 12:13:00 AM net.sf.freecol.server.networking.Server sendToAll
INFO: Reap dead connection: [DummyConnection Server connection - model.nation.tupi]
May 16, 2018 12:13:00 AM net.sf.freecol.server.networking.Server sendToAll
INFO: Reap dead connection: [DummyConnection Server connection - model.nation.dutch]
May 16, 2018 12:13:00 AM net.sf.freecol.server.networking.Server sendToAll
INFO: Reap dead connection: [DummyConnection Server connection - model.nation.apache]
May 16, 2018 12:13:00 AM net.sf.freecol.server.model.ServerPlayer csChangeStance
INFO: Stance modification William I UNCONTACTED -> WAR wrt Louis XIV
May 16, 2018 12:13:00 AM net.sf.freecol.server.model.ServerPlayer csChangeStance
INFO: Stance modification Louis XIV UNCONTACTED -> WAR wrt William I (symmetric)
May 16, 2018 12:13:00 AM net.sf.freecol.common.util.LogBuilder log
INFO: Combat attacker=unit:247-artillery [Modifier model.modifier.offence (model.source.baseOffence) ADDITIVE 7.0 index=10] [Modifier model.modifier.artilleryInTheOpen (model.source.artilleryInTheOpen) PERCENTAGE -75.0 index=50] [Modifier model.modifier.attackBonus (model.source.attackBonus) PERCENTAGE 50.0 index=50] = 2.625 defender=unit:248-freeColonist-soldier [Modifier model.modifier.defence (model.source.baseDefence) ADDITIVE 1.0 index=10] [Modifier model.modifier.defence (model.role.soldier) ADDITIVE 1.0 index=30] = 2.0 odds=0.5675675675675675 random(1.0)=0.5875675678253174 great=false Attack LOSE DEMOTE_UNIT
May 16, 2018 12:13:00 AM net.sf.freecol.common.util.LogBuilder log
INFO: Combat attacker=unit:247-damagedArtillery [Modifier model.modifier.offence (model.source.baseOffence) ADDITIVE 5.0 index=10] [Modifier model.modifier.artilleryInTheOpen (model.source.artilleryInTheOpen) PERCENTAGE -75.0 index=50] [Modifier model.modifier.attackBonus (model.source.attackBonus) PERCENTAGE 50.0 index=50] = 1.875 defender=unit:248-freeColonist-soldier [Modifier model.modifier.defence (model.source.baseDefence) ADDITIVE 1.0 index=10] [Modifier model.modifier.defence (model.role.soldier) ADDITIVE 1.0 index=30] = 2.0 odds=0.4838709677419355 random(1.0)=0.503870964050293 great=false Attack LOSE SLAUGHTER_UNIT
May 16, 2018 12:13:00 AM net.sf.freecol.common.util.LogBuilder log
INFO: Destroying: unit:247
May 16, 2018 12:13:00 AM net.sf.freecol.common.model.Specification applyDifficultyLevel
INFO: Applying difficulty level model.difficulty.medium
May 16, 2018 12:13:00 AM net.sf.freecol.common.FreeColSeed getFreeColSeed
INFO: Using seed: 6653395937943408927
May 16, 2018 12:13:00 AM net.sf.freecol.server.networking.Server sendToAll
INFO: Reap dead connection: [DummyConnection Server connection - model.nation.inca]
May 16, 2018 12:13:00 AM net.sf.freecol.server.networking.Server sendToAll
INFO: Reap dead connection: [DummyConnection Server connection - model.nation.tupi]
May 16, 2018 12:13:00 AM net.sf.freecol.server.networking.Server sendToAll
INFO: Reap dead connection: [DummyConnection Server connection - model.nation.sioux]
May 16, 2018 12:13:00 AM net.sf.freecol.server.networking.Server sendToAll
INFO: Reap dead connection: [DummyConnection Server connection - model.nation.english]
May 16, 2018 12:13:00 AM net.sf.freecol.server.networking.Server sendToAll
INFO: Reap dead connection: [DummyConnection Server connection - model.nation.french]
May 16, 2018 12:13:00 AM net.sf.freecol.server.networking.Server sendToAll
INFO: Reap dead connection: [DummyConnection Server connection - model.nation.aztec]
May 16, 2018 12:13:00 AM net.sf.freecol.server.networking.Server sendToAll
INFO: Reap dead connection: [DummyConnection Server connection - model.nation.dutch]
May 16, 2018 12:13:00 AM net.sf.freecol.server.networking.Server sendToAll
INFO: Reap dead connection: [DummyConnection Server connection - model.nation.spanish]
May 16, 2018 12:13:00 AM net.sf.freecol.server.networking.Server sendToAll
INFO: Reap dead connection: [DummyConnection Server connection - model.nation.cherokee]
May 16, 2018 12:13:00 AM net.sf.freecol.server.networking.Server sendToAll
INFO: Reap dead connection: [DummyConnection Server connection - model.nation.iroquois]
May 16, 2018 12:13:00 AM net.sf.freecol.server.networking.Server sendToAll
INFO: Reap dead connection: [DummyConnection Server connection - model.nation.arawak]
May 16, 2018 12:13:00 AM net.sf.freecol.server.networking.Server sendToAll
INFO: Reap dead connection: [DummyConnection Server connection - model.nation.apache]
May 16, 2018 12:13:00 AM net.sf.freecol.server.model.ServerPlayer csChangeStance
INFO: Stance modification William I WAR -> PEACE wrt Louis XIV
May 16, 2018 12:13:00 AM net.sf.freecol.server.model.ServerPlayer csChangeStance
INFO: Stance modification Louis XIV WAR -> PEACE wrt William I (symmetric)
May 16, 2018 12:13:00 AM net.sf.freecol.common.model.Specification applyDifficultyLevel
INFO: Applying difficulty level model.difficulty.medium
May 16, 2018 12:13:00 AM net.sf.freecol.common.FreeColSeed getFreeColSeed
INFO: Using seed: 7271761156701832769
May 16, 2018 12:13:00 AM net.sf.freecol.server.networking.Server sendToAll
INFO: Reap dead connection: [DummyConnection Server connection - model.nation.tupi]
May 16, 2018 12:13:00 AM net.sf.freecol.server.networking.Server sendToAll
INFO: Reap dead connection: [DummyConnection Server connection - model.nation.cherokee]
May 16, 2018 12:13:00 AM net.sf.freecol.server.networking.Server sendToAll
INFO: Reap dead connection: [DummyConnection Server connection - model.nation.apache]
May 16, 2018 12:13:00 AM net.sf.freecol.server.networking.Server sendToAll
INFO: Reap dead connection: [DummyConnection Server connection - model.nation.french]
May 16, 2018 12:13:00 AM net.sf.freecol.server.networking.Server sendToAll
INFO: Reap dead connection: [DummyConnection Server connection - model.nation.aztec]
May 16, 2018 12:13:00 AM net.sf.freecol.server.networking.Server sendToAll
INFO: Reap dead connection: [DummyConnection Server connection - model.nation.arawak]
May 16, 2018 12:13:00 AM net.sf.freecol.server.networking.Server sendToAll
INFO: Reap dead connection: [DummyConnection Server connection - model.nation.iroquois]
May 16, 2018 12:13:00 AM net.sf.freecol.server.networking.Server sendToAll
INFO: Reap dead connection: [DummyConnection Server connection - model.nation.inca]
May 16, 2018 12:13:00 AM net.sf.freecol.server.networking.Server sendToAll
INFO: Reap dead connection: [DummyConnection Server connection - model.nation.sioux]
May 16, 2018 12:13:00 AM net.sf.freecol.server.networking.Server sendToAll
INFO: Reap dead connection: [DummyConnection Server connection - model.nation.dutch]
May 16, 2018 12:13:00 AM net.sf.freecol.server.networking.Server sendToAll
INFO: Reap dead connection: [DummyConnection Server connection - model.nation.english]
May 16, 2018 12:13:00 AM net.sf.freecol.server.networking.Server sendToAll
INFO: Reap dead connection: [DummyConnection Server connection - model.nation.spanish]
May 16, 2018 12:13:00 AM net.sf.freecol.server.model.ServerPlayer csChangeStance
INFO: Stance modification William I UNCONTACTED -> WAR wrt Louis XIV
May 16, 2018 12:13:00 AM net.sf.freecol.server.model.ServerPlayer csChangeStance
INFO: Stance modification Louis XIV UNCONTACTED -> WAR wrt William I (symmetric)
May 16, 2018 12:13:00 AM net.sf.freecol.common.util.LogBuilder log
INFO: Combat attacker=unit:248-veteranSoldier-soldier [Modifier model.modifier.offence (model.source.baseOffence) ADDITIVE 0.0 index=10] [Modifier model.modifier.offence (model.role.soldier) ADDITIVE 2.0 index=30] [Modifier model.modifier.offence (model.unit.veteranSoldier) PERCENTAGE 50.0 index=40] [Modifier model.modifier.attackBonus (model.source.attackBonus) PERCENTAGE 50.0 index=50] = 4.5 defender=unit:247-freeColonist-scout [Modifier model.modifier.defence (model.source.baseDefence) ADDITIVE 1.0 index=10] [Modifier model.modifier.defence (model.role.scout) ADDITIVE 1.0 index=30] = 2.0 odds=0.6923076923076923 random(1.0)=0.6723076701164246 great=false Attack WIN SLAUGHTER_UNIT
May 16, 2018 12:13:00 AM net.sf.freecol.common.util.LogBuilder log
INFO: Destroying: unit:247
May 16, 2018 12:13:00 AM net.sf.freecol.common.model.Specification applyDifficultyLevel
INFO: Applying difficulty level model.difficulty.medium
May 16, 2018 12:13:00 AM net.sf.freecol.common.FreeColSeed getFreeColSeed
INFO: Using seed: -2369199129305271165
May 16, 2018 12:13:01 AM net.sf.freecol.server.networking.Server sendToAll
INFO: Reap dead connection: [DummyConnection Server connection - model.nation.dutch]
May 16, 2018 12:13:01 AM net.sf.freecol.server.networking.Server sendToAll
INFO: Reap dead connection: [DummyConnection Server connection - model.nation.aztec]
May 16, 2018 12:13:01 AM net.sf.freecol.server.networking.Server sendToAll
INFO: Reap dead connection: [DummyConnection Server connection - model.nation.sioux]
May 16, 2018 12:13:01 AM net.sf.freecol.server.networking.Server sendToAll
INFO: Reap dead connection: [DummyConnection Server connection - model.nation.arawak]
May 16, 2018 12:13:01 AM net.sf.freecol.server.networking.Server sendToAll
INFO: Reap dead connection: [DummyConnection Server connection - model.nation.iroquois]
May 16, 2018 12:13:01 AM net.sf.freecol.server.networking.Server sendToAll
INFO: Reap dead connection: [DummyConnection Server connection - model.nation.apache]
May 16, 2018 12:13:01 AM net.sf.freecol.server.networking.Server sendToAll
INFO: Reap dead connection: [DummyConnection Server connection - model.nation.spanish]
May 16, 2018 12:13:01 AM net.sf.freecol.server.networking.Server sendToAll
INFO: Reap dead connection: [DummyConnection Server connection - model.nation.english]
May 16, 2018 12:13:01 AM net.sf.freecol.server.networking.Server sendToAll
INFO: Reap dead connection: [DummyConnection Server connection - model.nation.french]
May 16, 2018 12:13:01 AM net.sf.freecol.server.networking.Server sendToAll
INFO: Reap dead connection: [DummyConnection Server connection - model.nation.tupi]
May 16, 2018 12:13:01 AM net.sf.freecol.server.networking.Server sendToAll
INFO: Reap dead connection: [DummyConnection Server connection - model.nation.cherokee]
May 16, 2018 12:13:01 AM net.sf.freecol.server.networking.Server sendToAll
INFO: Reap dead connection: [DummyConnection Server connection - model.nation.inca]
May 16, 2018 12:13:01 AM net.sf.freecol.server.model.ServerPlayer csChangeStance
INFO: Stance modification William I UNCONTACTED -> WAR wrt Atahualpa
May 16, 2018 12:13:01 AM net.sf.freecol.server.model.ServerPlayer csChangeStance
INFO: Stance modification Atahualpa UNCONTACTED -> WAR wrt William I (symmetric)
May 16, 2018 12:13:01 AM net.sf.freecol.common.util.LogBuilder log
INFO: Combat attacker=unit:259-freeColonist-dragoon [Modifier model.modifier.offence (model.source.baseOffence) ADDITIVE 0.0 index=10] [Modifier model.modifier.offence (model.role.dragoon) ADDITIVE 3.0 index=30] [Modifier model.modifier.attackBonus (model.source.attackBonus) PERCENTAGE 50.0 index=50] = 4.5 defender=unit:260-brave [Modifier model.modifier.defence (model.source.baseDefence) ADDITIVE 1.0 index=10] = 1.0 odds=0.8181818181818182 random(1.0)=0.8381817936897278 great=false Attack LOSE CAPTURE_EQUIP
May 16, 2018 12:13:01 AM net.sf.freecol.common.util.LogBuilder log
INFO: Combat attacker=unit:259-freeColonist-soldier [Modifier model.modifier.offence (model.source.baseOffence) ADDITIVE 0.0 index=10] [Modifier model.modifier.offence (model.role.soldier) ADDITIVE 2.0 index=30] [Modifier model.modifier.attackBonus (model.source.attackBonus) PERCENTAGE 50.0 index=50] = 3.0 defender=unit:260-brave-mountedBrave [Modifier model.modifier.defence (model.source.baseDefence) ADDITIVE 1.0 index=10] [Modifier model.modifier.defence (model.role.mountedBrave) ADDITIVE 1.0 index=30] = 2.0 odds=0.6 random(1.0)=0.6200000047683716 great=false Attack LOSE CAPTURE_EQUIP
May 16, 2018 12:13:01 AM net.sf.freecol.common.util.LogBuilder log
INFO: Combat attacker=unit:259-freeColonist [Modifier model.modifier.offence (model.source.baseOffence) ADDITIVE 0.0 index=10] [Modifier model.modifier.attackBonus (model.source.attackBonus) PERCENTAGE 50.0 index=50] = 0.0 defender=unit:260-brave-nativeDragoon [Modifier model.modifier.defence (model.source.baseDefence) ADDITIVE 1.0 index=10] [Modifier model.modifier.defence (model.role.nativeDragoon) ADDITIVE 2.0 index=30] = 3.0 odds=0.0 random(1.0)=0.019999999552965164 great=false Attack LOSE SLAUGHTER_UNIT
May 16, 2018 12:13:01 AM net.sf.freecol.common.util.LogBuilder log
INFO: Destroying: unit:259
May 16, 2018 12:13:01 AM net.sf.freecol.common.model.Specification applyDifficultyLevel
INFO: Applying difficulty level model.difficulty.medium
May 16, 2018 12:13:01 AM net.sf.freecol.common.FreeColSeed getFreeColSeed
INFO: Using seed: -778006173574978696
May 16, 2018 12:13:01 AM net.sf.freecol.server.networking.Server sendToAll
INFO: Reap dead connection: [DummyConnection Server connection - model.nation.spanish]
May 16, 2018 12:13:01 AM net.sf.freecol.server.networking.Server sendToAll
INFO: Reap dead connection: [DummyConnection Server connection - model.nation.arawak]
May 16, 2018 12:13:01 AM net.sf.freecol.server.networking.Server sendToAll
INFO: Reap dead connection: [DummyConnection Server connection - model.nation.tupi]
May 16, 2018 12:13:01 AM net.sf.freecol.server.networking.Server sendToAll
INFO: Reap dead connection: [DummyConnection Server connection - model.nation.french]
May 16, 2018 12:13:01 AM net.sf.freecol.server.networking.Server sendToAll
INFO: Reap dead connection: [DummyConnection Server connection - model.nation.aztec]
May 16, 2018 12:13:01 AM net.sf.freecol.server.networking.Server sendToAll
INFO: Reap dead connection: [DummyConnection Server connection - model.nation.apache]
May 16, 2018 12:13:01 AM net.sf.freecol.server.networking.Server sendToAll
INFO: Reap dead connection: [DummyConnection Server connection - model.nation.iroquois]
May 16, 2018 12:13:01 AM net.sf.freecol.server.networking.Server sendToAll
INFO: Reap dead connection: [DummyConnection Server connection - model.nation.sioux]
May 16, 2018 12:13:01 AM net.sf.freecol.server.networking.Server sendToAll
INFO: Reap dead connection: [DummyConnection Server connection - model.nation.dutch]
May 16, 2018 12:13:01 AM net.sf.freecol.server.networking.Server sendToAll
INFO: Reap dead connection: [DummyConnection Server connection - model.nation.inca]
May 16, 2018 12:13:01 AM net.sf.freecol.server.networking.Server sendToAll
INFO: Reap dead connection: [DummyConnection Server connection - model.nation.cherokee]
May 16, 2018 12:13:01 AM net.sf.freecol.server.networking.Server sendToAll
INFO: Reap dead connection: [DummyConnection Server connection - model.nation.english]
May 16, 2018 12:13:01 AM net.sf.freecol.server.model.ServerPlayer csChangeStance
INFO: Stance modification William I WAR -> CEASE_FIRE wrt Louis XIV
May 16, 2018 12:13:01 AM net.sf.freecol.server.model.ServerPlayer csChangeStance
INFO: Stance modification Louis XIV WAR -> CEASE_FIRE wrt William I (symmetric)
May 16, 2018 12:13:01 AM net.sf.freecol.common.model.Specification applyDifficultyLevel
INFO: Applying difficulty level model.difficulty.medium
May 16, 2018 12:13:01 AM net.sf.freecol.common.FreeColSeed getFreeColSeed
INFO: Using seed: -5735695585893333766
May 16, 2018 12:13:01 AM net.sf.freecol.server.networking.Server sendToAll
INFO: Reap dead connection: [DummyConnection Server connection - model.nation.english]
May 16, 2018 12:13:01 AM net.sf.freecol.server.networking.Server sendToAll
INFO: Reap dead connection: [DummyConnection Server connection - model.nation.aztec]
May 16, 2018 12:13:01 AM net.sf.freecol.server.networking.Server sendToAll
INFO: Reap dead connection: [DummyConnection Server connection - model.nation.cherokee]
May 16, 2018 12:13:01 AM net.sf.freecol.server.networking.Server sendToAll
INFO: Reap dead connection: [DummyConnection Server connection - model.nation.dutch]
May 16, 2018 12:13:01 AM net.sf.freecol.server.networking.Server sendToAll
INFO: Reap dead connection: [DummyConnection Server connection - model.nation.tupi]
May 16, 2018 12:13:01 AM net.sf.freecol.server.networking.Server sendToAll
INFO: Reap dead connection: [DummyConnection Server connection - model.nation.apache]
May 16, 2018 12:13:01 AM net.sf.freecol.server.networking.Server sendToAll
INFO: Reap dead connection: [DummyConnection Server connection - model.nation.sioux]
May 16, 2018 12:13:01 AM net.sf.freecol.server.networking.Server sendToAll
INFO: Reap dead connection: [DummyConnection Server connection - model.nation.spanish]
May 16, 2018 12:13:01 AM net.sf.freecol.server.networking.Server sendToAll
INFO: Reap dead connection: [DummyConnection Server connection - model.nation.iroquois]
May 16, 2018 12:13:01 AM net.sf.freecol.server.networking.Server sendToAll
INFO: Reap dead connection: [DummyConnection Server connection - model.nation.french]
May 16, 2018 12:13:01 AM net.sf.freecol.server.networking.Server sendToAll
INFO: Reap dead connection: [DummyConnection Server connection - model.nation.inca]
May 16, 2018 12:13:01 AM net.sf.freecol.server.networking.Server sendToAll
INFO: Reap dead connection: [DummyConnection Server connection - model.nation.arawak]
May 16, 2018 12:13:01 AM net.sf.freecol.server.model.ServerPlayer csChangeStance
INFO: Stance modification Louis XIV PEACE -> WAR wrt William I
May 16, 2018 12:13:01 AM net.sf.freecol.server.model.ServerPlayer csChangeStance
INFO: Stance modification William I PEACE -> WAR wrt Louis XIV (symmetric)
May 16, 2018 12:13:01 AM net.sf.freecol.common.model.Specification applyDifficultyLevel
INFO: Applying difficulty level model.difficulty.medium
May 16, 2018 12:13:01 AM net.sf.freecol.common.FreeColSeed getFreeColSeed
INFO: Using seed: -9214344798506195788
May 16, 2018 12:13:01 AM net.sf.freecol.server.networking.Server sendToAll
INFO: Reap dead connection: [DummyConnection Server connection - model.nation.aztec]
May 16, 2018 12:13:01 AM net.sf.freecol.server.networking.Server sendToAll
INFO: Reap dead connection: [DummyConnection Server connection - model.nation.arawak]
May 16, 2018 12:13:01 AM net.sf.freecol.server.networking.Server sendToAll
INFO: Reap dead connection: [DummyConnection Server connection - model.nation.apache]
May 16, 2018 12:13:01 AM net.sf.freecol.server.networking.Server sendToAll
INFO: Reap dead connection: [DummyConnection Server connection - model.nation.inca]
May 16, 2018 12:13:01 AM net.sf.freecol.server.networking.Server sendToAll
INFO: Reap dead connection: [DummyConnection Server connection - model.nation.spanish]
May 16, 2018 12:13:01 AM net.sf.freecol.server.networking.Server sendToAll
INFO: Reap dead connection: [DummyConnection Server connection - model.nation.cherokee]
May 16, 2018 12:13:01 AM net.sf.freecol.server.networking.Server sendToAll
INFO: Reap dead connection: [DummyConnection Server connection - model.nation.tupi]
May 16, 2018 12:13:01 AM net.sf.freecol.server.networking.Server sendToAll
INFO: Reap dead connection: [DummyConnection Server connection - model.nation.iroquois]
May 16, 2018 12:13:01 AM net.sf.freecol.server.networking.Server sendToAll
INFO: Reap dead connection: [DummyConnection Server connection - model.nation.french]
May 16, 2018 12:13:01 AM net.sf.freecol.server.networking.Server sendToAll
INFO: Reap dead connection: [DummyConnection Server connection - model.nation.sioux]
May 16, 2018 12:13:01 AM net.sf.freecol.server.networking.Server sendToAll
INFO: Reap dead connection: [DummyConnection Server connection - model.nation.dutch]
May 16, 2018 12:13:01 AM net.sf.freecol.server.networking.Server sendToAll
INFO: Reap dead connection: [DummyConnection Server connection - model.nation.english]
May 16, 2018 12:13:01 AM net.sf.freecol.server.model.ServerPlayer csChangeStance
INFO: Stance modification Louis XIV UNCONTACTED -> WAR wrt William I
May 16, 2018 12:13:01 AM net.sf.freecol.server.model.ServerPlayer csChangeStance
INFO: Stance modification William I UNCONTACTED -> WAR wrt Louis XIV (symmetric)
May 16, 2018 12:13:01 AM net.sf.freecol.common.util.LogBuilder log
INFO: Combat attacker=unit:272-veteranSoldier-dragoon [Modifier model.modifier.offence (model.source.baseOffence) ADDITIVE 0.0 index=10] [Modifier model.modifier.offence (model.role.dragoon) ADDITIVE 3.0 index=30] [Modifier model.modifier.offence (model.unit.veteranSoldier) PERCENTAGE 50.0 index=40] [Modifier model.modifier.attackBonus (model.source.attackBonus) PERCENTAGE 50.0 index=50] = 6.75 defender=unit:271-veteranSoldier-dragoon [Modifier model.modifier.defence (model.source.baseDefence) ADDITIVE 1.0 index=10] [Modifier model.modifier.defence (model.role.dragoon) ADDITIVE 2.0 index=30] [Modifier model.modifier.defence (model.unit.veteranSoldier) PERCENTAGE 50.0 index=40] [Modifier model.modifier.defence (model.settlement.colony) PERCENTAGE 50.0 index=50] = 6.75 odds=0.5 random(1.0)=0.47999998927116394 great=false Attack WIN LOSE_EQUIP
May 16, 2018 12:13:01 AM net.sf.freecol.common.util.LogBuilder log
INFO: Combat attacker=unit:272-veteranSoldier-dragoon [Modifier model.modifier.offence (model.source.baseOffence) ADDITIVE 0.0 index=10] [Modifier model.modifier.offence (model.role.dragoon) ADDITIVE 3.0 index=30] [Modifier model.modifier.offence (model.unit.veteranSoldier) PERCENTAGE 50.0 index=40] [Modifier model.modifier.attackBonus (model.source.attackBonus) PERCENTAGE 50.0 index=50] = 6.75 defender=unit:271-veteranSoldier-soldier [Modifier model.modifier.defence (model.source.baseDefence) ADDITIVE 1.0 index=10] [Modifier model.modifier.defence (model.role.soldier) ADDITIVE 1.0 index=30] [Modifier model.modifier.defence (model.unit.veteranSoldier) PERCENTAGE 50.0 index=40] [Modifier model.modifier.defence (model.settlement.colony) PERCENTAGE 50.0 index=50] = 4.5 odds=0.6 random(1.0)=0.6200000047683716 great=false Attack LOSE LOSE_EQUIP
May 16, 2018 12:13:01 AM net.sf.freecol.common.util.LogBuilder log
INFO: Combat attacker=unit:272-veteranSoldier-soldier [Modifier model.modifier.offence (model.source.baseOffence) ADDITIVE 0.0 index=10] [Modifier model.modifier.offence (model.role.soldier) ADDITIVE 2.0 index=30] [Modifier model.modifier.offence (model.unit.veteranSoldier) PERCENTAGE 50.0 index=40] [Modifier model.modifier.attackBonus (model.source.attackBonus) PERCENTAGE 50.0 index=50] = 4.5 defender=unit:271-veteranSoldier-soldier [Modifier model.modifier.defence (model.source.baseDefence) ADDITIVE 1.0 index=10] [Modifier model.modifier.defence (model.role.soldier) ADDITIVE 1.0 index=30] [Modifier model.modifier.defence (model.unit.veteranSoldier) PERCENTAGE 50.0 index=40] [Modifier model.modifier.defence (model.settlement.colony) PERCENTAGE 50.0 index=50] = 4.5 odds=0.5 random(1.0)=0.47999998927116394 great=false Attack WIN LOSE_EQUIP
May 16, 2018 12:13:01 AM net.sf.freecol.common.util.LogBuilder log
INFO: Combat attacker=unit:272-veteranSoldier-soldier [Modifier model.modifier.offence (model.source.baseOffence) ADDITIVE 0.0 index=10] [Modifier model.modifier.offence (model.role.soldier) ADDITIVE 2.0 index=30] [Modifier model.modifier.offence (model.unit.veteranSoldier) PERCENTAGE 50.0 index=40] [Modifier model.modifier.attackBonus (model.source.attackBonus) PERCENTAGE 50.0 index=50] = 4.5 defender=unit:271-veteranSoldier [Modifier model.modifier.defence (model.source.baseDefence) ADDITIVE 1.0 index=10] [Modifier model.modifier.defence (model.unit.veteranSoldier) PERCENTAGE 50.0 index=40] [Modifier model.modifier.defence (model.settlement.colony) PERCENTAGE 50.0 index=50] = 2.25 odds=0.6666666666666666 random(1.0)=0.6466666460037231 great=false Attack WIN CAPTURE_COLONY
May 16, 2018 12:13:01 AM net.sf.freecol.common.model.Specification applyDifficultyLevel
INFO: Applying difficulty level model.difficulty.medium
May 16, 2018 12:13:01 AM net.sf.freecol.common.FreeColSeed getFreeColSeed
INFO: Using seed: -2620152407961462448
May 16, 2018 12:13:01 AM net.sf.freecol.server.networking.Server sendToAll
INFO: Reap dead connection: [DummyConnection Server connection - model.nation.dutch]
May 16, 2018 12:13:01 AM net.sf.freecol.server.networking.Server sendToAll
INFO: Reap dead connection: [DummyConnection Server connection - model.nation.tupi]
May 16, 2018 12:13:01 AM net.sf.freecol.server.networking.Server sendToAll
INFO: Reap dead connection: [DummyConnection Server connection - model.nation.french]
May 16, 2018 12:13:01 AM net.sf.freecol.server.networking.Server sendToAll
INFO: Reap dead connection: [DummyConnection Server connection - model.nation.cherokee]
May 16, 2018 12:13:01 AM net.sf.freecol.server.networking.Server sendToAll
INFO: Reap dead connection: [DummyConnection Server connection - model.nation.inca]
May 16, 2018 12:13:01 AM net.sf.freecol.server.networking.Server sendToAll
INFO: Reap dead connection: [DummyConnection Server connection - model.nation.spanish]
May 16, 2018 12:13:01 AM net.sf.freecol.server.networking.Server sendToAll
INFO: Reap dead connection: [DummyConnection Server connection - model.nation.sioux]
May 16, 2018 12:13:01 AM net.sf.freecol.server.networking.Server sendToAll
INFO: Reap dead connection: [DummyConnection Server connection - model.nation.arawak]
May 16, 2018 12:13:01 AM net.sf.freecol.server.networking.Server sendToAll
INFO: Reap dead connection: [DummyConnection Server connection - model.nation.aztec]
May 16, 2018 12:13:01 AM net.sf.freecol.server.networking.Server sendToAll
INFO: Reap dead connection: [DummyConnection Server connection - model.nation.english]
May 16, 2018 12:13:01 AM net.sf.freecol.server.networking.Server sendToAll
INFO: Reap dead connection: [DummyConnection Server connection - model.nation.apache]
May 16, 2018 12:13:01 AM net.sf.freecol.server.networking.Server sendToAll
INFO: Reap dead connection: [DummyConnection Server connection - model.nation.iroquois]
May 16, 2018 12:13:01 AM net.sf.freecol.server.model.ServerPlayer csChangeStance
INFO: Stance modification William I UNCONTACTED -> WAR wrt Louis XIV
May 16, 2018 12:13:01 AM net.sf.freecol.server.model.ServerPlayer csChangeStance
INFO: Stance modification Louis XIV UNCONTACTED -> WAR wrt William I (symmetric)
May 16, 2018 12:13:01 AM net.sf.freecol.common.util.LogBuilder log
INFO: Combat attacker=unit:247-freeColonist-dragoon [Modifier model.modifier.offence (model.source.baseOffence) ADDITIVE 0.0 index=10] [Modifier model.modifier.offence (model.role.dragoon) ADDITIVE 3.0 index=30] [Modifier model.modifier.attackBonus (model.source.attackBonus) PERCENTAGE 50.0 index=50] = 4.5 defender=unit:248-freeColonist-soldier [Modifier model.modifier.defence (model.source.baseDefence) ADDITIVE 1.0 index=10] [Modifier model.modifier.defence (model.role.soldier) ADDITIVE 1.0 index=30] = 2.0 odds=0.6923076923076923 random(1.0)=0.7123076915740967 great=false Attack LOSE LOSE_EQUIP
May 16, 2018 12:13:01 AM net.sf.freecol.common.util.LogBuilder log
INFO: Combat attacker=unit:247-freeColonist-soldier [Modifier model.modifier.offence (model.source.baseOffence) ADDITIVE 0.0 index=10] [Modifier model.modifier.offence (model.role.soldier) ADDITIVE 2.0 index=30] [Modifier model.modifier.attackBonus (model.source.attackBonus) PERCENTAGE 50.0 index=50] = 3.0 defender=unit:248-freeColonist-soldier [Modifier model.modifier.defence (model.source.baseDefence) ADDITIVE 1.0 index=10] [Modifier model.modifier.defence (model.role.soldier) ADDITIVE 1.0 index=30] = 2.0 odds=0.6 random(1.0)=0.6200000047683716 great=false Attack LOSE LOSE_EQUIP
May 16, 2018 12:13:01 AM net.sf.freecol.common.util.LogBuilder log
INFO: Combat attacker=unit:248-freeColonist-soldier [Modifier model.modifier.offence (model.source.baseOffence) ADDITIVE 0.0 index=10] [Modifier model.modifier.offence (model.role.soldier) ADDITIVE 2.0 index=30] [Modifier model.modifier.attackBonus (model.source.attackBonus) PERCENTAGE 50.0 index=50] = 3.0 defender=unit:247-freeColonist [Modifier model.modifier.defence (model.source.baseDefence) ADDITIVE 1.0 index=10] = 1.0 odds=0.75 random(1.0)=0.7300000190734863 great=false Attack WIN CAPTURE_UNIT
May 16, 2018 12:13:01 AM net.sf.freecol.common.model.Specification applyDifficultyLevel
INFO: Applying difficulty level model.difficulty.medium
May 16, 2018 12:13:01 AM net.sf.freecol.common.FreeColSeed getFreeColSeed
INFO: Using seed: 4583189418009890164
May 16, 2018 12:13:02 AM net.sf.freecol.server.networking.Server sendToAll
INFO: Reap dead connection: [DummyConnection Server connection - model.nation.iroquois]
May 16, 2018 12:13:02 AM net.sf.freecol.server.networking.Server sendToAll
INFO: Reap dead connection: [DummyConnection Server connection - model.nation.tupi]
May 16, 2018 12:13:02 AM net.sf.freecol.server.networking.Server sendToAll
INFO: Reap dead connection: [DummyConnection Server connection - model.nation.english]
May 16, 2018 12:13:02 AM net.sf.freecol.server.networking.Server sendToAll
INFO: Reap dead connection: [DummyConnection Server connection - model.nation.cherokee]
May 16, 2018 12:13:02 AM net.sf.freecol.server.networking.Server sendToAll
INFO: Reap dead connection: [DummyConnection Server connection - model.nation.french]
May 16, 2018 12:13:02 AM net.sf.freecol.server.networking.Server sendToAll
INFO: Reap dead connection: [DummyConnection Server connection - model.nation.sioux]
May 16, 2018 12:13:02 AM net.sf.freecol.server.networking.Server sendToAll
INFO: Reap dead connection: [DummyConnection Server connection - model.nation.apache]
May 16, 2018 12:13:02 AM net.sf.freecol.server.networking.Server sendToAll
INFO: Reap dead connection: [DummyConnection Server connection - model.nation.aztec]
May 16, 2018 12:13:02 AM net.sf.freecol.server.networking.Server sendToAll
INFO: Reap dead connection: [DummyConnection Server connection - model.nation.spanish]
May 16, 2018 12:13:02 AM net.sf.freecol.server.networking.Server sendToAll
INFO: Reap dead connection: [DummyConnection Server connection - model.nation.arawak]
May 16, 2018 12:13:02 AM net.sf.freecol.server.networking.Server sendToAll
INFO: Reap dead connection: [DummyConnection Server connection - model.nation.dutch]
May 16, 2018 12:13:02 AM net.sf.freecol.server.networking.Server sendToAll
INFO: Reap dead connection: [DummyConnection Server connection - model.nation.inca]
May 16, 2018 12:13:02 AM net.sf.freecol.common.model.Specification applyDifficultyLevel
INFO: Applying difficulty level model.difficulty.medium
May 16, 2018 12:13:02 AM net.sf.freecol.common.FreeColSeed getFreeColSeed
INFO: Using seed: -453796007154937321
May 16, 2018 12:13:02 AM net.sf.freecol.server.networking.Server sendToAll
INFO: Reap dead connection: [DummyConnection Server connection - model.nation.french]
May 16, 2018 12:13:02 AM net.sf.freecol.server.networking.Server sendToAll
INFO: Reap dead connection: [DummyConnection Server connection - model.nation.cherokee]
May 16, 2018 12:13:02 AM net.sf.freecol.server.networking.Server sendToAll
INFO: Reap dead connection: [DummyConnection Server connection - model.nation.sioux]
May 16, 2018 12:13:02 AM net.sf.freecol.server.networking.Server sendToAll
INFO: Reap dead connection: [DummyConnection Server connection - model.nation.arawak]
May 16, 2018 12:13:02 AM net.sf.freecol.server.networking.Server sendToAll
INFO: Reap dead connection: [DummyConnection Server connection - model.nation.apache]
May 16, 2018 12:13:02 AM net.sf.freecol.server.networking.Server sendToAll
INFO: Reap dead connection: [DummyConnection Server connection - model.nation.dutch]
May 16, 2018 12:13:02 AM net.sf.freecol.server.networking.Server sendToAll
INFO: Reap dead connection: [DummyConnection Server connection - model.nation.tupi]
May 16, 2018 12:13:02 AM net.sf.freecol.server.networking.Server sendToAll
INFO: Reap dead connection: [DummyConnection Server connection - model.nation.english]
May 16, 2018 12:13:02 AM net.sf.freecol.server.networking.Server sendToAll
INFO: Reap dead connection: [DummyConnection Server connection - model.nation.inca]
May 16, 2018 12:13:02 AM net.sf.freecol.server.networking.Server sendToAll
INFO: Reap dead connection: [DummyConnection Server connection - model.nation.spanish]
May 16, 2018 12:13:02 AM net.sf.freecol.server.networking.Server sendToAll
INFO: Reap dead connection: [DummyConnection Server connection - model.nation.iroquois]
May 16, 2018 12:13:02 AM net.sf.freecol.server.networking.Server sendToAll
INFO: Reap dead connection: [DummyConnection Server connection - model.nation.aztec]
May 16, 2018 12:13:02 AM net.sf.freecol.common.networking.DOMMessage clientError
WARNING: Too few goods
May 16, 2018 12:13:02 AM net.sf.freecol.common.model.Specification applyDifficultyLevel
INFO: Applying difficulty level model.difficulty.medium
May 16, 2018 12:13:02 AM net.sf.freecol.common.FreeColSeed getFreeColSeed
INFO: Using seed: -7309696925663615281
May 16, 2018 12:13:02 AM net.sf.freecol.server.networking.Server sendToAll
INFO: Reap dead connection: [DummyConnection Server connection - model.nation.french]
May 16, 2018 12:13:02 AM net.sf.freecol.server.networking.Server sendToAll
INFO: Reap dead connection: [DummyConnection Server connection - model.nation.english]
May 16, 2018 12:13:02 AM net.sf.freecol.server.networking.Server sendToAll
INFO: Reap dead connection: [DummyConnection Server connection - model.nation.spanish]
May 16, 2018 12:13:02 AM net.sf.freecol.server.networking.Server sendToAll
INFO: Reap dead connection: [DummyConnection Server connection - model.nation.iroquois]
May 16, 2018 12:13:02 AM net.sf.freecol.server.networking.Server sendToAll
INFO: Reap dead connection: [DummyConnection Server connection - model.nation.cherokee]
May 16, 2018 12:13:02 AM net.sf.freecol.server.networking.Server sendToAll
INFO: Reap dead connection: [DummyConnection Server connection - model.nation.sioux]
May 16, 2018 12:13:02 AM net.sf.freecol.server.networking.Server sendToAll
INFO: Reap dead connection: [DummyConnection Server connection - model.nation.dutch]
May 16, 2018 12:13:02 AM net.sf.freecol.server.networking.Server sendToAll
INFO: Reap dead connection: [DummyConnection Server connection - model.nation.aztec]
May 16, 2018 12:13:02 AM net.sf.freecol.server.networking.Server sendToAll
INFO: Reap dead connection: [DummyConnection Server connection - model.nation.tupi]
May 16, 2018 12:13:02 AM net.sf.freecol.server.networking.Server sendToAll
INFO: Reap dead connection: [DummyConnection Server connection - model.nation.arawak]
May 16, 2018 12:13:02 AM net.sf.freecol.server.networking.Server sendToAll
INFO: Reap dead connection: [DummyConnection Server connection - model.nation.apache]
May 16, 2018 12:13:02 AM net.sf.freecol.server.networking.Server sendToAll
INFO: Reap dead connection: [DummyConnection Server connection - model.nation.inca]
May 16, 2018 12:13:02 AM net.sf.freecol.server.model.ServerPlayer csChangeStance
INFO: Stance modification Louis XIV UNCONTACTED -> WAR wrt William I
May 16, 2018 12:13:02 AM net.sf.freecol.server.model.ServerPlayer csChangeStance
INFO: Stance modification William I UNCONTACTED -> WAR wrt Louis XIV (symmetric)
May 16, 2018 12:13:02 AM net.sf.freecol.common.util.LogBuilder log
INFO: Combat attacker=unit:249-privateer [Modifier model.modifier.offence (model.source.baseOffence) ADDITIVE 8.0 index=10] [Modifier model.modifier.attackBonus (model.source.attackBonus) PERCENTAGE 50.0 index=50] = 12.0 defender=unit:247-galleon [Modifier model.modifier.defence (model.source.baseDefence) ADDITIVE 10.0 index=10] [Modifier model.modifier.cargoPenalty (model.source.cargoPenalty) PERCENTAGE -12.5 index=50] = 8.75 odds=0.5783132530120482 random(1.0)=0.558313250541687 great=false Attack WIN LOOT_SHIP DAMAGE_SHIP_ATTACK
May 16, 2018 12:13:02 AM net.sf.freecol.common.networking.DOMMessage clientError
WARNING: Received message: lootCargo out of turn from player: model.nation.french
May 16, 2018 12:13:02 AM net.sf.freecol.server.ai.AIMessage checkError
WARNING: AIMessage.lootCargo error, messageId: server.reject message: Received message: lootCargo out of turn from player: model.nation.french
May 16, 2018 12:13:02 AM net.sf.freecol.common.model.Specification applyDifficultyLevel
INFO: Applying difficulty level model.difficulty.medium
May 16, 2018 12:13:02 AM net.sf.freecol.common.FreeColSeed getFreeColSeed
INFO: Using seed: 584301787947410137
May 16, 2018 12:13:02 AM net.sf.freecol.server.networking.Server sendToAll
INFO: Reap dead connection: [DummyConnection Server connection - model.nation.inca]
May 16, 2018 12:13:02 AM net.sf.freecol.server.networking.Server sendToAll
INFO: Reap dead connection: [DummyConnection Server connection - model.nation.cherokee]
May 16, 2018 12:13:02 AM net.sf.freecol.server.networking.Server sendToAll
INFO: Reap dead connection: [DummyConnection Server connection - model.nation.tupi]
May 16, 2018 12:13:02 AM net.sf.freecol.server.networking.Server sendToAll
INFO: Reap dead connection: [DummyConnection Server connection - model.nation.english]
May 16, 2018 12:13:02 AM net.sf.freecol.server.networking.Server sendToAll
INFO: Reap dead connection: [DummyConnection Server connection - model.nation.aztec]
May 16, 2018 12:13:02 AM net.sf.freecol.server.networking.Server sendToAll
INFO: Reap dead connection: [DummyConnection Server connection - model.nation.sioux]
May 16, 2018 12:13:02 AM net.sf.freecol.server.networking.Server sendToAll
INFO: Reap dead connection: [DummyConnection Server connection - model.nation.dutch]
May 16, 2018 12:13:02 AM net.sf.freecol.server.networking.Server sendToAll
INFO: Reap dead connection: [DummyConnection Server connection - model.nation.arawak]
May 16, 2018 12:13:02 AM net.sf.freecol.server.networking.Server sendToAll
INFO: Reap dead connection: [DummyConnection Server connection - model.nation.spanish]
May 16, 2018 12:13:02 AM net.sf.freecol.server.networking.Server sendToAll
INFO: Reap dead connection: [DummyConnection Server connection - model.nation.iroquois]
May 16, 2018 12:13:02 AM net.sf.freecol.server.networking.Server sendToAll
INFO: Reap dead connection: [DummyConnection Server connection - model.nation.french]
May 16, 2018 12:13:02 AM net.sf.freecol.server.networking.Server sendToAll
INFO: Reap dead connection: [DummyConnection Server connection - model.nation.apache]
May 16, 2018 12:13:02 AM net.sf.freecol.common.model.Specification applyDifficultyLevel
INFO: Applying difficulty level model.difficulty.medium
May 16, 2018 12:13:02 AM net.sf.freecol.common.FreeColSeed getFreeColSeed
INFO: Using seed: -8915942110113056344
May 16, 2018 12:13:02 AM net.sf.freecol.server.networking.Server sendToAll
INFO: Reap dead connection: [DummyConnection Server connection - model.nation.spanish]
May 16, 2018 12:13:02 AM net.sf.freecol.server.networking.Server sendToAll
INFO: Reap dead connection: [DummyConnection Server connection - model.nation.arawak]
May 16, 2018 12:13:02 AM net.sf.freecol.server.networking.Server sendToAll
INFO: Reap dead connection: [DummyConnection Server connection - model.nation.apache]
May 16, 2018 12:13:02 AM net.sf.freecol.server.networking.Server sendToAll
INFO: Reap dead connection: [DummyConnection Server connection - model.nation.tupi]
May 16, 2018 12:13:02 AM net.sf.freecol.server.networking.Server sendToAll
INFO: Reap dead connection: [DummyConnection Server connection - model.nation.inca]
May 16, 2018 12:13:02 AM net.sf.freecol.server.networking.Server sendToAll
INFO: Reap dead connection: [DummyConnection Server connection - model.nation.cherokee]
May 16, 2018 12:13:02 AM net.sf.freecol.server.networking.Server sendToAll
INFO: Reap dead connection: [DummyConnection Server connection - model.nation.iroquois]
May 16, 2018 12:13:02 AM net.sf.freecol.server.networking.Server sendToAll
INFO: Reap dead connection: [DummyConnection Server connection - model.nation.aztec]
May 16, 2018 12:13:02 AM net.sf.freecol.server.networking.Server sendToAll
INFO: Reap dead connection: [DummyConnection Server connection - model.nation.sioux]
May 16, 2018 12:13:02 AM net.sf.freecol.server.networking.Server sendToAll
INFO: Reap dead connection: [DummyConnection Server connection - model.nation.french]
May 16, 2018 12:13:02 AM net.sf.freecol.server.networking.Server sendToAll
INFO: Reap dead connection: [DummyConnection Server connection - model.nation.dutch]
May 16, 2018 12:13:02 AM net.sf.freecol.server.networking.Server sendToAll
INFO: Reap dead connection: [DummyConnection Server connection - model.nation.english]
May 16, 2018 12:13:02 AM net.sf.freecol.server.model.ServerPlayer csChangeStance
INFO: Stance modification Guaira PEACE -> WAR wrt William I
May 16, 2018 12:13:02 AM net.sf.freecol.server.model.ServerPlayer csChangeStance
INFO: Stance modification William I PEACE -> WAR wrt Guaira (symmetric)
May 16, 2018 12:13:02 AM net.sf.freecol.server.model.ServerPlayer csChangeStance
INFO: Stance modification William I WAR -> PEACE wrt Guaira
May 16, 2018 12:13:02 AM net.sf.freecol.server.model.ServerPlayer csChangeStance
INFO: Stance modification Guaira WAR -> PEACE wrt William I (symmetric)
May 16, 2018 12:13:02 AM net.sf.freecol.common.model.Specification applyDifficultyLevel
INFO: Applying difficulty level model.difficulty.medium
May 16, 2018 12:13:02 AM net.sf.freecol.common.FreeColSeed getFreeColSeed
INFO: Using seed: 798258393349377420
May 16, 2018 12:13:03 AM net.sf.freecol.server.networking.Server sendToAll
INFO: Reap dead connection: [DummyConnection Server connection - model.nation.tupi]
May 16, 2018 12:13:03 AM net.sf.freecol.server.networking.Server sendToAll
INFO: Reap dead connection: [DummyConnection Server connection - model.nation.spanish]
May 16, 2018 12:13:03 AM net.sf.freecol.server.networking.Server sendToAll
INFO: Reap dead connection: [DummyConnection Server connection - model.nation.english]
May 16, 2018 12:13:03 AM net.sf.freecol.server.networking.Server sendToAll
INFO: Reap dead connection: [DummyConnection Server connection - model.nation.aztec]
May 16, 2018 12:13:03 AM net.sf.freecol.server.networking.Server sendToAll
INFO: Reap dead connection: [DummyConnection Server connection - model.nation.iroquois]
May 16, 2018 12:13:03 AM net.sf.freecol.server.networking.Server sendToAll
INFO: Reap dead connection: [DummyConnection Server connection - model.nation.sioux]
May 16, 2018 12:13:03 AM net.sf.freecol.server.networking.Server sendToAll
INFO: Reap dead connection: [DummyConnection Server connection - model.nation.cherokee]
May 16, 2018 12:13:03 AM net.sf.freecol.server.networking.Server sendToAll
INFO: Reap dead connection: [DummyConnection Server connection - model.nation.dutch]
May 16, 2018 12:13:03 AM net.sf.freecol.server.networking.Server sendToAll
INFO: Reap dead connection: [DummyConnection Server connection - model.nation.inca]
May 16, 2018 12:13:03 AM net.sf.freecol.server.networking.Server sendToAll
INFO: Reap dead connection: [DummyConnection Server connection - model.nation.french]
May 16, 2018 12:13:03 AM net.sf.freecol.server.networking.Server sendToAll
INFO: Reap dead connection: [DummyConnection Server connection - model.nation.apache]
May 16, 2018 12:13:03 AM net.sf.freecol.server.networking.Server sendToAll
INFO: Reap dead connection: [DummyConnection Server connection - model.nation.arawak]
May 16, 2018 12:13:03 AM net.sf.freecol.common.util.LogBuilder log
INFO: Combat attacker=unit:248-veteranSoldier-dragoon [Modifier model.modifier.offence (model.source.baseOffence) ADDITIVE 0.0 index=10] [Modifier model.modifier.offence (model.role.dragoon) ADDITIVE 3.0 index=30] [Modifier model.modifier.offence (model.unit.veteranSoldier) PERCENTAGE 50.0 index=40] [Modifier model.modifier.attackBonus (model.source.attackBonus) PERCENTAGE 50.0 index=50] [Modifier model.modifier.bigMovementPenalty (model.source.movementPenalty) PERCENTAGE -66.0 index=50] = 2.2950000762939453 defender=unit:247-freeColonist-pioneer.5 [Modifier model.modifier.defence (model.source.baseDefence) ADDITIVE 1.0 index=10] = 1.0 odds=0.6965098704565885 random(1.0)=0.6765098571777344 great=false Attack WIN SLAUGHTER_UNIT
May 16, 2018 12:13:03 AM net.sf.freecol.common.util.LogBuilder log
INFO: Destroying: unit:247
May 16, 2018 12:13:03 AM net.sf.freecol.server.model.ServerPlayer csChangeStance
INFO: Stance modification Louis XIV UNCONTACTED -> WAR wrt William I
May 16, 2018 12:13:03 AM net.sf.freecol.server.model.ServerPlayer csChangeStance
INFO: Stance modification William I UNCONTACTED -> WAR wrt Louis XIV (symmetric)
May 16, 2018 12:13:03 AM net.sf.freecol.common.model.Specification applyDifficultyLevel
INFO: Applying difficulty level model.difficulty.medium
May 16, 2018 12:13:03 AM net.sf.freecol.common.FreeColSeed getFreeColSeed
INFO: Using seed: 7928150614339228007
May 16, 2018 12:13:03 AM net.sf.freecol.server.networking.Server sendToAll
INFO: Reap dead connection: [DummyConnection Server connection - model.nation.iroquois]
May 16, 2018 12:13:03 AM net.sf.freecol.server.networking.Server sendToAll
INFO: Reap dead connection: [DummyConnection Server connection - model.nation.cherokee]
May 16, 2018 12:13:03 AM net.sf.freecol.server.networking.Server sendToAll
INFO: Reap dead connection: [DummyConnection Server connection - model.nation.apache]
May 16, 2018 12:13:03 AM net.sf.freecol.server.networking.Server sendToAll
INFO: Reap dead connection: [DummyConnection Server connection - model.nation.spanish]
May 16, 2018 12:13:03 AM net.sf.freecol.server.networking.Server sendToAll
INFO: Reap dead connection: [DummyConnection Server connection - model.nation.french]
May 16, 2018 12:13:03 AM net.sf.freecol.server.networking.Server sendToAll
INFO: Reap dead connection: [DummyConnection Server connection - model.nation.arawak]
May 16, 2018 12:13:03 AM net.sf.freecol.server.networking.Server sendToAll
INFO: Reap dead connection: [DummyConnection Server connection - model.nation.inca]
May 16, 2018 12:13:03 AM net.sf.freecol.server.networking.Server sendToAll
INFO: Reap dead connection: [DummyConnection Server connection - model.nation.dutch]
May 16, 2018 12:13:03 AM net.sf.freecol.server.networking.Server sendToAll
INFO: Reap dead connection: [DummyConnection Server connection - model.nation.tupi]
May 16, 2018 12:13:03 AM net.sf.freecol.server.networking.Server sendToAll
INFO: Reap dead connection: [DummyConnection Server connection - model.nation.aztec]
May 16, 2018 12:13:03 AM net.sf.freecol.server.networking.Server sendToAll
INFO: Reap dead connection: [DummyConnection Server connection - model.nation.english]
May 16, 2018 12:13:03 AM net.sf.freecol.server.networking.Server sendToAll
INFO: Reap dead connection: [DummyConnection Server connection - model.nation.sioux]
May 16, 2018 12:13:03 AM net.sf.freecol.server.model.ServerPlayer csChangeStance
INFO: Stance modification William I UNCONTACTED -> WAR wrt Louis XIV
May 16, 2018 12:13:03 AM net.sf.freecol.server.model.ServerPlayer csChangeStance
INFO: Stance modification Louis XIV UNCONTACTED -> WAR wrt William I (symmetric)
May 16, 2018 12:13:03 AM net.sf.freecol.common.util.LogBuilder log
INFO: Combat attacker=unit:247-pettyCriminal-soldier [Modifier model.modifier.offence (model.source.baseOffence) ADDITIVE 0.0 index=10] [Modifier model.modifier.offence (model.role.soldier) ADDITIVE 2.0 index=30] [Modifier model.modifier.attackBonus (model.source.attackBonus) PERCENTAGE 50.0 index=50] = 3.0 defender=unit:248-freeColonist-soldier [Modifier model.modifier.defence (model.source.baseDefence) ADDITIVE 1.0 index=10] [Modifier model.modifier.defence (model.role.soldier) ADDITIVE 1.0 index=30] = 2.0 odds=0.6 random(1.0)=0.5799999833106995 great=false Attack WIN LOSE_EQUIP PROMOTE_UNIT
May 16, 2018 12:13:03 AM net.sf.freecol.common.util.LogBuilder log
INFO: Combat attacker=unit:247-indenturedServant-soldier [Modifier model.modifier.offence (model.source.baseOffence) ADDITIVE 0.0 index=10] [Modifier model.modifier.offence (model.role.soldier) ADDITIVE 2.0 index=30] [Modifier model.modifier.attackBonus (model.source.attackBonus) PERCENTAGE 50.0 index=50] = 3.0 defender=unit:248-freeColonist-soldier [Modifier model.modifier.defence (model.source.baseDefence) ADDITIVE 1.0 index=10] [Modifier model.modifier.defence (model.role.soldier) ADDITIVE 1.0 index=30] = 2.0 odds=0.6 random(1.0)=0.5799999833106995 great=false Attack WIN LOSE_EQUIP PROMOTE_UNIT
May 16, 2018 12:13:03 AM net.sf.freecol.common.util.LogBuilder log
INFO: Combat attacker=unit:247-freeColonist-soldier [Modifier model.modifier.offence (model.source.baseOffence) ADDITIVE 0.0 index=10] [Modifier model.modifier.offence (model.role.soldier) ADDITIVE 2.0 index=30] [Modifier model.modifier.attackBonus (model.source.attackBonus) PERCENTAGE 50.0 index=50] = 3.0 defender=unit:248-freeColonist-soldier [Modifier model.modifier.defence (model.source.baseDefence) ADDITIVE 1.0 index=10] [Modifier model.modifier.defence (model.role.soldier) ADDITIVE 1.0 index=30] = 2.0 odds=0.6 random(1.0)=0.5799999833106995 great=false Attack WIN LOSE_EQUIP PROMOTE_UNIT
May 16, 2018 12:13:03 AM net.sf.freecol.common.util.LogBuilder log
INFO: Combat attacker=unit:247-veteranSoldier-soldier [Modifier model.modifier.offence (model.source.baseOffence) ADDITIVE 0.0 index=10] [Modifier model.modifier.offence (model.role.soldier) ADDITIVE 2.0 index=30] [Modifier model.modifier.offence (model.unit.veteranSoldier) PERCENTAGE 50.0 index=40] [Modifier model.modifier.attackBonus (model.source.attackBonus) PERCENTAGE 50.0 index=50] = 4.5 defender=unit:248-freeColonist-soldier [Modifier model.modifier.defence (model.source.baseDefence) ADDITIVE 1.0 index=10] [Modifier model.modifier.defence (model.role.soldier) ADDITIVE 1.0 index=30] = 2.0 odds=0.6923076923076923 random(1.0)=0.6723076701164246 great=false Attack WIN LOSE_EQUIP PROMOTE_UNIT
May 16, 2018 12:13:03 AM net.sf.freecol.common.util.LogBuilder log
INFO: Combat attacker=unit:247-colonialRegular-soldier [Modifier model.modifier.offence (model.source.baseOffence) ADDITIVE 0.0 index=10] [Modifier model.modifier.offence (model.unit.colonialRegular) ADDITIVE 3.0 index=20] [Modifier model.modifier.offence (model.role.soldier) ADDITIVE 2.0 index=30] [Modifier model.modifier.attackBonus (model.source.attackBonus) PERCENTAGE 50.0 index=50] = 7.5 defender=unit:248-freeColonist-soldier [Modifier model.modifier.defence (model.source.baseDefence) ADDITIVE 1.0 index=10] [Modifier model.modifier.defence (model.role.soldier) ADDITIVE 1.0 index=30] = 2.0 odds=0.7894736842105263 random(1.0)=0.769473671913147 great=false Attack WIN LOSE_EQUIP
May 16, 2018 12:13:03 AM net.sf.freecol.common.model.Specification applyDifficultyLevel
INFO: Applying difficulty level model.difficulty.medium
May 16, 2018 12:13:03 AM net.sf.freecol.common.FreeColSeed getFreeColSeed
INFO: Using seed: 6271513616478245671
May 16, 2018 12:13:03 AM net.sf.freecol.server.networking.Server sendToAll
INFO: Reap dead connection: [DummyConnection Server connection - model.nation.arawak]
May 16, 2018 12:13:03 AM net.sf.freecol.server.networking.Server sendToAll
INFO: Reap dead connection: [DummyConnection Server connection - model.nation.inca]
May 16, 2018 12:13:03 AM net.sf.freecol.server.networking.Server sendToAll
INFO: Reap dead connection: [DummyConnection Server connection - model.nation.spanish]
May 16, 2018 12:13:03 AM net.sf.freecol.server.networking.Server sendToAll
INFO: Reap dead connection: [DummyConnection Server connection - model.nation.iroquois]
May 16, 2018 12:13:03 AM net.sf.freecol.server.networking.Server sendToAll
INFO: Reap dead connection: [DummyConnection Server connection - model.nation.english]
May 16, 2018 12:13:03 AM net.sf.freecol.server.networking.Server sendToAll
INFO: Reap dead connection: [DummyConnection Server connection - model.nation.sioux]
May 16, 2018 12:13:03 AM net.sf.freecol.server.networking.Server sendToAll
INFO: Reap dead connection: [DummyConnection Server connection - model.nation.french]
May 16, 2018 12:13:03 AM net.sf.freecol.server.networking.Server sendToAll
INFO: Reap dead connection: [DummyConnection Server connection - model.nation.cherokee]
May 16, 2018 12:13:03 AM net.sf.freecol.server.networking.Server sendToAll
INFO: Reap dead connection: [DummyConnection Server connection - model.nation.tupi]
May 16, 2018 12:13:03 AM net.sf.freecol.server.networking.Server sendToAll
INFO: Reap dead connection: [DummyConnection Server connection - model.nation.dutch]
May 16, 2018 12:13:03 AM net.sf.freecol.server.networking.Server sendToAll
INFO: Reap dead connection: [DummyConnection Server connection - model.nation.apache]
May 16, 2018 12:13:03 AM net.sf.freecol.server.networking.Server sendToAll
INFO: Reap dead connection: [DummyConnection Server connection - model.nation.aztec]
May 16, 2018 12:13:03 AM net.sf.freecol.common.networking.DOMMessage clientError
WARNING: Can not clear speciality of a teacher.
May 16, 2018 12:13:03 AM net.sf.freecol.common.model.Specification applyDifficultyLevel
INFO: Applying difficulty level model.difficulty.medium
May 16, 2018 12:13:03 AM net.sf.freecol.common.FreeColSeed getFreeColSeed
INFO: Using seed: -1213336414046235875
May 16, 2018 12:13:04 AM net.sf.freecol.server.networking.Server sendToAll
INFO: Reap dead connection: [DummyConnection Server connection - model.nation.tupi]
May 16, 2018 12:13:04 AM net.sf.freecol.server.networking.Server sendToAll
INFO: Reap dead connection: [DummyConnection Server connection - model.nation.apache]
May 16, 2018 12:13:04 AM net.sf.freecol.server.networking.Server sendToAll
INFO: Reap dead connection: [DummyConnection Server connection - model.nation.iroquois]
May 16, 2018 12:13:04 AM net.sf.freecol.server.networking.Server sendToAll
INFO: Reap dead connection: [DummyConnection Server connection - model.nation.aztec]
May 16, 2018 12:13:04 AM net.sf.freecol.server.networking.Server sendToAll
INFO: Reap dead connection: [DummyConnection Server connection - model.nation.arawak]
May 16, 2018 12:13:04 AM net.sf.freecol.server.networking.Server sendToAll
INFO: Reap dead connection: [DummyConnection Server connection - model.nation.inca]
May 16, 2018 12:13:04 AM net.sf.freecol.server.networking.Server sendToAll
INFO: Reap dead connection: [DummyConnection Server connection - model.nation.french]
May 16, 2018 12:13:04 AM net.sf.freecol.server.networking.Server sendToAll
INFO: Reap dead connection: [DummyConnection Server connection - model.nation.english]
May 16, 2018 12:13:04 AM net.sf.freecol.server.networking.Server sendToAll
INFO: Reap dead connection: [DummyConnection Server connection - model.nation.sioux]
May 16, 2018 12:13:04 AM net.sf.freecol.server.networking.Server sendToAll
INFO: Reap dead connection: [DummyConnection Server connection - model.nation.spanish]
May 16, 2018 12:13:04 AM net.sf.freecol.server.networking.Server sendToAll
INFO: Reap dead connection: [DummyConnection Server connection - model.nation.cherokee]
May 16, 2018 12:13:04 AM net.sf.freecol.server.networking.Server sendToAll
INFO: Reap dead connection: [DummyConnection Server connection - model.nation.dutch]
May 16, 2018 12:13:04 AM net.sf.freecol.server.model.ServerPlayer csChangeStance
INFO: Stance modification William I CEASE_FIRE -> PEACE wrt Louis XIV
May 16, 2018 12:13:04 AM net.sf.freecol.server.model.ServerPlayer csChangeStance
INFO: Stance modification Louis XIV CEASE_FIRE -> PEACE wrt William I (symmetric)
May 16, 2018 12:13:04 AM net.sf.freecol.common.model.Specification applyDifficultyLevel
INFO: Applying difficulty level model.difficulty.medium
May 16, 2018 12:13:04 AM net.sf.freecol.common.FreeColSeed getFreeColSeed
INFO: Using seed: 1842384262252769268
May 16, 2018 12:13:04 AM net.sf.freecol.server.networking.Server sendToAll
INFO: Reap dead connection: [DummyConnection Server connection - model.nation.arawak]
May 16, 2018 12:13:04 AM net.sf.freecol.server.networking.Server sendToAll
INFO: Reap dead connection: [DummyConnection Server connection - model.nation.aztec]
May 16, 2018 12:13:04 AM net.sf.freecol.server.networking.Server sendToAll
INFO: Reap dead connection: [DummyConnection Server connection - model.nation.cherokee]
May 16, 2018 12:13:04 AM net.sf.freecol.server.networking.Server sendToAll
INFO: Reap dead connection: [DummyConnection Server connection - model.nation.inca]
May 16, 2018 12:13:04 AM net.sf.freecol.server.networking.Server sendToAll
INFO: Reap dead connection: [DummyConnection Server connection - model.nation.sioux]
May 16, 2018 12:13:04 AM net.sf.freecol.server.networking.Server sendToAll
INFO: Reap dead connection: [DummyConnection Server connection - model.nation.iroquois]
May 16, 2018 12:13:04 AM net.sf.freecol.server.networking.Server sendToAll
INFO: Reap dead connection: [DummyConnection Server connection - model.nation.dutch]
May 16, 2018 12:13:04 AM net.sf.freecol.server.networking.Server sendToAll
INFO: Reap dead connection: [DummyConnection Server connection - model.nation.english]
May 16, 2018 12:13:04 AM net.sf.freecol.server.networking.Server sendToAll
INFO: Reap dead connection: [DummyConnection Server connection - model.nation.spanish]
May 16, 2018 12:13:04 AM net.sf.freecol.server.networking.Server sendToAll
INFO: Reap dead connection: [DummyConnection Server connection - model.nation.apache]
May 16, 2018 12:13:04 AM net.sf.freecol.server.networking.Server sendToAll
INFO: Reap dead connection: [DummyConnection Server connection - model.nation.tupi]
May 16, 2018 12:13:04 AM net.sf.freecol.server.networking.Server sendToAll
INFO: Reap dead connection: [DummyConnection Server connection - model.nation.french]
May 16, 2018 12:13:04 AM net.sf.freecol.common.model.Specification applyDifficultyLevel
INFO: Applying difficulty level model.difficulty.medium
May 16, 2018 12:13:04 AM net.sf.freecol.common.FreeColSeed getFreeColSeed
INFO: Using seed: -8727320011881290696
May 16, 2018 12:13:04 AM net.sf.freecol.server.networking.Server sendToAll
INFO: Reap dead connection: [DummyConnection Server connection - model.nation.french]
May 16, 2018 12:13:04 AM net.sf.freecol.server.networking.Server sendToAll
INFO: Reap dead connection: [DummyConnection Server connection - model.nation.arawak]
May 16, 2018 12:13:04 AM net.sf.freecol.server.networking.Server sendToAll
INFO: Reap dead connection: [DummyConnection Server connection - model.nation.aztec]
May 16, 2018 12:13:04 AM net.sf.freecol.server.networking.Server sendToAll
INFO: Reap dead connection: [DummyConnection Server connection - model.nation.sioux]
May 16, 2018 12:13:04 AM net.sf.freecol.server.networking.Server sendToAll
INFO: Reap dead connection: [DummyConnection Server connection - model.nation.dutch]
May 16, 2018 12:13:04 AM net.sf.freecol.server.networking.Server sendToAll
INFO: Reap dead connection: [DummyConnection Server connection - model.nation.iroquois]
May 16, 2018 12:13:04 AM net.sf.freecol.server.networking.Server sendToAll
INFO: Reap dead connection: [DummyConnection Server connection - model.nation.tupi]
May 16, 2018 12:13:04 AM net.sf.freecol.server.networking.Server sendToAll
INFO: Reap dead connection: [DummyConnection Server connection - model.nation.apache]
May 16, 2018 12:13:04 AM net.sf.freecol.server.networking.Server sendToAll
INFO: Reap dead connection: [DummyConnection Server connection - model.nation.inca]
May 16, 2018 12:13:04 AM net.sf.freecol.server.networking.Server sendToAll
INFO: Reap dead connection: [DummyConnection Server connection - model.nation.spanish]
May 16, 2018 12:13:04 AM net.sf.freecol.server.networking.Server sendToAll
INFO: Reap dead connection: [DummyConnection Server connection - model.nation.english]
May 16, 2018 12:13:04 AM net.sf.freecol.server.networking.Server sendToAll
INFO: Reap dead connection: [DummyConnection Server connection - model.nation.cherokee]
May 16, 2018 12:13:04 AM net.sf.freecol.common.model.Specification applyDifficultyLevel
INFO: Applying difficulty level model.difficulty.medium
May 16, 2018 12:13:04 AM net.sf.freecol.common.FreeColSeed getFreeColSeed
INFO: Using seed: 1064103000724972650
May 16, 2018 12:13:04 AM net.sf.freecol.server.networking.Server sendToAll
INFO: Reap dead connection: [DummyConnection Server connection - model.nation.apache]
May 16, 2018 12:13:04 AM net.sf.freecol.server.networking.Server sendToAll
INFO: Reap dead connection: [DummyConnection Server connection - model.nation.sioux]
May 16, 2018 12:13:04 AM net.sf.freecol.server.networking.Server sendToAll
INFO: Reap dead connection: [DummyConnection Server connection - model.nation.cherokee]
May 16, 2018 12:13:04 AM net.sf.freecol.server.networking.Server sendToAll
INFO: Reap dead connection: [DummyConnection Server connection - model.nation.iroquois]
May 16, 2018 12:13:04 AM net.sf.freecol.server.networking.Server sendToAll
INFO: Reap dead connection: [DummyConnection Server connection - model.nation.french]
May 16, 2018 12:13:04 AM net.sf.freecol.server.networking.Server sendToAll
INFO: Reap dead connection: [DummyConnection Server connection - model.nation.spanish]
May 16, 2018 12:13:04 AM net.sf.freecol.server.networking.Server sendToAll
INFO: Reap dead connection: [DummyConnection Server connection - model.nation.dutch]
May 16, 2018 12:13:04 AM net.sf.freecol.server.networking.Server sendToAll
INFO: Reap dead connection: [DummyConnection Server connection - model.nation.english]
May 16, 2018 12:13:04 AM net.sf.freecol.server.networking.Server sendToAll
INFO: Reap dead connection: [DummyConnection Server connection - model.nation.aztec]
May 16, 2018 12:13:04 AM net.sf.freecol.server.networking.Server sendToAll
INFO: Reap dead connection: [DummyConnection Server connection - model.nation.tupi]
May 16, 2018 12:13:04 AM net.sf.freecol.server.networking.Server sendToAll
INFO: Reap dead connection: [DummyConnection Server connection - model.nation.arawak]
May 16, 2018 12:13:04 AM net.sf.freecol.server.networking.Server sendToAll
INFO: Reap dead connection: [DummyConnection Server connection - model.nation.inca]
May 16, 2018 12:13:04 AM net.sf.freecol.common.model.Unit setLocation
WARNING: Can not add [unit:249 dutch treasureTrain 1/1] to tile:629
May 16, 2018 12:13:04 AM net.sf.freecol.common.util.LogBuilder log
INFO: Destroying: unit:249
May 16, 2018 12:13:04 AM net.sf.freecol.common.model.Unit setLocation
WARNING: Can not add [unit:250 dutch treasureTrain 1/1] to tile:629
May 16, 2018 12:13:04 AM net.sf.freecol.common.model.Specification applyDifficultyLevel
INFO: Applying difficulty level model.difficulty.medium
May 16, 2018 12:13:04 AM net.sf.freecol.common.FreeColSeed getFreeColSeed
INFO: Using seed: 8624600053618628453
May 16, 2018 12:13:05 AM net.sf.freecol.server.networking.Server sendToAll
INFO: Reap dead connection: [DummyConnection Server connection - model.nation.sioux]
May 16, 2018 12:13:05 AM net.sf.freecol.server.networking.Server sendToAll
INFO: Reap dead connection: [DummyConnection Server connection - model.nation.dutch]
May 16, 2018 12:13:05 AM net.sf.freecol.server.networking.Server sendToAll
INFO: Reap dead connection: [DummyConnection Server connection - model.nation.french]
May 16, 2018 12:13:05 AM net.sf.freecol.server.networking.Server sendToAll
INFO: Reap dead connection: [DummyConnection Server connection - model.nation.aztec]
May 16, 2018 12:13:05 AM net.sf.freecol.server.networking.Server sendToAll
INFO: Reap dead connection: [DummyConnection Server connection - model.nation.arawak]
May 16, 2018 12:13:05 AM net.sf.freecol.server.networking.Server sendToAll
INFO: Reap dead connection: [DummyConnection Server connection - model.nation.inca]
May 16, 2018 12:13:05 AM net.sf.freecol.server.networking.Server sendToAll
INFO: Reap dead connection: [DummyConnection Server connection - model.nation.spanish]
May 16, 2018 12:13:05 AM net.sf.freecol.server.networking.Server sendToAll
INFO: Reap dead connection: [DummyConnection Server connection - model.nation.tupi]
May 16, 2018 12:13:05 AM net.sf.freecol.server.networking.Server sendToAll
INFO: Reap dead connection: [DummyConnection Server connection - model.nation.cherokee]
May 16, 2018 12:13:05 AM net.sf.freecol.server.networking.Server sendToAll
INFO: Reap dead connection: [DummyConnection Server connection - model.nation.iroquois]
May 16, 2018 12:13:05 AM net.sf.freecol.server.networking.Server sendToAll
INFO: Reap dead connection: [DummyConnection Server connection - model.nation.english]
May 16, 2018 12:13:05 AM net.sf.freecol.server.networking.Server sendToAll
INFO: Reap dead connection: [DummyConnection Server connection - model.nation.apache]
May 16, 2018 12:13:05 AM net.sf.freecol.common.model.Specification applyDifficultyLevel
INFO: Applying difficulty level model.difficulty.medium
May 16, 2018 12:13:05 AM net.sf.freecol.common.FreeColSeed getFreeColSeed
INFO: Using seed: 5254822944657455347
May 16, 2018 12:13:05 AM net.sf.freecol.server.networking.Server sendToAll
INFO: Reap dead connection: [DummyConnection Server connection - model.nation.iroquois]
May 16, 2018 12:13:05 AM net.sf.freecol.server.networking.Server sendToAll
INFO: Reap dead connection: [DummyConnection Server connection - model.nation.spanish]
May 16, 2018 12:13:05 AM net.sf.freecol.server.networking.Server sendToAll
INFO: Reap dead connection: [DummyConnection Server connection - model.nation.french]
May 16, 2018 12:13:05 AM net.sf.freecol.server.networking.Server sendToAll
INFO: Reap dead connection: [DummyConnection Server connection - model.nation.cherokee]
May 16, 2018 12:13:05 AM net.sf.freecol.server.networking.Server sendToAll
INFO: Reap dead connection: [DummyConnection Server connection - model.nation.dutch]
May 16, 2018 12:13:05 AM net.sf.freecol.server.networking.Server sendToAll
INFO: Reap dead connection: [DummyConnection Server connection - model.nation.aztec]
May 16, 2018 12:13:05 AM net.sf.freecol.server.networking.Server sendToAll
INFO: Reap dead connection: [DummyConnection Server connection - model.nation.inca]
May 16, 2018 12:13:05 AM net.sf.freecol.server.networking.Server sendToAll
INFO: Reap dead connection: [DummyConnection Server connection - model.nation.sioux]
May 16, 2018 12:13:05 AM net.sf.freecol.server.networking.Server sendToAll
INFO: Reap dead connection: [DummyConnection Server connection - model.nation.arawak]
May 16, 2018 12:13:05 AM net.sf.freecol.server.networking.Server sendToAll
INFO: Reap dead connection: [DummyConnection Server connection - model.nation.tupi]
May 16, 2018 12:13:05 AM net.sf.freecol.server.networking.Server sendToAll
INFO: Reap dead connection: [DummyConnection Server connection - model.nation.english]
May 16, 2018 12:13:05 AM net.sf.freecol.server.networking.Server sendToAll
INFO: Reap dead connection: [DummyConnection Server connection - model.nation.apache]
May 16, 2018 12:13:05 AM net.sf.freecol.common.model.Specification applyDifficultyLevel
INFO: Applying difficulty level model.difficulty.medium
May 16, 2018 12:13:05 AM net.sf.freecol.common.FreeColSeed getFreeColSeed
INFO: Using seed: 4867992896944060201
May 16, 2018 12:13:05 AM net.sf.freecol.server.networking.Server sendToAll
INFO: Reap dead connection: [DummyConnection Server connection - model.nation.sioux]
May 16, 2018 12:13:05 AM net.sf.freecol.server.networking.Server sendToAll
INFO: Reap dead connection: [DummyConnection Server connection - model.nation.inca]
May 16, 2018 12:13:05 AM net.sf.freecol.server.networking.Server sendToAll
INFO: Reap dead connection: [DummyConnection Server connection - model.nation.iroquois]
May 16, 2018 12:13:05 AM net.sf.freecol.server.networking.Server sendToAll
INFO: Reap dead connection: [DummyConnection Server connection - model.nation.cherokee]
May 16, 2018 12:13:05 AM net.sf.freecol.server.networking.Server sendToAll
INFO: Reap dead connection: [DummyConnection Server connection - model.nation.dutch]
May 16, 2018 12:13:05 AM net.sf.freecol.server.networking.Server sendToAll
INFO: Reap dead connection: [DummyConnection Server connection - model.nation.english]
May 16, 2018 12:13:05 AM net.sf.freecol.server.networking.Server sendToAll
INFO: Reap dead connection: [DummyConnection Server connection - model.nation.arawak]
May 16, 2018 12:13:05 AM net.sf.freecol.server.networking.Server sendToAll
INFO: Reap dead connection: [DummyConnection Server connection - model.nation.tupi]
May 16, 2018 12:13:05 AM net.sf.freecol.server.networking.Server sendToAll
INFO: Reap dead connection: [DummyConnection Server connection - model.nation.aztec]
May 16, 2018 12:13:05 AM net.sf.freecol.server.networking.Server sendToAll
INFO: Reap dead connection: [DummyConnection Server connection - model.nation.spanish]
May 16, 2018 12:13:05 AM net.sf.freecol.server.networking.Server sendToAll
INFO: Reap dead connection: [DummyConnection Server connection - model.nation.french]
May 16, 2018 12:13:05 AM net.sf.freecol.server.networking.Server sendToAll
INFO: Reap dead connection: [DummyConnection Server connection - model.nation.apache]
May 16, 2018 12:13:05 AM net.sf.freecol.server.model.ServerPlayer csChangeStance
INFO: Stance modification William I UNCONTACTED -> WAR wrt Louis XIV
May 16, 2018 12:13:05 AM net.sf.freecol.server.model.ServerPlayer csChangeStance
INFO: Stance modification Louis XIV UNCONTACTED -> WAR wrt William I (symmetric)
May 16, 2018 12:13:05 AM net.sf.freecol.common.util.LogBuilder log
INFO: Combat attacker=unit:247-freeColonist-soldier [Modifier model.modifier.offence (model.source.baseOffence) ADDITIVE 0.0 index=10] [Modifier model.modifier.offence (model.role.soldier) ADDITIVE 2.0 index=30] [Modifier model.modifier.attackBonus (model.source.attackBonus) PERCENTAGE 50.0 index=50] = 3.0 defender=unit:248-freeColonist-soldier [Modifier model.modifier.defence (model.source.baseDefence) ADDITIVE 1.0 index=10] [Modifier model.modifier.defence (model.role.soldier) ADDITIVE 1.0 index=30] = 2.0 odds=0.6 random(1.0)=0.6200000047683716 great=false Attack LOSE LOSE_EQUIP
May 16, 2018 12:13:05 AM net.sf.freecol.common.util.LogBuilder log
INFO: Combat attacker=unit:247-freeColonist [Modifier model.modifier.offence (model.source.baseOffence) ADDITIVE 0.0 index=10] [Modifier model.modifier.attackBonus (model.source.attackBonus) PERCENTAGE 50.0 index=50] = 0.0 defender=unit:248-freeColonist-soldier [Modifier model.modifier.defence (model.source.baseDefence) ADDITIVE 1.0 index=10] [Modifier model.modifier.defence (model.role.soldier) ADDITIVE 1.0 index=30] = 2.0 odds=0.0 random(1.0)=0.019999999552965164 great=false Attack LOSE CAPTURE_UNIT
May 16, 2018 12:13:05 AM net.sf.freecol.common.model.Specification applyDifficultyLevel
INFO: Applying difficulty level model.difficulty.medium
May 16, 2018 12:13:05 AM net.sf.freecol.common.FreeColSeed getFreeColSeed
INFO: Using seed: -8685735502142720805
May 16, 2018 12:13:05 AM net.sf.freecol.server.networking.Server sendToAll
INFO: Reap dead connection: [DummyConnection Server connection - model.nation.sioux]
May 16, 2018 12:13:05 AM net.sf.freecol.server.networking.Server sendToAll
INFO: Reap dead connection: [DummyConnection Server connection - model.nation.dutch]
May 16, 2018 12:13:05 AM net.sf.freecol.server.networking.Server sendToAll
INFO: Reap dead connection: [DummyConnection Server connection - model.nation.iroquois]
May 16, 2018 12:13:05 AM net.sf.freecol.server.networking.Server sendToAll
INFO: Reap dead connection: [DummyConnection Server connection - model.nation.spanish]
May 16, 2018 12:13:05 AM net.sf.freecol.server.networking.Server sendToAll
INFO: Reap dead connection: [DummyConnection Server connection - model.nation.tupi]
May 16, 2018 12:13:05 AM net.sf.freecol.server.networking.Server sendToAll
INFO: Reap dead connection: [DummyConnection Server connection - model.nation.inca]
May 16, 2018 12:13:05 AM net.sf.freecol.server.networking.Server sendToAll
INFO: Reap dead connection: [DummyConnection Server connection - model.nation.cherokee]
May 16, 2018 12:13:05 AM net.sf.freecol.server.networking.Server sendToAll
INFO: Reap dead connection: [DummyConnection Server connection - model.nation.french]
May 16, 2018 12:13:05 AM net.sf.freecol.server.networking.Server sendToAll
INFO: Reap dead connection: [DummyConnection Server connection - model.nation.english]
May 16, 2018 12:13:05 AM net.sf.freecol.server.networking.Server sendToAll
INFO: Reap dead connection: [DummyConnection Server connection - model.nation.arawak]
May 16, 2018 12:13:05 AM net.sf.freecol.server.networking.Server sendToAll
INFO: Reap dead connection: [DummyConnection Server connection - model.nation.apache]
May 16, 2018 12:13:05 AM net.sf.freecol.server.networking.Server sendToAll
INFO: Reap dead connection: [DummyConnection Server connection - model.nation.aztec]
May 16, 2018 12:13:05 AM net.sf.freecol.server.model.ServerPlayer csChangeStance
INFO: Stance modification Louis XIV UNCONTACTED -> WAR wrt William I
May 16, 2018 12:13:05 AM net.sf.freecol.server.model.ServerPlayer csChangeStance
INFO: Stance modification William I UNCONTACTED -> WAR wrt Louis XIV (symmetric)
May 16, 2018 12:13:05 AM net.sf.freecol.common.util.LogBuilder log
INFO: Combat attacker=unit:248-veteranSoldier-soldier [Modifier model.modifier.offence (model.source.baseOffence) ADDITIVE 0.0 index=10] [Modifier model.modifier.offence (model.role.soldier) ADDITIVE 2.0 index=30] [Modifier model.modifier.offence (model.unit.veteranSoldier) PERCENTAGE 50.0 index=40] [Modifier model.modifier.attackBonus (model.source.attackBonus) PERCENTAGE 50.0 index=50] = 4.5 defender=unit:247-colonialRegular-soldier [Modifier model.modifier.defence (model.source.baseDefence) ADDITIVE 1.0 index=10] [Modifier model.modifier.defence (model.unit.colonialRegular) ADDITIVE 3.0 index=20] [Modifier model.modifier.defence (model.role.soldier) ADDITIVE 1.0 index=30] = 5.0 odds=0.47368421052631576 random(1.0)=0.4536842107772827 great=false Attack WIN LOSE_EQUIP DEMOTE_UNIT
May 16, 2018 12:13:05 AM net.sf.freecol.common.util.LogBuilder log
INFO: Combat attacker=unit:248-veteranSoldier-soldier [Modifier model.modifier.offence (model.source.baseOffence) ADDITIVE 0.0 index=10] [Modifier model.modifier.offence (model.role.soldier) ADDITIVE 2.0 index=30] [Modifier model.modifier.offence (model.unit.veteranSoldier) PERCENTAGE 50.0 index=40] [Modifier model.modifier.attackBonus (model.source.attackBonus) PERCENTAGE 50.0 index=50] = 4.5 defender=unit:247-veteranSoldier [Modifier model.modifier.defence (model.source.baseDefence) ADDITIVE 1.0 index=10] [Modifier model.modifier.defence (model.unit.veteranSoldier) PERCENTAGE 50.0 index=40] = 1.5 odds=0.75 random(1.0)=0.7300000190734863 great=false Attack WIN CAPTURE_UNIT
May 16, 2018 12:13:05 AM net.sf.freecol.common.model.Specification applyDifficultyLevel
INFO: Applying difficulty level model.difficulty.medium
May 16, 2018 12:13:05 AM net.sf.freecol.common.FreeColSeed getFreeColSeed
INFO: Using seed: 8100791086794235301
May 16, 2018 12:13:05 AM net.sf.freecol.server.networking.Server sendToAll
INFO: Reap dead connection: [DummyConnection Server connection - model.nation.spanish]
May 16, 2018 12:13:05 AM net.sf.freecol.server.networking.Server sendToAll
INFO: Reap dead connection: [DummyConnection Server connection - model.nation.cherokee]
May 16, 2018 12:13:05 AM net.sf.freecol.server.networking.Server sendToAll
INFO: Reap dead connection: [DummyConnection Server connection - model.nation.iroquois]
May 16, 2018 12:13:05 AM net.sf.freecol.server.networking.Server sendToAll
INFO: Reap dead connection: [DummyConnection Server connection - model.nation.tupi]
May 16, 2018 12:13:05 AM net.sf.freecol.server.networking.Server sendToAll
INFO: Reap dead connection: [DummyConnection Server connection - model.nation.dutch]
May 16, 2018 12:13:05 AM net.sf.freecol.server.networking.Server sendToAll
INFO: Reap dead connection: [DummyConnection Server connection - model.nation.arawak]
May 16, 2018 12:13:05 AM net.sf.freecol.server.networking.Server sendToAll
INFO: Reap dead connection: [DummyConnection Server connection - model.nation.apache]
May 16, 2018 12:13:05 AM net.sf.freecol.server.networking.Server sendToAll
INFO: Reap dead connection: [DummyConnection Server connection - model.nation.aztec]
May 16, 2018 12:13:05 AM net.sf.freecol.server.networking.Server sendToAll
INFO: Reap dead connection: [DummyConnection Server connection - model.nation.french]
May 16, 2018 12:13:05 AM net.sf.freecol.server.networking.Server sendToAll
INFO: Reap dead connection: [DummyConnection Server connection - model.nation.english]
May 16, 2018 12:13:05 AM net.sf.freecol.server.networking.Server sendToAll
INFO: Reap dead connection: [DummyConnection Server connection - model.nation.sioux]
May 16, 2018 12:13:05 AM net.sf.freecol.server.networking.Server sendToAll
INFO: Reap dead connection: [DummyConnection Server connection - model.nation.inca]
May 16, 2018 12:13:05 AM net.sf.freecol.server.ai.AIUnit dispose
WARNING: Disposing of unit:271 but owner is null!
May 16, 2018 12:13:05 AM net.sf.freecol.server.ai.AIUnit dispose
WARNING: Disposing of unit:270 but owner is null!
May 16, 2018 12:13:05 AM net.sf.freecol.common.model.Specification applyDifficultyLevel
INFO: Applying difficulty level model.difficulty.medium
May 16, 2018 12:13:06 AM net.sf.freecol.common.FreeColSeed getFreeColSeed
INFO: Using seed: 4466206663996783062
May 16, 2018 12:13:06 AM net.sf.freecol.server.networking.Server sendToAll
INFO: Reap dead connection: [DummyConnection Server connection - model.nation.french]
May 16, 2018 12:13:06 AM net.sf.freecol.server.networking.Server sendToAll
INFO: Reap dead connection: [DummyConnection Server connection - model.nation.apache]
May 16, 2018 12:13:06 AM net.sf.freecol.server.networking.Server sendToAll
INFO: Reap dead connection: [DummyConnection Server connection - model.nation.aztec]
May 16, 2018 12:13:06 AM net.sf.freecol.server.networking.Server sendToAll
INFO: Reap dead connection: [DummyConnection Server connection - model.nation.cherokee]
May 16, 2018 12:13:06 AM net.sf.freecol.server.networking.Server sendToAll
INFO: Reap dead connection: [DummyConnection Server connection - model.nation.arawak]
May 16, 2018 12:13:06 AM net.sf.freecol.server.networking.Server sendToAll
INFO: Reap dead connection: [DummyConnection Server connection - model.nation.inca]
May 16, 2018 12:13:06 AM net.sf.freecol.server.networking.Server sendToAll
INFO: Reap dead connection: [DummyConnection Server connection - model.nation.english]
May 16, 2018 12:13:06 AM net.sf.freecol.server.networking.Server sendToAll
INFO: Reap dead connection: [DummyConnection Server connection - model.nation.spanish]
May 16, 2018 12:13:06 AM net.sf.freecol.server.networking.Server sendToAll
INFO: Reap dead connection: [DummyConnection Server connection - model.nation.sioux]
May 16, 2018 12:13:06 AM net.sf.freecol.server.networking.Server sendToAll
INFO: Reap dead connection: [DummyConnection Server connection - model.nation.iroquois]
May 16, 2018 12:13:06 AM net.sf.freecol.server.networking.Server sendToAll
INFO: Reap dead connection: [DummyConnection Server connection - model.nation.tupi]
May 16, 2018 12:13:06 AM net.sf.freecol.server.networking.Server sendToAll
INFO: Reap dead connection: [DummyConnection Server connection - model.nation.dutch]
May 16, 2018 12:13:06 AM net.sf.freecol.server.model.ServerPlayer csChangeStance
INFO: Stance modification William I UNCONTACTED -> PEACE wrt Guaira
May 16, 2018 12:13:06 AM net.sf.freecol.server.model.ServerPlayer csChangeStance
INFO: Stance modification Guaira UNCONTACTED -> PEACE wrt William I (symmetric)
May 16, 2018 12:13:06 AM net.sf.freecol.common.util.LogBuilder log
INFO: Destroying: unit:253
May 16, 2018 12:13:06 AM net.sf.freecol.server.model.ServerPlayer csChangeStance
INFO: Stance modification Louis XIV UNCONTACTED -> PEACE wrt Guaira
May 16, 2018 12:13:06 AM net.sf.freecol.server.model.ServerPlayer csChangeStance
INFO: Stance modification Guaira UNCONTACTED -> PEACE wrt Louis XIV (symmetric)
May 16, 2018 12:13:06 AM net.sf.freecol.common.model.Specification applyDifficultyLevel
INFO: Applying difficulty level model.difficulty.medium
May 16, 2018 12:13:06 AM net.sf.freecol.common.FreeColSeed getFreeColSeed
INFO: Using seed: -5577494517345433279
May 16, 2018 12:13:06 AM net.sf.freecol.server.networking.Server sendToAll
INFO: Reap dead connection: [DummyConnection Server connection - model.nation.aztec]
May 16, 2018 12:13:06 AM net.sf.freecol.server.networking.Server sendToAll
INFO: Reap dead connection: [DummyConnection Server connection - model.nation.spanish]
May 16, 2018 12:13:06 AM net.sf.freecol.server.networking.Server sendToAll
INFO: Reap dead connection: [DummyConnection Server connection - model.nation.french]
May 16, 2018 12:13:06 AM net.sf.freecol.server.networking.Server sendToAll
INFO: Reap dead connection: [DummyConnection Server connection - model.nation.sioux]
May 16, 2018 12:13:06 AM net.sf.freecol.server.networking.Server sendToAll
INFO: Reap dead connection: [DummyConnection Server connection - model.nation.english]
May 16, 2018 12:13:06 AM net.sf.freecol.server.networking.Server sendToAll
INFO: Reap dead connection: [DummyConnection Server connection - model.nation.arawak]
May 16, 2018 12:13:06 AM net.sf.freecol.server.networking.Server sendToAll
INFO: Reap dead connection: [DummyConnection Server connection - model.nation.inca]
May 16, 2018 12:13:06 AM net.sf.freecol.server.networking.Server sendToAll
INFO: Reap dead connection: [DummyConnection Server connection - model.nation.iroquois]
May 16, 2018 12:13:06 AM net.sf.freecol.server.networking.Server sendToAll
INFO: Reap dead connection: [DummyConnection Server connection - model.nation.dutch]
May 16, 2018 12:13:06 AM net.sf.freecol.server.networking.Server sendToAll
INFO: Reap dead connection: [DummyConnection Server connection - model.nation.apache]
May 16, 2018 12:13:06 AM net.sf.freecol.server.networking.Server sendToAll
INFO: Reap dead connection: [DummyConnection Server connection - model.nation.tupi]
May 16, 2018 12:13:06 AM net.sf.freecol.server.networking.Server sendToAll
INFO: Reap dead connection: [DummyConnection Server connection - model.nation.cherokee]
May 16, 2018 12:13:06 AM net.sf.freecol.common.model.Specification applyDifficultyLevel
INFO: Applying difficulty level model.difficulty.medium
May 16, 2018 12:13:06 AM net.sf.freecol.common.FreeColSeed getFreeColSeed
INFO: Using seed: 8845907429947389796
May 16, 2018 12:13:06 AM net.sf.freecol.server.networking.Server sendToAll
INFO: Reap dead connection: [DummyConnection Server connection - model.nation.inca]
May 16, 2018 12:13:06 AM net.sf.freecol.server.networking.Server sendToAll
INFO: Reap dead connection: [DummyConnection Server connection - model.nation.aztec]
May 16, 2018 12:13:06 AM net.sf.freecol.server.networking.Server sendToAll
INFO: Reap dead connection: [DummyConnection Server connection - model.nation.french]
May 16, 2018 12:13:06 AM net.sf.freecol.server.networking.Server sendToAll
INFO: Reap dead connection: [DummyConnection Server connection - model.nation.dutch]
May 16, 2018 12:13:06 AM net.sf.freecol.server.networking.Server sendToAll
INFO: Reap dead connection: [DummyConnection Server connection - model.nation.cherokee]
May 16, 2018 12:13:06 AM net.sf.freecol.server.networking.Server sendToAll
INFO: Reap dead connection: [DummyConnection Server connection - model.nation.arawak]
May 16, 2018 12:13:06 AM net.sf.freecol.server.networking.Server sendToAll
INFO: Reap dead connection: [DummyConnection Server connection - model.nation.english]
May 16, 2018 12:13:06 AM net.sf.freecol.server.networking.Server sendToAll
INFO: Reap dead connection: [DummyConnection Server connection - model.nation.apache]
May 16, 2018 12:13:06 AM net.sf.freecol.server.networking.Server sendToAll
INFO: Reap dead connection: [DummyConnection Server connection - model.nation.tupi]
May 16, 2018 12:13:06 AM net.sf.freecol.server.networking.Server sendToAll
INFO: Reap dead connection: [DummyConnection Server connection - model.nation.iroquois]
May 16, 2018 12:13:06 AM net.sf.freecol.server.networking.Server sendToAll
INFO: Reap dead connection: [DummyConnection Server connection - model.nation.sioux]
May 16, 2018 12:13:06 AM net.sf.freecol.server.networking.Server sendToAll
INFO: Reap dead connection: [DummyConnection Server connection - model.nation.spanish]
May 16, 2018 12:13:06 AM net.sf.freecol.common.model.Specification applyDifficultyLevel
INFO: Applying difficulty level model.difficulty.medium
May 16, 2018 12:13:06 AM net.sf.freecol.common.FreeColSeed getFreeColSeed
INFO: Using seed: 5872332076876952324
May 16, 2018 12:13:06 AM net.sf.freecol.server.networking.Server sendToAll
INFO: Reap dead connection: [DummyConnection Server connection - model.nation.arawak]
May 16, 2018 12:13:06 AM net.sf.freecol.server.networking.Server sendToAll
INFO: Reap dead connection: [DummyConnection Server connection - model.nation.tupi]
May 16, 2018 12:13:06 AM net.sf.freecol.server.networking.Server sendToAll
INFO: Reap dead connection: [DummyConnection Server connection - model.nation.english]
May 16, 2018 12:13:06 AM net.sf.freecol.server.networking.Server sendToAll
INFO: Reap dead connection: [DummyConnection Server connection - model.nation.inca]
May 16, 2018 12:13:06 AM net.sf.freecol.server.networking.Server sendToAll
INFO: Reap dead connection: [DummyConnection Server connection - model.nation.dutch]
May 16, 2018 12:13:06 AM net.sf.freecol.server.networking.Server sendToAll
INFO: Reap dead connection: [DummyConnection Server connection - model.nation.cherokee]
May 16, 2018 12:13:06 AM net.sf.freecol.server.networking.Server sendToAll
INFO: Reap dead connection: [DummyConnection Server connection - model.nation.sioux]
May 16, 2018 12:13:06 AM net.sf.freecol.server.networking.Server sendToAll
INFO: Reap dead connection: [DummyConnection Server connection - model.nation.aztec]
May 16, 2018 12:13:06 AM net.sf.freecol.server.networking.Server sendToAll
INFO: Reap dead connection: [DummyConnection Server connection - model.nation.spanish]
May 16, 2018 12:13:06 AM net.sf.freecol.server.networking.Server sendToAll
INFO: Reap dead connection: [DummyConnection Server connection - model.nation.iroquois]
May 16, 2018 12:13:06 AM net.sf.freecol.server.networking.Server sendToAll
INFO: Reap dead connection: [DummyConnection Server connection - model.nation.french]
May 16, 2018 12:13:06 AM net.sf.freecol.server.networking.Server sendToAll
INFO: Reap dead connection: [DummyConnection Server connection - model.nation.apache]
May 16, 2018 12:13:06 AM net.sf.freecol.common.model.Specification applyDifficultyLevel
INFO: Applying difficulty level model.difficulty.medium
May 16, 2018 12:13:06 AM net.sf.freecol.common.FreeColSeed getFreeColSeed
INFO: Using seed: -5051656670391701649
May 16, 2018 12:13:06 AM net.sf.freecol.server.networking.Server sendToAll
INFO: Reap dead connection: [DummyConnection Server connection - model.nation.inca]
May 16, 2018 12:13:06 AM net.sf.freecol.server.networking.Server sendToAll
INFO: Reap dead connection: [DummyConnection Server connection - model.nation.aztec]
May 16, 2018 12:13:06 AM net.sf.freecol.server.networking.Server sendToAll
INFO: Reap dead connection: [DummyConnection Server connection - model.nation.dutch]
May 16, 2018 12:13:06 AM net.sf.freecol.server.networking.Server sendToAll
INFO: Reap dead connection: [DummyConnection Server connection - model.nation.cherokee]
May 16, 2018 12:13:06 AM net.sf.freecol.server.networking.Server sendToAll
INFO: Reap dead connection: [DummyConnection Server connection - model.nation.tupi]
May 16, 2018 12:13:06 AM net.sf.freecol.server.networking.Server sendToAll
INFO: Reap dead connection: [DummyConnection Server connection - model.nation.arawak]
May 16, 2018 12:13:06 AM net.sf.freecol.server.networking.Server sendToAll
INFO: Reap dead connection: [DummyConnection Server connection - model.nation.spanish]
May 16, 2018 12:13:06 AM net.sf.freecol.server.networking.Server sendToAll
INFO: Reap dead connection: [DummyConnection Server connection - model.nation.iroquois]
May 16, 2018 12:13:06 AM net.sf.freecol.server.networking.Server sendToAll
INFO: Reap dead connection: [DummyConnection Server connection - model.nation.french]
May 16, 2018 12:13:06 AM net.sf.freecol.server.networking.Server sendToAll
INFO: Reap dead connection: [DummyConnection Server connection - model.nation.sioux]
May 16, 2018 12:13:06 AM net.sf.freecol.server.networking.Server sendToAll
INFO: Reap dead connection: [DummyConnection Server connection - model.nation.english]
May 16, 2018 12:13:06 AM net.sf.freecol.server.networking.Server sendToAll
INFO: Reap dead connection: [DummyConnection Server connection - model.nation.apache]
May 16, 2018 12:13:06 AM net.sf.freecol.common.model.Specification applyDifficultyLevel
INFO: Applying difficulty level model.difficulty.medium
May 16, 2018 12:13:06 AM net.sf.freecol.common.FreeColSeed getFreeColSeed
INFO: Using seed: 7950321854031511376
May 16, 2018 12:13:07 AM net.sf.freecol.server.networking.Server sendToAll
INFO: Reap dead connection: [DummyConnection Server connection - model.nation.tupi]
May 16, 2018 12:13:07 AM net.sf.freecol.server.networking.Server sendToAll
INFO: Reap dead connection: [DummyConnection Server connection - model.nation.spanish]
May 16, 2018 12:13:07 AM net.sf.freecol.server.networking.Server sendToAll
INFO: Reap dead connection: [DummyConnection Server connection - model.nation.french]
May 16, 2018 12:13:07 AM net.sf.freecol.server.networking.Server sendToAll
INFO: Reap dead connection: [DummyConnection Server connection - model.nation.aztec]
May 16, 2018 12:13:07 AM net.sf.freecol.server.networking.Server sendToAll
INFO: Reap dead connection: [DummyConnection Server connection - model.nation.cherokee]
May 16, 2018 12:13:07 AM net.sf.freecol.server.networking.Server sendToAll
INFO: Reap dead connection: [DummyConnection Server connection - model.nation.english]
May 16, 2018 12:13:07 AM net.sf.freecol.server.networking.Server sendToAll
INFO: Reap dead connection: [DummyConnection Server connection - model.nation.apache]
May 16, 2018 12:13:07 AM net.sf.freecol.server.networking.Server sendToAll
INFO: Reap dead connection: [DummyConnection Server connection - model.nation.arawak]
May 16, 2018 12:13:07 AM net.sf.freecol.server.networking.Server sendToAll
INFO: Reap dead connection: [DummyConnection Server connection - model.nation.inca]
May 16, 2018 12:13:07 AM net.sf.freecol.server.networking.Server sendToAll
INFO: Reap dead connection: [DummyConnection Server connection - model.nation.sioux]
May 16, 2018 12:13:07 AM net.sf.freecol.server.networking.Server sendToAll
INFO: Reap dead connection: [DummyConnection Server connection - model.nation.iroquois]
May 16, 2018 12:13:07 AM net.sf.freecol.server.networking.Server sendToAll
INFO: Reap dead connection: [DummyConnection Server connection - model.nation.dutch]
May 16, 2018 12:13:07 AM net.sf.freecol.common.model.Specification applyDifficultyLevel
INFO: Applying difficulty level model.difficulty.medium
May 16, 2018 12:13:07 AM net.sf.freecol.common.FreeColSeed getFreeColSeed
INFO: Using seed: -6808715083370913745
May 16, 2018 12:13:07 AM net.sf.freecol.server.networking.Server sendToAll
INFO: Reap dead connection: [DummyConnection Server connection - model.nation.cherokee]
May 16, 2018 12:13:07 AM net.sf.freecol.server.networking.Server sendToAll
INFO: Reap dead connection: [DummyConnection Server connection - model.nation.french]
May 16, 2018 12:13:07 AM net.sf.freecol.server.networking.Server sendToAll
INFO: Reap dead connection: [DummyConnection Server connection - model.nation.spanish]
May 16, 2018 12:13:07 AM net.sf.freecol.server.networking.Server sendToAll
INFO: Reap dead connection: [DummyConnection Server connection - model.nation.dutch]
May 16, 2018 12:13:07 AM net.sf.freecol.server.networking.Server sendToAll
INFO: Reap dead connection: [DummyConnection Server connection - model.nation.english]
May 16, 2018 12:13:07 AM net.sf.freecol.server.networking.Server sendToAll
INFO: Reap dead connection: [DummyConnection Server connection - model.nation.apache]
May 16, 2018 12:13:07 AM net.sf.freecol.server.networking.Server sendToAll
INFO: Reap dead connection: [DummyConnection Server connection - model.nation.arawak]
May 16, 2018 12:13:07 AM net.sf.freecol.server.networking.Server sendToAll
INFO: Reap dead connection: [DummyConnection Server connection - model.nation.sioux]
May 16, 2018 12:13:07 AM net.sf.freecol.server.networking.Server sendToAll
INFO: Reap dead connection: [DummyConnection Server connection - model.nation.inca]
May 16, 2018 12:13:07 AM net.sf.freecol.server.networking.Server sendToAll
INFO: Reap dead connection: [DummyConnection Server connection - model.nation.iroquois]
May 16, 2018 12:13:07 AM net.sf.freecol.server.networking.Server sendToAll
INFO: Reap dead connection: [DummyConnection Server connection - model.nation.tupi]
May 16, 2018 12:13:07 AM net.sf.freecol.server.networking.Server sendToAll
INFO: Reap dead connection: [DummyConnection Server connection - model.nation.aztec]
May 16, 2018 12:13:07 AM net.sf.freecol.common.model.Specification applyDifficultyLevel
INFO: Applying difficulty level model.difficulty.medium
May 16, 2018 12:13:07 AM net.sf.freecol.common.FreeColSeed getFreeColSeed
INFO: Using seed: 2652565674860976547
May 16, 2018 12:13:07 AM net.sf.freecol.server.networking.Server sendToAll
INFO: Reap dead connection: [DummyConnection Server connection - model.nation.aztec]
May 16, 2018 12:13:07 AM net.sf.freecol.server.networking.Server sendToAll
INFO: Reap dead connection: [DummyConnection Server connection - model.nation.iroquois]
May 16, 2018 12:13:07 AM net.sf.freecol.server.networking.Server sendToAll
INFO: Reap dead connection: [DummyConnection Server connection - model.nation.dutch]
May 16, 2018 12:13:07 AM net.sf.freecol.server.networking.Server sendToAll
INFO: Reap dead connection: [DummyConnection Server connection - model.nation.apache]
May 16, 2018 12:13:07 AM net.sf.freecol.server.networking.Server sendToAll
INFO: Reap dead connection: [DummyConnection Server connection - model.nation.cherokee]
May 16, 2018 12:13:07 AM net.sf.freecol.server.networking.Server sendToAll
INFO: Reap dead connection: [DummyConnection Server connection - model.nation.sioux]
May 16, 2018 12:13:07 AM net.sf.freecol.server.networking.Server sendToAll
INFO: Reap dead connection: [DummyConnection Server connection - model.nation.french]
May 16, 2018 12:13:07 AM net.sf.freecol.server.networking.Server sendToAll
INFO: Reap dead connection: [DummyConnection Server connection - model.nation.inca]
May 16, 2018 12:13:07 AM net.sf.freecol.server.networking.Server sendToAll
INFO: Reap dead connection: [DummyConnection Server connection - model.nation.spanish]
May 16, 2018 12:13:07 AM net.sf.freecol.server.networking.Server sendToAll
INFO: Reap dead connection: [DummyConnection Server connection - model.nation.tupi]
May 16, 2018 12:13:07 AM net.sf.freecol.server.networking.Server sendToAll
INFO: Reap dead connection: [DummyConnection Server connection - model.nation.english]
May 16, 2018 12:13:07 AM net.sf.freecol.server.networking.Server sendToAll
INFO: Reap dead connection: [DummyConnection Server connection - model.nation.arawak]
May 16, 2018 12:13:07 AM net.sf.freecol.common.model.Specification applyDifficultyLevel
INFO: Applying difficulty level model.difficulty.medium
May 16, 2018 12:13:07 AM net.sf.freecol.common.FreeColSeed getFreeColSeed
INFO: Using seed: -5492043139558703096
May 16, 2018 12:13:07 AM net.sf.freecol.server.networking.Server sendToAll
INFO: Reap dead connection: [DummyConnection Server connection - model.nation.arawak]
May 16, 2018 12:13:07 AM net.sf.freecol.server.networking.Server sendToAll
INFO: Reap dead connection: [DummyConnection Server connection - model.nation.cherokee]
May 16, 2018 12:13:07 AM net.sf.freecol.server.networking.Server sendToAll
INFO: Reap dead connection: [DummyConnection Server connection - model.nation.iroquois]
May 16, 2018 12:13:07 AM net.sf.freecol.server.networking.Server sendToAll
INFO: Reap dead connection: [DummyConnection Server connection - model.nation.spanish]
May 16, 2018 12:13:07 AM net.sf.freecol.server.networking.Server sendToAll
INFO: Reap dead connection: [DummyConnection Server connection - model.nation.inca]
May 16, 2018 12:13:07 AM net.sf.freecol.server.networking.Server sendToAll
INFO: Reap dead connection: [DummyConnection Server connection - model.nation.sioux]
May 16, 2018 12:13:07 AM net.sf.freecol.server.networking.Server sendToAll
INFO: Reap dead connection: [DummyConnection Server connection - model.nation.french]
May 16, 2018 12:13:07 AM net.sf.freecol.server.networking.Server sendToAll
INFO: Reap dead connection: [DummyConnection Server connection - model.nation.english]
May 16, 2018 12:13:07 AM net.sf.freecol.server.networking.Server sendToAll
INFO: Reap dead connection: [DummyConnection Server connection - model.nation.tupi]
May 16, 2018 12:13:07 AM net.sf.freecol.server.networking.Server sendToAll
INFO: Reap dead connection: [DummyConnection Server connection - model.nation.dutch]
May 16, 2018 12:13:07 AM net.sf.freecol.server.networking.Server sendToAll
INFO: Reap dead connection: [DummyConnection Server connection - model.nation.apache]
May 16, 2018 12:13:07 AM net.sf.freecol.server.networking.Server sendToAll
INFO: Reap dead connection: [DummyConnection Server connection - model.nation.aztec]
May 16, 2018 12:13:07 AM net.sf.freecol.common.model.Specification applyDifficultyLevel
INFO: Applying difficulty level model.difficulty.medium
May 16, 2018 12:13:07 AM net.sf.freecol.common.FreeColSeed getFreeColSeed
INFO: Using seed: 6170770329869189197
May 16, 2018 12:13:07 AM net.sf.freecol.server.networking.Server sendToAll
INFO: Reap dead connection: [DummyConnection Server connection - model.nation.dutch]
May 16, 2018 12:13:07 AM net.sf.freecol.server.networking.Server sendToAll
INFO: Reap dead connection: [DummyConnection Server connection - model.nation.spanish]
May 16, 2018 12:13:07 AM net.sf.freecol.server.networking.Server sendToAll
INFO: Reap dead connection: [DummyConnection Server connection - model.nation.sioux]
May 16, 2018 12:13:07 AM net.sf.freecol.server.networking.Server sendToAll
INFO: Reap dead connection: [DummyConnection Server connection - model.nation.aztec]
May 16, 2018 12:13:07 AM net.sf.freecol.server.networking.Server sendToAll
INFO: Reap dead connection: [DummyConnection Server connection - model.nation.french]
May 16, 2018 12:13:07 AM net.sf.freecol.server.networking.Server sendToAll
INFO: Reap dead connection: [DummyConnection Server connection - model.nation.english]
May 16, 2018 12:13:07 AM net.sf.freecol.server.networking.Server sendToAll
INFO: Reap dead connection: [DummyConnection Server connection - model.nation.cherokee]
May 16, 2018 12:13:07 AM net.sf.freecol.server.networking.Server sendToAll
INFO: Reap dead connection: [DummyConnection Server connection - model.nation.inca]
May 16, 2018 12:13:07 AM net.sf.freecol.server.networking.Server sendToAll
INFO: Reap dead connection: [DummyConnection Server connection - model.nation.iroquois]
May 16, 2018 12:13:07 AM net.sf.freecol.server.networking.Server sendToAll
INFO: Reap dead connection: [DummyConnection Server connection - model.nation.arawak]
May 16, 2018 12:13:07 AM net.sf.freecol.server.networking.Server sendToAll
INFO: Reap dead connection: [DummyConnection Server connection - model.nation.tupi]
May 16, 2018 12:13:07 AM net.sf.freecol.server.networking.Server sendToAll
INFO: Reap dead connection: [DummyConnection Server connection - model.nation.apache]
May 16, 2018 12:13:07 AM net.sf.freecol.common.model.Specification applyDifficultyLevel
INFO: Applying difficulty level model.difficulty.medium
May 16, 2018 12:13:07 AM net.sf.freecol.common.FreeColSeed getFreeColSeed
INFO: Using seed: 7182233906140919916
May 16, 2018 12:13:08 AM net.sf.freecol.server.networking.Server sendToAll
INFO: Reap dead connection: [DummyConnection Server connection - model.nation.aztec]
May 16, 2018 12:13:08 AM net.sf.freecol.server.networking.Server sendToAll
INFO: Reap dead connection: [DummyConnection Server connection - model.nation.tupi]
May 16, 2018 12:13:08 AM net.sf.freecol.server.networking.Server sendToAll
INFO: Reap dead connection: [DummyConnection Server connection - model.nation.inca]
May 16, 2018 12:13:08 AM net.sf.freecol.server.networking.Server sendToAll
INFO: Reap dead connection: [DummyConnection Server connection - model.nation.cherokee]
May 16, 2018 12:13:08 AM net.sf.freecol.server.networking.Server sendToAll
INFO: Reap dead connection: [DummyConnection Server connection - model.nation.spanish]
May 16, 2018 12:13:08 AM net.sf.freecol.server.networking.Server sendToAll
INFO: Reap dead connection: [DummyConnection Server connection - model.nation.iroquois]
May 16, 2018 12:13:08 AM net.sf.freecol.server.networking.Server sendToAll
INFO: Reap dead connection: [DummyConnection Server connection - model.nation.arawak]
May 16, 2018 12:13:08 AM net.sf.freecol.server.networking.Server sendToAll
INFO: Reap dead connection: [DummyConnection Server connection - model.nation.apache]
May 16, 2018 12:13:08 AM net.sf.freecol.server.networking.Server sendToAll
INFO: Reap dead connection: [DummyConnection Server connection - model.nation.sioux]
May 16, 2018 12:13:08 AM net.sf.freecol.server.networking.Server sendToAll
INFO: Reap dead connection: [DummyConnection Server connection - model.nation.french]
May 16, 2018 12:13:08 AM net.sf.freecol.server.networking.Server sendToAll
INFO: Reap dead connection: [DummyConnection Server connection - model.nation.english]
May 16, 2018 12:13:08 AM net.sf.freecol.server.networking.Server sendToAll
INFO: Reap dead connection: [DummyConnection Server connection - model.nation.dutch]
May 16, 2018 12:13:08 AM net.sf.freecol.common.model.Specification applyDifficultyLevel
INFO: Applying difficulty level model.difficulty.medium
May 16, 2018 12:13:08 AM net.sf.freecol.common.FreeColSeed getFreeColSeed
INFO: Using seed: 1573619163996859713
May 16, 2018 12:13:08 AM net.sf.freecol.server.networking.Server sendToAll
INFO: Reap dead connection: [DummyConnection Server connection - model.nation.tupi]
May 16, 2018 12:13:08 AM net.sf.freecol.server.networking.Server sendToAll
INFO: Reap dead connection: [DummyConnection Server connection - model.nation.cherokee]
May 16, 2018 12:13:08 AM net.sf.freecol.server.networking.Server sendToAll
INFO: Reap dead connection: [DummyConnection Server connection - model.nation.dutch]
May 16, 2018 12:13:08 AM net.sf.freecol.server.networking.Server sendToAll
INFO: Reap dead connection: [DummyConnection Server connection - model.nation.english]
May 16, 2018 12:13:08 AM net.sf.freecol.server.networking.Server sendToAll
INFO: Reap dead connection: [DummyConnection Server connection - model.nation.inca]
May 16, 2018 12:13:08 AM net.sf.freecol.server.networking.Server sendToAll
INFO: Reap dead connection: [DummyConnection Server connection - model.nation.iroquois]
May 16, 2018 12:13:08 AM net.sf.freecol.server.networking.Server sendToAll
INFO: Reap dead connection: [DummyConnection Server connection - model.nation.arawak]
May 16, 2018 12:13:08 AM net.sf.freecol.server.networking.Server sendToAll
INFO: Reap dead connection: [DummyConnection Server connection - model.nation.french]
May 16, 2018 12:13:08 AM net.sf.freecol.server.networking.Server sendToAll
INFO: Reap dead connection: [DummyConnection Server connection - model.nation.apache]
May 16, 2018 12:13:08 AM net.sf.freecol.server.networking.Server sendToAll
INFO: Reap dead connection: [DummyConnection Server connection - model.nation.aztec]
May 16, 2018 12:13:08 AM net.sf.freecol.server.networking.Server sendToAll
INFO: Reap dead connection: [DummyConnection Server connection - model.nation.sioux]
May 16, 2018 12:13:08 AM net.sf.freecol.server.networking.Server sendToAll
INFO: Reap dead connection: [DummyConnection Server connection - model.nation.spanish]
May 16, 2018 12:13:08 AM net.sf.freecol.common.model.Specification applyDifficultyLevel
INFO: Applying difficulty level model.difficulty.medium
May 16, 2018 12:13:08 AM net.sf.freecol.common.FreeColSeed getFreeColSeed
INFO: Using seed: -5383825679120601246
May 16, 2018 12:13:08 AM net.sf.freecol.server.networking.Server sendToAll
INFO: Reap dead connection: [DummyConnection Server connection - model.nation.apache]
May 16, 2018 12:13:08 AM net.sf.freecol.server.networking.Server sendToAll
INFO: Reap dead connection: [DummyConnection Server connection - model.nation.arawak]
May 16, 2018 12:13:08 AM net.sf.freecol.server.networking.Server sendToAll
INFO: Reap dead connection: [DummyConnection Server connection - model.nation.aztec]
May 16, 2018 12:13:08 AM net.sf.freecol.server.networking.Server sendToAll
INFO: Reap dead connection: [DummyConnection Server connection - model.nation.french]
May 16, 2018 12:13:08 AM net.sf.freecol.server.networking.Server sendToAll
INFO: Reap dead connection: [DummyConnection Server connection - model.nation.inca]
May 16, 2018 12:13:08 AM net.sf.freecol.server.networking.Server sendToAll
INFO: Reap dead connection: [DummyConnection Server connection - model.nation.sioux]
May 16, 2018 12:13:08 AM net.sf.freecol.server.networking.Server sendToAll
INFO: Reap dead connection: [DummyConnection Server connection - model.nation.english]
May 16, 2018 12:13:08 AM net.sf.freecol.server.networking.Server sendToAll
INFO: Reap dead connection: [DummyConnection Server connection - model.nation.cherokee]
May 16, 2018 12:13:08 AM net.sf.freecol.server.networking.Server sendToAll
INFO: Reap dead connection: [DummyConnection Server connection - model.nation.dutch]
May 16, 2018 12:13:08 AM net.sf.freecol.server.networking.Server sendToAll
INFO: Reap dead connection: [DummyConnection Server connection - model.nation.iroquois]
May 16, 2018 12:13:08 AM net.sf.freecol.server.networking.Server sendToAll
INFO: Reap dead connection: [DummyConnection Server connection - model.nation.spanish]
May 16, 2018 12:13:08 AM net.sf.freecol.server.networking.Server sendToAll
INFO: Reap dead connection: [DummyConnection Server connection - model.nation.tupi]
May 16, 2018 12:13:08 AM net.sf.freecol.common.model.Specification applyDifficultyLevel
INFO: Applying difficulty level model.difficulty.medium
May 16, 2018 12:13:08 AM net.sf.freecol.common.FreeColSeed getFreeColSeed
INFO: Using seed: 3359572330832981906
May 16, 2018 12:13:08 AM net.sf.freecol.server.networking.Server sendToAll
INFO: Reap dead connection: [DummyConnection Server connection - model.nation.arawak]
May 16, 2018 12:13:08 AM net.sf.freecol.server.networking.Server sendToAll
INFO: Reap dead connection: [DummyConnection Server connection - model.nation.english]
May 16, 2018 12:13:08 AM net.sf.freecol.server.networking.Server sendToAll
INFO: Reap dead connection: [DummyConnection Server connection - model.nation.apache]
May 16, 2018 12:13:08 AM net.sf.freecol.server.networking.Server sendToAll
INFO: Reap dead connection: [DummyConnection Server connection - model.nation.aztec]
May 16, 2018 12:13:08 AM net.sf.freecol.server.networking.Server sendToAll
INFO: Reap dead connection: [DummyConnection Server connection - model.nation.cherokee]
May 16, 2018 12:13:08 AM net.sf.freecol.server.networking.Server sendToAll
INFO: Reap dead connection: [DummyConnection Server connection - model.nation.iroquois]
May 16, 2018 12:13:08 AM net.sf.freecol.server.networking.Server sendToAll
INFO: Reap dead connection: [DummyConnection Server connection - model.nation.french]
May 16, 2018 12:13:08 AM net.sf.freecol.server.networking.Server sendToAll
INFO: Reap dead connection: [DummyConnection Server connection - model.nation.spanish]
May 16, 2018 12:13:08 AM net.sf.freecol.server.networking.Server sendToAll
INFO: Reap dead connection: [DummyConnection Server connection - model.nation.inca]
May 16, 2018 12:13:08 AM net.sf.freecol.server.networking.Server sendToAll
INFO: Reap dead connection: [DummyConnection Server connection - model.nation.tupi]
May 16, 2018 12:13:08 AM net.sf.freecol.server.networking.Server sendToAll
INFO: Reap dead connection: [DummyConnection Server connection - model.nation.dutch]
May 16, 2018 12:13:08 AM net.sf.freecol.server.networking.Server sendToAll
INFO: Reap dead connection: [DummyConnection Server connection - model.nation.sioux]
May 16, 2018 12:13:08 AM net.sf.freecol.common.model.Specification applyDifficultyLevel
INFO: Applying difficulty level model.difficulty.medium
May 16, 2018 12:13:08 AM net.sf.freecol.common.FreeColSeed getFreeColSeed
INFO: Using seed: -5106024469032278858
May 16, 2018 12:13:08 AM net.sf.freecol.server.networking.Server sendToAll
INFO: Reap dead connection: [DummyConnection Server connection - model.nation.iroquois]
May 16, 2018 12:13:08 AM net.sf.freecol.server.networking.Server sendToAll
INFO: Reap dead connection: [DummyConnection Server connection - model.nation.cherokee]
May 16, 2018 12:13:08 AM net.sf.freecol.server.networking.Server sendToAll
INFO: Reap dead connection: [DummyConnection Server connection - model.nation.arawak]
May 16, 2018 12:13:08 AM net.sf.freecol.server.networking.Server sendToAll
INFO: Reap dead connection: [DummyConnection Server connection - model.nation.sioux]
May 16, 2018 12:13:08 AM net.sf.freecol.server.networking.Server sendToAll
INFO: Reap dead connection: [DummyConnection Server connection - model.nation.dutch]
May 16, 2018 12:13:08 AM net.sf.freecol.server.networking.Server sendToAll
INFO: Reap dead connection: [DummyConnection Server connection - model.nation.french]
May 16, 2018 12:13:08 AM net.sf.freecol.server.networking.Server sendToAll
INFO: Reap dead connection: [DummyConnection Server connection - model.nation.apache]
May 16, 2018 12:13:08 AM net.sf.freecol.server.networking.Server sendToAll
INFO: Reap dead connection: [DummyConnection Server connection - model.nation.tupi]
May 16, 2018 12:13:08 AM net.sf.freecol.server.networking.Server sendToAll
INFO: Reap dead connection: [DummyConnection Server connection - model.nation.english]
May 16, 2018 12:13:08 AM net.sf.freecol.server.networking.Server sendToAll
INFO: Reap dead connection: [DummyConnection Server connection - model.nation.spanish]
May 16, 2018 12:13:08 AM net.sf.freecol.server.networking.Server sendToAll
INFO: Reap dead connection: [DummyConnection Server connection - model.nation.aztec]
May 16, 2018 12:13:08 AM net.sf.freecol.server.networking.Server sendToAll
INFO: Reap dead connection: [DummyConnection Server connection - model.nation.inca]
May 16, 2018 12:13:08 AM net.sf.freecol.common.model.Specification applyDifficultyLevel
INFO: Applying difficulty level model.difficulty.medium
May 16, 2018 12:13:08 AM net.sf.freecol.common.FreeColSeed getFreeColSeed
INFO: Using seed: -6661302108272421364
May 16, 2018 12:13:08 AM net.sf.freecol.server.networking.Server sendToAll
INFO: Reap dead connection: [DummyConnection Server connection - model.nation.dutch]
May 16, 2018 12:13:08 AM net.sf.freecol.server.networking.Server sendToAll
INFO: Reap dead connection: [DummyConnection Server connection - model.nation.english]
May 16, 2018 12:13:08 AM net.sf.freecol.server.networking.Server sendToAll
INFO: Reap dead connection: [DummyConnection Server connection - model.nation.aztec]
May 16, 2018 12:13:08 AM net.sf.freecol.server.networking.Server sendToAll
INFO: Reap dead connection: [DummyConnection Server connection - model.nation.arawak]
May 16, 2018 12:13:08 AM net.sf.freecol.server.networking.Server sendToAll
INFO: Reap dead connection: [DummyConnection Server connection - model.nation.iroquois]
May 16, 2018 12:13:08 AM net.sf.freecol.server.networking.Server sendToAll
INFO: Reap dead connection: [DummyConnection Server connection - model.nation.sioux]
May 16, 2018 12:13:08 AM net.sf.freecol.server.networking.Server sendToAll
INFO: Reap dead connection: [DummyConnection Server connection - model.nation.french]
May 16, 2018 12:13:08 AM net.sf.freecol.server.networking.Server sendToAll
INFO: Reap dead connection: [DummyConnection Server connection - model.nation.tupi]
May 16, 2018 12:13:08 AM net.sf.freecol.server.networking.Server sendToAll
INFO: Reap dead connection: [DummyConnection Server connection - model.nation.inca]
May 16, 2018 12:13:08 AM net.sf.freecol.server.networking.Server sendToAll
INFO: Reap dead connection: [DummyConnection Server connection - model.nation.spanish]
May 16, 2018 12:13:08 AM net.sf.freecol.server.networking.Server sendToAll
INFO: Reap dead connection: [DummyConnection Server connection - model.nation.apache]
May 16, 2018 12:13:08 AM net.sf.freecol.server.networking.Server sendToAll
INFO: Reap dead connection: [DummyConnection Server connection - model.nation.cherokee]
May 16, 2018 12:13:08 AM net.sf.freecol.common.model.Specification applyDifficultyLevel
INFO: Applying difficulty level model.difficulty.medium
May 16, 2018 12:13:08 AM net.sf.freecol.common.FreeColSeed getFreeColSeed
INFO: Using seed: 9142147703239271827
May 16, 2018 12:13:09 AM net.sf.freecol.server.networking.Server sendToAll
INFO: Reap dead connection: [DummyConnection Server connection - model.nation.arawak]
May 16, 2018 12:13:09 AM net.sf.freecol.server.networking.Server sendToAll
INFO: Reap dead connection: [DummyConnection Server connection - model.nation.cherokee]
May 16, 2018 12:13:09 AM net.sf.freecol.server.networking.Server sendToAll
INFO: Reap dead connection: [DummyConnection Server connection - model.nation.aztec]
May 16, 2018 12:13:09 AM net.sf.freecol.server.networking.Server sendToAll
INFO: Reap dead connection: [DummyConnection Server connection - model.nation.dutch]
May 16, 2018 12:13:09 AM net.sf.freecol.server.networking.Server sendToAll
INFO: Reap dead connection: [DummyConnection Server connection - model.nation.sioux]
May 16, 2018 12:13:09 AM net.sf.freecol.server.networking.Server sendToAll
INFO: Reap dead connection: [DummyConnection Server connection - model.nation.iroquois]
May 16, 2018 12:13:09 AM net.sf.freecol.server.networking.Server sendToAll
INFO: Reap dead connection: [DummyConnection Server connection - model.nation.inca]
May 16, 2018 12:13:09 AM net.sf.freecol.server.networking.Server sendToAll
INFO: Reap dead connection: [DummyConnection Server connection - model.nation.french]
May 16, 2018 12:13:09 AM net.sf.freecol.server.networking.Server sendToAll
INFO: Reap dead connection: [DummyConnection Server connection - model.nation.spanish]
May 16, 2018 12:13:09 AM net.sf.freecol.server.networking.Server sendToAll
INFO: Reap dead connection: [DummyConnection Server connection - model.nation.tupi]
May 16, 2018 12:13:09 AM net.sf.freecol.server.networking.Server sendToAll
INFO: Reap dead connection: [DummyConnection Server connection - model.nation.apache]
May 16, 2018 12:13:09 AM net.sf.freecol.server.networking.Server sendToAll
INFO: Reap dead connection: [DummyConnection Server connection - model.nation.english]
May 16, 2018 12:13:09 AM net.sf.freecol.common.model.Specification applyDifficultyLevel
INFO: Applying difficulty level model.difficulty.medium
May 16, 2018 12:13:09 AM net.sf.freecol.common.FreeColSeed getFreeColSeed
INFO: Using seed: -7867000624193118811
May 16, 2018 12:13:09 AM net.sf.freecol.server.networking.Server sendToAll
INFO: Reap dead connection: [DummyConnection Server connection - model.nation.tupi]
May 16, 2018 12:13:09 AM net.sf.freecol.server.networking.Server sendToAll
INFO: Reap dead connection: [DummyConnection Server connection - model.nation.aztec]
May 16, 2018 12:13:09 AM net.sf.freecol.server.networking.Server sendToAll
INFO: Reap dead connection: [DummyConnection Server connection - model.nation.cherokee]
May 16, 2018 12:13:09 AM net.sf.freecol.server.networking.Server sendToAll
INFO: Reap dead connection: [DummyConnection Server connection - model.nation.french]
May 16, 2018 12:13:09 AM net.sf.freecol.server.networking.Server sendToAll
INFO: Reap dead connection: [DummyConnection Server connection - model.nation.spanish]
May 16, 2018 12:13:09 AM net.sf.freecol.server.networking.Server sendToAll
INFO: Reap dead connection: [DummyConnection Server connection - model.nation.sioux]
May 16, 2018 12:13:09 AM net.sf.freecol.server.networking.Server sendToAll
INFO: Reap dead connection: [DummyConnection Server connection - model.nation.inca]
May 16, 2018 12:13:09 AM net.sf.freecol.server.networking.Server sendToAll
INFO: Reap dead connection: [DummyConnection Server connection - model.nation.dutch]
May 16, 2018 12:13:09 AM net.sf.freecol.server.networking.Server sendToAll
INFO: Reap dead connection: [DummyConnection Server connection - model.nation.iroquois]
May 16, 2018 12:13:09 AM net.sf.freecol.server.networking.Server sendToAll
INFO: Reap dead connection: [DummyConnection Server connection - model.nation.apache]
May 16, 2018 12:13:09 AM net.sf.freecol.server.networking.Server sendToAll
INFO: Reap dead connection: [DummyConnection Server connection - model.nation.english]
May 16, 2018 12:13:09 AM net.sf.freecol.server.networking.Server sendToAll
INFO: Reap dead connection: [DummyConnection Server connection - model.nation.arawak]
May 16, 2018 12:13:09 AM net.sf.freecol.common.model.Specification applyDifficultyLevel
INFO: Applying difficulty level model.difficulty.medium
May 16, 2018 12:13:09 AM net.sf.freecol.common.FreeColSeed getFreeColSeed
INFO: Using seed: 5569188249011607732
May 16, 2018 12:13:09 AM net.sf.freecol.server.networking.Server sendToAll
INFO: Reap dead connection: [DummyConnection Server connection - model.nation.dutch]
May 16, 2018 12:13:09 AM net.sf.freecol.server.networking.Server sendToAll
INFO: Reap dead connection: [DummyConnection Server connection - model.nation.french]
May 16, 2018 12:13:09 AM net.sf.freecol.server.networking.Server sendToAll
INFO: Reap dead connection: [DummyConnection Server connection - model.nation.english]
May 16, 2018 12:13:09 AM net.sf.freecol.server.networking.Server sendToAll
INFO: Reap dead connection: [DummyConnection Server connection - model.nation.cherokee]
May 16, 2018 12:13:09 AM net.sf.freecol.server.networking.Server sendToAll
INFO: Reap dead connection: [DummyConnection Server connection - model.nation.iroquois]
May 16, 2018 12:13:09 AM net.sf.freecol.server.networking.Server sendToAll
INFO: Reap dead connection: [DummyConnection Server connection - model.nation.tupi]
May 16, 2018 12:13:09 AM net.sf.freecol.server.networking.Server sendToAll
INFO: Reap dead connection: [DummyConnection Server connection - model.nation.sioux]
May 16, 2018 12:13:09 AM net.sf.freecol.server.networking.Server sendToAll
INFO: Reap dead connection: [DummyConnection Server connection - model.nation.inca]
May 16, 2018 12:13:09 AM net.sf.freecol.server.networking.Server sendToAll
INFO: Reap dead connection: [DummyConnection Server connection - model.nation.apache]
May 16, 2018 12:13:09 AM net.sf.freecol.server.networking.Server sendToAll
INFO: Reap dead connection: [DummyConnection Server connection - model.nation.aztec]
May 16, 2018 12:13:09 AM net.sf.freecol.server.networking.Server sendToAll
INFO: Reap dead connection: [DummyConnection Server connection - model.nation.arawak]
May 16, 2018 12:13:09 AM net.sf.freecol.server.networking.Server sendToAll
INFO: Reap dead connection: [DummyConnection Server connection - model.nation.spanish]
May 16, 2018 12:13:09 AM net.sf.freecol.common.model.Specification applyDifficultyLevel
INFO: Applying difficulty level model.difficulty.medium
May 16, 2018 12:13:09 AM net.sf.freecol.common.FreeColSeed getFreeColSeed
INFO: Using seed: -7008571129030760014
May 16, 2018 12:13:09 AM net.sf.freecol.server.networking.Server sendToAll
INFO: Reap dead connection: [DummyConnection Server connection - model.nation.aztec]
May 16, 2018 12:13:09 AM net.sf.freecol.server.networking.Server sendToAll
INFO: Reap dead connection: [DummyConnection Server connection - model.nation.spanish]
May 16, 2018 12:13:09 AM net.sf.freecol.server.networking.Server sendToAll
INFO: Reap dead connection: [DummyConnection Server connection - model.nation.dutch]
May 16, 2018 12:13:09 AM net.sf.freecol.server.networking.Server sendToAll
INFO: Reap dead connection: [DummyConnection Server connection - model.nation.french]
May 16, 2018 12:13:09 AM net.sf.freecol.server.networking.Server sendToAll
INFO: Reap dead connection: [DummyConnection Server connection - model.nation.cherokee]
May 16, 2018 12:13:09 AM net.sf.freecol.server.networking.Server sendToAll
INFO: Reap dead connection: [DummyConnection Server connection - model.nation.sioux]
May 16, 2018 12:13:09 AM net.sf.freecol.server.networking.Server sendToAll
INFO: Reap dead connection: [DummyConnection Server connection - model.nation.arawak]
May 16, 2018 12:13:09 AM net.sf.freecol.server.networking.Server sendToAll
INFO: Reap dead connection: [DummyConnection Server connection - model.nation.tupi]
May 16, 2018 12:13:09 AM net.sf.freecol.server.networking.Server sendToAll
INFO: Reap dead connection: [DummyConnection Server connection - model.nation.english]
May 16, 2018 12:13:09 AM net.sf.freecol.server.networking.Server sendToAll
INFO: Reap dead connection: [DummyConnection Server connection - model.nation.inca]
May 16, 2018 12:13:09 AM net.sf.freecol.server.networking.Server sendToAll
INFO: Reap dead connection: [DummyConnection Server connection - model.nation.iroquois]
May 16, 2018 12:13:09 AM net.sf.freecol.server.networking.Server sendToAll
INFO: Reap dead connection: [DummyConnection Server connection - model.nation.apache]
May 16, 2018 12:13:09 AM net.sf.freecol.common.model.Specification applyDifficultyLevel
INFO: Applying difficulty level model.difficulty.medium
May 16, 2018 12:13:09 AM net.sf.freecol.common.FreeColSeed getFreeColSeed
INFO: Using seed: -4087572820740613553
May 16, 2018 12:13:09 AM net.sf.freecol.server.networking.Server sendToAll
INFO: Reap dead connection: [DummyConnection Server connection - model.nation.english]
May 16, 2018 12:13:09 AM net.sf.freecol.server.networking.Server sendToAll
INFO: Reap dead connection: [DummyConnection Server connection - model.nation.apache]
May 16, 2018 12:13:09 AM net.sf.freecol.server.networking.Server sendToAll
INFO: Reap dead connection: [DummyConnection Server connection - model.nation.aztec]
May 16, 2018 12:13:09 AM net.sf.freecol.server.networking.Server sendToAll
INFO: Reap dead connection: [DummyConnection Server connection - model.nation.sioux]
May 16, 2018 12:13:09 AM net.sf.freecol.server.networking.Server sendToAll
INFO: Reap dead connection: [DummyConnection Server connection - model.nation.cherokee]
May 16, 2018 12:13:09 AM net.sf.freecol.server.networking.Server sendToAll
INFO: Reap dead connection: [DummyConnection Server connection - model.nation.spanish]
May 16, 2018 12:13:09 AM net.sf.freecol.server.networking.Server sendToAll
INFO: Reap dead connection: [DummyConnection Server connection - model.nation.inca]
May 16, 2018 12:13:09 AM net.sf.freecol.server.networking.Server sendToAll
INFO: Reap dead connection: [DummyConnection Server connection - model.nation.arawak]
May 16, 2018 12:13:09 AM net.sf.freecol.server.networking.Server sendToAll
INFO: Reap dead connection: [DummyConnection Server connection - model.nation.french]
May 16, 2018 12:13:09 AM net.sf.freecol.server.networking.Server sendToAll
INFO: Reap dead connection: [DummyConnection Server connection - model.nation.tupi]
May 16, 2018 12:13:09 AM net.sf.freecol.server.networking.Server sendToAll
INFO: Reap dead connection: [DummyConnection Server connection - model.nation.dutch]
May 16, 2018 12:13:09 AM net.sf.freecol.server.networking.Server sendToAll
INFO: Reap dead connection: [DummyConnection Server connection - model.nation.iroquois]
May 16, 2018 12:13:09 AM net.sf.freecol.common.model.Specification applyDifficultyLevel
INFO: Applying difficulty level model.difficulty.medium
May 16, 2018 12:13:09 AM net.sf.freecol.common.FreeColSeed getFreeColSeed
INFO: Using seed: -8493841634521418662
May 16, 2018 12:13:10 AM net.sf.freecol.server.networking.Server sendToAll
INFO: Reap dead connection: [DummyConnection Server connection - model.nation.english]
May 16, 2018 12:13:10 AM net.sf.freecol.server.networking.Server sendToAll
INFO: Reap dead connection: [DummyConnection Server connection - model.nation.cherokee]
May 16, 2018 12:13:10 AM net.sf.freecol.server.networking.Server sendToAll
INFO: Reap dead connection: [DummyConnection Server connection - model.nation.french]
May 16, 2018 12:13:10 AM net.sf.freecol.server.networking.Server sendToAll
INFO: Reap dead connection: [DummyConnection Server connection - model.nation.sioux]
May 16, 2018 12:13:10 AM net.sf.freecol.server.networking.Server sendToAll
INFO: Reap dead connection: [DummyConnection Server connection - model.nation.arawak]
May 16, 2018 12:13:10 AM net.sf.freecol.server.networking.Server sendToAll
INFO: Reap dead connection: [DummyConnection Server connection - model.nation.aztec]
May 16, 2018 12:13:10 AM net.sf.freecol.server.networking.Server sendToAll
INFO: Reap dead connection: [DummyConnection Server connection - model.nation.tupi]
May 16, 2018 12:13:10 AM net.sf.freecol.server.networking.Server sendToAll
INFO: Reap dead connection: [DummyConnection Server connection - model.nation.dutch]
May 16, 2018 12:13:10 AM net.sf.freecol.server.networking.Server sendToAll
INFO: Reap dead connection: [DummyConnection Server connection - model.nation.spanish]
May 16, 2018 12:13:10 AM net.sf.freecol.server.networking.Server sendToAll
INFO: Reap dead connection: [DummyConnection Server connection - model.nation.iroquois]
May 16, 2018 12:13:10 AM net.sf.freecol.server.networking.Server sendToAll
INFO: Reap dead connection: [DummyConnection Server connection - model.nation.apache]
May 16, 2018 12:13:10 AM net.sf.freecol.server.networking.Server sendToAll
INFO: Reap dead connection: [DummyConnection Server connection - model.nation.inca]
May 16, 2018 12:13:10 AM net.sf.freecol.common.model.Specification applyDifficultyLevel
INFO: Applying difficulty level model.difficulty.medium
May 16, 2018 12:13:10 AM net.sf.freecol.common.FreeColSeed getFreeColSeed
INFO: Using seed: 1076487372913398182
May 16, 2018 12:13:10 AM net.sf.freecol.server.networking.Server sendToAll
INFO: Reap dead connection: [DummyConnection Server connection - model.nation.tupi]
May 16, 2018 12:13:10 AM net.sf.freecol.server.networking.Server sendToAll
INFO: Reap dead connection: [DummyConnection Server connection - model.nation.dutch]
May 16, 2018 12:13:10 AM net.sf.freecol.server.networking.Server sendToAll
INFO: Reap dead connection: [DummyConnection Server connection - model.nation.inca]
May 16, 2018 12:13:10 AM net.sf.freecol.server.networking.Server sendToAll
INFO: Reap dead connection: [DummyConnection Server connection - model.nation.cherokee]
May 16, 2018 12:13:10 AM net.sf.freecol.server.networking.Server sendToAll
INFO: Reap dead connection: [DummyConnection Server connection - model.nation.spanish]
May 16, 2018 12:13:10 AM net.sf.freecol.server.networking.Server sendToAll
INFO: Reap dead connection: [DummyConnection Server connection - model.nation.iroquois]
May 16, 2018 12:13:10 AM net.sf.freecol.server.networking.Server sendToAll
INFO: Reap dead connection: [DummyConnection Server connection - model.nation.english]
May 16, 2018 12:13:10 AM net.sf.freecol.server.networking.Server sendToAll
INFO: Reap dead connection: [DummyConnection Server connection - model.nation.french]
May 16, 2018 12:13:10 AM net.sf.freecol.server.networking.Server sendToAll
INFO: Reap dead connection: [DummyConnection Server connection - model.nation.apache]
May 16, 2018 12:13:10 AM net.sf.freecol.server.networking.Server sendToAll
INFO: Reap dead connection: [DummyConnection Server connection - model.nation.aztec]
May 16, 2018 12:13:10 AM net.sf.freecol.server.networking.Server sendToAll
INFO: Reap dead connection: [DummyConnection Server connection - model.nation.sioux]
May 16, 2018 12:13:10 AM net.sf.freecol.server.networking.Server sendToAll
INFO: Reap dead connection: [DummyConnection Server connection - model.nation.arawak]
May 16, 2018 12:13:10 AM net.sf.freecol.common.model.Specification applyDifficultyLevel
INFO: Applying difficulty level model.difficulty.medium
May 16, 2018 12:13:10 AM net.sf.freecol.common.FreeColSeed getFreeColSeed
INFO: Using seed: -902478067620174180
May 16, 2018 12:13:10 AM net.sf.freecol.server.networking.Server sendToAll
INFO: Reap dead connection: [DummyConnection Server connection - model.nation.aztec]
May 16, 2018 12:13:10 AM net.sf.freecol.server.networking.Server sendToAll
INFO: Reap dead connection: [DummyConnection Server connection - model.nation.spanish]
May 16, 2018 12:13:10 AM net.sf.freecol.server.networking.Server sendToAll
INFO: Reap dead connection: [DummyConnection Server connection - model.nation.cherokee]
May 16, 2018 12:13:10 AM net.sf.freecol.server.networking.Server sendToAll
INFO: Reap dead connection: [DummyConnection Server connection - model.nation.apache]
May 16, 2018 12:13:10 AM net.sf.freecol.server.networking.Server sendToAll
INFO: Reap dead connection: [DummyConnection Server connection - model.nation.english]
May 16, 2018 12:13:10 AM net.sf.freecol.server.networking.Server sendToAll
INFO: Reap dead connection: [DummyConnection Server connection - model.nation.arawak]
May 16, 2018 12:13:10 AM net.sf.freecol.server.networking.Server sendToAll
INFO: Reap dead connection: [DummyConnection Server connection - model.nation.tupi]
May 16, 2018 12:13:10 AM net.sf.freecol.server.networking.Server sendToAll
INFO: Reap dead connection: [DummyConnection Server connection - model.nation.iroquois]
May 16, 2018 12:13:10 AM net.sf.freecol.server.networking.Server sendToAll
INFO: Reap dead connection: [DummyConnection Server connection - model.nation.sioux]
May 16, 2018 12:13:10 AM net.sf.freecol.server.networking.Server sendToAll
INFO: Reap dead connection: [DummyConnection Server connection - model.nation.dutch]
May 16, 2018 12:13:10 AM net.sf.freecol.server.networking.Server sendToAll
INFO: Reap dead connection: [DummyConnection Server connection - model.nation.french]
May 16, 2018 12:13:10 AM net.sf.freecol.server.networking.Server sendToAll
INFO: Reap dead connection: [DummyConnection Server connection - model.nation.inca]
May 16, 2018 12:13:10 AM net.sf.freecol.common.model.Specification applyDifficultyLevel
INFO: Applying difficulty level model.difficulty.medium
May 16, 2018 12:13:10 AM net.sf.freecol.common.FreeColSeed getFreeColSeed
INFO: Using seed: -8041349446832674920
May 16, 2018 12:13:10 AM net.sf.freecol.server.networking.Server sendToAll
INFO: Reap dead connection: [DummyConnection Server connection - model.nation.iroquois]
May 16, 2018 12:13:10 AM net.sf.freecol.server.networking.Server sendToAll
INFO: Reap dead connection: [DummyConnection Server connection - model.nation.cherokee]
May 16, 2018 12:13:10 AM net.sf.freecol.server.networking.Server sendToAll
INFO: Reap dead connection: [DummyConnection Server connection - model.nation.dutch]
May 16, 2018 12:13:10 AM net.sf.freecol.server.networking.Server sendToAll
INFO: Reap dead connection: [DummyConnection Server connection - model.nation.spanish]
May 16, 2018 12:13:10 AM net.sf.freecol.server.networking.Server sendToAll
INFO: Reap dead connection: [DummyConnection Server connection - model.nation.tupi]
May 16, 2018 12:13:10 AM net.sf.freecol.server.networking.Server sendToAll
INFO: Reap dead connection: [DummyConnection Server connection - model.nation.french]
May 16, 2018 12:13:10 AM net.sf.freecol.server.networking.Server sendToAll
INFO: Reap dead connection: [DummyConnection Server connection - model.nation.arawak]
May 16, 2018 12:13:10 AM net.sf.freecol.server.networking.Server sendToAll
INFO: Reap dead connection: [DummyConnection Server connection - model.nation.sioux]
May 16, 2018 12:13:10 AM net.sf.freecol.server.networking.Server sendToAll
INFO: Reap dead connection: [DummyConnection Server connection - model.nation.inca]
May 16, 2018 12:13:10 AM net.sf.freecol.server.networking.Server sendToAll
INFO: Reap dead connection: [DummyConnection Server connection - model.nation.apache]
May 16, 2018 12:13:10 AM net.sf.freecol.server.networking.Server sendToAll
INFO: Reap dead connection: [DummyConnection Server connection - model.nation.english]
May 16, 2018 12:13:10 AM net.sf.freecol.server.networking.Server sendToAll
INFO: Reap dead connection: [DummyConnection Server connection - model.nation.aztec]
May 16, 2018 12:13:10 AM net.sf.freecol.common.model.Specification applyDifficultyLevel
INFO: Applying difficulty level model.difficulty.medium
May 16, 2018 12:13:10 AM net.sf.freecol.common.FreeColSeed getFreeColSeed
INFO: Using seed: -5414286582990186882
May 16, 2018 12:13:10 AM net.sf.freecol.server.networking.Server sendToAll
INFO: Reap dead connection: [DummyConnection Server connection - model.nation.iroquois]
May 16, 2018 12:13:10 AM net.sf.freecol.server.networking.Server sendToAll
INFO: Reap dead connection: [DummyConnection Server connection - model.nation.tupi]
May 16, 2018 12:13:10 AM net.sf.freecol.server.networking.Server sendToAll
INFO: Reap dead connection: [DummyConnection Server connection - model.nation.aztec]
May 16, 2018 12:13:10 AM net.sf.freecol.server.networking.Server sendToAll
INFO: Reap dead connection: [DummyConnection Server connection - model.nation.english]
May 16, 2018 12:13:10 AM net.sf.freecol.server.networking.Server sendToAll
INFO: Reap dead connection: [DummyConnection Server connection - model.nation.inca]
May 16, 2018 12:13:10 AM net.sf.freecol.server.networking.Server sendToAll
INFO: Reap dead connection: [DummyConnection Server connection - model.nation.arawak]
May 16, 2018 12:13:10 AM net.sf.freecol.server.networking.Server sendToAll
INFO: Reap dead connection: [DummyConnection Server connection - model.nation.dutch]
May 16, 2018 12:13:10 AM net.sf.freecol.server.networking.Server sendToAll
INFO: Reap dead connection: [DummyConnection Server connection - model.nation.apache]
May 16, 2018 12:13:10 AM net.sf.freecol.server.networking.Server sendToAll
INFO: Reap dead connection: [DummyConnection Server connection - model.nation.french]
May 16, 2018 12:13:10 AM net.sf.freecol.server.networking.Server sendToAll
INFO: Reap dead connection: [DummyConnection Server connection - model.nation.cherokee]
May 16, 2018 12:13:10 AM net.sf.freecol.server.networking.Server sendToAll
INFO: Reap dead connection: [DummyConnection Server connection - model.nation.spanish]
May 16, 2018 12:13:10 AM net.sf.freecol.server.networking.Server sendToAll
INFO: Reap dead connection: [DummyConnection Server connection - model.nation.sioux]
May 16, 2018 12:13:10 AM net.sf.freecol.common.model.Specification applyDifficultyLevel
INFO: Applying difficulty level model.difficulty.medium
May 16, 2018 12:13:10 AM net.sf.freecol.common.FreeColSeed getFreeColSeed
INFO: Using seed: -5882750702399956326
May 16, 2018 12:13:11 AM net.sf.freecol.server.networking.Server sendToAll
INFO: Reap dead connection: [DummyConnection Server connection - model.nation.iroquois]
May 16, 2018 12:13:11 AM net.sf.freecol.server.networking.Server sendToAll
INFO: Reap dead connection: [DummyConnection Server connection - model.nation.english]
May 16, 2018 12:13:11 AM net.sf.freecol.server.networking.Server sendToAll
INFO: Reap dead connection: [DummyConnection Server connection - model.nation.spanish]
May 16, 2018 12:13:11 AM net.sf.freecol.server.networking.Server sendToAll
INFO: Reap dead connection: [DummyConnection Server connection - model.nation.sioux]
May 16, 2018 12:13:11 AM net.sf.freecol.server.networking.Server sendToAll
INFO: Reap dead connection: [DummyConnection Server connection - model.nation.tupi]
May 16, 2018 12:13:11 AM net.sf.freecol.server.networking.Server sendToAll
INFO: Reap dead connection: [DummyConnection Server connection - model.nation.aztec]
May 16, 2018 12:13:11 AM net.sf.freecol.server.networking.Server sendToAll
INFO: Reap dead connection: [DummyConnection Server connection - model.nation.dutch]
May 16, 2018 12:13:11 AM net.sf.freecol.server.networking.Server sendToAll
INFO: Reap dead connection: [DummyConnection Server connection - model.nation.apache]
May 16, 2018 12:13:11 AM net.sf.freecol.server.networking.Server sendToAll
INFO: Reap dead connection: [DummyConnection Server connection - model.nation.french]
May 16, 2018 12:13:11 AM net.sf.freecol.server.networking.Server sendToAll
INFO: Reap dead connection: [DummyConnection Server connection - model.nation.cherokee]
May 16, 2018 12:13:11 AM net.sf.freecol.server.networking.Server sendToAll
INFO: Reap dead connection: [DummyConnection Server connection - model.nation.arawak]
May 16, 2018 12:13:11 AM net.sf.freecol.server.networking.Server sendToAll
INFO: Reap dead connection: [DummyConnection Server connection - model.nation.inca]
May 16, 2018 12:13:11 AM net.sf.freecol.common.model.Specification applyDifficultyLevel
INFO: Applying difficulty level model.difficulty.medium
May 16, 2018 12:13:11 AM net.sf.freecol.common.FreeColSeed getFreeColSeed
INFO: Using seed: 9071796185145141890
May 16, 2018 12:13:11 AM net.sf.freecol.server.networking.Server sendToAll
INFO: Reap dead connection: [DummyConnection Server connection - model.nation.sioux]
May 16, 2018 12:13:11 AM net.sf.freecol.server.networking.Server sendToAll
INFO: Reap dead connection: [DummyConnection Server connection - model.nation.inca]
May 16, 2018 12:13:11 AM net.sf.freecol.server.networking.Server sendToAll
INFO: Reap dead connection: [DummyConnection Server connection - model.nation.aztec]
May 16, 2018 12:13:11 AM net.sf.freecol.server.networking.Server sendToAll
INFO: Reap dead connection: [DummyConnection Server connection - model.nation.tupi]
May 16, 2018 12:13:11 AM net.sf.freecol.server.networking.Server sendToAll
INFO: Reap dead connection: [DummyConnection Server connection - model.nation.apache]
May 16, 2018 12:13:11 AM net.sf.freecol.server.networking.Server sendToAll
INFO: Reap dead connection: [DummyConnection Server connection - model.nation.spanish]
May 16, 2018 12:13:11 AM net.sf.freecol.server.networking.Server sendToAll
INFO: Reap dead connection: [DummyConnection Server connection - model.nation.cherokee]
May 16, 2018 12:13:11 AM net.sf.freecol.server.networking.Server sendToAll
INFO: Reap dead connection: [DummyConnection Server connection - model.nation.arawak]
May 16, 2018 12:13:11 AM net.sf.freecol.server.networking.Server sendToAll
INFO: Reap dead connection: [DummyConnection Server connection - model.nation.english]
May 16, 2018 12:13:11 AM net.sf.freecol.server.networking.Server sendToAll
INFO: Reap dead connection: [DummyConnection Server connection - model.nation.french]
May 16, 2018 12:13:11 AM net.sf.freecol.server.networking.Server sendToAll
INFO: Reap dead connection: [DummyConnection Server connection - model.nation.iroquois]
May 16, 2018 12:13:11 AM net.sf.freecol.server.networking.Server sendToAll
INFO: Reap dead connection: [DummyConnection Server connection - model.nation.dutch]
May 16, 2018 12:13:11 AM net.sf.freecol.common.model.Specification applyDifficultyLevel
INFO: Applying difficulty level model.difficulty.medium
May 16, 2018 12:13:11 AM net.sf.freecol.common.FreeColSeed getFreeColSeed
INFO: Using seed: 1336607425082317056
May 16, 2018 12:13:11 AM net.sf.freecol.server.networking.Server sendToAll
INFO: Reap dead connection: [DummyConnection Server connection - model.nation.inca]
May 16, 2018 12:13:11 AM net.sf.freecol.server.networking.Server sendToAll
INFO: Reap dead connection: [DummyConnection Server connection - model.nation.spanish]
May 16, 2018 12:13:11 AM net.sf.freecol.server.networking.Server sendToAll
INFO: Reap dead connection: [DummyConnection Server connection - model.nation.tupi]
May 16, 2018 12:13:11 AM net.sf.freecol.server.networking.Server sendToAll
INFO: Reap dead connection: [DummyConnection Server connection - model.nation.iroquois]
May 16, 2018 12:13:11 AM net.sf.freecol.server.networking.Server sendToAll
INFO: Reap dead connection: [DummyConnection Server connection - model.nation.apache]
May 16, 2018 12:13:11 AM net.sf.freecol.server.networking.Server sendToAll
INFO: Reap dead connection: [DummyConnection Server connection - model.nation.aztec]
May 16, 2018 12:13:11 AM net.sf.freecol.server.networking.Server sendToAll
INFO: Reap dead connection: [DummyConnection Server connection - model.nation.sioux]
May 16, 2018 12:13:11 AM net.sf.freecol.server.networking.Server sendToAll
INFO: Reap dead connection: [DummyConnection Server connection - model.nation.dutch]
May 16, 2018 12:13:11 AM net.sf.freecol.server.networking.Server sendToAll
INFO: Reap dead connection: [DummyConnection Server connection - model.nation.arawak]
May 16, 2018 12:13:11 AM net.sf.freecol.server.networking.Server sendToAll
INFO: Reap dead connection: [DummyConnection Server connection - model.nation.cherokee]
May 16, 2018 12:13:11 AM net.sf.freecol.server.networking.Server sendToAll
INFO: Reap dead connection: [DummyConnection Server connection - model.nation.english]
May 16, 2018 12:13:11 AM net.sf.freecol.server.networking.Server sendToAll
INFO: Reap dead connection: [DummyConnection Server connection - model.nation.french]
May 16, 2018 12:13:11 AM net.sf.freecol.common.model.Specification applyDifficultyLevel
INFO: Applying difficulty level model.difficulty.medium
May 16, 2018 12:13:11 AM net.sf.freecol.common.FreeColSeed getFreeColSeed
INFO: Using seed: 6676727781577900843
May 16, 2018 12:13:11 AM net.sf.freecol.server.networking.Server sendToAll
INFO: Reap dead connection: [DummyConnection Server connection - model.nation.cherokee]
May 16, 2018 12:13:11 AM net.sf.freecol.server.networking.Server sendToAll
INFO: Reap dead connection: [DummyConnection Server connection - model.nation.french]
May 16, 2018 12:13:11 AM net.sf.freecol.server.networking.Server sendToAll
INFO: Reap dead connection: [DummyConnection Server connection - model.nation.aztec]
May 16, 2018 12:13:11 AM net.sf.freecol.server.networking.Server sendToAll
INFO: Reap dead connection: [DummyConnection Server connection - model.nation.tupi]
May 16, 2018 12:13:11 AM net.sf.freecol.server.networking.Server sendToAll
INFO: Reap dead connection: [DummyConnection Server connection - model.nation.spanish]
May 16, 2018 12:13:11 AM net.sf.freecol.server.networking.Server sendToAll
INFO: Reap dead connection: [DummyConnection Server connection - model.nation.iroquois]
May 16, 2018 12:13:11 AM net.sf.freecol.server.networking.Server sendToAll
INFO: Reap dead connection: [DummyConnection Server connection - model.nation.sioux]
May 16, 2018 12:13:11 AM net.sf.freecol.server.networking.Server sendToAll
INFO: Reap dead connection: [DummyConnection Server connection - model.nation.inca]
May 16, 2018 12:13:11 AM net.sf.freecol.server.networking.Server sendToAll
INFO: Reap dead connection: [DummyConnection Server connection - model.nation.arawak]
May 16, 2018 12:13:11 AM net.sf.freecol.server.networking.Server sendToAll
INFO: Reap dead connection: [DummyConnection Server connection - model.nation.dutch]
May 16, 2018 12:13:11 AM net.sf.freecol.server.networking.Server sendToAll
INFO: Reap dead connection: [DummyConnection Server connection - model.nation.english]
May 16, 2018 12:13:11 AM net.sf.freecol.server.networking.Server sendToAll
INFO: Reap dead connection: [DummyConnection Server connection - model.nation.apache]
May 16, 2018 12:13:11 AM net.sf.freecol.common.model.Specification applyDifficultyLevel
INFO: Applying difficulty level model.difficulty.medium
May 16, 2018 12:13:11 AM net.sf.freecol.common.FreeColSeed getFreeColSeed
INFO: Using seed: 6581011487791429696
May 16, 2018 12:13:11 AM net.sf.freecol.server.networking.Server sendToAll
INFO: Reap dead connection: [DummyConnection Server connection - model.nation.inca]
May 16, 2018 12:13:11 AM net.sf.freecol.server.networking.Server sendToAll
INFO: Reap dead connection: [DummyConnection Server connection - model.nation.cherokee]
May 16, 2018 12:13:11 AM net.sf.freecol.server.networking.Server sendToAll
INFO: Reap dead connection: [DummyConnection Server connection - model.nation.arawak]
May 16, 2018 12:13:11 AM net.sf.freecol.server.networking.Server sendToAll
INFO: Reap dead connection: [DummyConnection Server connection - model.nation.dutch]
May 16, 2018 12:13:11 AM net.sf.freecol.server.networking.Server sendToAll
INFO: Reap dead connection: [DummyConnection Server connection - model.nation.english]
May 16, 2018 12:13:11 AM net.sf.freecol.server.networking.Server sendToAll
INFO: Reap dead connection: [DummyConnection Server connection - model.nation.tupi]
May 16, 2018 12:13:11 AM net.sf.freecol.server.networking.Server sendToAll
INFO: Reap dead connection: [DummyConnection Server connection - model.nation.iroquois]
May 16, 2018 12:13:11 AM net.sf.freecol.server.networking.Server sendToAll
INFO: Reap dead connection: [DummyConnection Server connection - model.nation.spanish]
May 16, 2018 12:13:11 AM net.sf.freecol.server.networking.Server sendToAll
INFO: Reap dead connection: [DummyConnection Server connection - model.nation.sioux]
May 16, 2018 12:13:11 AM net.sf.freecol.server.networking.Server sendToAll
INFO: Reap dead connection: [DummyConnection Server connection - model.nation.french]
May 16, 2018 12:13:11 AM net.sf.freecol.server.networking.Server sendToAll
INFO: Reap dead connection: [DummyConnection Server connection - model.nation.apache]
May 16, 2018 12:13:11 AM net.sf.freecol.server.networking.Server sendToAll
INFO: Reap dead connection: [DummyConnection Server connection - model.nation.aztec]
May 16, 2018 12:13:11 AM net.sf.freecol.common.model.Specification applyDifficultyLevel
INFO: Applying difficulty level model.difficulty.medium
May 16, 2018 12:13:12 AM net.sf.freecol.common.FreeColSeed getFreeColSeed
INFO: Using seed: -9043229957444891672
May 16, 2018 12:13:12 AM net.sf.freecol.server.networking.Server sendToAll
INFO: Reap dead connection: [DummyConnection Server connection - model.nation.inca]
May 16, 2018 12:13:12 AM net.sf.freecol.server.networking.Server sendToAll
INFO: Reap dead connection: [DummyConnection Server connection - model.nation.sioux]
May 16, 2018 12:13:12 AM net.sf.freecol.server.networking.Server sendToAll
INFO: Reap dead connection: [DummyConnection Server connection - model.nation.dutch]
May 16, 2018 12:13:12 AM net.sf.freecol.server.networking.Server sendToAll
INFO: Reap dead connection: [DummyConnection Server connection - model.nation.apache]
May 16, 2018 12:13:12 AM net.sf.freecol.server.networking.Server sendToAll
INFO: Reap dead connection: [DummyConnection Server connection - model.nation.iroquois]
May 16, 2018 12:13:12 AM net.sf.freecol.server.networking.Server sendToAll
INFO: Reap dead connection: [DummyConnection Server connection - model.nation.french]
May 16, 2018 12:13:12 AM net.sf.freecol.server.networking.Server sendToAll
INFO: Reap dead connection: [DummyConnection Server connection - model.nation.cherokee]
May 16, 2018 12:13:12 AM net.sf.freecol.server.networking.Server sendToAll
INFO: Reap dead connection: [DummyConnection Server connection - model.nation.arawak]
May 16, 2018 12:13:12 AM net.sf.freecol.server.networking.Server sendToAll
INFO: Reap dead connection: [DummyConnection Server connection - model.nation.spanish]
May 16, 2018 12:13:12 AM net.sf.freecol.server.networking.Server sendToAll
INFO: Reap dead connection: [DummyConnection Server connection - model.nation.tupi]
May 16, 2018 12:13:12 AM net.sf.freecol.server.networking.Server sendToAll
INFO: Reap dead connection: [DummyConnection Server connection - model.nation.english]
May 16, 2018 12:13:12 AM net.sf.freecol.server.networking.Server sendToAll
INFO: Reap dead connection: [DummyConnection Server connection - model.nation.aztec]
May 16, 2018 12:13:12 AM net.sf.freecol.common.model.Specification applyDifficultyLevel
INFO: Applying difficulty level model.difficulty.medium
May 16, 2018 12:13:12 AM net.sf.freecol.common.FreeColSeed getFreeColSeed
INFO: Using seed: 3810630156404834678
May 16, 2018 12:13:12 AM net.sf.freecol.server.networking.Server sendToAll
INFO: Reap dead connection: [DummyConnection Server connection - model.nation.tupi]
May 16, 2018 12:13:12 AM net.sf.freecol.server.networking.Server sendToAll
INFO: Reap dead connection: [DummyConnection Server connection - model.nation.spanish]
May 16, 2018 12:13:12 AM net.sf.freecol.server.networking.Server sendToAll
INFO: Reap dead connection: [DummyConnection Server connection - model.nation.dutch]
May 16, 2018 12:13:12 AM net.sf.freecol.server.networking.Server sendToAll
INFO: Reap dead connection: [DummyConnection Server connection - model.nation.aztec]
May 16, 2018 12:13:12 AM net.sf.freecol.server.networking.Server sendToAll
INFO: Reap dead connection: [DummyConnection Server connection - model.nation.sioux]
May 16, 2018 12:13:12 AM net.sf.freecol.server.networking.Server sendToAll
INFO: Reap dead connection: [DummyConnection Server connection - model.nation.french]
May 16, 2018 12:13:12 AM net.sf.freecol.server.networking.Server sendToAll
INFO: Reap dead connection: [DummyConnection Server connection - model.nation.iroquois]
May 16, 2018 12:13:12 AM net.sf.freecol.server.networking.Server sendToAll
INFO: Reap dead connection: [DummyConnection Server connection - model.nation.arawak]
May 16, 2018 12:13:12 AM net.sf.freecol.server.networking.Server sendToAll
INFO: Reap dead connection: [DummyConnection Server connection - model.nation.apache]
May 16, 2018 12:13:12 AM net.sf.freecol.server.networking.Server sendToAll
INFO: Reap dead connection: [DummyConnection Server connection - model.nation.cherokee]
May 16, 2018 12:13:12 AM net.sf.freecol.server.networking.Server sendToAll
INFO: Reap dead connection: [DummyConnection Server connection - model.nation.english]
May 16, 2018 12:13:12 AM net.sf.freecol.server.networking.Server sendToAll
INFO: Reap dead connection: [DummyConnection Server connection - model.nation.inca]
May 16, 2018 12:13:12 AM net.sf.freecol.common.model.Specification applyDifficultyLevel
INFO: Applying difficulty level model.difficulty.medium
May 16, 2018 12:13:12 AM net.sf.freecol.common.FreeColSeed getFreeColSeed
INFO: Using seed: -755972043024775546
May 16, 2018 12:13:12 AM net.sf.freecol.server.networking.Server sendToAll
INFO: Reap dead connection: [DummyConnection Server connection - model.nation.spanish]
May 16, 2018 12:13:12 AM net.sf.freecol.server.networking.Server sendToAll
INFO: Reap dead connection: [DummyConnection Server connection - model.nation.inca]
May 16, 2018 12:13:12 AM net.sf.freecol.server.networking.Server sendToAll
INFO: Reap dead connection: [DummyConnection Server connection - model.nation.english]
May 16, 2018 12:13:12 AM net.sf.freecol.server.networking.Server sendToAll
INFO: Reap dead connection: [DummyConnection Server connection - model.nation.arawak]
May 16, 2018 12:13:12 AM net.sf.freecol.server.networking.Server sendToAll
INFO: Reap dead connection: [DummyConnection Server connection - model.nation.aztec]
May 16, 2018 12:13:12 AM net.sf.freecol.server.networking.Server sendToAll
INFO: Reap dead connection: [DummyConnection Server connection - model.nation.cherokee]
May 16, 2018 12:13:12 AM net.sf.freecol.server.networking.Server sendToAll
INFO: Reap dead connection: [DummyConnection Server connection - model.nation.iroquois]
May 16, 2018 12:13:12 AM net.sf.freecol.server.networking.Server sendToAll
INFO: Reap dead connection: [DummyConnection Server connection - model.nation.french]
May 16, 2018 12:13:12 AM net.sf.freecol.server.networking.Server sendToAll
INFO: Reap dead connection: [DummyConnection Server connection - model.nation.dutch]
May 16, 2018 12:13:12 AM net.sf.freecol.server.networking.Server sendToAll
INFO: Reap dead connection: [DummyConnection Server connection - model.nation.tupi]
May 16, 2018 12:13:12 AM net.sf.freecol.server.networking.Server sendToAll
INFO: Reap dead connection: [DummyConnection Server connection - model.nation.sioux]
May 16, 2018 12:13:12 AM net.sf.freecol.server.networking.Server sendToAll
INFO: Reap dead connection: [DummyConnection Server connection - model.nation.apache]
May 16, 2018 12:13:12 AM net.sf.freecol.common.model.Specification applyDifficultyLevel
INFO: Applying difficulty level model.difficulty.medium
May 16, 2018 12:13:12 AM net.sf.freecol.common.FreeColSeed getFreeColSeed
INFO: Using seed: 1111105505268033533
May 16, 2018 12:13:12 AM net.sf.freecol.server.networking.Server sendToAll
INFO: Reap dead connection: [DummyConnection Server connection - model.nation.dutch]
May 16, 2018 12:13:12 AM net.sf.freecol.server.networking.Server sendToAll
INFO: Reap dead connection: [DummyConnection Server connection - model.nation.cherokee]
May 16, 2018 12:13:12 AM net.sf.freecol.server.networking.Server sendToAll
INFO: Reap dead connection: [DummyConnection Server connection - model.nation.arawak]
May 16, 2018 12:13:12 AM net.sf.freecol.server.networking.Server sendToAll
INFO: Reap dead connection: [DummyConnection Server connection - model.nation.inca]
May 16, 2018 12:13:12 AM net.sf.freecol.server.networking.Server sendToAll
INFO: Reap dead connection: [DummyConnection Server connection - model.nation.spanish]
May 16, 2018 12:13:12 AM net.sf.freecol.server.networking.Server sendToAll
INFO: Reap dead connection: [DummyConnection Server connection - model.nation.iroquois]
May 16, 2018 12:13:12 AM net.sf.freecol.server.networking.Server sendToAll
INFO: Reap dead connection: [DummyConnection Server connection - model.nation.french]
May 16, 2018 12:13:12 AM net.sf.freecol.server.networking.Server sendToAll
INFO: Reap dead connection: [DummyConnection Server connection - model.nation.aztec]
May 16, 2018 12:13:12 AM net.sf.freecol.server.networking.Server sendToAll
INFO: Reap dead connection: [DummyConnection Server connection - model.nation.english]
May 16, 2018 12:13:12 AM net.sf.freecol.server.networking.Server sendToAll
INFO: Reap dead connection: [DummyConnection Server connection - model.nation.apache]
May 16, 2018 12:13:12 AM net.sf.freecol.server.networking.Server sendToAll
INFO: Reap dead connection: [DummyConnection Server connection - model.nation.tupi]
May 16, 2018 12:13:12 AM net.sf.freecol.server.networking.Server sendToAll
INFO: Reap dead connection: [DummyConnection Server connection - model.nation.sioux]
May 16, 2018 12:13:12 AM net.sf.freecol.common.model.Specification applyDifficultyLevel
INFO: Applying difficulty level model.difficulty.medium
May 16, 2018 12:13:12 AM net.sf.freecol.common.FreeColSeed getFreeColSeed
INFO: Using seed: 2077972904904193543
May 16, 2018 12:13:13 AM net.sf.freecol.server.networking.Server sendToAll
INFO: Reap dead connection: [DummyConnection Server connection - model.nation.arawak]
May 16, 2018 12:13:13 AM net.sf.freecol.server.networking.Server sendToAll
INFO: Reap dead connection: [DummyConnection Server connection - model.nation.french]
May 16, 2018 12:13:13 AM net.sf.freecol.server.networking.Server sendToAll
INFO: Reap dead connection: [DummyConnection Server connection - model.nation.iroquois]
May 16, 2018 12:13:13 AM net.sf.freecol.server.networking.Server sendToAll
INFO: Reap dead connection: [DummyConnection Server connection - model.nation.apache]
May 16, 2018 12:13:13 AM net.sf.freecol.server.networking.Server sendToAll
INFO: Reap dead connection: [DummyConnection Server connection - model.nation.sioux]
May 16, 2018 12:13:13 AM net.sf.freecol.server.networking.Server sendToAll
INFO: Reap dead connection: [DummyConnection Server connection - model.nation.english]
May 16, 2018 12:13:13 AM net.sf.freecol.server.networking.Server sendToAll
INFO: Reap dead connection: [DummyConnection Server connection - model.nation.cherokee]
May 16, 2018 12:13:13 AM net.sf.freecol.server.networking.Server sendToAll
INFO: Reap dead connection: [DummyConnection Server connection - model.nation.inca]
May 16, 2018 12:13:13 AM net.sf.freecol.server.networking.Server sendToAll
INFO: Reap dead connection: [DummyConnection Server connection - model.nation.aztec]
May 16, 2018 12:13:13 AM net.sf.freecol.server.networking.Server sendToAll
INFO: Reap dead connection: [DummyConnection Server connection - model.nation.tupi]
May 16, 2018 12:13:13 AM net.sf.freecol.server.networking.Server sendToAll
INFO: Reap dead connection: [DummyConnection Server connection - model.nation.spanish]
May 16, 2018 12:13:13 AM net.sf.freecol.server.networking.Server sendToAll
INFO: Reap dead connection: [DummyConnection Server connection - model.nation.dutch]
May 16, 2018 12:13:13 AM net.sf.freecol.common.model.Specification applyDifficultyLevel
INFO: Applying difficulty level model.difficulty.medium
May 16, 2018 12:13:13 AM net.sf.freecol.common.FreeColSeed getFreeColSeed
INFO: Using seed: -2930026386473057057
May 16, 2018 12:13:13 AM net.sf.freecol.server.networking.Server sendToAll
INFO: Reap dead connection: [DummyConnection Server connection - model.nation.tupi]
May 16, 2018 12:13:13 AM net.sf.freecol.server.networking.Server sendToAll
INFO: Reap dead connection: [DummyConnection Server connection - model.nation.dutch]
May 16, 2018 12:13:13 AM net.sf.freecol.server.networking.Server sendToAll
INFO: Reap dead connection: [DummyConnection Server connection - model.nation.spanish]
May 16, 2018 12:13:13 AM net.sf.freecol.server.networking.Server sendToAll
INFO: Reap dead connection: [DummyConnection Server connection - model.nation.cherokee]
May 16, 2018 12:13:13 AM net.sf.freecol.server.networking.Server sendToAll
INFO: Reap dead connection: [DummyConnection Server connection - model.nation.aztec]
May 16, 2018 12:13:13 AM net.sf.freecol.server.networking.Server sendToAll
INFO: Reap dead connection: [DummyConnection Server connection - model.nation.iroquois]
May 16, 2018 12:13:13 AM net.sf.freecol.server.networking.Server sendToAll
INFO: Reap dead connection: [DummyConnection Server connection - model.nation.arawak]
May 16, 2018 12:13:13 AM net.sf.freecol.server.networking.Server sendToAll
INFO: Reap dead connection: [DummyConnection Server connection - model.nation.inca]
May 16, 2018 12:13:13 AM net.sf.freecol.server.networking.Server sendToAll
INFO: Reap dead connection: [DummyConnection Server connection - model.nation.english]
May 16, 2018 12:13:13 AM net.sf.freecol.server.networking.Server sendToAll
INFO: Reap dead connection: [DummyConnection Server connection - model.nation.sioux]
May 16, 2018 12:13:13 AM net.sf.freecol.server.networking.Server sendToAll
INFO: Reap dead connection: [DummyConnection Server connection - model.nation.french]
May 16, 2018 12:13:13 AM net.sf.freecol.server.networking.Server sendToAll
INFO: Reap dead connection: [DummyConnection Server connection - model.nation.apache]
May 16, 2018 12:13:13 AM net.sf.freecol.common.model.Specification applyDifficultyLevel
INFO: Applying difficulty level model.difficulty.medium
May 16, 2018 12:13:13 AM net.sf.freecol.common.FreeColSeed getFreeColSeed
INFO: Using seed: -2774434412313669105
May 16, 2018 12:13:13 AM net.sf.freecol.server.networking.Server sendToAll
INFO: Reap dead connection: [DummyConnection Server connection - model.nation.apache]
May 16, 2018 12:13:13 AM net.sf.freecol.server.networking.Server sendToAll
INFO: Reap dead connection: [DummyConnection Server connection - model.nation.dutch]
May 16, 2018 12:13:13 AM net.sf.freecol.server.networking.Server sendToAll
INFO: Reap dead connection: [DummyConnection Server connection - model.nation.arawak]
May 16, 2018 12:13:13 AM net.sf.freecol.server.networking.Server sendToAll
INFO: Reap dead connection: [DummyConnection Server connection - model.nation.tupi]
May 16, 2018 12:13:13 AM net.sf.freecol.server.networking.Server sendToAll
INFO: Reap dead connection: [DummyConnection Server connection - model.nation.french]
May 16, 2018 12:13:13 AM net.sf.freecol.server.networking.Server sendToAll
INFO: Reap dead connection: [DummyConnection Server connection - model.nation.english]
May 16, 2018 12:13:13 AM net.sf.freecol.server.networking.Server sendToAll
INFO: Reap dead connection: [DummyConnection Server connection - model.nation.iroquois]
May 16, 2018 12:13:13 AM net.sf.freecol.server.networking.Server sendToAll
INFO: Reap dead connection: [DummyConnection Server connection - model.nation.sioux]
May 16, 2018 12:13:13 AM net.sf.freecol.server.networking.Server sendToAll
INFO: Reap dead connection: [DummyConnection Server connection - model.nation.inca]
May 16, 2018 12:13:13 AM net.sf.freecol.server.networking.Server sendToAll
INFO: Reap dead connection: [DummyConnection Server connection - model.nation.aztec]
May 16, 2018 12:13:13 AM net.sf.freecol.server.networking.Server sendToAll
INFO: Reap dead connection: [DummyConnection Server connection - model.nation.cherokee]
May 16, 2018 12:13:13 AM net.sf.freecol.server.networking.Server sendToAll
INFO: Reap dead connection: [DummyConnection Server connection - model.nation.spanish]
May 16, 2018 12:13:13 AM net.sf.freecol.common.model.Specification applyDifficultyLevel
INFO: Applying difficulty level model.difficulty.medium
May 16, 2018 12:13:13 AM net.sf.freecol.common.FreeColSeed getFreeColSeed
INFO: Using seed: -8357809299591369368
May 16, 2018 12:13:13 AM net.sf.freecol.server.networking.Server sendToAll
INFO: Reap dead connection: [DummyConnection Server connection - model.nation.apache]
May 16, 2018 12:13:13 AM net.sf.freecol.server.networking.Server sendToAll
INFO: Reap dead connection: [DummyConnection Server connection - model.nation.cherokee]
May 16, 2018 12:13:13 AM net.sf.freecol.server.networking.Server sendToAll
INFO: Reap dead connection: [DummyConnection Server connection - model.nation.dutch]
May 16, 2018 12:13:13 AM net.sf.freecol.server.networking.Server sendToAll
INFO: Reap dead connection: [DummyConnection Server connection - model.nation.sioux]
May 16, 2018 12:13:13 AM net.sf.freecol.server.networking.Server sendToAll
INFO: Reap dead connection: [DummyConnection Server connection - model.nation.inca]
May 16, 2018 12:13:13 AM net.sf.freecol.server.networking.Server sendToAll
INFO: Reap dead connection: [DummyConnection Server connection - model.nation.arawak]
May 16, 2018 12:13:13 AM net.sf.freecol.server.networking.Server sendToAll
INFO: Reap dead connection: [DummyConnection Server connection - model.nation.french]
May 16, 2018 12:13:13 AM net.sf.freecol.server.networking.Server sendToAll
INFO: Reap dead connection: [DummyConnection Server connection - model.nation.iroquois]
May 16, 2018 12:13:13 AM net.sf.freecol.server.networking.Server sendToAll
INFO: Reap dead connection: [DummyConnection Server connection - model.nation.aztec]
May 16, 2018 12:13:13 AM net.sf.freecol.server.networking.Server sendToAll
INFO: Reap dead connection: [DummyConnection Server connection - model.nation.english]
May 16, 2018 12:13:13 AM net.sf.freecol.server.networking.Server sendToAll
INFO: Reap dead connection: [DummyConnection Server connection - model.nation.tupi]
May 16, 2018 12:13:13 AM net.sf.freecol.server.networking.Server sendToAll
INFO: Reap dead connection: [DummyConnection Server connection - model.nation.spanish]
May 16, 2018 12:13:13 AM net.sf.freecol.common.model.Specification applyDifficultyLevel
INFO: Applying difficulty level model.difficulty.medium
May 16, 2018 12:13:13 AM net.sf.freecol.common.FreeColSeed getFreeColSeed
INFO: Using seed: -5242168102139243529
May 16, 2018 12:13:14 AM net.sf.freecol.server.networking.Server sendToAll
INFO: Reap dead connection: [DummyConnection Server connection - model.nation.spanish]
May 16, 2018 12:13:14 AM net.sf.freecol.server.networking.Server sendToAll
INFO: Reap dead connection: [DummyConnection Server connection - model.nation.tupi]
May 16, 2018 12:13:14 AM net.sf.freecol.server.networking.Server sendToAll
INFO: Reap dead connection: [DummyConnection Server connection - model.nation.english]
May 16, 2018 12:13:14 AM net.sf.freecol.server.networking.Server sendToAll
INFO: Reap dead connection: [DummyConnection Server connection - model.nation.arawak]
May 16, 2018 12:13:14 AM net.sf.freecol.server.networking.Server sendToAll
INFO: Reap dead connection: [DummyConnection Server connection - model.nation.sioux]
May 16, 2018 12:13:14 AM net.sf.freecol.server.networking.Server sendToAll
INFO: Reap dead connection: [DummyConnection Server connection - model.nation.iroquois]
May 16, 2018 12:13:14 AM net.sf.freecol.server.networking.Server sendToAll
INFO: Reap dead connection: [DummyConnection Server connection - model.nation.dutch]
May 16, 2018 12:13:14 AM net.sf.freecol.server.networking.Server sendToAll
INFO: Reap dead connection: [DummyConnection Server connection - model.nation.inca]
May 16, 2018 12:13:14 AM net.sf.freecol.server.networking.Server sendToAll
INFO: Reap dead connection: [DummyConnection Server connection - model.nation.aztec]
May 16, 2018 12:13:14 AM net.sf.freecol.server.networking.Server sendToAll
INFO: Reap dead connection: [DummyConnection Server connection - model.nation.french]
May 16, 2018 12:13:14 AM net.sf.freecol.server.networking.Server sendToAll
INFO: Reap dead connection: [DummyConnection Server connection - model.nation.apache]
May 16, 2018 12:13:14 AM net.sf.freecol.server.networking.Server sendToAll
INFO: Reap dead connection: [DummyConnection Server connection - model.nation.cherokee]
May 16, 2018 12:13:14 AM net.sf.freecol.common.model.Specification applyDifficultyLevel
INFO: Applying difficulty level model.difficulty.medium
May 16, 2018 12:13:14 AM net.sf.freecol.common.FreeColSeed getFreeColSeed
INFO: Using seed: -7275585999124867029
May 16, 2018 12:13:14 AM net.sf.freecol.server.networking.Server sendToAll
INFO: Reap dead connection: [DummyConnection Server connection - model.nation.english]
May 16, 2018 12:13:14 AM net.sf.freecol.server.networking.Server sendToAll
INFO: Reap dead connection: [DummyConnection Server connection - model.nation.aztec]
May 16, 2018 12:13:14 AM net.sf.freecol.server.networking.Server sendToAll
INFO: Reap dead connection: [DummyConnection Server connection - model.nation.iroquois]
May 16, 2018 12:13:14 AM net.sf.freecol.server.networking.Server sendToAll
INFO: Reap dead connection: [DummyConnection Server connection - model.nation.dutch]
May 16, 2018 12:13:14 AM net.sf.freecol.server.networking.Server sendToAll
INFO: Reap dead connection: [DummyConnection Server connection - model.nation.french]
May 16, 2018 12:13:14 AM net.sf.freecol.server.networking.Server sendToAll
INFO: Reap dead connection: [DummyConnection Server connection - model.nation.tupi]
May 16, 2018 12:13:14 AM net.sf.freecol.server.networking.Server sendToAll
INFO: Reap dead connection: [DummyConnection Server connection - model.nation.spanish]
May 16, 2018 12:13:14 AM net.sf.freecol.server.networking.Server sendToAll
INFO: Reap dead connection: [DummyConnection Server connection - model.nation.sioux]
May 16, 2018 12:13:14 AM net.sf.freecol.server.networking.Server sendToAll
INFO: Reap dead connection: [DummyConnection Server connection - model.nation.apache]
May 16, 2018 12:13:14 AM net.sf.freecol.server.networking.Server sendToAll
INFO: Reap dead connection: [DummyConnection Server connection - model.nation.arawak]
May 16, 2018 12:13:14 AM net.sf.freecol.server.networking.Server sendToAll
INFO: Reap dead connection: [DummyConnection Server connection - model.nation.inca]
May 16, 2018 12:13:14 AM net.sf.freecol.server.networking.Server sendToAll
INFO: Reap dead connection: [DummyConnection Server connection - model.nation.cherokee]
May 16, 2018 12:13:14 AM net.sf.freecol.common.model.Specification applyDifficultyLevel
INFO: Applying difficulty level model.difficulty.medium
May 16, 2018 12:13:14 AM net.sf.freecol.common.FreeColSeed getFreeColSeed
INFO: Using seed: 8814901958947213983
May 16, 2018 12:13:14 AM net.sf.freecol.server.networking.Server sendToAll
INFO: Reap dead connection: [DummyConnection Server connection - model.nation.english]
May 16, 2018 12:13:14 AM net.sf.freecol.server.networking.Server sendToAll
INFO: Reap dead connection: [DummyConnection Server connection - model.nation.french]
May 16, 2018 12:13:14 AM net.sf.freecol.server.networking.Server sendToAll
INFO: Reap dead connection: [DummyConnection Server connection - model.nation.sioux]
May 16, 2018 12:13:14 AM net.sf.freecol.server.networking.Server sendToAll
INFO: Reap dead connection: [DummyConnection Server connection - model.nation.arawak]
May 16, 2018 12:13:14 AM net.sf.freecol.server.networking.Server sendToAll
INFO: Reap dead connection: [DummyConnection Server connection - model.nation.apache]
May 16, 2018 12:13:14 AM net.sf.freecol.server.networking.Server sendToAll
INFO: Reap dead connection: [DummyConnection Server connection - model.nation.spanish]
May 16, 2018 12:13:14 AM net.sf.freecol.server.networking.Server sendToAll
INFO: Reap dead connection: [DummyConnection Server connection - model.nation.tupi]
May 16, 2018 12:13:14 AM net.sf.freecol.server.networking.Server sendToAll
INFO: Reap dead connection: [DummyConnection Server connection - model.nation.cherokee]
May 16, 2018 12:13:14 AM net.sf.freecol.server.networking.Server sendToAll
INFO: Reap dead connection: [DummyConnection Server connection - model.nation.dutch]
May 16, 2018 12:13:14 AM net.sf.freecol.server.networking.Server sendToAll
INFO: Reap dead connection: [DummyConnection Server connection - model.nation.inca]
May 16, 2018 12:13:14 AM net.sf.freecol.server.networking.Server sendToAll
INFO: Reap dead connection: [DummyConnection Server connection - model.nation.iroquois]
May 16, 2018 12:13:14 AM net.sf.freecol.server.networking.Server sendToAll
INFO: Reap dead connection: [DummyConnection Server connection - model.nation.aztec]
May 16, 2018 12:13:14 AM net.sf.freecol.common.model.Specification applyDifficultyLevel
INFO: Applying difficulty level model.difficulty.medium
May 16, 2018 12:13:14 AM net.sf.freecol.common.FreeColSeed getFreeColSeed
INFO: Using seed: -2628373158312803991
May 16, 2018 12:13:14 AM net.sf.freecol.server.networking.Server sendToAll
INFO: Reap dead connection: [DummyConnection Server connection - model.nation.inca]
May 16, 2018 12:13:14 AM net.sf.freecol.server.networking.Server sendToAll
INFO: Reap dead connection: [DummyConnection Server connection - model.nation.dutch]
May 16, 2018 12:13:14 AM net.sf.freecol.server.networking.Server sendToAll
INFO: Reap dead connection: [DummyConnection Server connection - model.nation.french]
May 16, 2018 12:13:14 AM net.sf.freecol.server.networking.Server sendToAll
INFO: Reap dead connection: [DummyConnection Server connection - model.nation.cherokee]
May 16, 2018 12:13:14 AM net.sf.freecol.server.networking.Server sendToAll
INFO: Reap dead connection: [DummyConnection Server connection - model.nation.english]
May 16, 2018 12:13:14 AM net.sf.freecol.server.networking.Server sendToAll
INFO: Reap dead connection: [DummyConnection Server connection - model.nation.tupi]
May 16, 2018 12:13:14 AM net.sf.freecol.server.networking.Server sendToAll
INFO: Reap dead connection: [DummyConnection Server connection - model.nation.sioux]
May 16, 2018 12:13:14 AM net.sf.freecol.server.networking.Server sendToAll
INFO: Reap dead connection: [DummyConnection Server connection - model.nation.aztec]
May 16, 2018 12:13:14 AM net.sf.freecol.server.networking.Server sendToAll
INFO: Reap dead connection: [DummyConnection Server connection - model.nation.iroquois]
May 16, 2018 12:13:14 AM net.sf.freecol.server.networking.Server sendToAll
INFO: Reap dead connection: [DummyConnection Server connection - model.nation.spanish]
May 16, 2018 12:13:14 AM net.sf.freecol.server.networking.Server sendToAll
INFO: Reap dead connection: [DummyConnection Server connection - model.nation.arawak]
May 16, 2018 12:13:14 AM net.sf.freecol.server.networking.Server sendToAll
INFO: Reap dead connection: [DummyConnection Server connection - model.nation.apache]
May 16, 2018 12:13:14 AM net.sf.freecol.common.model.Specification applyDifficultyLevel
INFO: Applying difficulty level model.difficulty.medium
May 16, 2018 12:13:14 AM net.sf.freecol.common.FreeColSeed getFreeColSeed
INFO: Using seed: -7803703033097788135
May 16, 2018 12:13:14 AM net.sf.freecol.server.networking.Server sendToAll
INFO: Reap dead connection: [DummyConnection Server connection - model.nation.dutch]
May 16, 2018 12:13:14 AM net.sf.freecol.server.networking.Server sendToAll
INFO: Reap dead connection: [DummyConnection Server connection - model.nation.aztec]
May 16, 2018 12:13:14 AM net.sf.freecol.server.networking.Server sendToAll
INFO: Reap dead connection: [DummyConnection Server connection - model.nation.french]
May 16, 2018 12:13:14 AM net.sf.freecol.server.networking.Server sendToAll
INFO: Reap dead connection: [DummyConnection Server connection - model.nation.english]
May 16, 2018 12:13:14 AM net.sf.freecol.server.networking.Server sendToAll
INFO: Reap dead connection: [DummyConnection Server connection - model.nation.tupi]
May 16, 2018 12:13:14 AM net.sf.freecol.server.networking.Server sendToAll
INFO: Reap dead connection: [DummyConnection Server connection - model.nation.sioux]
May 16, 2018 12:13:14 AM net.sf.freecol.server.networking.Server sendToAll
INFO: Reap dead connection: [DummyConnection Server connection - model.nation.arawak]
May 16, 2018 12:13:14 AM net.sf.freecol.server.networking.Server sendToAll
INFO: Reap dead connection: [DummyConnection Server connection - model.nation.spanish]
May 16, 2018 12:13:14 AM net.sf.freecol.server.networking.Server sendToAll
INFO: Reap dead connection: [DummyConnection Server connection - model.nation.apache]
May 16, 2018 12:13:14 AM net.sf.freecol.server.networking.Server sendToAll
INFO: Reap dead connection: [DummyConnection Server connection - model.nation.cherokee]
May 16, 2018 12:13:14 AM net.sf.freecol.server.networking.Server sendToAll
INFO: Reap dead connection: [DummyConnection Server connection - model.nation.inca]
May 16, 2018 12:13:14 AM net.sf.freecol.server.networking.Server sendToAll
INFO: Reap dead connection: [DummyConnection Server connection - model.nation.iroquois]
May 16, 2018 12:13:14 AM net.sf.freecol.common.model.Specification applyDifficultyLevel
INFO: Applying difficulty level model.difficulty.medium
May 16, 2018 12:13:14 AM net.sf.freecol.common.FreeColSeed getFreeColSeed
INFO: Using seed: 9074208142560168644
May 16, 2018 12:13:14 AM net.sf.freecol.server.networking.Server sendToAll
INFO: Reap dead connection: [DummyConnection Server connection - model.nation.cherokee]
May 16, 2018 12:13:14 AM net.sf.freecol.server.networking.Server sendToAll
INFO: Reap dead connection: [DummyConnection Server connection - model.nation.apache]
May 16, 2018 12:13:14 AM net.sf.freecol.server.networking.Server sendToAll
INFO: Reap dead connection: [DummyConnection Server connection - model.nation.dutch]
May 16, 2018 12:13:14 AM net.sf.freecol.server.networking.Server sendToAll
INFO: Reap dead connection: [DummyConnection Server connection - model.nation.tupi]
May 16, 2018 12:13:14 AM net.sf.freecol.server.networking.Server sendToAll
INFO: Reap dead connection: [DummyConnection Server connection - model.nation.french]
May 16, 2018 12:13:14 AM net.sf.freecol.server.networking.Server sendToAll
INFO: Reap dead connection: [DummyConnection Server connection - model.nation.inca]
May 16, 2018 12:13:14 AM net.sf.freecol.server.networking.Server sendToAll
INFO: Reap dead connection: [DummyConnection Server connection - model.nation.iroquois]
May 16, 2018 12:13:14 AM net.sf.freecol.server.networking.Server sendToAll
INFO: Reap dead connection: [DummyConnection Server connection - model.nation.spanish]
May 16, 2018 12:13:14 AM net.sf.freecol.server.networking.Server sendToAll
INFO: Reap dead connection: [DummyConnection Server connection - model.nation.arawak]
May 16, 2018 12:13:14 AM net.sf.freecol.server.networking.Server sendToAll
INFO: Reap dead connection: [DummyConnection Server connection - model.nation.sioux]
May 16, 2018 12:13:14 AM net.sf.freecol.server.networking.Server sendToAll
INFO: Reap dead connection: [DummyConnection Server connection - model.nation.english]
May 16, 2018 12:13:14 AM net.sf.freecol.server.networking.Server sendToAll
INFO: Reap dead connection: [DummyConnection Server connection - model.nation.aztec]
May 16, 2018 12:13:14 AM net.sf.freecol.common.model.Specification applyDifficultyLevel
INFO: Applying difficulty level model.difficulty.medium
May 16, 2018 12:13:14 AM net.sf.freecol.common.FreeColSeed getFreeColSeed
INFO: Using seed: -5417706622097984474
May 16, 2018 12:13:15 AM net.sf.freecol.server.networking.Server sendToAll
INFO: Reap dead connection: [DummyConnection Server connection - model.nation.french]
May 16, 2018 12:13:15 AM net.sf.freecol.server.networking.Server sendToAll
INFO: Reap dead connection: [DummyConnection Server connection - model.nation.apache]
May 16, 2018 12:13:15 AM net.sf.freecol.server.networking.Server sendToAll
INFO: Reap dead connection: [DummyConnection Server connection - model.nation.cherokee]
May 16, 2018 12:13:15 AM net.sf.freecol.server.networking.Server sendToAll
INFO: Reap dead connection: [DummyConnection Server connection - model.nation.iroquois]
May 16, 2018 12:13:15 AM net.sf.freecol.server.networking.Server sendToAll
INFO: Reap dead connection: [DummyConnection Server connection - model.nation.arawak]
May 16, 2018 12:13:15 AM net.sf.freecol.server.networking.Server sendToAll
INFO: Reap dead connection: [DummyConnection Server connection - model.nation.dutch]
May 16, 2018 12:13:15 AM net.sf.freecol.server.networking.Server sendToAll
INFO: Reap dead connection: [DummyConnection Server connection - model.nation.sioux]
May 16, 2018 12:13:15 AM net.sf.freecol.server.networking.Server sendToAll
INFO: Reap dead connection: [DummyConnection Server connection - model.nation.aztec]
May 16, 2018 12:13:15 AM net.sf.freecol.server.networking.Server sendToAll
INFO: Reap dead connection: [DummyConnection Server connection - model.nation.spanish]
May 16, 2018 12:13:15 AM net.sf.freecol.server.networking.Server sendToAll
INFO: Reap dead connection: [DummyConnection Server connection - model.nation.tupi]
May 16, 2018 12:13:15 AM net.sf.freecol.server.networking.Server sendToAll
INFO: Reap dead connection: [DummyConnection Server connection - model.nation.inca]
May 16, 2018 12:13:15 AM net.sf.freecol.server.networking.Server sendToAll
INFO: Reap dead connection: [DummyConnection Server connection - model.nation.english]
May 16, 2018 12:13:15 AM net.sf.freecol.common.model.Specification applyDifficultyLevel
INFO: Applying difficulty level model.difficulty.medium
May 16, 2018 12:13:15 AM net.sf.freecol.common.FreeColSeed getFreeColSeed
INFO: Using seed: -1985529696164643387
May 16, 2018 12:13:15 AM net.sf.freecol.server.networking.Server sendToAll
INFO: Reap dead connection: [DummyConnection Server connection - model.nation.cherokee]
May 16, 2018 12:13:15 AM net.sf.freecol.server.networking.Server sendToAll
INFO: Reap dead connection: [DummyConnection Server connection - model.nation.dutch]
May 16, 2018 12:13:15 AM net.sf.freecol.server.networking.Server sendToAll
INFO: Reap dead connection: [DummyConnection Server connection - model.nation.spanish]
May 16, 2018 12:13:15 AM net.sf.freecol.server.networking.Server sendToAll
INFO: Reap dead connection: [DummyConnection Server connection - model.nation.french]
May 16, 2018 12:13:15 AM net.sf.freecol.server.networking.Server sendToAll
INFO: Reap dead connection: [DummyConnection Server connection - model.nation.english]
May 16, 2018 12:13:15 AM net.sf.freecol.server.networking.Server sendToAll
INFO: Reap dead connection: [DummyConnection Server connection - model.nation.iroquois]
May 16, 2018 12:13:15 AM net.sf.freecol.server.networking.Server sendToAll
INFO: Reap dead connection: [DummyConnection Server connection - model.nation.tupi]
May 16, 2018 12:13:15 AM net.sf.freecol.server.networking.Server sendToAll
INFO: Reap dead connection: [DummyConnection Server connection - model.nation.sioux]
May 16, 2018 12:13:15 AM net.sf.freecol.server.networking.Server sendToAll
INFO: Reap dead connection: [DummyConnection Server connection - model.nation.arawak]
May 16, 2018 12:13:15 AM net.sf.freecol.server.networking.Server sendToAll
INFO: Reap dead connection: [DummyConnection Server connection - model.nation.apache]
May 16, 2018 12:13:15 AM net.sf.freecol.server.networking.Server sendToAll
INFO: Reap dead connection: [DummyConnection Server connection - model.nation.inca]
May 16, 2018 12:13:15 AM net.sf.freecol.server.networking.Server sendToAll
INFO: Reap dead connection: [DummyConnection Server connection - model.nation.aztec]
May 16, 2018 12:13:15 AM net.sf.freecol.common.model.Specification applyDifficultyLevel
INFO: Applying difficulty level model.difficulty.medium
May 16, 2018 12:13:15 AM net.sf.freecol.common.FreeColSeed getFreeColSeed
INFO: Using seed: 4783341628143511768
May 16, 2018 12:13:15 AM net.sf.freecol.server.networking.Server sendToAll
INFO: Reap dead connection: [DummyConnection Server connection - model.nation.iroquois]
May 16, 2018 12:13:15 AM net.sf.freecol.server.networking.Server sendToAll
INFO: Reap dead connection: [DummyConnection Server connection - model.nation.inca]
May 16, 2018 12:13:15 AM net.sf.freecol.server.networking.Server sendToAll
INFO: Reap dead connection: [DummyConnection Server connection - model.nation.apache]
May 16, 2018 12:13:15 AM net.sf.freecol.server.networking.Server sendToAll
INFO: Reap dead connection: [DummyConnection Server connection - model.nation.sioux]
May 16, 2018 12:13:15 AM net.sf.freecol.server.networking.Server sendToAll
INFO: Reap dead connection: [DummyConnection Server connection - model.nation.tupi]
May 16, 2018 12:13:15 AM net.sf.freecol.server.networking.Server sendToAll
INFO: Reap dead connection: [DummyConnection Server connection - model.nation.arawak]
May 16, 2018 12:13:15 AM net.sf.freecol.server.networking.Server sendToAll
INFO: Reap dead connection: [DummyConnection Server connection - model.nation.cherokee]
May 16, 2018 12:13:15 AM net.sf.freecol.server.networking.Server sendToAll
INFO: Reap dead connection: [DummyConnection Server connection - model.nation.aztec]
May 16, 2018 12:13:15 AM net.sf.freecol.server.networking.Server sendToAll
INFO: Reap dead connection: [DummyConnection Server connection - model.nation.dutch]
May 16, 2018 12:13:15 AM net.sf.freecol.server.networking.Server sendToAll
INFO: Reap dead connection: [DummyConnection Server connection - model.nation.spanish]
May 16, 2018 12:13:15 AM net.sf.freecol.server.networking.Server sendToAll
INFO: Reap dead connection: [DummyConnection Server connection - model.nation.english]
May 16, 2018 12:13:15 AM net.sf.freecol.server.networking.Server sendToAll
INFO: Reap dead connection: [DummyConnection Server connection - model.nation.french]
May 16, 2018 12:13:15 AM net.sf.freecol.common.model.Specification applyDifficultyLevel
INFO: Applying difficulty level model.difficulty.medium
May 16, 2018 12:13:15 AM net.sf.freecol.common.FreeColSeed getFreeColSeed
INFO: Using seed: -2111879260099174238
May 16, 2018 12:13:15 AM net.sf.freecol.server.networking.Server sendToAll
INFO: Reap dead connection: [DummyConnection Server connection - model.nation.sioux]
May 16, 2018 12:13:15 AM net.sf.freecol.server.networking.Server sendToAll
INFO: Reap dead connection: [DummyConnection Server connection - model.nation.apache]
May 16, 2018 12:13:15 AM net.sf.freecol.server.networking.Server sendToAll
INFO: Reap dead connection: [DummyConnection Server connection - model.nation.french]
May 16, 2018 12:13:15 AM net.sf.freecol.server.networking.Server sendToAll
INFO: Reap dead connection: [DummyConnection Server connection - model.nation.arawak]
May 16, 2018 12:13:15 AM net.sf.freecol.server.networking.Server sendToAll
INFO: Reap dead connection: [DummyConnection Server connection - model.nation.dutch]
May 16, 2018 12:13:15 AM net.sf.freecol.server.networking.Server sendToAll
INFO: Reap dead connection: [DummyConnection Server connection - model.nation.english]
May 16, 2018 12:13:15 AM net.sf.freecol.server.networking.Server sendToAll
INFO: Reap dead connection: [DummyConnection Server connection - model.nation.aztec]
May 16, 2018 12:13:15 AM net.sf.freecol.server.networking.Server sendToAll
INFO: Reap dead connection: [DummyConnection Server connection - model.nation.iroquois]
May 16, 2018 12:13:15 AM net.sf.freecol.server.networking.Server sendToAll
INFO: Reap dead connection: [DummyConnection Server connection - model.nation.tupi]
May 16, 2018 12:13:15 AM net.sf.freecol.server.networking.Server sendToAll
INFO: Reap dead connection: [DummyConnection Server connection - model.nation.inca]
May 16, 2018 12:13:15 AM net.sf.freecol.server.networking.Server sendToAll
INFO: Reap dead connection: [DummyConnection Server connection - model.nation.spanish]
May 16, 2018 12:13:15 AM net.sf.freecol.server.networking.Server sendToAll
INFO: Reap dead connection: [DummyConnection Server connection - model.nation.cherokee]
May 16, 2018 12:13:15 AM net.sf.freecol.common.model.Specification applyDifficultyLevel
INFO: Applying difficulty level model.difficulty.medium
May 16, 2018 12:13:15 AM net.sf.freecol.common.FreeColSeed getFreeColSeed
INFO: Using seed: 4412441021859656927
May 16, 2018 12:13:15 AM net.sf.freecol.server.networking.Server sendToAll
INFO: Reap dead connection: [DummyConnection Server connection - model.nation.tupi]
May 16, 2018 12:13:15 AM net.sf.freecol.server.networking.Server sendToAll
INFO: Reap dead connection: [DummyConnection Server connection - model.nation.dutch]
May 16, 2018 12:13:15 AM net.sf.freecol.server.networking.Server sendToAll
INFO: Reap dead connection: [DummyConnection Server connection - model.nation.inca]
May 16, 2018 12:13:15 AM net.sf.freecol.server.networking.Server sendToAll
INFO: Reap dead connection: [DummyConnection Server connection - model.nation.aztec]
May 16, 2018 12:13:15 AM net.sf.freecol.server.networking.Server sendToAll
INFO: Reap dead connection: [DummyConnection Server connection - model.nation.spanish]
May 16, 2018 12:13:15 AM net.sf.freecol.server.networking.Server sendToAll
INFO: Reap dead connection: [DummyConnection Server connection - model.nation.sioux]
May 16, 2018 12:13:15 AM net.sf.freecol.server.networking.Server sendToAll
INFO: Reap dead connection: [DummyConnection Server connection - model.nation.french]
May 16, 2018 12:13:15 AM net.sf.freecol.server.networking.Server sendToAll
INFO: Reap dead connection: [DummyConnection Server connection - model.nation.english]
May 16, 2018 12:13:15 AM net.sf.freecol.server.networking.Server sendToAll
INFO: Reap dead connection: [DummyConnection Server connection - model.nation.iroquois]
May 16, 2018 12:13:15 AM net.sf.freecol.server.networking.Server sendToAll
INFO: Reap dead connection: [DummyConnection Server connection - model.nation.cherokee]
May 16, 2018 12:13:15 AM net.sf.freecol.server.networking.Server sendToAll
INFO: Reap dead connection: [DummyConnection Server connection - model.nation.arawak]
May 16, 2018 12:13:15 AM net.sf.freecol.server.networking.Server sendToAll
INFO: Reap dead connection: [DummyConnection Server connection - model.nation.apache]
May 16, 2018 12:13:15 AM net.sf.freecol.common.model.Specification applyDifficultyLevel
INFO: Applying difficulty level model.difficulty.medium
May 16, 2018 12:13:15 AM net.sf.freecol.common.FreeColSeed getFreeColSeed
INFO: Using seed: -2067894755540418706
May 16, 2018 12:13:16 AM net.sf.freecol.server.networking.Server sendToAll
INFO: Reap dead connection: [DummyConnection Server connection - model.nation.tupi]
May 16, 2018 12:13:16 AM net.sf.freecol.server.networking.Server sendToAll
INFO: Reap dead connection: [DummyConnection Server connection - model.nation.spanish]
May 16, 2018 12:13:16 AM net.sf.freecol.server.networking.Server sendToAll
INFO: Reap dead connection: [DummyConnection Server connection - model.nation.iroquois]
May 16, 2018 12:13:16 AM net.sf.freecol.server.networking.Server sendToAll
INFO: Reap dead connection: [DummyConnection Server connection - model.nation.dutch]
May 16, 2018 12:13:16 AM net.sf.freecol.server.networking.Server sendToAll
INFO: Reap dead connection: [DummyConnection Server connection - model.nation.cherokee]
May 16, 2018 12:13:16 AM net.sf.freecol.server.networking.Server sendToAll
INFO: Reap dead connection: [DummyConnection Server connection - model.nation.apache]
May 16, 2018 12:13:16 AM net.sf.freecol.server.networking.Server sendToAll
INFO: Reap dead connection: [DummyConnection Server connection - model.nation.english]
May 16, 2018 12:13:16 AM net.sf.freecol.server.networking.Server sendToAll
INFO: Reap dead connection: [DummyConnection Server connection - model.nation.sioux]
May 16, 2018 12:13:16 AM net.sf.freecol.server.networking.Server sendToAll
INFO: Reap dead connection: [DummyConnection Server connection - model.nation.french]
May 16, 2018 12:13:16 AM net.sf.freecol.server.networking.Server sendToAll
INFO: Reap dead connection: [DummyConnection Server connection - model.nation.arawak]
May 16, 2018 12:13:16 AM net.sf.freecol.server.networking.Server sendToAll
INFO: Reap dead connection: [DummyConnection Server connection - model.nation.inca]
May 16, 2018 12:13:16 AM net.sf.freecol.server.networking.Server sendToAll
INFO: Reap dead connection: [DummyConnection Server connection - model.nation.aztec]
May 16, 2018 12:13:16 AM net.sf.freecol.common.model.Specification applyDifficultyLevel
INFO: Applying difficulty level model.difficulty.medium
May 16, 2018 12:13:16 AM net.sf.freecol.common.FreeColSeed getFreeColSeed
INFO: Using seed: 5508905114529919099
May 16, 2018 12:13:16 AM net.sf.freecol.server.networking.Server sendToAll
INFO: Reap dead connection: [DummyConnection Server connection - model.nation.arawak]
May 16, 2018 12:13:16 AM net.sf.freecol.server.networking.Server sendToAll
INFO: Reap dead connection: [DummyConnection Server connection - model.nation.dutch]
May 16, 2018 12:13:16 AM net.sf.freecol.server.networking.Server sendToAll
INFO: Reap dead connection: [DummyConnection Server connection - model.nation.english]
May 16, 2018 12:13:16 AM net.sf.freecol.server.networking.Server sendToAll
INFO: Reap dead connection: [DummyConnection Server connection - model.nation.inca]
May 16, 2018 12:13:16 AM net.sf.freecol.server.networking.Server sendToAll
INFO: Reap dead connection: [DummyConnection Server connection - model.nation.sioux]
May 16, 2018 12:13:16 AM net.sf.freecol.server.networking.Server sendToAll
INFO: Reap dead connection: [DummyConnection Server connection - model.nation.tupi]
May 16, 2018 12:13:16 AM net.sf.freecol.server.networking.Server sendToAll
INFO: Reap dead connection: [DummyConnection Server connection - model.nation.apache]
May 16, 2018 12:13:16 AM net.sf.freecol.server.networking.Server sendToAll
INFO: Reap dead connection: [DummyConnection Server connection - model.nation.cherokee]
May 16, 2018 12:13:16 AM net.sf.freecol.server.networking.Server sendToAll
INFO: Reap dead connection: [DummyConnection Server connection - model.nation.iroquois]
May 16, 2018 12:13:16 AM net.sf.freecol.server.networking.Server sendToAll
INFO: Reap dead connection: [DummyConnection Server connection - model.nation.french]
May 16, 2018 12:13:16 AM net.sf.freecol.server.networking.Server sendToAll
INFO: Reap dead connection: [DummyConnection Server connection - model.nation.aztec]
May 16, 2018 12:13:16 AM net.sf.freecol.server.networking.Server sendToAll
INFO: Reap dead connection: [DummyConnection Server connection - model.nation.spanish]
May 16, 2018 12:13:16 AM net.sf.freecol.common.model.Specification applyDifficultyLevel
INFO: Applying difficulty level model.difficulty.medium
May 16, 2018 12:13:16 AM net.sf.freecol.common.FreeColSeed getFreeColSeed
INFO: Using seed: -3848942432367277556
May 16, 2018 12:13:16 AM net.sf.freecol.server.networking.Server sendToAll
INFO: Reap dead connection: [DummyConnection Server connection - model.nation.dutch]
May 16, 2018 12:13:16 AM net.sf.freecol.server.networking.Server sendToAll
INFO: Reap dead connection: [DummyConnection Server connection - model.nation.tupi]
May 16, 2018 12:13:16 AM net.sf.freecol.server.networking.Server sendToAll
INFO: Reap dead connection: [DummyConnection Server connection - model.nation.spanish]
May 16, 2018 12:13:16 AM net.sf.freecol.server.networking.Server sendToAll
INFO: Reap dead connection: [DummyConnection Server connection - model.nation.aztec]
May 16, 2018 12:13:16 AM net.sf.freecol.server.networking.Server sendToAll
INFO: Reap dead connection: [DummyConnection Server connection - model.nation.iroquois]
May 16, 2018 12:13:16 AM net.sf.freecol.server.networking.Server sendToAll
INFO: Reap dead connection: [DummyConnection Server connection - model.nation.arawak]
May 16, 2018 12:13:16 AM net.sf.freecol.server.networking.Server sendToAll
INFO: Reap dead connection: [DummyConnection Server connection - model.nation.english]
May 16, 2018 12:13:16 AM net.sf.freecol.server.networking.Server sendToAll
INFO: Reap dead connection: [DummyConnection Server connection - model.nation.sioux]
May 16, 2018 12:13:16 AM net.sf.freecol.server.networking.Server sendToAll
INFO: Reap dead connection: [DummyConnection Server connection - model.nation.inca]
May 16, 2018 12:13:16 AM net.sf.freecol.server.networking.Server sendToAll
INFO: Reap dead connection: [DummyConnection Server connection - model.nation.apache]
May 16, 2018 12:13:16 AM net.sf.freecol.server.networking.Server sendToAll
INFO: Reap dead connection: [DummyConnection Server connection - model.nation.cherokee]
May 16, 2018 12:13:16 AM net.sf.freecol.server.networking.Server sendToAll
INFO: Reap dead connection: [DummyConnection Server connection - model.nation.french]
May 16, 2018 12:13:16 AM net.sf.freecol.common.model.Specification applyDifficultyLevel
INFO: Applying difficulty level model.difficulty.medium
May 16, 2018 12:13:16 AM net.sf.freecol.common.FreeColSeed getFreeColSeed
INFO: Using seed: 3346079178010004070
May 16, 2018 12:13:16 AM net.sf.freecol.server.networking.Server sendToAll
INFO: Reap dead connection: [DummyConnection Server connection - model.nation.arawak]
May 16, 2018 12:13:16 AM net.sf.freecol.server.networking.Server sendToAll
INFO: Reap dead connection: [DummyConnection Server connection - model.nation.apache]
May 16, 2018 12:13:16 AM net.sf.freecol.server.networking.Server sendToAll
INFO: Reap dead connection: [DummyConnection Server connection - model.nation.spanish]
May 16, 2018 12:13:16 AM net.sf.freecol.server.networking.Server sendToAll
INFO: Reap dead connection: [DummyConnection Server connection - model.nation.sioux]
May 16, 2018 12:13:16 AM net.sf.freecol.server.networking.Server sendToAll
INFO: Reap dead connection: [DummyConnection Server connection - model.nation.dutch]
May 16, 2018 12:13:16 AM net.sf.freecol.server.networking.Server sendToAll
INFO: Reap dead connection: [DummyConnection Server connection - model.nation.inca]
May 16, 2018 12:13:16 AM net.sf.freecol.server.networking.Server sendToAll
INFO: Reap dead connection: [DummyConnection Server connection - model.nation.cherokee]
May 16, 2018 12:13:16 AM net.sf.freecol.server.networking.Server sendToAll
INFO: Reap dead connection: [DummyConnection Server connection - model.nation.tupi]
May 16, 2018 12:13:16 AM net.sf.freecol.server.networking.Server sendToAll
INFO: Reap dead connection: [DummyConnection Server connection - model.nation.french]
May 16, 2018 12:13:16 AM net.sf.freecol.server.networking.Server sendToAll
INFO: Reap dead connection: [DummyConnection Server connection - model.nation.iroquois]
May 16, 2018 12:13:16 AM net.sf.freecol.server.networking.Server sendToAll
INFO: Reap dead connection: [DummyConnection Server connection - model.nation.aztec]
May 16, 2018 12:13:16 AM net.sf.freecol.server.networking.Server sendToAll
INFO: Reap dead connection: [DummyConnection Server connection - model.nation.english]
May 16, 2018 12:13:16 AM net.sf.freecol.common.networking.DOMMessage clientError
WARNING: Naval unit unit:250 can not embark.
May 16, 2018 12:13:16 AM net.sf.freecol.common.networking.DOMMessage clientError
WARNING: Carrier: unit:248 can not carry unit:252: CAPACITY_EXCEEDED
May 16, 2018 12:13:16 AM net.sf.freecol.common.model.Specification applyDifficultyLevel
INFO: Applying difficulty level model.difficulty.medium
May 16, 2018 12:13:16 AM net.sf.freecol.common.FreeColSeed getFreeColSeed
INFO: Using seed: -3658249999055919173
May 16, 2018 12:13:16 AM net.sf.freecol.server.networking.Server sendToAll
INFO: Reap dead connection: [DummyConnection Server connection - model.nation.tupi]
May 16, 2018 12:13:16 AM net.sf.freecol.server.networking.Server sendToAll
INFO: Reap dead connection: [DummyConnection Server connection - model.nation.dutch]
May 16, 2018 12:13:16 AM net.sf.freecol.server.networking.Server sendToAll
INFO: Reap dead connection: [DummyConnection Server connection - model.nation.sioux]
May 16, 2018 12:13:16 AM net.sf.freecol.server.networking.Server sendToAll
INFO: Reap dead connection: [DummyConnection Server connection - model.nation.aztec]
May 16, 2018 12:13:16 AM net.sf.freecol.server.networking.Server sendToAll
INFO: Reap dead connection: [DummyConnection Server connection - model.nation.french]
May 16, 2018 12:13:16 AM net.sf.freecol.server.networking.Server sendToAll
INFO: Reap dead connection: [DummyConnection Server connection - model.nation.english]
May 16, 2018 12:13:16 AM net.sf.freecol.server.networking.Server sendToAll
INFO: Reap dead connection: [DummyConnection Server connection - model.nation.apache]
May 16, 2018 12:13:16 AM net.sf.freecol.server.networking.Server sendToAll
INFO: Reap dead connection: [DummyConnection Server connection - model.nation.arawak]
May 16, 2018 12:13:16 AM net.sf.freecol.server.networking.Server sendToAll
INFO: Reap dead connection: [DummyConnection Server connection - model.nation.spanish]
May 16, 2018 12:13:16 AM net.sf.freecol.server.networking.Server sendToAll
INFO: Reap dead connection: [DummyConnection Server connection - model.nation.inca]
May 16, 2018 12:13:16 AM net.sf.freecol.server.networking.Server sendToAll
INFO: Reap dead connection: [DummyConnection Server connection - model.nation.cherokee]
May 16, 2018 12:13:16 AM net.sf.freecol.server.networking.Server sendToAll
INFO: Reap dead connection: [DummyConnection Server connection - model.nation.iroquois]
May 16, 2018 12:13:16 AM net.sf.freecol.server.model.ServerPlayer csChangeStance
INFO: Stance modification William I UNCONTACTED -> WAR wrt Louis XIV
May 16, 2018 12:13:16 AM net.sf.freecol.server.model.ServerPlayer csChangeStance
INFO: Stance modification Louis XIV UNCONTACTED -> WAR wrt William I (symmetric)
May 16, 2018 12:13:16 AM net.sf.freecol.common.util.LogBuilder log
INFO: Combat attacker=unit:247-veteranSoldier-soldier [Modifier model.modifier.offence (model.source.baseOffence) ADDITIVE 0.0 index=10] [Modifier model.modifier.offence (model.role.soldier) ADDITIVE 2.0 index=30] [Modifier model.modifier.offence (model.unit.veteranSoldier) PERCENTAGE 50.0 index=40] [Modifier model.modifier.attackBonus (model.source.attackBonus) PERCENTAGE 50.0 index=50] = 4.5 defender=unit:248-freeColonist-soldier [Modifier model.modifier.defence (model.source.baseDefence) ADDITIVE 1.0 index=10] [Modifier model.modifier.defence (model.role.soldier) ADDITIVE 1.0 index=30] = 2.0 odds=0.6923076923076923 random(1.0)=0.7123076915740967 great=false Attack LOSE LOSE_EQUIP
May 16, 2018 12:13:16 AM net.sf.freecol.common.util.LogBuilder log
INFO: Combat attacker=unit:247-veteranSoldier [Modifier model.modifier.offence (model.source.baseOffence) ADDITIVE 0.0 index=10] [Modifier model.modifier.offence (model.unit.veteranSoldier) PERCENTAGE 50.0 index=40] [Modifier model.modifier.attackBonus (model.source.attackBonus) PERCENTAGE 50.0 index=50] = 0.0 defender=unit:248-freeColonist-soldier [Modifier model.modifier.defence (model.source.baseDefence) ADDITIVE 1.0 index=10] [Modifier model.modifier.defence (model.role.soldier) ADDITIVE 1.0 index=30] = 2.0 odds=0.0 random(1.0)=0.019999999552965164 great=false Attack LOSE CAPTURE_UNIT
May 16, 2018 12:13:16 AM net.sf.freecol.common.model.Specification applyDifficultyLevel
INFO: Applying difficulty level model.difficulty.medium
May 16, 2018 12:13:16 AM net.sf.freecol.common.FreeColSeed getFreeColSeed
INFO: Using seed: -1649538804208937410
May 16, 2018 12:13:17 AM net.sf.freecol.server.networking.Server sendToAll
INFO: Reap dead connection: [DummyConnection Server connection - model.nation.tupi]
May 16, 2018 12:13:17 AM net.sf.freecol.server.networking.Server sendToAll
INFO: Reap dead connection: [DummyConnection Server connection - model.nation.spanish]
May 16, 2018 12:13:17 AM net.sf.freecol.server.networking.Server sendToAll
INFO: Reap dead connection: [DummyConnection Server connection - model.nation.inca]
May 16, 2018 12:13:17 AM net.sf.freecol.server.networking.Server sendToAll
INFO: Reap dead connection: [DummyConnection Server connection - model.nation.dutch]
May 16, 2018 12:13:17 AM net.sf.freecol.server.networking.Server sendToAll
INFO: Reap dead connection: [DummyConnection Server connection - model.nation.aztec]
May 16, 2018 12:13:17 AM net.sf.freecol.server.networking.Server sendToAll
INFO: Reap dead connection: [DummyConnection Server connection - model.nation.cherokee]
May 16, 2018 12:13:17 AM net.sf.freecol.server.networking.Server sendToAll
INFO: Reap dead connection: [DummyConnection Server connection - model.nation.sioux]
May 16, 2018 12:13:17 AM net.sf.freecol.server.networking.Server sendToAll
INFO: Reap dead connection: [DummyConnection Server connection - model.nation.arawak]
May 16, 2018 12:13:17 AM net.sf.freecol.server.networking.Server sendToAll
INFO: Reap dead connection: [DummyConnection Server connection - model.nation.apache]
May 16, 2018 12:13:17 AM net.sf.freecol.server.networking.Server sendToAll
INFO: Reap dead connection: [DummyConnection Server connection - model.nation.french]
May 16, 2018 12:13:17 AM net.sf.freecol.server.networking.Server sendToAll
INFO: Reap dead connection: [DummyConnection Server connection - model.nation.english]
May 16, 2018 12:13:17 AM net.sf.freecol.server.networking.Server sendToAll
INFO: Reap dead connection: [DummyConnection Server connection - model.nation.iroquois]
May 16, 2018 12:13:17 AM net.sf.freecol.server.model.ServerPlayer csChangeStance
INFO: Stance modification William I UNCONTACTED -> WAR wrt Atahualpa
May 16, 2018 12:13:17 AM net.sf.freecol.server.model.ServerPlayer csChangeStance
INFO: Stance modification Atahualpa UNCONTACTED -> WAR wrt William I (symmetric)
May 16, 2018 12:13:17 AM net.sf.freecol.common.util.LogBuilder log
INFO: Combat attacker=unit:271-brave-nativeDragoon [Modifier model.modifier.offence (model.source.baseOffence) ADDITIVE 1.0 index=10] [Modifier model.modifier.offence (model.role.nativeDragoon) ADDITIVE 3.0 index=30] [Modifier model.modifier.attackBonus (model.source.attackBonus) PERCENTAGE 50.0 index=50] = 6.0 defender=unit:270-freeColonist [Modifier model.modifier.defence (model.source.baseDefence) ADDITIVE 1.0 index=10] [Modifier model.modifier.defence (model.role.soldier) ADDITIVE 1.0 index=30] [Modifier model.modifier.defence (model.settlement.colony) PERCENTAGE 50.0 index=50] = 3.0 odds=0.6666666666666666 random(1.0)=0.6466666460037231 great=false Attack WIN AUTOEQUIP_UNIT LOSE_AUTOEQUIP
May 16, 2018 12:13:17 AM net.sf.freecol.common.model.Specification applyDifficultyLevel
INFO: Applying difficulty level model.difficulty.medium
May 16, 2018 12:13:17 AM net.sf.freecol.common.FreeColSeed getFreeColSeed
INFO: Using seed: 1038484172971895227
May 16, 2018 12:13:17 AM net.sf.freecol.server.networking.Server sendToAll
INFO: Reap dead connection: [DummyConnection Server connection - model.nation.dutch]
May 16, 2018 12:13:17 AM net.sf.freecol.server.networking.Server sendToAll
INFO: Reap dead connection: [DummyConnection Server connection - model.nation.aztec]
May 16, 2018 12:13:17 AM net.sf.freecol.server.networking.Server sendToAll
INFO: Reap dead connection: [DummyConnection Server connection - model.nation.sioux]
May 16, 2018 12:13:17 AM net.sf.freecol.server.networking.Server sendToAll
INFO: Reap dead connection: [DummyConnection Server connection - model.nation.spanish]
May 16, 2018 12:13:17 AM net.sf.freecol.server.networking.Server sendToAll
INFO: Reap dead connection: [DummyConnection Server connection - model.nation.english]
May 16, 2018 12:13:17 AM net.sf.freecol.server.networking.Server sendToAll
INFO: Reap dead connection: [DummyConnection Server connection - model.nation.iroquois]
May 16, 2018 12:13:17 AM net.sf.freecol.server.networking.Server sendToAll
INFO: Reap dead connection: [DummyConnection Server connection - model.nation.inca]
May 16, 2018 12:13:17 AM net.sf.freecol.server.networking.Server sendToAll
INFO: Reap dead connection: [DummyConnection Server connection - model.nation.cherokee]
May 16, 2018 12:13:17 AM net.sf.freecol.server.networking.Server sendToAll
INFO: Reap dead connection: [DummyConnection Server connection - model.nation.apache]
May 16, 2018 12:13:17 AM net.sf.freecol.server.networking.Server sendToAll
INFO: Reap dead connection: [DummyConnection Server connection - model.nation.arawak]
May 16, 2018 12:13:17 AM net.sf.freecol.server.networking.Server sendToAll
INFO: Reap dead connection: [DummyConnection Server connection - model.nation.tupi]
May 16, 2018 12:13:17 AM net.sf.freecol.server.networking.Server sendToAll
INFO: Reap dead connection: [DummyConnection Server connection - model.nation.french]
May 16, 2018 12:13:17 AM net.sf.freecol.common.model.Specification applyDifficultyLevel
INFO: Applying difficulty level model.difficulty.medium
May 16, 2018 12:13:17 AM net.sf.freecol.common.FreeColSeed getFreeColSeed
INFO: Using seed: -3650279310206517368
May 16, 2018 12:13:17 AM net.sf.freecol.server.networking.Server sendToAll
INFO: Reap dead connection: [DummyConnection Server connection - model.nation.iroquois]
May 16, 2018 12:13:17 AM net.sf.freecol.server.networking.Server sendToAll
INFO: Reap dead connection: [DummyConnection Server connection - model.nation.sioux]
May 16, 2018 12:13:17 AM net.sf.freecol.server.networking.Server sendToAll
INFO: Reap dead connection: [DummyConnection Server connection - model.nation.inca]
May 16, 2018 12:13:17 AM net.sf.freecol.server.networking.Server sendToAll
INFO: Reap dead connection: [DummyConnection Server connection - model.nation.apache]
May 16, 2018 12:13:17 AM net.sf.freecol.server.networking.Server sendToAll
INFO: Reap dead connection: [DummyConnection Server connection - model.nation.tupi]
May 16, 2018 12:13:17 AM net.sf.freecol.server.networking.Server sendToAll
INFO: Reap dead connection: [DummyConnection Server connection - model.nation.dutch]
May 16, 2018 12:13:17 AM net.sf.freecol.server.networking.Server sendToAll
INFO: Reap dead connection: [DummyConnection Server connection - model.nation.english]
May 16, 2018 12:13:17 AM net.sf.freecol.server.networking.Server sendToAll
INFO: Reap dead connection: [DummyConnection Server connection - model.nation.arawak]
May 16, 2018 12:13:17 AM net.sf.freecol.server.networking.Server sendToAll
INFO: Reap dead connection: [DummyConnection Server connection - model.nation.cherokee]
May 16, 2018 12:13:17 AM net.sf.freecol.server.networking.Server sendToAll
INFO: Reap dead connection: [DummyConnection Server connection - model.nation.aztec]
May 16, 2018 12:13:17 AM net.sf.freecol.server.networking.Server sendToAll
INFO: Reap dead connection: [DummyConnection Server connection - model.nation.spanish]
May 16, 2018 12:13:17 AM net.sf.freecol.server.networking.Server sendToAll
INFO: Reap dead connection: [DummyConnection Server connection - model.nation.french]
May 16, 2018 12:13:17 AM net.sf.freecol.server.model.ServerPlayer csChangeStance
INFO: Stance modification William I UNCONTACTED -> WAR wrt Louis XIV
May 16, 2018 12:13:17 AM net.sf.freecol.server.model.ServerPlayer csChangeStance
INFO: Stance modification Louis XIV UNCONTACTED -> WAR wrt William I (symmetric)
May 16, 2018 12:13:17 AM net.sf.freecol.common.util.LogBuilder log
INFO: Combat attacker=unit:247-freeColonist [Modifier model.modifier.offence (model.source.baseOffence) ADDITIVE 0.0 index=10] [Modifier model.modifier.attackBonus (model.source.attackBonus) PERCENTAGE 50.0 index=50] = 0.0 defender=unit:248-freeColonist-soldier [Modifier model.modifier.defence (model.source.baseDefence) ADDITIVE 1.0 index=10] [Modifier model.modifier.defence (model.role.soldier) ADDITIVE 1.0 index=30] = 2.0 odds=0.0 random(1.0)=0.019999999552965164 great=false Attack LOSE CAPTURE_UNIT
May 16, 2018 12:13:17 AM net.sf.freecol.common.model.Specification applyDifficultyLevel
INFO: Applying difficulty level model.difficulty.medium
May 16, 2018 12:13:17 AM net.sf.freecol.common.FreeColSeed getFreeColSeed
INFO: Using seed: 6205500825604417220
May 16, 2018 12:13:17 AM net.sf.freecol.server.networking.Server sendToAll
INFO: Reap dead connection: [DummyConnection Server connection - model.nation.french]
May 16, 2018 12:13:17 AM net.sf.freecol.server.networking.Server sendToAll
INFO: Reap dead connection: [DummyConnection Server connection - model.nation.apache]
May 16, 2018 12:13:17 AM net.sf.freecol.server.networking.Server sendToAll
INFO: Reap dead connection: [DummyConnection Server connection - model.nation.sioux]
May 16, 2018 12:13:17 AM net.sf.freecol.server.networking.Server sendToAll
INFO: Reap dead connection: [DummyConnection Server connection - model.nation.spanish]
May 16, 2018 12:13:17 AM net.sf.freecol.server.networking.Server sendToAll
INFO: Reap dead connection: [DummyConnection Server connection - model.nation.dutch]
May 16, 2018 12:13:17 AM net.sf.freecol.server.networking.Server sendToAll
INFO: Reap dead connection: [DummyConnection Server connection - model.nation.cherokee]
May 16, 2018 12:13:17 AM net.sf.freecol.server.networking.Server sendToAll
INFO: Reap dead connection: [DummyConnection Server connection - model.nation.arawak]
May 16, 2018 12:13:17 AM net.sf.freecol.server.networking.Server sendToAll
INFO: Reap dead connection: [DummyConnection Server connection - model.nation.aztec]
May 16, 2018 12:13:17 AM net.sf.freecol.server.networking.Server sendToAll
INFO: Reap dead connection: [DummyConnection Server connection - model.nation.inca]
May 16, 2018 12:13:17 AM net.sf.freecol.server.networking.Server sendToAll
INFO: Reap dead connection: [DummyConnection Server connection - model.nation.tupi]
May 16, 2018 12:13:17 AM net.sf.freecol.server.networking.Server sendToAll
INFO: Reap dead connection: [DummyConnection Server connection - model.nation.english]
May 16, 2018 12:13:17 AM net.sf.freecol.server.networking.Server sendToAll
INFO: Reap dead connection: [DummyConnection Server connection - model.nation.iroquois]
May 16, 2018 12:13:17 AM net.sf.freecol.server.model.ServerPlayer csChangeStance
INFO: Stance modification William I UNCONTACTED -> WAR wrt Louis XIV
May 16, 2018 12:13:17 AM net.sf.freecol.server.model.ServerPlayer csChangeStance
INFO: Stance modification Louis XIV UNCONTACTED -> WAR wrt William I (symmetric)
May 16, 2018 12:13:17 AM net.sf.freecol.common.util.LogBuilder log
INFO: Combat attacker=unit:247-freeColonist-scout [Modifier model.modifier.offence (model.source.baseOffence) ADDITIVE 0.0 index=10] [Modifier model.modifier.offence (model.role.scout) ADDITIVE 1.0 index=30] [Modifier model.modifier.attackBonus (model.source.attackBonus) PERCENTAGE 50.0 index=50] = 1.5 defender=unit:248-freeColonist-soldier [Modifier model.modifier.defence (model.source.baseDefence) ADDITIVE 1.0 index=10] [Modifier model.modifier.defence (model.role.soldier) ADDITIVE 1.0 index=30] = 2.0 odds=0.42857142857142855 random(1.0)=0.44857141375541687 great=false Attack LOSE SLAUGHTER_UNIT
May 16, 2018 12:13:17 AM net.sf.freecol.common.util.LogBuilder log
INFO: Destroying: unit:247
May 16, 2018 12:13:17 AM net.sf.freecol.common.model.Specification applyDifficultyLevel
INFO: Applying difficulty level model.difficulty.medium
May 16, 2018 12:13:17 AM net.sf.freecol.common.FreeColSeed getFreeColSeed
INFO: Using seed: -4843389657718118007
May 16, 2018 12:13:18 AM net.sf.freecol.server.networking.Server sendToAll
INFO: Reap dead connection: [DummyConnection Server connection - model.nation.arawak]
May 16, 2018 12:13:18 AM net.sf.freecol.server.networking.Server sendToAll
INFO: Reap dead connection: [DummyConnection Server connection - model.nation.aztec]
May 16, 2018 12:13:18 AM net.sf.freecol.server.networking.Server sendToAll
INFO: Reap dead connection: [DummyConnection Server connection - model.nation.dutch]
May 16, 2018 12:13:18 AM net.sf.freecol.server.networking.Server sendToAll
INFO: Reap dead connection: [DummyConnection Server connection - model.nation.english]
May 16, 2018 12:13:18 AM net.sf.freecol.server.networking.Server sendToAll
INFO: Reap dead connection: [DummyConnection Server connection - model.nation.apache]
May 16, 2018 12:13:18 AM net.sf.freecol.server.networking.Server sendToAll
INFO: Reap dead connection: [DummyConnection Server connection - model.nation.french]
May 16, 2018 12:13:18 AM net.sf.freecol.server.networking.Server sendToAll
INFO: Reap dead connection: [DummyConnection Server connection - model.nation.sioux]
May 16, 2018 12:13:18 AM net.sf.freecol.server.networking.Server sendToAll
INFO: Reap dead connection: [DummyConnection Server connection - model.nation.iroquois]
May 16, 2018 12:13:18 AM net.sf.freecol.server.networking.Server sendToAll
INFO: Reap dead connection: [DummyConnection Server connection - model.nation.inca]
May 16, 2018 12:13:18 AM net.sf.freecol.server.networking.Server sendToAll
INFO: Reap dead connection: [DummyConnection Server connection - model.nation.spanish]
May 16, 2018 12:13:18 AM net.sf.freecol.server.networking.Server sendToAll
INFO: Reap dead connection: [DummyConnection Server connection - model.nation.cherokee]
May 16, 2018 12:13:18 AM net.sf.freecol.server.networking.Server sendToAll
INFO: Reap dead connection: [DummyConnection Server connection - model.nation.tupi]
May 16, 2018 12:13:18 AM net.sf.freecol.common.model.Specification applyDifficultyLevel
INFO: Applying difficulty level model.difficulty.medium
May 16, 2018 12:13:18 AM net.sf.freecol.common.FreeColSeed getFreeColSeed
INFO: Using seed: 3297560102643029493
May 16, 2018 12:13:18 AM net.sf.freecol.server.networking.Server sendToAll
INFO: Reap dead connection: [DummyConnection Server connection - model.nation.apache]
May 16, 2018 12:13:18 AM net.sf.freecol.server.networking.Server sendToAll
INFO: Reap dead connection: [DummyConnection Server connection - model.nation.spanish]
May 16, 2018 12:13:18 AM net.sf.freecol.server.networking.Server sendToAll
INFO: Reap dead connection: [DummyConnection Server connection - model.nation.aztec]
May 16, 2018 12:13:18 AM net.sf.freecol.server.networking.Server sendToAll
INFO: Reap dead connection: [DummyConnection Server connection - model.nation.english]
May 16, 2018 12:13:18 AM net.sf.freecol.server.networking.Server sendToAll
INFO: Reap dead connection: [DummyConnection Server connection - model.nation.inca]
May 16, 2018 12:13:18 AM net.sf.freecol.server.networking.Server sendToAll
INFO: Reap dead connection: [DummyConnection Server connection - model.nation.cherokee]
May 16, 2018 12:13:18 AM net.sf.freecol.server.networking.Server sendToAll
INFO: Reap dead connection: [DummyConnection Server connection - model.nation.arawak]
May 16, 2018 12:13:18 AM net.sf.freecol.server.networking.Server sendToAll
INFO: Reap dead connection: [DummyConnection Server connection - model.nation.dutch]
May 16, 2018 12:13:18 AM net.sf.freecol.server.networking.Server sendToAll
INFO: Reap dead connection: [DummyConnection Server connection - model.nation.iroquois]
May 16, 2018 12:13:18 AM net.sf.freecol.server.networking.Server sendToAll
INFO: Reap dead connection: [DummyConnection Server connection - model.nation.french]
May 16, 2018 12:13:18 AM net.sf.freecol.server.networking.Server sendToAll
INFO: Reap dead connection: [DummyConnection Server connection - model.nation.tupi]
May 16, 2018 12:13:18 AM net.sf.freecol.server.networking.Server sendToAll
INFO: Reap dead connection: [DummyConnection Server connection - model.nation.sioux]
May 16, 2018 12:13:18 AM net.sf.freecol.server.model.ServerPlayer csChangeStance
INFO: Stance modification William I UNCONTACTED -> WAR wrt Atahualpa
May 16, 2018 12:13:18 AM net.sf.freecol.server.model.ServerPlayer csChangeStance
INFO: Stance modification Atahualpa UNCONTACTED -> WAR wrt William I (symmetric)
May 16, 2018 12:13:18 AM net.sf.freecol.common.util.LogBuilder log
INFO: Combat attacker=unit:272-brave-nativeDragoon [Modifier model.modifier.offence (model.source.baseOffence) ADDITIVE 1.0 index=10] [Modifier model.modifier.offence (model.role.nativeDragoon) ADDITIVE 3.0 index=30] [Modifier model.modifier.attackBonus (model.source.attackBonus) PERCENTAGE 50.0 index=50] = 6.0 defender=unit:271-veteranSoldier-dragoon [Modifier model.modifier.defence (model.source.baseDefence) ADDITIVE 1.0 index=10] [Modifier model.modifier.defence (model.role.dragoon) ADDITIVE 2.0 index=30] [Modifier model.modifier.defence (model.unit.veteranSoldier) PERCENTAGE 50.0 index=40] [Modifier model.modifier.defence (model.settlement.colony) PERCENTAGE 50.0 index=50] = 6.75 odds=0.47058823529411764 random(1.0)=0.4505882263183594 great=false Attack WIN LOSE_EQUIP
May 16, 2018 12:13:18 AM net.sf.freecol.common.util.LogBuilder log
INFO: Combat attacker=unit:272-brave-nativeDragoon [Modifier model.modifier.offence (model.source.baseOffence) ADDITIVE 1.0 index=10] [Modifier model.modifier.offence (model.role.nativeDragoon) ADDITIVE 3.0 index=30] [Modifier model.modifier.attackBonus (model.source.attackBonus) PERCENTAGE 50.0 index=50] = 6.0 defender=unit:271-veteranSoldier-soldier [Modifier model.modifier.defence (model.source.baseDefence) ADDITIVE 1.0 index=10] [Modifier model.modifier.defence (model.role.soldier) ADDITIVE 1.0 index=30] [Modifier model.modifier.defence (model.unit.veteranSoldier) PERCENTAGE 50.0 index=40] [Modifier model.modifier.defence (model.settlement.colony) PERCENTAGE 50.0 index=50] = 4.5 odds=0.5714285714285714 random(1.0)=0.5514285564422607 great=false Attack WIN LOSE_EQUIP
May 16, 2018 12:13:18 AM net.sf.freecol.common.util.LogBuilder log
INFO: Combat attacker=unit:272-brave-nativeDragoon [Modifier model.modifier.offence (model.source.baseOffence) ADDITIVE 1.0 index=10] [Modifier model.modifier.offence (model.role.nativeDragoon) ADDITIVE 3.0 index=30] [Modifier model.modifier.attackBonus (model.source.attackBonus) PERCENTAGE 50.0 index=50] = 6.0 defender=unit:271-veteranSoldier [Modifier model.modifier.defence (model.source.baseDefence) ADDITIVE 1.0 index=10] [Modifier model.modifier.defence (model.unit.veteranSoldier) PERCENTAGE 50.0 index=40] [Modifier model.modifier.defence (model.settlement.colony) PERCENTAGE 50.0 index=50] = 2.25 odds=0.7272727272727273 random(1.0)=0.7072727084159851 great=false Attack WIN SLAUGHTER_UNIT
May 16, 2018 12:13:18 AM net.sf.freecol.common.util.LogBuilder log
INFO: Destroying: unit:271
May 16, 2018 12:13:18 AM net.sf.freecol.common.util.LogBuilder log
INFO: Combat attacker=unit:272-brave-nativeDragoon [Modifier model.modifier.offence (model.source.baseOffence) ADDITIVE 1.0 index=10] [Modifier model.modifier.offence (model.role.nativeDragoon) ADDITIVE 3.0 index=30] [Modifier model.modifier.attackBonus (model.source.attackBonus) PERCENTAGE 50.0 index=50] = 6.0 defender=unit:270-freeColonist [Modifier model.modifier.defence (model.source.baseDefence) ADDITIVE 1.0 index=10] [Modifier model.modifier.defence (model.settlement.colony) PERCENTAGE 50.0 index=50] = 1.5 odds=0.8 random(1.0)=0.7799999713897705 great=false Attack WIN PILLAGE_COLONY
May 16, 2018 12:13:18 AM net.sf.freecol.common.util.LogBuilder log
INFO: Destroying: building:274
May 16, 2018 12:13:18 AM net.sf.freecol.common.util.LogBuilder log
INFO: Combat attacker=unit:272-brave-nativeDragoon [Modifier model.modifier.offence (model.source.baseOffence) ADDITIVE 1.0 index=10] [Modifier model.modifier.offence (model.role.nativeDragoon) ADDITIVE 3.0 index=30] [Modifier model.modifier.attackBonus (model.source.attackBonus) PERCENTAGE 50.0 index=50] = 6.0 defender=unit:270-freeColonist [Modifier model.modifier.defence (model.source.baseDefence) ADDITIVE 1.0 index=10] [Modifier model.modifier.defence (model.settlement.colony) PERCENTAGE 50.0 index=50] = 1.5 odds=0.8 random(1.0)=0.7799999713897705 great=false Attack WIN PILLAGE_COLONY
May 16, 2018 12:13:18 AM net.sf.freecol.common.util.LogBuilder log
INFO: Combat attacker=unit:272-brave-nativeDragoon [Modifier model.modifier.offence (model.source.baseOffence) ADDITIVE 1.0 index=10] [Modifier model.modifier.offence (model.role.nativeDragoon) ADDITIVE 3.0 index=30] [Modifier model.modifier.attackBonus (model.source.attackBonus) PERCENTAGE 50.0 index=50] = 6.0 defender=unit:270-freeColonist [Modifier model.modifier.defence (model.source.baseDefence) ADDITIVE 1.0 index=10] [Modifier model.modifier.defence (model.settlement.colony) PERCENTAGE 50.0 index=50] = 1.5 odds=0.8 random(1.0)=0.7799999713897705 great=false Attack WIN PILLAGE_COLONY
May 16, 2018 12:13:19 AM net.sf.freecol.common.util.LogBuilder log
INFO: Combat attacker=unit:272-brave-nativeDragoon [Modifier model.modifier.offence (model.source.baseOffence) ADDITIVE 1.0 index=10] [Modifier model.modifier.offence (model.role.nativeDragoon) ADDITIVE 3.0 index=30] [Modifier model.modifier.attackBonus (model.source.attackBonus) PERCENTAGE 50.0 index=50] = 6.0 defender=unit:270-freeColonist [Modifier model.modifier.defence (model.source.baseDefence) ADDITIVE 1.0 index=10] [Modifier model.modifier.defence (model.settlement.colony) PERCENTAGE 50.0 index=50] = 1.5 odds=0.8 random(1.0)=0.7799999713897705 great=false Attack WIN PILLAGE_COLONY
May 16, 2018 12:13:19 AM net.sf.freecol.common.util.LogBuilder log
INFO: Combat attacker=unit:272-brave-nativeDragoon [Modifier model.modifier.offence (model.source.baseOffence) ADDITIVE 1.0 index=10] [Modifier model.modifier.offence (model.role.nativeDragoon) ADDITIVE 3.0 index=30] [Modifier model.modifier.attackBonus (model.source.attackBonus) PERCENTAGE 50.0 index=50] = 6.0 defender=unit:270-freeColonist [Modifier model.modifier.defence (model.source.baseDefence) ADDITIVE 1.0 index=10] [Modifier model.modifier.defence (model.settlement.colony) PERCENTAGE 50.0 index=50] = 1.5 odds=0.8 random(1.0)=0.7799999713897705 great=false Attack WIN SLAUGHTER_UNIT DESTROY_COLONY
May 16, 2018 12:13:19 AM net.sf.freecol.common.util.LogBuilder log
INFO: Destroying: unit:270
May 16, 2018 12:13:19 AM net.sf.freecol.common.util.LogBuilder log
INFO: Destroying: colonyTile:249 colonyTile:250 colonyTile:251 colonyTile:252 colonyTile:253 colonyTile:254 colonyTile:255 colonyTile:256 colonyTile:257 building:258 building:260 building:259 building:262 building:266 building:267 building:261 building:263 building:264 building:265 goodsContainer:248 colony:247
May 16, 2018 12:13:19 AM net.sf.freecol.common.model.Specification applyDifficultyLevel
INFO: Applying difficulty level model.difficulty.medium
May 16, 2018 12:13:19 AM net.sf.freecol.common.FreeColSeed getFreeColSeed
INFO: Using seed: 1789618323349947630
May 16, 2018 12:13:19 AM net.sf.freecol.server.networking.Server sendToAll
INFO: Reap dead connection: [DummyConnection Server connection - model.nation.aztec]
May 16, 2018 12:13:19 AM net.sf.freecol.server.networking.Server sendToAll
INFO: Reap dead connection: [DummyConnection Server connection - model.nation.spanish]
May 16, 2018 12:13:19 AM net.sf.freecol.server.networking.Server sendToAll
INFO: Reap dead connection: [DummyConnection Server connection - model.nation.french]
May 16, 2018 12:13:19 AM net.sf.freecol.server.networking.Server sendToAll
INFO: Reap dead connection: [DummyConnection Server connection - model.nation.sioux]
May 16, 2018 12:13:19 AM net.sf.freecol.server.networking.Server sendToAll
INFO: Reap dead connection: [DummyConnection Server connection - model.nation.cherokee]
May 16, 2018 12:13:19 AM net.sf.freecol.server.networking.Server sendToAll
INFO: Reap dead connection: [DummyConnection Server connection - model.nation.dutch]
May 16, 2018 12:13:19 AM net.sf.freecol.server.networking.Server sendToAll
INFO: Reap dead connection: [DummyConnection Server connection - model.nation.arawak]
May 16, 2018 12:13:19 AM net.sf.freecol.server.networking.Server sendToAll
INFO: Reap dead connection: [DummyConnection Server connection - model.nation.apache]
May 16, 2018 12:13:19 AM net.sf.freecol.server.networking.Server sendToAll
INFO: Reap dead connection: [DummyConnection Server connection - model.nation.iroquois]
May 16, 2018 12:13:19 AM net.sf.freecol.server.networking.Server sendToAll
INFO: Reap dead connection: [DummyConnection Server connection - model.nation.english]
May 16, 2018 12:13:19 AM net.sf.freecol.server.networking.Server sendToAll
INFO: Reap dead connection: [DummyConnection Server connection - model.nation.inca]
May 16, 2018 12:13:19 AM net.sf.freecol.server.networking.Server sendToAll
INFO: Reap dead connection: [DummyConnection Server connection - model.nation.tupi]
May 16, 2018 12:13:19 AM net.sf.freecol.common.model.Specification applyDifficultyLevel
INFO: Applying difficulty level model.difficulty.medium
May 16, 2018 12:13:19 AM net.sf.freecol.common.FreeColSeed getFreeColSeed
INFO: Using seed: -3612466152070330903
May 16, 2018 12:13:19 AM net.sf.freecol.server.networking.Server sendToAll
INFO: Reap dead connection: [DummyConnection Server connection - model.nation.dutch]
May 16, 2018 12:13:19 AM net.sf.freecol.server.networking.Server sendToAll
INFO: Reap dead connection: [DummyConnection Server connection - model.nation.arawak]
May 16, 2018 12:13:19 AM net.sf.freecol.server.networking.Server sendToAll
INFO: Reap dead connection: [DummyConnection Server connection - model.nation.inca]
May 16, 2018 12:13:19 AM net.sf.freecol.server.networking.Server sendToAll
INFO: Reap dead connection: [DummyConnection Server connection - model.nation.apache]
May 16, 2018 12:13:19 AM net.sf.freecol.server.networking.Server sendToAll
INFO: Reap dead connection: [DummyConnection Server connection - model.nation.spanish]
May 16, 2018 12:13:19 AM net.sf.freecol.server.networking.Server sendToAll
INFO: Reap dead connection: [DummyConnection Server connection - model.nation.tupi]
May 16, 2018 12:13:19 AM net.sf.freecol.server.networking.Server sendToAll
INFO: Reap dead connection: [DummyConnection Server connection - model.nation.french]
May 16, 2018 12:13:19 AM net.sf.freecol.server.networking.Server sendToAll
INFO: Reap dead connection: [DummyConnection Server connection - model.nation.aztec]
May 16, 2018 12:13:19 AM net.sf.freecol.server.networking.Server sendToAll
INFO: Reap dead connection: [DummyConnection Server connection - model.nation.english]
May 16, 2018 12:13:19 AM net.sf.freecol.server.networking.Server sendToAll
INFO: Reap dead connection: [DummyConnection Server connection - model.nation.iroquois]
May 16, 2018 12:13:19 AM net.sf.freecol.server.networking.Server sendToAll
INFO: Reap dead connection: [DummyConnection Server connection - model.nation.sioux]
May 16, 2018 12:13:19 AM net.sf.freecol.server.networking.Server sendToAll
INFO: Reap dead connection: [DummyConnection Server connection - model.nation.cherokee]
May 16, 2018 12:13:19 AM net.sf.freecol.common.model.Specification applyDifficultyLevel
INFO: Applying difficulty level model.difficulty.medium
May 16, 2018 12:13:19 AM net.sf.freecol.common.FreeColSeed getFreeColSeed
INFO: Using seed: 8643947740049217024
May 16, 2018 12:13:20 AM net.sf.freecol.server.networking.Server sendToAll
INFO: Reap dead connection: [DummyConnection Server connection - model.nation.french]
May 16, 2018 12:13:20 AM net.sf.freecol.server.networking.Server sendToAll
INFO: Reap dead connection: [DummyConnection Server connection - model.nation.iroquois]
May 16, 2018 12:13:20 AM net.sf.freecol.server.networking.Server sendToAll
INFO: Reap dead connection: [DummyConnection Server connection - model.nation.cherokee]
May 16, 2018 12:13:20 AM net.sf.freecol.server.networking.Server sendToAll
INFO: Reap dead connection: [DummyConnection Server connection - model.nation.sioux]
May 16, 2018 12:13:20 AM net.sf.freecol.server.networking.Server sendToAll
INFO: Reap dead connection: [DummyConnection Server connection - model.nation.english]
May 16, 2018 12:13:20 AM net.sf.freecol.server.networking.Server sendToAll
INFO: Reap dead connection: [DummyConnection Server connection - model.nation.apache]
May 16, 2018 12:13:20 AM net.sf.freecol.server.networking.Server sendToAll
INFO: Reap dead connection: [DummyConnection Server connection - model.nation.inca]
May 16, 2018 12:13:20 AM net.sf.freecol.server.networking.Server sendToAll
INFO: Reap dead connection: [DummyConnection Server connection - model.nation.dutch]
May 16, 2018 12:13:20 AM net.sf.freecol.server.networking.Server sendToAll
INFO: Reap dead connection: [DummyConnection Server connection - model.nation.arawak]
May 16, 2018 12:13:20 AM net.sf.freecol.server.networking.Server sendToAll
INFO: Reap dead connection: [DummyConnection Server connection - model.nation.tupi]
May 16, 2018 12:13:20 AM net.sf.freecol.server.networking.Server sendToAll
INFO: Reap dead connection: [DummyConnection Server connection - model.nation.spanish]
May 16, 2018 12:13:20 AM net.sf.freecol.server.networking.Server sendToAll
INFO: Reap dead connection: [DummyConnection Server connection - model.nation.aztec]
May 16, 2018 12:13:20 AM net.sf.freecol.common.model.Specification applyDifficultyLevel
INFO: Applying difficulty level model.difficulty.medium
May 16, 2018 12:13:20 AM net.sf.freecol.common.FreeColSeed getFreeColSeed
INFO: Using seed: 3109705437155743565
May 16, 2018 12:13:20 AM net.sf.freecol.server.networking.Server sendToAll
INFO: Reap dead connection: [DummyConnection Server connection - model.nation.aztec]
May 16, 2018 12:13:20 AM net.sf.freecol.server.networking.Server sendToAll
INFO: Reap dead connection: [DummyConnection Server connection - model.nation.tupi]
May 16, 2018 12:13:20 AM net.sf.freecol.server.networking.Server sendToAll
INFO: Reap dead connection: [DummyConnection Server connection - model.nation.cherokee]
May 16, 2018 12:13:20 AM net.sf.freecol.server.networking.Server sendToAll
INFO: Reap dead connection: [DummyConnection Server connection - model.nation.iroquois]
May 16, 2018 12:13:20 AM net.sf.freecol.server.networking.Server sendToAll
INFO: Reap dead connection: [DummyConnection Server connection - model.nation.dutch]
May 16, 2018 12:13:20 AM net.sf.freecol.server.networking.Server sendToAll
INFO: Reap dead connection: [DummyConnection Server connection - model.nation.arawak]
May 16, 2018 12:13:20 AM net.sf.freecol.server.networking.Server sendToAll
INFO: Reap dead connection: [DummyConnection Server connection - model.nation.sioux]
May 16, 2018 12:13:20 AM net.sf.freecol.server.networking.Server sendToAll
INFO: Reap dead connection: [DummyConnection Server connection - model.nation.english]
May 16, 2018 12:13:20 AM net.sf.freecol.server.networking.Server sendToAll
INFO: Reap dead connection: [DummyConnection Server connection - model.nation.inca]
May 16, 2018 12:13:20 AM net.sf.freecol.server.networking.Server sendToAll
INFO: Reap dead connection: [DummyConnection Server connection - model.nation.french]
May 16, 2018 12:13:20 AM net.sf.freecol.server.networking.Server sendToAll
INFO: Reap dead connection: [DummyConnection Server connection - model.nation.apache]
May 16, 2018 12:13:20 AM net.sf.freecol.server.networking.Server sendToAll
INFO: Reap dead connection: [DummyConnection Server connection - model.nation.spanish]
May 16, 2018 12:13:20 AM net.sf.freecol.common.model.Specification applyDifficultyLevel
INFO: Applying difficulty level model.difficulty.medium
May 16, 2018 12:13:20 AM net.sf.freecol.common.FreeColSeed getFreeColSeed
INFO: Using seed: -1036047837543701742
May 16, 2018 12:13:20 AM net.sf.freecol.server.networking.Server sendToAll
INFO: Reap dead connection: [DummyConnection Server connection - model.nation.french]
May 16, 2018 12:13:20 AM net.sf.freecol.server.networking.Server sendToAll
INFO: Reap dead connection: [DummyConnection Server connection - model.nation.apache]
May 16, 2018 12:13:20 AM net.sf.freecol.server.networking.Server sendToAll
INFO: Reap dead connection: [DummyConnection Server connection - model.nation.cherokee]
May 16, 2018 12:13:20 AM net.sf.freecol.server.networking.Server sendToAll
INFO: Reap dead connection: [DummyConnection Server connection - model.nation.sioux]
May 16, 2018 12:13:20 AM net.sf.freecol.server.networking.Server sendToAll
INFO: Reap dead connection: [DummyConnection Server connection - model.nation.dutch]
May 16, 2018 12:13:20 AM net.sf.freecol.server.networking.Server sendToAll
INFO: Reap dead connection: [DummyConnection Server connection - model.nation.iroquois]
May 16, 2018 12:13:20 AM net.sf.freecol.server.networking.Server sendToAll
INFO: Reap dead connection: [DummyConnection Server connection - model.nation.spanish]
May 16, 2018 12:13:20 AM net.sf.freecol.server.networking.Server sendToAll
INFO: Reap dead connection: [DummyConnection Server connection - model.nation.inca]
May 16, 2018 12:13:20 AM net.sf.freecol.server.networking.Server sendToAll
INFO: Reap dead connection: [DummyConnection Server connection - model.nation.aztec]
May 16, 2018 12:13:20 AM net.sf.freecol.server.networking.Server sendToAll
INFO: Reap dead connection: [DummyConnection Server connection - model.nation.english]
May 16, 2018 12:13:20 AM net.sf.freecol.server.networking.Server sendToAll
INFO: Reap dead connection: [DummyConnection Server connection - model.nation.tupi]
May 16, 2018 12:13:20 AM net.sf.freecol.server.networking.Server sendToAll
INFO: Reap dead connection: [DummyConnection Server connection - model.nation.arawak]
May 16, 2018 12:13:20 AM net.sf.freecol.common.model.Specification applyDifficultyLevel
INFO: Applying difficulty level model.difficulty.medium
May 16, 2018 12:13:20 AM net.sf.freecol.common.FreeColSeed getFreeColSeed
INFO: Using seed: -6547492130562205559
May 16, 2018 12:13:21 AM net.sf.freecol.server.networking.Server sendToAll
INFO: Reap dead connection: [DummyConnection Server connection - model.nation.apache]
May 16, 2018 12:13:21 AM net.sf.freecol.server.networking.Server sendToAll
INFO: Reap dead connection: [DummyConnection Server connection - model.nation.french]
May 16, 2018 12:13:21 AM net.sf.freecol.server.networking.Server sendToAll
INFO: Reap dead connection: [DummyConnection Server connection - model.nation.english]
May 16, 2018 12:13:21 AM net.sf.freecol.server.networking.Server sendToAll
INFO: Reap dead connection: [DummyConnection Server connection - model.nation.dutch]
May 16, 2018 12:13:21 AM net.sf.freecol.server.networking.Server sendToAll
INFO: Reap dead connection: [DummyConnection Server connection - model.nation.aztec]
May 16, 2018 12:13:21 AM net.sf.freecol.server.networking.Server sendToAll
INFO: Reap dead connection: [DummyConnection Server connection - model.nation.iroquois]
May 16, 2018 12:13:21 AM net.sf.freecol.server.networking.Server sendToAll
INFO: Reap dead connection: [DummyConnection Server connection - model.nation.cherokee]
May 16, 2018 12:13:21 AM net.sf.freecol.server.networking.Server sendToAll
INFO: Reap dead connection: [DummyConnection Server connection - model.nation.sioux]
May 16, 2018 12:13:21 AM net.sf.freecol.server.networking.Server sendToAll
INFO: Reap dead connection: [DummyConnection Server connection - model.nation.arawak]
May 16, 2018 12:13:21 AM net.sf.freecol.server.networking.Server sendToAll
INFO: Reap dead connection: [DummyConnection Server connection - model.nation.spanish]
May 16, 2018 12:13:21 AM net.sf.freecol.server.networking.Server sendToAll
INFO: Reap dead connection: [DummyConnection Server connection - model.nation.tupi]
May 16, 2018 12:13:21 AM net.sf.freecol.server.networking.Server sendToAll
INFO: Reap dead connection: [DummyConnection Server connection - model.nation.inca]
May 16, 2018 12:13:21 AM net.sf.freecol.common.model.Specification applyDifficultyLevel
INFO: Applying difficulty level model.difficulty.medium
May 16, 2018 12:13:21 AM net.sf.freecol.common.FreeColSeed getFreeColSeed
INFO: Using seed: 5314360193826998921
May 16, 2018 12:13:21 AM net.sf.freecol.server.networking.Server sendToAll
INFO: Reap dead connection: [DummyConnection Server connection - model.nation.aztec]
May 16, 2018 12:13:21 AM net.sf.freecol.server.networking.Server sendToAll
INFO: Reap dead connection: [DummyConnection Server connection - model.nation.apache]
May 16, 2018 12:13:21 AM net.sf.freecol.server.networking.Server sendToAll
INFO: Reap dead connection: [DummyConnection Server connection - model.nation.cherokee]
May 16, 2018 12:13:21 AM net.sf.freecol.server.networking.Server sendToAll
INFO: Reap dead connection: [DummyConnection Server connection - model.nation.spanish]
May 16, 2018 12:13:21 AM net.sf.freecol.server.networking.Server sendToAll
INFO: Reap dead connection: [DummyConnection Server connection - model.nation.french]
May 16, 2018 12:13:21 AM net.sf.freecol.server.networking.Server sendToAll
INFO: Reap dead connection: [DummyConnection Server connection - model.nation.iroquois]
May 16, 2018 12:13:21 AM net.sf.freecol.server.networking.Server sendToAll
INFO: Reap dead connection: [DummyConnection Server connection - model.nation.inca]
May 16, 2018 12:13:21 AM net.sf.freecol.server.networking.Server sendToAll
INFO: Reap dead connection: [DummyConnection Server connection - model.nation.tupi]
May 16, 2018 12:13:21 AM net.sf.freecol.server.networking.Server sendToAll
INFO: Reap dead connection: [DummyConnection Server connection - model.nation.sioux]
May 16, 2018 12:13:21 AM net.sf.freecol.server.networking.Server sendToAll
INFO: Reap dead connection: [DummyConnection Server connection - model.nation.dutch]
May 16, 2018 12:13:21 AM net.sf.freecol.server.networking.Server sendToAll
INFO: Reap dead connection: [DummyConnection Server connection - model.nation.english]
May 16, 2018 12:13:21 AM net.sf.freecol.server.networking.Server sendToAll
INFO: Reap dead connection: [DummyConnection Server connection - model.nation.arawak]
May 16, 2018 12:13:21 AM net.sf.freecol.common.model.Unit setLocation
WARNING: Can not add [unit:272 dutch pettyCriminal 0/1] to building:258
May 16, 2018 12:13:21 AM net.sf.freecol.common.model.Specification applyDifficultyLevel
INFO: Applying difficulty level model.difficulty.medium
May 16, 2018 12:13:21 AM net.sf.freecol.common.FreeColSeed getFreeColSeed
INFO: Using seed: 3025549865616374900
May 16, 2018 12:13:22 AM net.sf.freecol.server.networking.Server sendToAll
INFO: Reap dead connection: [DummyConnection Server connection - model.nation.aztec]
May 16, 2018 12:13:22 AM net.sf.freecol.server.networking.Server sendToAll
INFO: Reap dead connection: [DummyConnection Server connection - model.nation.french]
May 16, 2018 12:13:22 AM net.sf.freecol.server.networking.Server sendToAll
INFO: Reap dead connection: [DummyConnection Server connection - model.nation.dutch]
May 16, 2018 12:13:22 AM net.sf.freecol.server.networking.Server sendToAll
INFO: Reap dead connection: [DummyConnection Server connection - model.nation.spanish]
May 16, 2018 12:13:22 AM net.sf.freecol.server.networking.Server sendToAll
INFO: Reap dead connection: [DummyConnection Server connection - model.nation.cherokee]
May 16, 2018 12:13:22 AM net.sf.freecol.server.networking.Server sendToAll
INFO: Reap dead connection: [DummyConnection Server connection - model.nation.sioux]
May 16, 2018 12:13:22 AM net.sf.freecol.server.networking.Server sendToAll
INFO: Reap dead connection: [DummyConnection Server connection - model.nation.inca]
May 16, 2018 12:13:22 AM net.sf.freecol.server.networking.Server sendToAll
INFO: Reap dead connection: [DummyConnection Server connection - model.nation.english]
May 16, 2018 12:13:22 AM net.sf.freecol.server.networking.Server sendToAll
INFO: Reap dead connection: [DummyConnection Server connection - model.nation.iroquois]
May 16, 2018 12:13:22 AM net.sf.freecol.server.networking.Server sendToAll
INFO: Reap dead connection: [DummyConnection Server connection - model.nation.apache]
May 16, 2018 12:13:22 AM net.sf.freecol.server.networking.Server sendToAll
INFO: Reap dead connection: [DummyConnection Server connection - model.nation.arawak]
May 16, 2018 12:13:22 AM net.sf.freecol.server.networking.Server sendToAll
INFO: Reap dead connection: [DummyConnection Server connection - model.nation.tupi]
May 16, 2018 12:13:22 AM net.sf.freecol.common.model.Specification applyDifficultyLevel
INFO: Applying difficulty level model.difficulty.medium
May 16, 2018 12:13:22 AM net.sf.freecol.common.FreeColSeed getFreeColSeed
INFO: Using seed: 924951784893601522
May 16, 2018 12:13:22 AM net.sf.freecol.server.networking.Server sendToAll
INFO: Reap dead connection: [DummyConnection Server connection - model.nation.inca]
May 16, 2018 12:13:22 AM net.sf.freecol.server.networking.Server sendToAll
INFO: Reap dead connection: [DummyConnection Server connection - model.nation.apache]
May 16, 2018 12:13:22 AM net.sf.freecol.server.networking.Server sendToAll
INFO: Reap dead connection: [DummyConnection Server connection - model.nation.sioux]
May 16, 2018 12:13:22 AM net.sf.freecol.server.networking.Server sendToAll
INFO: Reap dead connection: [DummyConnection Server connection - model.nation.aztec]
May 16, 2018 12:13:22 AM net.sf.freecol.server.networking.Server sendToAll
INFO: Reap dead connection: [DummyConnection Server connection - model.nation.iroquois]
May 16, 2018 12:13:22 AM net.sf.freecol.server.networking.Server sendToAll
INFO: Reap dead connection: [DummyConnection Server connection - model.nation.dutch]
May 16, 2018 12:13:22 AM net.sf.freecol.server.networking.Server sendToAll
INFO: Reap dead connection: [DummyConnection Server connection - model.nation.english]
May 16, 2018 12:13:22 AM net.sf.freecol.server.networking.Server sendToAll
INFO: Reap dead connection: [DummyConnection Server connection - model.nation.cherokee]
May 16, 2018 12:13:22 AM net.sf.freecol.server.networking.Server sendToAll
INFO: Reap dead connection: [DummyConnection Server connection - model.nation.tupi]
May 16, 2018 12:13:22 AM net.sf.freecol.server.networking.Server sendToAll
INFO: Reap dead connection: [DummyConnection Server connection - model.nation.spanish]
May 16, 2018 12:13:22 AM net.sf.freecol.server.networking.Server sendToAll
INFO: Reap dead connection: [DummyConnection Server connection - model.nation.french]
May 16, 2018 12:13:22 AM net.sf.freecol.server.networking.Server sendToAll
INFO: Reap dead connection: [DummyConnection Server connection - model.nation.arawak]
May 16, 2018 12:13:22 AM net.sf.freecol.common.model.Specification applyDifficultyLevel
INFO: Applying difficulty level model.difficulty.medium
May 16, 2018 12:13:22 AM net.sf.freecol.common.FreeColSeed getFreeColSeed
INFO: Using seed: 8437762609741023280
May 16, 2018 12:13:22 AM net.sf.freecol.server.networking.Server sendToAll
INFO: Reap dead connection: [DummyConnection Server connection - model.nation.cherokee]
May 16, 2018 12:13:22 AM net.sf.freecol.server.networking.Server sendToAll
INFO: Reap dead connection: [DummyConnection Server connection - model.nation.arawak]
May 16, 2018 12:13:22 AM net.sf.freecol.server.networking.Server sendToAll
INFO: Reap dead connection: [DummyConnection Server connection - model.nation.dutch]
May 16, 2018 12:13:22 AM net.sf.freecol.server.networking.Server sendToAll
INFO: Reap dead connection: [DummyConnection Server connection - model.nation.iroquois]
May 16, 2018 12:13:22 AM net.sf.freecol.server.networking.Server sendToAll
INFO: Reap dead connection: [DummyConnection Server connection - model.nation.english]
May 16, 2018 12:13:22 AM net.sf.freecol.server.networking.Server sendToAll
INFO: Reap dead connection: [DummyConnection Server connection - model.nation.aztec]
May 16, 2018 12:13:22 AM net.sf.freecol.server.networking.Server sendToAll
INFO: Reap dead connection: [DummyConnection Server connection - model.nation.tupi]
May 16, 2018 12:13:22 AM net.sf.freecol.server.networking.Server sendToAll
INFO: Reap dead connection: [DummyConnection Server connection - model.nation.apache]
May 16, 2018 12:13:22 AM net.sf.freecol.server.networking.Server sendToAll
INFO: Reap dead connection: [DummyConnection Server connection - model.nation.spanish]
May 16, 2018 12:13:22 AM net.sf.freecol.server.networking.Server sendToAll
INFO: Reap dead connection: [DummyConnection Server connection - model.nation.french]
May 16, 2018 12:13:22 AM net.sf.freecol.server.networking.Server sendToAll
INFO: Reap dead connection: [DummyConnection Server connection - model.nation.sioux]
May 16, 2018 12:13:22 AM net.sf.freecol.server.networking.Server sendToAll
INFO: Reap dead connection: [DummyConnection Server connection - model.nation.inca]
May 16, 2018 12:13:22 AM net.sf.freecol.common.model.Specification applyDifficultyLevel
INFO: Applying difficulty level model.difficulty.medium
May 16, 2018 12:13:22 AM net.sf.freecol.common.FreeColSeed getFreeColSeed
INFO: Using seed: -7819902863706773042
May 16, 2018 12:13:22 AM net.sf.freecol.server.networking.Server sendToAll
INFO: Reap dead connection: [DummyConnection Server connection - model.nation.tupi]
May 16, 2018 12:13:22 AM net.sf.freecol.server.networking.Server sendToAll
INFO: Reap dead connection: [DummyConnection Server connection - model.nation.french]
May 16, 2018 12:13:22 AM net.sf.freecol.server.networking.Server sendToAll
INFO: Reap dead connection: [DummyConnection Server connection - model.nation.inca]
May 16, 2018 12:13:22 AM net.sf.freecol.server.networking.Server sendToAll
INFO: Reap dead connection: [DummyConnection Server connection - model.nation.spanish]
May 16, 2018 12:13:22 AM net.sf.freecol.server.networking.Server sendToAll
INFO: Reap dead connection: [DummyConnection Server connection - model.nation.cherokee]
May 16, 2018 12:13:22 AM net.sf.freecol.server.networking.Server sendToAll
INFO: Reap dead connection: [DummyConnection Server connection - model.nation.dutch]
May 16, 2018 12:13:22 AM net.sf.freecol.server.networking.Server sendToAll
INFO: Reap dead connection: [DummyConnection Server connection - model.nation.apache]
May 16, 2018 12:13:22 AM net.sf.freecol.server.networking.Server sendToAll
INFO: Reap dead connection: [DummyConnection Server connection - model.nation.aztec]
May 16, 2018 12:13:22 AM net.sf.freecol.server.networking.Server sendToAll
INFO: Reap dead connection: [DummyConnection Server connection - model.nation.arawak]
May 16, 2018 12:13:22 AM net.sf.freecol.server.networking.Server sendToAll
INFO: Reap dead connection: [DummyConnection Server connection - model.nation.sioux]
May 16, 2018 12:13:22 AM net.sf.freecol.server.networking.Server sendToAll
INFO: Reap dead connection: [DummyConnection Server connection - model.nation.iroquois]
May 16, 2018 12:13:22 AM net.sf.freecol.server.networking.Server sendToAll
INFO: Reap dead connection: [DummyConnection Server connection - model.nation.english]
May 16, 2018 12:13:22 AM net.sf.freecol.common.model.Specification applyDifficultyLevel
INFO: Applying difficulty level model.difficulty.medium
May 16, 2018 12:13:22 AM net.sf.freecol.common.FreeColSeed getFreeColSeed
INFO: Using seed: 4939287523990307147
May 16, 2018 12:13:23 AM net.sf.freecol.server.networking.Server sendToAll
INFO: Reap dead connection: [DummyConnection Server connection - model.nation.spanish]
May 16, 2018 12:13:23 AM net.sf.freecol.server.networking.Server sendToAll
INFO: Reap dead connection: [DummyConnection Server connection - model.nation.cherokee]
May 16, 2018 12:13:23 AM net.sf.freecol.server.networking.Server sendToAll
INFO: Reap dead connection: [DummyConnection Server connection - model.nation.tupi]
May 16, 2018 12:13:23 AM net.sf.freecol.server.networking.Server sendToAll
INFO: Reap dead connection: [DummyConnection Server connection - model.nation.aztec]
May 16, 2018 12:13:23 AM net.sf.freecol.server.networking.Server sendToAll
INFO: Reap dead connection: [DummyConnection Server connection - model.nation.english]
May 16, 2018 12:13:23 AM net.sf.freecol.server.networking.Server sendToAll
INFO: Reap dead connection: [DummyConnection Server connection - model.nation.dutch]
May 16, 2018 12:13:23 AM net.sf.freecol.server.networking.Server sendToAll
INFO: Reap dead connection: [DummyConnection Server connection - model.nation.arawak]
May 16, 2018 12:13:23 AM net.sf.freecol.server.networking.Server sendToAll
INFO: Reap dead connection: [DummyConnection Server connection - model.nation.french]
May 16, 2018 12:13:23 AM net.sf.freecol.server.networking.Server sendToAll
INFO: Reap dead connection: [DummyConnection Server connection - model.nation.sioux]
May 16, 2018 12:13:23 AM net.sf.freecol.server.networking.Server sendToAll
INFO: Reap dead connection: [DummyConnection Server connection - model.nation.apache]
May 16, 2018 12:13:23 AM net.sf.freecol.server.networking.Server sendToAll
INFO: Reap dead connection: [DummyConnection Server connection - model.nation.iroquois]
May 16, 2018 12:13:23 AM net.sf.freecol.server.networking.Server sendToAll
INFO: Reap dead connection: [DummyConnection Server connection - model.nation.inca]
May 16, 2018 12:13:23 AM net.sf.freecol.common.model.Specification applyDifficultyLevel
INFO: Applying difficulty level model.difficulty.medium
May 16, 2018 12:13:23 AM net.sf.freecol.common.FreeColSeed getFreeColSeed
INFO: Using seed: -4475259755476403784
May 16, 2018 12:13:23 AM net.sf.freecol.server.networking.Server sendToAll
INFO: Reap dead connection: [DummyConnection Server connection - model.nation.iroquois]
May 16, 2018 12:13:23 AM net.sf.freecol.server.networking.Server sendToAll
INFO: Reap dead connection: [DummyConnection Server connection - model.nation.cherokee]
May 16, 2018 12:13:23 AM net.sf.freecol.server.networking.Server sendToAll
INFO: Reap dead connection: [DummyConnection Server connection - model.nation.english]
May 16, 2018 12:13:23 AM net.sf.freecol.server.networking.Server sendToAll
INFO: Reap dead connection: [DummyConnection Server connection - model.nation.spanish]
May 16, 2018 12:13:23 AM net.sf.freecol.server.networking.Server sendToAll
INFO: Reap dead connection: [DummyConnection Server connection - model.nation.apache]
May 16, 2018 12:13:23 AM net.sf.freecol.server.networking.Server sendToAll
INFO: Reap dead connection: [DummyConnection Server connection - model.nation.inca]
May 16, 2018 12:13:23 AM net.sf.freecol.server.networking.Server sendToAll
INFO: Reap dead connection: [DummyConnection Server connection - model.nation.dutch]
May 16, 2018 12:13:23 AM net.sf.freecol.server.networking.Server sendToAll
INFO: Reap dead connection: [DummyConnection Server connection - model.nation.french]
May 16, 2018 12:13:23 AM net.sf.freecol.server.networking.Server sendToAll
INFO: Reap dead connection: [DummyConnection Server connection - model.nation.tupi]
May 16, 2018 12:13:23 AM net.sf.freecol.server.networking.Server sendToAll
INFO: Reap dead connection: [DummyConnection Server connection - model.nation.arawak]
May 16, 2018 12:13:23 AM net.sf.freecol.server.networking.Server sendToAll
INFO: Reap dead connection: [DummyConnection Server connection - model.nation.sioux]
May 16, 2018 12:13:23 AM net.sf.freecol.server.networking.Server sendToAll
INFO: Reap dead connection: [DummyConnection Server connection - model.nation.aztec]
May 16, 2018 12:13:23 AM net.sf.freecol.common.model.Specification applyDifficultyLevel
INFO: Applying difficulty level model.difficulty.medium
May 16, 2018 12:13:23 AM net.sf.freecol.common.FreeColSeed getFreeColSeed
INFO: Using seed: -5484810215866723710
May 16, 2018 12:13:23 AM net.sf.freecol.server.networking.Server sendToAll
INFO: Reap dead connection: [DummyConnection Server connection - model.nation.cherokee]
May 16, 2018 12:13:23 AM net.sf.freecol.server.networking.Server sendToAll
INFO: Reap dead connection: [DummyConnection Server connection - model.nation.arawak]
May 16, 2018 12:13:23 AM net.sf.freecol.server.networking.Server sendToAll
INFO: Reap dead connection: [DummyConnection Server connection - model.nation.sioux]
May 16, 2018 12:13:23 AM net.sf.freecol.server.networking.Server sendToAll
INFO: Reap dead connection: [DummyConnection Server connection - model.nation.dutch]
May 16, 2018 12:13:23 AM net.sf.freecol.server.networking.Server sendToAll
INFO: Reap dead connection: [DummyConnection Server connection - model.nation.spanish]
May 16, 2018 12:13:23 AM net.sf.freecol.server.networking.Server sendToAll
INFO: Reap dead connection: [DummyConnection Server connection - model.nation.aztec]
May 16, 2018 12:13:23 AM net.sf.freecol.server.networking.Server sendToAll
INFO: Reap dead connection: [DummyConnection Server connection - model.nation.iroquois]
May 16, 2018 12:13:23 AM net.sf.freecol.server.networking.Server sendToAll
INFO: Reap dead connection: [DummyConnection Server connection - model.nation.english]
May 16, 2018 12:13:23 AM net.sf.freecol.server.networking.Server sendToAll
INFO: Reap dead connection: [DummyConnection Server connection - model.nation.inca]
May 16, 2018 12:13:23 AM net.sf.freecol.server.networking.Server sendToAll
INFO: Reap dead connection: [DummyConnection Server connection - model.nation.french]
May 16, 2018 12:13:23 AM net.sf.freecol.server.networking.Server sendToAll
INFO: Reap dead connection: [DummyConnection Server connection - model.nation.tupi]
May 16, 2018 12:13:23 AM net.sf.freecol.server.networking.Server sendToAll
INFO: Reap dead connection: [DummyConnection Server connection - model.nation.apache]
May 16, 2018 12:13:23 AM net.sf.freecol.common.model.Specification applyDifficultyLevel
INFO: Applying difficulty level model.difficulty.medium
May 16, 2018 12:13:23 AM net.sf.freecol.common.FreeColSeed getFreeColSeed
INFO: Using seed: -4929404222544685621
May 16, 2018 12:13:23 AM net.sf.freecol.server.networking.Server sendToAll
INFO: Reap dead connection: [DummyConnection Server connection - model.nation.dutch]
May 16, 2018 12:13:23 AM net.sf.freecol.server.networking.Server sendToAll
INFO: Reap dead connection: [DummyConnection Server connection - model.nation.cherokee]
May 16, 2018 12:13:23 AM net.sf.freecol.server.networking.Server sendToAll
INFO: Reap dead connection: [DummyConnection Server connection - model.nation.iroquois]
May 16, 2018 12:13:23 AM net.sf.freecol.server.networking.Server sendToAll
INFO: Reap dead connection: [DummyConnection Server connection - model.nation.english]
May 16, 2018 12:13:23 AM net.sf.freecol.server.networking.Server sendToAll
INFO: Reap dead connection: [DummyConnection Server connection - model.nation.apache]
May 16, 2018 12:13:23 AM net.sf.freecol.server.networking.Server sendToAll
INFO: Reap dead connection: [DummyConnection Server connection - model.nation.sioux]
May 16, 2018 12:13:23 AM net.sf.freecol.server.networking.Server sendToAll
INFO: Reap dead connection: [DummyConnection Server connection - model.nation.spanish]
May 16, 2018 12:13:23 AM net.sf.freecol.server.networking.Server sendToAll
INFO: Reap dead connection: [DummyConnection Server connection - model.nation.aztec]
May 16, 2018 12:13:23 AM net.sf.freecol.server.networking.Server sendToAll
INFO: Reap dead connection: [DummyConnection Server connection - model.nation.arawak]
May 16, 2018 12:13:23 AM net.sf.freecol.server.networking.Server sendToAll
INFO: Reap dead connection: [DummyConnection Server connection - model.nation.inca]
May 16, 2018 12:13:23 AM net.sf.freecol.server.networking.Server sendToAll
INFO: Reap dead connection: [DummyConnection Server connection - model.nation.tupi]
May 16, 2018 12:13:23 AM net.sf.freecol.server.networking.Server sendToAll
INFO: Reap dead connection: [DummyConnection Server connection - model.nation.french]
May 16, 2018 12:13:23 AM net.sf.freecol.common.model.Specification applyDifficultyLevel
INFO: Applying difficulty level model.difficulty.medium
May 16, 2018 12:13:23 AM net.sf.freecol.common.FreeColSeed getFreeColSeed
INFO: Using seed: 1566148332704221237
May 16, 2018 12:13:23 AM net.sf.freecol.server.networking.Server sendToAll
INFO: Reap dead connection: [DummyConnection Server connection - model.nation.inca]
May 16, 2018 12:13:23 AM net.sf.freecol.server.networking.Server sendToAll
INFO: Reap dead connection: [DummyConnection Server connection - model.nation.iroquois]
May 16, 2018 12:13:23 AM net.sf.freecol.server.networking.Server sendToAll
INFO: Reap dead connection: [DummyConnection Server connection - model.nation.tupi]
May 16, 2018 12:13:23 AM net.sf.freecol.server.networking.Server sendToAll
INFO: Reap dead connection: [DummyConnection Server connection - model.nation.english]
May 16, 2018 12:13:23 AM net.sf.freecol.server.networking.Server sendToAll
INFO: Reap dead connection: [DummyConnection Server connection - model.nation.french]
May 16, 2018 12:13:23 AM net.sf.freecol.server.networking.Server sendToAll
INFO: Reap dead connection: [DummyConnection Server connection - model.nation.aztec]
May 16, 2018 12:13:23 AM net.sf.freecol.server.networking.Server sendToAll
INFO: Reap dead connection: [DummyConnection Server connection - model.nation.sioux]
May 16, 2018 12:13:23 AM net.sf.freecol.server.networking.Server sendToAll
INFO: Reap dead connection: [DummyConnection Server connection - model.nation.apache]
May 16, 2018 12:13:23 AM net.sf.freecol.server.networking.Server sendToAll
INFO: Reap dead connection: [DummyConnection Server connection - model.nation.cherokee]
May 16, 2018 12:13:23 AM net.sf.freecol.server.networking.Server sendToAll
INFO: Reap dead connection: [DummyConnection Server connection - model.nation.dutch]
May 16, 2018 12:13:23 AM net.sf.freecol.server.networking.Server sendToAll
INFO: Reap dead connection: [DummyConnection Server connection - model.nation.arawak]
May 16, 2018 12:13:23 AM net.sf.freecol.server.networking.Server sendToAll
INFO: Reap dead connection: [DummyConnection Server connection - model.nation.spanish]
May 16, 2018 12:13:23 AM net.sf.freecol.common.model.Specification applyDifficultyLevel
INFO: Applying difficulty level model.difficulty.medium
May 16, 2018 12:13:23 AM net.sf.freecol.common.FreeColSeed getFreeColSeed
INFO: Using seed: 7969225997545068605
May 16, 2018 12:13:23 AM net.sf.freecol.server.networking.Server sendToAll
INFO: Reap dead connection: [DummyConnection Server connection - model.nation.tupi]
May 16, 2018 12:13:23 AM net.sf.freecol.server.networking.Server sendToAll
INFO: Reap dead connection: [DummyConnection Server connection - model.nation.dutch]
May 16, 2018 12:13:23 AM net.sf.freecol.server.networking.Server sendToAll
INFO: Reap dead connection: [DummyConnection Server connection - model.nation.apache]
May 16, 2018 12:13:23 AM net.sf.freecol.server.networking.Server sendToAll
INFO: Reap dead connection: [DummyConnection Server connection - model.nation.inca]
May 16, 2018 12:13:23 AM net.sf.freecol.server.networking.Server sendToAll
INFO: Reap dead connection: [DummyConnection Server connection - model.nation.english]
May 16, 2018 12:13:23 AM net.sf.freecol.server.networking.Server sendToAll
INFO: Reap dead connection: [DummyConnection Server connection - model.nation.aztec]
May 16, 2018 12:13:23 AM net.sf.freecol.server.networking.Server sendToAll
INFO: Reap dead connection: [DummyConnection Server connection - model.nation.arawak]
May 16, 2018 12:13:23 AM net.sf.freecol.server.networking.Server sendToAll
INFO: Reap dead connection: [DummyConnection Server connection - model.nation.spanish]
May 16, 2018 12:13:23 AM net.sf.freecol.server.networking.Server sendToAll
INFO: Reap dead connection: [DummyConnection Server connection - model.nation.iroquois]
May 16, 2018 12:13:23 AM net.sf.freecol.server.networking.Server sendToAll
INFO: Reap dead connection: [DummyConnection Server connection - model.nation.sioux]
May 16, 2018 12:13:23 AM net.sf.freecol.server.networking.Server sendToAll
INFO: Reap dead connection: [DummyConnection Server connection - model.nation.cherokee]
May 16, 2018 12:13:23 AM net.sf.freecol.server.networking.Server sendToAll
INFO: Reap dead connection: [DummyConnection Server connection - model.nation.french]
May 16, 2018 12:13:23 AM net.sf.freecol.common.model.Specification applyDifficultyLevel
INFO: Applying difficulty level model.difficulty.medium
May 16, 2018 12:13:23 AM net.sf.freecol.common.FreeColSeed getFreeColSeed
INFO: Using seed: 3846281500334879919
May 16, 2018 12:13:24 AM net.sf.freecol.server.networking.Server sendToAll
INFO: Reap dead connection: [DummyConnection Server connection - model.nation.cherokee]
May 16, 2018 12:13:24 AM net.sf.freecol.server.networking.Server sendToAll
INFO: Reap dead connection: [DummyConnection Server connection - model.nation.sioux]
May 16, 2018 12:13:24 AM net.sf.freecol.server.networking.Server sendToAll
INFO: Reap dead connection: [DummyConnection Server connection - model.nation.arawak]
May 16, 2018 12:13:24 AM net.sf.freecol.server.networking.Server sendToAll
INFO: Reap dead connection: [DummyConnection Server connection - model.nation.dutch]
May 16, 2018 12:13:24 AM net.sf.freecol.server.networking.Server sendToAll
INFO: Reap dead connection: [DummyConnection Server connection - model.nation.spanish]
May 16, 2018 12:13:24 AM net.sf.freecol.server.networking.Server sendToAll
INFO: Reap dead connection: [DummyConnection Server connection - model.nation.french]
May 16, 2018 12:13:24 AM net.sf.freecol.server.networking.Server sendToAll
INFO: Reap dead connection: [DummyConnection Server connection - model.nation.aztec]
May 16, 2018 12:13:24 AM net.sf.freecol.server.networking.Server sendToAll
INFO: Reap dead connection: [DummyConnection Server connection - model.nation.inca]
May 16, 2018 12:13:24 AM net.sf.freecol.server.networking.Server sendToAll
INFO: Reap dead connection: [DummyConnection Server connection - model.nation.apache]
May 16, 2018 12:13:24 AM net.sf.freecol.server.networking.Server sendToAll
INFO: Reap dead connection: [DummyConnection Server connection - model.nation.english]
May 16, 2018 12:13:24 AM net.sf.freecol.server.networking.Server sendToAll
INFO: Reap dead connection: [DummyConnection Server connection - model.nation.iroquois]
May 16, 2018 12:13:24 AM net.sf.freecol.server.networking.Server sendToAll
INFO: Reap dead connection: [DummyConnection Server connection - model.nation.tupi]
May 16, 2018 12:13:24 AM net.sf.freecol.common.model.Specification applyDifficultyLevel
INFO: Applying difficulty level model.difficulty.medium
May 16, 2018 12:13:24 AM net.sf.freecol.common.FreeColSeed getFreeColSeed
INFO: Using seed: 6985703376994057188
May 16, 2018 12:13:24 AM net.sf.freecol.server.networking.Server sendToAll
INFO: Reap dead connection: [DummyConnection Server connection - model.nation.english]
May 16, 2018 12:13:24 AM net.sf.freecol.server.networking.Server sendToAll
INFO: Reap dead connection: [DummyConnection Server connection - model.nation.tupi]
May 16, 2018 12:13:24 AM net.sf.freecol.server.networking.Server sendToAll
INFO: Reap dead connection: [DummyConnection Server connection - model.nation.aztec]
May 16, 2018 12:13:24 AM net.sf.freecol.server.networking.Server sendToAll
INFO: Reap dead connection: [DummyConnection Server connection - model.nation.spanish]
May 16, 2018 12:13:24 AM net.sf.freecol.server.networking.Server sendToAll
INFO: Reap dead connection: [DummyConnection Server connection - model.nation.iroquois]
May 16, 2018 12:13:24 AM net.sf.freecol.server.networking.Server sendToAll
INFO: Reap dead connection: [DummyConnection Server connection - model.nation.sioux]
May 16, 2018 12:13:24 AM net.sf.freecol.server.networking.Server sendToAll
INFO: Reap dead connection: [DummyConnection Server connection - model.nation.french]
May 16, 2018 12:13:24 AM net.sf.freecol.server.networking.Server sendToAll
INFO: Reap dead connection: [DummyConnection Server connection - model.nation.arawak]
May 16, 2018 12:13:24 AM net.sf.freecol.server.networking.Server sendToAll
INFO: Reap dead connection: [DummyConnection Server connection - model.nation.apache]
May 16, 2018 12:13:24 AM net.sf.freecol.server.networking.Server sendToAll
INFO: Reap dead connection: [DummyConnection Server connection - model.nation.dutch]
May 16, 2018 12:13:24 AM net.sf.freecol.server.networking.Server sendToAll
INFO: Reap dead connection: [DummyConnection Server connection - model.nation.cherokee]
May 16, 2018 12:13:24 AM net.sf.freecol.server.networking.Server sendToAll
INFO: Reap dead connection: [DummyConnection Server connection - model.nation.inca]
May 16, 2018 12:13:24 AM net.sf.freecol.common.model.Specification applyDifficultyLevel
INFO: Applying difficulty level model.difficulty.medium
May 16, 2018 12:13:24 AM net.sf.freecol.common.FreeColSeed getFreeColSeed
INFO: Using seed: -5498765273764610953
May 16, 2018 12:13:24 AM net.sf.freecol.server.networking.Server sendToAll
INFO: Reap dead connection: [DummyConnection Server connection - model.nation.sioux]
May 16, 2018 12:13:24 AM net.sf.freecol.server.networking.Server sendToAll
INFO: Reap dead connection: [DummyConnection Server connection - model.nation.cherokee]
May 16, 2018 12:13:24 AM net.sf.freecol.server.networking.Server sendToAll
INFO: Reap dead connection: [DummyConnection Server connection - model.nation.dutch]
May 16, 2018 12:13:24 AM net.sf.freecol.server.networking.Server sendToAll
INFO: Reap dead connection: [DummyConnection Server connection - model.nation.arawak]
May 16, 2018 12:13:24 AM net.sf.freecol.server.networking.Server sendToAll
INFO: Reap dead connection: [DummyConnection Server connection - model.nation.tupi]
May 16, 2018 12:13:24 AM net.sf.freecol.server.networking.Server sendToAll
INFO: Reap dead connection: [DummyConnection Server connection - model.nation.english]
May 16, 2018 12:13:24 AM net.sf.freecol.server.networking.Server sendToAll
INFO: Reap dead connection: [DummyConnection Server connection - model.nation.apache]
May 16, 2018 12:13:24 AM net.sf.freecol.server.networking.Server sendToAll
INFO: Reap dead connection: [DummyConnection Server connection - model.nation.aztec]
May 16, 2018 12:13:24 AM net.sf.freecol.server.networking.Server sendToAll
INFO: Reap dead connection: [DummyConnection Server connection - model.nation.spanish]
May 16, 2018 12:13:24 AM net.sf.freecol.server.networking.Server sendToAll
INFO: Reap dead connection: [DummyConnection Server connection - model.nation.iroquois]
May 16, 2018 12:13:24 AM net.sf.freecol.server.networking.Server sendToAll
INFO: Reap dead connection: [DummyConnection Server connection - model.nation.inca]
May 16, 2018 12:13:24 AM net.sf.freecol.server.networking.Server sendToAll
INFO: Reap dead connection: [DummyConnection Server connection - model.nation.french]
May 16, 2018 12:13:24 AM net.sf.freecol.common.model.Specification applyDifficultyLevel
INFO: Applying difficulty level model.difficulty.medium
May 16, 2018 12:13:24 AM net.sf.freecol.common.FreeColSeed getFreeColSeed
INFO: Using seed: 5467260350485179784
May 16, 2018 12:13:24 AM net.sf.freecol.server.networking.Server sendToAll
INFO: Reap dead connection: [DummyConnection Server connection - model.nation.spanish]
May 16, 2018 12:13:24 AM net.sf.freecol.server.networking.Server sendToAll
INFO: Reap dead connection: [DummyConnection Server connection - model.nation.apache]
May 16, 2018 12:13:24 AM net.sf.freecol.server.networking.Server sendToAll
INFO: Reap dead connection: [DummyConnection Server connection - model.nation.arawak]
May 16, 2018 12:13:24 AM net.sf.freecol.server.networking.Server sendToAll
INFO: Reap dead connection: [DummyConnection Server connection - model.nation.sioux]
May 16, 2018 12:13:24 AM net.sf.freecol.server.networking.Server sendToAll
INFO: Reap dead connection: [DummyConnection Server connection - model.nation.english]
May 16, 2018 12:13:24 AM net.sf.freecol.server.networking.Server sendToAll
INFO: Reap dead connection: [DummyConnection Server connection - model.nation.tupi]
May 16, 2018 12:13:24 AM net.sf.freecol.server.networking.Server sendToAll
INFO: Reap dead connection: [DummyConnection Server connection - model.nation.cherokee]
May 16, 2018 12:13:24 AM net.sf.freecol.server.networking.Server sendToAll
INFO: Reap dead connection: [DummyConnection Server connection - model.nation.iroquois]
May 16, 2018 12:13:24 AM net.sf.freecol.server.networking.Server sendToAll
INFO: Reap dead connection: [DummyConnection Server connection - model.nation.dutch]
May 16, 2018 12:13:24 AM net.sf.freecol.server.networking.Server sendToAll
INFO: Reap dead connection: [DummyConnection Server connection - model.nation.inca]
May 16, 2018 12:13:24 AM net.sf.freecol.server.networking.Server sendToAll
INFO: Reap dead connection: [DummyConnection Server connection - model.nation.french]
May 16, 2018 12:13:24 AM net.sf.freecol.server.networking.Server sendToAll
INFO: Reap dead connection: [DummyConnection Server connection - model.nation.aztec]
May 16, 2018 12:13:24 AM net.sf.freecol.common.model.Specification applyDifficultyLevel
INFO: Applying difficulty level model.difficulty.medium
May 16, 2018 12:13:24 AM net.sf.freecol.common.FreeColSeed getFreeColSeed
INFO: Using seed: -4616189826558734918
May 16, 2018 12:13:25 AM net.sf.freecol.server.networking.Server sendToAll
INFO: Reap dead connection: [DummyConnection Server connection - model.nation.french]
May 16, 2018 12:13:25 AM net.sf.freecol.server.networking.Server sendToAll
INFO: Reap dead connection: [DummyConnection Server connection - model.nation.apache]
May 16, 2018 12:13:25 AM net.sf.freecol.server.networking.Server sendToAll
INFO: Reap dead connection: [DummyConnection Server connection - model.nation.sioux]
May 16, 2018 12:13:25 AM net.sf.freecol.server.networking.Server sendToAll
INFO: Reap dead connection: [DummyConnection Server connection - model.nation.spanish]
May 16, 2018 12:13:25 AM net.sf.freecol.server.networking.Server sendToAll
INFO: Reap dead connection: [DummyConnection Server connection - model.nation.aztec]
May 16, 2018 12:13:25 AM net.sf.freecol.server.networking.Server sendToAll
INFO: Reap dead connection: [DummyConnection Server connection - model.nation.iroquois]
May 16, 2018 12:13:25 AM net.sf.freecol.server.networking.Server sendToAll
INFO: Reap dead connection: [DummyConnection Server connection - model.nation.tupi]
May 16, 2018 12:13:25 AM net.sf.freecol.server.networking.Server sendToAll
INFO: Reap dead connection: [DummyConnection Server connection - model.nation.inca]
May 16, 2018 12:13:25 AM net.sf.freecol.server.networking.Server sendToAll
INFO: Reap dead connection: [DummyConnection Server connection - model.nation.cherokee]
May 16, 2018 12:13:25 AM net.sf.freecol.server.networking.Server sendToAll
INFO: Reap dead connection: [DummyConnection Server connection - model.nation.dutch]
May 16, 2018 12:13:25 AM net.sf.freecol.server.networking.Server sendToAll
INFO: Reap dead connection: [DummyConnection Server connection - model.nation.arawak]
May 16, 2018 12:13:25 AM net.sf.freecol.server.networking.Server sendToAll
INFO: Reap dead connection: [DummyConnection Server connection - model.nation.english]
May 16, 2018 12:13:25 AM net.sf.freecol.common.model.Specification applyDifficultyLevel
INFO: Applying difficulty level model.difficulty.medium
May 16, 2018 12:13:25 AM net.sf.freecol.common.FreeColSeed getFreeColSeed
INFO: Using seed: 6717094660104574762
May 16, 2018 12:13:25 AM net.sf.freecol.server.networking.Server sendToAll
INFO: Reap dead connection: [DummyConnection Server connection - model.nation.arawak]
May 16, 2018 12:13:25 AM net.sf.freecol.server.networking.Server sendToAll
INFO: Reap dead connection: [DummyConnection Server connection - model.nation.english]
May 16, 2018 12:13:25 AM net.sf.freecol.server.networking.Server sendToAll
INFO: Reap dead connection: [DummyConnection Server connection - model.nation.aztec]
May 16, 2018 12:13:25 AM net.sf.freecol.server.networking.Server sendToAll
INFO: Reap dead connection: [DummyConnection Server connection - model.nation.french]
May 16, 2018 12:13:25 AM net.sf.freecol.server.networking.Server sendToAll
INFO: Reap dead connection: [DummyConnection Server connection - model.nation.sioux]
May 16, 2018 12:13:25 AM net.sf.freecol.server.networking.Server sendToAll
INFO: Reap dead connection: [DummyConnection Server connection - model.nation.cherokee]
May 16, 2018 12:13:25 AM net.sf.freecol.server.networking.Server sendToAll
INFO: Reap dead connection: [DummyConnection Server connection - model.nation.tupi]
May 16, 2018 12:13:25 AM net.sf.freecol.server.networking.Server sendToAll
INFO: Reap dead connection: [DummyConnection Server connection - model.nation.spanish]
May 16, 2018 12:13:25 AM net.sf.freecol.server.networking.Server sendToAll
INFO: Reap dead connection: [DummyConnection Server connection - model.nation.iroquois]
May 16, 2018 12:13:25 AM net.sf.freecol.server.networking.Server sendToAll
INFO: Reap dead connection: [DummyConnection Server connection - model.nation.inca]
May 16, 2018 12:13:25 AM net.sf.freecol.server.networking.Server sendToAll
INFO: Reap dead connection: [DummyConnection Server connection - model.nation.dutch]
May 16, 2018 12:13:25 AM net.sf.freecol.server.networking.Server sendToAll
INFO: Reap dead connection: [DummyConnection Server connection - model.nation.apache]
May 16, 2018 12:13:25 AM net.sf.freecol.common.model.Specification applyDifficultyLevel
INFO: Applying difficulty level model.difficulty.medium
May 16, 2018 12:13:25 AM net.sf.freecol.common.FreeColSeed getFreeColSeed
INFO: Using seed: -4942284316087215895
May 16, 2018 12:13:25 AM net.sf.freecol.server.networking.Server sendToAll
INFO: Reap dead connection: [DummyConnection Server connection - model.nation.dutch]
May 16, 2018 12:13:25 AM net.sf.freecol.server.networking.Server sendToAll
INFO: Reap dead connection: [DummyConnection Server connection - model.nation.tupi]
May 16, 2018 12:13:25 AM net.sf.freecol.server.networking.Server sendToAll
INFO: Reap dead connection: [DummyConnection Server connection - model.nation.arawak]
May 16, 2018 12:13:25 AM net.sf.freecol.server.networking.Server sendToAll
INFO: Reap dead connection: [DummyConnection Server connection - model.nation.inca]
May 16, 2018 12:13:25 AM net.sf.freecol.server.networking.Server sendToAll
INFO: Reap dead connection: [DummyConnection Server connection - model.nation.aztec]
May 16, 2018 12:13:25 AM net.sf.freecol.server.networking.Server sendToAll
INFO: Reap dead connection: [DummyConnection Server connection - model.nation.iroquois]
May 16, 2018 12:13:25 AM net.sf.freecol.server.networking.Server sendToAll
INFO: Reap dead connection: [DummyConnection Server connection - model.nation.sioux]
May 16, 2018 12:13:25 AM net.sf.freecol.server.networking.Server sendToAll
INFO: Reap dead connection: [DummyConnection Server connection - model.nation.english]
May 16, 2018 12:13:25 AM net.sf.freecol.server.networking.Server sendToAll
INFO: Reap dead connection: [DummyConnection Server connection - model.nation.apache]
May 16, 2018 12:13:25 AM net.sf.freecol.server.networking.Server sendToAll
INFO: Reap dead connection: [DummyConnection Server connection - model.nation.cherokee]
May 16, 2018 12:13:25 AM net.sf.freecol.server.networking.Server sendToAll
INFO: Reap dead connection: [DummyConnection Server connection - model.nation.french]
May 16, 2018 12:13:25 AM net.sf.freecol.server.networking.Server sendToAll
INFO: Reap dead connection: [DummyConnection Server connection - model.nation.spanish]
May 16, 2018 12:13:25 AM net.sf.freecol.common.model.Specification applyDifficultyLevel
INFO: Applying difficulty level model.difficulty.medium
May 16, 2018 12:13:25 AM net.sf.freecol.common.FreeColSeed getFreeColSeed
INFO: Using seed: 6948501980659896978
May 16, 2018 12:13:25 AM net.sf.freecol.server.networking.Server sendToAll
INFO: Reap dead connection: [DummyConnection Server connection - model.nation.iroquois]
May 16, 2018 12:13:25 AM net.sf.freecol.server.networking.Server sendToAll
INFO: Reap dead connection: [DummyConnection Server connection - model.nation.french]
May 16, 2018 12:13:25 AM net.sf.freecol.server.networking.Server sendToAll
INFO: Reap dead connection: [DummyConnection Server connection - model.nation.arawak]
May 16, 2018 12:13:25 AM net.sf.freecol.server.networking.Server sendToAll
INFO: Reap dead connection: [DummyConnection Server connection - model.nation.english]
May 16, 2018 12:13:25 AM net.sf.freecol.server.networking.Server sendToAll
INFO: Reap dead connection: [DummyConnection Server connection - model.nation.aztec]
May 16, 2018 12:13:25 AM net.sf.freecol.server.networking.Server sendToAll
INFO: Reap dead connection: [DummyConnection Server connection - model.nation.cherokee]
May 16, 2018 12:13:25 AM net.sf.freecol.server.networking.Server sendToAll
INFO: Reap dead connection: [DummyConnection Server connection - model.nation.tupi]
May 16, 2018 12:13:25 AM net.sf.freecol.server.networking.Server sendToAll
INFO: Reap dead connection: [DummyConnection Server connection - model.nation.spanish]
May 16, 2018 12:13:25 AM net.sf.freecol.server.networking.Server sendToAll
INFO: Reap dead connection: [DummyConnection Server connection - model.nation.sioux]
May 16, 2018 12:13:25 AM net.sf.freecol.server.networking.Server sendToAll
INFO: Reap dead connection: [DummyConnection Server connection - model.nation.apache]
May 16, 2018 12:13:25 AM net.sf.freecol.server.networking.Server sendToAll
INFO: Reap dead connection: [DummyConnection Server connection - model.nation.dutch]
May 16, 2018 12:13:25 AM net.sf.freecol.server.networking.Server sendToAll
INFO: Reap dead connection: [DummyConnection Server connection - model.nation.inca]
May 16, 2018 12:13:25 AM net.sf.freecol.common.util.LogBuilder log
INFO: Destroying: unit:270
May 16, 2018 12:13:25 AM net.sf.freecol.common.model.Specification applyDifficultyLevel
INFO: Applying difficulty level model.difficulty.medium
May 16, 2018 12:13:25 AM net.sf.freecol.common.FreeColSeed getFreeColSeed
INFO: Using seed: -1537232601001745881
May 16, 2018 12:13:25 AM net.sf.freecol.server.networking.Server sendToAll
INFO: Reap dead connection: [DummyConnection Server connection - model.nation.sioux]
May 16, 2018 12:13:25 AM net.sf.freecol.server.networking.Server sendToAll
INFO: Reap dead connection: [DummyConnection Server connection - model.nation.dutch]
May 16, 2018 12:13:25 AM net.sf.freecol.server.networking.Server sendToAll
INFO: Reap dead connection: [DummyConnection Server connection - model.nation.aztec]
May 16, 2018 12:13:25 AM net.sf.freecol.server.networking.Server sendToAll
INFO: Reap dead connection: [DummyConnection Server connection - model.nation.cherokee]
May 16, 2018 12:13:25 AM net.sf.freecol.server.networking.Server sendToAll
INFO: Reap dead connection: [DummyConnection Server connection - model.nation.arawak]
May 16, 2018 12:13:25 AM net.sf.freecol.server.networking.Server sendToAll
INFO: Reap dead connection: [DummyConnection Server connection - model.nation.tupi]
May 16, 2018 12:13:25 AM net.sf.freecol.server.networking.Server sendToAll
INFO: Reap dead connection: [DummyConnection Server connection - model.nation.inca]
May 16, 2018 12:13:25 AM net.sf.freecol.server.networking.Server sendToAll
INFO: Reap dead connection: [DummyConnection Server connection - model.nation.spanish]
May 16, 2018 12:13:25 AM net.sf.freecol.server.networking.Server sendToAll
INFO: Reap dead connection: [DummyConnection Server connection - model.nation.french]
May 16, 2018 12:13:25 AM net.sf.freecol.server.networking.Server sendToAll
INFO: Reap dead connection: [DummyConnection Server connection - model.nation.english]
May 16, 2018 12:13:25 AM net.sf.freecol.server.networking.Server sendToAll
INFO: Reap dead connection: [DummyConnection Server connection - model.nation.iroquois]
May 16, 2018 12:13:25 AM net.sf.freecol.server.networking.Server sendToAll
INFO: Reap dead connection: [DummyConnection Server connection - model.nation.apache]
May 16, 2018 12:13:25 AM net.sf.freecol.server.model.ServerColony csBuildBuilding
INFO: New building in New Amsterdam: warehouse
May 16, 2018 12:13:25 AM net.sf.freecol.common.model.Specification applyDifficultyLevel
INFO: Applying difficulty level model.difficulty.medium
May 16, 2018 12:13:25 AM net.sf.freecol.common.FreeColSeed getFreeColSeed
INFO: Using seed: 877621040066910198
May 16, 2018 12:13:25 AM net.sf.freecol.server.networking.Server sendToAll
INFO: Reap dead connection: [DummyConnection Server connection - model.nation.dutch]
May 16, 2018 12:13:25 AM net.sf.freecol.server.networking.Server sendToAll
INFO: Reap dead connection: [DummyConnection Server connection - model.nation.english]
May 16, 2018 12:13:25 AM net.sf.freecol.server.networking.Server sendToAll
INFO: Reap dead connection: [DummyConnection Server connection - model.nation.sioux]
May 16, 2018 12:13:25 AM net.sf.freecol.server.networking.Server sendToAll
INFO: Reap dead connection: [DummyConnection Server connection - model.nation.spanish]
May 16, 2018 12:13:25 AM net.sf.freecol.server.networking.Server sendToAll
INFO: Reap dead connection: [DummyConnection Server connection - model.nation.iroquois]
May 16, 2018 12:13:25 AM net.sf.freecol.server.networking.Server sendToAll
INFO: Reap dead connection: [DummyConnection Server connection - model.nation.tupi]
May 16, 2018 12:13:25 AM net.sf.freecol.server.networking.Server sendToAll
INFO: Reap dead connection: [DummyConnection Server connection - model.nation.aztec]
May 16, 2018 12:13:25 AM net.sf.freecol.server.networking.Server sendToAll
INFO: Reap dead connection: [DummyConnection Server connection - model.nation.french]
May 16, 2018 12:13:25 AM net.sf.freecol.server.networking.Server sendToAll
INFO: Reap dead connection: [DummyConnection Server connection - model.nation.inca]
May 16, 2018 12:13:25 AM net.sf.freecol.server.networking.Server sendToAll
INFO: Reap dead connection: [DummyConnection Server connection - model.nation.arawak]
May 16, 2018 12:13:25 AM net.sf.freecol.server.networking.Server sendToAll
INFO: Reap dead connection: [DummyConnection Server connection - model.nation.cherokee]
May 16, 2018 12:13:25 AM net.sf.freecol.server.networking.Server sendToAll
INFO: Reap dead connection: [DummyConnection Server connection - model.nation.apache]
May 16, 2018 12:13:25 AM net.sf.freecol.server.model.ServerColony csBuildBuilding
INFO: New building in New Amsterdam: lumberMill
May 16, 2018 12:13:25 AM net.sf.freecol.common.model.Specification applyDifficultyLevel
INFO: Applying difficulty level model.difficulty.medium
May 16, 2018 12:13:25 AM net.sf.freecol.common.FreeColSeed getFreeColSeed
INFO: Using seed: -3561166592467923612
May 16, 2018 12:13:26 AM net.sf.freecol.server.networking.Server sendToAll
INFO: Reap dead connection: [DummyConnection Server connection - model.nation.french]
May 16, 2018 12:13:26 AM net.sf.freecol.server.networking.Server sendToAll
INFO: Reap dead connection: [DummyConnection Server connection - model.nation.iroquois]
May 16, 2018 12:13:26 AM net.sf.freecol.server.networking.Server sendToAll
INFO: Reap dead connection: [DummyConnection Server connection - model.nation.arawak]
May 16, 2018 12:13:26 AM net.sf.freecol.server.networking.Server sendToAll
INFO: Reap dead connection: [DummyConnection Server connection - model.nation.dutch]
May 16, 2018 12:13:26 AM net.sf.freecol.server.networking.Server sendToAll
INFO: Reap dead connection: [DummyConnection Server connection - model.nation.english]
May 16, 2018 12:13:26 AM net.sf.freecol.server.networking.Server sendToAll
INFO: Reap dead connection: [DummyConnection Server connection - model.nation.tupi]
May 16, 2018 12:13:26 AM net.sf.freecol.server.networking.Server sendToAll
INFO: Reap dead connection: [DummyConnection Server connection - model.nation.inca]
May 16, 2018 12:13:26 AM net.sf.freecol.server.networking.Server sendToAll
INFO: Reap dead connection: [DummyConnection Server connection - model.nation.aztec]
May 16, 2018 12:13:26 AM net.sf.freecol.server.networking.Server sendToAll
INFO: Reap dead connection: [DummyConnection Server connection - model.nation.sioux]
May 16, 2018 12:13:26 AM net.sf.freecol.server.networking.Server sendToAll
INFO: Reap dead connection: [DummyConnection Server connection - model.nation.apache]
May 16, 2018 12:13:26 AM net.sf.freecol.server.networking.Server sendToAll
INFO: Reap dead connection: [DummyConnection Server connection - model.nation.spanish]
May 16, 2018 12:13:26 AM net.sf.freecol.server.networking.Server sendToAll
INFO: Reap dead connection: [DummyConnection Server connection - model.nation.cherokee]
May 16, 2018 12:13:26 AM net.sf.freecol.server.model.ServerColony csBuildUnit
INFO: New unit in New Amsterdam: freeColonist
May 16, 2018 12:13:26 AM net.sf.freecol.common.model.Specification applyDifficultyLevel
INFO: Applying difficulty level model.difficulty.medium
May 16, 2018 12:13:26 AM net.sf.freecol.common.model.Specification applyDifficultyLevel
INFO: Applying difficulty level model.difficulty.medium
May 16, 2018 12:13:26 AM net.sf.freecol.common.FreeColSeed getFreeColSeed
INFO: Using seed: 1200748639048911029
May 16, 2018 12:13:26 AM net.sf.freecol.server.networking.Server sendToAll
INFO: Reap dead connection: [DummyConnection Server connection - model.nation.dutch]
May 16, 2018 12:13:26 AM net.sf.freecol.server.networking.Server sendToAll
INFO: Reap dead connection: [DummyConnection Server connection - model.nation.sioux]
May 16, 2018 12:13:26 AM net.sf.freecol.server.networking.Server sendToAll
INFO: Reap dead connection: [DummyConnection Server connection - model.nation.inca]
May 16, 2018 12:13:26 AM net.sf.freecol.server.networking.Server sendToAll
INFO: Reap dead connection: [DummyConnection Server connection - model.nation.spanish]
May 16, 2018 12:13:26 AM net.sf.freecol.server.networking.Server sendToAll
INFO: Reap dead connection: [DummyConnection Server connection - model.nation.cherokee]
May 16, 2018 12:13:26 AM net.sf.freecol.server.networking.Server sendToAll
INFO: Reap dead connection: [DummyConnection Server connection - model.nation.iroquois]
May 16, 2018 12:13:26 AM net.sf.freecol.server.networking.Server sendToAll
INFO: Reap dead connection: [DummyConnection Server connection - model.nation.english]
May 16, 2018 12:13:26 AM net.sf.freecol.server.networking.Server sendToAll
INFO: Reap dead connection: [DummyConnection Server connection - model.nation.french]
May 16, 2018 12:13:26 AM net.sf.freecol.server.networking.Server sendToAll
INFO: Reap dead connection: [DummyConnection Server connection - model.nation.arawak]
May 16, 2018 12:13:26 AM net.sf.freecol.server.networking.Server sendToAll
INFO: Reap dead connection: [DummyConnection Server connection - model.nation.apache]
May 16, 2018 12:13:26 AM net.sf.freecol.server.networking.Server sendToAll
INFO: Reap dead connection: [DummyConnection Server connection - model.nation.aztec]
May 16, 2018 12:13:26 AM net.sf.freecol.server.networking.Server sendToAll
INFO: Reap dead connection: [DummyConnection Server connection - model.nation.tupi]
May 16, 2018 12:13:26 AM net.sf.freecol.common.model.Specification applyDifficultyLevel
INFO: Applying difficulty level model.difficulty.medium
May 16, 2018 12:13:26 AM net.sf.freecol.common.FreeColSeed getFreeColSeed
INFO: Using seed: 5579561348856774228
May 16, 2018 12:13:26 AM net.sf.freecol.server.networking.Server sendToAll
INFO: Reap dead connection: [DummyConnection Server connection - model.nation.english]
May 16, 2018 12:13:26 AM net.sf.freecol.server.networking.Server sendToAll
INFO: Reap dead connection: [DummyConnection Server connection - model.nation.cherokee]
May 16, 2018 12:13:26 AM net.sf.freecol.server.networking.Server sendToAll
INFO: Reap dead connection: [DummyConnection Server connection - model.nation.apache]
May 16, 2018 12:13:26 AM net.sf.freecol.server.networking.Server sendToAll
INFO: Reap dead connection: [DummyConnection Server connection - model.nation.sioux]
May 16, 2018 12:13:26 AM net.sf.freecol.server.networking.Server sendToAll
INFO: Reap dead connection: [DummyConnection Server connection - model.nation.tupi]
May 16, 2018 12:13:26 AM net.sf.freecol.server.networking.Server sendToAll
INFO: Reap dead connection: [DummyConnection Server connection - model.nation.spanish]
May 16, 2018 12:13:26 AM net.sf.freecol.server.networking.Server sendToAll
INFO: Reap dead connection: [DummyConnection Server connection - model.nation.dutch]
May 16, 2018 12:13:26 AM net.sf.freecol.server.networking.Server sendToAll
INFO: Reap dead connection: [DummyConnection Server connection - model.nation.aztec]
May 16, 2018 12:13:26 AM net.sf.freecol.server.networking.Server sendToAll
INFO: Reap dead connection: [DummyConnection Server connection - model.nation.iroquois]
May 16, 2018 12:13:26 AM net.sf.freecol.server.networking.Server sendToAll
INFO: Reap dead connection: [DummyConnection Server connection - model.nation.french]
May 16, 2018 12:13:26 AM net.sf.freecol.server.networking.Server sendToAll
INFO: Reap dead connection: [DummyConnection Server connection - model.nation.inca]
May 16, 2018 12:13:26 AM net.sf.freecol.server.networking.Server sendToAll
INFO: Reap dead connection: [DummyConnection Server connection - model.nation.arawak]
May 16, 2018 12:13:26 AM net.sf.freecol.common.model.Specification applyDifficultyLevel
INFO: Applying difficulty level model.difficulty.medium
May 16, 2018 12:13:26 AM net.sf.freecol.common.FreeColSeed getFreeColSeed
INFO: Using seed: -6787710064011862823
May 16, 2018 12:13:26 AM net.sf.freecol.server.networking.Server sendToAll
INFO: Reap dead connection: [DummyConnection Server connection - model.nation.french]
May 16, 2018 12:13:26 AM net.sf.freecol.server.networking.Server sendToAll
INFO: Reap dead connection: [DummyConnection Server connection - model.nation.inca]
May 16, 2018 12:13:26 AM net.sf.freecol.server.networking.Server sendToAll
INFO: Reap dead connection: [DummyConnection Server connection - model.nation.arawak]
May 16, 2018 12:13:26 AM net.sf.freecol.server.networking.Server sendToAll
INFO: Reap dead connection: [DummyConnection Server connection - model.nation.english]
May 16, 2018 12:13:26 AM net.sf.freecol.server.networking.Server sendToAll
INFO: Reap dead connection: [DummyConnection Server connection - model.nation.spanish]
May 16, 2018 12:13:26 AM net.sf.freecol.server.networking.Server sendToAll
INFO: Reap dead connection: [DummyConnection Server connection - model.nation.aztec]
May 16, 2018 12:13:26 AM net.sf.freecol.server.networking.Server sendToAll
INFO: Reap dead connection: [DummyConnection Server connection - model.nation.iroquois]
May 16, 2018 12:13:26 AM net.sf.freecol.server.networking.Server sendToAll
INFO: Reap dead connection: [DummyConnection Server connection - model.nation.apache]
May 16, 2018 12:13:26 AM net.sf.freecol.server.networking.Server sendToAll
INFO: Reap dead connection: [DummyConnection Server connection - model.nation.sioux]
May 16, 2018 12:13:26 AM net.sf.freecol.server.networking.Server sendToAll
INFO: Reap dead connection: [DummyConnection Server connection - model.nation.cherokee]
May 16, 2018 12:13:26 AM net.sf.freecol.server.networking.Server sendToAll
INFO: Reap dead connection: [DummyConnection Server connection - model.nation.tupi]
May 16, 2018 12:13:26 AM net.sf.freecol.server.networking.Server sendToAll
INFO: Reap dead connection: [DummyConnection Server connection - model.nation.dutch]
May 16, 2018 12:13:26 AM net.sf.freecol.common.util.LogBuilder log
INFO: Destroying: goodsContainer:252 unit:251
May 16, 2018 12:13:26 AM net.sf.freecol.common.model.Specification applyDifficultyLevel
INFO: Applying difficulty level model.difficulty.medium
May 16, 2018 12:13:26 AM net.sf.freecol.common.FreeColSeed getFreeColSeed
INFO: Using seed: -3481334663401209716
May 16, 2018 12:13:27 AM net.sf.freecol.server.networking.Server sendToAll
INFO: Reap dead connection: [DummyConnection Server connection - model.nation.cherokee]
May 16, 2018 12:13:27 AM net.sf.freecol.server.networking.Server sendToAll
INFO: Reap dead connection: [DummyConnection Server connection - model.nation.french]
May 16, 2018 12:13:27 AM net.sf.freecol.server.networking.Server sendToAll
INFO: Reap dead connection: [DummyConnection Server connection - model.nation.iroquois]
May 16, 2018 12:13:27 AM net.sf.freecol.server.networking.Server sendToAll
INFO: Reap dead connection: [DummyConnection Server connection - model.nation.arawak]
May 16, 2018 12:13:27 AM net.sf.freecol.server.networking.Server sendToAll
INFO: Reap dead connection: [DummyConnection Server connection - model.nation.inca]
May 16, 2018 12:13:27 AM net.sf.freecol.server.networking.Server sendToAll
INFO: Reap dead connection: [DummyConnection Server connection - model.nation.apache]
May 16, 2018 12:13:27 AM net.sf.freecol.server.networking.Server sendToAll
INFO: Reap dead connection: [DummyConnection Server connection - model.nation.dutch]
May 16, 2018 12:13:27 AM net.sf.freecol.server.networking.Server sendToAll
INFO: Reap dead connection: [DummyConnection Server connection - model.nation.sioux]
May 16, 2018 12:13:27 AM net.sf.freecol.server.networking.Server sendToAll
INFO: Reap dead connection: [DummyConnection Server connection - model.nation.english]
May 16, 2018 12:13:27 AM net.sf.freecol.server.networking.Server sendToAll
INFO: Reap dead connection: [DummyConnection Server connection - model.nation.tupi]
May 16, 2018 12:13:27 AM net.sf.freecol.server.networking.Server sendToAll
INFO: Reap dead connection: [DummyConnection Server connection - model.nation.aztec]
May 16, 2018 12:13:27 AM net.sf.freecol.server.networking.Server sendToAll
INFO: Reap dead connection: [DummyConnection Server connection - model.nation.spanish]
May 16, 2018 12:13:27 AM net.sf.freecol.common.model.Specification applyDifficultyLevel
INFO: Applying difficulty level model.difficulty.medium
May 16, 2018 12:13:27 AM net.sf.freecol.common.FreeColSeed getFreeColSeed
INFO: Using seed: 1207648143340074161
May 16, 2018 12:13:27 AM net.sf.freecol.server.networking.Server sendToAll
INFO: Reap dead connection: [DummyConnection Server connection - model.nation.sioux]
May 16, 2018 12:13:27 AM net.sf.freecol.server.networking.Server sendToAll
INFO: Reap dead connection: [DummyConnection Server connection - model.nation.french]
May 16, 2018 12:13:27 AM net.sf.freecol.server.networking.Server sendToAll
INFO: Reap dead connection: [DummyConnection Server connection - model.nation.apache]
May 16, 2018 12:13:27 AM net.sf.freecol.server.networking.Server sendToAll
INFO: Reap dead connection: [DummyConnection Server connection - model.nation.dutch]
May 16, 2018 12:13:27 AM net.sf.freecol.server.networking.Server sendToAll
INFO: Reap dead connection: [DummyConnection Server connection - model.nation.iroquois]
May 16, 2018 12:13:27 AM net.sf.freecol.server.networking.Server sendToAll
INFO: Reap dead connection: [DummyConnection Server connection - model.nation.aztec]
May 16, 2018 12:13:27 AM net.sf.freecol.server.networking.Server sendToAll
INFO: Reap dead connection: [DummyConnection Server connection - model.nation.spanish]
May 16, 2018 12:13:27 AM net.sf.freecol.server.networking.Server sendToAll
INFO: Reap dead connection: [DummyConnection Server connection - model.nation.cherokee]
May 16, 2018 12:13:27 AM net.sf.freecol.server.networking.Server sendToAll
INFO: Reap dead connection: [DummyConnection Server connection - model.nation.arawak]
May 16, 2018 12:13:27 AM net.sf.freecol.server.networking.Server sendToAll
INFO: Reap dead connection: [DummyConnection Server connection - model.nation.english]
May 16, 2018 12:13:27 AM net.sf.freecol.server.networking.Server sendToAll
INFO: Reap dead connection: [DummyConnection Server connection - model.nation.tupi]
May 16, 2018 12:13:27 AM net.sf.freecol.server.networking.Server sendToAll
INFO: Reap dead connection: [DummyConnection Server connection - model.nation.inca]
May 16, 2018 12:13:27 AM net.sf.freecol.common.model.Specification applyDifficultyLevel
INFO: Applying difficulty level model.difficulty.medium
May 16, 2018 12:13:27 AM net.sf.freecol.common.FreeColSeed getFreeColSeed
INFO: Using seed: 8702692748622708460
May 16, 2018 12:13:27 AM net.sf.freecol.server.networking.Server sendToAll
INFO: Reap dead connection: [DummyConnection Server connection - model.nation.iroquois]
May 16, 2018 12:13:27 AM net.sf.freecol.server.networking.Server sendToAll
INFO: Reap dead connection: [DummyConnection Server connection - model.nation.inca]
May 16, 2018 12:13:27 AM net.sf.freecol.server.networking.Server sendToAll
INFO: Reap dead connection: [DummyConnection Server connection - model.nation.sioux]
May 16, 2018 12:13:27 AM net.sf.freecol.server.networking.Server sendToAll
INFO: Reap dead connection: [DummyConnection Server connection - model.nation.cherokee]
May 16, 2018 12:13:27 AM net.sf.freecol.server.networking.Server sendToAll
INFO: Reap dead connection: [DummyConnection Server connection - model.nation.arawak]
May 16, 2018 12:13:27 AM net.sf.freecol.server.networking.Server sendToAll
INFO: Reap dead connection: [DummyConnection Server connection - model.nation.apache]
May 16, 2018 12:13:27 AM net.sf.freecol.server.networking.Server sendToAll
INFO: Reap dead connection: [DummyConnection Server connection - model.nation.spanish]
May 16, 2018 12:13:27 AM net.sf.freecol.server.networking.Server sendToAll
INFO: Reap dead connection: [DummyConnection Server connection - model.nation.french]
May 16, 2018 12:13:27 AM net.sf.freecol.server.networking.Server sendToAll
INFO: Reap dead connection: [DummyConnection Server connection - model.nation.english]
May 16, 2018 12:13:27 AM net.sf.freecol.server.networking.Server sendToAll
INFO: Reap dead connection: [DummyConnection Server connection - model.nation.tupi]
May 16, 2018 12:13:27 AM net.sf.freecol.server.networking.Server sendToAll
INFO: Reap dead connection: [DummyConnection Server connection - model.nation.dutch]
May 16, 2018 12:13:27 AM net.sf.freecol.server.networking.Server sendToAll
INFO: Reap dead connection: [DummyConnection Server connection - model.nation.aztec]
May 16, 2018 12:13:27 AM net.sf.freecol.common.model.Specification applyDifficultyLevel
INFO: Applying difficulty level model.difficulty.medium
May 16, 2018 12:13:27 AM net.sf.freecol.common.FreeColSeed getFreeColSeed
INFO: Using seed: -5465773450585216820
May 16, 2018 12:13:27 AM net.sf.freecol.server.networking.Server sendToAll
INFO: Reap dead connection: [DummyConnection Server connection - model.nation.dutch]
May 16, 2018 12:13:27 AM net.sf.freecol.server.networking.Server sendToAll
INFO: Reap dead connection: [DummyConnection Server connection - model.nation.cherokee]
May 16, 2018 12:13:27 AM net.sf.freecol.server.networking.Server sendToAll
INFO: Reap dead connection: [DummyConnection Server connection - model.nation.aztec]
May 16, 2018 12:13:27 AM net.sf.freecol.server.networking.Server sendToAll
INFO: Reap dead connection: [DummyConnection Server connection - model.nation.tupi]
May 16, 2018 12:13:27 AM net.sf.freecol.server.networking.Server sendToAll
INFO: Reap dead connection: [DummyConnection Server connection - model.nation.arawak]
May 16, 2018 12:13:27 AM net.sf.freecol.server.networking.Server sendToAll
INFO: Reap dead connection: [DummyConnection Server connection - model.nation.apache]
May 16, 2018 12:13:27 AM net.sf.freecol.server.networking.Server sendToAll
INFO: Reap dead connection: [DummyConnection Server connection - model.nation.iroquois]
May 16, 2018 12:13:27 AM net.sf.freecol.server.networking.Server sendToAll
INFO: Reap dead connection: [DummyConnection Server connection - model.nation.english]
May 16, 2018 12:13:27 AM net.sf.freecol.server.networking.Server sendToAll
INFO: Reap dead connection: [DummyConnection Server connection - model.nation.french]
May 16, 2018 12:13:27 AM net.sf.freecol.server.networking.Server sendToAll
INFO: Reap dead connection: [DummyConnection Server connection - model.nation.inca]
May 16, 2018 12:13:27 AM net.sf.freecol.server.networking.Server sendToAll
INFO: Reap dead connection: [DummyConnection Server connection - model.nation.spanish]
May 16, 2018 12:13:27 AM net.sf.freecol.server.networking.Server sendToAll
INFO: Reap dead connection: [DummyConnection Server connection - model.nation.sioux]
May 16, 2018 12:13:27 AM net.sf.freecol.server.model.ServerPlayer checkForDeath
INFO: William I alive, can buy colonist.
May 16, 2018 12:13:27 AM net.sf.freecol.common.model.Specification applyDifficultyLevel
INFO: Applying difficulty level model.difficulty.medium
May 16, 2018 12:13:27 AM net.sf.freecol.common.FreeColSeed getFreeColSeed
INFO: Using seed: -8345761327812212023
May 16, 2018 12:13:27 AM net.sf.freecol.server.networking.Server sendToAll
INFO: Reap dead connection: [DummyConnection Server connection - model.nation.apache]
May 16, 2018 12:13:27 AM net.sf.freecol.server.networking.Server sendToAll
INFO: Reap dead connection: [DummyConnection Server connection - model.nation.aztec]
May 16, 2018 12:13:27 AM net.sf.freecol.server.networking.Server sendToAll
INFO: Reap dead connection: [DummyConnection Server connection - model.nation.english]
May 16, 2018 12:13:27 AM net.sf.freecol.server.networking.Server sendToAll
INFO: Reap dead connection: [DummyConnection Server connection - model.nation.iroquois]
May 16, 2018 12:13:27 AM net.sf.freecol.server.networking.Server sendToAll
INFO: Reap dead connection: [DummyConnection Server connection - model.nation.tupi]
May 16, 2018 12:13:27 AM net.sf.freecol.server.networking.Server sendToAll
INFO: Reap dead connection: [DummyConnection Server connection - model.nation.dutch]
May 16, 2018 12:13:27 AM net.sf.freecol.server.networking.Server sendToAll
INFO: Reap dead connection: [DummyConnection Server connection - model.nation.inca]
May 16, 2018 12:13:27 AM net.sf.freecol.server.networking.Server sendToAll
INFO: Reap dead connection: [DummyConnection Server connection - model.nation.spanish]
May 16, 2018 12:13:27 AM net.sf.freecol.server.networking.Server sendToAll
INFO: Reap dead connection: [DummyConnection Server connection - model.nation.sioux]
May 16, 2018 12:13:27 AM net.sf.freecol.server.networking.Server sendToAll
INFO: Reap dead connection: [DummyConnection Server connection - model.nation.french]
May 16, 2018 12:13:27 AM net.sf.freecol.server.networking.Server sendToAll
INFO: Reap dead connection: [DummyConnection Server connection - model.nation.arawak]
May 16, 2018 12:13:27 AM net.sf.freecol.server.networking.Server sendToAll
INFO: Reap dead connection: [DummyConnection Server connection - model.nation.cherokee]
May 16, 2018 12:13:27 AM net.sf.freecol.server.model.ServerPlayer checkForDeath
INFO: William I survives by autorecruit.
May 16, 2018 12:13:27 AM net.sf.freecol.server.model.ServerPlayer checkForDeath
INFO: William I alive, has waiting colonist.
May 16, 2018 12:13:27 AM net.sf.freecol.server.model.ServerPlayer checkForDeath
INFO: William I dead, no presence >= 1600
May 16, 2018 12:13:27 AM net.sf.freecol.common.model.Specification applyDifficultyLevel
INFO: Applying difficulty level model.difficulty.medium
May 16, 2018 12:13:27 AM net.sf.freecol.common.FreeColSeed getFreeColSeed
INFO: Using seed: 5479238837916092047
May 16, 2018 12:13:28 AM net.sf.freecol.server.networking.Server sendToAll
INFO: Reap dead connection: [DummyConnection Server connection - model.nation.tupi]
May 16, 2018 12:13:28 AM net.sf.freecol.server.networking.Server sendToAll
INFO: Reap dead connection: [DummyConnection Server connection - model.nation.sioux]
May 16, 2018 12:13:28 AM net.sf.freecol.server.networking.Server sendToAll
INFO: Reap dead connection: [DummyConnection Server connection - model.nation.apache]
May 16, 2018 12:13:28 AM net.sf.freecol.server.networking.Server sendToAll
INFO: Reap dead connection: [DummyConnection Server connection - model.nation.spanish]
May 16, 2018 12:13:28 AM net.sf.freecol.server.networking.Server sendToAll
INFO: Reap dead connection: [DummyConnection Server connection - model.nation.dutch]
May 16, 2018 12:13:28 AM net.sf.freecol.server.networking.Server sendToAll
INFO: Reap dead connection: [DummyConnection Server connection - model.nation.english]
May 16, 2018 12:13:28 AM net.sf.freecol.server.networking.Server sendToAll
INFO: Reap dead connection: [DummyConnection Server connection - model.nation.iroquois]
May 16, 2018 12:13:28 AM net.sf.freecol.server.networking.Server sendToAll
INFO: Reap dead connection: [DummyConnection Server connection - model.nation.french]
May 16, 2018 12:13:28 AM net.sf.freecol.server.networking.Server sendToAll
INFO: Reap dead connection: [DummyConnection Server connection - model.nation.arawak]
May 16, 2018 12:13:28 AM net.sf.freecol.server.networking.Server sendToAll
INFO: Reap dead connection: [DummyConnection Server connection - model.nation.inca]
May 16, 2018 12:13:28 AM net.sf.freecol.server.networking.Server sendToAll
INFO: Reap dead connection: [DummyConnection Server connection - model.nation.cherokee]
May 16, 2018 12:13:28 AM net.sf.freecol.server.networking.Server sendToAll
INFO: Reap dead connection: [DummyConnection Server connection - model.nation.aztec]
May 16, 2018 12:13:28 AM net.sf.freecol.server.model.ServerPlayer checkForDeath
INFO: William I alive, unit unit:247 on map.
May 16, 2018 12:13:28 AM net.sf.freecol.common.model.Specification applyDifficultyLevel
INFO: Applying difficulty level model.difficulty.medium
May 16, 2018 12:13:28 AM net.sf.freecol.common.FreeColSeed getFreeColSeed
INFO: Using seed: -2617489977416604792
May 16, 2018 12:13:28 AM net.sf.freecol.server.networking.Server sendToAll
INFO: Reap dead connection: [DummyConnection Server connection - model.nation.dutch]
May 16, 2018 12:13:28 AM net.sf.freecol.server.networking.Server sendToAll
INFO: Reap dead connection: [DummyConnection Server connection - model.nation.apache]
May 16, 2018 12:13:28 AM net.sf.freecol.server.networking.Server sendToAll
INFO: Reap dead connection: [DummyConnection Server connection - model.nation.english]
May 16, 2018 12:13:28 AM net.sf.freecol.server.networking.Server sendToAll
INFO: Reap dead connection: [DummyConnection Server connection - model.nation.cherokee]
May 16, 2018 12:13:28 AM net.sf.freecol.server.networking.Server sendToAll
INFO: Reap dead connection: [DummyConnection Server connection - model.nation.arawak]
May 16, 2018 12:13:28 AM net.sf.freecol.server.networking.Server sendToAll
INFO: Reap dead connection: [DummyConnection Server connection - model.nation.sioux]
May 16, 2018 12:13:28 AM net.sf.freecol.server.networking.Server sendToAll
INFO: Reap dead connection: [DummyConnection Server connection - model.nation.french]
May 16, 2018 12:13:28 AM net.sf.freecol.server.networking.Server sendToAll
INFO: Reap dead connection: [DummyConnection Server connection - model.nation.inca]
May 16, 2018 12:13:28 AM net.sf.freecol.server.networking.Server sendToAll
INFO: Reap dead connection: [DummyConnection Server connection - model.nation.tupi]
May 16, 2018 12:13:28 AM net.sf.freecol.server.networking.Server sendToAll
INFO: Reap dead connection: [DummyConnection Server connection - model.nation.spanish]
May 16, 2018 12:13:28 AM net.sf.freecol.server.networking.Server sendToAll
INFO: Reap dead connection: [DummyConnection Server connection - model.nation.aztec]
May 16, 2018 12:13:28 AM net.sf.freecol.server.networking.Server sendToAll
INFO: Reap dead connection: [DummyConnection Server connection - model.nation.iroquois]
May 16, 2018 12:13:28 AM net.sf.freecol.common.model.Specification applyDifficultyLevel
INFO: Applying difficulty level model.difficulty.medium
May 16, 2018 12:13:28 AM net.sf.freecol.common.FreeColSeed getFreeColSeed
INFO: Using seed: 2480012530769652690
May 16, 2018 12:13:28 AM net.sf.freecol.server.networking.Server sendToAll
INFO: Reap dead connection: [DummyConnection Server connection - model.nation.inca]
May 16, 2018 12:13:28 AM net.sf.freecol.server.networking.Server sendToAll
INFO: Reap dead connection: [DummyConnection Server connection - model.nation.dutch]
May 16, 2018 12:13:28 AM net.sf.freecol.server.networking.Server sendToAll
INFO: Reap dead connection: [DummyConnection Server connection - model.nation.aztec]
May 16, 2018 12:13:28 AM net.sf.freecol.server.networking.Server sendToAll
INFO: Reap dead connection: [DummyConnection Server connection - model.nation.tupi]
May 16, 2018 12:13:28 AM net.sf.freecol.server.networking.Server sendToAll
INFO: Reap dead connection: [DummyConnection Server connection - model.nation.spanish]
May 16, 2018 12:13:28 AM net.sf.freecol.server.networking.Server sendToAll
INFO: Reap dead connection: [DummyConnection Server connection - model.nation.apache]
May 16, 2018 12:13:28 AM net.sf.freecol.server.networking.Server sendToAll
INFO: Reap dead connection: [DummyConnection Server connection - model.nation.french]
May 16, 2018 12:13:28 AM net.sf.freecol.server.networking.Server sendToAll
INFO: Reap dead connection: [DummyConnection Server connection - model.nation.cherokee]
May 16, 2018 12:13:28 AM net.sf.freecol.server.networking.Server sendToAll
INFO: Reap dead connection: [DummyConnection Server connection - model.nation.sioux]
May 16, 2018 12:13:28 AM net.sf.freecol.server.networking.Server sendToAll
INFO: Reap dead connection: [DummyConnection Server connection - model.nation.english]
May 16, 2018 12:13:28 AM net.sf.freecol.server.networking.Server sendToAll
INFO: Reap dead connection: [DummyConnection Server connection - model.nation.iroquois]
May 16, 2018 12:13:28 AM net.sf.freecol.server.networking.Server sendToAll
INFO: Reap dead connection: [DummyConnection Server connection - model.nation.arawak]
May 16, 2018 12:13:28 AM net.sf.freecol.common.model.Specification applyDifficultyLevel
INFO: Applying difficulty level model.difficulty.medium
May 16, 2018 12:13:28 AM net.sf.freecol.common.FreeColSeed getFreeColSeed
INFO: Using seed: 1605804368198361447
May 16, 2018 12:13:28 AM net.sf.freecol.server.networking.Server sendToAll
INFO: Reap dead connection: [DummyConnection Server connection - model.nation.english]
May 16, 2018 12:13:28 AM net.sf.freecol.server.networking.Server sendToAll
INFO: Reap dead connection: [DummyConnection Server connection - model.nation.french]
May 16, 2018 12:13:28 AM net.sf.freecol.server.networking.Server sendToAll
INFO: Reap dead connection: [DummyConnection Server connection - model.nation.iroquois]
May 16, 2018 12:13:28 AM net.sf.freecol.server.networking.Server sendToAll
INFO: Reap dead connection: [DummyConnection Server connection - model.nation.arawak]
May 16, 2018 12:13:28 AM net.sf.freecol.server.networking.Server sendToAll
INFO: Reap dead connection: [DummyConnection Server connection - model.nation.cherokee]
May 16, 2018 12:13:28 AM net.sf.freecol.server.networking.Server sendToAll
INFO: Reap dead connection: [DummyConnection Server connection - model.nation.apache]
May 16, 2018 12:13:28 AM net.sf.freecol.server.networking.Server sendToAll
INFO: Reap dead connection: [DummyConnection Server connection - model.nation.sioux]
May 16, 2018 12:13:28 AM net.sf.freecol.server.networking.Server sendToAll
INFO: Reap dead connection: [DummyConnection Server connection - model.nation.inca]
May 16, 2018 12:13:28 AM net.sf.freecol.server.networking.Server sendToAll
INFO: Reap dead connection: [DummyConnection Server connection - model.nation.aztec]
May 16, 2018 12:13:28 AM net.sf.freecol.server.networking.Server sendToAll
INFO: Reap dead connection: [DummyConnection Server connection - model.nation.tupi]
May 16, 2018 12:13:28 AM net.sf.freecol.server.networking.Server sendToAll
INFO: Reap dead connection: [DummyConnection Server connection - model.nation.spanish]
May 16, 2018 12:13:28 AM net.sf.freecol.server.networking.Server sendToAll
INFO: Reap dead connection: [DummyConnection Server connection - model.nation.dutch]
May 16, 2018 12:13:28 AM net.sf.freecol.server.model.ServerPlayer checkForDeath
INFO: William I alive, has embarked unit.
May 16, 2018 12:13:28 AM net.sf.freecol.server.model.ServerPlayer checkForDeath
INFO: William I dead, no presence >= 1600
May 16, 2018 12:13:28 AM net.sf.freecol.common.model.Specification applyDifficultyLevel
INFO: Applying difficulty level model.difficulty.medium
May 16, 2018 12:13:28 AM net.sf.freecol.common.model.Specification applyDifficultyLevel
INFO: Applying difficulty level model.difficulty.medium
May 16, 2018 12:13:28 AM net.sf.freecol.common.model.Specification applyDifficultyLevel
INFO: Applying difficulty level model.difficulty.medium
May 16, 2018 12:13:28 AM net.sf.freecol.common.FreeColSeed getFreeColSeed
INFO: Using seed: -655088354251636008
May 16, 2018 12:13:28 AM net.sf.freecol.server.networking.Server sendToAll
INFO: Reap dead connection: [DummyConnection Server connection - model.nation.english]
May 16, 2018 12:13:28 AM net.sf.freecol.server.networking.Server sendToAll
INFO: Reap dead connection: [DummyConnection Server connection - model.nation.iroquois]
May 16, 2018 12:13:28 AM net.sf.freecol.server.networking.Server sendToAll
INFO: Reap dead connection: [DummyConnection Server connection - model.nation.apache]
May 16, 2018 12:13:28 AM net.sf.freecol.server.networking.Server sendToAll
INFO: Reap dead connection: [DummyConnection Server connection - model.nation.spanish]
May 16, 2018 12:13:28 AM net.sf.freecol.server.networking.Server sendToAll
INFO: Reap dead connection: [DummyConnection Server connection - model.nation.sioux]
May 16, 2018 12:13:28 AM net.sf.freecol.server.networking.Server sendToAll
INFO: Reap dead connection: [DummyConnection Server connection - model.nation.aztec]
May 16, 2018 12:13:28 AM net.sf.freecol.server.networking.Server sendToAll
INFO: Reap dead connection: [DummyConnection Server connection - model.nation.french]
May 16, 2018 12:13:28 AM net.sf.freecol.server.networking.Server sendToAll
INFO: Reap dead connection: [DummyConnection Server connection - model.nation.inca]
May 16, 2018 12:13:28 AM net.sf.freecol.server.networking.Server sendToAll
INFO: Reap dead connection: [DummyConnection Server connection - model.nation.cherokee]
May 16, 2018 12:13:28 AM net.sf.freecol.server.networking.Server sendToAll
INFO: Reap dead connection: [DummyConnection Server connection - model.nation.dutch]
May 16, 2018 12:13:28 AM net.sf.freecol.server.networking.Server sendToAll
INFO: Reap dead connection: [DummyConnection Server connection - model.nation.tupi]
May 16, 2018 12:13:28 AM net.sf.freecol.server.networking.Server sendToAll
INFO: Reap dead connection: [DummyConnection Server connection - model.nation.arawak]
May 16, 2018 12:13:28 AM net.sf.freecol.common.model.Specification applyDifficultyLevel
INFO: Applying difficulty level model.difficulty.medium
May 16, 2018 12:13:28 AM net.sf.freecol.common.FreeColSeed getFreeColSeed
INFO: Using seed: -2465631002237135667
May 16, 2018 12:13:29 AM net.sf.freecol.server.networking.Server sendToAll
INFO: Reap dead connection: [DummyConnection Server connection - model.nation.tupi]
May 16, 2018 12:13:29 AM net.sf.freecol.server.networking.Server sendToAll
INFO: Reap dead connection: [DummyConnection Server connection - model.nation.sioux]
May 16, 2018 12:13:29 AM net.sf.freecol.server.networking.Server sendToAll
INFO: Reap dead connection: [DummyConnection Server connection - model.nation.french]
May 16, 2018 12:13:29 AM net.sf.freecol.server.networking.Server sendToAll
INFO: Reap dead connection: [DummyConnection Server connection - model.nation.aztec]
May 16, 2018 12:13:29 AM net.sf.freecol.server.networking.Server sendToAll
INFO: Reap dead connection: [DummyConnection Server connection - model.nation.arawak]
May 16, 2018 12:13:29 AM net.sf.freecol.server.networking.Server sendToAll
INFO: Reap dead connection: [DummyConnection Server connection - model.nation.inca]
May 16, 2018 12:13:29 AM net.sf.freecol.server.networking.Server sendToAll
INFO: Reap dead connection: [DummyConnection Server connection - model.nation.iroquois]
May 16, 2018 12:13:29 AM net.sf.freecol.server.networking.Server sendToAll
INFO: Reap dead connection: [DummyConnection Server connection - model.nation.spanish]
May 16, 2018 12:13:29 AM net.sf.freecol.server.networking.Server sendToAll
INFO: Reap dead connection: [DummyConnection Server connection - model.nation.cherokee]
May 16, 2018 12:13:29 AM net.sf.freecol.server.networking.Server sendToAll
INFO: Reap dead connection: [DummyConnection Server connection - model.nation.dutch]
May 16, 2018 12:13:29 AM net.sf.freecol.server.networking.Server sendToAll
INFO: Reap dead connection: [DummyConnection Server connection - model.nation.english]
May 16, 2018 12:13:29 AM net.sf.freecol.server.networking.Server sendToAll
INFO: Reap dead connection: [DummyConnection Server connection - model.nation.apache]
May 16, 2018 12:13:29 AM net.sf.freecol.common.model.Specification applyDifficultyLevel
INFO: Applying difficulty level model.difficulty.medium
May 16, 2018 12:13:29 AM net.sf.freecol.common.FreeColSeed getFreeColSeed
INFO: Using seed: 4797140818918759837
May 16, 2018 12:13:29 AM net.sf.freecol.server.networking.Server sendToAll
INFO: Reap dead connection: [DummyConnection Server connection - model.nation.dutch]
May 16, 2018 12:13:29 AM net.sf.freecol.server.networking.Server sendToAll
INFO: Reap dead connection: [DummyConnection Server connection - model.nation.apache]
May 16, 2018 12:13:29 AM net.sf.freecol.server.networking.Server sendToAll
INFO: Reap dead connection: [DummyConnection Server connection - model.nation.sioux]
May 16, 2018 12:13:29 AM net.sf.freecol.server.networking.Server sendToAll
INFO: Reap dead connection: [DummyConnection Server connection - model.nation.cherokee]
May 16, 2018 12:13:29 AM net.sf.freecol.server.networking.Server sendToAll
INFO: Reap dead connection: [DummyConnection Server connection - model.nation.arawak]
May 16, 2018 12:13:29 AM net.sf.freecol.server.networking.Server sendToAll
INFO: Reap dead connection: [DummyConnection Server connection - model.nation.iroquois]
May 16, 2018 12:13:29 AM net.sf.freecol.server.networking.Server sendToAll
INFO: Reap dead connection: [DummyConnection Server connection - model.nation.french]
May 16, 2018 12:13:29 AM net.sf.freecol.server.networking.Server sendToAll
INFO: Reap dead connection: [DummyConnection Server connection - model.nation.inca]
May 16, 2018 12:13:29 AM net.sf.freecol.server.networking.Server sendToAll
INFO: Reap dead connection: [DummyConnection Server connection - model.nation.aztec]
May 16, 2018 12:13:29 AM net.sf.freecol.server.networking.Server sendToAll
INFO: Reap dead connection: [DummyConnection Server connection - model.nation.english]
May 16, 2018 12:13:29 AM net.sf.freecol.server.networking.Server sendToAll
INFO: Reap dead connection: [DummyConnection Server connection - model.nation.spanish]
May 16, 2018 12:13:29 AM net.sf.freecol.server.networking.Server sendToAll
INFO: Reap dead connection: [DummyConnection Server connection - model.nation.tupi]
May 16, 2018 12:13:29 AM net.sf.freecol.server.model.ServerPlayer checkForDeath
INFO: William I dead, can not buy carrier.
May 16, 2018 12:13:29 AM net.sf.freecol.common.model.Specification applyDifficultyLevel
INFO: Applying difficulty level model.difficulty.medium
May 16, 2018 12:13:29 AM net.sf.freecol.common.FreeColSeed getFreeColSeed
INFO: Using seed: 3703248798843698644
May 16, 2018 12:13:29 AM net.sf.freecol.server.networking.Server sendToAll
INFO: Reap dead connection: [DummyConnection Server connection - model.nation.dutch]
May 16, 2018 12:13:29 AM net.sf.freecol.server.networking.Server sendToAll
INFO: Reap dead connection: [DummyConnection Server connection - model.nation.french]
May 16, 2018 12:13:29 AM net.sf.freecol.server.networking.Server sendToAll
INFO: Reap dead connection: [DummyConnection Server connection - model.nation.iroquois]
May 16, 2018 12:13:29 AM net.sf.freecol.server.networking.Server sendToAll
INFO: Reap dead connection: [DummyConnection Server connection - model.nation.apache]
May 16, 2018 12:13:29 AM net.sf.freecol.server.networking.Server sendToAll
INFO: Reap dead connection: [DummyConnection Server connection - model.nation.inca]
May 16, 2018 12:13:29 AM net.sf.freecol.server.networking.Server sendToAll
INFO: Reap dead connection: [DummyConnection Server connection - model.nation.sioux]
May 16, 2018 12:13:29 AM net.sf.freecol.server.networking.Server sendToAll
INFO: Reap dead connection: [DummyConnection Server connection - model.nation.arawak]
May 16, 2018 12:13:29 AM net.sf.freecol.server.networking.Server sendToAll
INFO: Reap dead connection: [DummyConnection Server connection - model.nation.tupi]
May 16, 2018 12:13:29 AM net.sf.freecol.server.networking.Server sendToAll
INFO: Reap dead connection: [DummyConnection Server connection - model.nation.cherokee]
May 16, 2018 12:13:29 AM net.sf.freecol.server.networking.Server sendToAll
INFO: Reap dead connection: [DummyConnection Server connection - model.nation.aztec]
May 16, 2018 12:13:29 AM net.sf.freecol.server.networking.Server sendToAll
INFO: Reap dead connection: [DummyConnection Server connection - model.nation.english]
May 16, 2018 12:13:29 AM net.sf.freecol.server.networking.Server sendToAll
INFO: Reap dead connection: [DummyConnection Server connection - model.nation.spanish]
May 16, 2018 12:13:29 AM net.sf.freecol.server.model.ServerPlayer checkForDeath
INFO: William I alive, has embarked unit.
May 16, 2018 12:13:29 AM net.sf.freecol.server.model.ServerPlayer checkForDeath
INFO: William I dead, no presence >= 1600
May 16, 2018 12:13:29 AM net.sf.freecol.common.model.Specification applyDifficultyLevel
INFO: Applying difficulty level model.difficulty.medium
May 16, 2018 12:13:29 AM net.sf.freecol.common.FreeColSeed getFreeColSeed
INFO: Using seed: -4557483002903446447
May 16, 2018 12:13:29 AM net.sf.freecol.server.networking.Server sendToAll
INFO: Reap dead connection: [DummyConnection Server connection - model.nation.inca]
May 16, 2018 12:13:29 AM net.sf.freecol.server.networking.Server sendToAll
INFO: Reap dead connection: [DummyConnection Server connection - model.nation.cherokee]
May 16, 2018 12:13:29 AM net.sf.freecol.server.networking.Server sendToAll
INFO: Reap dead connection: [DummyConnection Server connection - model.nation.arawak]
May 16, 2018 12:13:29 AM net.sf.freecol.server.networking.Server sendToAll
INFO: Reap dead connection: [DummyConnection Server connection - model.nation.tupi]
May 16, 2018 12:13:29 AM net.sf.freecol.server.networking.Server sendToAll
INFO: Reap dead connection: [DummyConnection Server connection - model.nation.apache]
May 16, 2018 12:13:29 AM net.sf.freecol.server.networking.Server sendToAll
INFO: Reap dead connection: [DummyConnection Server connection - model.nation.sioux]
May 16, 2018 12:13:29 AM net.sf.freecol.server.networking.Server sendToAll
INFO: Reap dead connection: [DummyConnection Server connection - model.nation.french]
May 16, 2018 12:13:29 AM net.sf.freecol.server.networking.Server sendToAll
INFO: Reap dead connection: [DummyConnection Server connection - model.nation.spanish]
May 16, 2018 12:13:29 AM net.sf.freecol.server.networking.Server sendToAll
INFO: Reap dead connection: [DummyConnection Server connection - model.nation.english]
May 16, 2018 12:13:29 AM net.sf.freecol.server.networking.Server sendToAll
INFO: Reap dead connection: [DummyConnection Server connection - model.nation.iroquois]
May 16, 2018 12:13:29 AM net.sf.freecol.server.networking.Server sendToAll
INFO: Reap dead connection: [DummyConnection Server connection - model.nation.aztec]
May 16, 2018 12:13:29 AM net.sf.freecol.server.networking.Server sendToAll
INFO: Reap dead connection: [DummyConnection Server connection - model.nation.dutch]
May 16, 2018 12:13:29 AM net.sf.freecol.common.model.MarketData price
INFO: Clamped price fall for marketData:67 from 10 to 16
May 16, 2018 12:13:29 AM net.sf.freecol.common.model.Specification applyDifficultyLevel
INFO: Applying difficulty level model.difficulty.medium
May 16, 2018 12:13:29 AM net.sf.freecol.common.FreeColSeed getFreeColSeed
INFO: Using seed: -4845157087145853549
May 16, 2018 12:13:30 AM net.sf.freecol.server.networking.Server sendToAll
INFO: Reap dead connection: [DummyConnection Server connection - model.nation.cherokee]
May 16, 2018 12:13:30 AM net.sf.freecol.server.networking.Server sendToAll
INFO: Reap dead connection: [DummyConnection Server connection - model.nation.dutch]
May 16, 2018 12:13:30 AM net.sf.freecol.server.networking.Server sendToAll
INFO: Reap dead connection: [DummyConnection Server connection - model.nation.french]
May 16, 2018 12:13:30 AM net.sf.freecol.server.networking.Server sendToAll
INFO: Reap dead connection: [DummyConnection Server connection - model.nation.apache]
May 16, 2018 12:13:30 AM net.sf.freecol.server.networking.Server sendToAll
INFO: Reap dead connection: [DummyConnection Server connection - model.nation.iroquois]
May 16, 2018 12:13:30 AM net.sf.freecol.server.networking.Server sendToAll
INFO: Reap dead connection: [DummyConnection Server connection - model.nation.arawak]
May 16, 2018 12:13:30 AM net.sf.freecol.server.networking.Server sendToAll
INFO: Reap dead connection: [DummyConnection Server connection - model.nation.inca]
May 16, 2018 12:13:30 AM net.sf.freecol.server.networking.Server sendToAll
INFO: Reap dead connection: [DummyConnection Server connection - model.nation.spanish]
May 16, 2018 12:13:30 AM net.sf.freecol.server.networking.Server sendToAll
INFO: Reap dead connection: [DummyConnection Server connection - model.nation.sioux]
May 16, 2018 12:13:30 AM net.sf.freecol.server.networking.Server sendToAll
INFO: Reap dead connection: [DummyConnection Server connection - model.nation.english]
May 16, 2018 12:13:30 AM net.sf.freecol.server.networking.Server sendToAll
INFO: Reap dead connection: [DummyConnection Server connection - model.nation.aztec]
May 16, 2018 12:13:30 AM net.sf.freecol.server.networking.Server sendToAll
INFO: Reap dead connection: [DummyConnection Server connection - model.nation.tupi]
May 16, 2018 12:13:30 AM net.sf.freecol.common.model.MarketData price
INFO: Clamped price fall for marketData:88 from 13 to 16
May 16, 2018 12:13:30 AM net.sf.freecol.common.model.Specification applyDifficultyLevel
INFO: Applying difficulty level model.difficulty.medium
May 16, 2018 12:13:30 AM net.sf.freecol.common.FreeColSeed getFreeColSeed
INFO: Using seed: -5302673641935685075
May 16, 2018 12:13:30 AM net.sf.freecol.server.networking.Server sendToAll
INFO: Reap dead connection: [DummyConnection Server connection - model.nation.arawak]
May 16, 2018 12:13:30 AM net.sf.freecol.server.networking.Server sendToAll
INFO: Reap dead connection: [DummyConnection Server connection - model.nation.spanish]
May 16, 2018 12:13:30 AM net.sf.freecol.server.networking.Server sendToAll
INFO: Reap dead connection: [DummyConnection Server connection - model.nation.french]
May 16, 2018 12:13:30 AM net.sf.freecol.server.networking.Server sendToAll
INFO: Reap dead connection: [DummyConnection Server connection - model.nation.tupi]
May 16, 2018 12:13:30 AM net.sf.freecol.server.networking.Server sendToAll
INFO: Reap dead connection: [DummyConnection Server connection - model.nation.apache]
May 16, 2018 12:13:30 AM net.sf.freecol.server.networking.Server sendToAll
INFO: Reap dead connection: [DummyConnection Server connection - model.nation.inca]
May 16, 2018 12:13:30 AM net.sf.freecol.server.networking.Server sendToAll
INFO: Reap dead connection: [DummyConnection Server connection - model.nation.cherokee]
May 16, 2018 12:13:30 AM net.sf.freecol.server.networking.Server sendToAll
INFO: Reap dead connection: [DummyConnection Server connection - model.nation.english]
May 16, 2018 12:13:30 AM net.sf.freecol.server.networking.Server sendToAll
INFO: Reap dead connection: [DummyConnection Server connection - model.nation.sioux]
May 16, 2018 12:13:30 AM net.sf.freecol.server.networking.Server sendToAll
INFO: Reap dead connection: [DummyConnection Server connection - model.nation.iroquois]
May 16, 2018 12:13:30 AM net.sf.freecol.server.networking.Server sendToAll
INFO: Reap dead connection: [DummyConnection Server connection - model.nation.dutch]
May 16, 2018 12:13:30 AM net.sf.freecol.server.networking.Server sendToAll
INFO: Reap dead connection: [DummyConnection Server connection - model.nation.aztec]
May 16, 2018 12:13:30 AM net.sf.freecol.common.networking.DOMMessage clientError
WARNING: Carrier not at location: New Amsterdam
May 16, 2018 12:13:30 AM net.sf.freecol.common.networking.DOMMessage clientError
WARNING: Too much goods
May 16, 2018 12:13:30 AM net.sf.freecol.common.networking.DOMMessage clientError
WARNING: Too much goods
May 16, 2018 12:13:30 AM net.sf.freecol.common.model.Specification applyDifficultyLevel
INFO: Applying difficulty level model.difficulty.medium
May 16, 2018 12:13:30 AM net.sf.freecol.common.FreeColSeed getFreeColSeed
INFO: Using seed: 4335367761732213365
May 16, 2018 12:13:30 AM net.sf.freecol.server.networking.Server sendToAll
INFO: Reap dead connection: [DummyConnection Server connection - model.nation.iroquois]
May 16, 2018 12:13:30 AM net.sf.freecol.server.networking.Server sendToAll
INFO: Reap dead connection: [DummyConnection Server connection - model.nation.arawak]
May 16, 2018 12:13:30 AM net.sf.freecol.server.networking.Server sendToAll
INFO: Reap dead connection: [DummyConnection Server connection - model.nation.aztec]
May 16, 2018 12:13:30 AM net.sf.freecol.server.networking.Server sendToAll
INFO: Reap dead connection: [DummyConnection Server connection - model.nation.spanish]
May 16, 2018 12:13:30 AM net.sf.freecol.server.networking.Server sendToAll
INFO: Reap dead connection: [DummyConnection Server connection - model.nation.dutch]
May 16, 2018 12:13:30 AM net.sf.freecol.server.networking.Server sendToAll
INFO: Reap dead connection: [DummyConnection Server connection - model.nation.english]
May 16, 2018 12:13:30 AM net.sf.freecol.server.networking.Server sendToAll
INFO: Reap dead connection: [DummyConnection Server connection - model.nation.apache]
May 16, 2018 12:13:30 AM net.sf.freecol.server.networking.Server sendToAll
INFO: Reap dead connection: [DummyConnection Server connection - model.nation.inca]
May 16, 2018 12:13:30 AM net.sf.freecol.server.networking.Server sendToAll
INFO: Reap dead connection: [DummyConnection Server connection - model.nation.cherokee]
May 16, 2018 12:13:30 AM net.sf.freecol.server.networking.Server sendToAll
INFO: Reap dead connection: [DummyConnection Server connection - model.nation.tupi]
May 16, 2018 12:13:30 AM net.sf.freecol.server.networking.Server sendToAll
INFO: Reap dead connection: [DummyConnection Server connection - model.nation.french]
May 16, 2018 12:13:30 AM net.sf.freecol.server.networking.Server sendToAll
INFO: Reap dead connection: [DummyConnection Server connection - model.nation.sioux]
May 16, 2018 12:13:30 AM net.sf.freecol.common.model.Unit setLocation
WARNING: Can not add [unit:249 dutch privateer 8/8] to tile:491
May 16, 2018 12:13:30 AM net.sf.freecol.common.networking.DOMMessage clientError
WARNING: Player William I tried to buy 10 cotton
May 16, 2018 12:13:30 AM net.sf.freecol.common.networking.DOMMessage clientError
WARNING: Carrier not in Europe: Europe
May 16, 2018 12:13:30 AM net.sf.freecol.common.networking.DOMMessage clientError
WARNING: Can not trade boycotted goods
May 16, 2018 12:13:30 AM net.sf.freecol.common.model.Specification applyDifficultyLevel
INFO: Applying difficulty level model.difficulty.medium
May 16, 2018 12:13:30 AM net.sf.freecol.common.FreeColSeed getFreeColSeed
INFO: Using seed: -3566288707778505908
May 16, 2018 12:13:30 AM net.sf.freecol.server.networking.Server sendToAll
INFO: Reap dead connection: [DummyConnection Server connection - model.nation.english]
May 16, 2018 12:13:30 AM net.sf.freecol.server.networking.Server sendToAll
INFO: Reap dead connection: [DummyConnection Server connection - model.nation.arawak]
May 16, 2018 12:13:30 AM net.sf.freecol.server.networking.Server sendToAll
INFO: Reap dead connection: [DummyConnection Server connection - model.nation.apache]
May 16, 2018 12:13:30 AM net.sf.freecol.server.networking.Server sendToAll
INFO: Reap dead connection: [DummyConnection Server connection - model.nation.iroquois]
May 16, 2018 12:13:30 AM net.sf.freecol.server.networking.Server sendToAll
INFO: Reap dead connection: [DummyConnection Server connection - model.nation.sioux]
May 16, 2018 12:13:30 AM net.sf.freecol.server.networking.Server sendToAll
INFO: Reap dead connection: [DummyConnection Server connection - model.nation.aztec]
May 16, 2018 12:13:30 AM net.sf.freecol.server.networking.Server sendToAll
INFO: Reap dead connection: [DummyConnection Server connection - model.nation.tupi]
May 16, 2018 12:13:30 AM net.sf.freecol.server.networking.Server sendToAll
INFO: Reap dead connection: [DummyConnection Server connection - model.nation.french]
May 16, 2018 12:13:30 AM net.sf.freecol.server.networking.Server sendToAll
INFO: Reap dead connection: [DummyConnection Server connection - model.nation.inca]
May 16, 2018 12:13:30 AM net.sf.freecol.server.networking.Server sendToAll
INFO: Reap dead connection: [DummyConnection Server connection - model.nation.cherokee]
May 16, 2018 12:13:30 AM net.sf.freecol.server.networking.Server sendToAll
INFO: Reap dead connection: [DummyConnection Server connection - model.nation.dutch]
May 16, 2018 12:13:30 AM net.sf.freecol.server.networking.Server sendToAll
INFO: Reap dead connection: [DummyConnection Server connection - model.nation.spanish]
May 16, 2018 12:13:30 AM net.sf.freecol.common.model.Specification applyDifficultyLevel
INFO: Applying difficulty level model.difficulty.medium
May 16, 2018 12:13:30 AM net.sf.freecol.common.FreeColSeed getFreeColSeed
INFO: Using seed: 38486137458432981
May 16, 2018 12:13:30 AM net.sf.freecol.server.networking.Server sendToAll
INFO: Reap dead connection: [DummyConnection Server connection - model.nation.aztec]
May 16, 2018 12:13:30 AM net.sf.freecol.server.networking.Server sendToAll
INFO: Reap dead connection: [DummyConnection Server connection - model.nation.english]
May 16, 2018 12:13:30 AM net.sf.freecol.server.networking.Server sendToAll
INFO: Reap dead connection: [DummyConnection Server connection - model.nation.apache]
May 16, 2018 12:13:30 AM net.sf.freecol.server.networking.Server sendToAll
INFO: Reap dead connection: [DummyConnection Server connection - model.nation.iroquois]
May 16, 2018 12:13:30 AM net.sf.freecol.server.networking.Server sendToAll
INFO: Reap dead connection: [DummyConnection Server connection - model.nation.spanish]
May 16, 2018 12:13:30 AM net.sf.freecol.server.networking.Server sendToAll
INFO: Reap dead connection: [DummyConnection Server connection - model.nation.arawak]
May 16, 2018 12:13:30 AM net.sf.freecol.server.networking.Server sendToAll
INFO: Reap dead connection: [DummyConnection Server connection - model.nation.french]
May 16, 2018 12:13:30 AM net.sf.freecol.server.networking.Server sendToAll
INFO: Reap dead connection: [DummyConnection Server connection - model.nation.inca]
May 16, 2018 12:13:30 AM net.sf.freecol.server.networking.Server sendToAll
INFO: Reap dead connection: [DummyConnection Server connection - model.nation.cherokee]
May 16, 2018 12:13:30 AM net.sf.freecol.server.networking.Server sendToAll
INFO: Reap dead connection: [DummyConnection Server connection - model.nation.dutch]
May 16, 2018 12:13:30 AM net.sf.freecol.server.networking.Server sendToAll
INFO: Reap dead connection: [DummyConnection Server connection - model.nation.tupi]
May 16, 2018 12:13:30 AM net.sf.freecol.server.networking.Server sendToAll
INFO: Reap dead connection: [DummyConnection Server connection - model.nation.sioux]
May 16, 2018 12:13:30 AM net.sf.freecol.common.model.Specification applyDifficultyLevel
INFO: Applying difficulty level model.difficulty.medium
May 16, 2018 12:13:30 AM net.sf.freecol.common.FreeColSeed getFreeColSeed
INFO: Using seed: -6636332946261199399
May 16, 2018 12:13:31 AM net.sf.freecol.server.networking.Server sendToAll
INFO: Reap dead connection: [DummyConnection Server connection - model.nation.french]
May 16, 2018 12:13:31 AM net.sf.freecol.server.networking.Server sendToAll
INFO: Reap dead connection: [DummyConnection Server connection - model.nation.apache]
May 16, 2018 12:13:31 AM net.sf.freecol.server.networking.Server sendToAll
INFO: Reap dead connection: [DummyConnection Server connection - model.nation.aztec]
May 16, 2018 12:13:31 AM net.sf.freecol.server.networking.Server sendToAll
INFO: Reap dead connection: [DummyConnection Server connection - model.nation.dutch]
May 16, 2018 12:13:31 AM net.sf.freecol.server.networking.Server sendToAll
INFO: Reap dead connection: [DummyConnection Server connection - model.nation.english]
May 16, 2018 12:13:31 AM net.sf.freecol.server.networking.Server sendToAll
INFO: Reap dead connection: [DummyConnection Server connection - model.nation.cherokee]
May 16, 2018 12:13:31 AM net.sf.freecol.server.networking.Server sendToAll
INFO: Reap dead connection: [DummyConnection Server connection - model.nation.iroquois]
May 16, 2018 12:13:31 AM net.sf.freecol.server.networking.Server sendToAll
INFO: Reap dead connection: [DummyConnection Server connection - model.nation.sioux]
May 16, 2018 12:13:31 AM net.sf.freecol.server.networking.Server sendToAll
INFO: Reap dead connection: [DummyConnection Server connection - model.nation.tupi]
May 16, 2018 12:13:31 AM net.sf.freecol.server.networking.Server sendToAll
INFO: Reap dead connection: [DummyConnection Server connection - model.nation.inca]
May 16, 2018 12:13:31 AM net.sf.freecol.server.networking.Server sendToAll
INFO: Reap dead connection: [DummyConnection Server connection - model.nation.arawak]
May 16, 2018 12:13:31 AM net.sf.freecol.server.networking.Server sendToAll
INFO: Reap dead connection: [DummyConnection Server connection - model.nation.spanish]
May 16, 2018 12:13:31 AM net.sf.freecol.common.util.LogBuilder log
INFO: Destroying: tileImprovement:248
May 16, 2018 12:13:31 AM net.sf.freecol.common.model.Specification applyDifficultyLevel
INFO: Applying difficulty level model.difficulty.medium
May 16, 2018 12:13:31 AM net.sf.freecol.common.FreeColSeed getFreeColSeed
INFO: Using seed: 7308235643409287202
May 16, 2018 12:13:31 AM net.sf.freecol.server.networking.Server sendToAll
INFO: Reap dead connection: [DummyConnection Server connection - model.nation.arawak]
May 16, 2018 12:13:31 AM net.sf.freecol.server.networking.Server sendToAll
INFO: Reap dead connection: [DummyConnection Server connection - model.nation.spanish]
May 16, 2018 12:13:31 AM net.sf.freecol.server.networking.Server sendToAll
INFO: Reap dead connection: [DummyConnection Server connection - model.nation.dutch]
May 16, 2018 12:13:31 AM net.sf.freecol.server.networking.Server sendToAll
INFO: Reap dead connection: [DummyConnection Server connection - model.nation.sioux]
May 16, 2018 12:13:31 AM net.sf.freecol.server.networking.Server sendToAll
INFO: Reap dead connection: [DummyConnection Server connection - model.nation.apache]
May 16, 2018 12:13:31 AM net.sf.freecol.server.networking.Server sendToAll
INFO: Reap dead connection: [DummyConnection Server connection - model.nation.iroquois]
May 16, 2018 12:13:31 AM net.sf.freecol.server.networking.Server sendToAll
INFO: Reap dead connection: [DummyConnection Server connection - model.nation.english]
May 16, 2018 12:13:31 AM net.sf.freecol.server.networking.Server sendToAll
INFO: Reap dead connection: [DummyConnection Server connection - model.nation.french]
May 16, 2018 12:13:31 AM net.sf.freecol.server.networking.Server sendToAll
INFO: Reap dead connection: [DummyConnection Server connection - model.nation.cherokee]
May 16, 2018 12:13:31 AM net.sf.freecol.server.networking.Server sendToAll
INFO: Reap dead connection: [DummyConnection Server connection - model.nation.tupi]
May 16, 2018 12:13:31 AM net.sf.freecol.server.networking.Server sendToAll
INFO: Reap dead connection: [DummyConnection Server connection - model.nation.inca]
May 16, 2018 12:13:31 AM net.sf.freecol.server.networking.Server sendToAll
INFO: Reap dead connection: [DummyConnection Server connection - model.nation.aztec]
May 16, 2018 12:13:31 AM net.sf.freecol.common.util.LogBuilder log
INFO: Destroying: tileImprovement:252
May 16, 2018 12:13:31 AM net.sf.freecol.common.model.Specification applyDifficultyLevel
INFO: Applying difficulty level model.difficulty.medium
May 16, 2018 12:13:31 AM net.sf.freecol.common.FreeColSeed getFreeColSeed
INFO: Using seed: -7540512404153331691
May 16, 2018 12:13:31 AM net.sf.freecol.server.networking.Server sendToAll
INFO: Reap dead connection: [DummyConnection Server connection - model.nation.tupi]
May 16, 2018 12:13:31 AM net.sf.freecol.server.networking.Server sendToAll
INFO: Reap dead connection: [DummyConnection Server connection - model.nation.dutch]
May 16, 2018 12:13:31 AM net.sf.freecol.server.networking.Server sendToAll
INFO: Reap dead connection: [DummyConnection Server connection - model.nation.apache]
May 16, 2018 12:13:31 AM net.sf.freecol.server.networking.Server sendToAll
INFO: Reap dead connection: [DummyConnection Server connection - model.nation.french]
May 16, 2018 12:13:31 AM net.sf.freecol.server.networking.Server sendToAll
INFO: Reap dead connection: [DummyConnection Server connection - model.nation.sioux]
May 16, 2018 12:13:31 AM net.sf.freecol.server.networking.Server sendToAll
INFO: Reap dead connection: [DummyConnection Server connection - model.nation.arawak]
May 16, 2018 12:13:31 AM net.sf.freecol.server.networking.Server sendToAll
INFO: Reap dead connection: [DummyConnection Server connection - model.nation.english]
May 16, 2018 12:13:31 AM net.sf.freecol.server.networking.Server sendToAll
INFO: Reap dead connection: [DummyConnection Server connection - model.nation.inca]
May 16, 2018 12:13:31 AM net.sf.freecol.server.networking.Server sendToAll
INFO: Reap dead connection: [DummyConnection Server connection - model.nation.iroquois]
May 16, 2018 12:13:31 AM net.sf.freecol.server.networking.Server sendToAll
INFO: Reap dead connection: [DummyConnection Server connection - model.nation.aztec]
May 16, 2018 12:13:31 AM net.sf.freecol.server.networking.Server sendToAll
INFO: Reap dead connection: [DummyConnection Server connection - model.nation.spanish]
May 16, 2018 12:13:31 AM net.sf.freecol.server.networking.Server sendToAll
INFO: Reap dead connection: [DummyConnection Server connection - model.nation.cherokee]
May 16, 2018 12:13:31 AM net.sf.freecol.common.model.Specification applyDifficultyLevel
INFO: Applying difficulty level model.difficulty.medium
May 16, 2018 12:13:31 AM net.sf.freecol.common.FreeColSeed getFreeColSeed
INFO: Using seed: 8828438960674813549
May 16, 2018 12:13:31 AM net.sf.freecol.server.networking.Server sendToAll
INFO: Reap dead connection: [DummyConnection Server connection - model.nation.tupi]
May 16, 2018 12:13:31 AM net.sf.freecol.server.networking.Server sendToAll
INFO: Reap dead connection: [DummyConnection Server connection - model.nation.dutch]
May 16, 2018 12:13:31 AM net.sf.freecol.server.networking.Server sendToAll
INFO: Reap dead connection: [DummyConnection Server connection - model.nation.aztec]
May 16, 2018 12:13:31 AM net.sf.freecol.server.networking.Server sendToAll
INFO: Reap dead connection: [DummyConnection Server connection - model.nation.iroquois]
May 16, 2018 12:13:31 AM net.sf.freecol.server.networking.Server sendToAll
INFO: Reap dead connection: [DummyConnection Server connection - model.nation.sioux]
May 16, 2018 12:13:31 AM net.sf.freecol.server.networking.Server sendToAll
INFO: Reap dead connection: [DummyConnection Server connection - model.nation.arawak]
May 16, 2018 12:13:31 AM net.sf.freecol.server.networking.Server sendToAll
INFO: Reap dead connection: [DummyConnection Server connection - model.nation.apache]
May 16, 2018 12:13:31 AM net.sf.freecol.server.networking.Server sendToAll
INFO: Reap dead connection: [DummyConnection Server connection - model.nation.spanish]
May 16, 2018 12:13:31 AM net.sf.freecol.server.networking.Server sendToAll
INFO: Reap dead connection: [DummyConnection Server connection - model.nation.inca]
May 16, 2018 12:13:31 AM net.sf.freecol.server.networking.Server sendToAll
INFO: Reap dead connection: [DummyConnection Server connection - model.nation.french]
May 16, 2018 12:13:31 AM net.sf.freecol.server.networking.Server sendToAll
INFO: Reap dead connection: [DummyConnection Server connection - model.nation.english]
May 16, 2018 12:13:31 AM net.sf.freecol.server.networking.Server sendToAll
INFO: Reap dead connection: [DummyConnection Server connection - model.nation.cherokee]
May 16, 2018 12:13:31 AM net.sf.freecol.common.model.Specification applyDifficultyLevel
INFO: Applying difficulty level model.difficulty.medium
May 16, 2018 12:13:31 AM net.sf.freecol.common.FreeColSeed getFreeColSeed
INFO: Using seed: 9197120584827194036
May 16, 2018 12:13:31 AM net.sf.freecol.server.networking.Server sendToAll
INFO: Reap dead connection: [DummyConnection Server connection - model.nation.sioux]
May 16, 2018 12:13:31 AM net.sf.freecol.server.networking.Server sendToAll
INFO: Reap dead connection: [DummyConnection Server connection - model.nation.english]
May 16, 2018 12:13:31 AM net.sf.freecol.server.networking.Server sendToAll
INFO: Reap dead connection: [DummyConnection Server connection - model.nation.apache]
May 16, 2018 12:13:31 AM net.sf.freecol.server.networking.Server sendToAll
INFO: Reap dead connection: [DummyConnection Server connection - model.nation.tupi]
May 16, 2018 12:13:31 AM net.sf.freecol.server.networking.Server sendToAll
INFO: Reap dead connection: [DummyConnection Server connection - model.nation.dutch]
May 16, 2018 12:13:31 AM net.sf.freecol.server.networking.Server sendToAll
INFO: Reap dead connection: [DummyConnection Server connection - model.nation.arawak]
May 16, 2018 12:13:31 AM net.sf.freecol.server.networking.Server sendToAll
INFO: Reap dead connection: [DummyConnection Server connection - model.nation.spanish]
May 16, 2018 12:13:31 AM net.sf.freecol.server.networking.Server sendToAll
INFO: Reap dead connection: [DummyConnection Server connection - model.nation.iroquois]
May 16, 2018 12:13:31 AM net.sf.freecol.server.networking.Server sendToAll
INFO: Reap dead connection: [DummyConnection Server connection - model.nation.inca]
May 16, 2018 12:13:31 AM net.sf.freecol.server.networking.Server sendToAll
INFO: Reap dead connection: [DummyConnection Server connection - model.nation.french]
May 16, 2018 12:13:31 AM net.sf.freecol.server.networking.Server sendToAll
INFO: Reap dead connection: [DummyConnection Server connection - model.nation.aztec]
May 16, 2018 12:13:31 AM net.sf.freecol.server.networking.Server sendToAll
INFO: Reap dead connection: [DummyConnection Server connection - model.nation.cherokee]
May 16, 2018 12:13:31 AM net.sf.freecol.common.util.LogBuilder log
INFO: Destroying: tileImprovement:274
May 16, 2018 12:13:31 AM net.sf.freecol.common.util.LogBuilder log
INFO: Destroying: tileImprovement:276
May 16, 2018 12:13:31 AM net.sf.freecol.common.model.Specification applyDifficultyLevel
INFO: Applying difficulty level model.difficulty.medium
May 16, 2018 12:13:31 AM net.sf.freecol.common.FreeColSeed getFreeColSeed
INFO: Using seed: 161877560259694254
May 16, 2018 12:13:32 AM net.sf.freecol.server.networking.Server sendToAll
INFO: Reap dead connection: [DummyConnection Server connection - model.nation.iroquois]
May 16, 2018 12:13:32 AM net.sf.freecol.server.networking.Server sendToAll
INFO: Reap dead connection: [DummyConnection Server connection - model.nation.apache]
May 16, 2018 12:13:32 AM net.sf.freecol.server.networking.Server sendToAll
INFO: Reap dead connection: [DummyConnection Server connection - model.nation.aztec]
May 16, 2018 12:13:32 AM net.sf.freecol.server.networking.Server sendToAll
INFO: Reap dead connection: [DummyConnection Server connection - model.nation.french]
May 16, 2018 12:13:32 AM net.sf.freecol.server.networking.Server sendToAll
INFO: Reap dead connection: [DummyConnection Server connection - model.nation.tupi]
May 16, 2018 12:13:32 AM net.sf.freecol.server.networking.Server sendToAll
INFO: Reap dead connection: [DummyConnection Server connection - model.nation.arawak]
May 16, 2018 12:13:32 AM net.sf.freecol.server.networking.Server sendToAll
INFO: Reap dead connection: [DummyConnection Server connection - model.nation.cherokee]
May 16, 2018 12:13:32 AM net.sf.freecol.server.networking.Server sendToAll
INFO: Reap dead connection: [DummyConnection Server connection - model.nation.inca]
May 16, 2018 12:13:32 AM net.sf.freecol.server.networking.Server sendToAll
INFO: Reap dead connection: [DummyConnection Server connection - model.nation.spanish]
May 16, 2018 12:13:32 AM net.sf.freecol.server.networking.Server sendToAll
INFO: Reap dead connection: [DummyConnection Server connection - model.nation.english]
May 16, 2018 12:13:32 AM net.sf.freecol.server.networking.Server sendToAll
INFO: Reap dead connection: [DummyConnection Server connection - model.nation.dutch]
May 16, 2018 12:13:32 AM net.sf.freecol.server.networking.Server sendToAll
INFO: Reap dead connection: [DummyConnection Server connection - model.nation.sioux]
May 16, 2018 12:13:32 AM net.sf.freecol.common.model.LandMap <init>
INFO: Using land generator model.option.landGeneratorType.classic
May 16, 2018 12:13:32 AM net.sf.freecol.common.util.LogBuilder log
INFO: Destroying: tileImprovement:4066
May 16, 2018 12:13:32 AM net.sf.freecol.common.util.LogBuilder log
INFO: Destroying: tileImprovement:4068
May 16, 2018 12:13:32 AM net.sf.freecol.common.util.LogBuilder log
INFO: Destroying: tileImprovement:4070
May 16, 2018 12:13:32 AM net.sf.freecol.common.util.LogBuilder log
INFO: Destroying: tileImprovement:4047
May 16, 2018 12:13:32 AM net.sf.freecol.common.util.LogBuilder log
INFO: Destroying: tileImprovement:4049
May 16, 2018 12:13:32 AM net.sf.freecol.common.util.LogBuilder log
INFO: Destroying: tileImprovement:4051
May 16, 2018 12:13:32 AM net.sf.freecol.common.util.LogBuilder log
INFO: Destroying: tileImprovement:4053
May 16, 2018 12:13:32 AM net.sf.freecol.common.util.LogBuilder log
INFO: Destroying: tileImprovement:4055
May 16, 2018 12:13:32 AM net.sf.freecol.common.util.LogBuilder log
INFO: Destroying: tileImprovement:4057
May 16, 2018 12:13:32 AM net.sf.freecol.common.util.LogBuilder log
INFO: Destroying: tileImprovement:4059
May 16, 2018 12:13:32 AM net.sf.freecol.common.util.LogBuilder log
INFO: Destroying: tileImprovement:4202
May 16, 2018 12:13:32 AM net.sf.freecol.common.util.LogBuilder log
INFO: Destroying: tileImprovement:4204
May 16, 2018 12:13:32 AM net.sf.freecol.common.util.LogBuilder log
INFO: Destroying: tileImprovement:4206
May 16, 2018 12:13:32 AM net.sf.freecol.common.util.LogBuilder log
INFO: Destroying: tileImprovement:4208
May 16, 2018 12:13:32 AM net.sf.freecol.common.util.LogBuilder log
INFO: Destroying: tileImprovement:4210
May 16, 2018 12:13:32 AM net.sf.freecol.common.util.LogBuilder log
INFO: Destroying: tileImprovement:4212
May 16, 2018 12:13:32 AM net.sf.freecol.common.util.LogBuilder log
INFO: Destroying: tileImprovement:4236
May 16, 2018 12:13:32 AM net.sf.freecol.common.util.LogBuilder log
INFO: Destroying: tileImprovement:4237
May 16, 2018 12:13:32 AM net.sf.freecol.common.util.LogBuilder log
INFO: Destroying: tileImprovement:4238
May 16, 2018 12:13:32 AM net.sf.freecol.common.util.LogBuilder log
INFO: Destroying: tileImprovement:4239
May 16, 2018 12:13:32 AM net.sf.freecol.common.util.LogBuilder log
INFO: Destroying: tileImprovement:4240
May 16, 2018 12:13:32 AM net.sf.freecol.common.util.LogBuilder log
INFO: Destroying: tileImprovement:4241
May 16, 2018 12:13:32 AM net.sf.freecol.common.util.LogBuilder log
INFO: Destroying: tileImprovement:4242
May 16, 2018 12:13:32 AM net.sf.freecol.common.util.LogBuilder log
INFO: Destroying: tileImprovement:4260
May 16, 2018 12:13:32 AM net.sf.freecol.common.util.LogBuilder log
INFO: Destroying: tileImprovement:4262
May 16, 2018 12:13:32 AM net.sf.freecol.common.util.LogBuilder log
INFO: Destroying: tileImprovement:4264
May 16, 2018 12:13:32 AM net.sf.freecol.common.util.LogBuilder log
INFO: Destroying: tileImprovement:4254
May 16, 2018 12:13:32 AM net.sf.freecol.common.util.LogBuilder log
INFO: Destroying: tileImprovement:4255
May 16, 2018 12:13:32 AM net.sf.freecol.common.util.LogBuilder log
INFO: Destroying: tileImprovement:4256
May 16, 2018 12:13:32 AM net.sf.freecol.common.util.LogBuilder log
INFO: Destroying: tileImprovement:4257
May 16, 2018 12:13:32 AM net.sf.freecol.common.util.LogBuilder log
INFO: Destroying: tileImprovement:4258
May 16, 2018 12:13:32 AM net.sf.freecol.common.util.LogBuilder log
INFO: Destroying: tileImprovement:4259
May 16, 2018 12:13:32 AM net.sf.freecol.common.util.LogBuilder log
INFO: Destroying: tileImprovement:4183
May 16, 2018 12:13:32 AM net.sf.freecol.common.util.LogBuilder log
INFO: Destroying: tileImprovement:4185
May 16, 2018 12:13:32 AM net.sf.freecol.common.util.LogBuilder log
INFO: Destroying: tileImprovement:4187
May 16, 2018 12:13:32 AM net.sf.freecol.common.util.LogBuilder log
INFO: Destroying: tileImprovement:4189
May 16, 2018 12:13:32 AM net.sf.freecol.common.util.LogBuilder log
INFO: Destroying: tileImprovement:4062
May 16, 2018 12:13:32 AM net.sf.freecol.common.util.LogBuilder log
INFO: Destroying: tileImprovement:4064
May 16, 2018 12:13:32 AM net.sf.freecol.common.util.LogBuilder log
INFO: Destroying: tileImprovement:4217
May 16, 2018 12:13:32 AM net.sf.freecol.common.util.LogBuilder log
INFO: Destroying: tileImprovement:4218
May 16, 2018 12:13:32 AM net.sf.freecol.common.util.LogBuilder log
INFO: Destroying: tileImprovement:4219
May 16, 2018 12:13:32 AM net.sf.freecol.common.util.LogBuilder log
INFO: Destroying: tileImprovement:4192
May 16, 2018 12:13:32 AM net.sf.freecol.common.util.LogBuilder log
INFO: Destroying: tileImprovement:4194
May 16, 2018 12:13:32 AM net.sf.freecol.common.util.LogBuilder log
INFO: Destroying: tileImprovement:4196
May 16, 2018 12:13:32 AM net.sf.freecol.common.util.LogBuilder log
INFO: Destroying: tileImprovement:4157
May 16, 2018 12:13:32 AM net.sf.freecol.common.util.LogBuilder log
INFO: Destroying: tileImprovement:4159
May 16, 2018 12:13:32 AM net.sf.freecol.common.util.LogBuilder log
INFO: Destroying: tileImprovement:4161
May 16, 2018 12:13:32 AM net.sf.freecol.common.util.LogBuilder log
INFO: Destroying: tileImprovement:4163
May 16, 2018 12:13:32 AM net.sf.freecol.common.util.LogBuilder log
INFO: Destroying: tileImprovement:4165
May 16, 2018 12:13:32 AM net.sf.freecol.common.util.LogBuilder log
INFO: Destroying: tileImprovement:4167
May 16, 2018 12:13:32 AM net.sf.freecol.common.util.LogBuilder log
INFO: Destroying: tileImprovement:4169
May 16, 2018 12:13:32 AM net.sf.freecol.common.util.LogBuilder log
INFO: Destroying: tileImprovement:4171
May 16, 2018 12:13:32 AM net.sf.freecol.common.util.LogBuilder log
INFO: Destroying: tileImprovement:4173
May 16, 2018 12:13:32 AM net.sf.freecol.common.util.LogBuilder log
INFO: Destroying: tileImprovement:4175
May 16, 2018 12:13:32 AM net.sf.freecol.common.util.LogBuilder log
INFO: Destroying: tileImprovement:4177
May 16, 2018 12:13:32 AM net.sf.freecol.common.util.LogBuilder log
INFO: Destroying: tileImprovement:4179
May 16, 2018 12:13:32 AM net.sf.freecol.common.util.LogBuilder log
INFO: Destroying: tileImprovement:4181
May 16, 2018 12:13:32 AM net.sf.freecol.common.util.LogBuilder log
INFO: Destroying: tileImprovement:4363
May 16, 2018 12:13:32 AM net.sf.freecol.common.util.LogBuilder log
INFO: Destroying: tileImprovement:4364
May 16, 2018 12:13:32 AM net.sf.freecol.common.util.LogBuilder log
INFO: Destroying: tileImprovement:4365
May 16, 2018 12:13:32 AM net.sf.freecol.common.util.LogBuilder log
INFO: Destroying: tileImprovement:4366
May 16, 2018 12:13:32 AM net.sf.freecol.common.util.LogBuilder log
INFO: Destroying: tileImprovement:4514
May 16, 2018 12:13:32 AM net.sf.freecol.common.util.LogBuilder log
INFO: Destroying: tileImprovement:4516
May 16, 2018 12:13:32 AM net.sf.freecol.common.util.LogBuilder log
INFO: Destroying: tileImprovement:4518
May 16, 2018 12:13:32 AM net.sf.freecol.common.util.LogBuilder log
INFO: Destroying: tileImprovement:4520
May 16, 2018 12:13:32 AM net.sf.freecol.common.util.LogBuilder log
INFO: Destroying: tileImprovement:4522
May 16, 2018 12:13:32 AM net.sf.freecol.common.util.LogBuilder log
INFO: Destroying: tileImprovement:4524
May 16, 2018 12:13:32 AM net.sf.freecol.common.util.LogBuilder log
INFO: Destroying: tileImprovement:4526
May 16, 2018 12:13:32 AM net.sf.freecol.common.util.LogBuilder log
INFO: Destroying: tileImprovement:4528
May 16, 2018 12:13:32 AM net.sf.freecol.common.util.LogBuilder log
INFO: Destroying: tileImprovement:4506
May 16, 2018 12:13:32 AM net.sf.freecol.common.util.LogBuilder log
INFO: Destroying: tileImprovement:4508
May 16, 2018 12:13:32 AM net.sf.freecol.common.util.LogBuilder log
INFO: Destroying: tileImprovement:4510
May 16, 2018 12:13:32 AM net.sf.freecol.common.util.LogBuilder log
INFO: Destroying: tileImprovement:4512
May 16, 2018 12:13:32 AM net.sf.freecol.common.util.LogBuilder log
INFO: Destroying: tileImprovement:4550
May 16, 2018 12:13:32 AM net.sf.freecol.common.util.LogBuilder log
INFO: Destroying: tileImprovement:4551
May 16, 2018 12:13:32 AM net.sf.freecol.common.util.LogBuilder log
INFO: Destroying: tileImprovement:4552
May 16, 2018 12:13:32 AM net.sf.freecol.common.util.LogBuilder log
INFO: Destroying: tileImprovement:4553
May 16, 2018 12:13:32 AM net.sf.freecol.common.util.LogBuilder log
INFO: Destroying: tileImprovement:4554
May 16, 2018 12:13:32 AM net.sf.freecol.common.util.LogBuilder log
INFO: Destroying: tileImprovement:4555
May 16, 2018 12:13:32 AM net.sf.freecol.common.util.LogBuilder log
INFO: Destroying: tileImprovement:4556
May 16, 2018 12:13:32 AM net.sf.freecol.common.util.LogBuilder log
INFO: Destroying: tileImprovement:4557
May 16, 2018 12:13:32 AM net.sf.freecol.common.util.LogBuilder log
INFO: Destroying: tileImprovement:4376
May 16, 2018 12:13:32 AM net.sf.freecol.common.util.LogBuilder log
INFO: Destroying: tileImprovement:4377
May 16, 2018 12:13:32 AM net.sf.freecol.common.util.LogBuilder log
INFO: Destroying: tileImprovement:4486
May 16, 2018 12:13:32 AM net.sf.freecol.common.util.LogBuilder log
INFO: Destroying: tileImprovement:4488
May 16, 2018 12:13:32 AM net.sf.freecol.common.util.LogBuilder log
INFO: Destroying: tileImprovement:4490
May 16, 2018 12:13:32 AM net.sf.freecol.common.util.LogBuilder log
INFO: Destroying: tileImprovement:4492
May 16, 2018 12:13:32 AM net.sf.freecol.common.util.LogBuilder log
INFO: Destroying: tileImprovement:4494
May 16, 2018 12:13:32 AM net.sf.freecol.common.util.LogBuilder log
INFO: Destroying: tileImprovement:4496
May 16, 2018 12:13:32 AM net.sf.freecol.common.util.LogBuilder log
INFO: Destroying: tileImprovement:4473
May 16, 2018 12:13:32 AM net.sf.freecol.common.util.LogBuilder log
INFO: Destroying: tileImprovement:4474
May 16, 2018 12:13:32 AM net.sf.freecol.common.util.LogBuilder log
INFO: Destroying: tileImprovement:4475
May 16, 2018 12:13:32 AM net.sf.freecol.common.util.LogBuilder log
INFO: Destroying: tileImprovement:4476
May 16, 2018 12:13:32 AM net.sf.freecol.common.util.LogBuilder log
INFO: Destroying: tileImprovement:4477
May 16, 2018 12:13:32 AM net.sf.freecol.common.util.LogBuilder log
INFO: Destroying: tileImprovement:4478
May 16, 2018 12:13:32 AM net.sf.freecol.common.util.LogBuilder log
INFO: Destroying: tileImprovement:4479
May 16, 2018 12:13:32 AM net.sf.freecol.common.util.LogBuilder log
INFO: Destroying: tileImprovement:4480
May 16, 2018 12:13:32 AM net.sf.freecol.common.util.LogBuilder log
INFO: Destroying: tileImprovement:4481
May 16, 2018 12:13:32 AM net.sf.freecol.common.util.LogBuilder log
INFO: Destroying: tileImprovement:4482
May 16, 2018 12:13:32 AM net.sf.freecol.common.util.LogBuilder log
INFO: Destroying: tileImprovement:4483
May 16, 2018 12:13:32 AM net.sf.freecol.common.util.LogBuilder log
INFO: Destroying: tileImprovement:4484
May 16, 2018 12:13:32 AM net.sf.freecol.common.util.LogBuilder log
INFO: Destroying: tileImprovement:4485
May 16, 2018 12:13:32 AM net.sf.freecol.common.util.LogBuilder log
INFO: Destroying: tileImprovement:4301
May 16, 2018 12:13:32 AM net.sf.freecol.common.util.LogBuilder log
INFO: Destroying: tileImprovement:4303
May 16, 2018 12:13:32 AM net.sf.freecol.common.util.LogBuilder log
INFO: Destroying: tileImprovement:4305
May 16, 2018 12:13:32 AM net.sf.freecol.common.util.LogBuilder log
INFO: Destroying: tileImprovement:4594
May 16, 2018 12:13:32 AM net.sf.freecol.common.util.LogBuilder log
INFO: Destroying: tileImprovement:4596
May 16, 2018 12:13:32 AM net.sf.freecol.common.util.LogBuilder log
INFO: Destroying: tileImprovement:4598
May 16, 2018 12:13:32 AM net.sf.freecol.common.util.LogBuilder log
INFO: Destroying: tileImprovement:4289
May 16, 2018 12:13:32 AM net.sf.freecol.common.util.LogBuilder log
INFO: Destroying: tileImprovement:4291
May 16, 2018 12:13:32 AM net.sf.freecol.common.util.LogBuilder log
INFO: Destroying: tileImprovement:4293
May 16, 2018 12:13:32 AM net.sf.freecol.common.util.LogBuilder log
INFO: Destroying: tileImprovement:4736
May 16, 2018 12:13:32 AM net.sf.freecol.common.util.LogBuilder log
INFO: Destroying: tileImprovement:4737
May 16, 2018 12:13:32 AM net.sf.freecol.common.util.LogBuilder log
INFO: Destroying: tileImprovement:4738
May 16, 2018 12:13:32 AM net.sf.freecol.common.util.LogBuilder log
INFO: Destroying: tileImprovement:4720
May 16, 2018 12:13:32 AM net.sf.freecol.common.util.LogBuilder log
INFO: Destroying: tileImprovement:4722
May 16, 2018 12:13:32 AM net.sf.freecol.common.util.LogBuilder log
INFO: Destroying: tileImprovement:4717
May 16, 2018 12:13:32 AM net.sf.freecol.common.util.LogBuilder log
INFO: Destroying: tileImprovement:4718
May 16, 2018 12:13:32 AM net.sf.freecol.common.util.LogBuilder log
INFO: Destroying: tileImprovement:4719
May 16, 2018 12:13:32 AM net.sf.freecol.common.util.LogBuilder log
INFO: Destroying: tileImprovement:4243
May 16, 2018 12:13:32 AM net.sf.freecol.common.util.LogBuilder log
INFO: Destroying: tileImprovement:4245
May 16, 2018 12:13:32 AM net.sf.freecol.common.util.LogBuilder log
INFO: Destroying: tileImprovement:4247
May 16, 2018 12:13:32 AM net.sf.freecol.common.util.LogBuilder log
INFO: Destroying: tileImprovement:4249
May 16, 2018 12:13:32 AM net.sf.freecol.common.util.LogBuilder log
INFO: Destroying: tileImprovement:4251
May 16, 2018 12:13:32 AM net.sf.freecol.common.util.LogBuilder log
INFO: Destroying: tileImprovement:4590
May 16, 2018 12:13:32 AM net.sf.freecol.common.util.LogBuilder log
INFO: Destroying: tileImprovement:4592
May 16, 2018 12:13:32 AM net.sf.freecol.server.FreeColServer readGame
INFO: Found savegame version 11
May 16, 2018 12:13:33 AM net.sf.freecol.server.FreeColServer readGame
INFO: Imported file data\maps\Africa.fsg
May 16, 2018 12:13:33 AM net.sf.freecol.server.FreeColServer readGame
INFO: Found savegame version 13
May 16, 2018 12:13:33 AM net.sf.freecol.server.FreeColServer readGame
INFO: Imported file data\maps\America_large.fsg
May 16, 2018 12:13:34 AM net.sf.freecol.server.FreeColServer readGame
INFO: Found savegame version 11
May 16, 2018 12:13:34 AM net.sf.freecol.server.FreeColServer readGame
INFO: Imported file data\maps\Australia.fsg
May 16, 2018 12:13:35 AM net.sf.freecol.server.FreeColServer readGame
INFO: Found savegame version 11
May 16, 2018 12:13:35 AM net.sf.freecol.server.FreeColServer readGame
INFO: Imported file data\maps\Caribbean_basin.fsg
May 16, 2018 12:13:35 AM net.sf.freecol.common.model.LandMap <init>
INFO: Using land generator model.option.landGeneratorType.classic
May 16, 2018 12:13:35 AM net.sf.freecol.common.util.LogBuilder log
INFO: Destroying: tileImprovement:4045
May 16, 2018 12:13:35 AM net.sf.freecol.common.util.LogBuilder log
INFO: Destroying: tileImprovement:4047
May 16, 2018 12:13:35 AM net.sf.freecol.common.util.LogBuilder log
INFO: Destroying: tileImprovement:4049
May 16, 2018 12:13:35 AM net.sf.freecol.common.util.LogBuilder log
INFO: Destroying: tileImprovement:4026
May 16, 2018 12:13:35 AM net.sf.freecol.common.util.LogBuilder log
INFO: Destroying: tileImprovement:4028
May 16, 2018 12:13:35 AM net.sf.freecol.common.util.LogBuilder log
INFO: Destroying: tileImprovement:4030
May 16, 2018 12:13:35 AM net.sf.freecol.common.util.LogBuilder log
INFO: Destroying: tileImprovement:4032
May 16, 2018 12:13:35 AM net.sf.freecol.common.util.LogBuilder log
INFO: Destroying: tileImprovement:4034
May 16, 2018 12:13:35 AM net.sf.freecol.common.util.LogBuilder log
INFO: Destroying: tileImprovement:4036
May 16, 2018 12:13:35 AM net.sf.freecol.common.util.LogBuilder log
INFO: Destroying: tileImprovement:4038
May 16, 2018 12:13:35 AM net.sf.freecol.common.util.LogBuilder log
INFO: Destroying: tileImprovement:4181
May 16, 2018 12:13:35 AM net.sf.freecol.common.util.LogBuilder log
INFO: Destroying: tileImprovement:4183
May 16, 2018 12:13:35 AM net.sf.freecol.common.util.LogBuilder log
INFO: Destroying: tileImprovement:4185
May 16, 2018 12:13:35 AM net.sf.freecol.common.util.LogBuilder log
INFO: Destroying: tileImprovement:4187
May 16, 2018 12:13:35 AM net.sf.freecol.common.util.LogBuilder log
INFO: Destroying: tileImprovement:4189
May 16, 2018 12:13:35 AM net.sf.freecol.common.util.LogBuilder log
INFO: Destroying: tileImprovement:4191
May 16, 2018 12:13:35 AM net.sf.freecol.common.util.LogBuilder log
INFO: Destroying: tileImprovement:4215
May 16, 2018 12:13:35 AM net.sf.freecol.common.util.LogBuilder log
INFO: Destroying: tileImprovement:4216
May 16, 2018 12:13:35 AM net.sf.freecol.common.util.LogBuilder log
INFO: Destroying: tileImprovement:4217
May 16, 2018 12:13:35 AM net.sf.freecol.common.util.LogBuilder log
INFO: Destroying: tileImprovement:4218
May 16, 2018 12:13:35 AM net.sf.freecol.common.util.LogBuilder log
INFO: Destroying: tileImprovement:4219
May 16, 2018 12:13:35 AM net.sf.freecol.common.util.LogBuilder log
INFO: Destroying: tileImprovement:4220
May 16, 2018 12:13:35 AM net.sf.freecol.common.util.LogBuilder log
INFO: Destroying: tileImprovement:4221
May 16, 2018 12:13:35 AM net.sf.freecol.common.util.LogBuilder log
INFO: Destroying: tileImprovement:4239
May 16, 2018 12:13:35 AM net.sf.freecol.common.util.LogBuilder log
INFO: Destroying: tileImprovement:4241
May 16, 2018 12:13:35 AM net.sf.freecol.common.util.LogBuilder log
INFO: Destroying: tileImprovement:4243
May 16, 2018 12:13:35 AM net.sf.freecol.common.util.LogBuilder log
INFO: Destroying: tileImprovement:4233
May 16, 2018 12:13:35 AM net.sf.freecol.common.util.LogBuilder log
INFO: Destroying: tileImprovement:4234
May 16, 2018 12:13:35 AM net.sf.freecol.common.util.LogBuilder log
INFO: Destroying: tileImprovement:4235
May 16, 2018 12:13:35 AM net.sf.freecol.common.util.LogBuilder log
INFO: Destroying: tileImprovement:4236
May 16, 2018 12:13:35 AM net.sf.freecol.common.util.LogBuilder log
INFO: Destroying: tileImprovement:4237
May 16, 2018 12:13:35 AM net.sf.freecol.common.util.LogBuilder log
INFO: Destroying: tileImprovement:4238
May 16, 2018 12:13:35 AM net.sf.freecol.common.util.LogBuilder log
INFO: Destroying: tileImprovement:4162
May 16, 2018 12:13:35 AM net.sf.freecol.common.util.LogBuilder log
INFO: Destroying: tileImprovement:4164
May 16, 2018 12:13:35 AM net.sf.freecol.common.util.LogBuilder log
INFO: Destroying: tileImprovement:4166
May 16, 2018 12:13:35 AM net.sf.freecol.common.util.LogBuilder log
INFO: Destroying: tileImprovement:4168
May 16, 2018 12:13:35 AM net.sf.freecol.common.util.LogBuilder log
INFO: Destroying: tileImprovement:4041
May 16, 2018 12:13:35 AM net.sf.freecol.common.util.LogBuilder log
INFO: Destroying: tileImprovement:4043
May 16, 2018 12:13:35 AM net.sf.freecol.common.util.LogBuilder log
INFO: Destroying: tileImprovement:4196
May 16, 2018 12:13:35 AM net.sf.freecol.common.util.LogBuilder log
INFO: Destroying: tileImprovement:4197
May 16, 2018 12:13:35 AM net.sf.freecol.common.util.LogBuilder log
INFO: Destroying: tileImprovement:4198
May 16, 2018 12:13:35 AM net.sf.freecol.common.util.LogBuilder log
INFO: Destroying: tileImprovement:4171
May 16, 2018 12:13:35 AM net.sf.freecol.common.util.LogBuilder log
INFO: Destroying: tileImprovement:4173
May 16, 2018 12:13:35 AM net.sf.freecol.common.util.LogBuilder log
INFO: Destroying: tileImprovement:4175
May 16, 2018 12:13:35 AM net.sf.freecol.common.util.LogBuilder log
INFO: Destroying: tileImprovement:4136
May 16, 2018 12:13:35 AM net.sf.freecol.common.util.LogBuilder log
INFO: Destroying: tileImprovement:4138
May 16, 2018 12:13:35 AM net.sf.freecol.common.util.LogBuilder log
INFO: Destroying: tileImprovement:4140
May 16, 2018 12:13:35 AM net.sf.freecol.common.util.LogBuilder log
INFO: Destroying: tileImprovement:4142
May 16, 2018 12:13:35 AM net.sf.freecol.common.util.LogBuilder log
INFO: Destroying: tileImprovement:4144
May 16, 2018 12:13:35 AM net.sf.freecol.common.util.LogBuilder log
INFO: Destroying: tileImprovement:4146
May 16, 2018 12:13:35 AM net.sf.freecol.common.util.LogBuilder log
INFO: Destroying: tileImprovement:4148
May 16, 2018 12:13:35 AM net.sf.freecol.common.util.LogBuilder log
INFO: Destroying: tileImprovement:4150
May 16, 2018 12:13:35 AM net.sf.freecol.common.util.LogBuilder log
INFO: Destroying: tileImprovement:4152
May 16, 2018 12:13:35 AM net.sf.freecol.common.util.LogBuilder log
INFO: Destroying: tileImprovement:4154
May 16, 2018 12:13:35 AM net.sf.freecol.common.util.LogBuilder log
INFO: Destroying: tileImprovement:4156
May 16, 2018 12:13:35 AM net.sf.freecol.common.util.LogBuilder log
INFO: Destroying: tileImprovement:4158
May 16, 2018 12:13:35 AM net.sf.freecol.common.util.LogBuilder log
INFO: Destroying: tileImprovement:4160
May 16, 2018 12:13:35 AM net.sf.freecol.common.util.LogBuilder log
INFO: Destroying: tileImprovement:4342
May 16, 2018 12:13:35 AM net.sf.freecol.common.util.LogBuilder log
INFO: Destroying: tileImprovement:4343
May 16, 2018 12:13:35 AM net.sf.freecol.common.util.LogBuilder log
INFO: Destroying: tileImprovement:4344
May 16, 2018 12:13:35 AM net.sf.freecol.common.util.LogBuilder log
INFO: Destroying: tileImprovement:4345
May 16, 2018 12:13:35 AM net.sf.freecol.common.util.LogBuilder log
INFO: Destroying: tileImprovement:4493
May 16, 2018 12:13:35 AM net.sf.freecol.common.util.LogBuilder log
INFO: Destroying: tileImprovement:4495
May 16, 2018 12:13:35 AM net.sf.freecol.common.util.LogBuilder log
INFO: Destroying: tileImprovement:4497
May 16, 2018 12:13:35 AM net.sf.freecol.common.util.LogBuilder log
INFO: Destroying: tileImprovement:4499
May 16, 2018 12:13:35 AM net.sf.freecol.common.util.LogBuilder log
INFO: Destroying: tileImprovement:4501
May 16, 2018 12:13:35 AM net.sf.freecol.common.util.LogBuilder log
INFO: Destroying: tileImprovement:4503
May 16, 2018 12:13:35 AM net.sf.freecol.common.util.LogBuilder log
INFO: Destroying: tileImprovement:4505
May 16, 2018 12:13:35 AM net.sf.freecol.common.util.LogBuilder log
INFO: Destroying: tileImprovement:4507
May 16, 2018 12:13:35 AM net.sf.freecol.common.util.LogBuilder log
INFO: Destroying: tileImprovement:4485
May 16, 2018 12:13:35 AM net.sf.freecol.common.util.LogBuilder log
INFO: Destroying: tileImprovement:4487
May 16, 2018 12:13:35 AM net.sf.freecol.common.util.LogBuilder log
INFO: Destroying: tileImprovement:4489
May 16, 2018 12:13:35 AM net.sf.freecol.common.util.LogBuilder log
INFO: Destroying: tileImprovement:4491
May 16, 2018 12:13:35 AM net.sf.freecol.common.util.LogBuilder log
INFO: Destroying: tileImprovement:4529
May 16, 2018 12:13:35 AM net.sf.freecol.common.util.LogBuilder log
INFO: Destroying: tileImprovement:4530
May 16, 2018 12:13:35 AM net.sf.freecol.common.util.LogBuilder log
INFO: Destroying: tileImprovement:4531
May 16, 2018 12:13:35 AM net.sf.freecol.common.util.LogBuilder log
INFO: Destroying: tileImprovement:4532
May 16, 2018 12:13:35 AM net.sf.freecol.common.util.LogBuilder log
INFO: Destroying: tileImprovement:4533
May 16, 2018 12:13:35 AM net.sf.freecol.common.util.LogBuilder log
INFO: Destroying: tileImprovement:4534
May 16, 2018 12:13:35 AM net.sf.freecol.common.util.LogBuilder log
INFO: Destroying: tileImprovement:4535
May 16, 2018 12:13:35 AM net.sf.freecol.common.util.LogBuilder log
INFO: Destroying: tileImprovement:4536
May 16, 2018 12:13:35 AM net.sf.freecol.common.util.LogBuilder log
INFO: Destroying: tileImprovement:4355
May 16, 2018 12:13:35 AM net.sf.freecol.common.util.LogBuilder log
INFO: Destroying: tileImprovement:4356
May 16, 2018 12:13:35 AM net.sf.freecol.common.util.LogBuilder log
INFO: Destroying: tileImprovement:4465
May 16, 2018 12:13:35 AM net.sf.freecol.common.util.LogBuilder log
INFO: Destroying: tileImprovement:4467
May 16, 2018 12:13:35 AM net.sf.freecol.common.util.LogBuilder log
INFO: Destroying: tileImprovement:4469
May 16, 2018 12:13:35 AM net.sf.freecol.common.util.LogBuilder log
INFO: Destroying: tileImprovement:4471
May 16, 2018 12:13:35 AM net.sf.freecol.common.util.LogBuilder log
INFO: Destroying: tileImprovement:4473
May 16, 2018 12:13:35 AM net.sf.freecol.common.util.LogBuilder log
INFO: Destroying: tileImprovement:4475
May 16, 2018 12:13:35 AM net.sf.freecol.common.util.LogBuilder log
INFO: Destroying: tileImprovement:4452
May 16, 2018 12:13:35 AM net.sf.freecol.common.util.LogBuilder log
INFO: Destroying: tileImprovement:4453
May 16, 2018 12:13:35 AM net.sf.freecol.common.util.LogBuilder log
INFO: Destroying: tileImprovement:4454
May 16, 2018 12:13:35 AM net.sf.freecol.common.util.LogBuilder log
INFO: Destroying: tileImprovement:4455
May 16, 2018 12:13:35 AM net.sf.freecol.common.util.LogBuilder log
INFO: Destroying: tileImprovement:4456
May 16, 2018 12:13:35 AM net.sf.freecol.common.util.LogBuilder log
INFO: Destroying: tileImprovement:4457
May 16, 2018 12:13:35 AM net.sf.freecol.common.util.LogBuilder log
INFO: Destroying: tileImprovement:4458
May 16, 2018 12:13:35 AM net.sf.freecol.common.util.LogBuilder log
INFO: Destroying: tileImprovement:4459
May 16, 2018 12:13:35 AM net.sf.freecol.common.util.LogBuilder log
INFO: Destroying: tileImprovement:4460
May 16, 2018 12:13:35 AM net.sf.freecol.common.util.LogBuilder log
INFO: Destroying: tileImprovement:4461
May 16, 2018 12:13:35 AM net.sf.freecol.common.util.LogBuilder log
INFO: Destroying: tileImprovement:4462
May 16, 2018 12:13:35 AM net.sf.freecol.common.util.LogBuilder log
INFO: Destroying: tileImprovement:4463
May 16, 2018 12:13:35 AM net.sf.freecol.common.util.LogBuilder log
INFO: Destroying: tileImprovement:4464
May 16, 2018 12:13:35 AM net.sf.freecol.common.util.LogBuilder log
INFO: Destroying: tileImprovement:4280
May 16, 2018 12:13:35 AM net.sf.freecol.common.util.LogBuilder log
INFO: Destroying: tileImprovement:4282
May 16, 2018 12:13:35 AM net.sf.freecol.common.util.LogBuilder log
INFO: Destroying: tileImprovement:4284
May 16, 2018 12:13:35 AM net.sf.freecol.common.util.LogBuilder log
INFO: Destroying: tileImprovement:4573
May 16, 2018 12:13:35 AM net.sf.freecol.common.util.LogBuilder log
INFO: Destroying: tileImprovement:4575
May 16, 2018 12:13:35 AM net.sf.freecol.common.util.LogBuilder log
INFO: Destroying: tileImprovement:4577
May 16, 2018 12:13:35 AM net.sf.freecol.common.util.LogBuilder log
INFO: Destroying: tileImprovement:4268
May 16, 2018 12:13:35 AM net.sf.freecol.common.util.LogBuilder log
INFO: Destroying: tileImprovement:4270
May 16, 2018 12:13:35 AM net.sf.freecol.common.util.LogBuilder log
INFO: Destroying: tileImprovement:4272
May 16, 2018 12:13:35 AM net.sf.freecol.common.util.LogBuilder log
INFO: Destroying: tileImprovement:4715
May 16, 2018 12:13:35 AM net.sf.freecol.common.util.LogBuilder log
INFO: Destroying: tileImprovement:4716
May 16, 2018 12:13:35 AM net.sf.freecol.common.util.LogBuilder log
INFO: Destroying: tileImprovement:4717
May 16, 2018 12:13:35 AM net.sf.freecol.common.util.LogBuilder log
INFO: Destroying: tileImprovement:4699
May 16, 2018 12:13:35 AM net.sf.freecol.common.util.LogBuilder log
INFO: Destroying: tileImprovement:4701
May 16, 2018 12:13:35 AM net.sf.freecol.common.util.LogBuilder log
INFO: Destroying: tileImprovement:4696
May 16, 2018 12:13:35 AM net.sf.freecol.common.util.LogBuilder log
INFO: Destroying: tileImprovement:4697
May 16, 2018 12:13:35 AM net.sf.freecol.common.util.LogBuilder log
INFO: Destroying: tileImprovement:4698
May 16, 2018 12:13:35 AM net.sf.freecol.common.util.LogBuilder log
INFO: Destroying: tileImprovement:4222
May 16, 2018 12:13:35 AM net.sf.freecol.common.util.LogBuilder log
INFO: Destroying: tileImprovement:4224
May 16, 2018 12:13:35 AM net.sf.freecol.common.util.LogBuilder log
INFO: Destroying: tileImprovement:4226
May 16, 2018 12:13:35 AM net.sf.freecol.common.util.LogBuilder log
INFO: Destroying: tileImprovement:4228
May 16, 2018 12:13:35 AM net.sf.freecol.common.util.LogBuilder log
INFO: Destroying: tileImprovement:4230
May 16, 2018 12:13:35 AM net.sf.freecol.common.util.LogBuilder log
INFO: Destroying: tileImprovement:4569
May 16, 2018 12:13:35 AM net.sf.freecol.common.util.LogBuilder log
INFO: Destroying: tileImprovement:4571
May 16, 2018 12:13:35 AM net.sf.freecol.common.model.Game addPlayer
WARNING: Game already full, but tried to add: Dom Manuel I
May 16, 2018 12:13:35 AM net.sf.freecol.common.model.Game addPlayer
WARNING: Game already full, but tried to add: Charles XI
May 16, 2018 12:13:35 AM net.sf.freecol.common.model.Game addPlayer
WARNING: Game already full, but tried to add: Frederick II
May 16, 2018 12:13:35 AM net.sf.freecol.common.model.Game addPlayer
WARNING: Game already full, but tried to add: Peter I
May 16, 2018 12:13:35 AM net.sf.freecol.common.model.LandMap <init>
INFO: Using land generator model.option.landGeneratorType.classic
May 16, 2018 12:13:35 AM net.sf.freecol.common.util.LogBuilder log
INFO: Destroying: tileImprovement:4213
May 16, 2018 12:13:35 AM net.sf.freecol.common.util.LogBuilder log
INFO: Destroying: tileImprovement:4215
May 16, 2018 12:13:35 AM net.sf.freecol.common.util.LogBuilder log
INFO: Destroying: tileImprovement:4217
May 16, 2018 12:13:35 AM net.sf.freecol.common.util.LogBuilder log
INFO: Destroying: tileImprovement:4194
May 16, 2018 12:13:35 AM net.sf.freecol.common.util.LogBuilder log
INFO: Destroying: tileImprovement:4196
May 16, 2018 12:13:35 AM net.sf.freecol.common.util.LogBuilder log
INFO: Destroying: tileImprovement:4198
May 16, 2018 12:13:35 AM net.sf.freecol.common.util.LogBuilder log
INFO: Destroying: tileImprovement:4200
May 16, 2018 12:13:35 AM net.sf.freecol.common.util.LogBuilder log
INFO: Destroying: tileImprovement:4202
May 16, 2018 12:13:35 AM net.sf.freecol.common.util.LogBuilder log
INFO: Destroying: tileImprovement:4204
May 16, 2018 12:13:35 AM net.sf.freecol.common.util.LogBuilder log
INFO: Destroying: tileImprovement:4206
May 16, 2018 12:13:35 AM net.sf.freecol.common.util.LogBuilder log
INFO: Destroying: tileImprovement:4349
May 16, 2018 12:13:35 AM net.sf.freecol.common.util.LogBuilder log
INFO: Destroying: tileImprovement:4351
May 16, 2018 12:13:35 AM net.sf.freecol.common.util.LogBuilder log
INFO: Destroying: tileImprovement:4353
May 16, 2018 12:13:35 AM net.sf.freecol.common.util.LogBuilder log
INFO: Destroying: tileImprovement:4355
May 16, 2018 12:13:35 AM net.sf.freecol.common.util.LogBuilder log
INFO: Destroying: tileImprovement:4357
May 16, 2018 12:13:35 AM net.sf.freecol.common.util.LogBuilder log
INFO: Destroying: tileImprovement:4359
May 16, 2018 12:13:35 AM net.sf.freecol.common.util.LogBuilder log
INFO: Destroying: tileImprovement:4383
May 16, 2018 12:13:35 AM net.sf.freecol.common.util.LogBuilder log
INFO: Destroying: tileImprovement:4384
May 16, 2018 12:13:35 AM net.sf.freecol.common.util.LogBuilder log
INFO: Destroying: tileImprovement:4385
May 16, 2018 12:13:35 AM net.sf.freecol.common.util.LogBuilder log
INFO: Destroying: tileImprovement:4386
May 16, 2018 12:13:35 AM net.sf.freecol.common.util.LogBuilder log
INFO: Destroying: tileImprovement:4387
May 16, 2018 12:13:35 AM net.sf.freecol.common.util.LogBuilder log
INFO: Destroying: tileImprovement:4388
May 16, 2018 12:13:35 AM net.sf.freecol.common.util.LogBuilder log
INFO: Destroying: tileImprovement:4389
May 16, 2018 12:13:35 AM net.sf.freecol.common.util.LogBuilder log
INFO: Destroying: tileImprovement:4407
May 16, 2018 12:13:35 AM net.sf.freecol.common.util.LogBuilder log
INFO: Destroying: tileImprovement:4409
May 16, 2018 12:13:35 AM net.sf.freecol.common.util.LogBuilder log
INFO: Destroying: tileImprovement:4411
May 16, 2018 12:13:35 AM net.sf.freecol.common.util.LogBuilder log
INFO: Destroying: tileImprovement:4401
May 16, 2018 12:13:35 AM net.sf.freecol.common.util.LogBuilder log
INFO: Destroying: tileImprovement:4402
May 16, 2018 12:13:35 AM net.sf.freecol.common.util.LogBuilder log
INFO: Destroying: tileImprovement:4403
May 16, 2018 12:13:35 AM net.sf.freecol.common.util.LogBuilder log
INFO: Destroying: tileImprovement:4404
May 16, 2018 12:13:35 AM net.sf.freecol.common.util.LogBuilder log
INFO: Destroying: tileImprovement:4405
May 16, 2018 12:13:35 AM net.sf.freecol.common.util.LogBuilder log
INFO: Destroying: tileImprovement:4406
May 16, 2018 12:13:35 AM net.sf.freecol.common.util.LogBuilder log
INFO: Destroying: tileImprovement:4330
May 16, 2018 12:13:35 AM net.sf.freecol.common.util.LogBuilder log
INFO: Destroying: tileImprovement:4332
May 16, 2018 12:13:35 AM net.sf.freecol.common.util.LogBuilder log
INFO: Destroying: tileImprovement:4334
May 16, 2018 12:13:35 AM net.sf.freecol.common.util.LogBuilder log
INFO: Destroying: tileImprovement:4336
May 16, 2018 12:13:35 AM net.sf.freecol.common.util.LogBuilder log
INFO: Destroying: tileImprovement:4209
May 16, 2018 12:13:35 AM net.sf.freecol.common.util.LogBuilder log
INFO: Destroying: tileImprovement:4211
May 16, 2018 12:13:35 AM net.sf.freecol.common.util.LogBuilder log
INFO: Destroying: tileImprovement:4364
May 16, 2018 12:13:35 AM net.sf.freecol.common.util.LogBuilder log
INFO: Destroying: tileImprovement:4365
May 16, 2018 12:13:35 AM net.sf.freecol.common.util.LogBuilder log
INFO: Destroying: tileImprovement:4366
May 16, 2018 12:13:35 AM net.sf.freecol.common.util.LogBuilder log
INFO: Destroying: tileImprovement:4339
May 16, 2018 12:13:35 AM net.sf.freecol.common.util.LogBuilder log
INFO: Destroying: tileImprovement:4341
May 16, 2018 12:13:35 AM net.sf.freecol.common.util.LogBuilder log
INFO: Destroying: tileImprovement:4343
May 16, 2018 12:13:35 AM net.sf.freecol.common.util.LogBuilder log
INFO: Destroying: tileImprovement:4304
May 16, 2018 12:13:35 AM net.sf.freecol.common.util.LogBuilder log
INFO: Destroying: tileImprovement:4306
May 16, 2018 12:13:35 AM net.sf.freecol.common.util.LogBuilder log
INFO: Destroying: tileImprovement:4308
May 16, 2018 12:13:35 AM net.sf.freecol.common.util.LogBuilder log
INFO: Destroying: tileImprovement:4310
May 16, 2018 12:13:35 AM net.sf.freecol.common.util.LogBuilder log
INFO: Destroying: tileImprovement:4312
May 16, 2018 12:13:35 AM net.sf.freecol.common.util.LogBuilder log
INFO: Destroying: tileImprovement:4314
May 16, 2018 12:13:35 AM net.sf.freecol.common.util.LogBuilder log
INFO: Destroying: tileImprovement:4316
May 16, 2018 12:13:35 AM net.sf.freecol.common.util.LogBuilder log
INFO: Destroying: tileImprovement:4318
May 16, 2018 12:13:35 AM net.sf.freecol.common.util.LogBuilder log
INFO: Destroying: tileImprovement:4320
May 16, 2018 12:13:35 AM net.sf.freecol.common.util.LogBuilder log
INFO: Destroying: tileImprovement:4322
May 16, 2018 12:13:35 AM net.sf.freecol.common.util.LogBuilder log
INFO: Destroying: tileImprovement:4324
May 16, 2018 12:13:35 AM net.sf.freecol.common.util.LogBuilder log
INFO: Destroying: tileImprovement:4326
May 16, 2018 12:13:35 AM net.sf.freecol.common.util.LogBuilder log
INFO: Destroying: tileImprovement:4328
May 16, 2018 12:13:35 AM net.sf.freecol.common.util.LogBuilder log
INFO: Destroying: tileImprovement:4510
May 16, 2018 12:13:35 AM net.sf.freecol.common.util.LogBuilder log
INFO: Destroying: tileImprovement:4511
May 16, 2018 12:13:35 AM net.sf.freecol.common.util.LogBuilder log
INFO: Destroying: tileImprovement:4512
May 16, 2018 12:13:35 AM net.sf.freecol.common.util.LogBuilder log
INFO: Destroying: tileImprovement:4513
May 16, 2018 12:13:35 AM net.sf.freecol.common.util.LogBuilder log
INFO: Destroying: tileImprovement:4661
May 16, 2018 12:13:35 AM net.sf.freecol.common.util.LogBuilder log
INFO: Destroying: tileImprovement:4663
May 16, 2018 12:13:35 AM net.sf.freecol.common.util.LogBuilder log
INFO: Destroying: tileImprovement:4665
May 16, 2018 12:13:35 AM net.sf.freecol.common.util.LogBuilder log
INFO: Destroying: tileImprovement:4667
May 16, 2018 12:13:35 AM net.sf.freecol.common.util.LogBuilder log
INFO: Destroying: tileImprovement:4669
May 16, 2018 12:13:35 AM net.sf.freecol.common.util.LogBuilder log
INFO: Destroying: tileImprovement:4671
May 16, 2018 12:13:35 AM net.sf.freecol.common.util.LogBuilder log
INFO: Destroying: tileImprovement:4673
May 16, 2018 12:13:35 AM net.sf.freecol.common.util.LogBuilder log
INFO: Destroying: tileImprovement:4675
May 16, 2018 12:13:35 AM net.sf.freecol.common.util.LogBuilder log
INFO: Destroying: tileImprovement:4653
May 16, 2018 12:13:35 AM net.sf.freecol.common.util.LogBuilder log
INFO: Destroying: tileImprovement:4655
May 16, 2018 12:13:35 AM net.sf.freecol.common.util.LogBuilder log
INFO: Destroying: tileImprovement:4657
May 16, 2018 12:13:35 AM net.sf.freecol.common.util.LogBuilder log
INFO: Destroying: tileImprovement:4659
May 16, 2018 12:13:35 AM net.sf.freecol.common.util.LogBuilder log
INFO: Destroying: tileImprovement:4697
May 16, 2018 12:13:35 AM net.sf.freecol.common.util.LogBuilder log
INFO: Destroying: tileImprovement:4698
May 16, 2018 12:13:35 AM net.sf.freecol.common.util.LogBuilder log
INFO: Destroying: tileImprovement:4699
May 16, 2018 12:13:35 AM net.sf.freecol.common.util.LogBuilder log
INFO: Destroying: tileImprovement:4700
May 16, 2018 12:13:35 AM net.sf.freecol.common.util.LogBuilder log
INFO: Destroying: tileImprovement:4701
May 16, 2018 12:13:35 AM net.sf.freecol.common.util.LogBuilder log
INFO: Destroying: tileImprovement:4702
May 16, 2018 12:13:35 AM net.sf.freecol.common.util.LogBuilder log
INFO: Destroying: tileImprovement:4703
May 16, 2018 12:13:35 AM net.sf.freecol.common.util.LogBuilder log
INFO: Destroying: tileImprovement:4704
May 16, 2018 12:13:35 AM net.sf.freecol.common.util.LogBuilder log
INFO: Destroying: tileImprovement:4523
May 16, 2018 12:13:35 AM net.sf.freecol.common.util.LogBuilder log
INFO: Destroying: tileImprovement:4524
May 16, 2018 12:13:35 AM net.sf.freecol.common.util.LogBuilder log
INFO: Destroying: tileImprovement:4633
May 16, 2018 12:13:35 AM net.sf.freecol.common.util.LogBuilder log
INFO: Destroying: tileImprovement:4635
May 16, 2018 12:13:35 AM net.sf.freecol.common.util.LogBuilder log
INFO: Destroying: tileImprovement:4637
May 16, 2018 12:13:35 AM net.sf.freecol.common.util.LogBuilder log
INFO: Destroying: tileImprovement:4639
May 16, 2018 12:13:35 AM net.sf.freecol.common.util.LogBuilder log
INFO: Destroying: tileImprovement:4641
May 16, 2018 12:13:35 AM net.sf.freecol.common.util.LogBuilder log
INFO: Destroying: tileImprovement:4643
May 16, 2018 12:13:35 AM net.sf.freecol.common.util.LogBuilder log
INFO: Destroying: tileImprovement:4620
May 16, 2018 12:13:35 AM net.sf.freecol.common.util.LogBuilder log
INFO: Destroying: tileImprovement:4621
May 16, 2018 12:13:35 AM net.sf.freecol.common.util.LogBuilder log
INFO: Destroying: tileImprovement:4622
May 16, 2018 12:13:35 AM net.sf.freecol.common.util.LogBuilder log
INFO: Destroying: tileImprovement:4623
May 16, 2018 12:13:35 AM net.sf.freecol.common.util.LogBuilder log
INFO: Destroying: tileImprovement:4624
May 16, 2018 12:13:35 AM net.sf.freecol.common.util.LogBuilder log
INFO: Destroying: tileImprovement:4625
May 16, 2018 12:13:35 AM net.sf.freecol.common.util.LogBuilder log
INFO: Destroying: tileImprovement:4626
May 16, 2018 12:13:35 AM net.sf.freecol.common.util.LogBuilder log
INFO: Destroying: tileImprovement:4627
May 16, 2018 12:13:35 AM net.sf.freecol.common.util.LogBuilder log
INFO: Destroying: tileImprovement:4628
May 16, 2018 12:13:35 AM net.sf.freecol.common.util.LogBuilder log
INFO: Destroying: tileImprovement:4629
May 16, 2018 12:13:35 AM net.sf.freecol.common.util.LogBuilder log
INFO: Destroying: tileImprovement:4630
May 16, 2018 12:13:35 AM net.sf.freecol.common.util.LogBuilder log
INFO: Destroying: tileImprovement:4631
May 16, 2018 12:13:35 AM net.sf.freecol.common.util.LogBuilder log
INFO: Destroying: tileImprovement:4632
May 16, 2018 12:13:35 AM net.sf.freecol.common.util.LogBuilder log
INFO: Destroying: tileImprovement:4448
May 16, 2018 12:13:35 AM net.sf.freecol.common.util.LogBuilder log
INFO: Destroying: tileImprovement:4450
May 16, 2018 12:13:35 AM net.sf.freecol.common.util.LogBuilder log
INFO: Destroying: tileImprovement:4452
May 16, 2018 12:13:35 AM net.sf.freecol.common.util.LogBuilder log
INFO: Destroying: tileImprovement:4741
May 16, 2018 12:13:35 AM net.sf.freecol.common.util.LogBuilder log
INFO: Destroying: tileImprovement:4743
May 16, 2018 12:13:35 AM net.sf.freecol.common.util.LogBuilder log
INFO: Destroying: tileImprovement:4745
May 16, 2018 12:13:35 AM net.sf.freecol.common.util.LogBuilder log
INFO: Destroying: tileImprovement:4436
May 16, 2018 12:13:35 AM net.sf.freecol.common.util.LogBuilder log
INFO: Destroying: tileImprovement:4438
May 16, 2018 12:13:35 AM net.sf.freecol.common.util.LogBuilder log
INFO: Destroying: tileImprovement:4440
May 16, 2018 12:13:35 AM net.sf.freecol.common.util.LogBuilder log
INFO: Destroying: tileImprovement:4883
May 16, 2018 12:13:35 AM net.sf.freecol.common.util.LogBuilder log
INFO: Destroying: tileImprovement:4884
May 16, 2018 12:13:35 AM net.sf.freecol.common.util.LogBuilder log
INFO: Destroying: tileImprovement:4885
May 16, 2018 12:13:35 AM net.sf.freecol.common.util.LogBuilder log
INFO: Destroying: tileImprovement:4867
May 16, 2018 12:13:35 AM net.sf.freecol.common.util.LogBuilder log
INFO: Destroying: tileImprovement:4869
May 16, 2018 12:13:35 AM net.sf.freecol.common.util.LogBuilder log
INFO: Destroying: tileImprovement:4864
May 16, 2018 12:13:35 AM net.sf.freecol.common.util.LogBuilder log
INFO: Destroying: tileImprovement:4865
May 16, 2018 12:13:36 AM net.sf.freecol.common.util.LogBuilder log
INFO: Destroying: tileImprovement:4866
May 16, 2018 12:13:36 AM net.sf.freecol.common.util.LogBuilder log
INFO: Destroying: tileImprovement:4390
May 16, 2018 12:13:36 AM net.sf.freecol.common.util.LogBuilder log
INFO: Destroying: tileImprovement:4392
May 16, 2018 12:13:36 AM net.sf.freecol.common.util.LogBuilder log
INFO: Destroying: tileImprovement:4394
May 16, 2018 12:13:36 AM net.sf.freecol.common.util.LogBuilder log
INFO: Destroying: tileImprovement:4396
May 16, 2018 12:13:36 AM net.sf.freecol.common.util.LogBuilder log
INFO: Destroying: tileImprovement:4398
May 16, 2018 12:13:36 AM net.sf.freecol.common.util.LogBuilder log
INFO: Destroying: tileImprovement:4737
May 16, 2018 12:13:36 AM net.sf.freecol.common.util.LogBuilder log
INFO: Destroying: tileImprovement:4739
May 16, 2018 12:13:36 AM net.sf.freecol.common.model.Game addPlayer
WARNING: Game already full, but tried to add: Dom Manuel I
May 16, 2018 12:13:36 AM net.sf.freecol.common.model.Game addPlayer
WARNING: Game already full, but tried to add: Charles XI
May 16, 2018 12:13:36 AM net.sf.freecol.common.model.Game addPlayer
WARNING: Game already full, but tried to add: Frederick II
May 16, 2018 12:13:36 AM net.sf.freecol.common.model.Game addPlayer
WARNING: Game already full, but tried to add: Peter I
May 16, 2018 12:13:36 AM net.sf.freecol.common.model.LandMap <init>
INFO: Using land generator model.option.landGeneratorType.classic
May 16, 2018 12:13:36 AM net.sf.freecol.common.util.LogBuilder log
INFO: Destroying: tileImprovement:4517
May 16, 2018 12:13:36 AM net.sf.freecol.common.util.LogBuilder log
INFO: Destroying: tileImprovement:4519
May 16, 2018 12:13:36 AM net.sf.freecol.common.util.LogBuilder log
INFO: Destroying: tileImprovement:4521
May 16, 2018 12:13:36 AM net.sf.freecol.common.util.LogBuilder log
INFO: Destroying: tileImprovement:4498
May 16, 2018 12:13:36 AM net.sf.freecol.common.util.LogBuilder log
INFO: Destroying: tileImprovement:4500
May 16, 2018 12:13:36 AM net.sf.freecol.common.util.LogBuilder log
INFO: Destroying: tileImprovement:4502
May 16, 2018 12:13:36 AM net.sf.freecol.common.util.LogBuilder log
INFO: Destroying: tileImprovement:4504
May 16, 2018 12:13:36 AM net.sf.freecol.common.util.LogBuilder log
INFO: Destroying: tileImprovement:4506
May 16, 2018 12:13:36 AM net.sf.freecol.common.util.LogBuilder log
INFO: Destroying: tileImprovement:4508
May 16, 2018 12:13:36 AM net.sf.freecol.common.util.LogBuilder log
INFO: Destroying: tileImprovement:4510
May 16, 2018 12:13:36 AM net.sf.freecol.common.util.LogBuilder log
INFO: Destroying: tileImprovement:4653
May 16, 2018 12:13:36 AM net.sf.freecol.common.util.LogBuilder log
INFO: Destroying: tileImprovement:4655
May 16, 2018 12:13:36 AM net.sf.freecol.common.util.LogBuilder log
INFO: Destroying: tileImprovement:4657
May 16, 2018 12:13:36 AM net.sf.freecol.common.util.LogBuilder log
INFO: Destroying: tileImprovement:4659
May 16, 2018 12:13:36 AM net.sf.freecol.common.util.LogBuilder log
INFO: Destroying: tileImprovement:4661
May 16, 2018 12:13:36 AM net.sf.freecol.common.util.LogBuilder log
INFO: Destroying: tileImprovement:4663
May 16, 2018 12:13:36 AM net.sf.freecol.common.util.LogBuilder log
INFO: Destroying: tileImprovement:4687
May 16, 2018 12:13:36 AM net.sf.freecol.common.util.LogBuilder log
INFO: Destroying: tileImprovement:4688
May 16, 2018 12:13:36 AM net.sf.freecol.common.util.LogBuilder log
INFO: Destroying: tileImprovement:4689
May 16, 2018 12:13:36 AM net.sf.freecol.common.util.LogBuilder log
INFO: Destroying: tileImprovement:4690
May 16, 2018 12:13:36 AM net.sf.freecol.common.util.LogBuilder log
INFO: Destroying: tileImprovement:4691
May 16, 2018 12:13:36 AM net.sf.freecol.common.util.LogBuilder log
INFO: Destroying: tileImprovement:4692
May 16, 2018 12:13:36 AM net.sf.freecol.common.util.LogBuilder log
INFO: Destroying: tileImprovement:4693
May 16, 2018 12:13:36 AM net.sf.freecol.common.util.LogBuilder log
INFO: Destroying: tileImprovement:4711
May 16, 2018 12:13:36 AM net.sf.freecol.common.util.LogBuilder log
INFO: Destroying: tileImprovement:4713
May 16, 2018 12:13:36 AM net.sf.freecol.common.util.LogBuilder log
INFO: Destroying: tileImprovement:4715
May 16, 2018 12:13:36 AM net.sf.freecol.common.util.LogBuilder log
INFO: Destroying: tileImprovement:4705
May 16, 2018 12:13:36 AM net.sf.freecol.common.util.LogBuilder log
INFO: Destroying: tileImprovement:4706
May 16, 2018 12:13:36 AM net.sf.freecol.common.util.LogBuilder log
INFO: Destroying: tileImprovement:4707
May 16, 2018 12:13:36 AM net.sf.freecol.common.util.LogBuilder log
INFO: Destroying: tileImprovement:4708
May 16, 2018 12:13:36 AM net.sf.freecol.common.util.LogBuilder log
INFO: Destroying: tileImprovement:4709
May 16, 2018 12:13:36 AM net.sf.freecol.common.util.LogBuilder log
INFO: Destroying: tileImprovement:4710
May 16, 2018 12:13:36 AM net.sf.freecol.common.util.LogBuilder log
INFO: Destroying: tileImprovement:4634
May 16, 2018 12:13:36 AM net.sf.freecol.common.util.LogBuilder log
INFO: Destroying: tileImprovement:4636
May 16, 2018 12:13:36 AM net.sf.freecol.common.util.LogBuilder log
INFO: Destroying: tileImprovement:4638
May 16, 2018 12:13:36 AM net.sf.freecol.common.util.LogBuilder log
INFO: Destroying: tileImprovement:4640
May 16, 2018 12:13:36 AM net.sf.freecol.common.util.LogBuilder log
INFO: Destroying: tileImprovement:4513
May 16, 2018 12:13:36 AM net.sf.freecol.common.util.LogBuilder log
INFO: Destroying: tileImprovement:4515
May 16, 2018 12:13:36 AM net.sf.freecol.common.util.LogBuilder log
INFO: Destroying: tileImprovement:4668
May 16, 2018 12:13:36 AM net.sf.freecol.common.util.LogBuilder log
INFO: Destroying: tileImprovement:4669
May 16, 2018 12:13:36 AM net.sf.freecol.common.util.LogBuilder log
INFO: Destroying: tileImprovement:4670
May 16, 2018 12:13:36 AM net.sf.freecol.common.util.LogBuilder log
INFO: Destroying: tileImprovement:4643
May 16, 2018 12:13:36 AM net.sf.freecol.common.util.LogBuilder log
INFO: Destroying: tileImprovement:4645
May 16, 2018 12:13:36 AM net.sf.freecol.common.util.LogBuilder log
INFO: Destroying: tileImprovement:4647
May 16, 2018 12:13:36 AM net.sf.freecol.common.util.LogBuilder log
INFO: Destroying: tileImprovement:4608
May 16, 2018 12:13:36 AM net.sf.freecol.common.util.LogBuilder log
INFO: Destroying: tileImprovement:4610
May 16, 2018 12:13:36 AM net.sf.freecol.common.util.LogBuilder log
INFO: Destroying: tileImprovement:4612
May 16, 2018 12:13:36 AM net.sf.freecol.common.util.LogBuilder log
INFO: Destroying: tileImprovement:4614
May 16, 2018 12:13:36 AM net.sf.freecol.common.util.LogBuilder log
INFO: Destroying: tileImprovement:4616
May 16, 2018 12:13:36 AM net.sf.freecol.common.util.LogBuilder log
INFO: Destroying: tileImprovement:4618
May 16, 2018 12:13:36 AM net.sf.freecol.common.util.LogBuilder log
INFO: Destroying: tileImprovement:4620
May 16, 2018 12:13:36 AM net.sf.freecol.common.util.LogBuilder log
INFO: Destroying: tileImprovement:4622
May 16, 2018 12:13:36 AM net.sf.freecol.common.util.LogBuilder log
INFO: Destroying: tileImprovement:4624
May 16, 2018 12:13:36 AM net.sf.freecol.common.util.LogBuilder log
INFO: Destroying: tileImprovement:4626
May 16, 2018 12:13:36 AM net.sf.freecol.common.util.LogBuilder log
INFO: Destroying: tileImprovement:4628
May 16, 2018 12:13:36 AM net.sf.freecol.common.util.LogBuilder log
INFO: Destroying: tileImprovement:4630
May 16, 2018 12:13:36 AM net.sf.freecol.common.util.LogBuilder log
INFO: Destroying: tileImprovement:4632
May 16, 2018 12:13:36 AM net.sf.freecol.common.util.LogBuilder log
INFO: Destroying: tileImprovement:4814
May 16, 2018 12:13:36 AM net.sf.freecol.common.util.LogBuilder log
INFO: Destroying: tileImprovement:4815
May 16, 2018 12:13:36 AM net.sf.freecol.common.util.LogBuilder log
INFO: Destroying: tileImprovement:4816
May 16, 2018 12:13:36 AM net.sf.freecol.common.util.LogBuilder log
INFO: Destroying: tileImprovement:4817
May 16, 2018 12:13:36 AM net.sf.freecol.common.util.LogBuilder log
INFO: Destroying: tileImprovement:4965
May 16, 2018 12:13:36 AM net.sf.freecol.common.util.LogBuilder log
INFO: Destroying: tileImprovement:4967
May 16, 2018 12:13:36 AM net.sf.freecol.common.util.LogBuilder log
INFO: Destroying: tileImprovement:4969
May 16, 2018 12:13:36 AM net.sf.freecol.common.util.LogBuilder log
INFO: Destroying: tileImprovement:4971
May 16, 2018 12:13:36 AM net.sf.freecol.common.util.LogBuilder log
INFO: Destroying: tileImprovement:4973
May 16, 2018 12:13:36 AM net.sf.freecol.common.util.LogBuilder log
INFO: Destroying: tileImprovement:4975
May 16, 2018 12:13:36 AM net.sf.freecol.common.util.LogBuilder log
INFO: Destroying: tileImprovement:4977
May 16, 2018 12:13:36 AM net.sf.freecol.common.util.LogBuilder log
INFO: Destroying: tileImprovement:4979
May 16, 2018 12:13:36 AM net.sf.freecol.common.util.LogBuilder log
INFO: Destroying: tileImprovement:4957
May 16, 2018 12:13:36 AM net.sf.freecol.common.util.LogBuilder log
INFO: Destroying: tileImprovement:4959
May 16, 2018 12:13:36 AM net.sf.freecol.common.util.LogBuilder log
INFO: Destroying: tileImprovement:4961
May 16, 2018 12:13:36 AM net.sf.freecol.common.util.LogBuilder log
INFO: Destroying: tileImprovement:4963
May 16, 2018 12:13:36 AM net.sf.freecol.common.util.LogBuilder log
INFO: Destroying: tileImprovement:5001
May 16, 2018 12:13:36 AM net.sf.freecol.common.util.LogBuilder log
INFO: Destroying: tileImprovement:5002
May 16, 2018 12:13:36 AM net.sf.freecol.common.util.LogBuilder log
INFO: Destroying: tileImprovement:5003
May 16, 2018 12:13:36 AM net.sf.freecol.common.util.LogBuilder log
INFO: Destroying: tileImprovement:5004
May 16, 2018 12:13:36 AM net.sf.freecol.common.util.LogBuilder log
INFO: Destroying: tileImprovement:5005
May 16, 2018 12:13:36 AM net.sf.freecol.common.util.LogBuilder log
INFO: Destroying: tileImprovement:5006
May 16, 2018 12:13:36 AM net.sf.freecol.common.util.LogBuilder log
INFO: Destroying: tileImprovement:5007
May 16, 2018 12:13:36 AM net.sf.freecol.common.util.LogBuilder log
INFO: Destroying: tileImprovement:5008
May 16, 2018 12:13:36 AM net.sf.freecol.common.util.LogBuilder log
INFO: Destroying: tileImprovement:4827
May 16, 2018 12:13:36 AM net.sf.freecol.common.util.LogBuilder log
INFO: Destroying: tileImprovement:4828
May 16, 2018 12:13:36 AM net.sf.freecol.common.util.LogBuilder log
INFO: Destroying: tileImprovement:4937
May 16, 2018 12:13:36 AM net.sf.freecol.common.util.LogBuilder log
INFO: Destroying: tileImprovement:4939
May 16, 2018 12:13:36 AM net.sf.freecol.common.util.LogBuilder log
INFO: Destroying: tileImprovement:4941
May 16, 2018 12:13:36 AM net.sf.freecol.common.util.LogBuilder log
INFO: Destroying: tileImprovement:4943
May 16, 2018 12:13:36 AM net.sf.freecol.common.util.LogBuilder log
INFO: Destroying: tileImprovement:4945
May 16, 2018 12:13:36 AM net.sf.freecol.common.util.LogBuilder log
INFO: Destroying: tileImprovement:4947
May 16, 2018 12:13:36 AM net.sf.freecol.common.util.LogBuilder log
INFO: Destroying: tileImprovement:4924
May 16, 2018 12:13:36 AM net.sf.freecol.common.util.LogBuilder log
INFO: Destroying: tileImprovement:4925
May 16, 2018 12:13:36 AM net.sf.freecol.common.util.LogBuilder log
INFO: Destroying: tileImprovement:4926
May 16, 2018 12:13:36 AM net.sf.freecol.common.util.LogBuilder log
INFO: Destroying: tileImprovement:4927
May 16, 2018 12:13:36 AM net.sf.freecol.common.util.LogBuilder log
INFO: Destroying: tileImprovement:4928
May 16, 2018 12:13:36 AM net.sf.freecol.common.util.LogBuilder log
INFO: Destroying: tileImprovement:4929
May 16, 2018 12:13:36 AM net.sf.freecol.common.util.LogBuilder log
INFO: Destroying: tileImprovement:4930
May 16, 2018 12:13:36 AM net.sf.freecol.common.util.LogBuilder log
INFO: Destroying: tileImprovement:4931
May 16, 2018 12:13:36 AM net.sf.freecol.common.util.LogBuilder log
INFO: Destroying: tileImprovement:4932
May 16, 2018 12:13:36 AM net.sf.freecol.common.util.LogBuilder log
INFO: Destroying: tileImprovement:4933
May 16, 2018 12:13:36 AM net.sf.freecol.common.util.LogBuilder log
INFO: Destroying: tileImprovement:4934
May 16, 2018 12:13:36 AM net.sf.freecol.common.util.LogBuilder log
INFO: Destroying: tileImprovement:4935
May 16, 2018 12:13:36 AM net.sf.freecol.common.util.LogBuilder log
INFO: Destroying: tileImprovement:4936
May 16, 2018 12:13:36 AM net.sf.freecol.common.util.LogBuilder log
INFO: Destroying: tileImprovement:4752
May 16, 2018 12:13:36 AM net.sf.freecol.common.util.LogBuilder log
INFO: Destroying: tileImprovement:4754
May 16, 2018 12:13:36 AM net.sf.freecol.common.util.LogBuilder log
INFO: Destroying: tileImprovement:4756
May 16, 2018 12:13:36 AM net.sf.freecol.common.util.LogBuilder log
INFO: Destroying: tileImprovement:5045
May 16, 2018 12:13:36 AM net.sf.freecol.common.util.LogBuilder log
INFO: Destroying: tileImprovement:5047
May 16, 2018 12:13:36 AM net.sf.freecol.common.util.LogBuilder log
INFO: Destroying: tileImprovement:5049
May 16, 2018 12:13:36 AM net.sf.freecol.common.util.LogBuilder log
INFO: Destroying: tileImprovement:4740
May 16, 2018 12:13:36 AM net.sf.freecol.common.util.LogBuilder log
INFO: Destroying: tileImprovement:4742
May 16, 2018 12:13:36 AM net.sf.freecol.common.util.LogBuilder log
INFO: Destroying: tileImprovement:4744
May 16, 2018 12:13:36 AM net.sf.freecol.common.util.LogBuilder log
INFO: Destroying: tileImprovement:5187
May 16, 2018 12:13:36 AM net.sf.freecol.common.util.LogBuilder log
INFO: Destroying: tileImprovement:5188
May 16, 2018 12:13:36 AM net.sf.freecol.common.util.LogBuilder log
INFO: Destroying: tileImprovement:5189
May 16, 2018 12:13:36 AM net.sf.freecol.common.util.LogBuilder log
INFO: Destroying: tileImprovement:5171
May 16, 2018 12:13:36 AM net.sf.freecol.common.util.LogBuilder log
INFO: Destroying: tileImprovement:5173
May 16, 2018 12:13:36 AM net.sf.freecol.common.util.LogBuilder log
INFO: Destroying: tileImprovement:5168
May 16, 2018 12:13:36 AM net.sf.freecol.common.util.LogBuilder log
INFO: Destroying: tileImprovement:5169
May 16, 2018 12:13:36 AM net.sf.freecol.common.util.LogBuilder log
INFO: Destroying: tileImprovement:5170
May 16, 2018 12:13:36 AM net.sf.freecol.common.util.LogBuilder log
INFO: Destroying: tileImprovement:4694
May 16, 2018 12:13:36 AM net.sf.freecol.common.util.LogBuilder log
INFO: Destroying: tileImprovement:4696
May 16, 2018 12:13:36 AM net.sf.freecol.common.util.LogBuilder log
INFO: Destroying: tileImprovement:4698
May 16, 2018 12:13:36 AM net.sf.freecol.common.util.LogBuilder log
INFO: Destroying: tileImprovement:4700
May 16, 2018 12:13:36 AM net.sf.freecol.common.util.LogBuilder log
INFO: Destroying: tileImprovement:4702
May 16, 2018 12:13:36 AM net.sf.freecol.common.util.LogBuilder log
INFO: Destroying: tileImprovement:5041
May 16, 2018 12:13:36 AM net.sf.freecol.common.util.LogBuilder log
INFO: Destroying: tileImprovement:5043
May 16, 2018 12:13:36 AM net.sf.freecol.common.model.Game addPlayer
WARNING: Game already full, but tried to add: Dom Manuel I
May 16, 2018 12:13:36 AM net.sf.freecol.common.model.Game addPlayer
WARNING: Game already full, but tried to add: Charles XI
May 16, 2018 12:13:36 AM net.sf.freecol.common.model.Game addPlayer
WARNING: Game already full, but tried to add: Frederick II
May 16, 2018 12:13:36 AM net.sf.freecol.common.model.Game addPlayer
WARNING: Game already full, but tried to add: Peter I
May 16, 2018 12:13:36 AM net.sf.freecol.common.model.LandMap <init>
INFO: Using land generator model.option.landGeneratorType.classic
May 16, 2018 12:13:36 AM net.sf.freecol.common.util.LogBuilder log
INFO: Destroying: tileImprovement:4517
May 16, 2018 12:13:36 AM net.sf.freecol.common.util.LogBuilder log
INFO: Destroying: tileImprovement:4519
May 16, 2018 12:13:36 AM net.sf.freecol.common.util.LogBuilder log
INFO: Destroying: tileImprovement:4521
May 16, 2018 12:13:36 AM net.sf.freecol.common.util.LogBuilder log
INFO: Destroying: tileImprovement:4498
May 16, 2018 12:13:36 AM net.sf.freecol.common.util.LogBuilder log
INFO: Destroying: tileImprovement:4500
May 16, 2018 12:13:36 AM net.sf.freecol.common.util.LogBuilder log
INFO: Destroying: tileImprovement:4502
May 16, 2018 12:13:36 AM net.sf.freecol.common.util.LogBuilder log
INFO: Destroying: tileImprovement:4504
May 16, 2018 12:13:36 AM net.sf.freecol.common.util.LogBuilder log
INFO: Destroying: tileImprovement:4506
May 16, 2018 12:13:36 AM net.sf.freecol.common.util.LogBuilder log
INFO: Destroying: tileImprovement:4508
May 16, 2018 12:13:36 AM net.sf.freecol.common.util.LogBuilder log
INFO: Destroying: tileImprovement:4510
May 16, 2018 12:13:36 AM net.sf.freecol.common.util.LogBuilder log
INFO: Destroying: tileImprovement:4653
May 16, 2018 12:13:36 AM net.sf.freecol.common.util.LogBuilder log
INFO: Destroying: tileImprovement:4655
May 16, 2018 12:13:36 AM net.sf.freecol.common.util.LogBuilder log
INFO: Destroying: tileImprovement:4657
May 16, 2018 12:13:36 AM net.sf.freecol.common.util.LogBuilder log
INFO: Destroying: tileImprovement:4659
May 16, 2018 12:13:36 AM net.sf.freecol.common.util.LogBuilder log
INFO: Destroying: tileImprovement:4661
May 16, 2018 12:13:36 AM net.sf.freecol.common.util.LogBuilder log
INFO: Destroying: tileImprovement:4663
May 16, 2018 12:13:36 AM net.sf.freecol.common.util.LogBuilder log
INFO: Destroying: tileImprovement:4687
May 16, 2018 12:13:36 AM net.sf.freecol.common.util.LogBuilder log
INFO: Destroying: tileImprovement:4688
May 16, 2018 12:13:36 AM net.sf.freecol.common.util.LogBuilder log
INFO: Destroying: tileImprovement:4689
May 16, 2018 12:13:36 AM net.sf.freecol.common.util.LogBuilder log
INFO: Destroying: tileImprovement:4690
May 16, 2018 12:13:36 AM net.sf.freecol.common.util.LogBuilder log
INFO: Destroying: tileImprovement:4691
May 16, 2018 12:13:36 AM net.sf.freecol.common.util.LogBuilder log
INFO: Destroying: tileImprovement:4692
May 16, 2018 12:13:36 AM net.sf.freecol.common.util.LogBuilder log
INFO: Destroying: tileImprovement:4693
May 16, 2018 12:13:36 AM net.sf.freecol.common.util.LogBuilder log
INFO: Destroying: tileImprovement:4711
May 16, 2018 12:13:36 AM net.sf.freecol.common.util.LogBuilder log
INFO: Destroying: tileImprovement:4713
May 16, 2018 12:13:36 AM net.sf.freecol.common.util.LogBuilder log
INFO: Destroying: tileImprovement:4715
May 16, 2018 12:13:36 AM net.sf.freecol.common.util.LogBuilder log
INFO: Destroying: tileImprovement:4705
May 16, 2018 12:13:36 AM net.sf.freecol.common.util.LogBuilder log
INFO: Destroying: tileImprovement:4706
May 16, 2018 12:13:36 AM net.sf.freecol.common.util.LogBuilder log
INFO: Destroying: tileImprovement:4707
May 16, 2018 12:13:36 AM net.sf.freecol.common.util.LogBuilder log
INFO: Destroying: tileImprovement:4708
May 16, 2018 12:13:36 AM net.sf.freecol.common.util.LogBuilder log
INFO: Destroying: tileImprovement:4709
May 16, 2018 12:13:36 AM net.sf.freecol.common.util.LogBuilder log
INFO: Destroying: tileImprovement:4710
May 16, 2018 12:13:36 AM net.sf.freecol.common.util.LogBuilder log
INFO: Destroying: tileImprovement:4634
May 16, 2018 12:13:36 AM net.sf.freecol.common.util.LogBuilder log
INFO: Destroying: tileImprovement:4636
May 16, 2018 12:13:36 AM net.sf.freecol.common.util.LogBuilder log
INFO: Destroying: tileImprovement:4638
May 16, 2018 12:13:36 AM net.sf.freecol.common.util.LogBuilder log
INFO: Destroying: tileImprovement:4640
May 16, 2018 12:13:36 AM net.sf.freecol.common.util.LogBuilder log
INFO: Destroying: tileImprovement:4513
May 16, 2018 12:13:36 AM net.sf.freecol.common.util.LogBuilder log
INFO: Destroying: tileImprovement:4515
May 16, 2018 12:13:36 AM net.sf.freecol.common.util.LogBuilder log
INFO: Destroying: tileImprovement:4668
May 16, 2018 12:13:36 AM net.sf.freecol.common.util.LogBuilder log
INFO: Destroying: tileImprovement:4669
May 16, 2018 12:13:36 AM net.sf.freecol.common.util.LogBuilder log
INFO: Destroying: tileImprovement:4670
May 16, 2018 12:13:36 AM net.sf.freecol.common.util.LogBuilder log
INFO: Destroying: tileImprovement:4643
May 16, 2018 12:13:36 AM net.sf.freecol.common.util.LogBuilder log
INFO: Destroying: tileImprovement:4645
May 16, 2018 12:13:36 AM net.sf.freecol.common.util.LogBuilder log
INFO: Destroying: tileImprovement:4647
May 16, 2018 12:13:36 AM net.sf.freecol.common.util.LogBuilder log
INFO: Destroying: tileImprovement:4608
May 16, 2018 12:13:36 AM net.sf.freecol.common.util.LogBuilder log
INFO: Destroying: tileImprovement:4610
May 16, 2018 12:13:36 AM net.sf.freecol.common.util.LogBuilder log
INFO: Destroying: tileImprovement:4612
May 16, 2018 12:13:36 AM net.sf.freecol.common.util.LogBuilder log
INFO: Destroying: tileImprovement:4614
May 16, 2018 12:13:36 AM net.sf.freecol.common.util.LogBuilder log
INFO: Destroying: tileImprovement:4616
May 16, 2018 12:13:36 AM net.sf.freecol.common.util.LogBuilder log
INFO: Destroying: tileImprovement:4618
May 16, 2018 12:13:36 AM net.sf.freecol.common.util.LogBuilder log
INFO: Destroying: tileImprovement:4620
May 16, 2018 12:13:36 AM net.sf.freecol.common.util.LogBuilder log
INFO: Destroying: tileImprovement:4622
May 16, 2018 12:13:36 AM net.sf.freecol.common.util.LogBuilder log
INFO: Destroying: tileImprovement:4624
May 16, 2018 12:13:36 AM net.sf.freecol.common.util.LogBuilder log
INFO: Destroying: tileImprovement:4626
May 16, 2018 12:13:36 AM net.sf.freecol.common.util.LogBuilder log
INFO: Destroying: tileImprovement:4628
May 16, 2018 12:13:36 AM net.sf.freecol.common.util.LogBuilder log
INFO: Destroying: tileImprovement:4630
May 16, 2018 12:13:36 AM net.sf.freecol.common.util.LogBuilder log
INFO: Destroying: tileImprovement:4632
May 16, 2018 12:13:36 AM net.sf.freecol.common.util.LogBuilder log
INFO: Destroying: tileImprovement:4814
May 16, 2018 12:13:36 AM net.sf.freecol.common.util.LogBuilder log
INFO: Destroying: tileImprovement:4815
May 16, 2018 12:13:36 AM net.sf.freecol.common.util.LogBuilder log
INFO: Destroying: tileImprovement:4816
May 16, 2018 12:13:36 AM net.sf.freecol.common.util.LogBuilder log
INFO: Destroying: tileImprovement:4817
May 16, 2018 12:13:36 AM net.sf.freecol.common.util.LogBuilder log
INFO: Destroying: tileImprovement:4965
May 16, 2018 12:13:36 AM net.sf.freecol.common.util.LogBuilder log
INFO: Destroying: tileImprovement:4967
May 16, 2018 12:13:36 AM net.sf.freecol.common.util.LogBuilder log
INFO: Destroying: tileImprovement:4969
May 16, 2018 12:13:36 AM net.sf.freecol.common.util.LogBuilder log
INFO: Destroying: tileImprovement:4971
May 16, 2018 12:13:36 AM net.sf.freecol.common.util.LogBuilder log
INFO: Destroying: tileImprovement:4973
May 16, 2018 12:13:36 AM net.sf.freecol.common.util.LogBuilder log
INFO: Destroying: tileImprovement:4975
May 16, 2018 12:13:36 AM net.sf.freecol.common.util.LogBuilder log
INFO: Destroying: tileImprovement:4977
May 16, 2018 12:13:36 AM net.sf.freecol.common.util.LogBuilder log
INFO: Destroying: tileImprovement:4979
May 16, 2018 12:13:36 AM net.sf.freecol.common.util.LogBuilder log
INFO: Destroying: tileImprovement:4957
May 16, 2018 12:13:36 AM net.sf.freecol.common.util.LogBuilder log
INFO: Destroying: tileImprovement:4959
May 16, 2018 12:13:36 AM net.sf.freecol.common.util.LogBuilder log
INFO: Destroying: tileImprovement:4961
May 16, 2018 12:13:36 AM net.sf.freecol.common.util.LogBuilder log
INFO: Destroying: tileImprovement:4963
May 16, 2018 12:13:36 AM net.sf.freecol.common.util.LogBuilder log
INFO: Destroying: tileImprovement:5001
May 16, 2018 12:13:36 AM net.sf.freecol.common.util.LogBuilder log
INFO: Destroying: tileImprovement:5002
May 16, 2018 12:13:36 AM net.sf.freecol.common.util.LogBuilder log
INFO: Destroying: tileImprovement:5003
May 16, 2018 12:13:36 AM net.sf.freecol.common.util.LogBuilder log
INFO: Destroying: tileImprovement:5004
May 16, 2018 12:13:36 AM net.sf.freecol.common.util.LogBuilder log
INFO: Destroying: tileImprovement:5005
May 16, 2018 12:13:36 AM net.sf.freecol.common.util.LogBuilder log
INFO: Destroying: tileImprovement:5006
May 16, 2018 12:13:36 AM net.sf.freecol.common.util.LogBuilder log
INFO: Destroying: tileImprovement:5007
May 16, 2018 12:13:36 AM net.sf.freecol.common.util.LogBuilder log
INFO: Destroying: tileImprovement:5008
May 16, 2018 12:13:36 AM net.sf.freecol.common.util.LogBuilder log
INFO: Destroying: tileImprovement:4827
May 16, 2018 12:13:36 AM net.sf.freecol.common.util.LogBuilder log
INFO: Destroying: tileImprovement:4828
May 16, 2018 12:13:36 AM net.sf.freecol.common.util.LogBuilder log
INFO: Destroying: tileImprovement:4937
May 16, 2018 12:13:36 AM net.sf.freecol.common.util.LogBuilder log
INFO: Destroying: tileImprovement:4939
May 16, 2018 12:13:36 AM net.sf.freecol.common.util.LogBuilder log
INFO: Destroying: tileImprovement:4941
May 16, 2018 12:13:36 AM net.sf.freecol.common.util.LogBuilder log
INFO: Destroying: tileImprovement:4943
May 16, 2018 12:13:36 AM net.sf.freecol.common.util.LogBuilder log
INFO: Destroying: tileImprovement:4945
May 16, 2018 12:13:36 AM net.sf.freecol.common.util.LogBuilder log
INFO: Destroying: tileImprovement:4947
May 16, 2018 12:13:36 AM net.sf.freecol.common.util.LogBuilder log
INFO: Destroying: tileImprovement:4924
May 16, 2018 12:13:36 AM net.sf.freecol.common.util.LogBuilder log
INFO: Destroying: tileImprovement:4925
May 16, 2018 12:13:36 AM net.sf.freecol.common.util.LogBuilder log
INFO: Destroying: tileImprovement:4926
May 16, 2018 12:13:36 AM net.sf.freecol.common.util.LogBuilder log
INFO: Destroying: tileImprovement:4927
May 16, 2018 12:13:36 AM net.sf.freecol.common.util.LogBuilder log
INFO: Destroying: tileImprovement:4928
May 16, 2018 12:13:36 AM net.sf.freecol.common.util.LogBuilder log
INFO: Destroying: tileImprovement:4929
May 16, 2018 12:13:36 AM net.sf.freecol.common.util.LogBuilder log
INFO: Destroying: tileImprovement:4930
May 16, 2018 12:13:36 AM net.sf.freecol.common.util.LogBuilder log
INFO: Destroying: tileImprovement:4931
May 16, 2018 12:13:36 AM net.sf.freecol.common.util.LogBuilder log
INFO: Destroying: tileImprovement:4932
May 16, 2018 12:13:36 AM net.sf.freecol.common.util.LogBuilder log
INFO: Destroying: tileImprovement:4933
May 16, 2018 12:13:36 AM net.sf.freecol.common.util.LogBuilder log
INFO: Destroying: tileImprovement:4934
May 16, 2018 12:13:36 AM net.sf.freecol.common.util.LogBuilder log
INFO: Destroying: tileImprovement:4935
May 16, 2018 12:13:36 AM net.sf.freecol.common.util.LogBuilder log
INFO: Destroying: tileImprovement:4936
May 16, 2018 12:13:36 AM net.sf.freecol.common.util.LogBuilder log
INFO: Destroying: tileImprovement:4752
May 16, 2018 12:13:36 AM net.sf.freecol.common.util.LogBuilder log
INFO: Destroying: tileImprovement:4754
May 16, 2018 12:13:36 AM net.sf.freecol.common.util.LogBuilder log
INFO: Destroying: tileImprovement:4756
May 16, 2018 12:13:36 AM net.sf.freecol.common.util.LogBuilder log
INFO: Destroying: tileImprovement:5045
May 16, 2018 12:13:36 AM net.sf.freecol.common.util.LogBuilder log
INFO: Destroying: tileImprovement:5047
May 16, 2018 12:13:36 AM net.sf.freecol.common.util.LogBuilder log
INFO: Destroying: tileImprovement:5049
May 16, 2018 12:13:36 AM net.sf.freecol.common.util.LogBuilder log
INFO: Destroying: tileImprovement:4740
May 16, 2018 12:13:36 AM net.sf.freecol.common.util.LogBuilder log
INFO: Destroying: tileImprovement:4742
May 16, 2018 12:13:36 AM net.sf.freecol.common.util.LogBuilder log
INFO: Destroying: tileImprovement:4744
May 16, 2018 12:13:36 AM net.sf.freecol.common.util.LogBuilder log
INFO: Destroying: tileImprovement:5187
May 16, 2018 12:13:36 AM net.sf.freecol.common.util.LogBuilder log
INFO: Destroying: tileImprovement:5188
May 16, 2018 12:13:36 AM net.sf.freecol.common.util.LogBuilder log
INFO: Destroying: tileImprovement:5189
May 16, 2018 12:13:36 AM net.sf.freecol.common.util.LogBuilder log
INFO: Destroying: tileImprovement:5171
May 16, 2018 12:13:36 AM net.sf.freecol.common.util.LogBuilder log
INFO: Destroying: tileImprovement:5173
May 16, 2018 12:13:36 AM net.sf.freecol.common.util.LogBuilder log
INFO: Destroying: tileImprovement:5168
May 16, 2018 12:13:36 AM net.sf.freecol.common.util.LogBuilder log
INFO: Destroying: tileImprovement:5169
May 16, 2018 12:13:36 AM net.sf.freecol.common.util.LogBuilder log
INFO: Destroying: tileImprovement:5170
May 16, 2018 12:13:36 AM net.sf.freecol.common.util.LogBuilder log
INFO: Destroying: tileImprovement:4694
May 16, 2018 12:13:36 AM net.sf.freecol.common.util.LogBuilder log
INFO: Destroying: tileImprovement:4696
May 16, 2018 12:13:36 AM net.sf.freecol.common.util.LogBuilder log
INFO: Destroying: tileImprovement:4698
May 16, 2018 12:13:36 AM net.sf.freecol.common.util.LogBuilder log
INFO: Destroying: tileImprovement:4700
May 16, 2018 12:13:36 AM net.sf.freecol.common.util.LogBuilder log
INFO: Destroying: tileImprovement:4702
May 16, 2018 12:13:36 AM net.sf.freecol.common.util.LogBuilder log
INFO: Destroying: tileImprovement:5041
May 16, 2018 12:13:36 AM net.sf.freecol.common.util.LogBuilder log
INFO: Destroying: tileImprovement:5043
]]></system-err>
</testsuite>
